#
# A fatal error has been detected by the Java Runtime Environment:
#
#  SIGSEGV (0xb) at pc=0x00007fa1842a9a88, pid=7752, tid=140331623597824
#
# JRE version: 6.0_24-b24
# Java VM: OpenJDK 64-Bit Server VM (20.0-b12 mixed mode linux-amd64 compressed oops)
# Derivative: IcedTea6 1.11.4
# Distribution: Ubuntu 12.04 LTS, package 6b24-1.11.4-1ubuntu0.12.04.1
# Problematic frame:
# V  [libjvm.so+0x319a88]  PhaseChaitin::gather_lrg_masks(bool)+0xd8
#
# If you would like to submit a bug report, please include
# instructions how to reproduce the bug and visit:
#   https://bugs.launchpad.net/ubuntu/+source/openjdk-6/
#

---------------  T H R E A D  ---------------

Current thread (0x00007fa17c0e9000):  JavaThread "C2 CompilerThread1" daemon [_thread_in_native, id=7774, stack(0x00007fa180834000,0x00007fa180935000)]

siginfo:si_signo=SIGSEGV: si_errno=0, si_code=2 (SEGV_ACCERR), si_addr=0x00007fa13d9a594c

Registers:
RAX=0x00007fa1399a51d0, RBX=0x00007fa153c82dd8, RCX=0x0000000000000000, RDX=0x00000000010001df
RSP=0x00007fa180930c00, RBP=0x00007fa180930c60, RSI=0x000000000000001a, RDI=0x00007fa153c82dd8
R8 =0x0000000000000013, R9 =0x0000000000030200, R10=0x00007fa139430440, R11=0x00007fa139430440
R12=0x00007fa1809323b0, R13=0x00007fa14455a1a0, R14=0x00007fa1809323b0, R15=0x0000000000000001
RIP=0x00007fa1842a9a88, EFLAGS=0x0000000000010246, CSGSFS=0x0000000000000033, ERR=0x0000000000000004
  TRAPNO=0x000000000000000e

Top of Stack: (sp=0x00007fa180930c00)
0x00007fa180930c00:   00007fa1469a1ad0 00007fa184b2f1b0
0x00007fa180930c10:   ffffffff000001f5 0100000000000013
0x00007fa180930c20:   00007fa14455a1a0 00007fa10000005f
0x00007fa180930c30:   00007fa180930d60 00007fa1809323b0
0x00007fa180930c40:   00007fa1515a04d0 00007fa180930e00
0x00007fa180930c50:   00007fa180930d60 00007fa184b38140
0x00007fa180930c60:   00007fa180930e50 00007fa1842ac5b3
0x00007fa180930c70:   0000000000000000 00007fa1809324d0
0x00007fa180930c80:   0000000100000002 00007fa180930d50
0x00007fa180930c90:   00007fa1515a08b8 00007fa1515a04e0
0x00007fa180930ca0:   00007fa184af3bd0 000000000000000c
0x00007fa180930cb0:   00007fa1809331f0 00007fa1809323b0
0x00007fa180930cc0:   00007fa10000197f 00007fa18451b75c
0x00007fa180930cd0:   00007fa1446f12c0 00007fa180930de0
0x00007fa180930ce0:   00007fa100000004 0000000100000000
0x00007fa180930cf0:   0000000000001000 0000000000020000
0x00007fa180930d00:   00007fa180930de0 00007fa1846ddaa6
0x00007fa180930d10:   00007fa180930d60 00007fa1846ddb27
0x00007fa180930d20:   00007fa180930d60 00007fa1846ddaa6
0x00007fa180930d30:   00007fa180930d60 00007fa1846ddb27
0x00007fa180930d40:   00007fa180930d80 00007fa1841c56ae
0x00007fa180930d50:   0000000000006600 00007fa1457d0920
0x00007fa180930d60:   00007fa100000009 00007fa1809331f0
0x00007fa180930d70:   00007fa1463f58c0 00007fa144a90680
0x00007fa180930d80:   00007fa144f6f4d0 00007fa144f70df0
0x00007fa180930d90:   00007fa1467e7250 00007fa1809324d0
0x00007fa180930da0:   00007fa180932478 00007fa10000081e
0x00007fa180930db0:   00007fa180930e00 0000000000000008
0x00007fa180930dc0:   00007fa10000000b 00007fa1809331f0
0x00007fa180930dd0:   00007fa1468d7330 00007fa180932500
0x00007fa180930de0:   00007fa139430440 00007fa1000008c0
0x00007fa180930df0:   00007fa180930e00 00007fa1515a04e0 

Instructions: (pc=0x00007fa1842a9a88)
0x00007fa1842a9a68:   bf 01 00 00 00 83 e0 03 83 f8 02 0f 84 27 05 00
0x00007fa1842a9a78:   00 8b 53 28 49 8b 84 24 d0 00 00 00 0f b7 4b 2e
0x00007fa1842a9a88:   8b 04 90 49 8b 54 24 78 48 8b 52 20 85 c0 0f 84
0x00007fa1842a9a98:   b4 01 00 00 48 8d 34 80 83 e1 01 48 8d 04 70 48 

Register to memory mapping:

RAX=0x00007fa1399a51d0 is an unknown value
RBX=0x00007fa153c82dd8 is an unknown value
RCX=0x0000000000000000 is an unknown value
RDX=0x00000000010001df is an unknown value
RSP=0x00007fa180930c00 is pointing into the stack for thread: 0x00007fa17c0e9000
RBP=0x00007fa180930c60 is pointing into the stack for thread: 0x00007fa17c0e9000
RSI=0x000000000000001a is an unknown value
RDI=0x00007fa153c82dd8 is an unknown value
R8 =0x0000000000000013 is an unknown value
R9 =0x0000000000030200 is an unknown value
R10=0x00007fa139430440 is an unknown value
R11=0x00007fa139430440 is an unknown value
R12=0x00007fa1809323b0 is pointing into the stack for thread: 0x00007fa17c0e9000
R13=0x00007fa14455a1a0 is an unknown value
R14=0x00007fa1809323b0 is pointing into the stack for thread: 0x00007fa17c0e9000
R15=0x0000000000000001 is an unknown value


Stack: [0x00007fa180834000,0x00007fa180935000],  sp=0x00007fa180930c00,  free space=1011k
Native frames: (J=compiled Java code, j=interpreted, Vv=VM code, C=native code)
V  [libjvm.so+0x319a88]  PhaseChaitin::gather_lrg_masks(bool)+0xd8
V  [libjvm.so+0x31c5b3]  PhaseChaitin::Register_Allocate()+0x233
V  [libjvm.so+0x37a77f]  Compile::Code_Gen() [clone .part.262]+0x2cf
V  [libjvm.so+0x37ca8a]  Compile::Compile(ciEnv*, C2Compiler*, ciMethod*, int, bool, bool)+0xb1a
V  [libjvm.so+0x306250]  C2Compiler::compile_method(ciEnv*, ciMethod*, int)+0xe0
V  [libjvm.so+0x381133]  CompileBroker::invoke_compiler_on_method(CompileTask*)+0x2a3
V  [libjvm.so+0x381a7b]  CompileBroker::compiler_thread_loop()+0x45b
V  [libjvm.so+0x74c0d8]  JavaThread::thread_main_inner()+0x58
V  [libjvm.so+0x64bbf2]  java_start(Thread*)+0x112


Current CompileTask:
C2:  50338 1631      com.springsource.loaded.TypeDescriptorExtractor$ExtractionVisitor.findTypeDescriptor(Lcom/springsource/loaded/TypeRegistry;Ljava/lang/String;)Lcom/springsource/loaded/TypeDescriptor; (51 bytes)


---------------  P R O C E S S  ---------------

Java Threads: ( => current thread )
  0x00007fa0ec1b7000 JavaThread "org.hibernate.cache.StandardQueryCache.data" daemon [_thread_blocked, id=7803, stack(0x00007fa171e7f000,0x00007fa171f80000)]
  0x00007fa0ec1ea000 JavaThread "org.hibernate.cache.UpdateTimestampsCache.data" daemon [_thread_blocked, id=7802, stack(0x00007fa171f80000,0x00007fa172081000)]
  0x00007fa0ec405000 JavaThread "net.sf.ehcache.CacheManager@79a181b4" daemon [_thread_blocked, id=7801, stack(0x00007fa172f95000,0x00007fa173096000)]
  0x00007fa100001800 JavaThread "localhost-startStop-1" daemon [_thread_in_native, id=7800, stack(0x00007fa172081000,0x00007fa172182000)]
  0x00007fa17cba9800 JavaThread "Tomcat-startStop-1" daemon [_thread_blocked, id=7799, stack(0x00007fa172182000,0x00007fa172283000)]
  0x00007fa17caf2800 JavaThread "pool-4-thread-5" [_thread_blocked, id=7798, stack(0x00007fa17248a000,0x00007fa17258b000)]
  0x00007fa17c7cd000 JavaThread "pool-4-thread-4" [_thread_blocked, id=7797, stack(0x00007fa17288e000,0x00007fa17298f000)]
  0x00007fa17caf2000 JavaThread "pool-4-thread-3" [_thread_blocked, id=7796, stack(0x00007fa17258b000,0x00007fa17268c000)]
  0x00007fa17cbdc800 JavaThread "pool-4-thread-2" [_thread_blocked, id=7795, stack(0x00007fa17268c000,0x00007fa17278d000)]
  0x00007fa17cbdb800 JavaThread "pool-4-thread-1" [_thread_blocked, id=7794, stack(0x00007fa17278d000,0x00007fa17288e000)]
  0x00007fa17cb1c800 JavaThread "pool-3-thread-5" [_thread_blocked, id=7792, stack(0x00007fa17298f000,0x00007fa172a90000)]
  0x00007fa17cbd4800 JavaThread "pool-3-thread-4" [_thread_blocked, id=7791, stack(0x00007fa172a90000,0x00007fa172b91000)]
  0x00007fa17cde5800 JavaThread "pool-3-thread-3" [_thread_blocked, id=7790, stack(0x00007fa172b91000,0x00007fa172c92000)]
  0x00007fa17ca85800 JavaThread "pool-3-thread-2" [_thread_blocked, id=7789, stack(0x00007fa172c92000,0x00007fa172d93000)]
  0x00007fa17c2a3800 JavaThread "pool-3-thread-1" [_thread_blocked, id=7788, stack(0x00007fa172d93000,0x00007fa172e94000)]
  0x00007fa17c9d6800 JavaThread "FileSystemWatcher: files=#277 cl=java.net.URLClassLoader@163fc47c" daemon [_thread_blocked, id=7787, stack(0x00007fa172e94000,0x00007fa172f95000)]
  0x00007fa17cdf4800 JavaThread "pool-2-thread-1" [_thread_blocked, id=7785, stack(0x00007fa1736bd000,0x00007fa1737be000)]
  0x00007fa17ce04000 JavaThread "Synchronizer (Spring UAA/1.0.1)" daemon [_thread_blocked, id=7784, stack(0x00007fa1737be000,0x00007fa1738bf000)]
  0x00007fa17c79e000 JavaThread "Timer-0" daemon [_thread_blocked, id=7783, stack(0x00007fa1802c1000,0x00007fa1803c2000)]
  0x00007fa17c0e3800 JavaThread "Low Memory Detector" daemon [_thread_blocked, id=7775, stack(0x00007fa180733000,0x00007fa180834000)]
=>0x00007fa17c0e9000 JavaThread "C2 CompilerThread1" daemon [_thread_in_native, id=7774, stack(0x00007fa180834000,0x00007fa180935000)]
  0x00007fa17c0ea800 JavaThread "C2 CompilerThread0" daemon [_thread_in_native, id=7773, stack(0x00007fa180935000,0x00007fa180a36000)]
  0x00007fa17c08c000 JavaThread "Signal Dispatcher" daemon [_thread_blocked, id=7772, stack(0x00007fa180a94000,0x00007fa180b95000)]
  0x00007fa17c079800 JavaThread "Finalizer" daemon [_thread_blocked, id=7771, stack(0x00007fa181370000,0x00007fa181471000)]
  0x00007fa17c077800 JavaThread "Reference Handler" daemon [_thread_blocked, id=7770, stack(0x00007fa181471000,0x00007fa181572000)]
  0x00007fa17c009800 JavaThread "main" [_thread_blocked, id=7764, stack(0x00007fa18584c000,0x00007fa18594d000)]

Other Threads:
  0x00007fa17c071000 VMThread [stack: 0x00007fa181572000,0x00007fa181673000] [id=7769]
  0x00007fa17c0ed800 WatcherThread [stack: 0x00007fa180632000,0x00007fa180733000] [id=7776]

VM state:not at safepoint (normal execution)

VM Mutex/Monitor currently owned by a thread: None

Heap
 PSYoungGen      total 241728K, used 98882K [0x00000000f0000000, 0x0000000100000000, 0x0000000100000000)
  eden space 222208K, 43% used [0x00000000f0000000,0x00000000f5e54900,0x00000000fd900000)
  from space 19520K, 11% used [0x00000000fd900000,0x00000000fdb3c010,0x00000000fec10000)
  to   space 18880K, 0% used [0x00000000fed90000,0x00000000fed90000,0x0000000100000000)
 PSOldGen        total 524288K, used 159193K [0x00000000d0000000, 0x00000000f0000000, 0x00000000f0000000)
  object space 524288K, 30% used [0x00000000d0000000,0x00000000d9b76420,0x00000000f0000000)
 PSPermGen       total 262144K, used 95207K [0x00000000c0000000, 0x00000000d0000000, 0x00000000d0000000)
  object space 262144K, 36% used [0x00000000c0000000,0x00000000c5cf9e08,0x00000000d0000000)

Code Cache  [0x00007fa179000000, 0x00007fa179700000, 0x00007fa17c000000)
 total_blobs=2181 nmethods=1515 adapters=619 free_code_cache=43087552 largest_free_block=7424

Dynamic libraries:
00400000-00409000 r-xp 00000000 08:02 397963                             /usr/lib/jvm/java-6-openjdk-amd64/jre/bin/java
00608000-00609000 r--p 00008000 08:02 397963                             /usr/lib/jvm/java-6-openjdk-amd64/jre/bin/java
00609000-0060a000 rw-p 00009000 08:02 397963                             /usr/lib/jvm/java-6-openjdk-amd64/jre/bin/java
01267000-01288000 rw-p 00000000 00:00 0                                  [heap]
c0000000-100000000 rw-p 00000000 00:00 0 
7fa0ec000000-7fa0ecf7f000 rw-p 00000000 00:00 0 
7fa0ecf7f000-7fa0f0000000 ---p 00000000 00:00 0 
7fa0f0000000-7fa0f0021000 rw-p 00000000 00:00 0 
7fa0f0021000-7fa0f4000000 ---p 00000000 00:00 0 
7fa0f4000000-7fa0f4021000 rw-p 00000000 00:00 0 
7fa0f4021000-7fa0f8000000 ---p 00000000 00:00 0 
7fa0fc000000-7fa0fc021000 rw-p 00000000 00:00 0 
7fa0fc021000-7fa100000000 ---p 00000000 00:00 0 
7fa100000000-7fa100021000 rw-p 00000000 00:00 0 
7fa100021000-7fa104000000 ---p 00000000 00:00 0 
7fa104000000-7fa104021000 rw-p 00000000 00:00 0 
7fa104021000-7fa108000000 ---p 00000000 00:00 0 
7fa108000000-7fa108021000 rw-p 00000000 00:00 0 
7fa108021000-7fa10c000000 ---p 00000000 00:00 0 
7fa10c000000-7fa10c021000 rw-p 00000000 00:00 0 
7fa10c021000-7fa110000000 ---p 00000000 00:00 0 
7fa110000000-7fa110021000 rw-p 00000000 00:00 0 
7fa110021000-7fa114000000 ---p 00000000 00:00 0 
7fa114000000-7fa114021000 rw-p 00000000 00:00 0 
7fa114021000-7fa118000000 ---p 00000000 00:00 0 
7fa118000000-7fa118021000 rw-p 00000000 00:00 0 
7fa118021000-7fa11c000000 ---p 00000000 00:00 0 
7fa11c000000-7fa11c021000 rw-p 00000000 00:00 0 
7fa11c021000-7fa120000000 ---p 00000000 00:00 0 
7fa120000000-7fa120021000 rw-p 00000000 00:00 0 
7fa120021000-7fa124000000 ---p 00000000 00:00 0 
7fa124000000-7fa124021000 rw-p 00000000 00:00 0 
7fa124021000-7fa128000000 ---p 00000000 00:00 0 
7fa128000000-7fa128021000 rw-p 00000000 00:00 0 
7fa128021000-7fa12c000000 ---p 00000000 00:00 0 
7fa12c000000-7fa12c021000 rw-p 00000000 00:00 0 
7fa12c021000-7fa130000000 ---p 00000000 00:00 0 
7fa130000000-7fa130153000 rw-p 00000000 00:00 0 
7fa130153000-7fa134000000 ---p 00000000 00:00 0 
7fa134000000-7fa134fe5000 rw-p 00000000 00:00 0 
7fa134fe5000-7fa138000000 ---p 00000000 00:00 0 
7fa138000000-7fa139bac000 rw-p 00000000 00:00 0 
7fa139bac000-7fa13c000000 ---p 00000000 00:00 0 
7fa13c000000-7fa13c021000 rw-p 00000000 00:00 0 
7fa13c021000-7fa140000000 ---p 00000000 00:00 0 
7fa140000000-7fa140021000 rw-p 00000000 00:00 0 
7fa140021000-7fa144000000 ---p 00000000 00:00 0 
7fa144000000-7fa147ffa000 rw-p 00000000 00:00 0 
7fa147ffa000-7fa148000000 ---p 00000000 00:00 0 
7fa148000000-7fa148021000 rw-p 00000000 00:00 0 
7fa148021000-7fa14c000000 ---p 00000000 00:00 0 
7fa14c000000-7fa14c021000 rw-p 00000000 00:00 0 
7fa14c021000-7fa150000000 ---p 00000000 00:00 0 
7fa150000000-7fa153ffd000 rw-p 00000000 00:00 0 
7fa153ffd000-7fa154000000 ---p 00000000 00:00 0 
7fa154000000-7fa154021000 rw-p 00000000 00:00 0 
7fa154021000-7fa158000000 ---p 00000000 00:00 0 
7fa158000000-7fa158021000 rw-p 00000000 00:00 0 
7fa158021000-7fa15c000000 ---p 00000000 00:00 0 
7fa15c000000-7fa15c052000 rw-p 00000000 00:00 0 
7fa15c052000-7fa160000000 ---p 00000000 00:00 0 
7fa160000000-7fa160281000 rw-p 00000000 00:00 0 
7fa160281000-7fa164000000 ---p 00000000 00:00 0 
7fa164000000-7fa164030000 rw-p 00000000 00:00 0 
7fa164030000-7fa168000000 ---p 00000000 00:00 0 
7fa16c000000-7fa16c021000 rw-p 00000000 00:00 0 
7fa16c021000-7fa170000000 ---p 00000000 00:00 0 
7fa171d7e000-7fa171d81000 ---p 00000000 00:00 0 
7fa171d81000-7fa171e7f000 rw-p 00000000 00:00 0 
7fa171e7f000-7fa171e82000 ---p 00000000 00:00 0 
7fa171e82000-7fa171f80000 rw-p 00000000 00:00 0 
7fa171f80000-7fa171f83000 ---p 00000000 00:00 0 
7fa171f83000-7fa172081000 rw-p 00000000 00:00 0 
7fa172081000-7fa172084000 ---p 00000000 00:00 0 
7fa172084000-7fa172182000 rw-p 00000000 00:00 0 
7fa172182000-7fa172185000 ---p 00000000 00:00 0 
7fa172185000-7fa172283000 rw-p 00000000 00:00 0 
7fa172283000-7fa172289000 r-xp 00000000 08:02 18747991                   /usr/lib/jvm/java-6-openjdk-amd64/jre/lib/amd64/libmanagement.so
7fa172289000-7fa172488000 ---p 00006000 08:02 18747991                   /usr/lib/jvm/java-6-openjdk-amd64/jre/lib/amd64/libmanagement.so
7fa172488000-7fa172489000 r--p 00005000 08:02 18747991                   /usr/lib/jvm/java-6-openjdk-amd64/jre/lib/amd64/libmanagement.so
7fa172489000-7fa17248a000 rw-p 00006000 08:02 18747991                   /usr/lib/jvm/java-6-openjdk-amd64/jre/lib/amd64/libmanagement.so
7fa17248a000-7fa17248d000 ---p 00000000 00:00 0 
7fa17248d000-7fa17258b000 rw-p 00000000 00:00 0 
7fa17258b000-7fa17258e000 ---p 00000000 00:00 0 
7fa17258e000-7fa17268c000 rw-p 00000000 00:00 0 
7fa17268c000-7fa17268f000 ---p 00000000 00:00 0 
7fa17268f000-7fa17278d000 rw-p 00000000 00:00 0 
7fa17278d000-7fa172790000 ---p 00000000 00:00 0 
7fa172790000-7fa17288e000 rw-p 00000000 00:00 0 
7fa17288e000-7fa172891000 ---p 00000000 00:00 0 
7fa172891000-7fa17298f000 rw-p 00000000 00:00 0 
7fa17298f000-7fa172992000 ---p 00000000 00:00 0 
7fa172992000-7fa172a90000 rw-p 00000000 00:00 0 
7fa172a90000-7fa172a93000 ---p 00000000 00:00 0 
7fa172a93000-7fa172b91000 rw-p 00000000 00:00 0 
7fa172b91000-7fa172b94000 ---p 00000000 00:00 0 
7fa172b94000-7fa172c92000 rw-p 00000000 00:00 0 
7fa172c92000-7fa172c95000 ---p 00000000 00:00 0 
7fa172c95000-7fa172d93000 rw-p 00000000 00:00 0 
7fa172d93000-7fa172d96000 ---p 00000000 00:00 0 
7fa172d96000-7fa172e94000 rw-p 00000000 00:00 0 
7fa172e94000-7fa172e97000 ---p 00000000 00:00 0 
7fa172e97000-7fa172f95000 rw-p 00000000 00:00 0 
7fa172f95000-7fa172f98000 ---p 00000000 00:00 0 
7fa172f98000-7fa173096000 rw-p 00000000 00:00 0 
7fa173096000-7fa1730ae000 r-xp 00000000 08:02 16256582                   /lib/x86_64-linux-gnu/libresolv-2.15.so
7fa1730ae000-7fa1732ae000 ---p 00018000 08:02 16256582                   /lib/x86_64-linux-gnu/libresolv-2.15.so
7fa1732ae000-7fa1732af000 r--p 00018000 08:02 16256582                   /lib/x86_64-linux-gnu/libresolv-2.15.so
7fa1732af000-7fa1732b0000 rw-p 00019000 08:02 16256582                   /lib/x86_64-linux-gnu/libresolv-2.15.so
7fa1732b0000-7fa1732b2000 rw-p 00000000 00:00 0 
7fa1732b2000-7fa1732b9000 r-xp 00000000 08:02 16256547                   /lib/x86_64-linux-gnu/libnss_dns-2.15.so
7fa1732b9000-7fa1734b8000 ---p 00007000 08:02 16256547                   /lib/x86_64-linux-gnu/libnss_dns-2.15.so
7fa1734b8000-7fa1734b9000 r--p 00006000 08:02 16256547                   /lib/x86_64-linux-gnu/libnss_dns-2.15.so
7fa1734b9000-7fa1734ba000 rw-p 00007000 08:02 16256547                   /lib/x86_64-linux-gnu/libnss_dns-2.15.so
7fa1734ba000-7fa1734bc000 r-xp 00000000 08:02 16252982                   /lib/libnss_mdns4_minimal.so.2
7fa1734bc000-7fa1736bb000 ---p 00002000 08:02 16252982                   /lib/libnss_mdns4_minimal.so.2
7fa1736bb000-7fa1736bc000 r--p 00001000 08:02 16252982                   /lib/libnss_mdns4_minimal.so.2
7fa1736bc000-7fa1736bd000 rw-p 00002000 08:02 16252982                   /lib/libnss_mdns4_minimal.so.2
7fa1736bd000-7fa1736c0000 ---p 00000000 00:00 0 
7fa1736c0000-7fa1737be000 rw-p 00000000 00:00 0 
7fa1737be000-7fa1737c1000 ---p 00000000 00:00 0 
7fa1737c1000-7fa1738bf000 rw-p 00000000 00:00 0 
7fa1738bf000-7fa17391c000 r-xp 00000000 08:02 16651114                   /usr/lib/x86_64-linux-gnu/nss/libfreebl3.so
7fa17391c000-7fa173b1b000 ---p 0005d000 08:02 16651114                   /usr/lib/x86_64-linux-gnu/nss/libfreebl3.so
7fa173b1b000-7fa173b1d000 r--p 0005c000 08:02 16651114                   /usr/lib/x86_64-linux-gnu/nss/libfreebl3.so
7fa173b1d000-7fa173b1e000 rw-p 0005e000 08:02 16651114                   /usr/lib/x86_64-linux-gnu/nss/libfreebl3.so
7fa173b1e000-7fa173b22000 rw-p 00000000 00:00 0 
7fa173b22000-7fa173bc0000 r-xp 00000000 08:02 16131587                   /usr/lib/x86_64-linux-gnu/libsqlite3.so.0.8.6
7fa173bc0000-7fa173dc0000 ---p 0009e000 08:02 16131587                   /usr/lib/x86_64-linux-gnu/libsqlite3.so.0.8.6
7fa173dc0000-7fa173dc2000 r--p 0009e000 08:02 16131587                   /usr/lib/x86_64-linux-gnu/libsqlite3.so.0.8.6
7fa173dc2000-7fa173dc4000 rw-p 000a0000 08:02 16131587                   /usr/lib/x86_64-linux-gnu/libsqlite3.so.0.8.6
7fa173dc4000-7fa173dc5000 rw-p 00000000 00:00 0 
7fa173dc5000-7fa173dfe000 r-xp 00000000 08:02 16651117                   /usr/lib/x86_64-linux-gnu/nss/libsoftokn3.so
7fa173dfe000-7fa173ffd000 ---p 00039000 08:02 16651117                   /usr/lib/x86_64-linux-gnu/nss/libsoftokn3.so
7fa173ffd000-7fa173fff000 r--p 00038000 08:02 16651117                   /usr/lib/x86_64-linux-gnu/nss/libsoftokn3.so
7fa173fff000-7fa174000000 rw-p 0003a000 08:02 16651117                   /usr/lib/x86_64-linux-gnu/nss/libsoftokn3.so
7fa174000000-7fa174021000 rw-p 00000000 00:00 0 
7fa174021000-7fa178000000 ---p 00000000 00:00 0 
7fa17809d000-7fa1780d7000 r-xp 00000000 08:02 16127779                   /usr/lib/x86_64-linux-gnu/libnspr4.so
7fa1780d7000-7fa1782d6000 ---p 0003a000 08:02 16127779                   /usr/lib/x86_64-linux-gnu/libnspr4.so
7fa1782d6000-7fa1782d7000 r--p 00039000 08:02 16127779                   /usr/lib/x86_64-linux-gnu/libnspr4.so
7fa1782d7000-7fa1782d9000 rw-p 0003a000 08:02 16127779                   /usr/lib/x86_64-linux-gnu/libnspr4.so
7fa1782d9000-7fa1782db000 rw-p 00000000 00:00 0 
7fa1782db000-7fa1782de000 r-xp 00000000 08:02 16127775                   /usr/lib/x86_64-linux-gnu/libplds4.so
7fa1782de000-7fa1784dd000 ---p 00003000 08:02 16127775                   /usr/lib/x86_64-linux-gnu/libplds4.so
7fa1784dd000-7fa1784de000 r--p 00002000 08:02 16127775                   /usr/lib/x86_64-linux-gnu/libplds4.so
7fa1784de000-7fa1784df000 rw-p 00003000 08:02 16127775                   /usr/lib/x86_64-linux-gnu/libplds4.so
7fa1784df000-7fa1784e3000 r-xp 00000000 08:02 16127777                   /usr/lib/x86_64-linux-gnu/libplc4.so
7fa1784e3000-7fa1786e2000 ---p 00004000 08:02 16127777                   /usr/lib/x86_64-linux-gnu/libplc4.so
7fa1786e2000-7fa1786e3000 r--p 00003000 08:02 16127777                   /usr/lib/x86_64-linux-gnu/libplc4.so
7fa1786e3000-7fa1786e4000 rw-p 00004000 08:02 16127777                   /usr/lib/x86_64-linux-gnu/libplc4.so
7fa1786e4000-7fa178700000 r-xp 00000000 08:02 16123808                   /usr/lib/x86_64-linux-gnu/libnssutil3.so
7fa178700000-7fa178900000 ---p 0001c000 08:02 16123808                   /usr/lib/x86_64-linux-gnu/libnssutil3.so
7fa178900000-7fa178906000 r--p 0001c000 08:02 16123808                   /usr/lib/x86_64-linux-gnu/libnssutil3.so
7fa178906000-7fa178907000 rw-p 00022000 08:02 16123808                   /usr/lib/x86_64-linux-gnu/libnssutil3.so
7fa178907000-7fa178a05000 r-xp 00000000 08:02 16122488                   /usr/lib/x86_64-linux-gnu/libnss3.so
7fa178a05000-7fa178c04000 ---p 000fe000 08:02 16122488                   /usr/lib/x86_64-linux-gnu/libnss3.so
7fa178c04000-7fa178c09000 r--p 000fd000 08:02 16122488                   /usr/lib/x86_64-linux-gnu/libnss3.so
7fa178c09000-7fa178c0b000 rw-p 00102000 08:02 16122488                   /usr/lib/x86_64-linux-gnu/libnss3.so
7fa178c0b000-7fa178c0d000 rw-p 00000000 00:00 0 
7fa178c1f000-7fa178c2d000 r--s 00351000 08:02 18489869                   /usr/lib/jvm/java-6-openjdk-common/jre/lib/charsets.jar
7fa178c2d000-7fa178c3b000 r-xp 00000000 08:02 18747997                   /usr/lib/jvm/java-6-openjdk-amd64/jre/lib/amd64/libj2pkcs11.so
7fa178c3b000-7fa178e3b000 ---p 0000e000 08:02 18747997                   /usr/lib/jvm/java-6-openjdk-amd64/jre/lib/amd64/libj2pkcs11.so
7fa178e3b000-7fa178e3c000 r--p 0000e000 08:02 18747997                   /usr/lib/jvm/java-6-openjdk-amd64/jre/lib/amd64/libj2pkcs11.so
7fa178e3c000-7fa178e3d000 rw-p 0000f000 08:02 18747997                   /usr/lib/jvm/java-6-openjdk-amd64/jre/lib/amd64/libj2pkcs11.so
7fa178e3d000-7fa178e3f000 r--s 00013000 08:02 18489868                   /usr/lib/jvm/java-6-openjdk-common/jre/lib/jce.jar
7fa178e3f000-7fa178e4d000 r--s 00351000 08:02 18489869                   /usr/lib/jvm/java-6-openjdk-common/jre/lib/charsets.jar
7fa178e4d000-7fa178e51000 r--s 0002f000 08:02 4722137                    /home/jam/.grails/ivy-cache/org.grails/grails-test/jars/grails-test-2.1.1.jar
7fa178e51000-7fa178e57000 r--s 0006c000 08:02 4722135                    /home/jam/.grails/ivy-cache/org.grails/grails-plugin-testing/jars/grails-plugin-testing-2.1.1.jar
7fa178e57000-7fa178e58000 r--s 00002000 08:02 5636284                    /home/jam/.grails/ivy-cache/org.hibernate/hibernate-ehcache/jars/hibernate-ehcache-3.6.10.Final.jar
7fa178e58000-7fa178e5d000 r--s 00048000 08:02 5636282                    /home/jam/.grails/ivy-cache/dom4j/dom4j/jars/dom4j-1.6.1.jar
7fa178e5d000-7fa178e62000 r--s 00068000 08:02 5636280                    /home/jam/.grails/ivy-cache/antlr/antlr/jars/antlr-2.7.7.jar
7fa178e62000-7fa178e6b000 r--s 00098000 08:02 5636278                    /home/jam/.grails/ivy-cache/org.javassist/javassist/jars/javassist-3.16.1-GA.jar
7fa178e6b000-7fa178e6e000 r--s 00009000 08:02 5636286                    /home/jam/.grails/ivy-cache/javax.validation/validation-api/jars/validation-api-1.0.0.GA.jar
7fa178e6e000-7fa178e75000 r--s 00040000 08:02 5636276                    /home/jam/.grails/ivy-cache/org.hibernate/hibernate-validator/jars/hibernate-validator-4.1.0.Final.jar
7fa178e75000-7fa178e78000 r--s 0000f000 08:02 5636274                    /home/jam/.grails/ivy-cache/org.hibernate/hibernate-commons-annotations/jars/hibernate-commons-annotations-3.2.0.Final.jar
7fa178e78000-7fa178eaa000 r--s 002c9000 08:02 5636272                    /home/jam/.grails/ivy-cache/org.hibernate/hibernate-core/jars/hibernate-core-3.6.10.Final.jar
7fa178eaa000-7fa178ebb000 r--s 000d2000 08:02 5636617                    /home/jam/.grails/ivy-cache/org.liquibase/liquibase-core/jars/liquibase-core-2.0.5.jar
7fa178ebb000-7fa178ec1000 r--s 0007e000 08:02 5637426                    /home/jam/.grails/ivy-cache/postgresql/postgresql/jars/postgresql-9.0-801.jdbc4.jar
7fa178ec1000-7fa178ec8000 r--s 000bd000 08:02 4722926                    /home/jam/.grails/ivy-cache/mysql/mysql-connector-java/jars/mysql-connector-java-5.1.20.jar
7fa178ec8000-7fa178eca000 r--s 00000000 08:02 4722133                    /home/jam/.grails/ivy-cache/org.slf4j/jul-to-slf4j/jars/jul-to-slf4j-1.6.2.jar
7fa178eca000-7fa178ecc000 r--s 00003000 08:02 4722131                    /home/jam/.grails/ivy-cache/org.slf4j/jcl-over-slf4j/jars/jcl-over-slf4j-1.6.2.jar
7fa178ecc000-7fa178ed5000 r--s 0006d000 08:02 4722129                    /home/jam/.grails/ivy-cache/log4j/log4j/bundles/log4j-1.2.16.jar
7fa178ed5000-7fa178eea000 r--s 000e3000 08:02 4722127                    /home/jam/.grails/ivy-cache/net.sf.ehcache/ehcache-core/jars/ehcache-core-2.4.6.jar
7fa178eea000-7fa178eec000 r--s 00005000 08:02 4722125                    /home/jam/.grails/ivy-cache/xpp3/xpp3_min/jars/xpp3_min-1.1.4c.jar
7fa178eec000-7fa178eee000 r--s 00004000 08:02 4722123                    /home/jam/.grails/ivy-cache/javax.servlet/jstl/jars/jstl-1.1.2.jar
7fa178eee000-7fa178ef8000 r--s 0012c000 08:02 4722121                    /home/jam/.grails/ivy-cache/com.h2database/h2/jars/h2-1.3.164.jar
7fa178ef8000-7fa178efb000 r--s 00016000 08:02 4722119                    /home/jam/.grails/ivy-cache/commons-pool/commons-pool/jars/commons-pool-1.5.6.jar
7fa178efb000-7fa178efe000 r--s 00025000 08:02 4722117                    /home/jam/.grails/ivy-cache/commons-dbcp/commons-dbcp/jars/commons-dbcp-1.4.jar
7fa178efe000-7fa178f00000 r--s 0000e000 08:02 4722115                    /home/jam/.grails/ivy-cache/oro/oro/jars/oro-2.0.8.jar
7fa178f00000-7fa178f02000 r--s 0000d000 08:02 4722113                    /home/jam/.grails/ivy-cache/commons-fileupload/commons-fileupload/jars/commons-fileupload-1.2.2.jar
7fa178f02000-7fa178f03000 r--s 0000a000 08:02 4722111                    /home/jam/.grails/ivy-cache/asm/asm/jars/asm-3.1.jar
7fa178f03000-7fa178f0a000 r--s 0003e000 08:02 4722109                    /home/jam/.grails/ivy-cache/cglib/cglib/jars/cglib-2.2.jar
7fa178f0a000-7fa178f0e000 r--s 00019000 08:02 4722107                    /home/jam/.grails/ivy-cache/org.aspectj/aspectjrt/jars/aspectjrt-1.6.10.jar
7fa178f0e000-7fa178f24000 r--s 00184000 08:02 4722105                    /home/jam/.grails/ivy-cache/org.aspectj/aspectjweaver/jars/aspectjweaver-1.6.10.jar
7fa178f24000-7fa178f2b000 r--s 00056000 08:02 4722103                    /home/jam/.grails/ivy-cache/org.grails/grails-datastore-simple/jars/grails-datastore-simple-1.1.0.RELEASE.jar
7fa178f2b000-7fa178f34000 r--s 00044000 08:02 4722101                    /home/jam/.grails/ivy-cache/org.grails/grails-datastore-core/jars/grails-datastore-core-1.1.0.RELEASE.jar
7fa178f34000-7fa178f39000 r--s 0004c000 08:02 4722099                    /home/jam/.grails/ivy-cache/org.grails/grails-datastore-gorm/jars/grails-datastore-gorm-1.1.0.RELEASE.jar
7fa178f39000-7fa178f44000 r--s 00082000 08:02 4722097                    /home/jam/.grails/ivy-cache/org.springframework/spring-webmvc/jars/spring-webmvc-3.1.2.RELEASE.jar
7fa178f44000-7fa178f50000 r--s 0007a000 08:02 4722095                    /home/jam/.grails/ivy-cache/org.springframework/spring-web/jars/spring-web-3.1.2.RELEASE.jar
7fa178f50000-7fa178f57000 r--s 00035000 08:02 4722093                    /home/jam/.grails/ivy-cache/org.springframework/spring-tx/jars/spring-tx-3.1.2.RELEASE.jar
7fa178f57000-7fa178f60000 r--s 00054000 08:02 4722091                    /home/jam/.grails/ivy-cache/org.springframework/spring-orm/jars/spring-orm-3.1.2.RELEASE.jar
7fa178f60000-7fa178f65000 r--s 0002c000 08:02 4722089                    /home/jam/.grails/ivy-cache/org.springframework/spring-jms/jars/spring-jms-3.1.2.RELEASE.jar
7fa178f65000-7fa178f6f000 r--s 00059000 08:02 4722087                    /home/jam/.grails/ivy-cache/org.springframework/spring-jdbc/jars/spring-jdbc-3.1.2.RELEASE.jar
7fa178f6f000-7fa178f73000 r--s 00027000 08:02 4722085                    /home/jam/.grails/ivy-cache/org.springframework/spring-expression/jars/spring-expression-3.1.2.RELEASE.jar
7fa178f73000-7fa178f76000 r--s 00018000 08:02 4722083                    /home/jam/.grails/ivy-cache/org.springframework/spring-context-support/jars/spring-context-support-3.1.2.RELEASE.jar
7fa178f76000-7fa178f8b000 r--s 000b7000 08:02 4722081                    /home/jam/.grails/ivy-cache/org.springframework/spring-context/jars/spring-context-3.1.2.RELEASE.jar
7fa178f8b000-7fa178f97000 r--s 00085000 08:02 4722079                    /home/jam/.grails/ivy-cache/org.springframework/spring-beans/jars/spring-beans-3.1.2.RELEASE.jar
7fa178f97000-7fa178f98000 r--s 0000c000 08:02 4722077                    /home/jam/.grails/ivy-cache/org.springframework/spring-asm/jars/spring-asm-3.1.2.RELEASE.jar
7fa178f98000-7fa178f9a000 r--s 0000b000 08:02 4722075                    /home/jam/.grails/ivy-cache/org.springframework/spring-aspects/jars/spring-aspects-3.1.2.RELEASE.jar
7fa178f9a000-7fa178fa3000 r--s 00049000 08:02 4722073                    /home/jam/.grails/ivy-cache/org.springframework/spring-aop/jars/spring-aop-3.1.2.RELEASE.jar
7fa178fa3000-7fa178fad000 r--s 00064000 08:02 4722071                    /home/jam/.grails/ivy-cache/org.springframework/spring-core/jars/spring-core-3.1.2.RELEASE.jar
7fa178fad000-7fa178faf000 r--s 00008000 08:02 4722069                    /home/jam/.grails/ivy-cache/org.grails/grails-plugin-validation/jars/grails-plugin-validation-2.1.1.jar
7fa178faf000-7fa178fb2000 r--s 0001c000 08:02 4722067                    /home/jam/.grails/ivy-cache/org.grails/grails-plugin-url-mappings/jars/grails-plugin-url-mappings-2.1.1.jar
7fa178fb2000-7fa178fb4000 r--s 0000f000 08:02 4722065                    /home/jam/.grails/ivy-cache/org.grails/grails-plugin-mimetypes/jars/grails-plugin-mimetypes-2.1.1.jar
7fa178fb4000-7fa178fb6000 r--s 00005000 08:02 4722063                    /home/jam/.grails/ivy-cache/org.grails/grails-plugin-servlets/jars/grails-plugin-servlets-2.1.1.jar
7fa178fb6000-7fa178fb7000 r--s 00008000 08:02 4722061                    /home/jam/.grails/ivy-cache/org.grails/grails-plugin-services/jars/grails-plugin-services-2.1.1.jar
7fa178fb7000-7fa178fb9000 r--s 00006000 08:02 4722059                    /home/jam/.grails/ivy-cache/org.grails/grails-plugin-scaffolding/jars/grails-plugin-scaffolding-2.1.1.jar
7fa178fb9000-7fa178fbb000 r--s 0000e000 08:02 4722057                    /home/jam/.grails/ivy-cache/org.grails/grails-plugin-log4j/jars/grails-plugin-log4j-2.1.1.jar
7fa178fbb000-7fa178fbd000 r--s 00005000 08:02 4722055                    /home/jam/.grails/ivy-cache/org.grails/grails-plugin-i18n/jars/grails-plugin-i18n-2.1.1.jar
7fa178fbd000-7fa178fc4000 r--s 0006d000 08:02 4722053                    /home/jam/.grails/ivy-cache/org.grails/grails-plugin-gsp/jars/grails-plugin-gsp-2.1.1.jar
7fa178fc4000-7fa178fc6000 r--s 0000e000 08:02 4722051                    /home/jam/.grails/ivy-cache/org.grails/grails-plugin-filters/jars/grails-plugin-filters-2.1.1.jar
7fa178fc6000-7fa178fc8000 r--s 00009000 08:02 4722049                    /home/jam/.grails/ivy-cache/org.grails/grails-plugin-datasource/jars/grails-plugin-datasource-2.1.1.jar
7fa178fc8000-7fa178fcc000 r--s 00024000 08:02 4722047                    /home/jam/.grails/ivy-cache/org.grails/grails-plugin-converters/jars/grails-plugin-converters-2.1.1.jar
7fa178fcc000-7fa178fcf000 r--s 00019000 08:02 4722045                    /home/jam/.grails/ivy-cache/org.grails/grails-plugin-domain-class/jars/grails-plugin-domain-class-2.1.1.jar
7fa178fcf000-7fa178fd3000 r--s 00028000 08:02 4722043                    /home/jam/.grails/ivy-cache/org.grails/grails-plugin-controllers/jars/grails-plugin-controllers-2.1.1.jar
7fa178fd3000-7fa178fd5000 r--s 00015000 08:02 4722041                    /home/jam/.grails/ivy-cache/org.grails/grails-plugin-codecs/jars/grails-plugin-codecs-2.1.1.jar
7fa178fd5000-7fa178fdf000 r--s 0008a000 08:02 4722035                    /home/jam/.grails/ivy-cache/org.grails/grails-hibernate/jars/grails-hibernate-2.1.1.jar
7fa178fdf000-7fa178fe5000 r--s 00027000 08:02 4722031                    /home/jam/.grails/ivy-cache/opensymphony/sitemesh/jars/sitemesh-2.4.jar
7fa178fe5000-7fa178fea000 r--s 00015000 08:02 4722029                    /home/jam/.grails/ivy-cache/org.hibernate.javax.persistence/hibernate-jpa-2.0-api/jars/hibernate-jpa-2.0-api-1.0.1.Final.jar
7fa178fea000-7fa178fef000 r--s 00041000 08:02 4722025                    /home/jam/.grails/ivy-cache/commons-lang/commons-lang/jars/commons-lang-2.6.jar
7fa178fef000-7fa178ff2000 r--s 00025000 08:02 4722023                    /home/jam/.grails/ivy-cache/commons-io/commons-io/jars/commons-io-2.1.jar
7fa178ff2000-7fa179000000 r--s 0007f000 08:02 4722021                    /home/jam/.grails/ivy-cache/commons-collections/commons-collections/jars/commons-collections-3.2.1.jar
7fa179000000-7fa179700000 rwxp 00000000 00:00 0 
7fa179700000-7fa17ce8b000 rw-p 00000000 00:00 0 
7fa17ce8b000-7fa180000000 ---p 00000000 00:00 0 
7fa180000000-7fa180002000 r--s 00009000 08:02 4722037                    /home/jam/.grails/ivy-cache/org.grails/grails-spring/jars/grails-spring-2.1.1.jar
7fa180002000-7fa180004000 r--s 00009000 08:02 4722033                    /home/jam/.grails/ivy-cache/org.grails/grails-crud/jars/grails-crud-2.1.1.jar
7fa180004000-7fa180006000 r--s 00010000 08:02 4722019                    /home/jam/.grails/ivy-cache/commons-codec/commons-codec/jars/commons-codec-1.5.jar
7fa180006000-7fa180008000 r--s 00000000 08:02 4722017                    /home/jam/.grails/ivy-cache/aopalliance/aopalliance/jars/aopalliance-1.0.jar
7fa180008000-7fa18000b000 r--s 0001f000 08:02 4722015                    /home/jam/.grails/ivy-cache/commons-validator/commons-validator/jars/commons-validator-1.3.1.jar
7fa18000b000-7fa180010000 r--s 00034000 08:02 4722011                    /home/jam/.grails/ivy-cache/commons-beanutils/commons-beanutils/jars/commons-beanutils-1.8.3.jar
7fa180010000-7fa18006e000 r--s 00592000 08:02 4722009                    /home/jam/.grails/ivy-cache/org.codehaus.groovy/groovy-all/jars/groovy-all-1.8.8.jar
7fa18006e000-7fa18007e000 r--s 0019c000 08:02 5508469                    /home/jam/.grails/ivy-cache/org.eclipse.jdt.core.compiler/ecj/jars/ecj-3.7.2.jar
7fa18007e000-7fa180089000 r--s 000b6000 08:02 4721759                    /home/jam/.grails/ivy-cache/org.apache.tomcat.embed/tomcat-embed-jasper/jars/tomcat-embed-jasper-7.0.30.jar
7fa180089000-7fa1800ab000 r--s 00254000 08:02 4721757                    /home/jam/.grails/ivy-cache/org.apache.tomcat.embed/tomcat-embed-core/jars/tomcat-embed-core-7.0.30.jar
7fa1800ab000-7fa1800c0000 r-xp 00000000 08:02 18747986                   /usr/lib/jvm/java-6-openjdk-amd64/jre/lib/amd64/libnet.so
7fa1800c0000-7fa1802bf000 ---p 00015000 08:02 18747986                   /usr/lib/jvm/java-6-openjdk-amd64/jre/lib/amd64/libnet.so
7fa1802bf000-7fa1802c0000 r--p 00014000 08:02 18747986                   /usr/lib/jvm/java-6-openjdk-amd64/jre/lib/amd64/libnet.so
7fa1802c0000-7fa1802c1000 rw-p 00015000 08:02 18747986                   /usr/lib/jvm/java-6-openjdk-amd64/jre/lib/amd64/libnet.so
7fa1802c1000-7fa1802c4000 ---p 00000000 00:00 0 
7fa1802c4000-7fa1803c2000 rw-p 00000000 00:00 0 
7fa1803c2000-7fa1803c3000 r--s 00000000 08:02 4722039                    /home/jam/.grails/ivy-cache/org.grails/grails-logging/jars/grails-logging-2.1.1.jar
7fa1803c3000-7fa1803c6000 r--s 00019000 08:02 4722013                    /home/jam/.grails/ivy-cache/commons-el/commons-el/jars/commons-el-1.0.jar
7fa1803c6000-7fa1803c8000 r--s 0000d000 08:02 5508471                    /home/jam/.grails/ivy-cache/org.grails/grails-plugin-tomcat/jars/grails-plugin-tomcat-2.1.1.jar
7fa1803c8000-7fa1803ca000 r--s 00008000 08:02 5508467                    /home/jam/.grails/ivy-cache/org.apache.tomcat.embed/tomcat-embed-logging-juli/jars/tomcat-embed-logging-juli-7.0.30.jar
7fa1803ca000-7fa1803cc000 r--s 00013000 08:02 4721761                    /home/jam/.grails/ivy-cache/org.apache.tomcat.embed/tomcat-embed-logging-log4j/jars/tomcat-embed-logging-log4j-7.0.30.jar
7fa1803cc000-7fa1803ce000 r--s 0000c000 08:02 5508465                    /home/jam/.grails/ivy-cache/org.apache.tomcat/tomcat-catalina-ant/jars/tomcat-catalina-ant-7.0.30.jar
7fa1803ce000-7fa1803cf000 r--s 00001000 08:02 4721467                    /home/jam/.grails/ivy-cache/org.apache.ant/ant-trax/jars/ant-trax-1.7.1.jar
7fa1803cf000-7fa1803d1000 r--s 00017000 08:02 4721465                    /home/jam/.grails/ivy-cache/org.apache.ant/ant-junit/jars/ant-junit-1.8.2.jar
7fa1803d1000-7fa1803d3000 r--s 00002000 08:02 4721463                    /home/jam/.grails/ivy-cache/org.apache.ant/ant-launcher/jars/ant-launcher-1.8.2.jar
7fa1803d3000-7fa1803f1000 r--s 001bb000 08:02 4721461                    /home/jam/.grails/ivy-cache/org.apache.ant/ant/jars/ant-1.8.2.jar
7fa1803f1000-7fa1803f8000 r--s 00037000 08:02 4721459                    /home/jam/.grails/ivy-cache/junit/junit/jars/junit-4.10.jar
7fa1803f8000-7fa1803fb000 r--s 0000b000 08:02 4721456                    /home/jam/.grails/ivy-cache/com.googlecode.concurrentlinkedhashmap/concurrentlinkedhashmap-lru/jars/concurrentlinkedhashmap-lru-1.2_jdk5.jar
7fa1803fb000-7fa180401000 r--s 00033000 08:02 4721454                    /home/jam/.grails/ivy-cache/org.springframework/spring-test/jars/spring-test-3.1.2.RELEASE.jar
7fa180401000-7fa180403000 r--s 00005000 08:02 4721452                    /home/jam/.grails/ivy-cache/org.slf4j/slf4j-api/jars/slf4j-api-1.6.2.jar
7fa180403000-7fa180410000 r--s 000b7000 08:02 4721450                    /home/jam/.grails/ivy-cache/org.grails/grails-web/jars/grails-web-2.1.1.jar
7fa180410000-7fa180413000 r--s 00026000 08:02 4721448                    /home/jam/.grails/ivy-cache/org.grails/grails-resources/jars/grails-resources-2.1.1.jar
7fa180413000-7fa180421000 r--s 000b5000 08:02 4721446                    /home/jam/.grails/ivy-cache/org.grails/grails-core/jars/grails-core-2.1.1.jar
7fa180421000-7fa18042c000 r--s 000fe000 08:02 4721444                    /home/jam/.grails/ivy-cache/org.grails/grails-scripts/jars/grails-scripts-2.1.1.jar
7fa18042c000-7fa180435000 r--s 000a8000 08:02 4721442                    /home/jam/.grails/ivy-cache/org.grails/grails-bootstrap/jars/grails-bootstrap-2.1.1.jar
7fa180435000-7fa180438000 r--s 00044000 08:02 4721440                    /home/jam/.grails/ivy-cache/org.grails/grails-docs/jars/grails-docs-2.1.1.jar
7fa180438000-7fa18043b000 r--s 00041000 08:02 4721438                    /home/jam/.grails/ivy-cache/xalan/serializer/jars/serializer-2.7.1.jar
7fa18043b000-7fa18043e000 r--s 000cf000 08:02 4721436                    /home/jam/.grails/ivy-cache/net.java.dev.jna/jna/jars/jna-3.2.3.jar
7fa18043e000-7fa180440000 r--s 00008000 08:02 4721434                    /home/jam/.grails/ivy-cache/org.fusesource.jansi/jansi/jars/jansi-1.2.1.jar
7fa180440000-7fa18044f000 r--s 000d9000 08:02 4721424                    /home/jam/.grails/ivy-cache/org.apache.ivy/ivy/jars/ivy-2.2.0.jar
7fa18044f000-7fa180451000 r--s 00015000 08:02 4721422                    /home/jam/.grails/ivy-cache/jline/jline/jars/jline-1.0.jar
7fa180451000-7fa180476000 r--s 00172000 08:02 4721397                    /home/jam/.grails/ivy-cache/org.bouncycastle/bcprov-jdk15/jars/bcprov-jdk15-1.45.jar
7fa180476000-7fa18047b000 r--s 00024000 08:02 4721394                    /home/jam/.grails/ivy-cache/org.bouncycastle/bcpg-jdk15/jars/bcpg-jdk15-1.45.jar
7fa18047b000-7fa18047c000 r--s 00003000 08:02 4721392                    /home/jam/.grails/ivy-cache/com.googlecode.json-simple/json-simple/jars/json-simple-1.1.jar
7fa18047c000-7fa180482000 r--s 00068000 08:02 4721389                    /home/jam/.grails/ivy-cache/com.google.protobuf/protobuf-java/jars/protobuf-java-2.4.1.jar
7fa180482000-7fa180485000 r--s 0001a000 08:02 4721386                    /home/jam/.grails/ivy-cache/org.springframework.uaa/org.springframework.uaa.client/bundles/org.springframework.uaa.client-1.0.1.RELEASE.jar
7fa180485000-7fa18049a000 r-xp 00000000 08:02 8650795                    /tmp/jna8556543295646862101.tmp
7fa18049a000-7fa180599000 ---p 00015000 08:02 8650795                    /tmp/jna8556543295646862101.tmp
7fa180599000-7fa18059b000 rw-p 00014000 08:02 8650795                    /tmp/jna8556543295646862101.tmp
7fa18059b000-7fa1805fb000 r--s 00d92000 08:02 18877160                   /usr/lib/jvm/java-6-openjdk-amd64/lib/tools.jar
7fa1805fb000-7fa180600000 r--s 00050000 08:02 4587551                    /home/jam/Applications/grails-2.1.1/lib/org.codehaus.gant/gant_groovy1.8/jars/gant_groovy1.8-1.9.6.jar
7fa180600000-7fa18061e000 r--s 001bb000 08:02 15997849                   /home/jam/Applications/grails-2.1.1/lib/org.apache.ant/ant/jars/ant-1.8.2.jar
7fa18061e000-7fa18062d000 r--s 000d9000 08:02 3933556                    /home/jam/Applications/grails-2.1.1/lib/org.apache.ivy/ivy/jars/ivy-2.2.0.jar
7fa18062d000-7fa18062f000 r--s 00009000 08:02 15730918                   /home/jam/Applications/grails-2.1.1/lib/commons-cli/commons-cli/jars/commons-cli-1.2.jar
7fa18062f000-7fa180632000 r--s 000cf000 08:02 15997829                   /home/jam/Applications/grails-2.1.1/lib/net.java.dev.jna/jna/jars/jna-3.2.3.jar
7fa180632000-7fa180633000 ---p 00000000 00:00 0 
7fa180633000-7fa180733000 rw-p 00000000 00:00 0 
7fa180733000-7fa180736000 ---p 00000000 00:00 0 
7fa180736000-7fa180834000 rw-p 00000000 00:00 0 
7fa180834000-7fa180837000 ---p 00000000 00:00 0 
7fa180837000-7fa180935000 rw-p 00000000 00:00 0 
7fa180935000-7fa180938000 ---p 00000000 00:00 0 
7fa180938000-7fa180a36000 rw-p 00000000 00:00 0 
7fa180a36000-7fa180a94000 r--s 00592000 08:02 4587821                    /home/jam/Applications/grails-2.1.1/lib/org.codehaus.groovy/groovy-all/jars/groovy-all-1.8.8.jar
7fa180a94000-7fa180a97000 ---p 00000000 00:00 0 
7fa180a97000-7fa180b95000 rw-p 00000000 00:00 0 
7fa180b95000-7fa181370000 r--p 00000000 08:02 16128286                   /usr/lib/locale/locale-archive
7fa181370000-7fa181373000 ---p 00000000 00:00 0 
7fa181373000-7fa181471000 rw-p 00000000 00:00 0 
7fa181471000-7fa181474000 ---p 00000000 00:00 0 
7fa181474000-7fa181572000 rw-p 00000000 00:00 0 
7fa181572000-7fa181573000 ---p 00000000 00:00 0 
7fa181573000-7fa181bab000 rw-p 00000000 00:00 0 
7fa181bab000-7fa181d3d000 r--s 037bf000 08:02 18616443                   /usr/lib/jvm/java-6-openjdk-amd64/jre/lib/rt.jar
7fa181d3d000-7fa181d65000 rw-p 00000000 00:00 0 
7fa181d65000-7fa181d66000 ---p 00000000 00:00 0 
7fa181d66000-7fa181e66000 rw-p 00000000 00:00 0 
7fa181e66000-7fa181e67000 ---p 00000000 00:00 0 
7fa181e67000-7fa181f67000 rw-p 00000000 00:00 0 
7fa181f67000-7fa181f68000 ---p 00000000 00:00 0 
7fa181f68000-7fa182068000 rw-p 00000000 00:00 0 
7fa182068000-7fa182069000 ---p 00000000 00:00 0 
7fa182069000-7fa182369000 rw-p 00000000 00:00 0 
7fa182369000-7fa1824ea000 rw-p 00000000 00:00 0 
7fa1824ea000-7fa1824f1000 r-xp 00000000 08:02 18748006                   /usr/lib/jvm/java-6-openjdk-amd64/jre/lib/amd64/libzip.so
7fa1824f1000-7fa1826f0000 ---p 00007000 08:02 18748006                   /usr/lib/jvm/java-6-openjdk-amd64/jre/lib/amd64/libzip.so
7fa1826f0000-7fa1826f1000 r--p 00006000 08:02 18748006                   /usr/lib/jvm/java-6-openjdk-amd64/jre/lib/amd64/libzip.so
7fa1826f1000-7fa1826f2000 rw-p 00007000 08:02 18748006                   /usr/lib/jvm/java-6-openjdk-amd64/jre/lib/amd64/libzip.so
7fa1826f2000-7fa1826fe000 r-xp 00000000 08:02 16256549                   /lib/x86_64-linux-gnu/libnss_files-2.15.so
7fa1826fe000-7fa1828fd000 ---p 0000c000 08:02 16256549                   /lib/x86_64-linux-gnu/libnss_files-2.15.so
7fa1828fd000-7fa1828fe000 r--p 0000b000 08:02 16256549                   /lib/x86_64-linux-gnu/libnss_files-2.15.so
7fa1828fe000-7fa1828ff000 rw-p 0000c000 08:02 16256549                   /lib/x86_64-linux-gnu/libnss_files-2.15.so
7fa1828ff000-7fa182909000 r-xp 00000000 08:02 16256553                   /lib/x86_64-linux-gnu/libnss_nis-2.15.so
7fa182909000-7fa182b09000 ---p 0000a000 08:02 16256553                   /lib/x86_64-linux-gnu/libnss_nis-2.15.so
7fa182b09000-7fa182b0a000 r--p 0000a000 08:02 16256553                   /lib/x86_64-linux-gnu/libnss_nis-2.15.so
7fa182b0a000-7fa182b0b000 rw-p 0000b000 08:02 16256553                   /lib/x86_64-linux-gnu/libnss_nis-2.15.so
7fa182b0b000-7fa182b22000 r-xp 00000000 08:02 16256543                   /lib/x86_64-linux-gnu/libnsl-2.15.so
7fa182b22000-7fa182d21000 ---p 00017000 08:02 16256543                   /lib/x86_64-linux-gnu/libnsl-2.15.so
7fa182d21000-7fa182d22000 r--p 00016000 08:02 16256543                   /lib/x86_64-linux-gnu/libnsl-2.15.so
7fa182d22000-7fa182d23000 rw-p 00017000 08:02 16256543                   /lib/x86_64-linux-gnu/libnsl-2.15.so
7fa182d23000-7fa182d25000 rw-p 00000000 00:00 0 
7fa182d25000-7fa182d2d000 r-xp 00000000 08:02 16256545                   /lib/x86_64-linux-gnu/libnss_compat-2.15.so
7fa182d2d000-7fa182f2c000 ---p 00008000 08:02 16256545                   /lib/x86_64-linux-gnu/libnss_compat-2.15.so
7fa182f2c000-7fa182f2d000 r--p 00007000 08:02 16256545                   /lib/x86_64-linux-gnu/libnss_compat-2.15.so
7fa182f2d000-7fa182f2e000 rw-p 00008000 08:02 16256545                   /lib/x86_64-linux-gnu/libnss_compat-2.15.so
7fa182f2e000-7fa182f37000 r-xp 00000000 08:02 18747976                   /usr/lib/jvm/java-6-openjdk-amd64/jre/lib/amd64/libinstrument.so
7fa182f37000-7fa183137000 ---p 00009000 08:02 18747976                   /usr/lib/jvm/java-6-openjdk-amd64/jre/lib/amd64/libinstrument.so
7fa183137000-7fa183138000 r--p 00009000 08:02 18747976                   /usr/lib/jvm/java-6-openjdk-amd64/jre/lib/amd64/libinstrument.so
7fa183138000-7fa183139000 rw-p 0000a000 08:02 18747976                   /usr/lib/jvm/java-6-openjdk-amd64/jre/lib/amd64/libinstrument.so
7fa183139000-7fa183165000 r-xp 00000000 08:02 18747994                   /usr/lib/jvm/java-6-openjdk-amd64/jre/lib/amd64/libjava.so
7fa183165000-7fa183364000 ---p 0002c000 08:02 18747994                   /usr/lib/jvm/java-6-openjdk-amd64/jre/lib/amd64/libjava.so
7fa183364000-7fa183365000 r--p 0002b000 08:02 18747994                   /usr/lib/jvm/java-6-openjdk-amd64/jre/lib/amd64/libjava.so
7fa183365000-7fa183368000 rw-p 0002c000 08:02 18747994                   /usr/lib/jvm/java-6-openjdk-amd64/jre/lib/amd64/libjava.so
7fa183368000-7fa183376000 r-xp 00000000 08:02 18747993                   /usr/lib/jvm/java-6-openjdk-amd64/jre/lib/amd64/libverify.so
7fa183376000-7fa183575000 ---p 0000e000 08:02 18747993                   /usr/lib/jvm/java-6-openjdk-amd64/jre/lib/amd64/libverify.so
7fa183575000-7fa183577000 r--p 0000d000 08:02 18747993                   /usr/lib/jvm/java-6-openjdk-amd64/jre/lib/amd64/libverify.so
7fa183577000-7fa183578000 rw-p 0000f000 08:02 18747993                   /usr/lib/jvm/java-6-openjdk-amd64/jre/lib/amd64/libverify.so
7fa183578000-7fa18357f000 r-xp 00000000 08:02 16256584                   /lib/x86_64-linux-gnu/librt-2.15.so
7fa18357f000-7fa18377e000 ---p 00007000 08:02 16256584                   /lib/x86_64-linux-gnu/librt-2.15.so
7fa18377e000-7fa18377f000 r--p 00006000 08:02 16256584                   /lib/x86_64-linux-gnu/librt-2.15.so
7fa18377f000-7fa183780000 rw-p 00007000 08:02 16256584                   /lib/x86_64-linux-gnu/librt-2.15.so
7fa183780000-7fa183795000 r-xp 00000000 08:02 16256519                   /lib/x86_64-linux-gnu/libgcc_s.so.1
7fa183795000-7fa183994000 ---p 00015000 08:02 16256519                   /lib/x86_64-linux-gnu/libgcc_s.so.1
7fa183994000-7fa183995000 r--p 00014000 08:02 16256519                   /lib/x86_64-linux-gnu/libgcc_s.so.1
7fa183995000-7fa183996000 rw-p 00015000 08:02 16256519                   /lib/x86_64-linux-gnu/libgcc_s.so.1
7fa183996000-7fa183a8f000 r-xp 00000000 08:02 16256530                   /lib/x86_64-linux-gnu/libm-2.15.so
7fa183a8f000-7fa183c8e000 ---p 000f9000 08:02 16256530                   /lib/x86_64-linux-gnu/libm-2.15.so
7fa183c8e000-7fa183c8f000 r--p 000f8000 08:02 16256530                   /lib/x86_64-linux-gnu/libm-2.15.so
7fa183c8f000-7fa183c90000 rw-p 000f9000 08:02 16256530                   /lib/x86_64-linux-gnu/libm-2.15.so
7fa183c90000-7fa183d72000 r-xp 00000000 08:02 16129397                   /usr/lib/x86_64-linux-gnu/libstdc++.so.6.0.16
7fa183d72000-7fa183f71000 ---p 000e2000 08:02 16129397                   /usr/lib/x86_64-linux-gnu/libstdc++.so.6.0.16
7fa183f71000-7fa183f79000 r--p 000e1000 08:02 16129397                   /usr/lib/x86_64-linux-gnu/libstdc++.so.6.0.16
7fa183f79000-7fa183f7b000 rw-p 000e9000 08:02 16129397                   /usr/lib/x86_64-linux-gnu/libstdc++.so.6.0.16
7fa183f7b000-7fa183f90000 rw-p 00000000 00:00 0 
7fa183f90000-7fa184894000 r-xp 00000000 08:02 18877146                   /usr/lib/jvm/java-6-openjdk-amd64/jre/lib/amd64/server/libjvm.so
7fa184894000-7fa184a94000 ---p 00904000 08:02 18877146                   /usr/lib/jvm/java-6-openjdk-amd64/jre/lib/amd64/server/libjvm.so
7fa184a94000-7fa184b14000 r--p 00904000 08:02 18877146                   /usr/lib/jvm/java-6-openjdk-amd64/jre/lib/amd64/server/libjvm.so
7fa184b14000-7fa184b2f000 rw-p 00984000 08:02 18877146                   /usr/lib/jvm/java-6-openjdk-amd64/jre/lib/amd64/server/libjvm.so
7fa184b2f000-7fa184b58000 rw-p 00000000 00:00 0 
7fa184b58000-7fa184b6e000 r-xp 00000000 08:02 16256609                   /lib/x86_64-linux-gnu/libz.so.1.2.3.4
7fa184b6e000-7fa184d6d000 ---p 00016000 08:02 16256609                   /lib/x86_64-linux-gnu/libz.so.1.2.3.4
7fa184d6d000-7fa184d6e000 r--p 00015000 08:02 16256609                   /lib/x86_64-linux-gnu/libz.so.1.2.3.4
7fa184d6e000-7fa184d6f000 rw-p 00016000 08:02 16256609                   /lib/x86_64-linux-gnu/libz.so.1.2.3.4
7fa184d6f000-7fa184f22000 r-xp 00000000 08:02 16256498                   /lib/x86_64-linux-gnu/libc-2.15.so
7fa184f22000-7fa185121000 ---p 001b3000 08:02 16256498                   /lib/x86_64-linux-gnu/libc-2.15.so
7fa185121000-7fa185125000 r--p 001b2000 08:02 16256498                   /lib/x86_64-linux-gnu/libc-2.15.so
7fa185125000-7fa185127000 rw-p 001b6000 08:02 16256498                   /lib/x86_64-linux-gnu/libc-2.15.so
7fa185127000-7fa18512c000 rw-p 00000000 00:00 0 
7fa18512c000-7fa18512e000 r-xp 00000000 08:02 16256511                   /lib/x86_64-linux-gnu/libdl-2.15.so
7fa18512e000-7fa18532e000 ---p 00002000 08:02 16256511                   /lib/x86_64-linux-gnu/libdl-2.15.so
7fa18532e000-7fa18532f000 r--p 00002000 08:02 16256511                   /lib/x86_64-linux-gnu/libdl-2.15.so
7fa18532f000-7fa185330000 rw-p 00003000 08:02 16256511                   /lib/x86_64-linux-gnu/libdl-2.15.so
7fa185330000-7fa185334000 r-xp 00000000 08:02 18747978                   /usr/lib/jvm/java-6-openjdk-amd64/jre/lib/amd64/jli/libjli.so
7fa185334000-7fa185533000 ---p 00004000 08:02 18747978                   /usr/lib/jvm/java-6-openjdk-amd64/jre/lib/amd64/jli/libjli.so
7fa185533000-7fa185534000 r--p 00003000 08:02 18747978                   /usr/lib/jvm/java-6-openjdk-amd64/jre/lib/amd64/jli/libjli.so
7fa185534000-7fa185535000 rw-p 00004000 08:02 18747978                   /usr/lib/jvm/java-6-openjdk-amd64/jre/lib/amd64/jli/libjli.so
7fa185535000-7fa18554d000 r-xp 00000000 08:02 16256578                   /lib/x86_64-linux-gnu/libpthread-2.15.so
7fa18554d000-7fa18574c000 ---p 00018000 08:02 16256578                   /lib/x86_64-linux-gnu/libpthread-2.15.so
7fa18574c000-7fa18574d000 r--p 00017000 08:02 16256578                   /lib/x86_64-linux-gnu/libpthread-2.15.so
7fa18574d000-7fa18574e000 rw-p 00018000 08:02 16256578                   /lib/x86_64-linux-gnu/libpthread-2.15.so
7fa18574e000-7fa185752000 rw-p 00000000 00:00 0 
7fa185752000-7fa185774000 r-xp 00000000 08:02 16256478                   /lib/x86_64-linux-gnu/ld-2.15.so
7fa185774000-7fa185775000 r--s 00003000 08:02 4722027                    /home/jam/.grails/ivy-cache/javax.transaction/jta/jars/jta-1.1.jar
7fa185775000-7fa18577c000 r--s 000fb000 08:02 18489889                   /usr/lib/jvm/java-6-openjdk-common/jre/lib/resources.jar
7fa18577c000-7fa185783000 r--s 00067000 08:02 15730908                   /home/jam/Applications/grails-2.1.1/lib/com.springsource.springloaded/springloaded-core/jars/springloaded-core-1.0.6.jar
7fa185783000-7fa18578c000 r--s 000a8000 08:02 15731003                   /home/jam/Applications/grails-2.1.1/dist/grails-bootstrap-2.1.1.jar
7fa18578c000-7fa1857a8000 rw-p 00000000 00:00 0 
7fa1857a8000-7fa18584c000 rw-p 00000000 00:00 0 
7fa18584c000-7fa18584f000 ---p 00000000 00:00 0 
7fa18584f000-7fa185952000 rw-p 00000000 00:00 0 
7fa185952000-7fa185954000 r--s 00008000 08:02 4587896                    /home/jam/Applications/grails-2.1.1/lib/org.fusesource.jansi/jansi/jars/jansi-1.2.1.jar
7fa185954000-7fa185956000 r--s 00015000 08:02 15862296                   /home/jam/Applications/grails-2.1.1/lib/jline/jline/jars/jline-1.0.jar
7fa185956000-7fa185959000 r--s 0007d000 08:02 18489867                   /usr/lib/jvm/java-6-openjdk-common/jre/lib/jsse.jar
7fa185959000-7fa18595d000 r--s 00038000 08:02 18489882                   /usr/lib/jvm/java-6-openjdk-common/jre/lib/ext/sunpkcs11.jar
7fa18595d000-7fa185960000 r--s 00031000 08:02 18489884                   /usr/lib/jvm/java-6-openjdk-common/jre/lib/ext/sunjce_provider.jar
7fa185960000-7fa185961000 r--s 00007000 08:02 16651090                   /usr/share/java/java-atk-wrapper.jar
7fa185961000-7fa185964000 r--s 00077000 08:02 18489883                   /usr/lib/jvm/java-6-openjdk-common/jre/lib/ext/localedata.jar
7fa185964000-7fa185966000 r--s 00001000 08:02 18489885                   /usr/lib/jvm/java-6-openjdk-common/jre/lib/ext/dnsns.jar
7fa185966000-7fa185968000 r--s 0000f000 08:02 18489886                   /usr/lib/jvm/java-6-openjdk-common/jre/lib/ext/pulse-java.jar
7fa185968000-7fa185970000 rw-s 00000000 08:02 8650793                    /tmp/hsperfdata_jam/7752
7fa185970000-7fa185971000 rw-p 00000000 00:00 0 
7fa185971000-7fa185972000 r--p 00000000 00:00 0 
7fa185972000-7fa185974000 rw-p 00000000 00:00 0 
7fa185974000-7fa185975000 r--p 00022000 08:02 16256478                   /lib/x86_64-linux-gnu/ld-2.15.so
7fa185975000-7fa185977000 rw-p 00023000 08:02 16256478                   /lib/x86_64-linux-gnu/ld-2.15.so
7fff17d71000-7fff17d92000 rw-p 00000000 00:00 0                          [stack]
7fff17dff000-7fff17e00000 r-xp 00000000 00:00 0                          [vdso]
ffffffffff600000-ffffffffff601000 r-xp 00000000 00:00 0                  [vsyscall]

VM Arguments:
jvm_args: -Xmx768M -Xms768M -XX:PermSize=256m -XX:MaxPermSize=256m -Dfile.encoding=UTF-8 -Dserver.port=8080 -Djline.WindowsTerminal.directConsole=false -javaagent:/home/jam/Applications/grails-2.1.1/lib/com.springsource.springloaded/springloaded-core/jars/springloaded-core-1.0.6.jar -Xverify:none -Dspringloaded=profile=grails;cacheDir=/home/jam/.grails/2.1.1/ -Dgrails.home=/home/jam/Applications/grails-2.1.1 -Dtools.jar=/usr/lib/jvm/default-java/lib/tools.jar 
java_command: org.codehaus.groovy.grails.cli.support.GrailsStarter --main org.codehaus.groovy.grails.cli.GrailsScriptRunner --conf /home/jam/Applications/grails-2.1.1/conf/groovy-starter.conf --classpath   run-app
Launcher Type: SUN_STANDARD

Environment Variables:
JAVA_HOME=/usr/lib/jvm/default-java
PATH=/usr/lib/lightdm/lightdm:/usr/local/sbin:/usr/local/bin:/usr/sbin:/usr/bin:/sbin:/bin:/usr/games
LD_LIBRARY_PATH=/usr/lib/jvm/java-6-openjdk-amd64/jre/lib/amd64/server:/usr/lib/jvm/java-6-openjdk-amd64/jre/lib/amd64:/usr/lib/jvm/java-6-openjdk-amd64/jre/../lib/amd64
SHELL=/bin/bash
DISPLAY=:0

Signal Handlers:
SIGSEGV: [libjvm.so+0x784310], sa_mask[0]=0x7ffbfeff, sa_flags=0x10000004
SIGBUS: [libjvm.so+0x784310], sa_mask[0]=0x7ffbfeff, sa_flags=0x10000004
SIGFPE: [libjvm.so+0x648580], sa_mask[0]=0x7ffbfeff, sa_flags=0x10000004
SIGPIPE: SIG_IGN, sa_mask[0]=0x00000000, sa_flags=0x00000000
SIGXFSZ: [libjvm.so+0x648580], sa_mask[0]=0x7ffbfeff, sa_flags=0x10000004
SIGILL: [libjvm.so+0x648580], sa_mask[0]=0x7ffbfeff, sa_flags=0x10000004
SIGUSR1: SIG_DFL, sa_mask[0]=0x00000000, sa_flags=0x00000000
SIGUSR2: [libjvm.so+0x648730], sa_mask[0]=0x00000004, sa_flags=0x10000004
SIGHUP: [libjvm.so+0x64b250], sa_mask[0]=0x7ffbfeff, sa_flags=0x10000004
SIGINT: SIG_IGN, sa_mask[0]=0x00000000, sa_flags=0x00000000
SIGTERM: [libjvm.so+0x64b250], sa_mask[0]=0x7ffbfeff, sa_flags=0x10000004
SIGQUIT: [libjvm.so+0x64b250], sa_mask[0]=0x7ffbfeff, sa_flags=0x10000004


---------------  S Y S T E M  ---------------

OS:Ubuntu 12.04 (precise)
uname:Linux 3.2.0-30-generic #48-Ubuntu SMP Fri Aug 24 16:52:48 UTC 2012 x86_64
libc:glibc 2.15 NPTL 2.15 
rlimit: STACK 8192k, CORE 0k, NPROC 59519, NOFILE 4096, AS infinity
load average:2.28 1.64 1.31

/proc/meminfo:
MemTotal:        7636272 kB
MemFree:         2726272 kB
Buffers:          149392 kB
Cached:          1753844 kB
SwapCached:            0 kB
Active:          3512180 kB
Inactive:         849248 kB
Active(anon):    2459364 kB
Inactive(anon):    10556 kB
Active(file):    1052816 kB
Inactive(file):   838692 kB
Unevictable:          44 kB
Mlocked:              44 kB
SwapTotal:       7837776 kB
SwapFree:        7837776 kB
Dirty:               852 kB
Writeback:             0 kB
AnonPages:       2458344 kB
Mapped:           326956 kB
Shmem:             11488 kB
Slab:             108640 kB
SReclaimable:      73092 kB
SUnreclaim:        35548 kB
KernelStack:        4576 kB
PageTables:        47640 kB
NFS_Unstable:          0 kB
Bounce:                0 kB
WritebackTmp:          0 kB
CommitLimit:    11655912 kB
Committed_AS:    6022152 kB
VmallocTotal:   34359738367 kB
VmallocUsed:      135768 kB
VmallocChunk:   34359600448 kB
HardwareCorrupted:     0 kB
AnonHugePages:         0 kB
HugePages_Total:       0
HugePages_Free:        0
HugePages_Rsvd:        0
HugePages_Surp:        0
Hugepagesize:       2048 kB
DirectMap4k:      272384 kB
DirectMap2M:     5476352 kB
DirectMap1G:     2097152 kB


CPU:total 4 (4 cores per cpu, 1 threads per core) family 18 model 1 stepping 0, cmov, cx8, fxsr, mmx, sse, sse2, sse3, popcnt, mmxext, 3dnowpref, lzcnt, sse4a

Memory: 4k page, physical 7636272k(2726272k free), swap 7837776k(7837776k free)

vm_info: OpenJDK 64-Bit Server VM (20.0-b12) for linux-amd64 JRE (1.6.0_24-b24), built on Sep  2 2012 19:50:47 by "buildd" with gcc 4.6.3

time: Sat Sep 15 22:03:33 2012
elapsed time: 50 seconds

