#
# A fatal error has been detected by the Java Runtime Environment:
#
#  SIGSEGV (0xb) at pc=0x00007f9a9537b790, pid=8265, tid=140302105474816
#
# JRE version: 6.0_24-b24
# Java VM: OpenJDK 64-Bit Server VM (20.0-b12 mixed mode linux-amd64 compressed oops)
# Derivative: IcedTea6 1.11.4
# Distribution: Ubuntu 12.04 LTS, package 6b24-1.11.4-1ubuntu0.12.04.1
# Problematic frame:
# J  java.util.jar.Attributes.read(Ljava/util/jar/Manifest$FastInputStream;[B)V
#
# If you would like to submit a bug report, please include
# instructions how to reproduce the bug and visit:
#   https://bugs.launchpad.net/ubuntu/+source/openjdk-6/
#

---------------  T H R E A D  ---------------

Current thread (0x00007f9a98009800):  JavaThread "main" [_thread_in_Java, id=8277, stack(0x00007f9aa1187000,0x00007f9aa1288000)]

siginfo:si_signo=SIGSEGV: si_errno=0, si_code=1 (SEGV_MAPERR), si_addr=0x0000000000000000

Registers:
RAX=0x00000000f76a2640, RBX=0x00000000f76a2728, RCX=0x0000000080000008, RDX=0x0000000000000010
RSP=0x00007f9aa1263200, RBP=0x0000000000000000, RSI=0x00000000f76a2660, RDI=0x0000000000000000
R8 =0x0000000000000000, R9 =0x0000000000000010, R10=0x0000000000000010, R11=0x00000000c0288320
R12=0x0000000000000000, R13=0x00007f9a9537b6d8, R14=0x00007f9aa12631f0, R15=0x00007f9a98009800
RIP=0x00007f9a9537b790, EFLAGS=0x0000000000010246, CSGSFS=0x0000000000000033, ERR=0x0000000000000004
  TRAPNO=0x000000000000000e

Top of Stack: (sp=0x00007f9aa1263200)
0x00007f9aa1263200:   0000001700000011 0000200000000017
0x00007f9aa1263210:   00000000f76a2640 0000000000000000
0x00007f9aa1263220:   00000000f76a0400 00000000f76a2430
0x00007f9aa1263230:   0000001500000200 00007f9a00000012
0x00007f9aa1263240:   00000000f76a02f0 0000000000002000
0x00007f9aa1263250:   00000000f769fd80 00000000f76a2690
0x00007f9aa1263260:   0000000000000000 00000000c027fc94
0x00007f9aa1263270:   0000000000000000 00007f9a98009800
0x00007f9aa1263280:   00007f9aa12632b0 00007f9a9fd6e706
0x00007f9aa1263290:   00007f9aa1263308 00007f9a9500585a
0x00007f9aa12632a0:   0000000000000000 00007f9a9500585a
0x00007f9aa12632b0:   00000000f76a2430 00000000f76a0400
0x00007f9aa12632c0:   00000000f76a02f0 00007f9aa12632c8
0x00007f9aa12632d0:   00000000c027fc9d 00007f9aa1263370
0x00007f9aa12632e0:   00000000c0280798 00000000c1975568
0x00007f9aa12632f0:   00000000c027fea8 00007f9aa12632b0
0x00007f9aa1263300:   00007f9aa1263368 00007f9aa12633b8
0x00007f9aa1263310:   00007f9a9500585a 0000000000000000
0x00007f9aa1263320:   0000000000000000 0000000000000000
0x00007f9aa1263330:   0000000000000000 0000000000000000
0x00007f9aa1263340:   0000000000000000 0000000000000000
0x00007f9aa1263350:   0000000000000000 00000000f76a2430
0x00007f9aa1263360:   00000000f76a0400 00000000f769fd80
0x00007f9aa1263370:   00000000f769fd38 00007f9aa1263378
0x00007f9aa1263380:   00000000c027f3ec 00007f9aa12633d0
0x00007f9aa1263390:   00000000c0280798 0000000000000000
0x00007f9aa12633a0:   00000000c027f420 00007f9aa1263368
0x00007f9aa12633b0:   00007f9aa12633c8 00007f9aa1263420
0x00007f9aa12633c0:   00007f9a9500585a 00000000f769fd80
0x00007f9aa12633d0:   00000000f769fd38 00000000f769fd38
0x00007f9aa12633e0:   00007f9aa12633e0 00000000c0255b07
0x00007f9aa12633f0:   00007f9aa1263448 00000000c025c6b8 

Instructions: (pc=0x00007f9a9537b790)
0x00007f9a9537b770:   00 00 00 40 8b 70 0c 44 8b 56 0c 44 8b 40 10 45
0x00007f9a9537b780:   3b c2 0f 83 89 0b 00 00 44 8b ca 45 03 c8 41 ff
0x00007f9a9537b790:   c9 45 3b ca 0f 83 77 0b 00 00 45 33 d2 45 85 d2
0x00007f9a9537b7a0:   0f 8c 9b 0b 00 00 44 3b d2 0f 8d 92 0b 00 00 45 

Register to memory mapping:

RAX=0x00000000f76a2640 is an oop
java.lang.String 
 - klass: 'java/lang/String'
RBX=0x00000000f76a2728 is an oop
java.util.jar.Attributes$Name 
 - klass: 'java/util/jar/Attributes$Name'
RCX=0x0000000080000008 is an unknown value
RDX=0x0000000000000010 is an unknown value
RSP=0x00007f9aa1263200 is pointing into the stack for thread: 0x00007f9a98009800
RBP=0x0000000000000000 is an unknown value
RSI=0x00000000f76a2660 is an oop
[C 
 - klass: {type array char}
 - length: 16
RDI=0x0000000000000000 is an unknown value
R8 =0x0000000000000000 is an unknown value
R9 =0x0000000000000010 is an unknown value
R10=0x0000000000000010 is an unknown value
R11=0x00000000c0288320 is an oop
{instance class} 
 - klass: {other class}
R12=0x0000000000000000 is an unknown value
R13=0x00007f9a9537ad50 [CodeBlob (0x00007f9a9537ad50)]
Framesize: 20
R14=0x00007f9aa12631f0 is pointing into the stack for thread: 0x00007f9a98009800
R15=0x00007f9a98009800 is a thread


Stack: [0x00007f9aa1187000,0x00007f9aa1288000],  sp=0x00007f9aa1263200,  free space=880k
Native frames: (J=compiled Java code, j=interpreted, Vv=VM code, C=native code)
J  java.util.jar.Attributes.read(Ljava/util/jar/Manifest$FastInputStream;[B)V

[error occurred during error reporting (printing native stack), id 0xb]


---------------  P R O C E S S  ---------------

Java Threads: ( => current thread )
  0x00007f9a5401a000 JavaThread "Keep-Alive-Timer" daemon [_thread_blocked, id=8299, stack(0x00007f9a8e94e000,0x00007f9a8ea4f000)]
  0x00007f9a98bf1800 JavaThread "pool-2-thread-1" [_thread_in_Java, id=8298, stack(0x00007f9a8f076000,0x00007f9a8f177000)]
  0x00007f9a98bd8000 JavaThread "Synchronizer (Spring UAA/1.0.1)" daemon [_thread_blocked, id=8297, stack(0x00007f9a8f177000,0x00007f9a8f278000)]
  0x00007f9a98a6d800 JavaThread "Timer-0" daemon [_thread_blocked, id=8296, stack(0x00007f9a94c06000,0x00007f9a94d07000)]
  0x00007f9a980e3800 JavaThread "Low Memory Detector" daemon [_thread_blocked, id=8288, stack(0x00007f9a9c06e000,0x00007f9a9c16f000)]
  0x00007f9a980e9000 JavaThread "C2 CompilerThread1" daemon [_thread_in_native, id=8287, stack(0x00007f9a9c16f000,0x00007f9a9c270000)]
  0x00007f9a980ea800 JavaThread "C2 CompilerThread0" daemon [_thread_in_native, id=8286, stack(0x00007f9a9c270000,0x00007f9a9c371000)]
  0x00007f9a9808c000 JavaThread "Signal Dispatcher" daemon [_thread_blocked, id=8285, stack(0x00007f9a9c3cf000,0x00007f9a9c4d0000)]
  0x00007f9a98079800 JavaThread "Finalizer" daemon [_thread_blocked, id=8284, stack(0x00007f9a9ccab000,0x00007f9a9cdac000)]
  0x00007f9a98077800 JavaThread "Reference Handler" daemon [_thread_blocked, id=8283, stack(0x00007f9a9cdac000,0x00007f9a9cead000)]
=>0x00007f9a98009800 JavaThread "main" [_thread_in_Java, id=8277, stack(0x00007f9aa1187000,0x00007f9aa1288000)]

Other Threads:
  0x00007f9a98071000 VMThread [stack: 0x00007f9a9cead000,0x00007f9a9cfae000] [id=8282]
  0x00007f9a980f5800 WatcherThread [stack: 0x00007f9a94eff000,0x00007f9a95000000] [id=8289]

VM state:not at safepoint (normal execution)

VM Mutex/Monitor currently owned by a thread: None

Heap
 PSYoungGen      total 222656K, used 147121K [0x00000000f0000000, 0x0000000100000000, 0x0000000100000000)
  eden space 199552K, 62% used [0x00000000f0000000,0x00000000f7920758,0x00000000fc2e0000)
  from space 23104K, 99% used [0x00000000fe970000,0x00000000ffffbd28,0x0000000100000000)
  to   space 31296K, 0% used [0x00000000fc2e0000,0x00000000fc2e0000,0x00000000fe170000)
 PSOldGen        total 524288K, used 5565K [0x00000000d0000000, 0x00000000f0000000, 0x00000000f0000000)
  object space 524288K, 1% used [0x00000000d0000000,0x00000000d056f670,0x00000000f0000000)
 PSPermGen       total 262144K, used 32322K [0x00000000c0000000, 0x00000000d0000000, 0x00000000d0000000)
  object space 262144K, 12% used [0x00000000c0000000,0x00000000c1f90940,0x00000000d0000000)

Code Cache  [0x00007f9a95000000, 0x00007f9a95420000, 0x00007f9a98000000)
 total_blobs=1181 nmethods=626 adapters=508 free_code_cache=46162944 largest_free_block=37120

Dynamic libraries:
00400000-00409000 r-xp 00000000 08:02 397963                             /usr/lib/jvm/java-6-openjdk-amd64/jre/bin/java
00608000-00609000 r--p 00008000 08:02 397963                             /usr/lib/jvm/java-6-openjdk-amd64/jre/bin/java
00609000-0060a000 rw-p 00009000 08:02 397963                             /usr/lib/jvm/java-6-openjdk-amd64/jre/bin/java
020d4000-020f5000 rw-p 00000000 00:00 0                                  [heap]
c0000000-100000000 rw-p 00000000 00:00 0 
7f9a48000000-7f9a48021000 rw-p 00000000 00:00 0 
7f9a48021000-7f9a4c000000 ---p 00000000 00:00 0 
7f9a50000000-7f9a50021000 rw-p 00000000 00:00 0 
7f9a50021000-7f9a54000000 ---p 00000000 00:00 0 
7f9a54000000-7f9a54053000 rw-p 00000000 00:00 0 
7f9a54053000-7f9a58000000 ---p 00000000 00:00 0 
7f9a58000000-7f9a58021000 rw-p 00000000 00:00 0 
7f9a58021000-7f9a5c000000 ---p 00000000 00:00 0 
7f9a5c000000-7f9a5c021000 rw-p 00000000 00:00 0 
7f9a5c021000-7f9a60000000 ---p 00000000 00:00 0 
7f9a60000000-7f9a63af4000 rw-p 00000000 00:00 0 
7f9a63af4000-7f9a64000000 ---p 00000000 00:00 0 
7f9a64000000-7f9a64021000 rw-p 00000000 00:00 0 
7f9a64021000-7f9a68000000 ---p 00000000 00:00 0 
7f9a68000000-7f9a68021000 rw-p 00000000 00:00 0 
7f9a68021000-7f9a6c000000 ---p 00000000 00:00 0 
7f9a6c000000-7f9a6f7c8000 rw-p 00000000 00:00 0 
7f9a6f7c8000-7f9a70000000 ---p 00000000 00:00 0 
7f9a70000000-7f9a70021000 rw-p 00000000 00:00 0 
7f9a70021000-7f9a74000000 ---p 00000000 00:00 0 
7f9a74000000-7f9a74021000 rw-p 00000000 00:00 0 
7f9a74021000-7f9a78000000 ---p 00000000 00:00 0 
7f9a78000000-7f9a78021000 rw-p 00000000 00:00 0 
7f9a78021000-7f9a7c000000 ---p 00000000 00:00 0 
7f9a7c000000-7f9a7c061000 rw-p 00000000 00:00 0 
7f9a7c061000-7f9a80000000 ---p 00000000 00:00 0 
7f9a80000000-7f9a80021000 rw-p 00000000 00:00 0 
7f9a80021000-7f9a84000000 ---p 00000000 00:00 0 
7f9a88000000-7f9a88021000 rw-p 00000000 00:00 0 
7f9a88021000-7f9a8c000000 ---p 00000000 00:00 0 
7f9a8e94e000-7f9a8e951000 ---p 00000000 00:00 0 
7f9a8e951000-7f9a8ea4f000 rw-p 00000000 00:00 0 
7f9a8ea4f000-7f9a8ea67000 r-xp 00000000 08:02 16256582                   /lib/x86_64-linux-gnu/libresolv-2.15.so
7f9a8ea67000-7f9a8ec67000 ---p 00018000 08:02 16256582                   /lib/x86_64-linux-gnu/libresolv-2.15.so
7f9a8ec67000-7f9a8ec68000 r--p 00018000 08:02 16256582                   /lib/x86_64-linux-gnu/libresolv-2.15.so
7f9a8ec68000-7f9a8ec69000 rw-p 00019000 08:02 16256582                   /lib/x86_64-linux-gnu/libresolv-2.15.so
7f9a8ec69000-7f9a8ec6b000 rw-p 00000000 00:00 0 
7f9a8ec6b000-7f9a8ec72000 r-xp 00000000 08:02 16256547                   /lib/x86_64-linux-gnu/libnss_dns-2.15.so
7f9a8ec72000-7f9a8ee71000 ---p 00007000 08:02 16256547                   /lib/x86_64-linux-gnu/libnss_dns-2.15.so
7f9a8ee71000-7f9a8ee72000 r--p 00006000 08:02 16256547                   /lib/x86_64-linux-gnu/libnss_dns-2.15.so
7f9a8ee72000-7f9a8ee73000 rw-p 00007000 08:02 16256547                   /lib/x86_64-linux-gnu/libnss_dns-2.15.so
7f9a8ee73000-7f9a8ee75000 r-xp 00000000 08:02 16252982                   /lib/libnss_mdns4_minimal.so.2
7f9a8ee75000-7f9a8f074000 ---p 00002000 08:02 16252982                   /lib/libnss_mdns4_minimal.so.2
7f9a8f074000-7f9a8f075000 r--p 00001000 08:02 16252982                   /lib/libnss_mdns4_minimal.so.2
7f9a8f075000-7f9a8f076000 rw-p 00002000 08:02 16252982                   /lib/libnss_mdns4_minimal.so.2
7f9a8f076000-7f9a8f079000 ---p 00000000 00:00 0 
7f9a8f079000-7f9a8f177000 rw-p 00000000 00:00 0 
7f9a8f177000-7f9a8f17a000 ---p 00000000 00:00 0 
7f9a8f17a000-7f9a8f278000 rw-p 00000000 00:00 0 
7f9a8f278000-7f9a8f2d5000 r-xp 00000000 08:02 16651114                   /usr/lib/x86_64-linux-gnu/nss/libfreebl3.so
7f9a8f2d5000-7f9a8f4d4000 ---p 0005d000 08:02 16651114                   /usr/lib/x86_64-linux-gnu/nss/libfreebl3.so
7f9a8f4d4000-7f9a8f4d6000 r--p 0005c000 08:02 16651114                   /usr/lib/x86_64-linux-gnu/nss/libfreebl3.so
7f9a8f4d6000-7f9a8f4d7000 rw-p 0005e000 08:02 16651114                   /usr/lib/x86_64-linux-gnu/nss/libfreebl3.so
7f9a8f4d7000-7f9a8f4db000 rw-p 00000000 00:00 0 
7f9a8f4db000-7f9a8f579000 r-xp 00000000 08:02 16131587                   /usr/lib/x86_64-linux-gnu/libsqlite3.so.0.8.6
7f9a8f579000-7f9a8f779000 ---p 0009e000 08:02 16131587                   /usr/lib/x86_64-linux-gnu/libsqlite3.so.0.8.6
7f9a8f779000-7f9a8f77b000 r--p 0009e000 08:02 16131587                   /usr/lib/x86_64-linux-gnu/libsqlite3.so.0.8.6
7f9a8f77b000-7f9a8f77d000 rw-p 000a0000 08:02 16131587                   /usr/lib/x86_64-linux-gnu/libsqlite3.so.0.8.6
7f9a8f77d000-7f9a8f77e000 rw-p 00000000 00:00 0 
7f9a8f77e000-7f9a8f7b7000 r-xp 00000000 08:02 16651117                   /usr/lib/x86_64-linux-gnu/nss/libsoftokn3.so
7f9a8f7b7000-7f9a8f9b6000 ---p 00039000 08:02 16651117                   /usr/lib/x86_64-linux-gnu/nss/libsoftokn3.so
7f9a8f9b6000-7f9a8f9b8000 r--p 00038000 08:02 16651117                   /usr/lib/x86_64-linux-gnu/nss/libsoftokn3.so
7f9a8f9b8000-7f9a8f9b9000 rw-p 0003a000 08:02 16651117                   /usr/lib/x86_64-linux-gnu/nss/libsoftokn3.so
7f9a8f9b9000-7f9a8f9f3000 r-xp 00000000 08:02 16127779                   /usr/lib/x86_64-linux-gnu/libnspr4.so
7f9a8f9f3000-7f9a8fbf2000 ---p 0003a000 08:02 16127779                   /usr/lib/x86_64-linux-gnu/libnspr4.so
7f9a8fbf2000-7f9a8fbf3000 r--p 00039000 08:02 16127779                   /usr/lib/x86_64-linux-gnu/libnspr4.so
7f9a8fbf3000-7f9a8fbf5000 rw-p 0003a000 08:02 16127779                   /usr/lib/x86_64-linux-gnu/libnspr4.so
7f9a8fbf5000-7f9a8fbf7000 rw-p 00000000 00:00 0 
7f9a8fbf7000-7f9a8fbfa000 r-xp 00000000 08:02 16127775                   /usr/lib/x86_64-linux-gnu/libplds4.so
7f9a8fbfa000-7f9a8fdf9000 ---p 00003000 08:02 16127775                   /usr/lib/x86_64-linux-gnu/libplds4.so
7f9a8fdf9000-7f9a8fdfa000 r--p 00002000 08:02 16127775                   /usr/lib/x86_64-linux-gnu/libplds4.so
7f9a8fdfa000-7f9a8fdfb000 rw-p 00003000 08:02 16127775                   /usr/lib/x86_64-linux-gnu/libplds4.so
7f9a8fdfb000-7f9a8fdff000 r-xp 00000000 08:02 16127777                   /usr/lib/x86_64-linux-gnu/libplc4.so
7f9a8fdff000-7f9a8fffe000 ---p 00004000 08:02 16127777                   /usr/lib/x86_64-linux-gnu/libplc4.so
7f9a8fffe000-7f9a8ffff000 r--p 00003000 08:02 16127777                   /usr/lib/x86_64-linux-gnu/libplc4.so
7f9a8ffff000-7f9a90000000 rw-p 00004000 08:02 16127777                   /usr/lib/x86_64-linux-gnu/libplc4.so
7f9a90000000-7f9a90021000 rw-p 00000000 00:00 0 
7f9a90021000-7f9a94000000 ---p 00000000 00:00 0 
7f9a9400e000-7f9a9402a000 r-xp 00000000 08:02 16123808                   /usr/lib/x86_64-linux-gnu/libnssutil3.so
7f9a9402a000-7f9a9422a000 ---p 0001c000 08:02 16123808                   /usr/lib/x86_64-linux-gnu/libnssutil3.so
7f9a9422a000-7f9a94230000 r--p 0001c000 08:02 16123808                   /usr/lib/x86_64-linux-gnu/libnssutil3.so
7f9a94230000-7f9a94231000 rw-p 00022000 08:02 16123808                   /usr/lib/x86_64-linux-gnu/libnssutil3.so
7f9a94231000-7f9a9432f000 r-xp 00000000 08:02 16122488                   /usr/lib/x86_64-linux-gnu/libnss3.so
7f9a9432f000-7f9a9452e000 ---p 000fe000 08:02 16122488                   /usr/lib/x86_64-linux-gnu/libnss3.so
7f9a9452e000-7f9a94533000 r--p 000fd000 08:02 16122488                   /usr/lib/x86_64-linux-gnu/libnss3.so
7f9a94533000-7f9a94535000 rw-p 00102000 08:02 16122488                   /usr/lib/x86_64-linux-gnu/libnss3.so
7f9a94535000-7f9a94537000 rw-p 00000000 00:00 0 
7f9a94557000-7f9a94565000 r-xp 00000000 08:02 18747997                   /usr/lib/jvm/java-6-openjdk-amd64/jre/lib/amd64/libj2pkcs11.so
7f9a94565000-7f9a94765000 ---p 0000e000 08:02 18747997                   /usr/lib/jvm/java-6-openjdk-amd64/jre/lib/amd64/libj2pkcs11.so
7f9a94765000-7f9a94766000 r--p 0000e000 08:02 18747997                   /usr/lib/jvm/java-6-openjdk-amd64/jre/lib/amd64/libj2pkcs11.so
7f9a94766000-7f9a94767000 rw-p 0000f000 08:02 18747997                   /usr/lib/jvm/java-6-openjdk-amd64/jre/lib/amd64/libj2pkcs11.so
7f9a94767000-7f9a94769000 r--s 00013000 08:02 18489868                   /usr/lib/jvm/java-6-openjdk-common/jre/lib/jce.jar
7f9a94769000-7f9a9476a000 r--s 00000000 08:02 5508261                    /home/jam/.grails/ivy-cache/org.grails.plugins/tomcat/zips/tomcat-2.1.1.zip
7f9a9476a000-7f9a9476c000 r--s 00008000 08:02 5767283                    /home/jam/.grails/ivy-cache/org.grails.plugins/quartz2/zips/quartz2-0.2.3.zip
7f9a9476c000-7f9a9476e000 r--s 00004000 08:02 5637612                    /home/jam/.grails/ivy-cache/org.grails.plugins/csv/zips/csv-0.3.1.zip
7f9a9476e000-7f9a94771000 r--s 00012000 08:02 5508286                    /home/jam/.grails/ivy-cache/org.grails.plugins/database-migration/zips/database-migration-1.1.zip
7f9a94771000-7f9a94774000 r--s 00012000 08:02 5508284                    /home/jam/.grails/ivy-cache/org.grails.plugins/resources/zips/resources-1.1.6.zip
7f9a94774000-7f9a94777000 r--s 0002d000 08:02 5508282                    /home/jam/.grails/ivy-cache/org.grails.plugins/jquery/zips/jquery-1.8.0.zip
7f9a94777000-7f9a94778000 r--s 00001000 08:02 5508280                    /home/jam/.grails/ivy-cache/org.grails.plugins/hibernate/zips/hibernate-2.1.1.zip
7f9a94778000-7f9a94779000 r--s 00002000 08:02 5508549                    /home/jam/.grails/ivy-cache/org.grails.plugins/webxml/zips/webxml-1.4.1.zip
7f9a94779000-7f9a9477b000 r--s 00026000 08:02 5767287                    /home/jam/.grails/ivy-cache/org.grails.plugins/plugin-config/zips/plugin-config-0.1.5.zip
7f9a9477b000-7f9a9477d000 r--s 0000f000 08:02 5508278                    /home/jam/.grails/ivy-cache/org.grails.plugins/cache/zips/cache-1.0.0.zip
7f9a9477d000-7f9a94781000 r--s 0002f000 08:02 4722137                    /home/jam/.grails/ivy-cache/org.grails/grails-test/jars/grails-test-2.1.1.jar
7f9a94781000-7f9a94787000 r--s 0006c000 08:02 4722135                    /home/jam/.grails/ivy-cache/org.grails/grails-plugin-testing/jars/grails-plugin-testing-2.1.1.jar
7f9a94787000-7f9a94788000 r--s 00002000 08:02 5636284                    /home/jam/.grails/ivy-cache/org.hibernate/hibernate-ehcache/jars/hibernate-ehcache-3.6.10.Final.jar
7f9a94788000-7f9a9478d000 r--s 00048000 08:02 5636282                    /home/jam/.grails/ivy-cache/dom4j/dom4j/jars/dom4j-1.6.1.jar
7f9a9478d000-7f9a94792000 r--s 00068000 08:02 5636280                    /home/jam/.grails/ivy-cache/antlr/antlr/jars/antlr-2.7.7.jar
7f9a94792000-7f9a9479b000 r--s 00098000 08:02 5636278                    /home/jam/.grails/ivy-cache/org.javassist/javassist/jars/javassist-3.16.1-GA.jar
7f9a9479b000-7f9a9479e000 r--s 00009000 08:02 5636286                    /home/jam/.grails/ivy-cache/javax.validation/validation-api/jars/validation-api-1.0.0.GA.jar
7f9a9479e000-7f9a947a5000 r--s 00040000 08:02 5636276                    /home/jam/.grails/ivy-cache/org.hibernate/hibernate-validator/jars/hibernate-validator-4.1.0.Final.jar
7f9a947a5000-7f9a947a8000 r--s 0000f000 08:02 5636274                    /home/jam/.grails/ivy-cache/org.hibernate/hibernate-commons-annotations/jars/hibernate-commons-annotations-3.2.0.Final.jar
7f9a947a8000-7f9a947da000 r--s 002c9000 08:02 5636272                    /home/jam/.grails/ivy-cache/org.hibernate/hibernate-core/jars/hibernate-core-3.6.10.Final.jar
7f9a947da000-7f9a947eb000 r--s 000d2000 08:02 5636617                    /home/jam/.grails/ivy-cache/org.liquibase/liquibase-core/jars/liquibase-core-2.0.5.jar
7f9a947eb000-7f9a947f4000 r--s 00080000 08:02 5767285                    /home/jam/.grails/ivy-cache/org.quartz-scheduler/quartz/jars/quartz-2.1.5.jar
7f9a947f4000-7f9a947f5000 r--s 00004000 08:02 5637614                    /home/jam/.grails/ivy-cache/net.sf.opencsv/opencsv/jars/opencsv-2.3.jar
7f9a947f5000-7f9a947fb000 r--s 0007e000 08:02 5637426                    /home/jam/.grails/ivy-cache/postgresql/postgresql/jars/postgresql-9.0-801.jdbc4.jar
7f9a947fb000-7f9a94802000 r--s 000bd000 08:02 4722926                    /home/jam/.grails/ivy-cache/mysql/mysql-connector-java/jars/mysql-connector-java-5.1.20.jar
7f9a94802000-7f9a94804000 r--s 00000000 08:02 4722133                    /home/jam/.grails/ivy-cache/org.slf4j/jul-to-slf4j/jars/jul-to-slf4j-1.6.2.jar
7f9a94804000-7f9a94806000 r--s 00003000 08:02 4722131                    /home/jam/.grails/ivy-cache/org.slf4j/jcl-over-slf4j/jars/jcl-over-slf4j-1.6.2.jar
7f9a94806000-7f9a9480f000 r--s 0006d000 08:02 4722129                    /home/jam/.grails/ivy-cache/log4j/log4j/bundles/log4j-1.2.16.jar
7f9a9480f000-7f9a94824000 r--s 000e3000 08:02 4722127                    /home/jam/.grails/ivy-cache/net.sf.ehcache/ehcache-core/jars/ehcache-core-2.4.6.jar
7f9a94824000-7f9a94826000 r--s 00005000 08:02 4722125                    /home/jam/.grails/ivy-cache/xpp3/xpp3_min/jars/xpp3_min-1.1.4c.jar
7f9a94826000-7f9a94828000 r--s 00004000 08:02 4722123                    /home/jam/.grails/ivy-cache/javax.servlet/jstl/jars/jstl-1.1.2.jar
7f9a94828000-7f9a94832000 r--s 0012c000 08:02 4722121                    /home/jam/.grails/ivy-cache/com.h2database/h2/jars/h2-1.3.164.jar
7f9a94832000-7f9a94835000 r--s 00016000 08:02 4722119                    /home/jam/.grails/ivy-cache/commons-pool/commons-pool/jars/commons-pool-1.5.6.jar
7f9a94835000-7f9a94838000 r--s 00025000 08:02 4722117                    /home/jam/.grails/ivy-cache/commons-dbcp/commons-dbcp/jars/commons-dbcp-1.4.jar
7f9a94838000-7f9a9483a000 r--s 0000e000 08:02 4722115                    /home/jam/.grails/ivy-cache/oro/oro/jars/oro-2.0.8.jar
7f9a9483a000-7f9a9483c000 r--s 0000d000 08:02 4722113                    /home/jam/.grails/ivy-cache/commons-fileupload/commons-fileupload/jars/commons-fileupload-1.2.2.jar
7f9a9483c000-7f9a9483d000 r--s 0000a000 08:02 4722111                    /home/jam/.grails/ivy-cache/asm/asm/jars/asm-3.1.jar
7f9a9483d000-7f9a94844000 r--s 0003e000 08:02 4722109                    /home/jam/.grails/ivy-cache/cglib/cglib/jars/cglib-2.2.jar
7f9a94844000-7f9a94848000 r--s 00019000 08:02 4722107                    /home/jam/.grails/ivy-cache/org.aspectj/aspectjrt/jars/aspectjrt-1.6.10.jar
7f9a94848000-7f9a9485e000 r--s 00184000 08:02 4722105                    /home/jam/.grails/ivy-cache/org.aspectj/aspectjweaver/jars/aspectjweaver-1.6.10.jar
7f9a9485e000-7f9a94865000 r--s 00056000 08:02 4722103                    /home/jam/.grails/ivy-cache/org.grails/grails-datastore-simple/jars/grails-datastore-simple-1.1.0.RELEASE.jar
7f9a94865000-7f9a9486e000 r--s 00044000 08:02 4722101                    /home/jam/.grails/ivy-cache/org.grails/grails-datastore-core/jars/grails-datastore-core-1.1.0.RELEASE.jar
7f9a9486e000-7f9a94873000 r--s 0004c000 08:02 4722099                    /home/jam/.grails/ivy-cache/org.grails/grails-datastore-gorm/jars/grails-datastore-gorm-1.1.0.RELEASE.jar
7f9a94873000-7f9a9487e000 r--s 00082000 08:02 4722097                    /home/jam/.grails/ivy-cache/org.springframework/spring-webmvc/jars/spring-webmvc-3.1.2.RELEASE.jar
7f9a9487e000-7f9a9488a000 r--s 0007a000 08:02 4722095                    /home/jam/.grails/ivy-cache/org.springframework/spring-web/jars/spring-web-3.1.2.RELEASE.jar
7f9a9488a000-7f9a94891000 r--s 00035000 08:02 4722093                    /home/jam/.grails/ivy-cache/org.springframework/spring-tx/jars/spring-tx-3.1.2.RELEASE.jar
7f9a94891000-7f9a9489a000 r--s 00054000 08:02 4722091                    /home/jam/.grails/ivy-cache/org.springframework/spring-orm/jars/spring-orm-3.1.2.RELEASE.jar
7f9a9489a000-7f9a9489f000 r--s 0002c000 08:02 4722089                    /home/jam/.grails/ivy-cache/org.springframework/spring-jms/jars/spring-jms-3.1.2.RELEASE.jar
7f9a9489f000-7f9a948a9000 r--s 00059000 08:02 4722087                    /home/jam/.grails/ivy-cache/org.springframework/spring-jdbc/jars/spring-jdbc-3.1.2.RELEASE.jar
7f9a948a9000-7f9a948ad000 r--s 00027000 08:02 4722085                    /home/jam/.grails/ivy-cache/org.springframework/spring-expression/jars/spring-expression-3.1.2.RELEASE.jar
7f9a948ad000-7f9a948b0000 r--s 00018000 08:02 4722083                    /home/jam/.grails/ivy-cache/org.springframework/spring-context-support/jars/spring-context-support-3.1.2.RELEASE.jar
7f9a948b0000-7f9a948c5000 r--s 000b7000 08:02 4722081                    /home/jam/.grails/ivy-cache/org.springframework/spring-context/jars/spring-context-3.1.2.RELEASE.jar
7f9a948c5000-7f9a948d1000 r--s 00085000 08:02 4722079                    /home/jam/.grails/ivy-cache/org.springframework/spring-beans/jars/spring-beans-3.1.2.RELEASE.jar
7f9a948d1000-7f9a948d2000 r--s 0000c000 08:02 4722077                    /home/jam/.grails/ivy-cache/org.springframework/spring-asm/jars/spring-asm-3.1.2.RELEASE.jar
7f9a948d2000-7f9a948d4000 r--s 0000b000 08:02 4722075                    /home/jam/.grails/ivy-cache/org.springframework/spring-aspects/jars/spring-aspects-3.1.2.RELEASE.jar
7f9a948d4000-7f9a948dd000 r--s 00049000 08:02 4722073                    /home/jam/.grails/ivy-cache/org.springframework/spring-aop/jars/spring-aop-3.1.2.RELEASE.jar
7f9a948dd000-7f9a948e7000 r--s 00064000 08:02 4722071                    /home/jam/.grails/ivy-cache/org.springframework/spring-core/jars/spring-core-3.1.2.RELEASE.jar
7f9a948e7000-7f9a948e9000 r--s 00008000 08:02 4722069                    /home/jam/.grails/ivy-cache/org.grails/grails-plugin-validation/jars/grails-plugin-validation-2.1.1.jar
7f9a948e9000-7f9a948ec000 r--s 0001c000 08:02 4722067                    /home/jam/.grails/ivy-cache/org.grails/grails-plugin-url-mappings/jars/grails-plugin-url-mappings-2.1.1.jar
7f9a948ec000-7f9a948ee000 r--s 0000f000 08:02 4722065                    /home/jam/.grails/ivy-cache/org.grails/grails-plugin-mimetypes/jars/grails-plugin-mimetypes-2.1.1.jar
7f9a948ee000-7f9a948f0000 r--s 00005000 08:02 4722063                    /home/jam/.grails/ivy-cache/org.grails/grails-plugin-servlets/jars/grails-plugin-servlets-2.1.1.jar
7f9a948f0000-7f9a948f1000 r--s 00008000 08:02 4722061                    /home/jam/.grails/ivy-cache/org.grails/grails-plugin-services/jars/grails-plugin-services-2.1.1.jar
7f9a948f1000-7f9a948f3000 r--s 00006000 08:02 4722059                    /home/jam/.grails/ivy-cache/org.grails/grails-plugin-scaffolding/jars/grails-plugin-scaffolding-2.1.1.jar
7f9a948f3000-7f9a948f5000 r--s 0000e000 08:02 4722057                    /home/jam/.grails/ivy-cache/org.grails/grails-plugin-log4j/jars/grails-plugin-log4j-2.1.1.jar
7f9a948f5000-7f9a948f7000 r--s 00005000 08:02 4722055                    /home/jam/.grails/ivy-cache/org.grails/grails-plugin-i18n/jars/grails-plugin-i18n-2.1.1.jar
7f9a948f7000-7f9a948fe000 r--s 0006d000 08:02 4722053                    /home/jam/.grails/ivy-cache/org.grails/grails-plugin-gsp/jars/grails-plugin-gsp-2.1.1.jar
7f9a948fe000-7f9a94900000 r--s 0000e000 08:02 4722051                    /home/jam/.grails/ivy-cache/org.grails/grails-plugin-filters/jars/grails-plugin-filters-2.1.1.jar
7f9a94900000-7f9a94902000 r--s 00009000 08:02 4722049                    /home/jam/.grails/ivy-cache/org.grails/grails-plugin-datasource/jars/grails-plugin-datasource-2.1.1.jar
7f9a94902000-7f9a94906000 r--s 00024000 08:02 4722047                    /home/jam/.grails/ivy-cache/org.grails/grails-plugin-converters/jars/grails-plugin-converters-2.1.1.jar
7f9a94906000-7f9a94909000 r--s 00019000 08:02 4722045                    /home/jam/.grails/ivy-cache/org.grails/grails-plugin-domain-class/jars/grails-plugin-domain-class-2.1.1.jar
7f9a94909000-7f9a9490d000 r--s 00028000 08:02 4722043                    /home/jam/.grails/ivy-cache/org.grails/grails-plugin-controllers/jars/grails-plugin-controllers-2.1.1.jar
7f9a9490d000-7f9a9490f000 r--s 00015000 08:02 4722041                    /home/jam/.grails/ivy-cache/org.grails/grails-plugin-codecs/jars/grails-plugin-codecs-2.1.1.jar
7f9a9490f000-7f9a94910000 r--s 00000000 08:02 4722039                    /home/jam/.grails/ivy-cache/org.grails/grails-logging/jars/grails-logging-2.1.1.jar
7f9a94910000-7f9a94912000 r--s 00009000 08:02 4722037                    /home/jam/.grails/ivy-cache/org.grails/grails-spring/jars/grails-spring-2.1.1.jar
7f9a94912000-7f9a9491c000 r--s 0008a000 08:02 4722035                    /home/jam/.grails/ivy-cache/org.grails/grails-hibernate/jars/grails-hibernate-2.1.1.jar
7f9a9491c000-7f9a9491e000 r--s 00009000 08:02 4722033                    /home/jam/.grails/ivy-cache/org.grails/grails-crud/jars/grails-crud-2.1.1.jar
7f9a9491e000-7f9a94924000 r--s 00027000 08:02 4722031                    /home/jam/.grails/ivy-cache/opensymphony/sitemesh/jars/sitemesh-2.4.jar
7f9a94924000-7f9a94929000 r--s 00015000 08:02 4722029                    /home/jam/.grails/ivy-cache/org.hibernate.javax.persistence/hibernate-jpa-2.0-api/jars/hibernate-jpa-2.0-api-1.0.1.Final.jar
7f9a94929000-7f9a9492a000 r--s 00003000 08:02 4722027                    /home/jam/.grails/ivy-cache/javax.transaction/jta/jars/jta-1.1.jar
7f9a9492a000-7f9a9492f000 r--s 00041000 08:02 4722025                    /home/jam/.grails/ivy-cache/commons-lang/commons-lang/jars/commons-lang-2.6.jar
7f9a9492f000-7f9a94932000 r--s 00025000 08:02 4722023                    /home/jam/.grails/ivy-cache/commons-io/commons-io/jars/commons-io-2.1.jar
7f9a94932000-7f9a94940000 r--s 0007f000 08:02 4722021                    /home/jam/.grails/ivy-cache/commons-collections/commons-collections/jars/commons-collections-3.2.1.jar
7f9a94940000-7f9a94942000 r--s 00010000 08:02 4722019                    /home/jam/.grails/ivy-cache/commons-codec/commons-codec/jars/commons-codec-1.5.jar
7f9a94942000-7f9a94944000 r--s 00000000 08:02 4722017                    /home/jam/.grails/ivy-cache/aopalliance/aopalliance/jars/aopalliance-1.0.jar
7f9a94944000-7f9a94947000 r--s 0001f000 08:02 4722015                    /home/jam/.grails/ivy-cache/commons-validator/commons-validator/jars/commons-validator-1.3.1.jar
7f9a94947000-7f9a9494a000 r--s 00019000 08:02 4722013                    /home/jam/.grails/ivy-cache/commons-el/commons-el/jars/commons-el-1.0.jar
7f9a9494a000-7f9a9494f000 r--s 00034000 08:02 4722011                    /home/jam/.grails/ivy-cache/commons-beanutils/commons-beanutils/jars/commons-beanutils-1.8.3.jar
7f9a9494f000-7f9a949ad000 r--s 00592000 08:02 4722009                    /home/jam/.grails/ivy-cache/org.codehaus.groovy/groovy-all/jars/groovy-all-1.8.8.jar
7f9a949ad000-7f9a949af000 r--s 0000d000 08:02 5508471                    /home/jam/.grails/ivy-cache/org.grails/grails-plugin-tomcat/jars/grails-plugin-tomcat-2.1.1.jar
7f9a949af000-7f9a949bf000 r--s 0019c000 08:02 5508469                    /home/jam/.grails/ivy-cache/org.eclipse.jdt.core.compiler/ecj/jars/ecj-3.7.2.jar
7f9a949bf000-7f9a949c1000 r--s 00008000 08:02 5508467                    /home/jam/.grails/ivy-cache/org.apache.tomcat.embed/tomcat-embed-logging-juli/jars/tomcat-embed-logging-juli-7.0.30.jar
7f9a949c1000-7f9a949c3000 r--s 00013000 08:02 4721761                    /home/jam/.grails/ivy-cache/org.apache.tomcat.embed/tomcat-embed-logging-log4j/jars/tomcat-embed-logging-log4j-7.0.30.jar
7f9a949c3000-7f9a949ce000 r--s 000b6000 08:02 4721759                    /home/jam/.grails/ivy-cache/org.apache.tomcat.embed/tomcat-embed-jasper/jars/tomcat-embed-jasper-7.0.30.jar
7f9a949ce000-7f9a949f0000 r--s 00254000 08:02 4721757                    /home/jam/.grails/ivy-cache/org.apache.tomcat.embed/tomcat-embed-core/jars/tomcat-embed-core-7.0.30.jar
7f9a949f0000-7f9a94a05000 r-xp 00000000 08:02 18747986                   /usr/lib/jvm/java-6-openjdk-amd64/jre/lib/amd64/libnet.so
7f9a94a05000-7f9a94c04000 ---p 00015000 08:02 18747986                   /usr/lib/jvm/java-6-openjdk-amd64/jre/lib/amd64/libnet.so
7f9a94c04000-7f9a94c05000 r--p 00014000 08:02 18747986                   /usr/lib/jvm/java-6-openjdk-amd64/jre/lib/amd64/libnet.so
7f9a94c05000-7f9a94c06000 rw-p 00015000 08:02 18747986                   /usr/lib/jvm/java-6-openjdk-amd64/jre/lib/amd64/libnet.so
7f9a94c06000-7f9a94c09000 ---p 00000000 00:00 0 
7f9a94c09000-7f9a94d07000 rw-p 00000000 00:00 0 
7f9a94d07000-7f9a94d09000 r--s 0000c000 08:02 5508465                    /home/jam/.grails/ivy-cache/org.apache.tomcat/tomcat-catalina-ant/jars/tomcat-catalina-ant-7.0.30.jar
7f9a94d09000-7f9a94d0b000 r--s 00017000 08:02 4721465                    /home/jam/.grails/ivy-cache/org.apache.ant/ant-junit/jars/ant-junit-1.8.2.jar
7f9a94d0b000-7f9a94d0d000 r--s 00002000 08:02 4721463                    /home/jam/.grails/ivy-cache/org.apache.ant/ant-launcher/jars/ant-launcher-1.8.2.jar
7f9a94d0d000-7f9a94d2b000 r--s 001bb000 08:02 4721461                    /home/jam/.grails/ivy-cache/org.apache.ant/ant/jars/ant-1.8.2.jar
7f9a94d2b000-7f9a94d32000 r--s 00037000 08:02 4721459                    /home/jam/.grails/ivy-cache/junit/junit/jars/junit-4.10.jar
7f9a94d32000-7f9a94d35000 r--s 0000b000 08:02 4721456                    /home/jam/.grails/ivy-cache/com.googlecode.concurrentlinkedhashmap/concurrentlinkedhashmap-lru/jars/concurrentlinkedhashmap-lru-1.2_jdk5.jar
7f9a94d35000-7f9a94d3b000 r--s 00033000 08:02 4721454                    /home/jam/.grails/ivy-cache/org.springframework/spring-test/jars/spring-test-3.1.2.RELEASE.jar
7f9a94d3b000-7f9a94d3d000 r--s 00005000 08:02 4721452                    /home/jam/.grails/ivy-cache/org.slf4j/slf4j-api/jars/slf4j-api-1.6.2.jar
7f9a94d3d000-7f9a94d4a000 r--s 000b7000 08:02 4721450                    /home/jam/.grails/ivy-cache/org.grails/grails-web/jars/grails-web-2.1.1.jar
7f9a94d4a000-7f9a94d4d000 r--s 00026000 08:02 4721448                    /home/jam/.grails/ivy-cache/org.grails/grails-resources/jars/grails-resources-2.1.1.jar
7f9a94d4d000-7f9a94d5b000 r--s 000b5000 08:02 4721446                    /home/jam/.grails/ivy-cache/org.grails/grails-core/jars/grails-core-2.1.1.jar
7f9a94d5b000-7f9a94d66000 r--s 000fe000 08:02 4721444                    /home/jam/.grails/ivy-cache/org.grails/grails-scripts/jars/grails-scripts-2.1.1.jar
7f9a94d66000-7f9a94d6f000 r--s 000a8000 08:02 4721442                    /home/jam/.grails/ivy-cache/org.grails/grails-bootstrap/jars/grails-bootstrap-2.1.1.jar
7f9a94d6f000-7f9a94d72000 r--s 00044000 08:02 4721440                    /home/jam/.grails/ivy-cache/org.grails/grails-docs/jars/grails-docs-2.1.1.jar
7f9a94d72000-7f9a94d75000 r--s 00041000 08:02 4721438                    /home/jam/.grails/ivy-cache/xalan/serializer/jars/serializer-2.7.1.jar
7f9a94d75000-7f9a94d78000 r--s 000cf000 08:02 4721436                    /home/jam/.grails/ivy-cache/net.java.dev.jna/jna/jars/jna-3.2.3.jar
7f9a94d78000-7f9a94d7a000 r--s 00008000 08:02 4721434                    /home/jam/.grails/ivy-cache/org.fusesource.jansi/jansi/jars/jansi-1.2.1.jar
7f9a94d7a000-7f9a94d89000 r--s 000d9000 08:02 4721424                    /home/jam/.grails/ivy-cache/org.apache.ivy/ivy/jars/ivy-2.2.0.jar
7f9a94d89000-7f9a94d9e000 r-xp 00000000 08:02 8650912                    /tmp/jna6047486438483897570.tmp
7f9a94d9e000-7f9a94e9d000 ---p 00015000 08:02 8650912                    /tmp/jna6047486438483897570.tmp
7f9a94e9d000-7f9a94e9f000 rw-p 00014000 08:02 8650912                    /tmp/jna6047486438483897570.tmp
7f9a94e9f000-7f9a94eff000 r--s 00d92000 08:02 18877160                   /usr/lib/jvm/java-6-openjdk-amd64/lib/tools.jar
7f9a94eff000-7f9a94f00000 ---p 00000000 00:00 0 
7f9a94f00000-7f9a95000000 rw-p 00000000 00:00 0 
7f9a95000000-7f9a95420000 rwxp 00000000 00:00 0 
7f9a95420000-7f9a98c72000 rw-p 00000000 00:00 0 
7f9a98c72000-7f9a9c000000 ---p 00000000 00:00 0 
7f9a9c001000-7f9a9c003000 r--s 00015000 08:02 4721422                    /home/jam/.grails/ivy-cache/jline/jline/jars/jline-1.0.jar
7f9a9c003000-7f9a9c028000 r--s 00172000 08:02 4721397                    /home/jam/.grails/ivy-cache/org.bouncycastle/bcprov-jdk15/jars/bcprov-jdk15-1.45.jar
7f9a9c028000-7f9a9c02d000 r--s 00024000 08:02 4721394                    /home/jam/.grails/ivy-cache/org.bouncycastle/bcpg-jdk15/jars/bcpg-jdk15-1.45.jar
7f9a9c02d000-7f9a9c02e000 r--s 00003000 08:02 4721392                    /home/jam/.grails/ivy-cache/com.googlecode.json-simple/json-simple/jars/json-simple-1.1.jar
7f9a9c02e000-7f9a9c034000 r--s 00068000 08:02 4721389                    /home/jam/.grails/ivy-cache/com.google.protobuf/protobuf-java/jars/protobuf-java-2.4.1.jar
7f9a9c034000-7f9a9c037000 r--s 0001a000 08:02 4721386                    /home/jam/.grails/ivy-cache/org.springframework.uaa/org.springframework.uaa.client/bundles/org.springframework.uaa.client-1.0.1.RELEASE.jar
7f9a9c037000-7f9a9c03c000 r--s 00050000 08:02 4587551                    /home/jam/Applications/grails-2.1.1/lib/org.codehaus.gant/gant_groovy1.8/jars/gant_groovy1.8-1.9.6.jar
7f9a9c03c000-7f9a9c05a000 r--s 001bb000 08:02 15997849                   /home/jam/Applications/grails-2.1.1/lib/org.apache.ant/ant/jars/ant-1.8.2.jar
7f9a9c05a000-7f9a9c069000 r--s 000d9000 08:02 3933556                    /home/jam/Applications/grails-2.1.1/lib/org.apache.ivy/ivy/jars/ivy-2.2.0.jar
7f9a9c069000-7f9a9c06b000 r--s 00009000 08:02 15730918                   /home/jam/Applications/grails-2.1.1/lib/commons-cli/commons-cli/jars/commons-cli-1.2.jar
7f9a9c06b000-7f9a9c06e000 r--s 000cf000 08:02 15997829                   /home/jam/Applications/grails-2.1.1/lib/net.java.dev.jna/jna/jars/jna-3.2.3.jar
7f9a9c06e000-7f9a9c071000 ---p 00000000 00:00 0 
7f9a9c071000-7f9a9c16f000 rw-p 00000000 00:00 0 
7f9a9c16f000-7f9a9c172000 ---p 00000000 00:00 0 
7f9a9c172000-7f9a9c270000 rw-p 00000000 00:00 0 
7f9a9c270000-7f9a9c273000 ---p 00000000 00:00 0 
7f9a9c273000-7f9a9c371000 rw-p 00000000 00:00 0 
7f9a9c371000-7f9a9c3cf000 r--s 00592000 08:02 4587821                    /home/jam/Applications/grails-2.1.1/lib/org.codehaus.groovy/groovy-all/jars/groovy-all-1.8.8.jar
7f9a9c3cf000-7f9a9c3d2000 ---p 00000000 00:00 0 
7f9a9c3d2000-7f9a9c4d0000 rw-p 00000000 00:00 0 
7f9a9c4d0000-7f9a9ccab000 r--p 00000000 08:02 16128286                   /usr/lib/locale/locale-archive
7f9a9ccab000-7f9a9ccae000 ---p 00000000 00:00 0 
7f9a9ccae000-7f9a9cdac000 rw-p 00000000 00:00 0 
7f9a9cdac000-7f9a9cdaf000 ---p 00000000 00:00 0 
7f9a9cdaf000-7f9a9cead000 rw-p 00000000 00:00 0 
7f9a9cead000-7f9a9ceae000 ---p 00000000 00:00 0 
7f9a9ceae000-7f9a9d4e6000 rw-p 00000000 00:00 0 
7f9a9d4e6000-7f9a9d678000 r--s 037bf000 08:02 18616443                   /usr/lib/jvm/java-6-openjdk-amd64/jre/lib/rt.jar
7f9a9d678000-7f9a9d6a0000 rw-p 00000000 00:00 0 
7f9a9d6a0000-7f9a9d6a1000 ---p 00000000 00:00 0 
7f9a9d6a1000-7f9a9d7a1000 rw-p 00000000 00:00 0 
7f9a9d7a1000-7f9a9d7a2000 ---p 00000000 00:00 0 
7f9a9d7a2000-7f9a9d8a2000 rw-p 00000000 00:00 0 
7f9a9d8a2000-7f9a9d8a3000 ---p 00000000 00:00 0 
7f9a9d8a3000-7f9a9d9a3000 rw-p 00000000 00:00 0 
7f9a9d9a3000-7f9a9d9a4000 ---p 00000000 00:00 0 
7f9a9d9a4000-7f9a9dca4000 rw-p 00000000 00:00 0 
7f9a9dca4000-7f9a9de25000 rw-p 00000000 00:00 0 
7f9a9de25000-7f9a9de2c000 r-xp 00000000 08:02 18748006                   /usr/lib/jvm/java-6-openjdk-amd64/jre/lib/amd64/libzip.so
7f9a9de2c000-7f9a9e02b000 ---p 00007000 08:02 18748006                   /usr/lib/jvm/java-6-openjdk-amd64/jre/lib/amd64/libzip.so
7f9a9e02b000-7f9a9e02c000 r--p 00006000 08:02 18748006                   /usr/lib/jvm/java-6-openjdk-amd64/jre/lib/amd64/libzip.so
7f9a9e02c000-7f9a9e02d000 rw-p 00007000 08:02 18748006                   /usr/lib/jvm/java-6-openjdk-amd64/jre/lib/amd64/libzip.so
7f9a9e02d000-7f9a9e039000 r-xp 00000000 08:02 16256549                   /lib/x86_64-linux-gnu/libnss_files-2.15.so
7f9a9e039000-7f9a9e238000 ---p 0000c000 08:02 16256549                   /lib/x86_64-linux-gnu/libnss_files-2.15.so
7f9a9e238000-7f9a9e239000 r--p 0000b000 08:02 16256549                   /lib/x86_64-linux-gnu/libnss_files-2.15.so
7f9a9e239000-7f9a9e23a000 rw-p 0000c000 08:02 16256549                   /lib/x86_64-linux-gnu/libnss_files-2.15.so
7f9a9e23a000-7f9a9e244000 r-xp 00000000 08:02 16256553                   /lib/x86_64-linux-gnu/libnss_nis-2.15.so
7f9a9e244000-7f9a9e444000 ---p 0000a000 08:02 16256553                   /lib/x86_64-linux-gnu/libnss_nis-2.15.so
7f9a9e444000-7f9a9e445000 r--p 0000a000 08:02 16256553                   /lib/x86_64-linux-gnu/libnss_nis-2.15.so
7f9a9e445000-7f9a9e446000 rw-p 0000b000 08:02 16256553                   /lib/x86_64-linux-gnu/libnss_nis-2.15.so
7f9a9e446000-7f9a9e45d000 r-xp 00000000 08:02 16256543                   /lib/x86_64-linux-gnu/libnsl-2.15.so
7f9a9e45d000-7f9a9e65c000 ---p 00017000 08:02 16256543                   /lib/x86_64-linux-gnu/libnsl-2.15.so
7f9a9e65c000-7f9a9e65d000 r--p 00016000 08:02 16256543                   /lib/x86_64-linux-gnu/libnsl-2.15.so
7f9a9e65d000-7f9a9e65e000 rw-p 00017000 08:02 16256543                   /lib/x86_64-linux-gnu/libnsl-2.15.so
7f9a9e65e000-7f9a9e660000 rw-p 00000000 00:00 0 
7f9a9e660000-7f9a9e668000 r-xp 00000000 08:02 16256545                   /lib/x86_64-linux-gnu/libnss_compat-2.15.so
7f9a9e668000-7f9a9e867000 ---p 00008000 08:02 16256545                   /lib/x86_64-linux-gnu/libnss_compat-2.15.so
7f9a9e867000-7f9a9e868000 r--p 00007000 08:02 16256545                   /lib/x86_64-linux-gnu/libnss_compat-2.15.so
7f9a9e868000-7f9a9e869000 rw-p 00008000 08:02 16256545                   /lib/x86_64-linux-gnu/libnss_compat-2.15.so
7f9a9e869000-7f9a9e872000 r-xp 00000000 08:02 18747976                   /usr/lib/jvm/java-6-openjdk-amd64/jre/lib/amd64/libinstrument.so
7f9a9e872000-7f9a9ea72000 ---p 00009000 08:02 18747976                   /usr/lib/jvm/java-6-openjdk-amd64/jre/lib/amd64/libinstrument.so
7f9a9ea72000-7f9a9ea73000 r--p 00009000 08:02 18747976                   /usr/lib/jvm/java-6-openjdk-amd64/jre/lib/amd64/libinstrument.so
7f9a9ea73000-7f9a9ea74000 rw-p 0000a000 08:02 18747976                   /usr/lib/jvm/java-6-openjdk-amd64/jre/lib/amd64/libinstrument.so
7f9a9ea74000-7f9a9eaa0000 r-xp 00000000 08:02 18747994                   /usr/lib/jvm/java-6-openjdk-amd64/jre/lib/amd64/libjava.so
7f9a9eaa0000-7f9a9ec9f000 ---p 0002c000 08:02 18747994                   /usr/lib/jvm/java-6-openjdk-amd64/jre/lib/amd64/libjava.so
7f9a9ec9f000-7f9a9eca0000 r--p 0002b000 08:02 18747994                   /usr/lib/jvm/java-6-openjdk-amd64/jre/lib/amd64/libjava.so
7f9a9eca0000-7f9a9eca3000 rw-p 0002c000 08:02 18747994                   /usr/lib/jvm/java-6-openjdk-amd64/jre/lib/amd64/libjava.so
7f9a9eca3000-7f9a9ecb1000 r-xp 00000000 08:02 18747993                   /usr/lib/jvm/java-6-openjdk-amd64/jre/lib/amd64/libverify.so
7f9a9ecb1000-7f9a9eeb0000 ---p 0000e000 08:02 18747993                   /usr/lib/jvm/java-6-openjdk-amd64/jre/lib/amd64/libverify.so
7f9a9eeb0000-7f9a9eeb2000 r--p 0000d000 08:02 18747993                   /usr/lib/jvm/java-6-openjdk-amd64/jre/lib/amd64/libverify.so
7f9a9eeb2000-7f9a9eeb3000 rw-p 0000f000 08:02 18747993                   /usr/lib/jvm/java-6-openjdk-amd64/jre/lib/amd64/libverify.so
7f9a9eeb3000-7f9a9eeba000 r-xp 00000000 08:02 16256584                   /lib/x86_64-linux-gnu/librt-2.15.so
7f9a9eeba000-7f9a9f0b9000 ---p 00007000 08:02 16256584                   /lib/x86_64-linux-gnu/librt-2.15.so
7f9a9f0b9000-7f9a9f0ba000 r--p 00006000 08:02 16256584                   /lib/x86_64-linux-gnu/librt-2.15.so
7f9a9f0ba000-7f9a9f0bb000 rw-p 00007000 08:02 16256584                   /lib/x86_64-linux-gnu/librt-2.15.so
7f9a9f0bb000-7f9a9f0d0000 r-xp 00000000 08:02 16256519                   /lib/x86_64-linux-gnu/libgcc_s.so.1
7f9a9f0d0000-7f9a9f2cf000 ---p 00015000 08:02 16256519                   /lib/x86_64-linux-gnu/libgcc_s.so.1
7f9a9f2cf000-7f9a9f2d0000 r--p 00014000 08:02 16256519                   /lib/x86_64-linux-gnu/libgcc_s.so.1
7f9a9f2d0000-7f9a9f2d1000 rw-p 00015000 08:02 16256519                   /lib/x86_64-linux-gnu/libgcc_s.so.1
7f9a9f2d1000-7f9a9f3ca000 r-xp 00000000 08:02 16256530                   /lib/x86_64-linux-gnu/libm-2.15.so
7f9a9f3ca000-7f9a9f5c9000 ---p 000f9000 08:02 16256530                   /lib/x86_64-linux-gnu/libm-2.15.so
7f9a9f5c9000-7f9a9f5ca000 r--p 000f8000 08:02 16256530                   /lib/x86_64-linux-gnu/libm-2.15.so
7f9a9f5ca000-7f9a9f5cb000 rw-p 000f9000 08:02 16256530                   /lib/x86_64-linux-gnu/libm-2.15.so
7f9a9f5cb000-7f9a9f6ad000 r-xp 00000000 08:02 16129397                   /usr/lib/x86_64-linux-gnu/libstdc++.so.6.0.16
7f9a9f6ad000-7f9a9f8ac000 ---p 000e2000 08:02 16129397                   /usr/lib/x86_64-linux-gnu/libstdc++.so.6.0.16
7f9a9f8ac000-7f9a9f8b4000 r--p 000e1000 08:02 16129397                   /usr/lib/x86_64-linux-gnu/libstdc++.so.6.0.16
7f9a9f8b4000-7f9a9f8b6000 rw-p 000e9000 08:02 16129397                   /usr/lib/x86_64-linux-gnu/libstdc++.so.6.0.16
7f9a9f8b6000-7f9a9f8cb000 rw-p 00000000 00:00 0 
7f9a9f8cb000-7f9aa01cf000 r-xp 00000000 08:02 18877146                   /usr/lib/jvm/java-6-openjdk-amd64/jre/lib/amd64/server/libjvm.so
7f9aa01cf000-7f9aa03cf000 ---p 00904000 08:02 18877146                   /usr/lib/jvm/java-6-openjdk-amd64/jre/lib/amd64/server/libjvm.so
7f9aa03cf000-7f9aa044f000 r--p 00904000 08:02 18877146                   /usr/lib/jvm/java-6-openjdk-amd64/jre/lib/amd64/server/libjvm.so
7f9aa044f000-7f9aa046a000 rw-p 00984000 08:02 18877146                   /usr/lib/jvm/java-6-openjdk-amd64/jre/lib/amd64/server/libjvm.so
7f9aa046a000-7f9aa0493000 rw-p 00000000 00:00 0 
7f9aa0493000-7f9aa04a9000 r-xp 00000000 08:02 16256609                   /lib/x86_64-linux-gnu/libz.so.1.2.3.4
7f9aa04a9000-7f9aa06a8000 ---p 00016000 08:02 16256609                   /lib/x86_64-linux-gnu/libz.so.1.2.3.4
7f9aa06a8000-7f9aa06a9000 r--p 00015000 08:02 16256609                   /lib/x86_64-linux-gnu/libz.so.1.2.3.4
7f9aa06a9000-7f9aa06aa000 rw-p 00016000 08:02 16256609                   /lib/x86_64-linux-gnu/libz.so.1.2.3.4
7f9aa06aa000-7f9aa085d000 r-xp 00000000 08:02 16256498                   /lib/x86_64-linux-gnu/libc-2.15.so
7f9aa085d000-7f9aa0a5c000 ---p 001b3000 08:02 16256498                   /lib/x86_64-linux-gnu/libc-2.15.so
7f9aa0a5c000-7f9aa0a60000 r--p 001b2000 08:02 16256498                   /lib/x86_64-linux-gnu/libc-2.15.so
7f9aa0a60000-7f9aa0a62000 rw-p 001b6000 08:02 16256498                   /lib/x86_64-linux-gnu/libc-2.15.so
7f9aa0a62000-7f9aa0a67000 rw-p 00000000 00:00 0 
7f9aa0a67000-7f9aa0a69000 r-xp 00000000 08:02 16256511                   /lib/x86_64-linux-gnu/libdl-2.15.so
7f9aa0a69000-7f9aa0c69000 ---p 00002000 08:02 16256511                   /lib/x86_64-linux-gnu/libdl-2.15.so
7f9aa0c69000-7f9aa0c6a000 r--p 00002000 08:02 16256511                   /lib/x86_64-linux-gnu/libdl-2.15.so
7f9aa0c6a000-7f9aa0c6b000 rw-p 00003000 08:02 16256511                   /lib/x86_64-linux-gnu/libdl-2.15.so
7f9aa0c6b000-7f9aa0c6f000 r-xp 00000000 08:02 18747978                   /usr/lib/jvm/java-6-openjdk-amd64/jre/lib/amd64/jli/libjli.so
7f9aa0c6f000-7f9aa0e6e000 ---p 00004000 08:02 18747978                   /usr/lib/jvm/java-6-openjdk-amd64/jre/lib/amd64/jli/libjli.so
7f9aa0e6e000-7f9aa0e6f000 r--p 00003000 08:02 18747978                   /usr/lib/jvm/java-6-openjdk-amd64/jre/lib/amd64/jli/libjli.so
7f9aa0e6f000-7f9aa0e70000 rw-p 00004000 08:02 18747978                   /usr/lib/jvm/java-6-openjdk-amd64/jre/lib/amd64/jli/libjli.so
7f9aa0e70000-7f9aa0e88000 r-xp 00000000 08:02 16256578                   /lib/x86_64-linux-gnu/libpthread-2.15.so
7f9aa0e88000-7f9aa1087000 ---p 00018000 08:02 16256578                   /lib/x86_64-linux-gnu/libpthread-2.15.so
7f9aa1087000-7f9aa1088000 r--p 00017000 08:02 16256578                   /lib/x86_64-linux-gnu/libpthread-2.15.so
7f9aa1088000-7f9aa1089000 rw-p 00018000 08:02 16256578                   /lib/x86_64-linux-gnu/libpthread-2.15.so
7f9aa1089000-7f9aa108d000 rw-p 00000000 00:00 0 
7f9aa108d000-7f9aa10af000 r-xp 00000000 08:02 16256478                   /lib/x86_64-linux-gnu/ld-2.15.so
7f9aa10af000-7f9aa10b0000 r--s 00001000 08:02 4721467                    /home/jam/.grails/ivy-cache/org.apache.ant/ant-trax/jars/ant-trax-1.7.1.jar
7f9aa10b0000-7f9aa10b7000 r--s 000fb000 08:02 18489889                   /usr/lib/jvm/java-6-openjdk-common/jre/lib/resources.jar
7f9aa10b7000-7f9aa10be000 r--s 00067000 08:02 15730908                   /home/jam/Applications/grails-2.1.1/lib/com.springsource.springloaded/springloaded-core/jars/springloaded-core-1.0.6.jar
7f9aa10be000-7f9aa10c7000 r--s 000a8000 08:02 15731003                   /home/jam/Applications/grails-2.1.1/dist/grails-bootstrap-2.1.1.jar
7f9aa10c7000-7f9aa10d8000 rw-p 00000000 00:00 0 
7f9aa10d8000-7f9aa1187000 rw-p 00000000 00:00 0 
7f9aa1187000-7f9aa118a000 ---p 00000000 00:00 0 
7f9aa118a000-7f9aa128d000 rw-p 00000000 00:00 0 
7f9aa128d000-7f9aa128f000 r--s 00008000 08:02 4587896                    /home/jam/Applications/grails-2.1.1/lib/org.fusesource.jansi/jansi/jars/jansi-1.2.1.jar
7f9aa128f000-7f9aa1291000 r--s 00015000 08:02 15862296                   /home/jam/Applications/grails-2.1.1/lib/jline/jline/jars/jline-1.0.jar
7f9aa1291000-7f9aa1294000 r--s 0007d000 08:02 18489867                   /usr/lib/jvm/java-6-openjdk-common/jre/lib/jsse.jar
7f9aa1294000-7f9aa1298000 r--s 00038000 08:02 18489882                   /usr/lib/jvm/java-6-openjdk-common/jre/lib/ext/sunpkcs11.jar
7f9aa1298000-7f9aa129b000 r--s 00031000 08:02 18489884                   /usr/lib/jvm/java-6-openjdk-common/jre/lib/ext/sunjce_provider.jar
7f9aa129b000-7f9aa129c000 r--s 00007000 08:02 16651090                   /usr/share/java/java-atk-wrapper.jar
7f9aa129c000-7f9aa129f000 r--s 00077000 08:02 18489883                   /usr/lib/jvm/java-6-openjdk-common/jre/lib/ext/localedata.jar
7f9aa129f000-7f9aa12a1000 r--s 00001000 08:02 18489885                   /usr/lib/jvm/java-6-openjdk-common/jre/lib/ext/dnsns.jar
7f9aa12a1000-7f9aa12a3000 r--s 0000f000 08:02 18489886                   /usr/lib/jvm/java-6-openjdk-common/jre/lib/ext/pulse-java.jar
7f9aa12a3000-7f9aa12ab000 rw-s 00000000 08:02 8650852                    /tmp/hsperfdata_jam/8265
7f9aa12ab000-7f9aa12ac000 rw-p 00000000 00:00 0 
7f9aa12ac000-7f9aa12ad000 r--p 00000000 00:00 0 
7f9aa12ad000-7f9aa12af000 rw-p 00000000 00:00 0 
7f9aa12af000-7f9aa12b0000 r--p 00022000 08:02 16256478                   /lib/x86_64-linux-gnu/ld-2.15.so
7f9aa12b0000-7f9aa12b2000 rw-p 00023000 08:02 16256478                   /lib/x86_64-linux-gnu/ld-2.15.so
7fff2f6cd000-7fff2f6ee000 rw-p 00000000 00:00 0                          [stack]
7fff2f750000-7fff2f751000 r-xp 00000000 00:00 0                          [vdso]
ffffffffff600000-ffffffffff601000 r-xp 00000000 00:00 0                  [vsyscall]

VM Arguments:
jvm_args: -Xmx768M -Xms768M -XX:PermSize=256m -XX:MaxPermSize=256m -Dfile.encoding=UTF-8 -Dserver.port=8080 -Djline.WindowsTerminal.directConsole=false -javaagent:/home/jam/Applications/grails-2.1.1/lib/com.springsource.springloaded/springloaded-core/jars/springloaded-core-1.0.6.jar -Xverify:none -Dspringloaded=profile=grails;cacheDir=/home/jam/.grails/2.1.1/ -Dgrails.home=/home/jam/Applications/grails-2.1.1 -Dtools.jar=/usr/lib/jvm/default-java/lib/tools.jar 
java_command: org.codehaus.groovy.grails.cli.support.GrailsStarter --main org.codehaus.groovy.grails.cli.GrailsScriptRunner --conf /home/jam/Applications/grails-2.1.1/conf/groovy-starter.conf --classpath   run-app
Launcher Type: SUN_STANDARD

Environment Variables:
JAVA_HOME=/usr/lib/jvm/default-java
PATH=/usr/lib/lightdm/lightdm:/usr/local/sbin:/usr/local/bin:/usr/sbin:/usr/bin:/sbin:/bin:/usr/games
LD_LIBRARY_PATH=/usr/lib/jvm/java-6-openjdk-amd64/jre/lib/amd64/server:/usr/lib/jvm/java-6-openjdk-amd64/jre/lib/amd64:/usr/lib/jvm/java-6-openjdk-amd64/jre/../lib/amd64
SHELL=/bin/bash
DISPLAY=:0

Signal Handlers:
SIGSEGV: [libjvm.so+0x784310], sa_mask[0]=0x7ffbfeff, sa_flags=0x10000004
SIGBUS: [libjvm.so+0x784310], sa_mask[0]=0x7ffbfeff, sa_flags=0x10000004
SIGFPE: [libjvm.so+0x648580], sa_mask[0]=0x7ffbfeff, sa_flags=0x10000004
SIGPIPE: SIG_IGN, sa_mask[0]=0x00000000, sa_flags=0x00000000
SIGXFSZ: [libjvm.so+0x648580], sa_mask[0]=0x7ffbfeff, sa_flags=0x10000004
SIGILL: [libjvm.so+0x648580], sa_mask[0]=0x7ffbfeff, sa_flags=0x10000004
SIGUSR1: SIG_DFL, sa_mask[0]=0x00000000, sa_flags=0x00000000
SIGUSR2: [libjvm.so+0x648730], sa_mask[0]=0x00000004, sa_flags=0x10000004
SIGHUP: [libjvm.so+0x64b250], sa_mask[0]=0x7ffbfeff, sa_flags=0x10000004
SIGINT: SIG_IGN, sa_mask[0]=0x00000000, sa_flags=0x00000000
SIGTERM: [libjvm.so+0x64b250], sa_mask[0]=0x7ffbfeff, sa_flags=0x10000004
SIGQUIT: [libjvm.so+0x64b250], sa_mask[0]=0x7ffbfeff, sa_flags=0x10000004


---------------  S Y S T E M  ---------------

OS:Ubuntu 12.04 (precise)
uname:Linux 3.2.0-30-generic #48-Ubuntu SMP Fri Aug 24 16:52:48 UTC 2012 x86_64
libc:glibc 2.15 NPTL 2.15 
rlimit: STACK 8192k, CORE 0k, NPROC 59519, NOFILE 4096, AS infinity
load average:1.13 0.64 0.83

/proc/meminfo:
MemTotal:        7636272 kB
MemFree:         2347688 kB
Buffers:          157968 kB
Cached:          2310228 kB
SwapCached:            0 kB
Active:          3742524 kB
Inactive:        1006752 kB
Active(anon):    2282068 kB
Inactive(anon):    10452 kB
Active(file):    1460456 kB
Inactive(file):   996300 kB
Unevictable:          44 kB
Mlocked:              44 kB
SwapTotal:       7837776 kB
SwapFree:        7837776 kB
Dirty:               660 kB
Writeback:             0 kB
AnonPages:       2281528 kB
Mapped:           365304 kB
Shmem:             11444 kB
Slab:             123688 kB
SReclaimable:      85260 kB
SUnreclaim:        38428 kB
KernelStack:        4808 kB
PageTables:        49544 kB
NFS_Unstable:          0 kB
Bounce:                0 kB
WritebackTmp:          0 kB
CommitLimit:    11655912 kB
Committed_AS:    6614388 kB
VmallocTotal:   34359738367 kB
VmallocUsed:      135768 kB
VmallocChunk:   34359600404 kB
HardwareCorrupted:     0 kB
AnonHugePages:         0 kB
HugePages_Total:       0
HugePages_Free:        0
HugePages_Rsvd:        0
HugePages_Surp:        0
Hugepagesize:       2048 kB
DirectMap4k:      262144 kB
DirectMap2M:     6535168 kB
DirectMap1G:     1048576 kB


CPU:total 4 (4 cores per cpu, 1 threads per core) family 18 model 1 stepping 0, cmov, cx8, fxsr, mmx, sse, sse2, sse3, popcnt, mmxext, 3dnowpref, lzcnt, sse4a

Memory: 4k page, physical 7636272k(2347688k free), swap 7837776k(7837776k free)

vm_info: OpenJDK 64-Bit Server VM (20.0-b12) for linux-amd64 JRE (1.6.0_24-b24), built on Sep  2 2012 19:50:47 by "buildd" with gcc 4.6.3

time: Mon Sep 17 22:54:00 2012
elapsed time: 12 seconds

