#
# A fatal error has been detected by the Java Runtime Environment:
#
#  SIGSEGV (0xb) at pc=0x00007f11b6b9608b, pid=22182, tid=139713747142400
#
# JRE version: 6.0_24-b24
# Java VM: OpenJDK 64-Bit Server VM (20.0-b12 mixed mode linux-amd64 compressed oops)
# Derivative: IcedTea6 1.11.4
# Distribution: Ubuntu 12.04 LTS, package 6b24-1.11.4-1ubuntu0.12.04.1
# Problematic frame:
# V  [libjvm.so+0x6c508b]  SharedRuntime::slow_arraycopy_C(oopDesc*, int, oopDesc*, int, int, JavaThread*)+0x4b
#
# If you would like to submit a bug report, please include
# instructions how to reproduce the bug and visit:
#   https://bugs.launchpad.net/ubuntu/+source/openjdk-6/
#

---------------  T H R E A D  ---------------

Current thread (0x00007f11280ee800):  JavaThread "DefaultPluginScheduler_Worker-1" [_thread_in_vm, id=22235, stack(0x00007f11a434c000,0x00007f11a444d000)]

siginfo:si_signo=SIGSEGV: si_errno=0, si_code=1 (SEGV_MAPERR), si_addr=0x0000000000000010

Registers:
RAX=0x0000000000000000, RBX=0x00007f11280ee800, RCX=0x0000000000000000, RDX=0x00000000fdf37600
RSP=0x00007f11a444a2f0, RBP=0x00007f11a444a320, RSI=0x0000000000000000, RDI=0x0000000000000010
R8 =0x000000000000009a, R9 =0x00007f11280ee800, R10=0x00000000fdb36e60, R11=0x0000000000000000
R12=0x0000000000000000, R13=0x00000000fdf37290, R14=0x00000000fdf37290, R15=0x00007f11280ee800
RIP=0x00007f11b6b9608b, EFLAGS=0x0000000000010246, CSGSFS=0x0000000000000033, ERR=0x0000000000000004
  TRAPNO=0x000000000000000e

Top of Stack: (sp=0x00007f11a444a2f0)
0x00007f11a444a2f0:   00000000c00243f8 00007f11ad781918
0x00007f11a444a300:   0000000000000031 000000000000009a
0x00007f11a444a310:   0000000000000000 00000000fdf37290
0x00007f11a444a320:   00000000fdf37290 00007f11ad05d4c6
0x00007f11a444a330:   00000000fdf37290 00007f11ad795e04
0x00007f11a444a340:   00000000fdf375d0 0000009aad53c4c8
0x00007f11a444a350:   00000000fdf37290 0000000000000000
0x00007f11a444a360:   00000000fdf37600 00000000fdf37290
0x00007f11a444a370:   00000000c68a0230 00000000fdf375d0
0x00007f11a444a380:   0000000000002000 00000090ad05dcbd
0x00007f11a444a390:   00000000dbb903c8 00007f11ad787bf8
0x00007f11a444a3a0:   0000000000000000 00007f11ad062dec
0x00007f11a444a3b0:   0000000000000000 00000000fdf37290
0x00007f11a444a3c0:   0000000000000000 00000000fdf37290
0x00007f11a444a3d0:   0000000000000007 0000000000000000
0x00007f11a444a3e0:   0000000000000000 00000000fdf375d0
0x00007f11a444a3f0:   00000000c575e320 00000001d0937f90
0x00007f11a444a400:   00000000d0937f90 000000000000005c
0x00007f11a444a410:   00000000c00e3908 00000000fdf37538
0x00007f11a444a420:   00000000fdf375b0 00007f11ad77a608
0x00007f11a444a430:   0000000000000000 00000000dbbde7e0
0x00007f11a444a440:   00000000fdf375b0 00000000d987aa08
0x00007f11a444a450:   00000000c575be10 00000000c575e320
0x00007f11a444a460:   c575e32000000000 00000000dbbcea40
0x00007f11a444a470:   00000000d987aa08 00007f11ad79b1b0
0x00007f11a444a480:   00000000dbbce880 00007f11ad855d84
0x00007f11a444a490:   0000000000000029 00000000fdf36fa8
0x00007f11a444a4a0:   00000000dbb7e9b0 00000000fdf375b0
0x00007f11a444a4b0:   00000000dbb7e9b0 00000000fdf322c0
0x00007f11a444a4c0:   00000000fdf375b0 00007f11ad8372b4
0x00007f11a444a4d0:   00000000d05b1d30 00000000fdf37580
0x00007f11a444a4e0:   00000000dbbce880 00007f11ad7dcedc 

Instructions: (pc=0x00007f11b6b9608b)
0x00007f11b6b9606b:   85 ff 0f 84 dd 00 00 00 48 8b 05 66 a2 4b 00 80
0x00007f11b6b9607b:   38 00 0f 85 fd 00 00 00 48 8b 47 08 48 8d 78 10
0x00007f11b6b9608b:   48 8b 40 10 45 89 c1 48 89 d1 48 89 1c 24 89 f2
0x00007f11b6b9609b:   45 89 d8 4c 89 d6 ff 50 48 4c 8b 63 48 49 8b 7c 

Register to memory mapping:

RAX=0x0000000000000000 is an unknown value
RBX=0x00007f11280ee800 is a thread
RCX=0x0000000000000000 is an unknown value
RDX=0x00000000fdf37600 is an oop
[C 
 - klass: {type array char}
 - length: 8192
RSP=0x00007f11a444a2f0 is pointing into the stack for thread: 0x00007f11280ee800
RBP=0x00007f11a444a320 is pointing into the stack for thread: 0x00007f11280ee800
RSI=0x0000000000000000 is an unknown value
RDI=0x0000000000000010 is an unknown value
R8 =0x000000000000009a is an unknown value
R9 =0x00007f11280ee800 is a thread
R10=0x00000000fdb36e60 is an unknown value
R11=0x0000000000000000 is an unknown value
R12=0x0000000000000000 is an unknown value
R13=0x00000000fdf37290 is an oop
java.io.StringReader 
 - klass: 'java/io/StringReader'
R14=0x00000000fdf37290 is an oop
java.io.StringReader 
 - klass: 'java/io/StringReader'
R15=0x00007f11280ee800 is a thread


Stack: [0x00007f11a434c000,0x00007f11a444d000],  sp=0x00007f11a444a2f0,  free space=1016k
Native frames: (J=compiled Java code, j=interpreted, Vv=VM code, C=native code)
V  [libjvm.so+0x6c508b]  SharedRuntime::slow_arraycopy_C(oopDesc*, int, oopDesc*, int, int, JavaThread*)+0x4b

Java frames: (J=compiled Java code, j=interpreted, Vv=VM code)
v  ~RuntimeStub::_slow_arraycopy_Java
J  java.io.BufferedReader.fill()V
J  java.io.BufferedReader.readLine(Z)Ljava/lang/String;
J  au.com.bytecode.opencsv.CSVReader$readNext.call(Ljava/lang/Object;)Ljava/lang/Object;
J  org.grails.plugins.csv.CSVReaderUtils.eachLine(Lau/com/bytecode/opencsv/CSVReader;Lgroovy/lang/Closure;)V
J  org.grails.plugins.csv.CSVReaderUtils$eachLine.callStatic(Ljava/lang/Class;Ljava/lang/Object;Ljava/lang/Object;)Ljava/lang/Object;
J  org.grails.plugins.csv.CSVReaderUtils.eachLine(Ljava/lang/String;Lgroovy/lang/Closure;)V
J  sun.reflect.GeneratedMethodAccessor480.invoke(Ljava/lang/Object;[Ljava/lang/Object;)Ljava/lang/Object;
J  java.lang.reflect.Method.invoke(Ljava/lang/Object;[Ljava/lang/Object;)Ljava/lang/Object;
J  com.springsource.loaded.ri.ReflectiveInterceptor.jlrMethodInvoke(Ljava/lang/reflect/Method;Ljava/lang/Object;[Ljava/lang/Object;)Ljava/lang/Object;
J  org.codehaus.groovy.runtime.callsite.AbstractCallSite.call(Ljava/lang/Object;Ljava/lang/Object;Ljava/lang/Object;)Ljava/lang/Object;
J  CsvGrailsPlugin$_closure4_closure17.doCall(Ljava/lang/Object;)Ljava/lang/Object;
J  sun.reflect.GeneratedMethodAccessor479.invoke(Ljava/lang/Object;[Ljava/lang/Object;)Ljava/lang/Object;
J  java.lang.reflect.Method.invoke(Ljava/lang/Object;[Ljava/lang/Object;)Ljava/lang/Object;
J  com.springsource.loaded.ri.ReflectiveInterceptor.jlrMethodInvoke(Ljava/lang/reflect/Method;Ljava/lang/Object;[Ljava/lang/Object;)Ljava/lang/Object;
J  org.codehaus.groovy.runtime.metaclass.ClosureMetaMethod.invoke(Ljava/lang/Object;[Ljava/lang/Object;)Ljava/lang/Object;
J  org.greens.VoterContactManager.MergeDataService.mergeFloridaVoterRecord(Ljava/lang/String;Ljava/util/Date;)Ljava/lang/Object;
J  org.greens.VoterContactManager.MergeDataService$mergeFloridaVoterRecord.call(Ljava/lang/Object;Ljava/lang/Object;Ljava/lang/Object;)Ljava/lang/Object;
J  org.greens.VoterContactManager.UploadDataService.uploadFloridaVoterData(Ljava/util/zip/ZipInputStream;)Ljava/lang/Object;
v  ~StubRoutines::call_stub
j  sun.reflect.NativeMethodAccessorImpl.invoke0(Ljava/lang/reflect/Method;Ljava/lang/Object;[Ljava/lang/Object;)Ljava/lang/Object;+0
j  sun.reflect.NativeMethodAccessorImpl.invoke(Ljava/lang/Object;[Ljava/lang/Object;)Ljava/lang/Object;+87
J  java.lang.reflect.Method.invoke(Ljava/lang/Object;[Ljava/lang/Object;)Ljava/lang/Object;
J  com.springsource.loaded.ri.ReflectiveInterceptor.jlrMethodInvoke(Ljava/lang/reflect/Method;Ljava/lang/Object;[Ljava/lang/Object;)Ljava/lang/Object;
J  groovy.lang.MetaMethod.doMethodInvoke(Ljava/lang/Object;[Ljava/lang/Object;)Ljava/lang/Object;
j  groovy.lang.MetaClassImpl.invokeStaticMethod(Ljava/lang/Object;Ljava/lang/String;[Ljava/lang/Object;)Ljava/lang/Object;+103
j  groovy.lang.ExpandoMetaClass.invokeStaticMethod(Ljava/lang/Object;Ljava/lang/String;[Ljava/lang/Object;)Ljava/lang/Object;+36
j  org.codehaus.groovy.runtime.InvokerHelper.invokeMethod(Ljava/lang/Object;Ljava/lang/String;Ljava/lang/Object;)Ljava/lang/Object;+39
j  org.codehaus.groovy.runtime.DefaultGroovyMethods.invokeMethod(Ljava/lang/Object;Ljava/lang/String;Ljava/lang/Object;)Ljava/lang/Object;+3
j  org.codehaus.groovy.runtime.dgm$420.invoke(Ljava/lang/Object;[Ljava/lang/Object;)Ljava/lang/Object;+10
j  org.codehaus.groovy.runtime.callsite.StaticMetaMethodSite$StaticMetaMethodSiteNoUnwrapNoCoerce.invoke(Ljava/lang/Object;[Ljava/lang/Object;)Ljava/lang/Object;+6
j  org.codehaus.groovy.runtime.callsite.StaticMetaMethodSite.call(Ljava/lang/Object;[Ljava/lang/Object;)Ljava/lang/Object;+12
j  org.codehaus.groovy.runtime.callsite.CallSiteArray.defaultCall(Lorg/codehaus/groovy/runtime/callsite/CallSite;Ljava/lang/Object;[Ljava/lang/Object;)Ljava/lang/Object;+8
j  org.codehaus.groovy.runtime.callsite.AbstractCallSite.call(Ljava/lang/Object;[Ljava/lang/Object;)Ljava/lang/Object;+3
j  org.codehaus.groovy.runtime.callsite.AbstractCallSite.call(Ljava/lang/Object;Ljava/lang/Object;Ljava/lang/Object;)Ljava/lang/Object;+7
j  grails.plugin.quartz2.InvokeMethodJob.invokeNormal(Lorg/quartz/JobExecutionContext;)V+159
j  grails.plugin.quartz2.InvokeMethodJob$invokeNormal.callCurrent(Lgroovy/lang/GroovyObject;[Ljava/lang/Object;)Ljava/lang/Object;+64
j  org.codehaus.groovy.runtime.callsite.CallSiteArray.defaultCallCurrent(Lorg/codehaus/groovy/runtime/callsite/CallSite;Lgroovy/lang/GroovyObject;[Ljava/lang/Object;)Ljava/lang/Object;+17
j  org.codehaus.groovy.runtime.callsite.AbstractCallSite.callCurrent(Lgroovy/lang/GroovyObject;[Ljava/lang/Object;)Ljava/lang/Object;+3
J  org.codehaus.groovy.runtime.callsite.AbstractCallSite.callCurrent(Lgroovy/lang/GroovyObject;Ljava/lang/Object;)Ljava/lang/Object;
j  grails.plugin.quartz2.InvokeMethodJob.execute(Lorg/quartz/JobExecutionContext;)V+179
j  org.quartz.core.JobRunShell.run()V+285
j  org.quartz.simpl.SimpleThreadPool$WorkerThread.run()V+56
v  ~StubRoutines::call_stub

---------------  P R O C E S S  ---------------

Java Threads: ( => current thread )
  0x00007f1134004000 JavaThread "http-bio-8080-exec-10" daemon [_thread_blocked, id=22312, stack(0x00007f11a464f000,0x00007f11a4750000)]
  0x00007f118c065800 JavaThread "http-bio-8080-exec-9" daemon [_thread_blocked, id=22311, stack(0x00007f11a4e5c000,0x00007f11a4f5d000)]
  0x00007f1174071000 JavaThread "http-bio-8080-exec-8" daemon [_thread_blocked, id=22299, stack(0x00007f116ebec000,0x00007f116eced000)]
  0x00007f116400d800 JavaThread "http-bio-8080-exec-7" daemon [_thread_blocked, id=22298, stack(0x00007f116eced000,0x00007f116edee000)]
  0x00007f115000d000 JavaThread "http-bio-8080-exec-6" daemon [_thread_blocked, id=22293, stack(0x00007f116edee000,0x00007f116eeef000)]
  0x00007f115000b000 JavaThread "http-bio-8080-exec-5" daemon [_thread_blocked, id=22292, stack(0x00007f116eeef000,0x00007f116eff0000)]
  0x00007f1150008800 JavaThread "http-bio-8080-exec-4" daemon [_thread_blocked, id=22289, stack(0x00007f116eff0000,0x00007f116f0f1000)]
  0x00007f1150006800 JavaThread "http-bio-8080-exec-3" daemon [_thread_blocked, id=22288, stack(0x00007f116f0f1000,0x00007f116f1f2000)]
  0x00007f1150004800 JavaThread "http-bio-8080-exec-2" daemon [_thread_blocked, id=22287, stack(0x00007f116f1f2000,0x00007f116f2f3000)]
  0x00007f1150003000 JavaThread "http-bio-8080-exec-1" daemon [_thread_blocked, id=22286, stack(0x00007f116f2f3000,0x00007f116f3f4000)]
  0x00007f11b0764000 JavaThread "Thread-12" daemon [_thread_blocked, id=22251, stack(0x00007f116f3f4000,0x00007f116f4f5000)]
  0x00007f11b0be6000 JavaThread "Thread-11" [_thread_in_native, id=22250, stack(0x00007f116f4f5000,0x00007f116f5f6000)]
  0x00007f11b03ca800 JavaThread "http-bio-8080-AsyncTimeout" daemon [_thread_blocked, id=22249, stack(0x00007f116f5f6000,0x00007f116f6f7000)]
  0x00007f11b0817800 JavaThread "http-bio-8080-Acceptor-0" daemon [_thread_in_native, id=22248, stack(0x00007f116f6f7000,0x00007f116f7f8000)]
  0x00007f11b0109800 JavaThread "ContainerBackgroundProcessor[StandardEngine[Tomcat]]" daemon [_thread_blocked, id=22247, stack(0x00007f116f7f8000,0x00007f116f8f9000)]
  0x00007f11284ff800 JavaThread "DefaultPluginScheduler_QuartzSchedulerThread" [_thread_blocked, id=22245, stack(0x00007f116f8f9000,0x00007f116f9fa000)]
  0x00007f112827c000 JavaThread "DefaultPluginScheduler_Worker-10" [_thread_blocked, id=22244, stack(0x00007f116f9fa000,0x00007f116fafb000)]
  0x00007f112808b800 JavaThread "DefaultPluginScheduler_Worker-9" [_thread_blocked, id=22243, stack(0x00007f116fafb000,0x00007f116fbfc000)]
  0x00007f1128076800 JavaThread "DefaultPluginScheduler_Worker-8" [_thread_blocked, id=22242, stack(0x00007f116fbfc000,0x00007f116fcfd000)]
  0x00007f1128028000 JavaThread "DefaultPluginScheduler_Worker-7" [_thread_blocked, id=22241, stack(0x00007f116fcfd000,0x00007f116fdfe000)]
  0x00007f112842c800 JavaThread "DefaultPluginScheduler_Worker-6" [_thread_blocked, id=22240, stack(0x00007f116fdfe000,0x00007f116feff000)]
  0x00007f112833b000 JavaThread "DefaultPluginScheduler_Worker-5" [_thread_blocked, id=22239, stack(0x00007f116feff000,0x00007f1170000000)]
  0x00007f1128584000 JavaThread "DefaultPluginScheduler_Worker-4" [_thread_blocked, id=22238, stack(0x00007f11a4049000,0x00007f11a414a000)]
  0x00007f11285c8800 JavaThread "DefaultPluginScheduler_Worker-3" [_thread_blocked, id=22237, stack(0x00007f11a414a000,0x00007f11a424b000)]
  0x00007f112852b800 JavaThread "DefaultPluginScheduler_Worker-2" [_thread_blocked, id=22236, stack(0x00007f11a424b000,0x00007f11a434c000)]
=>0x00007f11280ee800 JavaThread "DefaultPluginScheduler_Worker-1" [_thread_in_vm, id=22235, stack(0x00007f11a434c000,0x00007f11a444d000)]
  0x00007f11285cb800 JavaThread "org.hibernate.cache.StandardQueryCache.data" daemon [_thread_blocked, id=22234, stack(0x00007f11a444d000,0x00007f11a454e000)]
  0x00007f11285f1800 JavaThread "org.hibernate.cache.UpdateTimestampsCache.data" daemon [_thread_blocked, id=22233, stack(0x00007f11a454e000,0x00007f11a464f000)]
  0x00007f1128447800 JavaThread "net.sf.ehcache.CacheManager@70ccbb35" daemon [_thread_blocked, id=22232, stack(0x00007f11a5563000,0x00007f11a5664000)]
  0x00007f11b090e000 JavaThread "pool-4-thread-5" [_thread_blocked, id=22229, stack(0x00007f11a4957000,0x00007f11a4a58000)]
  0x00007f11b027c800 JavaThread "pool-4-thread-4" [_thread_blocked, id=22228, stack(0x00007f11a4a58000,0x00007f11a4b59000)]
  0x00007f11b027c000 JavaThread "pool-4-thread-3" [_thread_blocked, id=22227, stack(0x00007f11a4b59000,0x00007f11a4c5a000)]
  0x00007f11b0929800 JavaThread "pool-4-thread-2" [_thread_blocked, id=22226, stack(0x00007f11a4c5a000,0x00007f11a4d5b000)]
  0x00007f11b0929000 JavaThread "pool-4-thread-1" [_thread_blocked, id=22225, stack(0x00007f11a4d5b000,0x00007f11a4e5c000)]
  0x00007f11b0d17800 JavaThread "pool-3-thread-5" [_thread_blocked, id=22223, stack(0x00007f11a4f5d000,0x00007f11a505e000)]
  0x00007f11b0d16800 JavaThread "pool-3-thread-4" [_thread_blocked, id=22222, stack(0x00007f11a505e000,0x00007f11a515f000)]
  0x00007f11b07c5000 JavaThread "pool-3-thread-3" [_thread_blocked, id=22221, stack(0x00007f11a515f000,0x00007f11a5260000)]
  0x00007f11b07c4800 JavaThread "pool-3-thread-2" [_thread_blocked, id=22220, stack(0x00007f11a5260000,0x00007f11a5361000)]
  0x00007f11b0c98000 JavaThread "pool-3-thread-1" [_thread_blocked, id=22219, stack(0x00007f11a5361000,0x00007f11a5462000)]
  0x00007f11b0cb6800 JavaThread "FileSystemWatcher: files=#375 cl=java.net.URLClassLoader@5db18235" daemon [_thread_blocked, id=22218, stack(0x00007f11a5462000,0x00007f11a5563000)]
  0x00007f11b094e000 JavaThread "pool-2-thread-1" [_thread_blocked, id=22216, stack(0x00007f11a5c8b000,0x00007f11a5d8c000)]
  0x00007f11b0935000 JavaThread "Synchronizer (Spring UAA/1.0.1)" daemon [_thread_blocked, id=22215, stack(0x00007f11a5d8c000,0x00007f11a5e8d000)]
  0x00007f11b0667800 JavaThread "Timer-0" daemon [_thread_blocked, id=22214, stack(0x00007f11a7802000,0x00007f11a7903000)]
  0x00007f11b00e3800 JavaThread "Low Memory Detector" daemon [_thread_blocked, id=22206, stack(0x00007f11a7bfc000,0x00007f11a7cfd000)]
  0x00007f11b00e9000 JavaThread "C2 CompilerThread1" daemon [_thread_blocked, id=22205, stack(0x00007f11a7cfd000,0x00007f11a7dfe000)]
  0x00007f11b00ea800 JavaThread "C2 CompilerThread0" daemon [_thread_blocked, id=22204, stack(0x00007f11a7dfe000,0x00007f11a7eff000)]
  0x00007f11b008c000 JavaThread "Signal Dispatcher" daemon [_thread_blocked, id=22203, stack(0x00007f11a7eff000,0x00007f11a8000000)]
  0x00007f11b0079800 JavaThread "Finalizer" daemon [_thread_blocked, id=22202, stack(0x00007f11ac7f8000,0x00007f11ac8f9000)]
  0x00007f11b0077800 JavaThread "Reference Handler" daemon [_thread_blocked, id=22201, stack(0x00007f11ac8f9000,0x00007f11ac9fa000)]
  0x00007f11b0009800 JavaThread "main" [_thread_blocked, id=22192, stack(0x00007f11b7d8d000,0x00007f11b7e8e000)]

Other Threads:
  0x00007f11b0071000 VMThread [stack: 0x00007f11ac9fa000,0x00007f11acafb000] [id=22200]
  0x00007f11b00f5800 WatcherThread [stack: 0x00007f11a7afb000,0x00007f11a7bfc000] [id=22207]

VM state:not at safepoint (normal execution)

VM Mutex/Monitor currently owned by a thread: None

Heap
 PSYoungGen      total 261184K, used 230739K [0x00000000f0000000, 0x0000000100000000, 0x0000000100000000)
  eden space 260224K, 88% used [0x00000000f0000000,0x00000000fe084d58,0x00000000ffe20000)
  from space 960K, 86% used [0x00000000ffe20000,0x00000000ffef0000,0x00000000fff10000)
  to   space 960K, 0% used [0x00000000fff10000,0x00000000fff10000,0x0000000100000000)
 PSOldGen        total 524288K, used 200267K [0x00000000d0000000, 0x00000000f0000000, 0x00000000f0000000)
  object space 524288K, 38% used [0x00000000d0000000,0x00000000dc392f38,0x00000000f0000000)
 PSPermGen       total 262144K, used 107457K [0x00000000c0000000, 0x00000000d0000000, 0x00000000d0000000)
  object space 262144K, 40% used [0x00000000c0000000,0x00000000c68f07b0,0x00000000d0000000)

Code Cache  [0x00007f11ad000000, 0x00007f11ad860000, 0x00007f11b0000000)
 total_blobs=2539 nmethods=1861 adapters=630 free_code_cache=41665984 largest_free_block=10816

Dynamic libraries:
00400000-00409000 r-xp 00000000 08:02 397963                             /usr/lib/jvm/java-6-openjdk-amd64/jre/bin/java
00608000-00609000 r--p 00008000 08:02 397963                             /usr/lib/jvm/java-6-openjdk-amd64/jre/bin/java
00609000-0060a000 rw-p 00009000 08:02 397963                             /usr/lib/jvm/java-6-openjdk-amd64/jre/bin/java
00f30000-01014000 rw-p 00000000 00:00 0                                  [heap]
c0000000-100000000 rw-p 00000000 00:00 0 
7f111c000000-7f111c20f000 rw-p 00000000 00:00 0 
7f111c20f000-7f1120000000 ---p 00000000 00:00 0 
7f1124000000-7f1124021000 rw-p 00000000 00:00 0 
7f1124021000-7f1128000000 ---p 00000000 00:00 0 
7f1128000000-7f1128cc4000 rw-p 00000000 00:00 0 
7f1128cc4000-7f112c000000 ---p 00000000 00:00 0 
7f112c000000-7f112c021000 rw-p 00000000 00:00 0 
7f112c021000-7f1130000000 ---p 00000000 00:00 0 
7f1130000000-7f1130021000 rw-p 00000000 00:00 0 
7f1130021000-7f1134000000 ---p 00000000 00:00 0 
7f1134000000-7f1134021000 rw-p 00000000 00:00 0 
7f1134021000-7f1138000000 ---p 00000000 00:00 0 
7f1138000000-7f1138021000 rw-p 00000000 00:00 0 
7f1138021000-7f113c000000 ---p 00000000 00:00 0 
7f113c000000-7f113c047000 rw-p 00000000 00:00 0 
7f113c047000-7f1140000000 ---p 00000000 00:00 0 
7f1140000000-7f1140021000 rw-p 00000000 00:00 0 
7f1140021000-7f1144000000 ---p 00000000 00:00 0 
7f1144000000-7f1144021000 rw-p 00000000 00:00 0 
7f1144021000-7f1148000000 ---p 00000000 00:00 0 
7f1148000000-7f1148021000 rw-p 00000000 00:00 0 
7f1148021000-7f114c000000 ---p 00000000 00:00 0 
7f114c000000-7f114c021000 rw-p 00000000 00:00 0 
7f114c021000-7f1150000000 ---p 00000000 00:00 0 
7f1150000000-7f1150021000 rw-p 00000000 00:00 0 
7f1150021000-7f1154000000 ---p 00000000 00:00 0 
7f1154000000-7f1155aed000 rw-p 00000000 00:00 0 
7f1155aed000-7f1158000000 ---p 00000000 00:00 0 
7f1158000000-7f1158021000 rw-p 00000000 00:00 0 
7f1158021000-7f115c000000 ---p 00000000 00:00 0 
7f115c000000-7f115c257000 rw-p 00000000 00:00 0 
7f115c257000-7f1160000000 ---p 00000000 00:00 0 
7f1164000000-7f1164021000 rw-p 00000000 00:00 0 
7f1164021000-7f1168000000 ---p 00000000 00:00 0 
7f1168000000-7f116c000000 rw-p 00000000 00:00 0 
7f116ebec000-7f116ebef000 ---p 00000000 00:00 0 
7f116ebef000-7f116eced000 rw-p 00000000 00:00 0 
7f116eced000-7f116ecf0000 ---p 00000000 00:00 0 
7f116ecf0000-7f116edee000 rw-p 00000000 00:00 0 
7f116edee000-7f116edf1000 ---p 00000000 00:00 0 
7f116edf1000-7f116eeef000 rw-p 00000000 00:00 0 
7f116eeef000-7f116eef2000 ---p 00000000 00:00 0 
7f116eef2000-7f116eff0000 rw-p 00000000 00:00 0 
7f116eff0000-7f116eff3000 ---p 00000000 00:00 0 
7f116eff3000-7f116f0f1000 rw-p 00000000 00:00 0 
7f116f0f1000-7f116f0f4000 ---p 00000000 00:00 0 
7f116f0f4000-7f116f1f2000 rw-p 00000000 00:00 0 
7f116f1f2000-7f116f1f5000 ---p 00000000 00:00 0 
7f116f1f5000-7f116f2f3000 rw-p 00000000 00:00 0 
7f116f2f3000-7f116f2f6000 ---p 00000000 00:00 0 
7f116f2f6000-7f116f3f4000 rw-p 00000000 00:00 0 
7f116f3f4000-7f116f3f7000 ---p 00000000 00:00 0 
7f116f3f7000-7f116f4f5000 rw-p 00000000 00:00 0 
7f116f4f5000-7f116f4f8000 ---p 00000000 00:00 0 
7f116f4f8000-7f116f5f6000 rw-p 00000000 00:00 0 
7f116f5f6000-7f116f5f9000 ---p 00000000 00:00 0 
7f116f5f9000-7f116f6f7000 rw-p 00000000 00:00 0 
7f116f6f7000-7f116f6fa000 ---p 00000000 00:00 0 
7f116f6fa000-7f116f7f8000 rw-p 00000000 00:00 0 
7f116f7f8000-7f116f7fb000 ---p 00000000 00:00 0 
7f116f7fb000-7f116f8f9000 rw-p 00000000 00:00 0 
7f116f8f9000-7f116f8fc000 ---p 00000000 00:00 0 
7f116f8fc000-7f116f9fa000 rw-p 00000000 00:00 0 
7f116f9fa000-7f116f9fd000 ---p 00000000 00:00 0 
7f116f9fd000-7f116fafb000 rw-p 00000000 00:00 0 
7f116fafb000-7f116fafe000 ---p 00000000 00:00 0 
7f116fafe000-7f116fbfc000 rw-p 00000000 00:00 0 
7f116fbfc000-7f116fbff000 ---p 00000000 00:00 0 
7f116fbff000-7f116fcfd000 rw-p 00000000 00:00 0 
7f116fcfd000-7f116fd00000 ---p 00000000 00:00 0 
7f116fd00000-7f116fdfe000 rw-p 00000000 00:00 0 
7f116fdfe000-7f116fe01000 ---p 00000000 00:00 0 
7f116fe01000-7f116feff000 rw-p 00000000 00:00 0 
7f116feff000-7f116ff02000 ---p 00000000 00:00 0 
7f116ff02000-7f1170000000 rw-p 00000000 00:00 0 
7f1170000000-7f1170021000 rw-p 00000000 00:00 0 
7f1170021000-7f1174000000 ---p 00000000 00:00 0 
7f1174000000-7f1174171000 rw-p 00000000 00:00 0 
7f1174171000-7f1178000000 ---p 00000000 00:00 0 
7f1178000000-7f117bff5000 rw-p 00000000 00:00 0 
7f117bff5000-7f117c000000 ---p 00000000 00:00 0 
7f117c000000-7f117c021000 rw-p 00000000 00:00 0 
7f117c021000-7f1180000000 ---p 00000000 00:00 0 
7f1180000000-7f1180021000 rw-p 00000000 00:00 0 
7f1180021000-7f1184000000 ---p 00000000 00:00 0 
7f1184000000-7f1187efc000 rw-p 00000000 00:00 0 
7f1187efc000-7f1188000000 ---p 00000000 00:00 0 
7f1188000000-7f1188021000 rw-p 00000000 00:00 0 
7f1188021000-7f118c000000 ---p 00000000 00:00 0 
7f118c000000-7f118c07c000 rw-p 00000000 00:00 0 
7f118c07c000-7f1190000000 ---p 00000000 00:00 0 
7f1190000000-7f119002f000 rw-p 00000000 00:00 0 
7f119002f000-7f1194000000 ---p 00000000 00:00 0 
7f1194000000-7f11940c1000 rw-p 00000000 00:00 0 
7f11940c1000-7f1198000000 ---p 00000000 00:00 0 
7f1198000000-7f1198039000 rw-p 00000000 00:00 0 
7f1198039000-7f119c000000 ---p 00000000 00:00 0 
7f119c000000-7f119c021000 rw-p 00000000 00:00 0 
7f119c021000-7f11a0000000 ---p 00000000 00:00 0 
7f11a0000000-7f11a0058000 rw-p 00000000 00:00 0 
7f11a0058000-7f11a4000000 ---p 00000000 00:00 0 
7f11a4049000-7f11a404c000 ---p 00000000 00:00 0 
7f11a404c000-7f11a414a000 rw-p 00000000 00:00 0 
7f11a414a000-7f11a414d000 ---p 00000000 00:00 0 
7f11a414d000-7f11a424b000 rw-p 00000000 00:00 0 
7f11a424b000-7f11a424e000 ---p 00000000 00:00 0 
7f11a424e000-7f11a434c000 rw-p 00000000 00:00 0 
7f11a434c000-7f11a434f000 ---p 00000000 00:00 0 
7f11a434f000-7f11a444d000 rw-p 00000000 00:00 0 
7f11a444d000-7f11a4450000 ---p 00000000 00:00 0 
7f11a4450000-7f11a454e000 rw-p 00000000 00:00 0 
7f11a454e000-7f11a4551000 ---p 00000000 00:00 0 
7f11a4551000-7f11a464f000 rw-p 00000000 00:00 0 
7f11a464f000-7f11a4652000 ---p 00000000 00:00 0 
7f11a4652000-7f11a4750000 rw-p 00000000 00:00 0 
7f11a4750000-7f11a4756000 r-xp 00000000 08:02 18747991                   /usr/lib/jvm/java-6-openjdk-amd64/jre/lib/amd64/libmanagement.so
7f11a4756000-7f11a4955000 ---p 00006000 08:02 18747991                   /usr/lib/jvm/java-6-openjdk-amd64/jre/lib/amd64/libmanagement.so
7f11a4955000-7f11a4956000 r--p 00005000 08:02 18747991                   /usr/lib/jvm/java-6-openjdk-amd64/jre/lib/amd64/libmanagement.so
7f11a4956000-7f11a4957000 rw-p 00006000 08:02 18747991                   /usr/lib/jvm/java-6-openjdk-amd64/jre/lib/amd64/libmanagement.so
7f11a4957000-7f11a495a000 ---p 00000000 00:00 0 
7f11a495a000-7f11a4a58000 rw-p 00000000 00:00 0 
7f11a4a58000-7f11a4a5b000 ---p 00000000 00:00 0 
7f11a4a5b000-7f11a4b59000 rw-p 00000000 00:00 0 
7f11a4b59000-7f11a4b5c000 ---p 00000000 00:00 0 
7f11a4b5c000-7f11a4c5a000 rw-p 00000000 00:00 0 
7f11a4c5a000-7f11a4c5d000 ---p 00000000 00:00 0 
7f11a4c5d000-7f11a4d5b000 rw-p 00000000 00:00 0 
7f11a4d5b000-7f11a4d5e000 ---p 00000000 00:00 0 
7f11a4d5e000-7f11a4e5c000 rw-p 00000000 00:00 0 
7f11a4e5c000-7f11a4e5f000 ---p 00000000 00:00 0 
7f11a4e5f000-7f11a4f5d000 rw-p 00000000 00:00 0 
7f11a4f5d000-7f11a4f60000 ---p 00000000 00:00 0 
7f11a4f60000-7f11a505e000 rw-p 00000000 00:00 0 
7f11a505e000-7f11a5061000 ---p 00000000 00:00 0 
7f11a5061000-7f11a515f000 rw-p 00000000 00:00 0 
7f11a515f000-7f11a5162000 ---p 00000000 00:00 0 
7f11a5162000-7f11a5260000 rw-p 00000000 00:00 0 
7f11a5260000-7f11a5263000 ---p 00000000 00:00 0 
7f11a5263000-7f11a5361000 rw-p 00000000 00:00 0 
7f11a5361000-7f11a5364000 ---p 00000000 00:00 0 
7f11a5364000-7f11a5462000 rw-p 00000000 00:00 0 
7f11a5462000-7f11a5465000 ---p 00000000 00:00 0 
7f11a5465000-7f11a5563000 rw-p 00000000 00:00 0 
7f11a5563000-7f11a5566000 ---p 00000000 00:00 0 
7f11a5566000-7f11a5664000 rw-p 00000000 00:00 0 
7f11a5664000-7f11a567c000 r-xp 00000000 08:02 16256582                   /lib/x86_64-linux-gnu/libresolv-2.15.so
7f11a567c000-7f11a587c000 ---p 00018000 08:02 16256582                   /lib/x86_64-linux-gnu/libresolv-2.15.so
7f11a587c000-7f11a587d000 r--p 00018000 08:02 16256582                   /lib/x86_64-linux-gnu/libresolv-2.15.so
7f11a587d000-7f11a587e000 rw-p 00019000 08:02 16256582                   /lib/x86_64-linux-gnu/libresolv-2.15.so
7f11a587e000-7f11a5880000 rw-p 00000000 00:00 0 
7f11a5880000-7f11a5887000 r-xp 00000000 08:02 16256547                   /lib/x86_64-linux-gnu/libnss_dns-2.15.so
7f11a5887000-7f11a5a86000 ---p 00007000 08:02 16256547                   /lib/x86_64-linux-gnu/libnss_dns-2.15.so
7f11a5a86000-7f11a5a87000 r--p 00006000 08:02 16256547                   /lib/x86_64-linux-gnu/libnss_dns-2.15.so
7f11a5a87000-7f11a5a88000 rw-p 00007000 08:02 16256547                   /lib/x86_64-linux-gnu/libnss_dns-2.15.so
7f11a5a88000-7f11a5a8a000 r-xp 00000000 08:02 16252982                   /lib/libnss_mdns4_minimal.so.2
7f11a5a8a000-7f11a5c89000 ---p 00002000 08:02 16252982                   /lib/libnss_mdns4_minimal.so.2
7f11a5c89000-7f11a5c8a000 r--p 00001000 08:02 16252982                   /lib/libnss_mdns4_minimal.so.2
7f11a5c8a000-7f11a5c8b000 rw-p 00002000 08:02 16252982                   /lib/libnss_mdns4_minimal.so.2
7f11a5c8b000-7f11a5c8e000 ---p 00000000 00:00 0 
7f11a5c8e000-7f11a5d8c000 rw-p 00000000 00:00 0 
7f11a5d8c000-7f11a5d8f000 ---p 00000000 00:00 0 
7f11a5d8f000-7f11a5e8d000 rw-p 00000000 00:00 0 
7f11a5e8d000-7f11a5eea000 r-xp 00000000 08:02 16651114                   /usr/lib/x86_64-linux-gnu/nss/libfreebl3.so
7f11a5eea000-7f11a60e9000 ---p 0005d000 08:02 16651114                   /usr/lib/x86_64-linux-gnu/nss/libfreebl3.so
7f11a60e9000-7f11a60eb000 r--p 0005c000 08:02 16651114                   /usr/lib/x86_64-linux-gnu/nss/libfreebl3.so
7f11a60eb000-7f11a60ec000 rw-p 0005e000 08:02 16651114                   /usr/lib/x86_64-linux-gnu/nss/libfreebl3.so
7f11a60ec000-7f11a60f0000 rw-p 00000000 00:00 0 
7f11a60f0000-7f11a618e000 r-xp 00000000 08:02 16131587                   /usr/lib/x86_64-linux-gnu/libsqlite3.so.0.8.6
7f11a618e000-7f11a638e000 ---p 0009e000 08:02 16131587                   /usr/lib/x86_64-linux-gnu/libsqlite3.so.0.8.6
7f11a638e000-7f11a6390000 r--p 0009e000 08:02 16131587                   /usr/lib/x86_64-linux-gnu/libsqlite3.so.0.8.6
7f11a6390000-7f11a6392000 rw-p 000a0000 08:02 16131587                   /usr/lib/x86_64-linux-gnu/libsqlite3.so.0.8.6
7f11a6392000-7f11a6393000 rw-p 00000000 00:00 0 
7f11a6393000-7f11a63cc000 r-xp 00000000 08:02 16651117                   /usr/lib/x86_64-linux-gnu/nss/libsoftokn3.so
7f11a63cc000-7f11a65cb000 ---p 00039000 08:02 16651117                   /usr/lib/x86_64-linux-gnu/nss/libsoftokn3.so
7f11a65cb000-7f11a65cd000 r--p 00038000 08:02 16651117                   /usr/lib/x86_64-linux-gnu/nss/libsoftokn3.so
7f11a65cd000-7f11a65ce000 rw-p 0003a000 08:02 16651117                   /usr/lib/x86_64-linux-gnu/nss/libsoftokn3.so
7f11a65ce000-7f11a6608000 r-xp 00000000 08:02 16127779                   /usr/lib/x86_64-linux-gnu/libnspr4.so
7f11a6608000-7f11a6807000 ---p 0003a000 08:02 16127779                   /usr/lib/x86_64-linux-gnu/libnspr4.so
7f11a6807000-7f11a6808000 r--p 00039000 08:02 16127779                   /usr/lib/x86_64-linux-gnu/libnspr4.so
7f11a6808000-7f11a680a000 rw-p 0003a000 08:02 16127779                   /usr/lib/x86_64-linux-gnu/libnspr4.so
7f11a680a000-7f11a680c000 rw-p 00000000 00:00 0 
7f11a680c000-7f11a680f000 r-xp 00000000 08:02 16127775                   /usr/lib/x86_64-linux-gnu/libplds4.so
7f11a680f000-7f11a6a0e000 ---p 00003000 08:02 16127775                   /usr/lib/x86_64-linux-gnu/libplds4.so
7f11a6a0e000-7f11a6a0f000 r--p 00002000 08:02 16127775                   /usr/lib/x86_64-linux-gnu/libplds4.so
7f11a6a0f000-7f11a6a10000 rw-p 00003000 08:02 16127775                   /usr/lib/x86_64-linux-gnu/libplds4.so
7f11a6a10000-7f11a6a14000 r-xp 00000000 08:02 16127777                   /usr/lib/x86_64-linux-gnu/libplc4.so
7f11a6a14000-7f11a6c13000 ---p 00004000 08:02 16127777                   /usr/lib/x86_64-linux-gnu/libplc4.so
7f11a6c13000-7f11a6c14000 r--p 00003000 08:02 16127777                   /usr/lib/x86_64-linux-gnu/libplc4.so
7f11a6c14000-7f11a6c15000 rw-p 00004000 08:02 16127777                   /usr/lib/x86_64-linux-gnu/libplc4.so
7f11a6c15000-7f11a6c31000 r-xp 00000000 08:02 16123808                   /usr/lib/x86_64-linux-gnu/libnssutil3.so
7f11a6c31000-7f11a6e31000 ---p 0001c000 08:02 16123808                   /usr/lib/x86_64-linux-gnu/libnssutil3.so
7f11a6e31000-7f11a6e37000 r--p 0001c000 08:02 16123808                   /usr/lib/x86_64-linux-gnu/libnssutil3.so
7f11a6e37000-7f11a6e38000 rw-p 00022000 08:02 16123808                   /usr/lib/x86_64-linux-gnu/libnssutil3.so
7f11a6e38000-7f11a6f36000 r-xp 00000000 08:02 16122488                   /usr/lib/x86_64-linux-gnu/libnss3.so
7f11a6f36000-7f11a7135000 ---p 000fe000 08:02 16122488                   /usr/lib/x86_64-linux-gnu/libnss3.so
7f11a7135000-7f11a713a000 r--p 000fd000 08:02 16122488                   /usr/lib/x86_64-linux-gnu/libnss3.so
7f11a713a000-7f11a713c000 rw-p 00102000 08:02 16122488                   /usr/lib/x86_64-linux-gnu/libnss3.so
7f11a713c000-7f11a713e000 rw-p 00000000 00:00 0 
7f11a7150000-7f11a715e000 r--s 00351000 08:02 18489869                   /usr/lib/jvm/java-6-openjdk-common/jre/lib/charsets.jar
7f11a715e000-7f11a716c000 r-xp 00000000 08:02 18747997                   /usr/lib/jvm/java-6-openjdk-amd64/jre/lib/amd64/libj2pkcs11.so
7f11a716c000-7f11a736c000 ---p 0000e000 08:02 18747997                   /usr/lib/jvm/java-6-openjdk-amd64/jre/lib/amd64/libj2pkcs11.so
7f11a736c000-7f11a736d000 r--p 0000e000 08:02 18747997                   /usr/lib/jvm/java-6-openjdk-amd64/jre/lib/amd64/libj2pkcs11.so
7f11a736d000-7f11a736e000 rw-p 0000f000 08:02 18747997                   /usr/lib/jvm/java-6-openjdk-amd64/jre/lib/amd64/libj2pkcs11.so
7f11a736e000-7f11a7370000 r--s 00013000 08:02 18489868                   /usr/lib/jvm/java-6-openjdk-common/jre/lib/jce.jar
7f11a7376000-7f11a7384000 r--s 00351000 08:02 18489869                   /usr/lib/jvm/java-6-openjdk-common/jre/lib/charsets.jar
7f11a7384000-7f11a7388000 r--s 0002f000 08:02 4722137                    /home/jam/.grails/ivy-cache/org.grails/grails-test/jars/grails-test-2.1.1.jar
7f11a7388000-7f11a738e000 r--s 0006c000 08:02 4722135                    /home/jam/.grails/ivy-cache/org.grails/grails-plugin-testing/jars/grails-plugin-testing-2.1.1.jar
7f11a738e000-7f11a738f000 r--s 00002000 08:02 5636284                    /home/jam/.grails/ivy-cache/org.hibernate/hibernate-ehcache/jars/hibernate-ehcache-3.6.10.Final.jar
7f11a738f000-7f11a7394000 r--s 00048000 08:02 5636282                    /home/jam/.grails/ivy-cache/dom4j/dom4j/jars/dom4j-1.6.1.jar
7f11a7394000-7f11a7399000 r--s 00068000 08:02 5636280                    /home/jam/.grails/ivy-cache/antlr/antlr/jars/antlr-2.7.7.jar
7f11a7399000-7f11a73a2000 r--s 00098000 08:02 5636278                    /home/jam/.grails/ivy-cache/org.javassist/javassist/jars/javassist-3.16.1-GA.jar
7f11a73a2000-7f11a73a5000 r--s 00009000 08:02 5636286                    /home/jam/.grails/ivy-cache/javax.validation/validation-api/jars/validation-api-1.0.0.GA.jar
7f11a73a5000-7f11a73ac000 r--s 00040000 08:02 5636276                    /home/jam/.grails/ivy-cache/org.hibernate/hibernate-validator/jars/hibernate-validator-4.1.0.Final.jar
7f11a73ac000-7f11a73af000 r--s 0000f000 08:02 5636274                    /home/jam/.grails/ivy-cache/org.hibernate/hibernate-commons-annotations/jars/hibernate-commons-annotations-3.2.0.Final.jar
7f11a73af000-7f11a73e1000 r--s 002c9000 08:02 5636272                    /home/jam/.grails/ivy-cache/org.hibernate/hibernate-core/jars/hibernate-core-3.6.10.Final.jar
7f11a73e1000-7f11a73f2000 r--s 000d2000 08:02 5636617                    /home/jam/.grails/ivy-cache/org.liquibase/liquibase-core/jars/liquibase-core-2.0.5.jar
7f11a73f2000-7f11a73fb000 r--s 00080000 08:02 5767285                    /home/jam/.grails/ivy-cache/org.quartz-scheduler/quartz/jars/quartz-2.1.5.jar
7f11a73fb000-7f11a73fc000 r--s 00004000 08:02 5637614                    /home/jam/.grails/ivy-cache/net.sf.opencsv/opencsv/jars/opencsv-2.3.jar
7f11a73fc000-7f11a7402000 r--s 0007e000 08:02 5637426                    /home/jam/.grails/ivy-cache/postgresql/postgresql/jars/postgresql-9.0-801.jdbc4.jar
7f11a7402000-7f11a7409000 r--s 000bd000 08:02 4722926                    /home/jam/.grails/ivy-cache/mysql/mysql-connector-java/jars/mysql-connector-java-5.1.20.jar
7f11a7409000-7f11a740b000 r--s 00000000 08:02 4722133                    /home/jam/.grails/ivy-cache/org.slf4j/jul-to-slf4j/jars/jul-to-slf4j-1.6.2.jar
7f11a740b000-7f11a740d000 r--s 00003000 08:02 4722131                    /home/jam/.grails/ivy-cache/org.slf4j/jcl-over-slf4j/jars/jcl-over-slf4j-1.6.2.jar
7f11a740d000-7f11a7416000 r--s 0006d000 08:02 4722129                    /home/jam/.grails/ivy-cache/log4j/log4j/bundles/log4j-1.2.16.jar
7f11a7416000-7f11a742b000 r--s 000e3000 08:02 4722127                    /home/jam/.grails/ivy-cache/net.sf.ehcache/ehcache-core/jars/ehcache-core-2.4.6.jar
7f11a742b000-7f11a742d000 r--s 00005000 08:02 4722125                    /home/jam/.grails/ivy-cache/xpp3/xpp3_min/jars/xpp3_min-1.1.4c.jar
7f11a742d000-7f11a742f000 r--s 00004000 08:02 4722123                    /home/jam/.grails/ivy-cache/javax.servlet/jstl/jars/jstl-1.1.2.jar
7f11a742f000-7f11a7439000 r--s 0012c000 08:02 4722121                    /home/jam/.grails/ivy-cache/com.h2database/h2/jars/h2-1.3.164.jar
7f11a7439000-7f11a743c000 r--s 00016000 08:02 4722119                    /home/jam/.grails/ivy-cache/commons-pool/commons-pool/jars/commons-pool-1.5.6.jar
7f11a743c000-7f11a743f000 r--s 00025000 08:02 4722117                    /home/jam/.grails/ivy-cache/commons-dbcp/commons-dbcp/jars/commons-dbcp-1.4.jar
7f11a743f000-7f11a7441000 r--s 0000e000 08:02 4722115                    /home/jam/.grails/ivy-cache/oro/oro/jars/oro-2.0.8.jar
7f11a7441000-7f11a7443000 r--s 0000d000 08:02 4722113                    /home/jam/.grails/ivy-cache/commons-fileupload/commons-fileupload/jars/commons-fileupload-1.2.2.jar
7f11a7443000-7f11a7444000 r--s 0000a000 08:02 4722111                    /home/jam/.grails/ivy-cache/asm/asm/jars/asm-3.1.jar
7f11a7444000-7f11a744b000 r--s 0003e000 08:02 4722109                    /home/jam/.grails/ivy-cache/cglib/cglib/jars/cglib-2.2.jar
7f11a744b000-7f11a744f000 r--s 00019000 08:02 4722107                    /home/jam/.grails/ivy-cache/org.aspectj/aspectjrt/jars/aspectjrt-1.6.10.jar
7f11a744f000-7f11a7465000 r--s 00184000 08:02 4722105                    /home/jam/.grails/ivy-cache/org.aspectj/aspectjweaver/jars/aspectjweaver-1.6.10.jar
7f11a7465000-7f11a746c000 r--s 00056000 08:02 4722103                    /home/jam/.grails/ivy-cache/org.grails/grails-datastore-simple/jars/grails-datastore-simple-1.1.0.RELEASE.jar
7f11a746c000-7f11a7475000 r--s 00044000 08:02 4722101                    /home/jam/.grails/ivy-cache/org.grails/grails-datastore-core/jars/grails-datastore-core-1.1.0.RELEASE.jar
7f11a7475000-7f11a747a000 r--s 0004c000 08:02 4722099                    /home/jam/.grails/ivy-cache/org.grails/grails-datastore-gorm/jars/grails-datastore-gorm-1.1.0.RELEASE.jar
7f11a747a000-7f11a7485000 r--s 00082000 08:02 4722097                    /home/jam/.grails/ivy-cache/org.springframework/spring-webmvc/jars/spring-webmvc-3.1.2.RELEASE.jar
7f11a7485000-7f11a7491000 r--s 0007a000 08:02 4722095                    /home/jam/.grails/ivy-cache/org.springframework/spring-web/jars/spring-web-3.1.2.RELEASE.jar
7f11a7491000-7f11a7498000 r--s 00035000 08:02 4722093                    /home/jam/.grails/ivy-cache/org.springframework/spring-tx/jars/spring-tx-3.1.2.RELEASE.jar
7f11a7498000-7f11a74a1000 r--s 00054000 08:02 4722091                    /home/jam/.grails/ivy-cache/org.springframework/spring-orm/jars/spring-orm-3.1.2.RELEASE.jar
7f11a74a1000-7f11a74a6000 r--s 0002c000 08:02 4722089                    /home/jam/.grails/ivy-cache/org.springframework/spring-jms/jars/spring-jms-3.1.2.RELEASE.jar
7f11a74a6000-7f11a74b0000 r--s 00059000 08:02 4722087                    /home/jam/.grails/ivy-cache/org.springframework/spring-jdbc/jars/spring-jdbc-3.1.2.RELEASE.jar
7f11a74b0000-7f11a74b4000 r--s 00027000 08:02 4722085                    /home/jam/.grails/ivy-cache/org.springframework/spring-expression/jars/spring-expression-3.1.2.RELEASE.jar
7f11a74b4000-7f11a74b7000 r--s 00018000 08:02 4722083                    /home/jam/.grails/ivy-cache/org.springframework/spring-context-support/jars/spring-context-support-3.1.2.RELEASE.jar
7f11a74b7000-7f11a74cc000 r--s 000b7000 08:02 4722081                    /home/jam/.grails/ivy-cache/org.springframework/spring-context/jars/spring-context-3.1.2.RELEASE.jar
7f11a74cc000-7f11a74d8000 r--s 00085000 08:02 4722079                    /home/jam/.grails/ivy-cache/org.springframework/spring-beans/jars/spring-beans-3.1.2.RELEASE.jar
7f11a74d8000-7f11a74d9000 r--s 0000c000 08:02 4722077                    /home/jam/.grails/ivy-cache/org.springframework/spring-asm/jars/spring-asm-3.1.2.RELEASE.jar
7f11a74d9000-7f11a74db000 r--s 0000b000 08:02 4722075                    /home/jam/.grails/ivy-cache/org.springframework/spring-aspects/jars/spring-aspects-3.1.2.RELEASE.jar
7f11a74db000-7f11a74e4000 r--s 00049000 08:02 4722073                    /home/jam/.grails/ivy-cache/org.springframework/spring-aop/jars/spring-aop-3.1.2.RELEASE.jar
7f11a74e4000-7f11a74ee000 r--s 00064000 08:02 4722071                    /home/jam/.grails/ivy-cache/org.springframework/spring-core/jars/spring-core-3.1.2.RELEASE.jar
7f11a74ee000-7f11a74f0000 r--s 00008000 08:02 4722069                    /home/jam/.grails/ivy-cache/org.grails/grails-plugin-validation/jars/grails-plugin-validation-2.1.1.jar
7f11a74f0000-7f11a74f3000 r--s 0001c000 08:02 4722067                    /home/jam/.grails/ivy-cache/org.grails/grails-plugin-url-mappings/jars/grails-plugin-url-mappings-2.1.1.jar
7f11a74f3000-7f11a74f5000 r--s 0000f000 08:02 4722065                    /home/jam/.grails/ivy-cache/org.grails/grails-plugin-mimetypes/jars/grails-plugin-mimetypes-2.1.1.jar
7f11a74f5000-7f11a74f7000 r--s 00005000 08:02 4722063                    /home/jam/.grails/ivy-cache/org.grails/grails-plugin-servlets/jars/grails-plugin-servlets-2.1.1.jar
7f11a74f7000-7f11a74f8000 r--s 00008000 08:02 4722061                    /home/jam/.grails/ivy-cache/org.grails/grails-plugin-services/jars/grails-plugin-services-2.1.1.jar
7f11a74f8000-7f11a74fa000 r--s 00006000 08:02 4722059                    /home/jam/.grails/ivy-cache/org.grails/grails-plugin-scaffolding/jars/grails-plugin-scaffolding-2.1.1.jar
7f11a74fa000-7f11a74fc000 r--s 0000e000 08:02 4722057                    /home/jam/.grails/ivy-cache/org.grails/grails-plugin-log4j/jars/grails-plugin-log4j-2.1.1.jar
7f11a74fc000-7f11a74fe000 r--s 00005000 08:02 4722055                    /home/jam/.grails/ivy-cache/org.grails/grails-plugin-i18n/jars/grails-plugin-i18n-2.1.1.jar
7f11a74fe000-7f11a7505000 r--s 0006d000 08:02 4722053                    /home/jam/.grails/ivy-cache/org.grails/grails-plugin-gsp/jars/grails-plugin-gsp-2.1.1.jar
7f11a7505000-7f11a7507000 r--s 0000e000 08:02 4722051                    /home/jam/.grails/ivy-cache/org.grails/grails-plugin-filters/jars/grails-plugin-filters-2.1.1.jar
7f11a7507000-7f11a7509000 r--s 00009000 08:02 4722049                    /home/jam/.grails/ivy-cache/org.grails/grails-plugin-datasource/jars/grails-plugin-datasource-2.1.1.jar
7f11a7509000-7f11a750d000 r--s 00024000 08:02 4722047                    /home/jam/.grails/ivy-cache/org.grails/grails-plugin-converters/jars/grails-plugin-converters-2.1.1.jar
7f11a750d000-7f11a7510000 r--s 00019000 08:02 4722045                    /home/jam/.grails/ivy-cache/org.grails/grails-plugin-domain-class/jars/grails-plugin-domain-class-2.1.1.jar
7f11a7510000-7f11a7514000 r--s 00028000 08:02 4722043                    /home/jam/.grails/ivy-cache/org.grails/grails-plugin-controllers/jars/grails-plugin-controllers-2.1.1.jar
7f11a7514000-7f11a7516000 r--s 00015000 08:02 4722041                    /home/jam/.grails/ivy-cache/org.grails/grails-plugin-codecs/jars/grails-plugin-codecs-2.1.1.jar
7f11a7516000-7f11a7517000 r--s 00000000 08:02 4722039                    /home/jam/.grails/ivy-cache/org.grails/grails-logging/jars/grails-logging-2.1.1.jar
7f11a7517000-7f11a7519000 r--s 00009000 08:02 4722037                    /home/jam/.grails/ivy-cache/org.grails/grails-spring/jars/grails-spring-2.1.1.jar
7f11a7519000-7f11a7523000 r--s 0008a000 08:02 4722035                    /home/jam/.grails/ivy-cache/org.grails/grails-hibernate/jars/grails-hibernate-2.1.1.jar
7f11a7523000-7f11a7525000 r--s 00009000 08:02 4722033                    /home/jam/.grails/ivy-cache/org.grails/grails-crud/jars/grails-crud-2.1.1.jar
7f11a7525000-7f11a752b000 r--s 00027000 08:02 4722031                    /home/jam/.grails/ivy-cache/opensymphony/sitemesh/jars/sitemesh-2.4.jar
7f11a752b000-7f11a7530000 r--s 00015000 08:02 4722029                    /home/jam/.grails/ivy-cache/org.hibernate.javax.persistence/hibernate-jpa-2.0-api/jars/hibernate-jpa-2.0-api-1.0.1.Final.jar
7f11a7530000-7f11a7531000 r--s 00003000 08:02 4722027                    /home/jam/.grails/ivy-cache/javax.transaction/jta/jars/jta-1.1.jar
7f11a7531000-7f11a7536000 r--s 00041000 08:02 4722025                    /home/jam/.grails/ivy-cache/commons-lang/commons-lang/jars/commons-lang-2.6.jar
7f11a7536000-7f11a7539000 r--s 00025000 08:02 4722023                    /home/jam/.grails/ivy-cache/commons-io/commons-io/jars/commons-io-2.1.jar
7f11a7539000-7f11a7547000 r--s 0007f000 08:02 4722021                    /home/jam/.grails/ivy-cache/commons-collections/commons-collections/jars/commons-collections-3.2.1.jar
7f11a7547000-7f11a7549000 r--s 00010000 08:02 4722019                    /home/jam/.grails/ivy-cache/commons-codec/commons-codec/jars/commons-codec-1.5.jar
7f11a7549000-7f11a754b000 r--s 00000000 08:02 4722017                    /home/jam/.grails/ivy-cache/aopalliance/aopalliance/jars/aopalliance-1.0.jar
7f11a754b000-7f11a754e000 r--s 0001f000 08:02 4722015                    /home/jam/.grails/ivy-cache/commons-validator/commons-validator/jars/commons-validator-1.3.1.jar
7f11a754e000-7f11a7551000 r--s 00019000 08:02 4722013                    /home/jam/.grails/ivy-cache/commons-el/commons-el/jars/commons-el-1.0.jar
7f11a7551000-7f11a7556000 r--s 00034000 08:02 4722011                    /home/jam/.grails/ivy-cache/commons-beanutils/commons-beanutils/jars/commons-beanutils-1.8.3.jar
7f11a7556000-7f11a75b4000 r--s 00592000 08:02 4722009                    /home/jam/.grails/ivy-cache/org.codehaus.groovy/groovy-all/jars/groovy-all-1.8.8.jar
7f11a75b4000-7f11a75b6000 r--s 0000d000 08:02 5508471                    /home/jam/.grails/ivy-cache/org.grails/grails-plugin-tomcat/jars/grails-plugin-tomcat-2.1.1.jar
7f11a75b6000-7f11a75c6000 r--s 0019c000 08:02 5508469                    /home/jam/.grails/ivy-cache/org.eclipse.jdt.core.compiler/ecj/jars/ecj-3.7.2.jar
7f11a75c6000-7f11a75c8000 r--s 00008000 08:02 5508467                    /home/jam/.grails/ivy-cache/org.apache.tomcat.embed/tomcat-embed-logging-juli/jars/tomcat-embed-logging-juli-7.0.30.jar
7f11a75c8000-7f11a75ca000 r--s 00013000 08:02 4721761                    /home/jam/.grails/ivy-cache/org.apache.tomcat.embed/tomcat-embed-logging-log4j/jars/tomcat-embed-logging-log4j-7.0.30.jar
7f11a75ca000-7f11a75ec000 r--s 00254000 08:02 4721757                    /home/jam/.grails/ivy-cache/org.apache.tomcat.embed/tomcat-embed-core/jars/tomcat-embed-core-7.0.30.jar
7f11a75ec000-7f11a7601000 r-xp 00000000 08:02 18747986                   /usr/lib/jvm/java-6-openjdk-amd64/jre/lib/amd64/libnet.so
7f11a7601000-7f11a7800000 ---p 00015000 08:02 18747986                   /usr/lib/jvm/java-6-openjdk-amd64/jre/lib/amd64/libnet.so
7f11a7800000-7f11a7801000 r--p 00014000 08:02 18747986                   /usr/lib/jvm/java-6-openjdk-amd64/jre/lib/amd64/libnet.so
7f11a7801000-7f11a7802000 rw-p 00015000 08:02 18747986                   /usr/lib/jvm/java-6-openjdk-amd64/jre/lib/amd64/libnet.so
7f11a7802000-7f11a7805000 ---p 00000000 00:00 0 
7f11a7805000-7f11a7903000 rw-p 00000000 00:00 0 
7f11a7903000-7f11a790e000 r--s 000b6000 08:02 4721759                    /home/jam/.grails/ivy-cache/org.apache.tomcat.embed/tomcat-embed-jasper/jars/tomcat-embed-jasper-7.0.30.jar
7f11a790e000-7f11a7910000 r--s 00017000 08:02 4721465                    /home/jam/.grails/ivy-cache/org.apache.ant/ant-junit/jars/ant-junit-1.8.2.jar
7f11a7910000-7f11a7912000 r--s 00002000 08:02 4721463                    /home/jam/.grails/ivy-cache/org.apache.ant/ant-launcher/jars/ant-launcher-1.8.2.jar
7f11a7912000-7f11a7930000 r--s 001bb000 08:02 4721461                    /home/jam/.grails/ivy-cache/org.apache.ant/ant/jars/ant-1.8.2.jar
7f11a7930000-7f11a7937000 r--s 00037000 08:02 4721459                    /home/jam/.grails/ivy-cache/junit/junit/jars/junit-4.10.jar
7f11a7937000-7f11a793a000 r--s 0000b000 08:02 4721456                    /home/jam/.grails/ivy-cache/com.googlecode.concurrentlinkedhashmap/concurrentlinkedhashmap-lru/jars/concurrentlinkedhashmap-lru-1.2_jdk5.jar
7f11a793a000-7f11a7940000 r--s 00033000 08:02 4721454                    /home/jam/.grails/ivy-cache/org.springframework/spring-test/jars/spring-test-3.1.2.RELEASE.jar
7f11a7940000-7f11a7942000 r--s 00005000 08:02 4721452                    /home/jam/.grails/ivy-cache/org.slf4j/slf4j-api/jars/slf4j-api-1.6.2.jar
7f11a7942000-7f11a794f000 r--s 000b7000 08:02 4721450                    /home/jam/.grails/ivy-cache/org.grails/grails-web/jars/grails-web-2.1.1.jar
7f11a794f000-7f11a7952000 r--s 00026000 08:02 4721448                    /home/jam/.grails/ivy-cache/org.grails/grails-resources/jars/grails-resources-2.1.1.jar
7f11a7952000-7f11a7960000 r--s 000b5000 08:02 4721446                    /home/jam/.grails/ivy-cache/org.grails/grails-core/jars/grails-core-2.1.1.jar
7f11a7960000-7f11a7985000 r--s 00172000 08:02 4721397                    /home/jam/.grails/ivy-cache/org.bouncycastle/bcprov-jdk15/jars/bcprov-jdk15-1.45.jar
7f11a7985000-7f11a799a000 r-xp 00000000 08:02 8650908                    /tmp/jna6634837466081206516.tmp
7f11a799a000-7f11a7a99000 ---p 00015000 08:02 8650908                    /tmp/jna6634837466081206516.tmp
7f11a7a99000-7f11a7a9b000 rw-p 00014000 08:02 8650908                    /tmp/jna6634837466081206516.tmp
7f11a7a9b000-7f11a7afb000 r--s 00d92000 08:02 18877160                   /usr/lib/jvm/java-6-openjdk-amd64/lib/tools.jar
7f11a7afb000-7f11a7afc000 ---p 00000000 00:00 0 
7f11a7afc000-7f11a7bfc000 rw-p 00000000 00:00 0 
7f11a7bfc000-7f11a7bff000 ---p 00000000 00:00 0 
7f11a7bff000-7f11a7cfd000 rw-p 00000000 00:00 0 
7f11a7cfd000-7f11a7d00000 ---p 00000000 00:00 0 
7f11a7d00000-7f11a7dfe000 rw-p 00000000 00:00 0 
7f11a7dfe000-7f11a7e01000 ---p 00000000 00:00 0 
7f11a7e01000-7f11a7eff000 rw-p 00000000 00:00 0 
7f11a7eff000-7f11a7f02000 ---p 00000000 00:00 0 
7f11a7f02000-7f11a8000000 rw-p 00000000 00:00 0 
7f11a8000000-7f11a802c000 rw-p 00000000 00:00 0 
7f11a802c000-7f11ac000000 ---p 00000000 00:00 0 
7f11ac000000-7f11ac00b000 r--s 000fe000 08:02 4721444                    /home/jam/.grails/ivy-cache/org.grails/grails-scripts/jars/grails-scripts-2.1.1.jar
7f11ac00b000-7f11ac014000 r--s 000a8000 08:02 4721442                    /home/jam/.grails/ivy-cache/org.grails/grails-bootstrap/jars/grails-bootstrap-2.1.1.jar
7f11ac014000-7f11ac017000 r--s 00044000 08:02 4721440                    /home/jam/.grails/ivy-cache/org.grails/grails-docs/jars/grails-docs-2.1.1.jar
7f11ac017000-7f11ac01a000 r--s 00041000 08:02 4721438                    /home/jam/.grails/ivy-cache/xalan/serializer/jars/serializer-2.7.1.jar
7f11ac01a000-7f11ac01d000 r--s 000cf000 08:02 4721436                    /home/jam/.grails/ivy-cache/net.java.dev.jna/jna/jars/jna-3.2.3.jar
7f11ac01d000-7f11ac7f8000 r--p 00000000 08:02 16128286                   /usr/lib/locale/locale-archive
7f11ac7f8000-7f11ac7fb000 ---p 00000000 00:00 0 
7f11ac7fb000-7f11ac8f9000 rw-p 00000000 00:00 0 
7f11ac8f9000-7f11ac8fc000 ---p 00000000 00:00 0 
7f11ac8fc000-7f11ac9fa000 rw-p 00000000 00:00 0 
7f11ac9fa000-7f11ac9fb000 ---p 00000000 00:00 0 
7f11ac9fb000-7f11ad000000 rw-p 00000000 00:00 0 
7f11ad000000-7f11ad860000 rwxp 00000000 00:00 0 
7f11ad860000-7f11b0d1c000 rw-p 00000000 00:00 0 
7f11b0d1c000-7f11b4000000 ---p 00000000 00:00 0 
7f11b4000000-7f11b4002000 r--s 0000c000 08:02 5508465                    /home/jam/.grails/ivy-cache/org.apache.tomcat/tomcat-catalina-ant/jars/tomcat-catalina-ant-7.0.30.jar
7f11b4002000-7f11b4004000 r--s 00008000 08:02 4721434                    /home/jam/.grails/ivy-cache/org.fusesource.jansi/jansi/jars/jansi-1.2.1.jar
7f11b4004000-7f11b4013000 r--s 000d9000 08:02 4721424                    /home/jam/.grails/ivy-cache/org.apache.ivy/ivy/jars/ivy-2.2.0.jar
7f11b4013000-7f11b4015000 r--s 00015000 08:02 4721422                    /home/jam/.grails/ivy-cache/jline/jline/jars/jline-1.0.jar
7f11b4015000-7f11b401a000 r--s 00024000 08:02 4721394                    /home/jam/.grails/ivy-cache/org.bouncycastle/bcpg-jdk15/jars/bcpg-jdk15-1.45.jar
7f11b401a000-7f11b401b000 r--s 00003000 08:02 4721392                    /home/jam/.grails/ivy-cache/com.googlecode.json-simple/json-simple/jars/json-simple-1.1.jar
7f11b401b000-7f11b4021000 r--s 00068000 08:02 4721389                    /home/jam/.grails/ivy-cache/com.google.protobuf/protobuf-java/jars/protobuf-java-2.4.1.jar
7f11b4021000-7f11b4024000 r--s 0001a000 08:02 4721386                    /home/jam/.grails/ivy-cache/org.springframework.uaa/org.springframework.uaa.client/bundles/org.springframework.uaa.client-1.0.1.RELEASE.jar
7f11b4024000-7f11b4029000 r--s 00050000 08:02 4587551                    /home/jam/Applications/grails-2.1.1/lib/org.codehaus.gant/gant_groovy1.8/jars/gant_groovy1.8-1.9.6.jar
7f11b4029000-7f11b4047000 r--s 001bb000 08:02 15997849                   /home/jam/Applications/grails-2.1.1/lib/org.apache.ant/ant/jars/ant-1.8.2.jar
7f11b4047000-7f11b4056000 r--s 000d9000 08:02 3933556                    /home/jam/Applications/grails-2.1.1/lib/org.apache.ivy/ivy/jars/ivy-2.2.0.jar
7f11b4056000-7f11b4058000 r--s 00009000 08:02 15730918                   /home/jam/Applications/grails-2.1.1/lib/commons-cli/commons-cli/jars/commons-cli-1.2.jar
7f11b4058000-7f11b405b000 r--s 000cf000 08:02 15997829                   /home/jam/Applications/grails-2.1.1/lib/net.java.dev.jna/jna/jars/jna-3.2.3.jar
7f11b405b000-7f11b40b9000 r--s 00592000 08:02 4587821                    /home/jam/Applications/grails-2.1.1/lib/org.codehaus.groovy/groovy-all/jars/groovy-all-1.8.8.jar
7f11b40b9000-7f11b40ec000 rw-p 00000000 00:00 0 
7f11b40ec000-7f11b427e000 r--s 037bf000 08:02 18616443                   /usr/lib/jvm/java-6-openjdk-amd64/jre/lib/rt.jar
7f11b427e000-7f11b42a6000 rw-p 00000000 00:00 0 
7f11b42a6000-7f11b42a7000 ---p 00000000 00:00 0 
7f11b42a7000-7f11b43a7000 rw-p 00000000 00:00 0 
7f11b43a7000-7f11b43a8000 ---p 00000000 00:00 0 
7f11b43a8000-7f11b44a8000 rw-p 00000000 00:00 0 
7f11b44a8000-7f11b44a9000 ---p 00000000 00:00 0 
7f11b44a9000-7f11b45a9000 rw-p 00000000 00:00 0 
7f11b45a9000-7f11b45aa000 ---p 00000000 00:00 0 
7f11b45aa000-7f11b48aa000 rw-p 00000000 00:00 0 
7f11b48aa000-7f11b4a2b000 rw-p 00000000 00:00 0 
7f11b4a2b000-7f11b4a32000 r-xp 00000000 08:02 18748006                   /usr/lib/jvm/java-6-openjdk-amd64/jre/lib/amd64/libzip.so
7f11b4a32000-7f11b4c31000 ---p 00007000 08:02 18748006                   /usr/lib/jvm/java-6-openjdk-amd64/jre/lib/amd64/libzip.so
7f11b4c31000-7f11b4c32000 r--p 00006000 08:02 18748006                   /usr/lib/jvm/java-6-openjdk-amd64/jre/lib/amd64/libzip.so
7f11b4c32000-7f11b4c33000 rw-p 00007000 08:02 18748006                   /usr/lib/jvm/java-6-openjdk-amd64/jre/lib/amd64/libzip.so
7f11b4c33000-7f11b4c3f000 r-xp 00000000 08:02 16256549                   /lib/x86_64-linux-gnu/libnss_files-2.15.so
7f11b4c3f000-7f11b4e3e000 ---p 0000c000 08:02 16256549                   /lib/x86_64-linux-gnu/libnss_files-2.15.so
7f11b4e3e000-7f11b4e3f000 r--p 0000b000 08:02 16256549                   /lib/x86_64-linux-gnu/libnss_files-2.15.so
7f11b4e3f000-7f11b4e40000 rw-p 0000c000 08:02 16256549                   /lib/x86_64-linux-gnu/libnss_files-2.15.so
7f11b4e40000-7f11b4e4a000 r-xp 00000000 08:02 16256553                   /lib/x86_64-linux-gnu/libnss_nis-2.15.so
7f11b4e4a000-7f11b504a000 ---p 0000a000 08:02 16256553                   /lib/x86_64-linux-gnu/libnss_nis-2.15.so
7f11b504a000-7f11b504b000 r--p 0000a000 08:02 16256553                   /lib/x86_64-linux-gnu/libnss_nis-2.15.so
7f11b504b000-7f11b504c000 rw-p 0000b000 08:02 16256553                   /lib/x86_64-linux-gnu/libnss_nis-2.15.so
7f11b504c000-7f11b5063000 r-xp 00000000 08:02 16256543                   /lib/x86_64-linux-gnu/libnsl-2.15.so
7f11b5063000-7f11b5262000 ---p 00017000 08:02 16256543                   /lib/x86_64-linux-gnu/libnsl-2.15.so
7f11b5262000-7f11b5263000 r--p 00016000 08:02 16256543                   /lib/x86_64-linux-gnu/libnsl-2.15.so
7f11b5263000-7f11b5264000 rw-p 00017000 08:02 16256543                   /lib/x86_64-linux-gnu/libnsl-2.15.so
7f11b5264000-7f11b5266000 rw-p 00000000 00:00 0 
7f11b5266000-7f11b526e000 r-xp 00000000 08:02 16256545                   /lib/x86_64-linux-gnu/libnss_compat-2.15.so
7f11b526e000-7f11b546d000 ---p 00008000 08:02 16256545                   /lib/x86_64-linux-gnu/libnss_compat-2.15.so
7f11b546d000-7f11b546e000 r--p 00007000 08:02 16256545                   /lib/x86_64-linux-gnu/libnss_compat-2.15.so
7f11b546e000-7f11b546f000 rw-p 00008000 08:02 16256545                   /lib/x86_64-linux-gnu/libnss_compat-2.15.so
7f11b546f000-7f11b5478000 r-xp 00000000 08:02 18747976                   /usr/lib/jvm/java-6-openjdk-amd64/jre/lib/amd64/libinstrument.so
7f11b5478000-7f11b5678000 ---p 00009000 08:02 18747976                   /usr/lib/jvm/java-6-openjdk-amd64/jre/lib/amd64/libinstrument.so
7f11b5678000-7f11b5679000 r--p 00009000 08:02 18747976                   /usr/lib/jvm/java-6-openjdk-amd64/jre/lib/amd64/libinstrument.so
7f11b5679000-7f11b567a000 rw-p 0000a000 08:02 18747976                   /usr/lib/jvm/java-6-openjdk-amd64/jre/lib/amd64/libinstrument.so
7f11b567a000-7f11b56a6000 r-xp 00000000 08:02 18747994                   /usr/lib/jvm/java-6-openjdk-amd64/jre/lib/amd64/libjava.so
7f11b56a6000-7f11b58a5000 ---p 0002c000 08:02 18747994                   /usr/lib/jvm/java-6-openjdk-amd64/jre/lib/amd64/libjava.so
7f11b58a5000-7f11b58a6000 r--p 0002b000 08:02 18747994                   /usr/lib/jvm/java-6-openjdk-amd64/jre/lib/amd64/libjava.so
7f11b58a6000-7f11b58a9000 rw-p 0002c000 08:02 18747994                   /usr/lib/jvm/java-6-openjdk-amd64/jre/lib/amd64/libjava.so
7f11b58a9000-7f11b58b7000 r-xp 00000000 08:02 18747993                   /usr/lib/jvm/java-6-openjdk-amd64/jre/lib/amd64/libverify.so
7f11b58b7000-7f11b5ab6000 ---p 0000e000 08:02 18747993                   /usr/lib/jvm/java-6-openjdk-amd64/jre/lib/amd64/libverify.so
7f11b5ab6000-7f11b5ab8000 r--p 0000d000 08:02 18747993                   /usr/lib/jvm/java-6-openjdk-amd64/jre/lib/amd64/libverify.so
7f11b5ab8000-7f11b5ab9000 rw-p 0000f000 08:02 18747993                   /usr/lib/jvm/java-6-openjdk-amd64/jre/lib/amd64/libverify.so
7f11b5ab9000-7f11b5ac0000 r-xp 00000000 08:02 16256584                   /lib/x86_64-linux-gnu/librt-2.15.so
7f11b5ac0000-7f11b5cbf000 ---p 00007000 08:02 16256584                   /lib/x86_64-linux-gnu/librt-2.15.so
7f11b5cbf000-7f11b5cc0000 r--p 00006000 08:02 16256584                   /lib/x86_64-linux-gnu/librt-2.15.so
7f11b5cc0000-7f11b5cc1000 rw-p 00007000 08:02 16256584                   /lib/x86_64-linux-gnu/librt-2.15.so
7f11b5cc1000-7f11b5cd6000 r-xp 00000000 08:02 16256519                   /lib/x86_64-linux-gnu/libgcc_s.so.1
7f11b5cd6000-7f11b5ed5000 ---p 00015000 08:02 16256519                   /lib/x86_64-linux-gnu/libgcc_s.so.1
7f11b5ed5000-7f11b5ed6000 r--p 00014000 08:02 16256519                   /lib/x86_64-linux-gnu/libgcc_s.so.1
7f11b5ed6000-7f11b5ed7000 rw-p 00015000 08:02 16256519                   /lib/x86_64-linux-gnu/libgcc_s.so.1
7f11b5ed7000-7f11b5fd0000 r-xp 00000000 08:02 16256530                   /lib/x86_64-linux-gnu/libm-2.15.so
7f11b5fd0000-7f11b61cf000 ---p 000f9000 08:02 16256530                   /lib/x86_64-linux-gnu/libm-2.15.so
7f11b61cf000-7f11b61d0000 r--p 000f8000 08:02 16256530                   /lib/x86_64-linux-gnu/libm-2.15.so
7f11b61d0000-7f11b61d1000 rw-p 000f9000 08:02 16256530                   /lib/x86_64-linux-gnu/libm-2.15.so
7f11b61d1000-7f11b62b3000 r-xp 00000000 08:02 16129397                   /usr/lib/x86_64-linux-gnu/libstdc++.so.6.0.16
7f11b62b3000-7f11b64b2000 ---p 000e2000 08:02 16129397                   /usr/lib/x86_64-linux-gnu/libstdc++.so.6.0.16
7f11b64b2000-7f11b64ba000 r--p 000e1000 08:02 16129397                   /usr/lib/x86_64-linux-gnu/libstdc++.so.6.0.16
7f11b64ba000-7f11b64bc000 rw-p 000e9000 08:02 16129397                   /usr/lib/x86_64-linux-gnu/libstdc++.so.6.0.16
7f11b64bc000-7f11b64d1000 rw-p 00000000 00:00 0 
7f11b64d1000-7f11b6dd5000 r-xp 00000000 08:02 18877146                   /usr/lib/jvm/java-6-openjdk-amd64/jre/lib/amd64/server/libjvm.so
7f11b6dd5000-7f11b6fd5000 ---p 00904000 08:02 18877146                   /usr/lib/jvm/java-6-openjdk-amd64/jre/lib/amd64/server/libjvm.so
7f11b6fd5000-7f11b7055000 r--p 00904000 08:02 18877146                   /usr/lib/jvm/java-6-openjdk-amd64/jre/lib/amd64/server/libjvm.so
7f11b7055000-7f11b7070000 rw-p 00984000 08:02 18877146                   /usr/lib/jvm/java-6-openjdk-amd64/jre/lib/amd64/server/libjvm.so
7f11b7070000-7f11b7099000 rw-p 00000000 00:00 0 
7f11b7099000-7f11b70af000 r-xp 00000000 08:02 16256609                   /lib/x86_64-linux-gnu/libz.so.1.2.3.4
7f11b70af000-7f11b72ae000 ---p 00016000 08:02 16256609                   /lib/x86_64-linux-gnu/libz.so.1.2.3.4
7f11b72ae000-7f11b72af000 r--p 00015000 08:02 16256609                   /lib/x86_64-linux-gnu/libz.so.1.2.3.4
7f11b72af000-7f11b72b0000 rw-p 00016000 08:02 16256609                   /lib/x86_64-linux-gnu/libz.so.1.2.3.4
7f11b72b0000-7f11b7463000 r-xp 00000000 08:02 16256498                   /lib/x86_64-linux-gnu/libc-2.15.so
7f11b7463000-7f11b7662000 ---p 001b3000 08:02 16256498                   /lib/x86_64-linux-gnu/libc-2.15.so
7f11b7662000-7f11b7666000 r--p 001b2000 08:02 16256498                   /lib/x86_64-linux-gnu/libc-2.15.so
7f11b7666000-7f11b7668000 rw-p 001b6000 08:02 16256498                   /lib/x86_64-linux-gnu/libc-2.15.so
7f11b7668000-7f11b766d000 rw-p 00000000 00:00 0 
7f11b766d000-7f11b766f000 r-xp 00000000 08:02 16256511                   /lib/x86_64-linux-gnu/libdl-2.15.so
7f11b766f000-7f11b786f000 ---p 00002000 08:02 16256511                   /lib/x86_64-linux-gnu/libdl-2.15.so
7f11b786f000-7f11b7870000 r--p 00002000 08:02 16256511                   /lib/x86_64-linux-gnu/libdl-2.15.so
7f11b7870000-7f11b7871000 rw-p 00003000 08:02 16256511                   /lib/x86_64-linux-gnu/libdl-2.15.so
7f11b7871000-7f11b7875000 r-xp 00000000 08:02 18747978                   /usr/lib/jvm/java-6-openjdk-amd64/jre/lib/amd64/jli/libjli.so
7f11b7875000-7f11b7a74000 ---p 00004000 08:02 18747978                   /usr/lib/jvm/java-6-openjdk-amd64/jre/lib/amd64/jli/libjli.so
7f11b7a74000-7f11b7a75000 r--p 00003000 08:02 18747978                   /usr/lib/jvm/java-6-openjdk-amd64/jre/lib/amd64/jli/libjli.so
7f11b7a75000-7f11b7a76000 rw-p 00004000 08:02 18747978                   /usr/lib/jvm/java-6-openjdk-amd64/jre/lib/amd64/jli/libjli.so
7f11b7a76000-7f11b7a8e000 r-xp 00000000 08:02 16256578                   /lib/x86_64-linux-gnu/libpthread-2.15.so
7f11b7a8e000-7f11b7c8d000 ---p 00018000 08:02 16256578                   /lib/x86_64-linux-gnu/libpthread-2.15.so
7f11b7c8d000-7f11b7c8e000 r--p 00017000 08:02 16256578                   /lib/x86_64-linux-gnu/libpthread-2.15.so
7f11b7c8e000-7f11b7c8f000 rw-p 00018000 08:02 16256578                   /lib/x86_64-linux-gnu/libpthread-2.15.so
7f11b7c8f000-7f11b7c93000 rw-p 00000000 00:00 0 
7f11b7c93000-7f11b7cb5000 r-xp 00000000 08:02 16256478                   /lib/x86_64-linux-gnu/ld-2.15.so
7f11b7cb5000-7f11b7cb6000 r--s 00001000 08:02 4721467                    /home/jam/.grails/ivy-cache/org.apache.ant/ant-trax/jars/ant-trax-1.7.1.jar
7f11b7cb6000-7f11b7cbd000 r--s 000fb000 08:02 18489889                   /usr/lib/jvm/java-6-openjdk-common/jre/lib/resources.jar
7f11b7cbd000-7f11b7cc4000 r--s 00067000 08:02 15730908                   /home/jam/Applications/grails-2.1.1/lib/com.springsource.springloaded/springloaded-core/jars/springloaded-core-1.0.6.jar
7f11b7cc4000-7f11b7ccd000 r--s 000a8000 08:02 15731003                   /home/jam/Applications/grails-2.1.1/dist/grails-bootstrap-2.1.1.jar
7f11b7ccd000-7f11b7cef000 rw-p 00000000 00:00 0 
7f11b7cef000-7f11b7d8d000 rw-p 00000000 00:00 0 
7f11b7d8d000-7f11b7d90000 ---p 00000000 00:00 0 
7f11b7d90000-7f11b7e93000 rw-p 00000000 00:00 0 
7f11b7e93000-7f11b7e95000 r--s 00008000 08:02 4587896                    /home/jam/Applications/grails-2.1.1/lib/org.fusesource.jansi/jansi/jars/jansi-1.2.1.jar
7f11b7e95000-7f11b7e97000 r--s 00015000 08:02 15862296                   /home/jam/Applications/grails-2.1.1/lib/jline/jline/jars/jline-1.0.jar
7f11b7e97000-7f11b7e9a000 r--s 0007d000 08:02 18489867                   /usr/lib/jvm/java-6-openjdk-common/jre/lib/jsse.jar
7f11b7e9a000-7f11b7e9e000 r--s 00038000 08:02 18489882                   /usr/lib/jvm/java-6-openjdk-common/jre/lib/ext/sunpkcs11.jar
7f11b7e9e000-7f11b7ea1000 r--s 00031000 08:02 18489884                   /usr/lib/jvm/java-6-openjdk-common/jre/lib/ext/sunjce_provider.jar
7f11b7ea1000-7f11b7ea2000 r--s 00007000 08:02 16651090                   /usr/share/java/java-atk-wrapper.jar
7f11b7ea2000-7f11b7ea5000 r--s 00077000 08:02 18489883                   /usr/lib/jvm/java-6-openjdk-common/jre/lib/ext/localedata.jar
7f11b7ea5000-7f11b7ea7000 r--s 00001000 08:02 18489885                   /usr/lib/jvm/java-6-openjdk-common/jre/lib/ext/dnsns.jar
7f11b7ea7000-7f11b7ea9000 r--s 0000f000 08:02 18489886                   /usr/lib/jvm/java-6-openjdk-common/jre/lib/ext/pulse-java.jar
7f11b7ea9000-7f11b7eb1000 rw-s 00000000 08:02 8650907                    /tmp/hsperfdata_jam/22182
7f11b7eb1000-7f11b7eb2000 rw-p 00000000 00:00 0 
7f11b7eb2000-7f11b7eb3000 r--p 00000000 00:00 0 
7f11b7eb3000-7f11b7eb5000 rw-p 00000000 00:00 0 
7f11b7eb5000-7f11b7eb6000 r--p 00022000 08:02 16256478                   /lib/x86_64-linux-gnu/ld-2.15.so
7f11b7eb6000-7f11b7eb8000 rw-p 00023000 08:02 16256478                   /lib/x86_64-linux-gnu/ld-2.15.so
7fff37793000-7fff377b4000 rw-p 00000000 00:00 0                          [stack]
7fff377d4000-7fff377d5000 r-xp 00000000 00:00 0                          [vdso]
ffffffffff600000-ffffffffff601000 r-xp 00000000 00:00 0                  [vsyscall]

VM Arguments:
jvm_args: -Xmx768M -Xms768M -XX:PermSize=256m -XX:MaxPermSize=256m -Dfile.encoding=UTF-8 -Dserver.port=8080 -Djline.WindowsTerminal.directConsole=false -javaagent:/home/jam/Applications/grails-2.1.1/lib/com.springsource.springloaded/springloaded-core/jars/springloaded-core-1.0.6.jar -Xverify:none -Dspringloaded=profile=grails;cacheDir=/home/jam/.grails/2.1.1/ -Dgrails.home=/home/jam/Applications/grails-2.1.1 -Dtools.jar=/usr/lib/jvm/default-java/lib/tools.jar 
java_command: org.codehaus.groovy.grails.cli.support.GrailsStarter --main org.codehaus.groovy.grails.cli.GrailsScriptRunner --conf /home/jam/Applications/grails-2.1.1/conf/groovy-starter.conf --classpath   run-app
Launcher Type: SUN_STANDARD

Environment Variables:
JAVA_HOME=/usr/lib/jvm/default-java
PATH=/usr/lib/lightdm/lightdm:/usr/local/sbin:/usr/local/bin:/usr/sbin:/usr/bin:/sbin:/bin:/usr/games
LD_LIBRARY_PATH=/usr/lib/jvm/java-6-openjdk-amd64/jre/lib/amd64/server:/usr/lib/jvm/java-6-openjdk-amd64/jre/lib/amd64:/usr/lib/jvm/java-6-openjdk-amd64/jre/../lib/amd64
SHELL=/bin/bash
DISPLAY=:0

Signal Handlers:
SIGSEGV: [libjvm.so+0x784310], sa_mask[0]=0x7ffbfeff, sa_flags=0x10000004
SIGBUS: [libjvm.so+0x784310], sa_mask[0]=0x7ffbfeff, sa_flags=0x10000004
SIGFPE: [libjvm.so+0x648580], sa_mask[0]=0x7ffbfeff, sa_flags=0x10000004
SIGPIPE: SIG_IGN, sa_mask[0]=0x00000000, sa_flags=0x00000000
SIGXFSZ: [libjvm.so+0x648580], sa_mask[0]=0x7ffbfeff, sa_flags=0x10000004
SIGILL: [libjvm.so+0x648580], sa_mask[0]=0x7ffbfeff, sa_flags=0x10000004
SIGUSR1: SIG_DFL, sa_mask[0]=0x00000000, sa_flags=0x00000000
SIGUSR2: [libjvm.so+0x648730], sa_mask[0]=0x00000004, sa_flags=0x10000004
SIGHUP: [libjvm.so+0x64b250], sa_mask[0]=0x7ffbfeff, sa_flags=0x10000004
SIGINT: SIG_IGN, sa_mask[0]=0x00000000, sa_flags=0x00000000
SIGTERM: [libjvm.so+0x64b250], sa_mask[0]=0x7ffbfeff, sa_flags=0x10000004
SIGQUIT: [libjvm.so+0x64b250], sa_mask[0]=0x7ffbfeff, sa_flags=0x10000004


---------------  S Y S T E M  ---------------

OS:Ubuntu 12.04 (precise)
uname:Linux 3.2.0-30-generic #48-Ubuntu SMP Fri Aug 24 16:52:48 UTC 2012 x86_64
libc:glibc 2.15 NPTL 2.15 
rlimit: STACK 8192k, CORE 0k, NPROC 59519, NOFILE 4096, AS infinity
load average:1.85 2.45 2.43

/proc/meminfo:
MemTotal:        7636272 kB
MemFree:          951980 kB
Buffers:          273240 kB
Cached:          2257348 kB
SwapCached:         2324 kB
Active:          4615444 kB
Inactive:        1351328 kB
Active(anon):    2763016 kB
Inactive(anon):   686636 kB
Active(file):    1852428 kB
Inactive(file):   664692 kB
Unevictable:          76 kB
Mlocked:              76 kB
SwapTotal:       7837776 kB
SwapFree:        7821292 kB
Dirty:                64 kB
Writeback:             0 kB
AnonPages:       3434276 kB
Mapped:           347708 kB
Shmem:             13468 kB
Slab:             233140 kB
SReclaimable:     185984 kB
SUnreclaim:        47156 kB
KernelStack:        5896 kB
PageTables:        67748 kB
NFS_Unstable:          0 kB
Bounce:                0 kB
WritebackTmp:          0 kB
CommitLimit:    11655912 kB
Committed_AS:    8858864 kB
VmallocTotal:   34359738367 kB
VmallocUsed:      135768 kB
VmallocChunk:   34359600448 kB
HardwareCorrupted:     0 kB
AnonHugePages:         0 kB
HugePages_Total:       0
HugePages_Free:        0
HugePages_Rsvd:        0
HugePages_Surp:        0
Hugepagesize:       2048 kB
DirectMap4k:      405504 kB
DirectMap2M:     6391808 kB
DirectMap1G:     1048576 kB


CPU:total 4 (4 cores per cpu, 1 threads per core) family 18 model 1 stepping 0, cmov, cx8, fxsr, mmx, sse, sse2, sse3, popcnt, mmxext, 3dnowpref, lzcnt, sse4a

Memory: 4k page, physical 7636272k(951980k free), swap 7837776k(7821292k free)

vm_info: OpenJDK 64-Bit Server VM (20.0-b12) for linux-amd64 JRE (1.6.0_24-b24), built on Sep  2 2012 19:50:47 by "buildd" with gcc 4.6.3

time: Sun Sep 16 16:56:55 2012
elapsed time: 345 seconds

