#
# A fatal error has been detected by the Java Runtime Environment:
#
#  SIGSEGV (0xb) at pc=0x00007f45917b4c85, pid=20955, tid=139936590231296
#
# JRE version: 6.0_24-b24
# Java VM: OpenJDK 64-Bit Server VM (20.0-b12 mixed mode linux-amd64 compressed oops)
# Derivative: IcedTea6 1.11.4
# Distribution: Ubuntu 12.04 LTS, package 6b24-1.11.4-1ubuntu0.12.04.1
# Problematic frame:
# V  [libjvm.so+0x62fc85]  Node::has_special_unique_user() const+0x25
#
# If you would like to submit a bug report, please include
# instructions how to reproduce the bug and visit:
#   https://bugs.launchpad.net/ubuntu/+source/openjdk-6/
#

---------------  T H R E A D  ---------------

Current thread (0x00007f458c0ea800):  JavaThread "C2 CompilerThread0" daemon [_thread_in_native, id=20977, stack(0x00007f4586b07000,0x00007f4586c08000)]

siginfo:si_signo=SIGSEGV: si_errno=0, si_code=2 (SEGV_ACCERR), si_addr=0x00007f4590cd87f0

Registers:
RAX=0x00007f4590cd87f0, RBX=0x00007f458c7cae00, RCX=0x000000000000001c, RDX=0x00007f458c7caed0
RSP=0x00007f4586c053e0, RBP=0x00007f4586c05400, RSI=0x00007f458c7caed0, RDI=0x00007f458c7cae00
R8 =0x0000000000000001, R9 =0x00007f4558a9dac0, R10=0x000000000000003a, R11=0x0000000010000000
R12=0x0000000000000001, R13=0x0000000000000bac, R14=0x00007f458c7cad70, R15=0x00007f4586c05f10
RIP=0x00007f45917b4c85, EFLAGS=0x0000000000010202, CSGSFS=0x0000000000000033, ERR=0x0000000000000004
  TRAPNO=0x000000000000000e

Top of Stack: (sp=0x00007f4586c053e0)
0x00007f4586c053e0:   00007f4586c05ef0 0000000000000001
0x00007f4586c053f0:   0000000000000bac 00007f458c7cae00
0x00007f4586c05400:   00007f4586c05450 00007f45914faeb8
0x00007f4586c05410:   00007f4586c05f10 00007f4586c060f0
0x00007f4586c05420:   00007f4591cf19c0 00007f4586c05ee0
0x00007f4586c05430:   00007f458c0ca840 00007f4586c05520
0x00007f4586c05440:   00007f4586c05f80 00007f4586c05f10
0x00007f4586c05450:   00007f4586c054a0 00007f4591809927
0x00007f4586c05460:   0000000000000000 00007f4586c05ef0
0x00007f4586c05470:   00007f4586c05fd0 00007f4586c060f0
0x00007f4586c05480:   00007f4591cfb560 00007f4586c05f80
0x00007f4586c05490:   00007f4586c06940 00007f458c0ca840
0x00007f4586c054a0:   00007f4586c060a0 00007f4591501d3a
0x00007f4586c054b0:   000000000000000a 00007f4558a0dda0
0x00007f4586c054c0:   00007f4586c06940 00007f4586c06958
0x00007f4586c054d0:   00007f458c0e0180 0000000000000004
0x00007f4586c054e0:   0000000000000001 0000000000000000
0x00007f4586c054f0:   00007f455d8ef770 00007f455d334510
0x00007f4586c05500:   00007f455d8f7758 00007f455d8f43b0
0x00007f4586c05510:   00007f458c0e0180 00007f4586c05ee0
0x00007f4586c05520:   00007f4591cf9fb0 0000000000000004
0x00007f4586c05530:   00007f4586c060f0 00007f4586c06218
0x00007f4586c05540:   00007f4586c06218 0000001a00000004
0x00007f4586c05550:   00007f455c009400 00007f4586c06218
0x00007f4586c05560:   00007f4500002000 00007f4559b71c30
0x00007f4586c05570:   0000000000000000 0000000000000000
0x00007f4586c05580:   0000000000000000 0000000000000000
0x00007f4586c05590:   0000000000000000 0000000000000000
0x00007f4586c055a0:   0000000000000000 0000000000000000
0x00007f4586c055b0:   0000000000000000 0000000000000000
0x00007f4586c055c0:   0000000000000000 0000000000000000
0x00007f4586c055d0:   0000000000000000 0000000000000000 

Instructions: (pc=0x00007f45917b4c85)
0x00007f45917b4c65:   89 5d e0 4c 89 65 e8 48 89 fb 4c 89 6d f0 4c 89
0x00007f45917b4c75:   75 f8 48 83 ec 20 48 8b 47 10 4c 8b 30 48 8b 07
0x00007f45917b4c85:   ff 10 41 89 c4 0f b7 43 2c 25 ff 01 00 00 3d 40
0x00007f45917b4c95:   01 00 00 74 4e 41 83 fc 10 74 70 41 8d 84 24 2b 

Register to memory mapping:

RAX=0x00007f4590cd87f0: <offset 0x14d7f0> in /lib/x86_64-linux-gnu/libm.so.6 at 0x00007f4590b8b000
RBX=0x00007f458c7cae00 is an unknown value
RCX=0x000000000000001c is an unknown value
RDX=0x00007f458c7caed0 is an unknown value
RSP=0x00007f4586c053e0 is pointing into the stack for thread: 0x00007f458c0ea800
RBP=0x00007f4586c05400 is pointing into the stack for thread: 0x00007f458c0ea800
RSI=0x00007f458c7caed0 is an unknown value
RDI=0x00007f458c7cae00 is an unknown value
R8 =0x0000000000000001 is an unknown value
R9 =0x00007f4558a9dac0 is an unknown value
R10=0x000000000000003a is an unknown value
R11=0x0000000010000000 is an unknown value
R12=0x0000000000000001 is an unknown value
R13=0x0000000000000bac is an unknown value
R14=0x00007f458c7cad70 is an unknown value
R15=0x00007f4586c05f10 is pointing into the stack for thread: 0x00007f458c0ea800


Stack: [0x00007f4586b07000,0x00007f4586c08000],  sp=0x00007f4586c053e0,  free space=1016k
Native frames: (J=compiled Java code, j=interpreted, Vv=VM code, C=native code)
V  [libjvm.so+0x62fc85]  Node::has_special_unique_user() const+0x25
V  [libjvm.so+0x375eb8]  Compile::remove_useless_nodes(Unique_Node_List&)+0xd8
V  [libjvm.so+0x684927]  PhaseRemoveUseless::PhaseRemoveUseless(PhaseGVN*, Unique_Node_List*)+0xf7
V  [libjvm.so+0x37cd3a]  Compile::Compile(ciEnv*, C2Compiler*, ciMethod*, int, bool, bool)+0xdca
V  [libjvm.so+0x306250]  C2Compiler::compile_method(ciEnv*, ciMethod*, int)+0xe0
V  [libjvm.so+0x381133]  CompileBroker::invoke_compiler_on_method(CompileTask*)+0x2a3
V  [libjvm.so+0x381a7b]  CompileBroker::compiler_thread_loop()+0x45b
V  [libjvm.so+0x74c0d8]  JavaThread::thread_main_inner()+0x58
V  [libjvm.so+0x64bbf2]  java_start(Thread*)+0x112


Current CompileTask:
C2:   5008 126      groovy.lang.MetaClassImpl$1MOPIter.processFastArray(Lorg/codehaus/groovy/util/FastArray;)V (210 bytes)


---------------  P R O C E S S  ---------------

Java Threads: ( => current thread )
  0x00007f458c0e3800 JavaThread "Low Memory Detector" daemon [_thread_blocked, id=20979, stack(0x00007f4586905000,0x00007f4586a06000)]
  0x00007f458c0e9000 JavaThread "C2 CompilerThread1" daemon [_thread_in_native, id=20978, stack(0x00007f4586a06000,0x00007f4586b07000)]
=>0x00007f458c0ea800 JavaThread "C2 CompilerThread0" daemon [_thread_in_native, id=20977, stack(0x00007f4586b07000,0x00007f4586c08000)]
  0x00007f458c08c000 JavaThread "Signal Dispatcher" daemon [_thread_blocked, id=20976, stack(0x00007f4586c66000,0x00007f4586d67000)]
  0x00007f458c079800 JavaThread "Finalizer" daemon [_thread_blocked, id=20975, stack(0x00007f4587542000,0x00007f4587643000)]
  0x00007f458c077800 JavaThread "Reference Handler" daemon [_thread_blocked, id=20974, stack(0x00007f4587643000,0x00007f4587744000)]
  0x00007f458c009800 JavaThread "main" [_thread_in_vm, id=20965, stack(0x00007f4592a41000,0x00007f4592b42000)]

Other Threads:
  0x00007f458c071000 VMThread [stack: 0x00007f4587744000,0x00007f4587845000] [id=20973]
  0x00007f458c0f5800 WatcherThread [stack: 0x00007f4586804000,0x00007f4586905000] [id=20980]

VM state:not at safepoint (normal execution)

VM Mutex/Monitor currently owned by a thread: None

Heap
 PSYoungGen      total 229376K, used 94538K [0x00000000f0000000, 0x0000000100000000, 0x0000000100000000)
  eden space 196608K, 42% used [0x00000000f0000000,0x00000000f5271a50,0x00000000fc000000)
  from space 32768K, 30% used [0x00000000fc000000,0x00000000fc9e10e0,0x00000000fe000000)
  to   space 32768K, 0% used [0x00000000fe000000,0x00000000fe000000,0x0000000100000000)
 PSOldGen        total 524288K, used 0K [0x00000000d0000000, 0x00000000f0000000, 0x00000000f0000000)
  object space 524288K, 0% used [0x00000000d0000000,0x00000000d0000000,0x00000000f0000000)
 PSPermGen       total 262144K, used 20457K [0x00000000c0000000, 0x00000000d0000000, 0x00000000d0000000)
  object space 262144K, 7% used [0x00000000c0000000,0x00000000c13fa720,0x00000000d0000000)

Code Cache  [0x00007f45885bc000, 0x00007f458882c000, 0x00007f458b5bc000)
 total_blobs=630 nmethods=134 adapters=450 free_code_cache=48043392 largest_free_block=23744

Dynamic libraries:
00400000-00409000 r-xp 00000000 08:02 397963                             /usr/lib/jvm/java-6-openjdk-amd64/jre/bin/java
00608000-00609000 r--p 00008000 08:02 397963                             /usr/lib/jvm/java-6-openjdk-amd64/jre/bin/java
00609000-0060a000 rw-p 00009000 08:02 397963                             /usr/lib/jvm/java-6-openjdk-amd64/jre/bin/java
0086d000-0088e000 rw-p 00000000 00:00 0                                  [heap]
c0000000-100000000 rw-p 00000000 00:00 0 
7f4548000000-7f4548021000 rw-p 00000000 00:00 0 
7f4548021000-7f454c000000 ---p 00000000 00:00 0 
7f4550000000-7f4550021000 rw-p 00000000 00:00 0 
7f4550021000-7f4554000000 ---p 00000000 00:00 0 
7f4554000000-7f4554021000 rw-p 00000000 00:00 0 
7f4554021000-7f4558000000 ---p 00000000 00:00 0 
7f4558000000-7f455adc6000 rw-p 00000000 00:00 0 
7f455adc6000-7f455c000000 ---p 00000000 00:00 0 
7f455c000000-7f455e99d000 rw-p 00000000 00:00 0 
7f455e99d000-7f4560000000 ---p 00000000 00:00 0 
7f4560000000-7f4560021000 rw-p 00000000 00:00 0 
7f4560021000-7f4564000000 ---p 00000000 00:00 0 
7f4564000000-7f4564021000 rw-p 00000000 00:00 0 
7f4564021000-7f4568000000 ---p 00000000 00:00 0 
7f4568000000-7f4568021000 rw-p 00000000 00:00 0 
7f4568021000-7f456c000000 ---p 00000000 00:00 0 
7f456c000000-7f456c021000 rw-p 00000000 00:00 0 
7f456c021000-7f4570000000 ---p 00000000 00:00 0 
7f4570000000-7f4570021000 rw-p 00000000 00:00 0 
7f4570021000-7f4574000000 ---p 00000000 00:00 0 
7f4578000000-7f4578021000 rw-p 00000000 00:00 0 
7f4578021000-7f457c000000 ---p 00000000 00:00 0 
7f457c000000-7f457c021000 rw-p 00000000 00:00 0 
7f457c021000-7f4580000000 ---p 00000000 00:00 0 
7f4580000000-7f4580021000 rw-p 00000000 00:00 0 
7f4580021000-7f4584000000 ---p 00000000 00:00 0 
7f4586012000-7f45862d7000 rw-p 00000000 00:00 0 
7f45862d7000-7f45862ec000 r-xp 00000000 08:02 18747986                   /usr/lib/jvm/java-6-openjdk-amd64/jre/lib/amd64/libnet.so
7f45862ec000-7f45864eb000 ---p 00015000 08:02 18747986                   /usr/lib/jvm/java-6-openjdk-amd64/jre/lib/amd64/libnet.so
7f45864eb000-7f45864ec000 r--p 00014000 08:02 18747986                   /usr/lib/jvm/java-6-openjdk-amd64/jre/lib/amd64/libnet.so
7f45864ec000-7f45864ed000 rw-p 00015000 08:02 18747986                   /usr/lib/jvm/java-6-openjdk-amd64/jre/lib/amd64/libnet.so
7f45864ed000-7f45864f0000 ---p 00000000 00:00 0 
7f45864f0000-7f45865ee000 rw-p 00000000 00:00 0 
7f4586670000-7f4586685000 r-xp 00000000 08:02 8650904                    /tmp/jna7885381250854782662.tmp
7f4586685000-7f4586784000 ---p 00015000 08:02 8650904                    /tmp/jna7885381250854782662.tmp
7f4586784000-7f4586786000 rw-p 00014000 08:02 8650904                    /tmp/jna7885381250854782662.tmp
7f4586786000-7f45867e6000 r--s 00d92000 08:02 18877160                   /usr/lib/jvm/java-6-openjdk-amd64/lib/tools.jar
7f45867e6000-7f4586804000 r--s 001bb000 08:02 15997849                   /home/jam/Applications/grails-2.1.1/lib/org.apache.ant/ant/jars/ant-1.8.2.jar
7f4586804000-7f4586805000 ---p 00000000 00:00 0 
7f4586805000-7f4586905000 rw-p 00000000 00:00 0 
7f4586905000-7f4586908000 ---p 00000000 00:00 0 
7f4586908000-7f4586a06000 rw-p 00000000 00:00 0 
7f4586a06000-7f4586a09000 ---p 00000000 00:00 0 
7f4586a09000-7f4586b07000 rw-p 00000000 00:00 0 
7f4586b07000-7f4586b0a000 ---p 00000000 00:00 0 
7f4586b0a000-7f4586c08000 rw-p 00000000 00:00 0 
7f4586c08000-7f4586c66000 r--s 00592000 08:02 4587821                    /home/jam/Applications/grails-2.1.1/lib/org.codehaus.groovy/groovy-all/jars/groovy-all-1.8.8.jar
7f4586c66000-7f4586c69000 ---p 00000000 00:00 0 
7f4586c69000-7f4586d67000 rw-p 00000000 00:00 0 
7f4586d67000-7f4587542000 r--p 00000000 08:02 16128286                   /usr/lib/locale/locale-archive
7f4587542000-7f4587545000 ---p 00000000 00:00 0 
7f4587545000-7f4587643000 rw-p 00000000 00:00 0 
7f4587643000-7f4587646000 ---p 00000000 00:00 0 
7f4587646000-7f4587744000 rw-p 00000000 00:00 0 
7f4587744000-7f4587745000 ---p 00000000 00:00 0 
7f4587745000-7f4587d7d000 rw-p 00000000 00:00 0 
7f4587d7d000-7f4587f0f000 r--s 037bf000 08:02 18616443                   /usr/lib/jvm/java-6-openjdk-amd64/jre/lib/rt.jar
7f4587f0f000-7f4587f37000 rw-p 00000000 00:00 0 
7f4587f37000-7f4587f38000 ---p 00000000 00:00 0 
7f4587f38000-7f4588038000 rw-p 00000000 00:00 0 
7f4588038000-7f4588039000 ---p 00000000 00:00 0 
7f4588039000-7f4588139000 rw-p 00000000 00:00 0 
7f4588139000-7f458813a000 ---p 00000000 00:00 0 
7f458813a000-7f458823a000 rw-p 00000000 00:00 0 
7f458823a000-7f458823b000 ---p 00000000 00:00 0 
7f458823b000-7f45885bc000 rw-p 00000000 00:00 0 
7f45885bc000-7f458882c000 rwxp 00000000 00:00 0 
7f458882c000-7f458b5bc000 rw-p 00000000 00:00 0 
7f458b5bc000-7f458b5c3000 r-xp 00000000 08:02 18748006                   /usr/lib/jvm/java-6-openjdk-amd64/jre/lib/amd64/libzip.so
7f458b5c3000-7f458b7c2000 ---p 00007000 08:02 18748006                   /usr/lib/jvm/java-6-openjdk-amd64/jre/lib/amd64/libzip.so
7f458b7c2000-7f458b7c3000 r--p 00006000 08:02 18748006                   /usr/lib/jvm/java-6-openjdk-amd64/jre/lib/amd64/libzip.so
7f458b7c3000-7f458b7c4000 rw-p 00007000 08:02 18748006                   /usr/lib/jvm/java-6-openjdk-amd64/jre/lib/amd64/libzip.so
7f458b7c4000-7f458b7d0000 r-xp 00000000 08:02 16256549                   /lib/x86_64-linux-gnu/libnss_files-2.15.so
7f458b7d0000-7f458b9cf000 ---p 0000c000 08:02 16256549                   /lib/x86_64-linux-gnu/libnss_files-2.15.so
7f458b9cf000-7f458b9d0000 r--p 0000b000 08:02 16256549                   /lib/x86_64-linux-gnu/libnss_files-2.15.so
7f458b9d0000-7f458b9d1000 rw-p 0000c000 08:02 16256549                   /lib/x86_64-linux-gnu/libnss_files-2.15.so
7f458b9d1000-7f458b9db000 r-xp 00000000 08:02 16256553                   /lib/x86_64-linux-gnu/libnss_nis-2.15.so
7f458b9db000-7f458bbdb000 ---p 0000a000 08:02 16256553                   /lib/x86_64-linux-gnu/libnss_nis-2.15.so
7f458bbdb000-7f458bbdc000 r--p 0000a000 08:02 16256553                   /lib/x86_64-linux-gnu/libnss_nis-2.15.so
7f458bbdc000-7f458bbdd000 rw-p 0000b000 08:02 16256553                   /lib/x86_64-linux-gnu/libnss_nis-2.15.so
7f458bbdd000-7f458bbf4000 r-xp 00000000 08:02 16256543                   /lib/x86_64-linux-gnu/libnsl-2.15.so
7f458bbf4000-7f458bdf3000 ---p 00017000 08:02 16256543                   /lib/x86_64-linux-gnu/libnsl-2.15.so
7f458bdf3000-7f458bdf4000 r--p 00016000 08:02 16256543                   /lib/x86_64-linux-gnu/libnsl-2.15.so
7f458bdf4000-7f458bdf5000 rw-p 00017000 08:02 16256543                   /lib/x86_64-linux-gnu/libnsl-2.15.so
7f458bdf5000-7f458bdf7000 rw-p 00000000 00:00 0 
7f458bdf7000-7f458bdff000 r-xp 00000000 08:02 16256545                   /lib/x86_64-linux-gnu/libnss_compat-2.15.so
7f458bdff000-7f458bffe000 ---p 00008000 08:02 16256545                   /lib/x86_64-linux-gnu/libnss_compat-2.15.so
7f458bffe000-7f458bfff000 r--p 00007000 08:02 16256545                   /lib/x86_64-linux-gnu/libnss_compat-2.15.so
7f458bfff000-7f458c000000 rw-p 00008000 08:02 16256545                   /lib/x86_64-linux-gnu/libnss_compat-2.15.so
7f458c000000-7f458cc1e000 rw-p 00000000 00:00 0 
7f458cc1e000-7f4590000000 ---p 00000000 00:00 0 
7f459000a000-7f459000f000 r--s 00050000 08:02 4587551                    /home/jam/Applications/grails-2.1.1/lib/org.codehaus.gant/gant_groovy1.8/jars/gant_groovy1.8-1.9.6.jar
7f459000f000-7f459001e000 r--s 000d9000 08:02 3933556                    /home/jam/Applications/grails-2.1.1/lib/org.apache.ivy/ivy/jars/ivy-2.2.0.jar
7f459001e000-7f4590020000 r--s 00009000 08:02 15730918                   /home/jam/Applications/grails-2.1.1/lib/commons-cli/commons-cli/jars/commons-cli-1.2.jar
7f4590020000-7f4590023000 r--s 000cf000 08:02 15997829                   /home/jam/Applications/grails-2.1.1/lib/net.java.dev.jna/jna/jars/jna-3.2.3.jar
7f4590023000-7f4590123000 rw-p 00000000 00:00 0 
7f4590123000-7f459012c000 r-xp 00000000 08:02 18747976                   /usr/lib/jvm/java-6-openjdk-amd64/jre/lib/amd64/libinstrument.so
7f459012c000-7f459032c000 ---p 00009000 08:02 18747976                   /usr/lib/jvm/java-6-openjdk-amd64/jre/lib/amd64/libinstrument.so
7f459032c000-7f459032d000 r--p 00009000 08:02 18747976                   /usr/lib/jvm/java-6-openjdk-amd64/jre/lib/amd64/libinstrument.so
7f459032d000-7f459032e000 rw-p 0000a000 08:02 18747976                   /usr/lib/jvm/java-6-openjdk-amd64/jre/lib/amd64/libinstrument.so
7f459032e000-7f459035a000 r-xp 00000000 08:02 18747994                   /usr/lib/jvm/java-6-openjdk-amd64/jre/lib/amd64/libjava.so
7f459035a000-7f4590559000 ---p 0002c000 08:02 18747994                   /usr/lib/jvm/java-6-openjdk-amd64/jre/lib/amd64/libjava.so
7f4590559000-7f459055a000 r--p 0002b000 08:02 18747994                   /usr/lib/jvm/java-6-openjdk-amd64/jre/lib/amd64/libjava.so
7f459055a000-7f459055d000 rw-p 0002c000 08:02 18747994                   /usr/lib/jvm/java-6-openjdk-amd64/jre/lib/amd64/libjava.so
7f459055d000-7f459056b000 r-xp 00000000 08:02 18747993                   /usr/lib/jvm/java-6-openjdk-amd64/jre/lib/amd64/libverify.so
7f459056b000-7f459076a000 ---p 0000e000 08:02 18747993                   /usr/lib/jvm/java-6-openjdk-amd64/jre/lib/amd64/libverify.so
7f459076a000-7f459076c000 r--p 0000d000 08:02 18747993                   /usr/lib/jvm/java-6-openjdk-amd64/jre/lib/amd64/libverify.so
7f459076c000-7f459076d000 rw-p 0000f000 08:02 18747993                   /usr/lib/jvm/java-6-openjdk-amd64/jre/lib/amd64/libverify.so
7f459076d000-7f4590774000 r-xp 00000000 08:02 16256584                   /lib/x86_64-linux-gnu/librt-2.15.so
7f4590774000-7f4590973000 ---p 00007000 08:02 16256584                   /lib/x86_64-linux-gnu/librt-2.15.so
7f4590973000-7f4590974000 r--p 00006000 08:02 16256584                   /lib/x86_64-linux-gnu/librt-2.15.so
7f4590974000-7f4590975000 rw-p 00007000 08:02 16256584                   /lib/x86_64-linux-gnu/librt-2.15.so
7f4590975000-7f459098a000 r-xp 00000000 08:02 16256519                   /lib/x86_64-linux-gnu/libgcc_s.so.1
7f459098a000-7f4590b89000 ---p 00015000 08:02 16256519                   /lib/x86_64-linux-gnu/libgcc_s.so.1
7f4590b89000-7f4590b8a000 r--p 00014000 08:02 16256519                   /lib/x86_64-linux-gnu/libgcc_s.so.1
7f4590b8a000-7f4590b8b000 rw-p 00015000 08:02 16256519                   /lib/x86_64-linux-gnu/libgcc_s.so.1
7f4590b8b000-7f4590c84000 r-xp 00000000 08:02 16256530                   /lib/x86_64-linux-gnu/libm-2.15.so
7f4590c84000-7f4590e83000 ---p 000f9000 08:02 16256530                   /lib/x86_64-linux-gnu/libm-2.15.so
7f4590e83000-7f4590e84000 r--p 000f8000 08:02 16256530                   /lib/x86_64-linux-gnu/libm-2.15.so
7f4590e84000-7f4590e85000 rw-p 000f9000 08:02 16256530                   /lib/x86_64-linux-gnu/libm-2.15.so
7f4590e85000-7f4590f67000 r-xp 00000000 08:02 16129397                   /usr/lib/x86_64-linux-gnu/libstdc++.so.6.0.16
7f4590f67000-7f4591166000 ---p 000e2000 08:02 16129397                   /usr/lib/x86_64-linux-gnu/libstdc++.so.6.0.16
7f4591166000-7f459116e000 r--p 000e1000 08:02 16129397                   /usr/lib/x86_64-linux-gnu/libstdc++.so.6.0.16
7f459116e000-7f4591170000 rw-p 000e9000 08:02 16129397                   /usr/lib/x86_64-linux-gnu/libstdc++.so.6.0.16
7f4591170000-7f4591185000 rw-p 00000000 00:00 0 
7f4591185000-7f4591a89000 r-xp 00000000 08:02 18877146                   /usr/lib/jvm/java-6-openjdk-amd64/jre/lib/amd64/server/libjvm.so
7f4591a89000-7f4591c89000 ---p 00904000 08:02 18877146                   /usr/lib/jvm/java-6-openjdk-amd64/jre/lib/amd64/server/libjvm.so
7f4591c89000-7f4591d09000 r--p 00904000 08:02 18877146                   /usr/lib/jvm/java-6-openjdk-amd64/jre/lib/amd64/server/libjvm.so
7f4591d09000-7f4591d24000 rw-p 00984000 08:02 18877146                   /usr/lib/jvm/java-6-openjdk-amd64/jre/lib/amd64/server/libjvm.so
7f4591d24000-7f4591d4d000 rw-p 00000000 00:00 0 
7f4591d4d000-7f4591d63000 r-xp 00000000 08:02 16256609                   /lib/x86_64-linux-gnu/libz.so.1.2.3.4
7f4591d63000-7f4591f62000 ---p 00016000 08:02 16256609                   /lib/x86_64-linux-gnu/libz.so.1.2.3.4
7f4591f62000-7f4591f63000 r--p 00015000 08:02 16256609                   /lib/x86_64-linux-gnu/libz.so.1.2.3.4
7f4591f63000-7f4591f64000 rw-p 00016000 08:02 16256609                   /lib/x86_64-linux-gnu/libz.so.1.2.3.4
7f4591f64000-7f4592117000 r-xp 00000000 08:02 16256498                   /lib/x86_64-linux-gnu/libc-2.15.so
7f4592117000-7f4592316000 ---p 001b3000 08:02 16256498                   /lib/x86_64-linux-gnu/libc-2.15.so
7f4592316000-7f459231a000 r--p 001b2000 08:02 16256498                   /lib/x86_64-linux-gnu/libc-2.15.so
7f459231a000-7f459231c000 rw-p 001b6000 08:02 16256498                   /lib/x86_64-linux-gnu/libc-2.15.so
7f459231c000-7f4592321000 rw-p 00000000 00:00 0 
7f4592321000-7f4592323000 r-xp 00000000 08:02 16256511                   /lib/x86_64-linux-gnu/libdl-2.15.so
7f4592323000-7f4592523000 ---p 00002000 08:02 16256511                   /lib/x86_64-linux-gnu/libdl-2.15.so
7f4592523000-7f4592524000 r--p 00002000 08:02 16256511                   /lib/x86_64-linux-gnu/libdl-2.15.so
7f4592524000-7f4592525000 rw-p 00003000 08:02 16256511                   /lib/x86_64-linux-gnu/libdl-2.15.so
7f4592525000-7f4592529000 r-xp 00000000 08:02 18747978                   /usr/lib/jvm/java-6-openjdk-amd64/jre/lib/amd64/jli/libjli.so
7f4592529000-7f4592728000 ---p 00004000 08:02 18747978                   /usr/lib/jvm/java-6-openjdk-amd64/jre/lib/amd64/jli/libjli.so
7f4592728000-7f4592729000 r--p 00003000 08:02 18747978                   /usr/lib/jvm/java-6-openjdk-amd64/jre/lib/amd64/jli/libjli.so
7f4592729000-7f459272a000 rw-p 00004000 08:02 18747978                   /usr/lib/jvm/java-6-openjdk-amd64/jre/lib/amd64/jli/libjli.so
7f459272a000-7f4592742000 r-xp 00000000 08:02 16256578                   /lib/x86_64-linux-gnu/libpthread-2.15.so
7f4592742000-7f4592941000 ---p 00018000 08:02 16256578                   /lib/x86_64-linux-gnu/libpthread-2.15.so
7f4592941000-7f4592942000 r--p 00017000 08:02 16256578                   /lib/x86_64-linux-gnu/libpthread-2.15.so
7f4592942000-7f4592943000 rw-p 00018000 08:02 16256578                   /lib/x86_64-linux-gnu/libpthread-2.15.so
7f4592943000-7f4592947000 rw-p 00000000 00:00 0 
7f4592947000-7f4592969000 r-xp 00000000 08:02 16256478                   /lib/x86_64-linux-gnu/ld-2.15.so
7f459296a000-7f4592971000 r--s 000fb000 08:02 18489889                   /usr/lib/jvm/java-6-openjdk-common/jre/lib/resources.jar
7f4592971000-7f4592978000 r--s 00067000 08:02 15730908                   /home/jam/Applications/grails-2.1.1/lib/com.springsource.springloaded/springloaded-core/jars/springloaded-core-1.0.6.jar
7f4592978000-7f4592981000 r--s 000a8000 08:02 15731003                   /home/jam/Applications/grails-2.1.1/dist/grails-bootstrap-2.1.1.jar
7f4592981000-7f459298b000 rw-p 00000000 00:00 0 
7f459298b000-7f4592a41000 rw-p 00000000 00:00 0 
7f4592a41000-7f4592a44000 ---p 00000000 00:00 0 
7f4592a44000-7f4592b47000 rw-p 00000000 00:00 0 
7f4592b47000-7f4592b49000 r--s 00008000 08:02 4587896                    /home/jam/Applications/grails-2.1.1/lib/org.fusesource.jansi/jansi/jars/jansi-1.2.1.jar
7f4592b49000-7f4592b4b000 r--s 00015000 08:02 15862296                   /home/jam/Applications/grails-2.1.1/lib/jline/jline/jars/jline-1.0.jar
7f4592b4b000-7f4592b4e000 r--s 0007d000 08:02 18489867                   /usr/lib/jvm/java-6-openjdk-common/jre/lib/jsse.jar
7f4592b4e000-7f4592b52000 r--s 00038000 08:02 18489882                   /usr/lib/jvm/java-6-openjdk-common/jre/lib/ext/sunpkcs11.jar
7f4592b52000-7f4592b55000 r--s 00031000 08:02 18489884                   /usr/lib/jvm/java-6-openjdk-common/jre/lib/ext/sunjce_provider.jar
7f4592b55000-7f4592b56000 r--s 00007000 08:02 16651090                   /usr/share/java/java-atk-wrapper.jar
7f4592b56000-7f4592b59000 r--s 00077000 08:02 18489883                   /usr/lib/jvm/java-6-openjdk-common/jre/lib/ext/localedata.jar
7f4592b59000-7f4592b5b000 r--s 00001000 08:02 18489885                   /usr/lib/jvm/java-6-openjdk-common/jre/lib/ext/dnsns.jar
7f4592b5b000-7f4592b5d000 r--s 0000f000 08:02 18489886                   /usr/lib/jvm/java-6-openjdk-common/jre/lib/ext/pulse-java.jar
7f4592b5d000-7f4592b65000 rw-s 00000000 08:02 8650903                    /tmp/hsperfdata_jam/20955
7f4592b65000-7f4592b66000 rw-p 00000000 00:00 0 
7f4592b66000-7f4592b67000 r--p 00000000 00:00 0 
7f4592b67000-7f4592b69000 rw-p 00000000 00:00 0 
7f4592b69000-7f4592b6a000 r--p 00022000 08:02 16256478                   /lib/x86_64-linux-gnu/ld-2.15.so
7f4592b6a000-7f4592b6c000 rw-p 00023000 08:02 16256478                   /lib/x86_64-linux-gnu/ld-2.15.so
7fff9e690000-7fff9e6b1000 rw-p 00000000 00:00 0                          [stack]
7fff9e7ff000-7fff9e800000 r-xp 00000000 00:00 0                          [vdso]
ffffffffff600000-ffffffffff601000 r-xp 00000000 00:00 0                  [vsyscall]

VM Arguments:
jvm_args: -Xmx768M -Xms768M -XX:PermSize=256m -XX:MaxPermSize=256m -Dfile.encoding=UTF-8 -Dserver.port=8080 -Djline.WindowsTerminal.directConsole=false -javaagent:/home/jam/Applications/grails-2.1.1/lib/com.springsource.springloaded/springloaded-core/jars/springloaded-core-1.0.6.jar -Xverify:none -Dspringloaded=profile=grails;cacheDir=/home/jam/.grails/2.1.1/ -Dgrails.home=/home/jam/Applications/grails-2.1.1 -Dtools.jar=/usr/lib/jvm/default-java/lib/tools.jar 
java_command: org.codehaus.groovy.grails.cli.support.GrailsStarter --main org.codehaus.groovy.grails.cli.GrailsScriptRunner --conf /home/jam/Applications/grails-2.1.1/conf/groovy-starter.conf --classpath   run-app
Launcher Type: SUN_STANDARD

Environment Variables:
JAVA_HOME=/usr/lib/jvm/default-java
PATH=/usr/lib/lightdm/lightdm:/usr/local/sbin:/usr/local/bin:/usr/sbin:/usr/bin:/sbin:/bin:/usr/games
LD_LIBRARY_PATH=/usr/lib/jvm/java-6-openjdk-amd64/jre/lib/amd64/server:/usr/lib/jvm/java-6-openjdk-amd64/jre/lib/amd64:/usr/lib/jvm/java-6-openjdk-amd64/jre/../lib/amd64
SHELL=/bin/bash
DISPLAY=:0

Signal Handlers:
SIGSEGV: [libjvm.so+0x784310], sa_mask[0]=0x7ffbfeff, sa_flags=0x10000004
SIGBUS: [libjvm.so+0x784310], sa_mask[0]=0x7ffbfeff, sa_flags=0x10000004
SIGFPE: [libjvm.so+0x648580], sa_mask[0]=0x7ffbfeff, sa_flags=0x10000004
SIGPIPE: [libjvm.so+0x648580], sa_mask[0]=0x7ffbfeff, sa_flags=0x10000004
SIGXFSZ: [libjvm.so+0x648580], sa_mask[0]=0x7ffbfeff, sa_flags=0x10000004
SIGILL: [libjvm.so+0x648580], sa_mask[0]=0x7ffbfeff, sa_flags=0x10000004
SIGUSR1: SIG_DFL, sa_mask[0]=0x00000000, sa_flags=0x00000000
SIGUSR2: [libjvm.so+0x648730], sa_mask[0]=0x00000004, sa_flags=0x10000004
SIGHUP: [libjvm.so+0x64b250], sa_mask[0]=0x7ffbfeff, sa_flags=0x10000004
SIGINT: SIG_IGN, sa_mask[0]=0x00000000, sa_flags=0x00000000
SIGTERM: [libjvm.so+0x64b250], sa_mask[0]=0x7ffbfeff, sa_flags=0x10000004
SIGQUIT: [libjvm.so+0x64b250], sa_mask[0]=0x7ffbfeff, sa_flags=0x10000004


---------------  S Y S T E M  ---------------

OS:Ubuntu 12.04 (precise)
uname:Linux 3.2.0-30-generic #48-Ubuntu SMP Fri Aug 24 16:52:48 UTC 2012 x86_64
libc:glibc 2.15 NPTL 2.15 
rlimit: STACK 8192k, CORE 0k, NPROC 59519, NOFILE 4096, AS infinity
load average:2.12 2.04 1.84

/proc/meminfo:
MemTotal:        7636272 kB
MemFree:         1861588 kB
Buffers:          272028 kB
Cached:          1698608 kB
SwapCached:         2324 kB
Active:          3814368 kB
Inactive:        1252896 kB
Active(anon):    2423184 kB
Inactive(anon):   689488 kB
Active(file):    1391184 kB
Inactive(file):   563408 kB
Unevictable:          76 kB
Mlocked:              76 kB
SwapTotal:       7837776 kB
SwapFree:        7821292 kB
Dirty:               336 kB
Writeback:             0 kB
AnonPages:       3094692 kB
Mapped:           353816 kB
Shmem:             16044 kB
Slab:             219660 kB
SReclaimable:     172740 kB
SUnreclaim:        46920 kB
KernelStack:        5552 kB
PageTables:        66144 kB
NFS_Unstable:          0 kB
Bounce:                0 kB
WritebackTmp:          0 kB
CommitLimit:    11655912 kB
Committed_AS:    8798868 kB
VmallocTotal:   34359738367 kB
VmallocUsed:      135768 kB
VmallocChunk:   34359600448 kB
HardwareCorrupted:     0 kB
AnonHugePages:         0 kB
HugePages_Total:       0
HugePages_Free:        0
HugePages_Rsvd:        0
HugePages_Surp:        0
Hugepagesize:       2048 kB
DirectMap4k:      405504 kB
DirectMap2M:     6391808 kB
DirectMap1G:     1048576 kB


CPU:total 4 (4 cores per cpu, 1 threads per core) family 18 model 1 stepping 0, cmov, cx8, fxsr, mmx, sse, sse2, sse3, popcnt, mmxext, 3dnowpref, lzcnt, sse4a

Memory: 4k page, physical 7636272k(1861588k free), swap 7837776k(7821292k free)

vm_info: OpenJDK 64-Bit Server VM (20.0-b12) for linux-amd64 JRE (1.6.0_24-b24), built on Sep  2 2012 19:50:47 by "buildd" with gcc 4.6.3

time: Sun Sep 16 16:39:11 2012
elapsed time: 5 seconds

