#
# A fatal error has been detected by the Java Runtime Environment:
#
#  SIGSEGV (0xb) at pc=0x00007f46edbc067a, pid=20269, tid=139942164547328
#
# JRE version: 6.0_24-b24
# Java VM: OpenJDK 64-Bit Server VM (20.0-b12 mixed mode linux-amd64 compressed oops)
# Derivative: IcedTea6 1.11.4
# Distribution: Ubuntu 12.04 LTS, package 6b24-1.11.4-1ubuntu0.12.04.1
# Problematic frame:
# V  [libjvm.so+0x62867a]  nmethod::fix_oop_relocations(unsigned char*, unsigned char*, bool)+0x14a
#
# If you would like to submit a bug report, please include
# instructions how to reproduce the bug and visit:
#   https://bugs.launchpad.net/ubuntu/+source/openjdk-6/
#

---------------  T H R E A D  ---------------

Current thread (0x00007f46e80ea800):  JavaThread "C2 CompilerThread0" daemon [_thread_in_vm, id=20291, stack(0x00007f46d2f1c000,0x00007f46d301d000)]

siginfo:si_signo=SIGSEGV: si_errno=0, si_code=1 (SEGV_MAPERR), si_addr=0xffffffffbfffffff

Registers:
RAX=0xffffffffffffffff, RBX=0x0000000000000001, RCX=0x0000000000000001, RDX=0x00007f46ed7de630
RSP=0x00007f46d301a0a0, RBP=0x00007f46d301a160, RSI=0x0000000000000000, RDI=0x00007f46e4cace4a
R8 =0x3ac139c138c137c1, R9 =0x0000000000040000, R10=0x00000000ffffffff, R11=0x0000000000000113
R12=0x00007f46d301a110, R13=0xffffffffbfffffff, R14=0x00007f46e4cace4b, R15=0x00007f46b4709b90
RIP=0x00007f46edbc067a, EFLAGS=0x0000000000010287, CSGSFS=0x0000000000000033, ERR=0x0000000000000005
  TRAPNO=0x000000000000000e

Top of Stack: (sp=0x00007f46d301a0a0)
0x00007f46d301a0a0:   0000000000000000 00007f46e4cab08e
0x00007f46d301a0b0:   00007f46e4cabd40 00007f46e4caae50
0x00007f46d301a0c0:   00007f46e4cace49 000000000000000a
0x00007f46d301a0d0:   00007f46d301a0c8 0000000000000000
0x00007f46d301a0e0:   00007f46e4cabd40 00007f46e4cabd60
0x00007f46d301a0f0:   00007f46e4cb5880 00007f46e4cabd60
0x00007f46d301a100:   00007f46e4cb5880 00007f46e4cb5f08
0x00007f46d301a110:   00007f46ee10dd90 00007f46d301a0a0
0x00007f46d301a120:   0000000000000000 0000000000000450
0x00007f46d301a130:   00007f46e4caae50 00007f46e4caae50
0x00007f46d301a140:   00007f46e4caae50 00007f46d301b674
0x00007f46d301a150:   00007f46d301b6d8 00007f46d301b858
0x00007f46d301a160:   00007f46d301a1f0 00007f46edbc35b1
0x00007f46d301a170:   000000000000001e 00007f46c20cf690
0x00007f46d301a180:   00007f46d301a1c0 00007f46ffffffff
0x00007f46d301a190:   0000000000000113 000000000001ab00
0x00007f46d301a1a0:   00007f46e80e0180 00007f46d301b840
0x00007f46d301a1b0:   00007f46e80cac10 00000ef000000004
0x00007f46d301a1c0:   00007f46d301a1f0 00007f46e4caae50
0x00007f46d301a1d0:   00007f46e8005400 00000000c07688f8
0x00007f46d301a1e0:   00007f46e80cac10 00007f46b4709b90
0x00007f46d301a1f0:   00007f46d301a2e0 00007f46edbc38db
0x00007f46d301a200:   00007f46000000d0 00007f46e80cac10
0x00007f46d301a210:   00007f46b4709b90 00007f46d301b6d8
0x00007f46d301a220:   000000000000001e 00007f46c20cf690
0x00007f46d301a230:   00007f46d301b840 00007f46d301b858
0x00007f46d301a240:   00007f46e80e0180 00007f4600000004
0x00007f46d301a250:   00007f460001dd90 000000d0d301b930
0x00007f46d301a260:   00007f46d301b674 00000113ffffffff
0x00007f46d301a270:   00007f46d301a2e0 00007f46ed8b93bc
0x00007f46d301a280:   0000000000000000 00007f46b4709b90
0x00007f46d301a290:   00007f46b4086fc0 0000000000000117 

Instructions: (pc=0x00007f46edbc067a)
0x00007f46edbc065a:   ff 75 2b 4c 89 e7 e8 6b bb 08 00 4c 8b 28 49 89
0x00007f46edbc066a:   c6 4d 85 ed 74 25 e8 ab 58 13 00 49 39 c5 74 1b
0x00007f46edbc067a:   49 8b 45 00 49 89 06 0f 1f 80 00 00 00 00 4c 89
0x00007f46edbc068a:   e7 e8 b0 bb 08 00 e9 e6 fe ff ff 4d 89 2e eb ee 

Register to memory mapping:

RAX=0xffffffffffffffff is an unknown value
RBX=0x0000000000000001 is an unknown value
RCX=0x0000000000000001 is an unknown value
RDX=0x00007f46ed7de630: <offset 0x246630> in /usr/lib/jvm/java-6-openjdk-amd64/jre/lib/amd64/server/libjvm.so at 0x00007f46ed598000
RSP=0x00007f46d301a0a0 is pointing into the stack for thread: 0x00007f46e80ea800
RBP=0x00007f46d301a160 is pointing into the stack for thread: 0x00007f46e80ea800
RSI=0x0000000000000000 is an unknown value
RDI=0x00007f46e4caae50 [CodeBlob (0x00007f46e4caae50)]
Framesize: 30
R8 =0x3ac139c138c137c1 is an unknown value
R9 =0x0000000000040000 is an unknown value
R10=0x00000000ffffffff is an unknown value
R11=0x0000000000000113 is an unknown value
R12=0x00007f46d301a110 is pointing into the stack for thread: 0x00007f46e80ea800
R13=0xffffffffbfffffff is an unknown value
R14=0x00007f46e4caae50 [CodeBlob (0x00007f46e4caae50)]
Framesize: 30
R15=0x00007f46b4709b90 is an unknown value


Stack: [0x00007f46d2f1c000,0x00007f46d301d000],  sp=0x00007f46d301a0a0,  free space=1016k
Native frames: (J=compiled Java code, j=interpreted, Vv=VM code, C=native code)
V  [libjvm.so+0x62867a]  nmethod::fix_oop_relocations(unsigned char*, unsigned char*, bool)+0x14a
V  [libjvm.so+0x62b5b1]  nmethod::nmethod(methodOopDesc*, int, int, int, CodeOffsets*, int, DebugInformationRecorder*, Dependencies*, CodeBuffer*, int, OopMapSet*, ExceptionHandlerTable*, ImplicitExceptionTable*, AbstractCompiler*, int)+0x291
V  [libjvm.so+0x62b8db]  nmethod::new_nmethod(methodHandle, int, int, CodeOffsets*, int, DebugInformationRecorder*, Dependencies*, CodeBuffer*, int, OopMapSet*, ExceptionHandlerTable*, ImplicitExceptionTable*, AbstractCompiler*, int)+0x15b
V  [libjvm.so+0x3217e4]  ciEnv::register_method(ciMethod*, int, CodeOffsets*, int, CodeBuffer*, int, OopMapSet*, ExceptionHandlerTable*, ImplicitExceptionTable*, AbstractCompiler*, int, bool, bool)+0x404
V  [libjvm.so+0x37cb50]  Compile::Compile(ciEnv*, C2Compiler*, ciMethod*, int, bool, bool)+0xbe0
V  [libjvm.so+0x306250]  C2Compiler::compile_method(ciEnv*, ciMethod*, int)+0xe0
V  [libjvm.so+0x381133]  CompileBroker::invoke_compiler_on_method(CompileTask*)+0x2a3
V  [libjvm.so+0x381a7b]  CompileBroker::compiler_thread_loop()+0x45b
V  [libjvm.so+0x74c0d8]  JavaThread::thread_main_inner()+0x58
V  [libjvm.so+0x64bbf2]  java_start(Thread*)+0x112


Current CompileTask:
C2:   6778 275      java.beans.Introspector.getTargetMethodInfo()[Ljava/beans/MethodDescriptor; (255 bytes)


---------------  P R O C E S S  ---------------

Java Threads: ( => current thread )
  0x00007f46e80e3800 JavaThread "Low Memory Detector" daemon [_thread_blocked, id=20293, stack(0x00007f46d2d1a000,0x00007f46d2e1b000)]
  0x00007f46e80e9000 JavaThread "C2 CompilerThread1" daemon [_thread_in_native, id=20292, stack(0x00007f46d2e1b000,0x00007f46d2f1c000)]
=>0x00007f46e80ea800 JavaThread "C2 CompilerThread0" daemon [_thread_in_vm, id=20291, stack(0x00007f46d2f1c000,0x00007f46d301d000)]
  0x00007f46e808c000 JavaThread "Signal Dispatcher" daemon [_thread_blocked, id=20290, stack(0x00007f46d301d000,0x00007f46d311e000)]
  0x00007f46e8079800 JavaThread "Finalizer" daemon [_thread_blocked, id=20289, stack(0x00007f46d38f9000,0x00007f46d39fa000)]
  0x00007f46e8077800 JavaThread "Reference Handler" daemon [_thread_blocked, id=20288, stack(0x00007f46d39fa000,0x00007f46d3afb000)]
  0x00007f46e8009800 JavaThread "main" [_thread_blocked, id=20282, stack(0x00007f46eee54000,0x00007f46eef55000)]

Other Threads:
  0x00007f46e8071000 VMThread [stack: 0x00007f46d3afb000,0x00007f46d3bfc000] [id=20287]
  0x00007f46e80ed800 WatcherThread [stack: 0x00007f46d2c19000,0x00007f46d2d1a000] [id=20294]

VM state:synchronizing (normal execution)

VM Mutex/Monitor currently owned by a thread:  ([mutex/lock_event])
[0x00007f46e8005400] CodeCache_lock - owner thread: 0x00007f46e80ea800
[0x00007f46e8006080] Threads_lock - owner thread: 0x00007f46e8071000
[0x00007f46e8006a80] Compile_lock - owner thread: 0x00007f46e80ea800
[0x00007f46e8006b80] MethodCompileQueue_lock - owner thread: 0x00007f46e80ea800

Heap
 PSYoungGen      total 229376K, used 27492K [0x00000000f0000000, 0x0000000100000000, 0x0000000100000000)
  eden space 196608K, 4% used [0x00000000f0000000,0x00000000f0989690,0x00000000fc000000)
  from space 32768K, 54% used [0x00000000fc000000,0x00000000fd14fc48,0x00000000fe000000)
  to   space 23040K, 0% used [0x00000000fe980000,0x00000000fe980000,0x0000000100000000)
 PSOldGen        total 524288K, used 0K [0x00000000d0000000, 0x00000000f0000000, 0x00000000f0000000)
  object space 524288K, 0% used [0x00000000d0000000,0x00000000d0000000,0x00000000f0000000)
 PSPermGen       total 262144K, used 22641K [0x00000000c0000000, 0x00000000d0000000, 0x00000000d0000000)
  object space 262144K, 8% used [0x00000000c0000000,0x00000000c161c798,0x00000000d0000000)

Code Cache  [0x00007f46e49df000, 0x00007f46e4ccf000, 0x00007f46e79df000)
 total_blobs=814 nmethods=306 adapters=459 free_code_cache=47302272 largest_free_block=6976

Dynamic libraries:
00400000-00409000 r-xp 00000000 08:02 397963                             /usr/lib/jvm/java-6-openjdk-amd64/jre/bin/java
00608000-00609000 r--p 00008000 08:02 397963                             /usr/lib/jvm/java-6-openjdk-amd64/jre/bin/java
00609000-0060a000 rw-p 00009000 08:02 397963                             /usr/lib/jvm/java-6-openjdk-amd64/jre/bin/java
01652000-01673000 rw-p 00000000 00:00 0                                  [heap]
c0000000-100000000 rw-p 00000000 00:00 0 
7f46ac000000-7f46ac021000 rw-p 00000000 00:00 0 
7f46ac021000-7f46b0000000 ---p 00000000 00:00 0 
7f46b0000000-7f46b0021000 rw-p 00000000 00:00 0 
7f46b0021000-7f46b4000000 ---p 00000000 00:00 0 
7f46b4000000-7f46b7301000 rw-p 00000000 00:00 0 
7f46b7301000-7f46b8000000 ---p 00000000 00:00 0 
7f46b8000000-7f46b8021000 rw-p 00000000 00:00 0 
7f46b8021000-7f46bc000000 ---p 00000000 00:00 0 
7f46bc000000-7f46bc021000 rw-p 00000000 00:00 0 
7f46bc021000-7f46c0000000 ---p 00000000 00:00 0 
7f46c0000000-7f46c311a000 rw-p 00000000 00:00 0 
7f46c311a000-7f46c4000000 ---p 00000000 00:00 0 
7f46c4000000-7f46c4021000 rw-p 00000000 00:00 0 
7f46c4021000-7f46c8000000 ---p 00000000 00:00 0 
7f46c8000000-7f46c8021000 rw-p 00000000 00:00 0 
7f46c8021000-7f46cc000000 ---p 00000000 00:00 0 
7f46cc000000-7f46cc0b1000 rw-p 00000000 00:00 0 
7f46cc0b1000-7f46d0000000 ---p 00000000 00:00 0 
7f46d244b000-7f46d244f000 r--s 0002f000 08:02 4722137                    /home/jam/.grails/ivy-cache/org.grails/grails-test/jars/grails-test-2.1.1.jar
7f46d244f000-7f46d2455000 r--s 0006c000 08:02 4722135                    /home/jam/.grails/ivy-cache/org.grails/grails-plugin-testing/jars/grails-plugin-testing-2.1.1.jar
7f46d2455000-7f46d245a000 r--s 00048000 08:02 5636282                    /home/jam/.grails/ivy-cache/dom4j/dom4j/jars/dom4j-1.6.1.jar
7f46d245a000-7f46d245f000 r--s 00068000 08:02 5636280                    /home/jam/.grails/ivy-cache/antlr/antlr/jars/antlr-2.7.7.jar
7f46d245f000-7f46d2468000 r--s 00098000 08:02 5636278                    /home/jam/.grails/ivy-cache/org.javassist/javassist/jars/javassist-3.16.1-GA.jar
7f46d2468000-7f46d246b000 r--s 00009000 08:02 5636286                    /home/jam/.grails/ivy-cache/javax.validation/validation-api/jars/validation-api-1.0.0.GA.jar
7f46d246b000-7f46d2472000 r--s 00040000 08:02 5636276                    /home/jam/.grails/ivy-cache/org.hibernate/hibernate-validator/jars/hibernate-validator-4.1.0.Final.jar
7f46d2472000-7f46d24a4000 r--s 002c9000 08:02 5636272                    /home/jam/.grails/ivy-cache/org.hibernate/hibernate-core/jars/hibernate-core-3.6.10.Final.jar
7f46d24a4000-7f46d24b5000 r--s 000d2000 08:02 5636617                    /home/jam/.grails/ivy-cache/org.liquibase/liquibase-core/jars/liquibase-core-2.0.5.jar
7f46d24b5000-7f46d24be000 r--s 00080000 08:02 5767285                    /home/jam/.grails/ivy-cache/org.quartz-scheduler/quartz/jars/quartz-2.1.5.jar
7f46d24be000-7f46d24c4000 r--s 0007e000 08:02 5637426                    /home/jam/.grails/ivy-cache/postgresql/postgresql/jars/postgresql-9.0-801.jdbc4.jar
7f46d24c4000-7f46d24cb000 r--s 000bd000 08:02 4722926                    /home/jam/.grails/ivy-cache/mysql/mysql-connector-java/jars/mysql-connector-java-5.1.20.jar
7f46d24cb000-7f46d24cd000 r--s 00003000 08:02 4722131                    /home/jam/.grails/ivy-cache/org.slf4j/jcl-over-slf4j/jars/jcl-over-slf4j-1.6.2.jar
7f46d24cd000-7f46d24d6000 r--s 0006d000 08:02 4722129                    /home/jam/.grails/ivy-cache/log4j/log4j/bundles/log4j-1.2.16.jar
7f46d24d6000-7f46d24eb000 r--s 000e3000 08:02 4722127                    /home/jam/.grails/ivy-cache/net.sf.ehcache/ehcache-core/jars/ehcache-core-2.4.6.jar
7f46d24eb000-7f46d24ed000 r--s 00005000 08:02 4722125                    /home/jam/.grails/ivy-cache/xpp3/xpp3_min/jars/xpp3_min-1.1.4c.jar
7f46d24ed000-7f46d24ef000 r--s 00004000 08:02 4722123                    /home/jam/.grails/ivy-cache/javax.servlet/jstl/jars/jstl-1.1.2.jar
7f46d24ef000-7f46d24f9000 r--s 0012c000 08:02 4722121                    /home/jam/.grails/ivy-cache/com.h2database/h2/jars/h2-1.3.164.jar
7f46d24f9000-7f46d24fc000 r--s 00016000 08:02 4722119                    /home/jam/.grails/ivy-cache/commons-pool/commons-pool/jars/commons-pool-1.5.6.jar
7f46d24fc000-7f46d24ff000 r--s 00025000 08:02 4722117                    /home/jam/.grails/ivy-cache/commons-dbcp/commons-dbcp/jars/commons-dbcp-1.4.jar
7f46d24ff000-7f46d2501000 r--s 0000e000 08:02 4722115                    /home/jam/.grails/ivy-cache/oro/oro/jars/oro-2.0.8.jar
7f46d2501000-7f46d2503000 r--s 0000d000 08:02 4722113                    /home/jam/.grails/ivy-cache/commons-fileupload/commons-fileupload/jars/commons-fileupload-1.2.2.jar
7f46d2503000-7f46d2504000 r--s 0000a000 08:02 4722111                    /home/jam/.grails/ivy-cache/asm/asm/jars/asm-3.1.jar
7f46d2504000-7f46d250b000 r--s 0003e000 08:02 4722109                    /home/jam/.grails/ivy-cache/cglib/cglib/jars/cglib-2.2.jar
7f46d250b000-7f46d250f000 r--s 00019000 08:02 4722107                    /home/jam/.grails/ivy-cache/org.aspectj/aspectjrt/jars/aspectjrt-1.6.10.jar
7f46d250f000-7f46d2525000 r--s 00184000 08:02 4722105                    /home/jam/.grails/ivy-cache/org.aspectj/aspectjweaver/jars/aspectjweaver-1.6.10.jar
7f46d2525000-7f46d252c000 r--s 00056000 08:02 4722103                    /home/jam/.grails/ivy-cache/org.grails/grails-datastore-simple/jars/grails-datastore-simple-1.1.0.RELEASE.jar
7f46d252c000-7f46d2535000 r--s 00044000 08:02 4722101                    /home/jam/.grails/ivy-cache/org.grails/grails-datastore-core/jars/grails-datastore-core-1.1.0.RELEASE.jar
7f46d2535000-7f46d253a000 r--s 0004c000 08:02 4722099                    /home/jam/.grails/ivy-cache/org.grails/grails-datastore-gorm/jars/grails-datastore-gorm-1.1.0.RELEASE.jar
7f46d253a000-7f46d2545000 r--s 00082000 08:02 4722097                    /home/jam/.grails/ivy-cache/org.springframework/spring-webmvc/jars/spring-webmvc-3.1.2.RELEASE.jar
7f46d2545000-7f46d2551000 r--s 0007a000 08:02 4722095                    /home/jam/.grails/ivy-cache/org.springframework/spring-web/jars/spring-web-3.1.2.RELEASE.jar
7f46d2551000-7f46d2558000 r--s 00035000 08:02 4722093                    /home/jam/.grails/ivy-cache/org.springframework/spring-tx/jars/spring-tx-3.1.2.RELEASE.jar
7f46d2558000-7f46d2561000 r--s 00054000 08:02 4722091                    /home/jam/.grails/ivy-cache/org.springframework/spring-orm/jars/spring-orm-3.1.2.RELEASE.jar
7f46d2561000-7f46d2566000 r--s 0002c000 08:02 4722089                    /home/jam/.grails/ivy-cache/org.springframework/spring-jms/jars/spring-jms-3.1.2.RELEASE.jar
7f46d2566000-7f46d2570000 r--s 00059000 08:02 4722087                    /home/jam/.grails/ivy-cache/org.springframework/spring-jdbc/jars/spring-jdbc-3.1.2.RELEASE.jar
7f46d2570000-7f46d2574000 r--s 00027000 08:02 4722085                    /home/jam/.grails/ivy-cache/org.springframework/spring-expression/jars/spring-expression-3.1.2.RELEASE.jar
7f46d2574000-7f46d2577000 r--s 00018000 08:02 4722083                    /home/jam/.grails/ivy-cache/org.springframework/spring-context-support/jars/spring-context-support-3.1.2.RELEASE.jar
7f46d2577000-7f46d258c000 r--s 000b7000 08:02 4722081                    /home/jam/.grails/ivy-cache/org.springframework/spring-context/jars/spring-context-3.1.2.RELEASE.jar
7f46d258c000-7f46d2598000 r--s 00085000 08:02 4722079                    /home/jam/.grails/ivy-cache/org.springframework/spring-beans/jars/spring-beans-3.1.2.RELEASE.jar
7f46d2598000-7f46d2599000 r--s 0000c000 08:02 4722077                    /home/jam/.grails/ivy-cache/org.springframework/spring-asm/jars/spring-asm-3.1.2.RELEASE.jar
7f46d2599000-7f46d259b000 r--s 0000b000 08:02 4722075                    /home/jam/.grails/ivy-cache/org.springframework/spring-aspects/jars/spring-aspects-3.1.2.RELEASE.jar
7f46d259b000-7f46d25a4000 r--s 00049000 08:02 4722073                    /home/jam/.grails/ivy-cache/org.springframework/spring-aop/jars/spring-aop-3.1.2.RELEASE.jar
7f46d25a4000-7f46d25ae000 r--s 00064000 08:02 4722071                    /home/jam/.grails/ivy-cache/org.springframework/spring-core/jars/spring-core-3.1.2.RELEASE.jar
7f46d25ae000-7f46d25b0000 r--s 00008000 08:02 4722069                    /home/jam/.grails/ivy-cache/org.grails/grails-plugin-validation/jars/grails-plugin-validation-2.1.1.jar
7f46d25b0000-7f46d25b3000 r--s 0001c000 08:02 4722067                    /home/jam/.grails/ivy-cache/org.grails/grails-plugin-url-mappings/jars/grails-plugin-url-mappings-2.1.1.jar
7f46d25b3000-7f46d25b5000 r--s 0000f000 08:02 4722065                    /home/jam/.grails/ivy-cache/org.grails/grails-plugin-mimetypes/jars/grails-plugin-mimetypes-2.1.1.jar
7f46d25b5000-7f46d25b7000 r--s 00005000 08:02 4722063                    /home/jam/.grails/ivy-cache/org.grails/grails-plugin-servlets/jars/grails-plugin-servlets-2.1.1.jar
7f46d25b7000-7f46d25b8000 r--s 00008000 08:02 4722061                    /home/jam/.grails/ivy-cache/org.grails/grails-plugin-services/jars/grails-plugin-services-2.1.1.jar
7f46d25b8000-7f46d25ba000 r--s 00006000 08:02 4722059                    /home/jam/.grails/ivy-cache/org.grails/grails-plugin-scaffolding/jars/grails-plugin-scaffolding-2.1.1.jar
7f46d25ba000-7f46d25bc000 r--s 0000e000 08:02 4722057                    /home/jam/.grails/ivy-cache/org.grails/grails-plugin-log4j/jars/grails-plugin-log4j-2.1.1.jar
7f46d25bc000-7f46d25be000 r--s 00005000 08:02 4722055                    /home/jam/.grails/ivy-cache/org.grails/grails-plugin-i18n/jars/grails-plugin-i18n-2.1.1.jar
7f46d25be000-7f46d25c5000 r--s 0006d000 08:02 4722053                    /home/jam/.grails/ivy-cache/org.grails/grails-plugin-gsp/jars/grails-plugin-gsp-2.1.1.jar
7f46d25c5000-7f46d25c7000 r--s 0000e000 08:02 4722051                    /home/jam/.grails/ivy-cache/org.grails/grails-plugin-filters/jars/grails-plugin-filters-2.1.1.jar
7f46d25c7000-7f46d25c9000 r--s 00009000 08:02 4722049                    /home/jam/.grails/ivy-cache/org.grails/grails-plugin-datasource/jars/grails-plugin-datasource-2.1.1.jar
7f46d25c9000-7f46d25cd000 r--s 00024000 08:02 4722047                    /home/jam/.grails/ivy-cache/org.grails/grails-plugin-converters/jars/grails-plugin-converters-2.1.1.jar
7f46d25cd000-7f46d25d0000 r--s 00019000 08:02 4722045                    /home/jam/.grails/ivy-cache/org.grails/grails-plugin-domain-class/jars/grails-plugin-domain-class-2.1.1.jar
7f46d25d0000-7f46d25d4000 r--s 00028000 08:02 4722043                    /home/jam/.grails/ivy-cache/org.grails/grails-plugin-controllers/jars/grails-plugin-controllers-2.1.1.jar
7f46d25d4000-7f46d25d6000 r--s 00015000 08:02 4722041                    /home/jam/.grails/ivy-cache/org.grails/grails-plugin-codecs/jars/grails-plugin-codecs-2.1.1.jar
7f46d25d6000-7f46d25d7000 r--s 00000000 08:02 4722039                    /home/jam/.grails/ivy-cache/org.grails/grails-logging/jars/grails-logging-2.1.1.jar
7f46d25d7000-7f46d25d9000 r--s 00009000 08:02 4722037                    /home/jam/.grails/ivy-cache/org.grails/grails-spring/jars/grails-spring-2.1.1.jar
7f46d25d9000-7f46d25e3000 r--s 0008a000 08:02 4722035                    /home/jam/.grails/ivy-cache/org.grails/grails-hibernate/jars/grails-hibernate-2.1.1.jar
7f46d25e3000-7f46d25e5000 r--s 00009000 08:02 4722033                    /home/jam/.grails/ivy-cache/org.grails/grails-crud/jars/grails-crud-2.1.1.jar
7f46d25e5000-7f46d25eb000 r--s 00027000 08:02 4722031                    /home/jam/.grails/ivy-cache/opensymphony/sitemesh/jars/sitemesh-2.4.jar
7f46d25eb000-7f46d25f0000 r--s 00015000 08:02 4722029                    /home/jam/.grails/ivy-cache/org.hibernate.javax.persistence/hibernate-jpa-2.0-api/jars/hibernate-jpa-2.0-api-1.0.1.Final.jar
7f46d25f0000-7f46d25f1000 r--s 00003000 08:02 4722027                    /home/jam/.grails/ivy-cache/javax.transaction/jta/jars/jta-1.1.jar
7f46d25f1000-7f46d25f6000 r--s 00041000 08:02 4722025                    /home/jam/.grails/ivy-cache/commons-lang/commons-lang/jars/commons-lang-2.6.jar
7f46d25f6000-7f46d25f9000 r--s 00025000 08:02 4722023                    /home/jam/.grails/ivy-cache/commons-io/commons-io/jars/commons-io-2.1.jar
7f46d25f9000-7f46d2607000 r--s 0007f000 08:02 4722021                    /home/jam/.grails/ivy-cache/commons-collections/commons-collections/jars/commons-collections-3.2.1.jar
7f46d2607000-7f46d2609000 r--s 00010000 08:02 4722019                    /home/jam/.grails/ivy-cache/commons-codec/commons-codec/jars/commons-codec-1.5.jar
7f46d2609000-7f46d260b000 r--s 00000000 08:02 4722017                    /home/jam/.grails/ivy-cache/aopalliance/aopalliance/jars/aopalliance-1.0.jar
7f46d260b000-7f46d260e000 r--s 0001f000 08:02 4722015                    /home/jam/.grails/ivy-cache/commons-validator/commons-validator/jars/commons-validator-1.3.1.jar
7f46d260e000-7f46d2611000 r--s 00019000 08:02 4722013                    /home/jam/.grails/ivy-cache/commons-el/commons-el/jars/commons-el-1.0.jar
7f46d2611000-7f46d2616000 r--s 00034000 08:02 4722011                    /home/jam/.grails/ivy-cache/commons-beanutils/commons-beanutils/jars/commons-beanutils-1.8.3.jar
7f46d2616000-7f46d2674000 r--s 00592000 08:02 4722009                    /home/jam/.grails/ivy-cache/org.codehaus.groovy/groovy-all/jars/groovy-all-1.8.8.jar
7f46d2674000-7f46d2676000 r--s 0000d000 08:02 5508471                    /home/jam/.grails/ivy-cache/org.grails/grails-plugin-tomcat/jars/grails-plugin-tomcat-2.1.1.jar
7f46d2676000-7f46d2686000 r--s 0019c000 08:02 5508469                    /home/jam/.grails/ivy-cache/org.eclipse.jdt.core.compiler/ecj/jars/ecj-3.7.2.jar
7f46d2686000-7f46d2688000 r--s 00008000 08:02 5508467                    /home/jam/.grails/ivy-cache/org.apache.tomcat.embed/tomcat-embed-logging-juli/jars/tomcat-embed-logging-juli-7.0.30.jar
7f46d2688000-7f46d268a000 r--s 00013000 08:02 4721761                    /home/jam/.grails/ivy-cache/org.apache.tomcat.embed/tomcat-embed-logging-log4j/jars/tomcat-embed-logging-log4j-7.0.30.jar
7f46d268a000-7f46d2695000 r--s 000b6000 08:02 4721759                    /home/jam/.grails/ivy-cache/org.apache.tomcat.embed/tomcat-embed-jasper/jars/tomcat-embed-jasper-7.0.30.jar
7f46d2695000-7f46d26b7000 r--s 00254000 08:02 4721757                    /home/jam/.grails/ivy-cache/org.apache.tomcat.embed/tomcat-embed-core/jars/tomcat-embed-core-7.0.30.jar
7f46d26b7000-7f46d26b9000 r--s 0000c000 08:02 5508465                    /home/jam/.grails/ivy-cache/org.apache.tomcat/tomcat-catalina-ant/jars/tomcat-catalina-ant-7.0.30.jar
7f46d26b9000-7f46d26ba000 r--s 00001000 08:02 4721467                    /home/jam/.grails/ivy-cache/org.apache.ant/ant-trax/jars/ant-trax-1.7.1.jar
7f46d26ba000-7f46d26bc000 r--s 00017000 08:02 4721465                    /home/jam/.grails/ivy-cache/org.apache.ant/ant-junit/jars/ant-junit-1.8.2.jar
7f46d26bc000-7f46d26be000 r--s 00002000 08:02 4721463                    /home/jam/.grails/ivy-cache/org.apache.ant/ant-launcher/jars/ant-launcher-1.8.2.jar
7f46d26be000-7f46d26dc000 r--s 001bb000 08:02 4721461                    /home/jam/.grails/ivy-cache/org.apache.ant/ant/jars/ant-1.8.2.jar
7f46d26dc000-7f46d26e3000 r--s 00037000 08:02 4721459                    /home/jam/.grails/ivy-cache/junit/junit/jars/junit-4.10.jar
7f46d26e3000-7f46d26e6000 r--s 0000b000 08:02 4721456                    /home/jam/.grails/ivy-cache/com.googlecode.concurrentlinkedhashmap/concurrentlinkedhashmap-lru/jars/concurrentlinkedhashmap-lru-1.2_jdk5.jar
7f46d26e6000-7f46d26ec000 r--s 00033000 08:02 4721454                    /home/jam/.grails/ivy-cache/org.springframework/spring-test/jars/spring-test-3.1.2.RELEASE.jar
7f46d26ec000-7f46d2701000 r-xp 00000000 08:02 18747986                   /usr/lib/jvm/java-6-openjdk-amd64/jre/lib/amd64/libnet.so
7f46d2701000-7f46d2900000 ---p 00015000 08:02 18747986                   /usr/lib/jvm/java-6-openjdk-amd64/jre/lib/amd64/libnet.so
7f46d2900000-7f46d2901000 r--p 00014000 08:02 18747986                   /usr/lib/jvm/java-6-openjdk-amd64/jre/lib/amd64/libnet.so
7f46d2901000-7f46d2902000 rw-p 00015000 08:02 18747986                   /usr/lib/jvm/java-6-openjdk-amd64/jre/lib/amd64/libnet.so
7f46d2902000-7f46d2905000 ---p 00000000 00:00 0 
7f46d2905000-7f46d2a03000 rw-p 00000000 00:00 0 
7f46d2a03000-7f46d2a04000 r--s 00002000 08:02 5636284                    /home/jam/.grails/ivy-cache/org.hibernate/hibernate-ehcache/jars/hibernate-ehcache-3.6.10.Final.jar
7f46d2a04000-7f46d2a06000 r--s 00005000 08:02 4721452                    /home/jam/.grails/ivy-cache/org.slf4j/slf4j-api/jars/slf4j-api-1.6.2.jar
7f46d2a06000-7f46d2a13000 r--s 000b7000 08:02 4721450                    /home/jam/.grails/ivy-cache/org.grails/grails-web/jars/grails-web-2.1.1.jar
7f46d2a13000-7f46d2a16000 r--s 00026000 08:02 4721448                    /home/jam/.grails/ivy-cache/org.grails/grails-resources/jars/grails-resources-2.1.1.jar
7f46d2a16000-7f46d2a24000 r--s 000b5000 08:02 4721446                    /home/jam/.grails/ivy-cache/org.grails/grails-core/jars/grails-core-2.1.1.jar
7f46d2a24000-7f46d2a2f000 r--s 000fe000 08:02 4721444                    /home/jam/.grails/ivy-cache/org.grails/grails-scripts/jars/grails-scripts-2.1.1.jar
7f46d2a2f000-7f46d2a38000 r--s 000a8000 08:02 4721442                    /home/jam/.grails/ivy-cache/org.grails/grails-bootstrap/jars/grails-bootstrap-2.1.1.jar
7f46d2a38000-7f46d2a3b000 r--s 00044000 08:02 4721440                    /home/jam/.grails/ivy-cache/org.grails/grails-docs/jars/grails-docs-2.1.1.jar
7f46d2a3b000-7f46d2a3e000 r--s 00041000 08:02 4721438                    /home/jam/.grails/ivy-cache/xalan/serializer/jars/serializer-2.7.1.jar
7f46d2a3e000-7f46d2a41000 r--s 000cf000 08:02 4721436                    /home/jam/.grails/ivy-cache/net.java.dev.jna/jna/jars/jna-3.2.3.jar
7f46d2a41000-7f46d2a43000 r--s 00008000 08:02 4721434                    /home/jam/.grails/ivy-cache/org.fusesource.jansi/jansi/jars/jansi-1.2.1.jar
7f46d2a43000-7f46d2a52000 r--s 000d9000 08:02 4721424                    /home/jam/.grails/ivy-cache/org.apache.ivy/ivy/jars/ivy-2.2.0.jar
7f46d2a52000-7f46d2a54000 r--s 00015000 08:02 4721422                    /home/jam/.grails/ivy-cache/jline/jline/jars/jline-1.0.jar
7f46d2a54000-7f46d2a79000 r--s 00172000 08:02 4721397                    /home/jam/.grails/ivy-cache/org.bouncycastle/bcprov-jdk15/jars/bcprov-jdk15-1.45.jar
7f46d2a79000-7f46d2a7e000 r--s 00024000 08:02 4721394                    /home/jam/.grails/ivy-cache/org.bouncycastle/bcpg-jdk15/jars/bcpg-jdk15-1.45.jar
7f46d2a7e000-7f46d2a7f000 r--s 00003000 08:02 4721392                    /home/jam/.grails/ivy-cache/com.googlecode.json-simple/json-simple/jars/json-simple-1.1.jar
7f46d2a7f000-7f46d2a85000 r--s 00068000 08:02 4721389                    /home/jam/.grails/ivy-cache/com.google.protobuf/protobuf-java/jars/protobuf-java-2.4.1.jar
7f46d2a85000-7f46d2a9a000 r-xp 00000000 08:02 8650890                    /tmp/jna3826250014333149334.tmp
7f46d2a9a000-7f46d2b99000 ---p 00015000 08:02 8650890                    /tmp/jna3826250014333149334.tmp
7f46d2b99000-7f46d2b9b000 rw-p 00014000 08:02 8650890                    /tmp/jna3826250014333149334.tmp
7f46d2b9b000-7f46d2bfb000 r--s 00d92000 08:02 18877160                   /usr/lib/jvm/java-6-openjdk-amd64/lib/tools.jar
7f46d2bfb000-7f46d2c19000 r--s 001bb000 08:02 15997849                   /home/jam/Applications/grails-2.1.1/lib/org.apache.ant/ant/jars/ant-1.8.2.jar
7f46d2c19000-7f46d2c1a000 ---p 00000000 00:00 0 
7f46d2c1a000-7f46d2d1a000 rw-p 00000000 00:00 0 
7f46d2d1a000-7f46d2d1d000 ---p 00000000 00:00 0 
7f46d2d1d000-7f46d2e1b000 rw-p 00000000 00:00 0 
7f46d2e1b000-7f46d2e1e000 ---p 00000000 00:00 0 
7f46d2e1e000-7f46d2f1c000 rw-p 00000000 00:00 0 
7f46d2f1c000-7f46d2f1f000 ---p 00000000 00:00 0 
7f46d2f1f000-7f46d301d000 rw-p 00000000 00:00 0 
7f46d301d000-7f46d3020000 ---p 00000000 00:00 0 
7f46d3020000-7f46d311e000 rw-p 00000000 00:00 0 
7f46d311e000-7f46d38f9000 r--p 00000000 08:02 16128286                   /usr/lib/locale/locale-archive
7f46d38f9000-7f46d38fc000 ---p 00000000 00:00 0 
7f46d38fc000-7f46d39fa000 rw-p 00000000 00:00 0 
7f46d39fa000-7f46d39fd000 ---p 00000000 00:00 0 
7f46d39fd000-7f46d3afb000 rw-p 00000000 00:00 0 
7f46d3afb000-7f46d3afc000 ---p 00000000 00:00 0 
7f46d3afc000-7f46d4000000 rw-p 00000000 00:00 0 
7f46d4000000-7f46d4021000 rw-p 00000000 00:00 0 
7f46d4021000-7f46d8000000 ---p 00000000 00:00 0 
7f46d8000000-7f46d8021000 rw-p 00000000 00:00 0 
7f46d8021000-7f46dc000000 ---p 00000000 00:00 0 
7f46dc000000-7f46dc021000 rw-p 00000000 00:00 0 
7f46dc021000-7f46e0000000 ---p 00000000 00:00 0 
7f46e0000000-7f46e0021000 rw-p 00000000 00:00 0 
7f46e0021000-7f46e4000000 ---p 00000000 00:00 0 
7f46e4000000-7f46e4003000 r--s 0000f000 08:02 5636274                    /home/jam/.grails/ivy-cache/org.hibernate/hibernate-commons-annotations/jars/hibernate-commons-annotations-3.2.0.Final.jar
7f46e4003000-7f46e4005000 r--s 00000000 08:02 4722133                    /home/jam/.grails/ivy-cache/org.slf4j/jul-to-slf4j/jars/jul-to-slf4j-1.6.2.jar
7f46e4005000-7f46e400e000 r--s 000a8000 08:02 15731003                   /home/jam/Applications/grails-2.1.1/dist/grails-bootstrap-2.1.1.jar
7f46e400e000-7f46e406c000 r--s 00592000 08:02 4587821                    /home/jam/Applications/grails-2.1.1/lib/org.codehaus.groovy/groovy-all/jars/groovy-all-1.8.8.jar
7f46e406c000-7f46e41a0000 rw-p 00000000 00:00 0 
7f46e41a0000-7f46e4332000 r--s 037bf000 08:02 18616443                   /usr/lib/jvm/java-6-openjdk-amd64/jre/lib/rt.jar
7f46e4332000-7f46e435a000 rw-p 00000000 00:00 0 
7f46e435a000-7f46e435b000 ---p 00000000 00:00 0 
7f46e435b000-7f46e445b000 rw-p 00000000 00:00 0 
7f46e445b000-7f46e445c000 ---p 00000000 00:00 0 
7f46e445c000-7f46e455c000 rw-p 00000000 00:00 0 
7f46e455c000-7f46e455d000 ---p 00000000 00:00 0 
7f46e455d000-7f46e465d000 rw-p 00000000 00:00 0 
7f46e465d000-7f46e465e000 ---p 00000000 00:00 0 
7f46e465e000-7f46e49df000 rw-p 00000000 00:00 0 
7f46e49df000-7f46e4ccf000 rwxp 00000000 00:00 0 
7f46e4ccf000-7f46e79df000 rw-p 00000000 00:00 0 
7f46e79df000-7f46e79e6000 r-xp 00000000 08:02 18748006                   /usr/lib/jvm/java-6-openjdk-amd64/jre/lib/amd64/libzip.so
7f46e79e6000-7f46e7be5000 ---p 00007000 08:02 18748006                   /usr/lib/jvm/java-6-openjdk-amd64/jre/lib/amd64/libzip.so
7f46e7be5000-7f46e7be6000 r--p 00006000 08:02 18748006                   /usr/lib/jvm/java-6-openjdk-amd64/jre/lib/amd64/libzip.so
7f46e7be6000-7f46e7be7000 rw-p 00007000 08:02 18748006                   /usr/lib/jvm/java-6-openjdk-amd64/jre/lib/amd64/libzip.so
7f46e7be7000-7f46e7bf3000 r-xp 00000000 08:02 16256549                   /lib/x86_64-linux-gnu/libnss_files-2.15.so
7f46e7bf3000-7f46e7df2000 ---p 0000c000 08:02 16256549                   /lib/x86_64-linux-gnu/libnss_files-2.15.so
7f46e7df2000-7f46e7df3000 r--p 0000b000 08:02 16256549                   /lib/x86_64-linux-gnu/libnss_files-2.15.so
7f46e7df3000-7f46e7df4000 rw-p 0000c000 08:02 16256549                   /lib/x86_64-linux-gnu/libnss_files-2.15.so
7f46e7df4000-7f46e7dfe000 r-xp 00000000 08:02 16256553                   /lib/x86_64-linux-gnu/libnss_nis-2.15.so
7f46e7dfe000-7f46e7ffe000 ---p 0000a000 08:02 16256553                   /lib/x86_64-linux-gnu/libnss_nis-2.15.so
7f46e7ffe000-7f46e7fff000 r--p 0000a000 08:02 16256553                   /lib/x86_64-linux-gnu/libnss_nis-2.15.so
7f46e7fff000-7f46e8000000 rw-p 0000b000 08:02 16256553                   /lib/x86_64-linux-gnu/libnss_nis-2.15.so
7f46e8000000-7f46e8c3b000 rw-p 00000000 00:00 0 
7f46e8c3b000-7f46ec000000 ---p 00000000 00:00 0 
7f46ec000000-7f46ec001000 r--s 00004000 08:02 5637614                    /home/jam/.grails/ivy-cache/net.sf.opencsv/opencsv/jars/opencsv-2.3.jar
7f46ec001000-7f46ec004000 r--s 0001a000 08:02 4721386                    /home/jam/.grails/ivy-cache/org.springframework.uaa/org.springframework.uaa.client/bundles/org.springframework.uaa.client-1.0.1.RELEASE.jar
7f46ec004000-7f46ec013000 r--s 000d9000 08:02 3933556                    /home/jam/Applications/grails-2.1.1/lib/org.apache.ivy/ivy/jars/ivy-2.2.0.jar
7f46ec013000-7f46ec113000 rw-p 00000000 00:00 0 
7f46ec113000-7f46ec12a000 r-xp 00000000 08:02 16256543                   /lib/x86_64-linux-gnu/libnsl-2.15.so
7f46ec12a000-7f46ec329000 ---p 00017000 08:02 16256543                   /lib/x86_64-linux-gnu/libnsl-2.15.so
7f46ec329000-7f46ec32a000 r--p 00016000 08:02 16256543                   /lib/x86_64-linux-gnu/libnsl-2.15.so
7f46ec32a000-7f46ec32b000 rw-p 00017000 08:02 16256543                   /lib/x86_64-linux-gnu/libnsl-2.15.so
7f46ec32b000-7f46ec32d000 rw-p 00000000 00:00 0 
7f46ec32d000-7f46ec335000 r-xp 00000000 08:02 16256545                   /lib/x86_64-linux-gnu/libnss_compat-2.15.so
7f46ec335000-7f46ec534000 ---p 00008000 08:02 16256545                   /lib/x86_64-linux-gnu/libnss_compat-2.15.so
7f46ec534000-7f46ec535000 r--p 00007000 08:02 16256545                   /lib/x86_64-linux-gnu/libnss_compat-2.15.so
7f46ec535000-7f46ec536000 rw-p 00008000 08:02 16256545                   /lib/x86_64-linux-gnu/libnss_compat-2.15.so
7f46ec536000-7f46ec53f000 r-xp 00000000 08:02 18747976                   /usr/lib/jvm/java-6-openjdk-amd64/jre/lib/amd64/libinstrument.so
7f46ec53f000-7f46ec73f000 ---p 00009000 08:02 18747976                   /usr/lib/jvm/java-6-openjdk-amd64/jre/lib/amd64/libinstrument.so
7f46ec73f000-7f46ec740000 r--p 00009000 08:02 18747976                   /usr/lib/jvm/java-6-openjdk-amd64/jre/lib/amd64/libinstrument.so
7f46ec740000-7f46ec741000 rw-p 0000a000 08:02 18747976                   /usr/lib/jvm/java-6-openjdk-amd64/jre/lib/amd64/libinstrument.so
7f46ec741000-7f46ec76d000 r-xp 00000000 08:02 18747994                   /usr/lib/jvm/java-6-openjdk-amd64/jre/lib/amd64/libjava.so
7f46ec76d000-7f46ec96c000 ---p 0002c000 08:02 18747994                   /usr/lib/jvm/java-6-openjdk-amd64/jre/lib/amd64/libjava.so
7f46ec96c000-7f46ec96d000 r--p 0002b000 08:02 18747994                   /usr/lib/jvm/java-6-openjdk-amd64/jre/lib/amd64/libjava.so
7f46ec96d000-7f46ec970000 rw-p 0002c000 08:02 18747994                   /usr/lib/jvm/java-6-openjdk-amd64/jre/lib/amd64/libjava.so
7f46ec970000-7f46ec97e000 r-xp 00000000 08:02 18747993                   /usr/lib/jvm/java-6-openjdk-amd64/jre/lib/amd64/libverify.so
7f46ec97e000-7f46ecb7d000 ---p 0000e000 08:02 18747993                   /usr/lib/jvm/java-6-openjdk-amd64/jre/lib/amd64/libverify.so
7f46ecb7d000-7f46ecb7f000 r--p 0000d000 08:02 18747993                   /usr/lib/jvm/java-6-openjdk-amd64/jre/lib/amd64/libverify.so
7f46ecb7f000-7f46ecb80000 rw-p 0000f000 08:02 18747993                   /usr/lib/jvm/java-6-openjdk-amd64/jre/lib/amd64/libverify.so
7f46ecb80000-7f46ecb87000 r-xp 00000000 08:02 16256584                   /lib/x86_64-linux-gnu/librt-2.15.so
7f46ecb87000-7f46ecd86000 ---p 00007000 08:02 16256584                   /lib/x86_64-linux-gnu/librt-2.15.so
7f46ecd86000-7f46ecd87000 r--p 00006000 08:02 16256584                   /lib/x86_64-linux-gnu/librt-2.15.so
7f46ecd87000-7f46ecd88000 rw-p 00007000 08:02 16256584                   /lib/x86_64-linux-gnu/librt-2.15.so
7f46ecd88000-7f46ecd9d000 r-xp 00000000 08:02 16256519                   /lib/x86_64-linux-gnu/libgcc_s.so.1
7f46ecd9d000-7f46ecf9c000 ---p 00015000 08:02 16256519                   /lib/x86_64-linux-gnu/libgcc_s.so.1
7f46ecf9c000-7f46ecf9d000 r--p 00014000 08:02 16256519                   /lib/x86_64-linux-gnu/libgcc_s.so.1
7f46ecf9d000-7f46ecf9e000 rw-p 00015000 08:02 16256519                   /lib/x86_64-linux-gnu/libgcc_s.so.1
7f46ecf9e000-7f46ed097000 r-xp 00000000 08:02 16256530                   /lib/x86_64-linux-gnu/libm-2.15.so
7f46ed097000-7f46ed296000 ---p 000f9000 08:02 16256530                   /lib/x86_64-linux-gnu/libm-2.15.so
7f46ed296000-7f46ed297000 r--p 000f8000 08:02 16256530                   /lib/x86_64-linux-gnu/libm-2.15.so
7f46ed297000-7f46ed298000 rw-p 000f9000 08:02 16256530                   /lib/x86_64-linux-gnu/libm-2.15.so
7f46ed298000-7f46ed37a000 r-xp 00000000 08:02 16129397                   /usr/lib/x86_64-linux-gnu/libstdc++.so.6.0.16
7f46ed37a000-7f46ed579000 ---p 000e2000 08:02 16129397                   /usr/lib/x86_64-linux-gnu/libstdc++.so.6.0.16
7f46ed579000-7f46ed581000 r--p 000e1000 08:02 16129397                   /usr/lib/x86_64-linux-gnu/libstdc++.so.6.0.16
7f46ed581000-7f46ed583000 rw-p 000e9000 08:02 16129397                   /usr/lib/x86_64-linux-gnu/libstdc++.so.6.0.16
7f46ed583000-7f46ed598000 rw-p 00000000 00:00 0 
7f46ed598000-7f46ede9c000 r-xp 00000000 08:02 18877146                   /usr/lib/jvm/java-6-openjdk-amd64/jre/lib/amd64/server/libjvm.so
7f46ede9c000-7f46ee09c000 ---p 00904000 08:02 18877146                   /usr/lib/jvm/java-6-openjdk-amd64/jre/lib/amd64/server/libjvm.so
7f46ee09c000-7f46ee11c000 r--p 00904000 08:02 18877146                   /usr/lib/jvm/java-6-openjdk-amd64/jre/lib/amd64/server/libjvm.so
7f46ee11c000-7f46ee137000 rw-p 00984000 08:02 18877146                   /usr/lib/jvm/java-6-openjdk-amd64/jre/lib/amd64/server/libjvm.so
7f46ee137000-7f46ee160000 rw-p 00000000 00:00 0 
7f46ee160000-7f46ee176000 r-xp 00000000 08:02 16256609                   /lib/x86_64-linux-gnu/libz.so.1.2.3.4
7f46ee176000-7f46ee375000 ---p 00016000 08:02 16256609                   /lib/x86_64-linux-gnu/libz.so.1.2.3.4
7f46ee375000-7f46ee376000 r--p 00015000 08:02 16256609                   /lib/x86_64-linux-gnu/libz.so.1.2.3.4
7f46ee376000-7f46ee377000 rw-p 00016000 08:02 16256609                   /lib/x86_64-linux-gnu/libz.so.1.2.3.4
7f46ee377000-7f46ee52a000 r-xp 00000000 08:02 16256498                   /lib/x86_64-linux-gnu/libc-2.15.so
7f46ee52a000-7f46ee729000 ---p 001b3000 08:02 16256498                   /lib/x86_64-linux-gnu/libc-2.15.so
7f46ee729000-7f46ee72d000 r--p 001b2000 08:02 16256498                   /lib/x86_64-linux-gnu/libc-2.15.so
7f46ee72d000-7f46ee72f000 rw-p 001b6000 08:02 16256498                   /lib/x86_64-linux-gnu/libc-2.15.so
7f46ee72f000-7f46ee734000 rw-p 00000000 00:00 0 
7f46ee734000-7f46ee736000 r-xp 00000000 08:02 16256511                   /lib/x86_64-linux-gnu/libdl-2.15.so
7f46ee736000-7f46ee936000 ---p 00002000 08:02 16256511                   /lib/x86_64-linux-gnu/libdl-2.15.so
7f46ee936000-7f46ee937000 r--p 00002000 08:02 16256511                   /lib/x86_64-linux-gnu/libdl-2.15.so
7f46ee937000-7f46ee938000 rw-p 00003000 08:02 16256511                   /lib/x86_64-linux-gnu/libdl-2.15.so
7f46ee938000-7f46ee93c000 r-xp 00000000 08:02 18747978                   /usr/lib/jvm/java-6-openjdk-amd64/jre/lib/amd64/jli/libjli.so
7f46ee93c000-7f46eeb3b000 ---p 00004000 08:02 18747978                   /usr/lib/jvm/java-6-openjdk-amd64/jre/lib/amd64/jli/libjli.so
7f46eeb3b000-7f46eeb3c000 r--p 00003000 08:02 18747978                   /usr/lib/jvm/java-6-openjdk-amd64/jre/lib/amd64/jli/libjli.so
7f46eeb3c000-7f46eeb3d000 rw-p 00004000 08:02 18747978                   /usr/lib/jvm/java-6-openjdk-amd64/jre/lib/amd64/jli/libjli.so
7f46eeb3d000-7f46eeb55000 r-xp 00000000 08:02 16256578                   /lib/x86_64-linux-gnu/libpthread-2.15.so
7f46eeb55000-7f46eed54000 ---p 00018000 08:02 16256578                   /lib/x86_64-linux-gnu/libpthread-2.15.so
7f46eed54000-7f46eed55000 r--p 00017000 08:02 16256578                   /lib/x86_64-linux-gnu/libpthread-2.15.so
7f46eed55000-7f46eed56000 rw-p 00018000 08:02 16256578                   /lib/x86_64-linux-gnu/libpthread-2.15.so
7f46eed56000-7f46eed5a000 rw-p 00000000 00:00 0 
7f46eed5a000-7f46eed7c000 r-xp 00000000 08:02 16256478                   /lib/x86_64-linux-gnu/ld-2.15.so
7f46eed7c000-7f46eed81000 r--s 00050000 08:02 4587551                    /home/jam/Applications/grails-2.1.1/lib/org.codehaus.gant/gant_groovy1.8/jars/gant_groovy1.8-1.9.6.jar
7f46eed81000-7f46eed83000 r--s 00009000 08:02 15730918                   /home/jam/Applications/grails-2.1.1/lib/commons-cli/commons-cli/jars/commons-cli-1.2.jar
7f46eed83000-7f46eed86000 r--s 000cf000 08:02 15997829                   /home/jam/Applications/grails-2.1.1/lib/net.java.dev.jna/jna/jars/jna-3.2.3.jar
7f46eed86000-7f46eed88000 r--s 00008000 08:02 4587896                    /home/jam/Applications/grails-2.1.1/lib/org.fusesource.jansi/jansi/jars/jansi-1.2.1.jar
7f46eed88000-7f46eed8a000 r--s 00015000 08:02 15862296                   /home/jam/Applications/grails-2.1.1/lib/jline/jline/jars/jline-1.0.jar
7f46eed8a000-7f46eed91000 r--s 000fb000 08:02 18489889                   /usr/lib/jvm/java-6-openjdk-common/jre/lib/resources.jar
7f46eed91000-7f46eed94000 r--s 0007d000 08:02 18489867                   /usr/lib/jvm/java-6-openjdk-common/jre/lib/jsse.jar
7f46eed94000-7f46eeda0000 rw-p 00000000 00:00 0 
7f46eeda0000-7f46eee54000 rw-p 00000000 00:00 0 
7f46eee54000-7f46eee57000 ---p 00000000 00:00 0 
7f46eee57000-7f46eef5a000 rw-p 00000000 00:00 0 
7f46eef5a000-7f46eef61000 r--s 00067000 08:02 15730908                   /home/jam/Applications/grails-2.1.1/lib/com.springsource.springloaded/springloaded-core/jars/springloaded-core-1.0.6.jar
7f46eef61000-7f46eef65000 r--s 00038000 08:02 18489882                   /usr/lib/jvm/java-6-openjdk-common/jre/lib/ext/sunpkcs11.jar
7f46eef65000-7f46eef68000 r--s 00031000 08:02 18489884                   /usr/lib/jvm/java-6-openjdk-common/jre/lib/ext/sunjce_provider.jar
7f46eef68000-7f46eef69000 r--s 00007000 08:02 16651090                   /usr/share/java/java-atk-wrapper.jar
7f46eef69000-7f46eef6c000 r--s 00077000 08:02 18489883                   /usr/lib/jvm/java-6-openjdk-common/jre/lib/ext/localedata.jar
7f46eef6c000-7f46eef6e000 r--s 00001000 08:02 18489885                   /usr/lib/jvm/java-6-openjdk-common/jre/lib/ext/dnsns.jar
7f46eef6e000-7f46eef70000 r--s 0000f000 08:02 18489886                   /usr/lib/jvm/java-6-openjdk-common/jre/lib/ext/pulse-java.jar
7f46eef70000-7f46eef78000 rw-s 00000000 08:02 8650889                    /tmp/hsperfdata_jam/20269
7f46eef78000-7f46eef79000 rw-p 00000000 00:00 0 
7f46eef79000-7f46eef7a000 ---p 00000000 00:00 0 
7f46eef7a000-7f46eef7c000 rw-p 00000000 00:00 0 
7f46eef7c000-7f46eef7d000 r--p 00022000 08:02 16256478                   /lib/x86_64-linux-gnu/ld-2.15.so
7f46eef7d000-7f46eef7f000 rw-p 00023000 08:02 16256478                   /lib/x86_64-linux-gnu/ld-2.15.so
7ffffbe9f000-7ffffbec0000 rw-p 00000000 00:00 0                          [stack]
7ffffbfd7000-7ffffbfd8000 r-xp 00000000 00:00 0                          [vdso]
ffffffffff600000-ffffffffff601000 r-xp 00000000 00:00 0                  [vsyscall]

VM Arguments:
jvm_args: -Xmx768M -Xms768M -XX:PermSize=256m -XX:MaxPermSize=256m -Dfile.encoding=UTF-8 -Dserver.port=8080 -Djline.WindowsTerminal.directConsole=false -javaagent:/home/jam/Applications/grails-2.1.1/lib/com.springsource.springloaded/springloaded-core/jars/springloaded-core-1.0.6.jar -Xverify:none -Dspringloaded=profile=grails;cacheDir=/home/jam/.grails/2.1.1/ -Dgrails.home=/home/jam/Applications/grails-2.1.1 -Dtools.jar=/usr/lib/jvm/default-java/lib/tools.jar 
java_command: org.codehaus.groovy.grails.cli.support.GrailsStarter --main org.codehaus.groovy.grails.cli.GrailsScriptRunner --conf /home/jam/Applications/grails-2.1.1/conf/groovy-starter.conf --classpath   run-app
Launcher Type: SUN_STANDARD

Environment Variables:
JAVA_HOME=/usr/lib/jvm/default-java
PATH=/usr/lib/lightdm/lightdm:/usr/local/sbin:/usr/local/bin:/usr/sbin:/usr/bin:/sbin:/bin:/usr/games
LD_LIBRARY_PATH=/usr/lib/jvm/java-6-openjdk-amd64/jre/lib/amd64/server:/usr/lib/jvm/java-6-openjdk-amd64/jre/lib/amd64:/usr/lib/jvm/java-6-openjdk-amd64/jre/../lib/amd64
SHELL=/bin/bash
DISPLAY=:0

Signal Handlers:
SIGSEGV: [libjvm.so+0x784310], sa_mask[0]=0x7ffbfeff, sa_flags=0x10000004
SIGBUS: [libjvm.so+0x784310], sa_mask[0]=0x7ffbfeff, sa_flags=0x10000004
SIGFPE: [libjvm.so+0x648580], sa_mask[0]=0x7ffbfeff, sa_flags=0x10000004
SIGPIPE: [libjvm.so+0x648580], sa_mask[0]=0x7ffbfeff, sa_flags=0x10000004
SIGXFSZ: [libjvm.so+0x648580], sa_mask[0]=0x7ffbfeff, sa_flags=0x10000004
SIGILL: [libjvm.so+0x648580], sa_mask[0]=0x7ffbfeff, sa_flags=0x10000004
SIGUSR1: SIG_DFL, sa_mask[0]=0x00000000, sa_flags=0x00000000
SIGUSR2: [libjvm.so+0x648730], sa_mask[0]=0x00000004, sa_flags=0x10000004
SIGHUP: [libjvm.so+0x64b250], sa_mask[0]=0x7ffbfeff, sa_flags=0x10000004
SIGINT: SIG_IGN, sa_mask[0]=0x00000000, sa_flags=0x00000000
SIGTERM: [libjvm.so+0x64b250], sa_mask[0]=0x7ffbfeff, sa_flags=0x10000004
SIGQUIT: [libjvm.so+0x64b250], sa_mask[0]=0x7ffbfeff, sa_flags=0x10000004


---------------  S Y S T E M  ---------------

OS:Ubuntu 12.04 (precise)
uname:Linux 3.2.0-30-generic #48-Ubuntu SMP Fri Aug 24 16:52:48 UTC 2012 x86_64
libc:glibc 2.15 NPTL 2.15 
rlimit: STACK 8192k, CORE 0k, NPROC 59519, NOFILE 4096, AS infinity
load average:2.00 2.11 1.93

/proc/meminfo:
MemTotal:        7636272 kB
MemFree:         1860184 kB
Buffers:          270864 kB
Cached:          1695104 kB
SwapCached:         2324 kB
Active:          3755664 kB
Inactive:        1319812 kB
Active(anon):    2435948 kB
Inactive(anon):   688544 kB
Active(file):    1319716 kB
Inactive(file):   631268 kB
Unevictable:          76 kB
Mlocked:              76 kB
SwapTotal:       7837776 kB
SwapFree:        7821292 kB
Dirty:               424 kB
Writeback:             0 kB
AnonPages:       3107432 kB
Mapped:           354400 kB
Shmem:             14984 kB
Slab:             218804 kB
SReclaimable:     172368 kB
SUnreclaim:        46436 kB
KernelStack:        5464 kB
PageTables:        65028 kB
NFS_Unstable:          0 kB
Bounce:                0 kB
WritebackTmp:          0 kB
CommitLimit:    11655912 kB
Committed_AS:    8717636 kB
VmallocTotal:   34359738367 kB
VmallocUsed:      135768 kB
VmallocChunk:   34359600448 kB
HardwareCorrupted:     0 kB
AnonHugePages:         0 kB
HugePages_Total:       0
HugePages_Free:        0
HugePages_Rsvd:        0
HugePages_Surp:        0
Hugepagesize:       2048 kB
DirectMap4k:      405504 kB
DirectMap2M:     6391808 kB
DirectMap1G:     1048576 kB


CPU:total 4 (4 cores per cpu, 1 threads per core) family 18 model 1 stepping 0, cmov, cx8, fxsr, mmx, sse, sse2, sse3, popcnt, mmxext, 3dnowpref, lzcnt, sse4a

Memory: 4k page, physical 7636272k(1860184k free), swap 7837776k(7821292k free)

vm_info: OpenJDK 64-Bit Server VM (20.0-b12) for linux-amd64 JRE (1.6.0_24-b24), built on Sep  2 2012 19:50:47 by "buildd" with gcc 4.6.3

time: Sun Sep 16 16:16:26 2012
elapsed time: 6 seconds

