#
# A fatal error has been detected by the Java Runtime Environment:
#
#  SIGSEGV (0xb) at pc=0x00007ffa8d54eecc, pid=6377, tid=140713994983168
#
# JRE version: 6.0_24-b24
# Java VM: OpenJDK 64-Bit Server VM (20.0-b12 mixed mode linux-amd64 compressed oops)
# Derivative: IcedTea6 1.11.4
# Distribution: Ubuntu 12.04 LTS, package 6b24-1.11.4-1ubuntu0.12.04.1
# Problematic frame:
# J  org.springframework.uaa.client.util.Base64.decode([BIII)[B
#
# If you would like to submit a bug report, please include
# instructions how to reproduce the bug and visit:
#   https://bugs.launchpad.net/ubuntu/+source/openjdk-6/
#

---------------  T H R E A D  ---------------

Current thread (0x00007ffa90b7a800):  JavaThread "Synchronizer (Spring UAA/1.0.1)" daemon [_thread_in_Java, id=6410, stack(0x00007ffa879f9000,0x00007ffa87afa000)]

siginfo:si_signo=SIGSEGV: si_errno=0, si_code=1 (SEGV_MAPERR), si_addr=0x00000000b7ed8f38

Registers:
RAX=0x0000000000000001, RBX=0x00000000f56a4728, RCX=0x000000000000000a, RDX=0x0000000000000038
RSP=0x00007ffa87af8500, RBP=0x00000000f56a4780, RSI=0x000000000000002a, RDI=0x00000000f56a4728
R8 =0x00000000f56a4680, R9 =0x0000000000000028, R10=0x00000000f56a4790, R11=0x000000000000003f
R12=0x0000000000000000, R13=0x00007ffa8d54ee0c, R14=0x00007ffa87af84f8, R15=0x00007ffa90b7a800
RIP=0x00007ffa8d54eecc, EFLAGS=0x0000000000010206, CSGSFS=0x0000000000000033, ERR=0x0000000000000006
  TRAPNO=0x000000000000000e

Top of Stack: (sp=0x00007ffa87af8500)
0x00007ffa87af8500:   00000000f56a4680 0000003800000000
0x00007ffa87af8510:   0000002a00000038 00000000d04c4940
0x00007ffa87af8520:   0000000000000027 00000000f56a4728
0x00007ffa87af8530:   00000000f56a4768 0000000000000037
0x00007ffa87af8540:   00007ffa87af8540 00000000c000fa39
0x00007ffa87af8550:   00007ffa87af8598 00000000c00b2e38
0x00007ffa87af8560:   00007ffa87af85e0 00007ffa8d0059b3
0x00007ffa87af8570:   0000000000000000 00007ffa8d0059b3
0x00007ffa87af8580:   0000000000000000 0000000000000038
0x00007ffa87af8590:   0000000000000000 00000000f56a4680
0x00007ffa87af85a0:   00007ffa87af85a0 00000000c1a74613
0x00007ffa87af85b0:   00007ffa87af8650 00000000c1a77810
0x00007ffa87af85c0:   0000000000000000 00000000c1a74840
0x00007ffa87af85d0:   00007ffa87af8580 00007ffa87af8648
0x00007ffa87af85e0:   00007ffa87af8698 00007ffa8d0059b3
0x00007ffa87af85f0:   0000000000000000 0000000000000000
0x00007ffa87af8600:   0000000000000000 0000000000000000
0x00007ffa87af8610:   0000000000000000 0000000000000000
0x00007ffa87af8620:   0000000000000000 0000000000000000
0x00007ffa87af8630:   0000000000000000 0000000000000000
0x00007ffa87af8640:   00000000f56a4680 0000000000000000
0x00007ffa87af8650:   00000000f56a4480 00007ffa87af8658
0x00007ffa87af8660:   00000000c1a74422 00007ffa87af86a8
0x00007ffa87af8670:   00000000c1a77810 0000000000000000
0x00007ffa87af8680:   00000000c1a74440 00007ffa87af8648
0x00007ffa87af8690:   00007ffa87af86a8 00007ffa87af86f0
0x00007ffa87af86a0:   00007ffa8d0059b3 00000000f56a4480
0x00007ffa87af86b0:   00007ffa87af86b0 00000000c1772de2
0x00007ffa87af86c0:   00007ffa87af8720 00000000c1774e80
0x00007ffa87af86d0:   0000000000000000 00000000c1772e60
0x00007ffa87af86e0:   00007ffa87af86a8 00007ffa87af8718
0x00007ffa87af86f0:   00007ffa87af8768 00007ffa8d0059b3 

Instructions: (pc=0x00007ffa8d54eecc)
0x00007ffa8d54eeac:   41 0f 18 82 80 01 00 00 4c 8b d5 49 83 c2 10 41
0x00007ffa8d54eebc:   3b f1 0f 82 f1 01 00 00 45 85 c9 7e 1f 48 8b fb
0x00007ffa8d54eecc:   48 83 c7 10 48 83 c2 f0 48 c1 ea 03 49 8b f2 49
0x00007ffa8d54eedc:   ba 40 12 04 8d fa 7f 00 00 41 ff d2 48 8b c5 48 

Register to memory mapping:

RAX=0x0000000000000001 is an unknown value
RBX=0x00000000f56a4728 is an oop
[B 
 - klass: {type array byte}
 - length: 42
RCX=0x000000000000000a is an unknown value
RDX=0x0000000000000038 is an unknown value
RSP=0x00007ffa87af8500 is pointing into the stack for thread: 0x00007ffa90b7a800
RBP=0x00000000f56a4780 is an oop
[B 
 - klass: {type array byte}
 - length: 40
RSI=0x000000000000002a is an unknown value
RDI=0x00000000f56a4728 is an oop
[B 
 - klass: {type array byte}
 - length: 42
R8 =0x00000000f56a4680 is an oop
[B 
 - klass: {type array byte}
 - length: 56
R9 =0x0000000000000028 is an unknown value
R10=0x00000000f56a4790 is an unknown value
R11=0x000000000000003f is an unknown value
R12=0x0000000000000000 is an unknown value
R13=0x00007ffa8d54ea50 [CodeBlob (0x00007ffa8d54ea50)]
Framesize: 14
R14=0x00007ffa87af84f8 is pointing into the stack for thread: 0x00007ffa90b7a800
R15=0x00007ffa90b7a800 is a thread


Stack: [0x00007ffa879f9000,0x00007ffa87afa000],  sp=0x00007ffa87af8500,  free space=1021k
Native frames: (J=compiled Java code, j=interpreted, Vv=VM code, C=native code)
J  org.springframework.uaa.client.util.Base64.decode([BIII)[B


---------------  P R O C E S S  ---------------

Java Threads: ( => current thread )
  0x00007ffa90695800 JavaThread "pool-4-thread-5" [_thread_blocked, id=6426, stack(0x00007ffa864c3000,0x00007ffa865c4000)]
  0x00007ffa9078f000 JavaThread "pool-4-thread-4" [_thread_blocked, id=6425, stack(0x00007ffa865c4000,0x00007ffa866c5000)]
  0x00007ffa9068b800 JavaThread "pool-4-thread-3" [_thread_blocked, id=6424, stack(0x00007ffa866c5000,0x00007ffa867c6000)]
  0x00007ffa9081b800 JavaThread "pool-4-thread-2" [_thread_blocked, id=6423, stack(0x00007ffa867c6000,0x00007ffa868c7000)]
  0x00007ffa9081a800 JavaThread "pool-4-thread-1" [_thread_blocked, id=6422, stack(0x00007ffa868c7000,0x00007ffa869c8000)]
  0x00007ffa9086c800 JavaThread "pool-3-thread-5" [_thread_blocked, id=6419, stack(0x00007ffa86ac9000,0x00007ffa86bca000)]
  0x00007ffa908ac800 JavaThread "pool-3-thread-4" [_thread_blocked, id=6418, stack(0x00007ffa86bca000,0x00007ffa86ccb000)]
  0x00007ffa9032e000 JavaThread "pool-3-thread-3" [_thread_blocked, id=6417, stack(0x00007ffa86ccb000,0x00007ffa86dcc000)]
  0x00007ffa90629000 JavaThread "pool-3-thread-2" [_thread_blocked, id=6416, stack(0x00007ffa86dcc000,0x00007ffa86ecd000)]
  0x00007ffa9034a800 JavaThread "pool-3-thread-1" [_thread_blocked, id=6415, stack(0x00007ffa86ecd000,0x00007ffa86fce000)]
  0x00007ffa9084d800 JavaThread "FileSystemWatcher: files=#33 cl=java.net.URLClassLoader@30db95a1" daemon [_thread_blocked, id=6414, stack(0x00007ffa86fce000,0x00007ffa870cf000)]
  0x00007ffa901fc000 JavaThread "FileSystemWatcher: files=#10 cl=groovy.lang.GroovyClassLoader@1e081c5" daemon [_thread_blocked, id=6413, stack(0x00007ffa870cf000,0x00007ffa871d0000)]
  0x00007ffa4003c000 JavaThread "Keep-Alive-Timer" daemon [_thread_blocked, id=6412, stack(0x00007ffa871d0000,0x00007ffa872d1000)]
  0x00007ffa90b94000 JavaThread "pool-2-thread-1" [_thread_blocked, id=6411, stack(0x00007ffa878f8000,0x00007ffa879f9000)]
=>0x00007ffa90b7a800 JavaThread "Synchronizer (Spring UAA/1.0.1)" daemon [_thread_in_Java, id=6410, stack(0x00007ffa879f9000,0x00007ffa87afa000)]
  0x00007ffa90249000 JavaThread "Timer-0" daemon [_thread_blocked, id=6409, stack(0x00007ffa944d9000,0x00007ffa945da000)]
  0x00007ffa900e3800 JavaThread "Low Memory Detector" daemon [_thread_blocked, id=6401, stack(0x00007ffa9490a000,0x00007ffa94a0b000)]
  0x00007ffa900e9000 JavaThread "C2 CompilerThread1" daemon [_thread_in_native, id=6400, stack(0x00007ffa94a0b000,0x00007ffa94b0c000)]
  0x00007ffa900ea800 JavaThread "C2 CompilerThread0" daemon [_thread_in_native, id=6399, stack(0x00007ffa94b0c000,0x00007ffa94c0d000)]
  0x00007ffa9008c000 JavaThread "Signal Dispatcher" daemon [_thread_blocked, id=6398, stack(0x00007ffa94c6b000,0x00007ffa94d6c000)]
  0x00007ffa90079800 JavaThread "Finalizer" daemon [_thread_blocked, id=6397, stack(0x00007ffa95547000,0x00007ffa95648000)]
  0x00007ffa90077800 JavaThread "Reference Handler" daemon [_thread_blocked, id=6396, stack(0x00007ffa95648000,0x00007ffa95749000)]
  0x00007ffa90009800 JavaThread "main" [_thread_in_Java, id=6390, stack(0x00007ffa99a23000,0x00007ffa99b24000)]

Other Threads:
  0x00007ffa90071000 VMThread [stack: 0x00007ffa95749000,0x00007ffa9584a000] [id=6395]
  0x00007ffa900f5800 WatcherThread [stack: 0x00007ffa94809000,0x00007ffa9490a000] [id=6402]

VM state:not at safepoint (normal execution)

VM Mutex/Monitor currently owned by a thread: None

Heap
 PSYoungGen      total 214720K, used 100986K [0x00000000f0000000, 0x0000000100000000, 0x0000000100000000)
  eden space 166784K, 56% used [0x00000000f0000000,0x00000000f5bc8678,0x00000000fa2e0000)
  from space 47936K, 14% used [0x00000000fd130000,0x00000000fd806230,0x0000000100000000)
  to   space 47424K, 0% used [0x00000000fa2e0000,0x00000000fa2e0000,0x00000000fd130000)
 PSOldGen        total 524288K, used 56208K [0x00000000d0000000, 0x00000000f0000000, 0x00000000f0000000)
  object space 524288K, 10% used [0x00000000d0000000,0x00000000d36e4188,0x00000000f0000000)
 PSPermGen       total 262144K, used 42581K [0x00000000c0000000, 0x00000000d0000000, 0x00000000d0000000)
  object space 262144K, 16% used [0x00000000c0000000,0x00000000c29957a0,0x00000000d0000000)

Code Cache  [0x00007ffa8d000000, 0x00007ffa8d5a0000, 0x00007ffa90000000)
 total_blobs=1595 nmethods=1035 adapters=513 free_code_cache=44589760 largest_free_block=35712

Dynamic libraries:
00400000-00409000 r-xp 00000000 08:02 397963                             /usr/lib/jvm/java-6-openjdk-amd64/jre/bin/java
00608000-00609000 r--p 00008000 08:02 397963                             /usr/lib/jvm/java-6-openjdk-amd64/jre/bin/java
00609000-0060a000 rw-p 00009000 08:02 397963                             /usr/lib/jvm/java-6-openjdk-amd64/jre/bin/java
00e29000-00e4a000 rw-p 00000000 00:00 0                                  [heap]
c0000000-100000000 rw-p 00000000 00:00 0 
7ffa08000000-7ffa08021000 rw-p 00000000 00:00 0 
7ffa08021000-7ffa0c000000 ---p 00000000 00:00 0 
7ffa10000000-7ffa10021000 rw-p 00000000 00:00 0 
7ffa10021000-7ffa14000000 ---p 00000000 00:00 0 
7ffa14000000-7ffa14021000 rw-p 00000000 00:00 0 
7ffa14021000-7ffa18000000 ---p 00000000 00:00 0 
7ffa18000000-7ffa18021000 rw-p 00000000 00:00 0 
7ffa18021000-7ffa1c000000 ---p 00000000 00:00 0 
7ffa1c000000-7ffa1c021000 rw-p 00000000 00:00 0 
7ffa1c021000-7ffa20000000 ---p 00000000 00:00 0 
7ffa20000000-7ffa20021000 rw-p 00000000 00:00 0 
7ffa20021000-7ffa24000000 ---p 00000000 00:00 0 
7ffa24000000-7ffa24021000 rw-p 00000000 00:00 0 
7ffa24021000-7ffa28000000 ---p 00000000 00:00 0 
7ffa28000000-7ffa28021000 rw-p 00000000 00:00 0 
7ffa28021000-7ffa2c000000 ---p 00000000 00:00 0 
7ffa2c000000-7ffa2c021000 rw-p 00000000 00:00 0 
7ffa2c021000-7ffa30000000 ---p 00000000 00:00 0 
7ffa30000000-7ffa30021000 rw-p 00000000 00:00 0 
7ffa30021000-7ffa34000000 ---p 00000000 00:00 0 
7ffa34000000-7ffa34021000 rw-p 00000000 00:00 0 
7ffa34021000-7ffa38000000 ---p 00000000 00:00 0 
7ffa38000000-7ffa38021000 rw-p 00000000 00:00 0 
7ffa38021000-7ffa3c000000 ---p 00000000 00:00 0 
7ffa3c000000-7ffa3c021000 rw-p 00000000 00:00 0 
7ffa3c021000-7ffa40000000 ---p 00000000 00:00 0 
7ffa40000000-7ffa400c0000 rw-p 00000000 00:00 0 
7ffa400c0000-7ffa44000000 ---p 00000000 00:00 0 
7ffa44000000-7ffa44021000 rw-p 00000000 00:00 0 
7ffa44021000-7ffa48000000 ---p 00000000 00:00 0 
7ffa48000000-7ffa48021000 rw-p 00000000 00:00 0 
7ffa48021000-7ffa4c000000 ---p 00000000 00:00 0 
7ffa4c000000-7ffa4c047000 rw-p 00000000 00:00 0 
7ffa4c047000-7ffa50000000 ---p 00000000 00:00 0 
7ffa50000000-7ffa50021000 rw-p 00000000 00:00 0 
7ffa50021000-7ffa54000000 ---p 00000000 00:00 0 
7ffa54000000-7ffa54021000 rw-p 00000000 00:00 0 
7ffa54021000-7ffa58000000 ---p 00000000 00:00 0 
7ffa58000000-7ffa5ba19000 rw-p 00000000 00:00 0 
7ffa5ba19000-7ffa5c000000 ---p 00000000 00:00 0 
7ffa5c000000-7ffa5f2b5000 rw-p 00000000 00:00 0 
7ffa5f2b5000-7ffa60000000 ---p 00000000 00:00 0 
7ffa60000000-7ffa60021000 rw-p 00000000 00:00 0 
7ffa60021000-7ffa64000000 ---p 00000000 00:00 0 
7ffa64000000-7ffa64021000 rw-p 00000000 00:00 0 
7ffa64021000-7ffa68000000 ---p 00000000 00:00 0 
7ffa68000000-7ffa68109000 rw-p 00000000 00:00 0 
7ffa68109000-7ffa6c000000 ---p 00000000 00:00 0 
7ffa6c000000-7ffa6c021000 rw-p 00000000 00:00 0 
7ffa6c021000-7ffa70000000 ---p 00000000 00:00 0 
7ffa70000000-7ffa7002a000 rw-p 00000000 00:00 0 
7ffa7002a000-7ffa74000000 ---p 00000000 00:00 0 
7ffa78000000-7ffa78021000 rw-p 00000000 00:00 0 
7ffa78021000-7ffa7c000000 ---p 00000000 00:00 0 
7ffa80000000-7ffa80021000 rw-p 00000000 00:00 0 
7ffa80021000-7ffa84000000 ---p 00000000 00:00 0 
7ffa864c3000-7ffa864c6000 ---p 00000000 00:00 0 
7ffa864c6000-7ffa865c4000 rw-p 00000000 00:00 0 
7ffa865c4000-7ffa865c7000 ---p 00000000 00:00 0 
7ffa865c7000-7ffa866c5000 rw-p 00000000 00:00 0 
7ffa866c5000-7ffa866c8000 ---p 00000000 00:00 0 
7ffa866c8000-7ffa867c6000 rw-p 00000000 00:00 0 
7ffa867c6000-7ffa867c9000 ---p 00000000 00:00 0 
7ffa867c9000-7ffa868c7000 rw-p 00000000 00:00 0 
7ffa868c7000-7ffa868ca000 ---p 00000000 00:00 0 
7ffa868ca000-7ffa869c8000 rw-p 00000000 00:00 0 
7ffa869c8000-7ffa869cb000 ---p 00000000 00:00 0 
7ffa869cb000-7ffa86ac9000 rw-p 00000000 00:00 0 
7ffa86ac9000-7ffa86acc000 ---p 00000000 00:00 0 
7ffa86acc000-7ffa86bca000 rw-p 00000000 00:00 0 
7ffa86bca000-7ffa86bcd000 ---p 00000000 00:00 0 
7ffa86bcd000-7ffa86ccb000 rw-p 00000000 00:00 0 
7ffa86ccb000-7ffa86cce000 ---p 00000000 00:00 0 
7ffa86cce000-7ffa86dcc000 rw-p 00000000 00:00 0 
7ffa86dcc000-7ffa86dcf000 ---p 00000000 00:00 0 
7ffa86dcf000-7ffa86ecd000 rw-p 00000000 00:00 0 
7ffa86ecd000-7ffa86ed0000 ---p 00000000 00:00 0 
7ffa86ed0000-7ffa86fce000 rw-p 00000000 00:00 0 
7ffa86fce000-7ffa86fd1000 ---p 00000000 00:00 0 
7ffa86fd1000-7ffa870cf000 rw-p 00000000 00:00 0 
7ffa870cf000-7ffa870d2000 ---p 00000000 00:00 0 
7ffa870d2000-7ffa871d0000 rw-p 00000000 00:00 0 
7ffa871d0000-7ffa871d3000 ---p 00000000 00:00 0 
7ffa871d3000-7ffa872d1000 rw-p 00000000 00:00 0 
7ffa872d1000-7ffa872e9000 r-xp 00000000 08:02 16256582                   /lib/x86_64-linux-gnu/libresolv-2.15.so
7ffa872e9000-7ffa874e9000 ---p 00018000 08:02 16256582                   /lib/x86_64-linux-gnu/libresolv-2.15.so
7ffa874e9000-7ffa874ea000 r--p 00018000 08:02 16256582                   /lib/x86_64-linux-gnu/libresolv-2.15.so
7ffa874ea000-7ffa874eb000 rw-p 00019000 08:02 16256582                   /lib/x86_64-linux-gnu/libresolv-2.15.so
7ffa874eb000-7ffa874ed000 rw-p 00000000 00:00 0 
7ffa874ed000-7ffa874f4000 r-xp 00000000 08:02 16256547                   /lib/x86_64-linux-gnu/libnss_dns-2.15.so
7ffa874f4000-7ffa876f3000 ---p 00007000 08:02 16256547                   /lib/x86_64-linux-gnu/libnss_dns-2.15.so
7ffa876f3000-7ffa876f4000 r--p 00006000 08:02 16256547                   /lib/x86_64-linux-gnu/libnss_dns-2.15.so
7ffa876f4000-7ffa876f5000 rw-p 00007000 08:02 16256547                   /lib/x86_64-linux-gnu/libnss_dns-2.15.so
7ffa876f5000-7ffa876f7000 r-xp 00000000 08:02 16252982                   /lib/libnss_mdns4_minimal.so.2
7ffa876f7000-7ffa878f6000 ---p 00002000 08:02 16252982                   /lib/libnss_mdns4_minimal.so.2
7ffa878f6000-7ffa878f7000 r--p 00001000 08:02 16252982                   /lib/libnss_mdns4_minimal.so.2
7ffa878f7000-7ffa878f8000 rw-p 00002000 08:02 16252982                   /lib/libnss_mdns4_minimal.so.2
7ffa878f8000-7ffa878fb000 ---p 00000000 00:00 0 
7ffa878fb000-7ffa879f9000 rw-p 00000000 00:00 0 
7ffa879f9000-7ffa879fc000 ---p 00000000 00:00 0 
7ffa879fc000-7ffa87afa000 rw-p 00000000 00:00 0 
7ffa87afa000-7ffa87b57000 r-xp 00000000 08:02 16651114                   /usr/lib/x86_64-linux-gnu/nss/libfreebl3.so
7ffa87b57000-7ffa87d56000 ---p 0005d000 08:02 16651114                   /usr/lib/x86_64-linux-gnu/nss/libfreebl3.so
7ffa87d56000-7ffa87d58000 r--p 0005c000 08:02 16651114                   /usr/lib/x86_64-linux-gnu/nss/libfreebl3.so
7ffa87d58000-7ffa87d59000 rw-p 0005e000 08:02 16651114                   /usr/lib/x86_64-linux-gnu/nss/libfreebl3.so
7ffa87d59000-7ffa87d5d000 rw-p 00000000 00:00 0 
7ffa87d5d000-7ffa87dfb000 r-xp 00000000 08:02 16131587                   /usr/lib/x86_64-linux-gnu/libsqlite3.so.0.8.6
7ffa87dfb000-7ffa87ffb000 ---p 0009e000 08:02 16131587                   /usr/lib/x86_64-linux-gnu/libsqlite3.so.0.8.6
7ffa87ffb000-7ffa87ffd000 r--p 0009e000 08:02 16131587                   /usr/lib/x86_64-linux-gnu/libsqlite3.so.0.8.6
7ffa87ffd000-7ffa87fff000 rw-p 000a0000 08:02 16131587                   /usr/lib/x86_64-linux-gnu/libsqlite3.so.0.8.6
7ffa87fff000-7ffa88000000 rw-p 00000000 00:00 0 
7ffa88000000-7ffa88021000 rw-p 00000000 00:00 0 
7ffa88021000-7ffa8c000000 ---p 00000000 00:00 0 
7ffa8c025000-7ffa8c05e000 r-xp 00000000 08:02 16651117                   /usr/lib/x86_64-linux-gnu/nss/libsoftokn3.so
7ffa8c05e000-7ffa8c25d000 ---p 00039000 08:02 16651117                   /usr/lib/x86_64-linux-gnu/nss/libsoftokn3.so
7ffa8c25d000-7ffa8c25f000 r--p 00038000 08:02 16651117                   /usr/lib/x86_64-linux-gnu/nss/libsoftokn3.so
7ffa8c25f000-7ffa8c260000 rw-p 0003a000 08:02 16651117                   /usr/lib/x86_64-linux-gnu/nss/libsoftokn3.so
7ffa8c260000-7ffa8c29a000 r-xp 00000000 08:02 16127779                   /usr/lib/x86_64-linux-gnu/libnspr4.so
7ffa8c29a000-7ffa8c499000 ---p 0003a000 08:02 16127779                   /usr/lib/x86_64-linux-gnu/libnspr4.so
7ffa8c499000-7ffa8c49a000 r--p 00039000 08:02 16127779                   /usr/lib/x86_64-linux-gnu/libnspr4.so
7ffa8c49a000-7ffa8c49c000 rw-p 0003a000 08:02 16127779                   /usr/lib/x86_64-linux-gnu/libnspr4.so
7ffa8c49c000-7ffa8c49e000 rw-p 00000000 00:00 0 
7ffa8c49e000-7ffa8c4a1000 r-xp 00000000 08:02 16127775                   /usr/lib/x86_64-linux-gnu/libplds4.so
7ffa8c4a1000-7ffa8c6a0000 ---p 00003000 08:02 16127775                   /usr/lib/x86_64-linux-gnu/libplds4.so
7ffa8c6a0000-7ffa8c6a1000 r--p 00002000 08:02 16127775                   /usr/lib/x86_64-linux-gnu/libplds4.so
7ffa8c6a1000-7ffa8c6a2000 rw-p 00003000 08:02 16127775                   /usr/lib/x86_64-linux-gnu/libplds4.so
7ffa8c6a2000-7ffa8c6a6000 r-xp 00000000 08:02 16127777                   /usr/lib/x86_64-linux-gnu/libplc4.so
7ffa8c6a6000-7ffa8c8a5000 ---p 00004000 08:02 16127777                   /usr/lib/x86_64-linux-gnu/libplc4.so
7ffa8c8a5000-7ffa8c8a6000 r--p 00003000 08:02 16127777                   /usr/lib/x86_64-linux-gnu/libplc4.so
7ffa8c8a6000-7ffa8c8a7000 rw-p 00004000 08:02 16127777                   /usr/lib/x86_64-linux-gnu/libplc4.so
7ffa8c8a7000-7ffa8c8c3000 r-xp 00000000 08:02 16123808                   /usr/lib/x86_64-linux-gnu/libnssutil3.so
7ffa8c8c3000-7ffa8cac3000 ---p 0001c000 08:02 16123808                   /usr/lib/x86_64-linux-gnu/libnssutil3.so
7ffa8cac3000-7ffa8cac9000 r--p 0001c000 08:02 16123808                   /usr/lib/x86_64-linux-gnu/libnssutil3.so
7ffa8cac9000-7ffa8caca000 rw-p 00022000 08:02 16123808                   /usr/lib/x86_64-linux-gnu/libnssutil3.so
7ffa8caca000-7ffa8cbc8000 r-xp 00000000 08:02 16122488                   /usr/lib/x86_64-linux-gnu/libnss3.so
7ffa8cbc8000-7ffa8cdc7000 ---p 000fe000 08:02 16122488                   /usr/lib/x86_64-linux-gnu/libnss3.so
7ffa8cdc7000-7ffa8cdcc000 r--p 000fd000 08:02 16122488                   /usr/lib/x86_64-linux-gnu/libnss3.so
7ffa8cdcc000-7ffa8cdce000 rw-p 00102000 08:02 16122488                   /usr/lib/x86_64-linux-gnu/libnss3.so
7ffa8cdce000-7ffa8cdd0000 rw-p 00000000 00:00 0 
7ffa8cdf0000-7ffa8cdfe000 r-xp 00000000 08:02 18747997                   /usr/lib/jvm/java-6-openjdk-amd64/jre/lib/amd64/libj2pkcs11.so
7ffa8cdfe000-7ffa8cffe000 ---p 0000e000 08:02 18747997                   /usr/lib/jvm/java-6-openjdk-amd64/jre/lib/amd64/libj2pkcs11.so
7ffa8cffe000-7ffa8cfff000 r--p 0000e000 08:02 18747997                   /usr/lib/jvm/java-6-openjdk-amd64/jre/lib/amd64/libj2pkcs11.so
7ffa8cfff000-7ffa8d000000 rw-p 0000f000 08:02 18747997                   /usr/lib/jvm/java-6-openjdk-amd64/jre/lib/amd64/libj2pkcs11.so
7ffa8d000000-7ffa8d5a0000 rwxp 00000000 00:00 0 
7ffa8d5a0000-7ffa90beb000 rw-p 00000000 00:00 0 
7ffa90beb000-7ffa94000000 ---p 00000000 00:00 0 
7ffa94004000-7ffa94006000 r--s 00013000 08:02 18489868                   /usr/lib/jvm/java-6-openjdk-common/jre/lib/jce.jar
7ffa94019000-7ffa9401d000 r--s 0002f000 08:02 4722137                    /home/jam/.grails/ivy-cache/org.grails/grails-test/jars/grails-test-2.1.1.jar
7ffa9401d000-7ffa94023000 r--s 0006c000 08:02 4722135                    /home/jam/.grails/ivy-cache/org.grails/grails-plugin-testing/jars/grails-plugin-testing-2.1.1.jar
7ffa94023000-7ffa94024000 r--s 00002000 08:02 5636284                    /home/jam/.grails/ivy-cache/org.hibernate/hibernate-ehcache/jars/hibernate-ehcache-3.6.10.Final.jar
7ffa94024000-7ffa94029000 r--s 00048000 08:02 5636282                    /home/jam/.grails/ivy-cache/dom4j/dom4j/jars/dom4j-1.6.1.jar
7ffa94029000-7ffa9402e000 r--s 00068000 08:02 5636280                    /home/jam/.grails/ivy-cache/antlr/antlr/jars/antlr-2.7.7.jar
7ffa9402e000-7ffa94037000 r--s 00098000 08:02 5636278                    /home/jam/.grails/ivy-cache/org.javassist/javassist/jars/javassist-3.16.1-GA.jar
7ffa94037000-7ffa9403a000 r--s 00009000 08:02 5636286                    /home/jam/.grails/ivy-cache/javax.validation/validation-api/jars/validation-api-1.0.0.GA.jar
7ffa9403a000-7ffa94041000 r--s 00040000 08:02 5636276                    /home/jam/.grails/ivy-cache/org.hibernate/hibernate-validator/jars/hibernate-validator-4.1.0.Final.jar
7ffa94041000-7ffa94044000 r--s 0000f000 08:02 5636274                    /home/jam/.grails/ivy-cache/org.hibernate/hibernate-commons-annotations/jars/hibernate-commons-annotations-3.2.0.Final.jar
7ffa94044000-7ffa94076000 r--s 002c9000 08:02 5636272                    /home/jam/.grails/ivy-cache/org.hibernate/hibernate-core/jars/hibernate-core-3.6.10.Final.jar
7ffa94076000-7ffa94087000 r--s 000d2000 08:02 5636617                    /home/jam/.grails/ivy-cache/org.liquibase/liquibase-core/jars/liquibase-core-2.0.5.jar
7ffa94087000-7ffa94090000 r--s 00080000 08:02 5767285                    /home/jam/.grails/ivy-cache/org.quartz-scheduler/quartz/jars/quartz-2.1.5.jar
7ffa94090000-7ffa94091000 r--s 00004000 08:02 5637614                    /home/jam/.grails/ivy-cache/net.sf.opencsv/opencsv/jars/opencsv-2.3.jar
7ffa94091000-7ffa94097000 r--s 0007e000 08:02 5637426                    /home/jam/.grails/ivy-cache/postgresql/postgresql/jars/postgresql-9.0-801.jdbc4.jar
7ffa94097000-7ffa9409e000 r--s 000bd000 08:02 4722926                    /home/jam/.grails/ivy-cache/mysql/mysql-connector-java/jars/mysql-connector-java-5.1.20.jar
7ffa9409e000-7ffa940a0000 r--s 00000000 08:02 4722133                    /home/jam/.grails/ivy-cache/org.slf4j/jul-to-slf4j/jars/jul-to-slf4j-1.6.2.jar
7ffa940a0000-7ffa940a2000 r--s 00003000 08:02 4722131                    /home/jam/.grails/ivy-cache/org.slf4j/jcl-over-slf4j/jars/jcl-over-slf4j-1.6.2.jar
7ffa940a2000-7ffa940ab000 r--s 0006d000 08:02 4722129                    /home/jam/.grails/ivy-cache/log4j/log4j/bundles/log4j-1.2.16.jar
7ffa940ab000-7ffa940c0000 r--s 000e3000 08:02 4722127                    /home/jam/.grails/ivy-cache/net.sf.ehcache/ehcache-core/jars/ehcache-core-2.4.6.jar
7ffa940c0000-7ffa940c2000 r--s 00005000 08:02 4722125                    /home/jam/.grails/ivy-cache/xpp3/xpp3_min/jars/xpp3_min-1.1.4c.jar
7ffa940c2000-7ffa940c4000 r--s 00004000 08:02 4722123                    /home/jam/.grails/ivy-cache/javax.servlet/jstl/jars/jstl-1.1.2.jar
7ffa940c4000-7ffa940ce000 r--s 0012c000 08:02 4722121                    /home/jam/.grails/ivy-cache/com.h2database/h2/jars/h2-1.3.164.jar
7ffa940ce000-7ffa940d1000 r--s 00016000 08:02 4722119                    /home/jam/.grails/ivy-cache/commons-pool/commons-pool/jars/commons-pool-1.5.6.jar
7ffa940d1000-7ffa940d4000 r--s 00025000 08:02 4722117                    /home/jam/.grails/ivy-cache/commons-dbcp/commons-dbcp/jars/commons-dbcp-1.4.jar
7ffa940d4000-7ffa940d6000 r--s 0000e000 08:02 4722115                    /home/jam/.grails/ivy-cache/oro/oro/jars/oro-2.0.8.jar
7ffa940d6000-7ffa940d8000 r--s 0000d000 08:02 4722113                    /home/jam/.grails/ivy-cache/commons-fileupload/commons-fileupload/jars/commons-fileupload-1.2.2.jar
7ffa940d8000-7ffa940d9000 r--s 0000a000 08:02 4722111                    /home/jam/.grails/ivy-cache/asm/asm/jars/asm-3.1.jar
7ffa940d9000-7ffa940e0000 r--s 0003e000 08:02 4722109                    /home/jam/.grails/ivy-cache/cglib/cglib/jars/cglib-2.2.jar
7ffa940e0000-7ffa940e4000 r--s 00019000 08:02 4722107                    /home/jam/.grails/ivy-cache/org.aspectj/aspectjrt/jars/aspectjrt-1.6.10.jar
7ffa940e4000-7ffa940fa000 r--s 00184000 08:02 4722105                    /home/jam/.grails/ivy-cache/org.aspectj/aspectjweaver/jars/aspectjweaver-1.6.10.jar
7ffa940fa000-7ffa94101000 r--s 00056000 08:02 4722103                    /home/jam/.grails/ivy-cache/org.grails/grails-datastore-simple/jars/grails-datastore-simple-1.1.0.RELEASE.jar
7ffa94101000-7ffa9410a000 r--s 00044000 08:02 4722101                    /home/jam/.grails/ivy-cache/org.grails/grails-datastore-core/jars/grails-datastore-core-1.1.0.RELEASE.jar
7ffa9410a000-7ffa9410f000 r--s 0004c000 08:02 4722099                    /home/jam/.grails/ivy-cache/org.grails/grails-datastore-gorm/jars/grails-datastore-gorm-1.1.0.RELEASE.jar
7ffa9410f000-7ffa9411a000 r--s 00082000 08:02 4722097                    /home/jam/.grails/ivy-cache/org.springframework/spring-webmvc/jars/spring-webmvc-3.1.2.RELEASE.jar
7ffa9411a000-7ffa94126000 r--s 0007a000 08:02 4722095                    /home/jam/.grails/ivy-cache/org.springframework/spring-web/jars/spring-web-3.1.2.RELEASE.jar
7ffa94126000-7ffa9412d000 r--s 00035000 08:02 4722093                    /home/jam/.grails/ivy-cache/org.springframework/spring-tx/jars/spring-tx-3.1.2.RELEASE.jar
7ffa9412d000-7ffa94136000 r--s 00054000 08:02 4722091                    /home/jam/.grails/ivy-cache/org.springframework/spring-orm/jars/spring-orm-3.1.2.RELEASE.jar
7ffa94136000-7ffa9413b000 r--s 0002c000 08:02 4722089                    /home/jam/.grails/ivy-cache/org.springframework/spring-jms/jars/spring-jms-3.1.2.RELEASE.jar
7ffa9413b000-7ffa94145000 r--s 00059000 08:02 4722087                    /home/jam/.grails/ivy-cache/org.springframework/spring-jdbc/jars/spring-jdbc-3.1.2.RELEASE.jar
7ffa94145000-7ffa94149000 r--s 00027000 08:02 4722085                    /home/jam/.grails/ivy-cache/org.springframework/spring-expression/jars/spring-expression-3.1.2.RELEASE.jar
7ffa94149000-7ffa9414c000 r--s 00018000 08:02 4722083                    /home/jam/.grails/ivy-cache/org.springframework/spring-context-support/jars/spring-context-support-3.1.2.RELEASE.jar
7ffa9414c000-7ffa94161000 r--s 000b7000 08:02 4722081                    /home/jam/.grails/ivy-cache/org.springframework/spring-context/jars/spring-context-3.1.2.RELEASE.jar
7ffa94161000-7ffa9416d000 r--s 00085000 08:02 4722079                    /home/jam/.grails/ivy-cache/org.springframework/spring-beans/jars/spring-beans-3.1.2.RELEASE.jar
7ffa9416d000-7ffa9416e000 r--s 0000c000 08:02 4722077                    /home/jam/.grails/ivy-cache/org.springframework/spring-asm/jars/spring-asm-3.1.2.RELEASE.jar
7ffa9416e000-7ffa94170000 r--s 0000b000 08:02 4722075                    /home/jam/.grails/ivy-cache/org.springframework/spring-aspects/jars/spring-aspects-3.1.2.RELEASE.jar
7ffa94170000-7ffa94179000 r--s 00049000 08:02 4722073                    /home/jam/.grails/ivy-cache/org.springframework/spring-aop/jars/spring-aop-3.1.2.RELEASE.jar
7ffa94179000-7ffa94183000 r--s 00064000 08:02 4722071                    /home/jam/.grails/ivy-cache/org.springframework/spring-core/jars/spring-core-3.1.2.RELEASE.jar
7ffa94183000-7ffa94185000 r--s 00008000 08:02 4722069                    /home/jam/.grails/ivy-cache/org.grails/grails-plugin-validation/jars/grails-plugin-validation-2.1.1.jar
7ffa94185000-7ffa94188000 r--s 0001c000 08:02 4722067                    /home/jam/.grails/ivy-cache/org.grails/grails-plugin-url-mappings/jars/grails-plugin-url-mappings-2.1.1.jar
7ffa94188000-7ffa9418a000 r--s 0000f000 08:02 4722065                    /home/jam/.grails/ivy-cache/org.grails/grails-plugin-mimetypes/jars/grails-plugin-mimetypes-2.1.1.jar
7ffa9418a000-7ffa9418c000 r--s 00005000 08:02 4722063                    /home/jam/.grails/ivy-cache/org.grails/grails-plugin-servlets/jars/grails-plugin-servlets-2.1.1.jar
7ffa9418c000-7ffa9418d000 r--s 00008000 08:02 4722061                    /home/jam/.grails/ivy-cache/org.grails/grails-plugin-services/jars/grails-plugin-services-2.1.1.jar
7ffa9418d000-7ffa9418f000 r--s 00006000 08:02 4722059                    /home/jam/.grails/ivy-cache/org.grails/grails-plugin-scaffolding/jars/grails-plugin-scaffolding-2.1.1.jar
7ffa9418f000-7ffa94191000 r--s 0000e000 08:02 4722057                    /home/jam/.grails/ivy-cache/org.grails/grails-plugin-log4j/jars/grails-plugin-log4j-2.1.1.jar
7ffa94191000-7ffa94193000 r--s 00005000 08:02 4722055                    /home/jam/.grails/ivy-cache/org.grails/grails-plugin-i18n/jars/grails-plugin-i18n-2.1.1.jar
7ffa94193000-7ffa9419a000 r--s 0006d000 08:02 4722053                    /home/jam/.grails/ivy-cache/org.grails/grails-plugin-gsp/jars/grails-plugin-gsp-2.1.1.jar
7ffa9419a000-7ffa9419c000 r--s 0000e000 08:02 4722051                    /home/jam/.grails/ivy-cache/org.grails/grails-plugin-filters/jars/grails-plugin-filters-2.1.1.jar
7ffa9419c000-7ffa9419e000 r--s 00009000 08:02 4722049                    /home/jam/.grails/ivy-cache/org.grails/grails-plugin-datasource/jars/grails-plugin-datasource-2.1.1.jar
7ffa9419e000-7ffa941a2000 r--s 00024000 08:02 4722047                    /home/jam/.grails/ivy-cache/org.grails/grails-plugin-converters/jars/grails-plugin-converters-2.1.1.jar
7ffa941a2000-7ffa941a5000 r--s 00019000 08:02 4722045                    /home/jam/.grails/ivy-cache/org.grails/grails-plugin-domain-class/jars/grails-plugin-domain-class-2.1.1.jar
7ffa941a5000-7ffa941a9000 r--s 00028000 08:02 4722043                    /home/jam/.grails/ivy-cache/org.grails/grails-plugin-controllers/jars/grails-plugin-controllers-2.1.1.jar
7ffa941a9000-7ffa941ab000 r--s 00015000 08:02 4722041                    /home/jam/.grails/ivy-cache/org.grails/grails-plugin-codecs/jars/grails-plugin-codecs-2.1.1.jar
7ffa941ab000-7ffa941ac000 r--s 00000000 08:02 4722039                    /home/jam/.grails/ivy-cache/org.grails/grails-logging/jars/grails-logging-2.1.1.jar
7ffa941ac000-7ffa941ae000 r--s 00009000 08:02 4722037                    /home/jam/.grails/ivy-cache/org.grails/grails-spring/jars/grails-spring-2.1.1.jar
7ffa941ae000-7ffa941b8000 r--s 0008a000 08:02 4722035                    /home/jam/.grails/ivy-cache/org.grails/grails-hibernate/jars/grails-hibernate-2.1.1.jar
7ffa941b8000-7ffa941ba000 r--s 00009000 08:02 4722033                    /home/jam/.grails/ivy-cache/org.grails/grails-crud/jars/grails-crud-2.1.1.jar
7ffa941ba000-7ffa941c0000 r--s 00027000 08:02 4722031                    /home/jam/.grails/ivy-cache/opensymphony/sitemesh/jars/sitemesh-2.4.jar
7ffa941c0000-7ffa941c5000 r--s 00015000 08:02 4722029                    /home/jam/.grails/ivy-cache/org.hibernate.javax.persistence/hibernate-jpa-2.0-api/jars/hibernate-jpa-2.0-api-1.0.1.Final.jar
7ffa941c5000-7ffa941c6000 r--s 00003000 08:02 4722027                    /home/jam/.grails/ivy-cache/javax.transaction/jta/jars/jta-1.1.jar
7ffa941c6000-7ffa941cb000 r--s 00041000 08:02 4722025                    /home/jam/.grails/ivy-cache/commons-lang/commons-lang/jars/commons-lang-2.6.jar
7ffa941cb000-7ffa941ce000 r--s 00025000 08:02 4722023                    /home/jam/.grails/ivy-cache/commons-io/commons-io/jars/commons-io-2.1.jar
7ffa941ce000-7ffa941dc000 r--s 0007f000 08:02 4722021                    /home/jam/.grails/ivy-cache/commons-collections/commons-collections/jars/commons-collections-3.2.1.jar
7ffa941dc000-7ffa941de000 r--s 00010000 08:02 4722019                    /home/jam/.grails/ivy-cache/commons-codec/commons-codec/jars/commons-codec-1.5.jar
7ffa941de000-7ffa941e0000 r--s 00000000 08:02 4722017                    /home/jam/.grails/ivy-cache/aopalliance/aopalliance/jars/aopalliance-1.0.jar
7ffa941e0000-7ffa941e3000 r--s 0001f000 08:02 4722015                    /home/jam/.grails/ivy-cache/commons-validator/commons-validator/jars/commons-validator-1.3.1.jar
7ffa941e3000-7ffa941e6000 r--s 00019000 08:02 4722013                    /home/jam/.grails/ivy-cache/commons-el/commons-el/jars/commons-el-1.0.jar
7ffa941e6000-7ffa941eb000 r--s 00034000 08:02 4722011                    /home/jam/.grails/ivy-cache/commons-beanutils/commons-beanutils/jars/commons-beanutils-1.8.3.jar
7ffa941eb000-7ffa94249000 r--s 00592000 08:02 4722009                    /home/jam/.grails/ivy-cache/org.codehaus.groovy/groovy-all/jars/groovy-all-1.8.8.jar
7ffa94249000-7ffa9424b000 r--s 0000d000 08:02 5508471                    /home/jam/.grails/ivy-cache/org.grails/grails-plugin-tomcat/jars/grails-plugin-tomcat-2.1.1.jar
7ffa9424b000-7ffa9425b000 r--s 0019c000 08:02 5508469                    /home/jam/.grails/ivy-cache/org.eclipse.jdt.core.compiler/ecj/jars/ecj-3.7.2.jar
7ffa9425b000-7ffa9425d000 r--s 00008000 08:02 5508467                    /home/jam/.grails/ivy-cache/org.apache.tomcat.embed/tomcat-embed-logging-juli/jars/tomcat-embed-logging-juli-7.0.30.jar
7ffa9425d000-7ffa9425f000 r--s 00013000 08:02 4721761                    /home/jam/.grails/ivy-cache/org.apache.tomcat.embed/tomcat-embed-logging-log4j/jars/tomcat-embed-logging-log4j-7.0.30.jar
7ffa9425f000-7ffa9426a000 r--s 000b6000 08:02 4721759                    /home/jam/.grails/ivy-cache/org.apache.tomcat.embed/tomcat-embed-jasper/jars/tomcat-embed-jasper-7.0.30.jar
7ffa9426a000-7ffa9428c000 r--s 00254000 08:02 4721757                    /home/jam/.grails/ivy-cache/org.apache.tomcat.embed/tomcat-embed-core/jars/tomcat-embed-core-7.0.30.jar
7ffa9428c000-7ffa9428e000 r--s 0000c000 08:02 5508465                    /home/jam/.grails/ivy-cache/org.apache.tomcat/tomcat-catalina-ant/jars/tomcat-catalina-ant-7.0.30.jar
7ffa9428e000-7ffa9428f000 r--s 00001000 08:02 4721467                    /home/jam/.grails/ivy-cache/org.apache.ant/ant-trax/jars/ant-trax-1.7.1.jar
7ffa9428f000-7ffa94291000 r--s 00017000 08:02 4721465                    /home/jam/.grails/ivy-cache/org.apache.ant/ant-junit/jars/ant-junit-1.8.2.jar
7ffa94291000-7ffa94293000 r--s 00002000 08:02 4721463                    /home/jam/.grails/ivy-cache/org.apache.ant/ant-launcher/jars/ant-launcher-1.8.2.jar
7ffa94293000-7ffa942b1000 r--s 001bb000 08:02 4721461                    /home/jam/.grails/ivy-cache/org.apache.ant/ant/jars/ant-1.8.2.jar
7ffa942b1000-7ffa942b8000 r--s 00037000 08:02 4721459                    /home/jam/.grails/ivy-cache/junit/junit/jars/junit-4.10.jar
7ffa942b8000-7ffa942bb000 r--s 0000b000 08:02 4721456                    /home/jam/.grails/ivy-cache/com.googlecode.concurrentlinkedhashmap/concurrentlinkedhashmap-lru/jars/concurrentlinkedhashmap-lru-1.2_jdk5.jar
7ffa942bb000-7ffa942c1000 r--s 00033000 08:02 4721454                    /home/jam/.grails/ivy-cache/org.springframework/spring-test/jars/spring-test-3.1.2.RELEASE.jar
7ffa942c1000-7ffa942c3000 r--s 00005000 08:02 4721452                    /home/jam/.grails/ivy-cache/org.slf4j/slf4j-api/jars/slf4j-api-1.6.2.jar
7ffa942c3000-7ffa942d8000 r-xp 00000000 08:02 18747986                   /usr/lib/jvm/java-6-openjdk-amd64/jre/lib/amd64/libnet.so
7ffa942d8000-7ffa944d7000 ---p 00015000 08:02 18747986                   /usr/lib/jvm/java-6-openjdk-amd64/jre/lib/amd64/libnet.so
7ffa944d7000-7ffa944d8000 r--p 00014000 08:02 18747986                   /usr/lib/jvm/java-6-openjdk-amd64/jre/lib/amd64/libnet.so
7ffa944d8000-7ffa944d9000 rw-p 00015000 08:02 18747986                   /usr/lib/jvm/java-6-openjdk-amd64/jre/lib/amd64/libnet.so
7ffa944d9000-7ffa944dc000 ---p 00000000 00:00 0 
7ffa944dc000-7ffa945da000 rw-p 00000000 00:00 0 
7ffa945da000-7ffa945e7000 r--s 000b7000 08:02 4721450                    /home/jam/.grails/ivy-cache/org.grails/grails-web/jars/grails-web-2.1.1.jar
7ffa945e7000-7ffa945ea000 r--s 00026000 08:02 4721448                    /home/jam/.grails/ivy-cache/org.grails/grails-resources/jars/grails-resources-2.1.1.jar
7ffa945ea000-7ffa945f8000 r--s 000b5000 08:02 4721446                    /home/jam/.grails/ivy-cache/org.grails/grails-core/jars/grails-core-2.1.1.jar
7ffa945f8000-7ffa94603000 r--s 000fe000 08:02 4721444                    /home/jam/.grails/ivy-cache/org.grails/grails-scripts/jars/grails-scripts-2.1.1.jar
7ffa94603000-7ffa9460c000 r--s 000a8000 08:02 4721442                    /home/jam/.grails/ivy-cache/org.grails/grails-bootstrap/jars/grails-bootstrap-2.1.1.jar
7ffa9460c000-7ffa9460f000 r--s 00044000 08:02 4721440                    /home/jam/.grails/ivy-cache/org.grails/grails-docs/jars/grails-docs-2.1.1.jar
7ffa9460f000-7ffa94612000 r--s 00041000 08:02 4721438                    /home/jam/.grails/ivy-cache/xalan/serializer/jars/serializer-2.7.1.jar
7ffa94612000-7ffa94615000 r--s 000cf000 08:02 4721436                    /home/jam/.grails/ivy-cache/net.java.dev.jna/jna/jars/jna-3.2.3.jar
7ffa94615000-7ffa94617000 r--s 00008000 08:02 4721434                    /home/jam/.grails/ivy-cache/org.fusesource.jansi/jansi/jars/jansi-1.2.1.jar
7ffa94617000-7ffa94626000 r--s 000d9000 08:02 4721424                    /home/jam/.grails/ivy-cache/org.apache.ivy/ivy/jars/ivy-2.2.0.jar
7ffa94626000-7ffa94628000 r--s 00015000 08:02 4721422                    /home/jam/.grails/ivy-cache/jline/jline/jars/jline-1.0.jar
7ffa94628000-7ffa9464d000 r--s 00172000 08:02 4721397                    /home/jam/.grails/ivy-cache/org.bouncycastle/bcprov-jdk15/jars/bcprov-jdk15-1.45.jar
7ffa9464d000-7ffa94652000 r--s 00024000 08:02 4721394                    /home/jam/.grails/ivy-cache/org.bouncycastle/bcpg-jdk15/jars/bcpg-jdk15-1.45.jar
7ffa94652000-7ffa94653000 r--s 00003000 08:02 4721392                    /home/jam/.grails/ivy-cache/com.googlecode.json-simple/json-simple/jars/json-simple-1.1.jar
7ffa94653000-7ffa94659000 r--s 00068000 08:02 4721389                    /home/jam/.grails/ivy-cache/com.google.protobuf/protobuf-java/jars/protobuf-java-2.4.1.jar
7ffa94659000-7ffa9465c000 r--s 0001a000 08:02 4721386                    /home/jam/.grails/ivy-cache/org.springframework.uaa/org.springframework.uaa.client/bundles/org.springframework.uaa.client-1.0.1.RELEASE.jar
7ffa9465c000-7ffa94671000 r-xp 00000000 08:02 8650891                    /tmp/jna574314835896206125.tmp
7ffa94671000-7ffa94770000 ---p 00015000 08:02 8650891                    /tmp/jna574314835896206125.tmp
7ffa94770000-7ffa94772000 rw-p 00014000 08:02 8650891                    /tmp/jna574314835896206125.tmp
7ffa94772000-7ffa947d2000 r--s 00d92000 08:02 18877160                   /usr/lib/jvm/java-6-openjdk-amd64/lib/tools.jar
7ffa947d2000-7ffa947d7000 r--s 00050000 08:02 4587551                    /home/jam/Applications/grails-2.1.1/lib/org.codehaus.gant/gant_groovy1.8/jars/gant_groovy1.8-1.9.6.jar
7ffa947d7000-7ffa947f5000 r--s 001bb000 08:02 15997849                   /home/jam/Applications/grails-2.1.1/lib/org.apache.ant/ant/jars/ant-1.8.2.jar
7ffa947f5000-7ffa94804000 r--s 000d9000 08:02 3933556                    /home/jam/Applications/grails-2.1.1/lib/org.apache.ivy/ivy/jars/ivy-2.2.0.jar
7ffa94804000-7ffa94806000 r--s 00009000 08:02 15730918                   /home/jam/Applications/grails-2.1.1/lib/commons-cli/commons-cli/jars/commons-cli-1.2.jar
7ffa94806000-7ffa94809000 r--s 000cf000 08:02 15997829                   /home/jam/Applications/grails-2.1.1/lib/net.java.dev.jna/jna/jars/jna-3.2.3.jar
7ffa94809000-7ffa9480a000 ---p 00000000 00:00 0 
7ffa9480a000-7ffa9490a000 rw-p 00000000 00:00 0 
7ffa9490a000-7ffa9490d000 ---p 00000000 00:00 0 
7ffa9490d000-7ffa94a0b000 rw-p 00000000 00:00 0 
7ffa94a0b000-7ffa94a0e000 ---p 00000000 00:00 0 
7ffa94a0e000-7ffa94b0c000 rw-p 00000000 00:00 0 
7ffa94b0c000-7ffa94b0f000 ---p 00000000 00:00 0 
7ffa94b0f000-7ffa94c0d000 rw-p 00000000 00:00 0 
7ffa94c0d000-7ffa94c6b000 r--s 00592000 08:02 4587821                    /home/jam/Applications/grails-2.1.1/lib/org.codehaus.groovy/groovy-all/jars/groovy-all-1.8.8.jar
7ffa94c6b000-7ffa94c6e000 ---p 00000000 00:00 0 
7ffa94c6e000-7ffa94d6c000 rw-p 00000000 00:00 0 
7ffa94d6c000-7ffa95547000 r--p 00000000 08:02 16128286                   /usr/lib/locale/locale-archive
7ffa95547000-7ffa9554a000 ---p 00000000 00:00 0 
7ffa9554a000-7ffa95648000 rw-p 00000000 00:00 0 
7ffa95648000-7ffa9564b000 ---p 00000000 00:00 0 
7ffa9564b000-7ffa95749000 rw-p 00000000 00:00 0 
7ffa95749000-7ffa9574a000 ---p 00000000 00:00 0 
7ffa9574a000-7ffa95d82000 rw-p 00000000 00:00 0 
7ffa95d82000-7ffa95f14000 r--s 037bf000 08:02 18616443                   /usr/lib/jvm/java-6-openjdk-amd64/jre/lib/rt.jar
7ffa95f14000-7ffa95f3c000 rw-p 00000000 00:00 0 
7ffa95f3c000-7ffa95f3d000 ---p 00000000 00:00 0 
7ffa95f3d000-7ffa9603d000 rw-p 00000000 00:00 0 
7ffa9603d000-7ffa9603e000 ---p 00000000 00:00 0 
7ffa9603e000-7ffa9613e000 rw-p 00000000 00:00 0 
7ffa9613e000-7ffa9613f000 ---p 00000000 00:00 0 
7ffa9613f000-7ffa9623f000 rw-p 00000000 00:00 0 
7ffa9623f000-7ffa96240000 ---p 00000000 00:00 0 
7ffa96240000-7ffa96540000 rw-p 00000000 00:00 0 
7ffa96540000-7ffa966c1000 rw-p 00000000 00:00 0 
7ffa966c1000-7ffa966c8000 r-xp 00000000 08:02 18748006                   /usr/lib/jvm/java-6-openjdk-amd64/jre/lib/amd64/libzip.so
7ffa966c8000-7ffa968c7000 ---p 00007000 08:02 18748006                   /usr/lib/jvm/java-6-openjdk-amd64/jre/lib/amd64/libzip.so
7ffa968c7000-7ffa968c8000 r--p 00006000 08:02 18748006                   /usr/lib/jvm/java-6-openjdk-amd64/jre/lib/amd64/libzip.so
7ffa968c8000-7ffa968c9000 rw-p 00007000 08:02 18748006                   /usr/lib/jvm/java-6-openjdk-amd64/jre/lib/amd64/libzip.so
7ffa968c9000-7ffa968d5000 r-xp 00000000 08:02 16256549                   /lib/x86_64-linux-gnu/libnss_files-2.15.so
7ffa968d5000-7ffa96ad4000 ---p 0000c000 08:02 16256549                   /lib/x86_64-linux-gnu/libnss_files-2.15.so
7ffa96ad4000-7ffa96ad5000 r--p 0000b000 08:02 16256549                   /lib/x86_64-linux-gnu/libnss_files-2.15.so
7ffa96ad5000-7ffa96ad6000 rw-p 0000c000 08:02 16256549                   /lib/x86_64-linux-gnu/libnss_files-2.15.so
7ffa96ad6000-7ffa96ae0000 r-xp 00000000 08:02 16256553                   /lib/x86_64-linux-gnu/libnss_nis-2.15.so
7ffa96ae0000-7ffa96ce0000 ---p 0000a000 08:02 16256553                   /lib/x86_64-linux-gnu/libnss_nis-2.15.so
7ffa96ce0000-7ffa96ce1000 r--p 0000a000 08:02 16256553                   /lib/x86_64-linux-gnu/libnss_nis-2.15.so
7ffa96ce1000-7ffa96ce2000 rw-p 0000b000 08:02 16256553                   /lib/x86_64-linux-gnu/libnss_nis-2.15.so
7ffa96ce2000-7ffa96cf9000 r-xp 00000000 08:02 16256543                   /lib/x86_64-linux-gnu/libnsl-2.15.so
7ffa96cf9000-7ffa96ef8000 ---p 00017000 08:02 16256543                   /lib/x86_64-linux-gnu/libnsl-2.15.so
7ffa96ef8000-7ffa96ef9000 r--p 00016000 08:02 16256543                   /lib/x86_64-linux-gnu/libnsl-2.15.so
7ffa96ef9000-7ffa96efa000 rw-p 00017000 08:02 16256543                   /lib/x86_64-linux-gnu/libnsl-2.15.so
7ffa96efa000-7ffa96efc000 rw-p 00000000 00:00 0 
7ffa96efc000-7ffa96f04000 r-xp 00000000 08:02 16256545                   /lib/x86_64-linux-gnu/libnss_compat-2.15.so
7ffa96f04000-7ffa97103000 ---p 00008000 08:02 16256545                   /lib/x86_64-linux-gnu/libnss_compat-2.15.so
7ffa97103000-7ffa97104000 r--p 00007000 08:02 16256545                   /lib/x86_64-linux-gnu/libnss_compat-2.15.so
7ffa97104000-7ffa97105000 rw-p 00008000 08:02 16256545                   /lib/x86_64-linux-gnu/libnss_compat-2.15.so
7ffa97105000-7ffa9710e000 r-xp 00000000 08:02 18747976                   /usr/lib/jvm/java-6-openjdk-amd64/jre/lib/amd64/libinstrument.so
7ffa9710e000-7ffa9730e000 ---p 00009000 08:02 18747976                   /usr/lib/jvm/java-6-openjdk-amd64/jre/lib/amd64/libinstrument.so
7ffa9730e000-7ffa9730f000 r--p 00009000 08:02 18747976                   /usr/lib/jvm/java-6-openjdk-amd64/jre/lib/amd64/libinstrument.so
7ffa9730f000-7ffa97310000 rw-p 0000a000 08:02 18747976                   /usr/lib/jvm/java-6-openjdk-amd64/jre/lib/amd64/libinstrument.so
7ffa97310000-7ffa9733c000 r-xp 00000000 08:02 18747994                   /usr/lib/jvm/java-6-openjdk-amd64/jre/lib/amd64/libjava.so
7ffa9733c000-7ffa9753b000 ---p 0002c000 08:02 18747994                   /usr/lib/jvm/java-6-openjdk-amd64/jre/lib/amd64/libjava.so
7ffa9753b000-7ffa9753c000 r--p 0002b000 08:02 18747994                   /usr/lib/jvm/java-6-openjdk-amd64/jre/lib/amd64/libjava.so
7ffa9753c000-7ffa9753f000 rw-p 0002c000 08:02 18747994                   /usr/lib/jvm/java-6-openjdk-amd64/jre/lib/amd64/libjava.so
7ffa9753f000-7ffa9754d000 r-xp 00000000 08:02 18747993                   /usr/lib/jvm/java-6-openjdk-amd64/jre/lib/amd64/libverify.so
7ffa9754d000-7ffa9774c000 ---p 0000e000 08:02 18747993                   /usr/lib/jvm/java-6-openjdk-amd64/jre/lib/amd64/libverify.so
7ffa9774c000-7ffa9774e000 r--p 0000d000 08:02 18747993                   /usr/lib/jvm/java-6-openjdk-amd64/jre/lib/amd64/libverify.so
7ffa9774e000-7ffa9774f000 rw-p 0000f000 08:02 18747993                   /usr/lib/jvm/java-6-openjdk-amd64/jre/lib/amd64/libverify.so
7ffa9774f000-7ffa97756000 r-xp 00000000 08:02 16256584                   /lib/x86_64-linux-gnu/librt-2.15.so
7ffa97756000-7ffa97955000 ---p 00007000 08:02 16256584                   /lib/x86_64-linux-gnu/librt-2.15.so
7ffa97955000-7ffa97956000 r--p 00006000 08:02 16256584                   /lib/x86_64-linux-gnu/librt-2.15.so
7ffa97956000-7ffa97957000 rw-p 00007000 08:02 16256584                   /lib/x86_64-linux-gnu/librt-2.15.so
7ffa97957000-7ffa9796c000 r-xp 00000000 08:02 16256519                   /lib/x86_64-linux-gnu/libgcc_s.so.1
7ffa9796c000-7ffa97b6b000 ---p 00015000 08:02 16256519                   /lib/x86_64-linux-gnu/libgcc_s.so.1
7ffa97b6b000-7ffa97b6c000 r--p 00014000 08:02 16256519                   /lib/x86_64-linux-gnu/libgcc_s.so.1
7ffa97b6c000-7ffa97b6d000 rw-p 00015000 08:02 16256519                   /lib/x86_64-linux-gnu/libgcc_s.so.1
7ffa97b6d000-7ffa97c66000 r-xp 00000000 08:02 16256530                   /lib/x86_64-linux-gnu/libm-2.15.so
7ffa97c66000-7ffa97e65000 ---p 000f9000 08:02 16256530                   /lib/x86_64-linux-gnu/libm-2.15.so
7ffa97e65000-7ffa97e66000 r--p 000f8000 08:02 16256530                   /lib/x86_64-linux-gnu/libm-2.15.so
7ffa97e66000-7ffa97e67000 rw-p 000f9000 08:02 16256530                   /lib/x86_64-linux-gnu/libm-2.15.so
7ffa97e67000-7ffa97f49000 r-xp 00000000 08:02 16129397                   /usr/lib/x86_64-linux-gnu/libstdc++.so.6.0.16
7ffa97f49000-7ffa98148000 ---p 000e2000 08:02 16129397                   /usr/lib/x86_64-linux-gnu/libstdc++.so.6.0.16
7ffa98148000-7ffa98150000 r--p 000e1000 08:02 16129397                   /usr/lib/x86_64-linux-gnu/libstdc++.so.6.0.16
7ffa98150000-7ffa98152000 rw-p 000e9000 08:02 16129397                   /usr/lib/x86_64-linux-gnu/libstdc++.so.6.0.16
7ffa98152000-7ffa98167000 rw-p 00000000 00:00 0 
7ffa98167000-7ffa98a6b000 r-xp 00000000 08:02 18877146                   /usr/lib/jvm/java-6-openjdk-amd64/jre/lib/amd64/server/libjvm.so
7ffa98a6b000-7ffa98c6b000 ---p 00904000 08:02 18877146                   /usr/lib/jvm/java-6-openjdk-amd64/jre/lib/amd64/server/libjvm.so
7ffa98c6b000-7ffa98ceb000 r--p 00904000 08:02 18877146                   /usr/lib/jvm/java-6-openjdk-amd64/jre/lib/amd64/server/libjvm.so
7ffa98ceb000-7ffa98d06000 rw-p 00984000 08:02 18877146                   /usr/lib/jvm/java-6-openjdk-amd64/jre/lib/amd64/server/libjvm.so
7ffa98d06000-7ffa98d2f000 rw-p 00000000 00:00 0 
7ffa98d2f000-7ffa98d45000 r-xp 00000000 08:02 16256609                   /lib/x86_64-linux-gnu/libz.so.1.2.3.4
7ffa98d45000-7ffa98f44000 ---p 00016000 08:02 16256609                   /lib/x86_64-linux-gnu/libz.so.1.2.3.4
7ffa98f44000-7ffa98f45000 r--p 00015000 08:02 16256609                   /lib/x86_64-linux-gnu/libz.so.1.2.3.4
7ffa98f45000-7ffa98f46000 rw-p 00016000 08:02 16256609                   /lib/x86_64-linux-gnu/libz.so.1.2.3.4
7ffa98f46000-7ffa990f9000 r-xp 00000000 08:02 16256498                   /lib/x86_64-linux-gnu/libc-2.15.so
7ffa990f9000-7ffa992f8000 ---p 001b3000 08:02 16256498                   /lib/x86_64-linux-gnu/libc-2.15.so
7ffa992f8000-7ffa992fc000 r--p 001b2000 08:02 16256498                   /lib/x86_64-linux-gnu/libc-2.15.so
7ffa992fc000-7ffa992fe000 rw-p 001b6000 08:02 16256498                   /lib/x86_64-linux-gnu/libc-2.15.so
7ffa992fe000-7ffa99303000 rw-p 00000000 00:00 0 
7ffa99303000-7ffa99305000 r-xp 00000000 08:02 16256511                   /lib/x86_64-linux-gnu/libdl-2.15.so
7ffa99305000-7ffa99505000 ---p 00002000 08:02 16256511                   /lib/x86_64-linux-gnu/libdl-2.15.so
7ffa99505000-7ffa99506000 r--p 00002000 08:02 16256511                   /lib/x86_64-linux-gnu/libdl-2.15.so
7ffa99506000-7ffa99507000 rw-p 00003000 08:02 16256511                   /lib/x86_64-linux-gnu/libdl-2.15.so
7ffa99507000-7ffa9950b000 r-xp 00000000 08:02 18747978                   /usr/lib/jvm/java-6-openjdk-amd64/jre/lib/amd64/jli/libjli.so
7ffa9950b000-7ffa9970a000 ---p 00004000 08:02 18747978                   /usr/lib/jvm/java-6-openjdk-amd64/jre/lib/amd64/jli/libjli.so
7ffa9970a000-7ffa9970b000 r--p 00003000 08:02 18747978                   /usr/lib/jvm/java-6-openjdk-amd64/jre/lib/amd64/jli/libjli.so
7ffa9970b000-7ffa9970c000 rw-p 00004000 08:02 18747978                   /usr/lib/jvm/java-6-openjdk-amd64/jre/lib/amd64/jli/libjli.so
7ffa9970c000-7ffa99724000 r-xp 00000000 08:02 16256578                   /lib/x86_64-linux-gnu/libpthread-2.15.so
7ffa99724000-7ffa99923000 ---p 00018000 08:02 16256578                   /lib/x86_64-linux-gnu/libpthread-2.15.so
7ffa99923000-7ffa99924000 r--p 00017000 08:02 16256578                   /lib/x86_64-linux-gnu/libpthread-2.15.so
7ffa99924000-7ffa99925000 rw-p 00018000 08:02 16256578                   /lib/x86_64-linux-gnu/libpthread-2.15.so
7ffa99925000-7ffa99929000 rw-p 00000000 00:00 0 
7ffa99929000-7ffa9994b000 r-xp 00000000 08:02 16256478                   /lib/x86_64-linux-gnu/ld-2.15.so
7ffa9994c000-7ffa99953000 r--s 000fb000 08:02 18489889                   /usr/lib/jvm/java-6-openjdk-common/jre/lib/resources.jar
7ffa99953000-7ffa9995a000 r--s 00067000 08:02 15730908                   /home/jam/Applications/grails-2.1.1/lib/com.springsource.springloaded/springloaded-core/jars/springloaded-core-1.0.6.jar
7ffa9995a000-7ffa99963000 r--s 000a8000 08:02 15731003                   /home/jam/Applications/grails-2.1.1/dist/grails-bootstrap-2.1.1.jar
7ffa99963000-7ffa9997a000 rw-p 00000000 00:00 0 
7ffa9997a000-7ffa99a23000 rw-p 00000000 00:00 0 
7ffa99a23000-7ffa99a26000 ---p 00000000 00:00 0 
7ffa99a26000-7ffa99b29000 rw-p 00000000 00:00 0 
7ffa99b29000-7ffa99b2b000 r--s 00008000 08:02 4587896                    /home/jam/Applications/grails-2.1.1/lib/org.fusesource.jansi/jansi/jars/jansi-1.2.1.jar
7ffa99b2b000-7ffa99b2d000 r--s 00015000 08:02 15862296                   /home/jam/Applications/grails-2.1.1/lib/jline/jline/jars/jline-1.0.jar
7ffa99b2d000-7ffa99b30000 r--s 0007d000 08:02 18489867                   /usr/lib/jvm/java-6-openjdk-common/jre/lib/jsse.jar
7ffa99b30000-7ffa99b34000 r--s 00038000 08:02 18489882                   /usr/lib/jvm/java-6-openjdk-common/jre/lib/ext/sunpkcs11.jar
7ffa99b34000-7ffa99b37000 r--s 00031000 08:02 18489884                   /usr/lib/jvm/java-6-openjdk-common/jre/lib/ext/sunjce_provider.jar
7ffa99b37000-7ffa99b38000 r--s 00007000 08:02 16651090                   /usr/share/java/java-atk-wrapper.jar
7ffa99b38000-7ffa99b3b000 r--s 00077000 08:02 18489883                   /usr/lib/jvm/java-6-openjdk-common/jre/lib/ext/localedata.jar
7ffa99b3b000-7ffa99b3d000 r--s 00001000 08:02 18489885                   /usr/lib/jvm/java-6-openjdk-common/jre/lib/ext/dnsns.jar
7ffa99b3d000-7ffa99b3f000 r--s 0000f000 08:02 18489886                   /usr/lib/jvm/java-6-openjdk-common/jre/lib/ext/pulse-java.jar
7ffa99b3f000-7ffa99b47000 rw-s 00000000 08:02 8650882                    /tmp/hsperfdata_jam/6377
7ffa99b47000-7ffa99b48000 rw-p 00000000 00:00 0 
7ffa99b48000-7ffa99b49000 r--p 00000000 00:00 0 
7ffa99b49000-7ffa99b4b000 rw-p 00000000 00:00 0 
7ffa99b4b000-7ffa99b4c000 r--p 00022000 08:02 16256478                   /lib/x86_64-linux-gnu/ld-2.15.so
7ffa99b4c000-7ffa99b4e000 rw-p 00023000 08:02 16256478                   /lib/x86_64-linux-gnu/ld-2.15.so
7fff1abd6000-7fff1abf7000 rw-p 00000000 00:00 0                          [stack]
7fff1abff000-7fff1ac00000 r-xp 00000000 00:00 0                          [vdso]
ffffffffff600000-ffffffffff601000 r-xp 00000000 00:00 0                  [vsyscall]

VM Arguments:
jvm_args: -Xmx768M -Xms768M -XX:PermSize=256m -XX:MaxPermSize=256m -Dfile.encoding=UTF-8 -Dserver.port=8080 -Djline.WindowsTerminal.directConsole=false -javaagent:/home/jam/Applications/grails-2.1.1/lib/com.springsource.springloaded/springloaded-core/jars/springloaded-core-1.0.6.jar -Xverify:none -Dspringloaded=profile=grails;cacheDir=/home/jam/.grails/2.1.1/ -Dgrails.home=/home/jam/Applications/grails-2.1.1 -Dtools.jar=/usr/lib/jvm/default-java/lib/tools.jar 
java_command: org.codehaus.groovy.grails.cli.support.GrailsStarter --main org.codehaus.groovy.grails.cli.GrailsScriptRunner --conf /home/jam/Applications/grails-2.1.1/conf/groovy-starter.conf --classpath   run-app
Launcher Type: SUN_STANDARD

Environment Variables:
JAVA_HOME=/usr/lib/jvm/default-java
PATH=/usr/lib/lightdm/lightdm:/usr/local/sbin:/usr/local/bin:/usr/sbin:/usr/bin:/sbin:/bin:/usr/games
LD_LIBRARY_PATH=/usr/lib/jvm/java-6-openjdk-amd64/jre/lib/amd64/server:/usr/lib/jvm/java-6-openjdk-amd64/jre/lib/amd64:/usr/lib/jvm/java-6-openjdk-amd64/jre/../lib/amd64
SHELL=/bin/bash
DISPLAY=:0

Signal Handlers:
SIGSEGV: [libjvm.so+0x784310], sa_mask[0]=0x7ffbfeff, sa_flags=0x10000004
SIGBUS: [libjvm.so+0x784310], sa_mask[0]=0x7ffbfeff, sa_flags=0x10000004
SIGFPE: [libjvm.so+0x648580], sa_mask[0]=0x7ffbfeff, sa_flags=0x10000004
SIGPIPE: SIG_IGN, sa_mask[0]=0x00000000, sa_flags=0x00000000
SIGXFSZ: [libjvm.so+0x648580], sa_mask[0]=0x7ffbfeff, sa_flags=0x10000004
SIGILL: [libjvm.so+0x648580], sa_mask[0]=0x7ffbfeff, sa_flags=0x10000004
SIGUSR1: SIG_DFL, sa_mask[0]=0x00000000, sa_flags=0x00000000
SIGUSR2: [libjvm.so+0x648730], sa_mask[0]=0x00000004, sa_flags=0x10000004
SIGHUP: [libjvm.so+0x64b250], sa_mask[0]=0x7ffbfeff, sa_flags=0x10000004
SIGINT: SIG_IGN, sa_mask[0]=0x00000000, sa_flags=0x00000000
SIGTERM: [libjvm.so+0x64b250], sa_mask[0]=0x7ffbfeff, sa_flags=0x10000004
SIGQUIT: [libjvm.so+0x64b250], sa_mask[0]=0x7ffbfeff, sa_flags=0x10000004


---------------  S Y S T E M  ---------------

OS:Ubuntu 12.04 (precise)
uname:Linux 3.2.0-31-generic #50-Ubuntu SMP Fri Sep 7 16:16:45 UTC 2012 x86_64
libc:glibc 2.15 NPTL 2.15 
rlimit: STACK 8192k, CORE 0k, NPROC 59519, NOFILE 4096, AS infinity
load average:1.67 0.85 0.76

/proc/meminfo:
MemTotal:        7636272 kB
MemFree:         3565172 kB
Buffers:          278984 kB
Cached:          1278232 kB
SwapCached:            0 kB
Active:          2638756 kB
Inactive:         900836 kB
Active(anon):    1983180 kB
Inactive(anon):     8728 kB
Active(file):     655576 kB
Inactive(file):   892108 kB
Unevictable:          44 kB
Mlocked:              44 kB
SwapTotal:       7837776 kB
SwapFree:        7837776 kB
Dirty:               444 kB
Writeback:            40 kB
AnonPages:       1982552 kB
Mapped:           230936 kB
Shmem:              9544 kB
Slab:             170012 kB
SReclaimable:     138256 kB
SUnreclaim:        31756 kB
KernelStack:        3864 kB
PageTables:        37468 kB
NFS_Unstable:          0 kB
Bounce:                0 kB
WritebackTmp:          0 kB
CommitLimit:    11655912 kB
Committed_AS:    4925068 kB
VmallocTotal:   34359738367 kB
VmallocUsed:      132644 kB
VmallocChunk:   34359603600 kB
HardwareCorrupted:     0 kB
AnonHugePages:         0 kB
HugePages_Total:       0
HugePages_Free:        0
HugePages_Rsvd:        0
HugePages_Surp:        0
Hugepagesize:       2048 kB
DirectMap4k:      202752 kB
DirectMap2M:     3448832 kB
DirectMap1G:     4194304 kB


CPU:total 4 (4 cores per cpu, 1 threads per core) family 18 model 1 stepping 0, cmov, cx8, fxsr, mmx, sse, sse2, sse3, popcnt, mmxext, 3dnowpref, lzcnt, sse4a

Memory: 4k page, physical 7636272k(3565172k free), swap 7837776k(7837776k free)

vm_info: OpenJDK 64-Bit Server VM (20.0-b12) for linux-amd64 JRE (1.6.0_24-b24), built on Sep  2 2012 19:50:47 by "buildd" with gcc 4.6.3

time: Sat Sep 22 10:09:48 2012
elapsed time: 18 seconds

