#
# A fatal error has been detected by the Java Runtime Environment:
#
#  SIGSEGV (0xb) at pc=0x00007f7af863a67a, pid=14180, tid=140166066562816
#
# JRE version: 6.0_24-b24
# Java VM: OpenJDK 64-Bit Server VM (20.0-b12 mixed mode linux-amd64 compressed oops)
# Derivative: IcedTea6 1.11.4
# Distribution: Ubuntu 12.04 LTS, package 6b24-1.11.4-1ubuntu0.12.04.1
# Problematic frame:
# V  [libjvm.so+0x62867a]  nmethod::fix_oop_relocations(unsigned char*, unsigned char*, bool)+0x14a
#
# If you would like to submit a bug report, please include
# instructions how to reproduce the bug and visit:
#   https://bugs.launchpad.net/ubuntu/+source/openjdk-6/
#

---------------  T H R E A D  ---------------

Current thread (0x00007f7af00e9000):  JavaThread "C2 CompilerThread1" daemon [_thread_in_vm, id=14202, stack(0x00007f7af48b6000,0x00007f7af49b7000)]

siginfo:si_signo=SIGSEGV: si_errno=0, si_code=128 (), si_addr=0x0000000000000000

Registers:
RAX=0xffffffffffffffff, RBX=0x0000000000000001, RCX=0x0000000000000006, RDX=0x0000000000000002
RSP=0x00007f7af49b40a0, RBP=0x00007f7af49b4160, RSI=0x0000000000000000, RDI=0x00007f7aed56ae8e
R8 =0x39c132c131c130c1, R9 =0x31c130c12fc42ec1, R10=0x00000000000000f3, R11=0x0000000000000027
R12=0x00007f7af49b4110, R13=0xe890666600007f7a, R14=0x00007f7aed56ae94, R15=0x00007f7acc03aeb0
RIP=0x00007f7af863a67a, EFLAGS=0x0000000000010297, CSGSFS=0x0000000000000033, ERR=0x0000000000000000
  TRAPNO=0x000000000000000d

Top of Stack: (sp=0x00007f7af49b40a0)
0x00007f7af49b40a0:   0000000000000000 00007f7aed567b88
0x00007f7af49b40b0:   00007f7aed567ee8 00007f7aed567790
0x00007f7af49b40c0:   00007f7aed56ae8e 0000000000000023
0x00007f7af49b40d0:   00007f7af49b40c8 0000000000000000
0x00007f7af49b40e0:   00007f7aed567f00 00007f7aed567f00
0x00007f7af49b40f0:   00007f7aed56d0e0 00007f7aed567f00
0x00007f7af49b4100:   00007f7aed56d0e0 00007f7aed56d380
0x00007f7af49b4110:   00007f7af8b87d90 00007f7af49b40a0
0x00007f7af49b4120:   0000000000000000 00000000000002a0
0x00007f7af49b4130:   00007f7aed567790 00007f7aed567790
0x00007f7af49b4140:   00007f7aed567790 00007f7af49b5674
0x00007f7af49b4150:   00007f7af49b56d8 00007f7af49b5858
0x00007f7af49b4160:   00007f7af49b41f0 00007f7af863d5b1
0x00007f7af49b4170:   00007f7a0000001c 00007f7ac13f2e10
0x00007f7af49b4180:   00007f7af49b41d0 00007f7a000000f3
0x00007f7af49b4190:   0000000000000027 000000000000a230
0x00007f7af49b41a0:   00007f7af00e0180 00007f7af49b5840
0x00007f7af49b41b0:   00007f7af0010b90 0000077000000004
0x00007f7af49b41c0:   00007f7af49b41f0 00007f7aed567790
0x00007f7af49b41d0:   00007f7af0005400 00000000c0768500
0x00007f7af49b41e0:   00007f7af0010b90 00007f7acc03aeb0
0x00007f7af49b41f0:   00007f7af49b42e0 00007f7af863d8db
0x00007f7af49b4200:   00007f7a000000c0 00007f7af0010b90
0x00007f7af49b4210:   00007f7acc03aeb0 00007f7af49b56d8
0x00007f7af49b4220:   000000000000001c 00007f7ac13f2e10
0x00007f7af49b4230:   00007f7af49b5840 00007f7af49b5858
0x00007f7af49b4240:   00007f7af00e0180 00007f7a00000004
0x00007f7af49b4250:   00007f7a0000b6c0 000000c0f49b5930
0x00007f7af49b4260:   00007f7af49b5674 00000027000000f3
0x00007f7af49b4270:   00007f7af49b42e0 00007f7af83333bc
0x00007f7af49b4280:   0000000000000000 00007f7acc03aeb0
0x00007f7af49b4290:   00007f7ac1ebd430 ffffffff000000a3 

Instructions: (pc=0x00007f7af863a67a)
0x00007f7af863a65a:   ff 75 2b 4c 89 e7 e8 6b bb 08 00 4c 8b 28 49 89
0x00007f7af863a66a:   c6 4d 85 ed 74 25 e8 ab 58 13 00 49 39 c5 74 1b
0x00007f7af863a67a:   49 8b 45 00 49 89 06 0f 1f 80 00 00 00 00 4c 89
0x00007f7af863a68a:   e7 e8 b0 bb 08 00 e9 e6 fe ff ff 4d 89 2e eb ee 

Register to memory mapping:

RAX=0xffffffffffffffff is an unknown value
RBX=0x0000000000000001 is an unknown value
RCX=0x0000000000000006 is an unknown value
RDX=0x0000000000000002 is an unknown value
RSP=0x00007f7af49b40a0 is pointing into the stack for thread: 0x00007f7af00e9000
RBP=0x00007f7af49b4160 is pointing into the stack for thread: 0x00007f7af00e9000
RSI=0x0000000000000000 is an unknown value
RDI=0x00007f7aed567790 [CodeBlob (0x00007f7aed567790)]
Framesize: 28
R8 =0x39c132c131c130c1 is an unknown value
R9 =0x31c130c12fc42ec1 is an unknown value
R10=0x00000000000000f3 is an unknown value
R11=0x0000000000000027 is an unknown value
R12=0x00007f7af49b4110 is pointing into the stack for thread: 0x00007f7af00e9000
R13=0xe890666600007f7a is an unknown value
R14=0x00007f7aed567790 [CodeBlob (0x00007f7aed567790)]
Framesize: 28
R15=0x00007f7acc03aeb0 is an unknown value


Stack: [0x00007f7af48b6000,0x00007f7af49b7000],  sp=0x00007f7af49b40a0,  free space=1016k
Native frames: (J=compiled Java code, j=interpreted, Vv=VM code, C=native code)
V  [libjvm.so+0x62867a]  nmethod::fix_oop_relocations(unsigned char*, unsigned char*, bool)+0x14a
V  [libjvm.so+0x62b5b1]  nmethod::nmethod(methodOopDesc*, int, int, int, CodeOffsets*, int, DebugInformationRecorder*, Dependencies*, CodeBuffer*, int, OopMapSet*, ExceptionHandlerTable*, ImplicitExceptionTable*, AbstractCompiler*, int)+0x291
V  [libjvm.so+0x62b8db]  nmethod::new_nmethod(methodHandle, int, int, CodeOffsets*, int, DebugInformationRecorder*, Dependencies*, CodeBuffer*, int, OopMapSet*, ExceptionHandlerTable*, ImplicitExceptionTable*, AbstractCompiler*, int)+0x15b
V  [libjvm.so+0x3217e4]  ciEnv::register_method(ciMethod*, int, CodeOffsets*, int, CodeBuffer*, int, OopMapSet*, ExceptionHandlerTable*, ImplicitExceptionTable*, AbstractCompiler*, int, bool, bool)+0x404
V  [libjvm.so+0x37cb50]  Compile::Compile(ciEnv*, C2Compiler*, ciMethod*, int, bool, bool)+0xbe0
V  [libjvm.so+0x306250]  C2Compiler::compile_method(ciEnv*, ciMethod*, int)+0xe0
V  [libjvm.so+0x381133]  CompileBroker::invoke_compiler_on_method(CompileTask*)+0x2a3
V  [libjvm.so+0x381a7b]  CompileBroker::compiler_thread_loop()+0x45b
V  [libjvm.so+0x74c0d8]  JavaThread::thread_main_inner()+0x58
V  [libjvm.so+0x64bbf2]  java_start(Thread*)+0x112


Current CompileTask:
C2:  61703  39%     java.beans.Introspector.getTargetEventInfo()[Ljava/beans/EventSetDescriptor; @ 243 (1041 bytes)


---------------  P R O C E S S  ---------------

Java Threads: ( => current thread )
  0x00007f7a8c21c800 JavaThread "DefaultPluginScheduler_QuartzSchedulerThread" [_thread_blocked, id=14245, stack(0x00007f7ab5172000,0x00007f7ab5273000)]
  0x00007f7a8c077000 JavaThread "DefaultPluginScheduler_Worker-10" [_thread_blocked, id=14244, stack(0x00007f7ab5273000,0x00007f7ab5374000)]
  0x00007f7a8c89b800 JavaThread "DefaultPluginScheduler_Worker-9" [_thread_blocked, id=14243, stack(0x00007f7ab5374000,0x00007f7ab5475000)]
  0x00007f7a8c55f800 JavaThread "DefaultPluginScheduler_Worker-8" [_thread_blocked, id=14242, stack(0x00007f7ab5475000,0x00007f7ab5576000)]
  0x00007f7a8c0e3000 JavaThread "DefaultPluginScheduler_Worker-7" [_thread_blocked, id=14241, stack(0x00007f7ab5576000,0x00007f7ab5677000)]
  0x00007f7a8c5db800 JavaThread "DefaultPluginScheduler_Worker-6" [_thread_blocked, id=14240, stack(0x00007f7ab5677000,0x00007f7ab5778000)]
  0x00007f7a8c390000 JavaThread "DefaultPluginScheduler_Worker-5" [_thread_blocked, id=14239, stack(0x00007f7ab5778000,0x00007f7ab5879000)]
  0x00007f7a8c3eb000 JavaThread "DefaultPluginScheduler_Worker-4" [_thread_blocked, id=14238, stack(0x00007f7ab5879000,0x00007f7ab597a000)]
  0x00007f7a8c371000 JavaThread "DefaultPluginScheduler_Worker-3" [_thread_blocked, id=14237, stack(0x00007f7ab597a000,0x00007f7ab5a7b000)]
  0x00007f7a8c251800 JavaThread "DefaultPluginScheduler_Worker-2" [_thread_blocked, id=14236, stack(0x00007f7ab5a7b000,0x00007f7ab5b7c000)]
  0x00007f7a8c34f000 JavaThread "DefaultPluginScheduler_Worker-1" [_thread_blocked, id=14235, stack(0x00007f7ab5b7c000,0x00007f7ab5c7d000)]
  0x00007f7a8c5e0800 JavaThread "org.hibernate.cache.StandardQueryCache.data" daemon [_thread_blocked, id=14234, stack(0x00007f7ab5c7d000,0x00007f7ab5d7e000)]
  0x00007f7a8c145800 JavaThread "org.hibernate.cache.UpdateTimestampsCache.data" daemon [_thread_blocked, id=14233, stack(0x00007f7ab5d7e000,0x00007f7ab5e7f000)]
  0x00007f7a8c336000 JavaThread "org.greens.VoterContactManager.SecRole.data" daemon [_thread_blocked, id=14232, stack(0x00007f7ab5e7f000,0x00007f7ab5f80000)]
  0x00007f7a8c4da000 JavaThread "net.sf.ehcache.CacheManager@15fac189" daemon [_thread_blocked, id=14231, stack(0x00007f7ab5f80000,0x00007f7ab6081000)]
  0x00007f7aac009000 JavaThread "localhost-startStop-1" daemon [_thread_in_native, id=14230, stack(0x00007f7ab678d000,0x00007f7ab688e000)]
  0x00007f7af0ad2800 JavaThread "Tomcat-startStop-1" daemon [_thread_blocked, id=14229, stack(0x00007f7ab6f95000,0x00007f7ab7096000)]
  0x00007f7af096b800 JavaThread "pool-4-thread-5" [_thread_blocked, id=14228, stack(0x00007f7ab6288000,0x00007f7ab6389000)]
  0x00007f7af046e000 JavaThread "pool-4-thread-4" [_thread_blocked, id=14227, stack(0x00007f7ab6389000,0x00007f7ab648a000)]
  0x00007f7af06fc800 JavaThread "pool-4-thread-3" [_thread_blocked, id=14226, stack(0x00007f7ab648a000,0x00007f7ab658b000)]
  0x00007f7af050c800 JavaThread "pool-4-thread-2" [_thread_blocked, id=14225, stack(0x00007f7ab658b000,0x00007f7ab668c000)]
  0x00007f7af06fd800 JavaThread "pool-4-thread-1" [_thread_blocked, id=14224, stack(0x00007f7ab668c000,0x00007f7ab678d000)]
  0x00007f7af04fb000 JavaThread "pool-3-thread-5" [_thread_blocked, id=14222, stack(0x00007f7ab688e000,0x00007f7ab698f000)]
  0x00007f7af03c3000 JavaThread "pool-3-thread-4" [_thread_blocked, id=14221, stack(0x00007f7ab698f000,0x00007f7ab6a90000)]
  0x00007f7af03c2000 JavaThread "pool-3-thread-3" [_thread_blocked, id=14220, stack(0x00007f7ab6a90000,0x00007f7ab6b91000)]
  0x00007f7af06a7000 JavaThread "pool-3-thread-2" [_thread_blocked, id=14219, stack(0x00007f7ab6b91000,0x00007f7ab6c92000)]
  0x00007f7af0816000 JavaThread "pool-3-thread-1" [_thread_blocked, id=14218, stack(0x00007f7ab6c92000,0x00007f7ab6d93000)]
  0x00007f7af0715800 JavaThread "FileSystemWatcher: files=#488 cl=java.net.URLClassLoader@134683c0" daemon [_thread_blocked, id=14217, stack(0x00007f7ab6d93000,0x00007f7ab6e94000)]
  0x00007f7af0835000 JavaThread "FileSystemWatcher: files=#20 cl=groovy.lang.GroovyClassLoader@59243f75" daemon [_thread_blocked, id=14216, stack(0x00007f7ab6e94000,0x00007f7ab6f95000)]
  0x00007f7af094a000 JavaThread "pool-2-thread-1" [_thread_blocked, id=14214, stack(0x00007f7ab76bd000,0x00007f7ab77be000)]
  0x00007f7af0949000 JavaThread "Synchronizer (Spring UAA/1.0.1)" daemon [_thread_blocked, id=14213, stack(0x00007f7ab77be000,0x00007f7ab78bf000)]
  0x00007f7af02fb000 JavaThread "Timer-0" daemon [_thread_blocked, id=14212, stack(0x00007f7af4384000,0x00007f7af4485000)]
  0x00007f7af00e3800 JavaThread "Low Memory Detector" daemon [_thread_blocked, id=14203, stack(0x00007f7af47b5000,0x00007f7af48b6000)]
=>0x00007f7af00e9000 JavaThread "C2 CompilerThread1" daemon [_thread_in_vm, id=14202, stack(0x00007f7af48b6000,0x00007f7af49b7000)]
  0x00007f7af00ea800 JavaThread "C2 CompilerThread0" daemon [_thread_blocked, id=14201, stack(0x00007f7af49b7000,0x00007f7af4ab8000)]
  0x00007f7af008c000 JavaThread "Signal Dispatcher" daemon [_thread_blocked, id=14200, stack(0x00007f7af4b16000,0x00007f7af4c17000)]
  0x00007f7af0079800 JavaThread "Finalizer" daemon [_thread_blocked, id=14199, stack(0x00007f7af53f2000,0x00007f7af54f3000)]
  0x00007f7af0077800 JavaThread "Reference Handler" daemon [_thread_blocked, id=14198, stack(0x00007f7af54f3000,0x00007f7af55f4000)]
  0x00007f7af0009800 JavaThread "main" [_thread_blocked, id=14192, stack(0x00007f7af98ce000,0x00007f7af99cf000)]

Other Threads:
  0x00007f7af0071000 VMThread [stack: 0x00007f7af55f4000,0x00007f7af56f5000] [id=14197]
  0x00007f7af00f5800 WatcherThread [stack: 0x00007f7af46b4000,0x00007f7af47b5000] [id=14204]

VM state:not at safepoint (normal execution)

VM Mutex/Monitor currently owned by a thread:  ([mutex/lock_event])
[0x00007f7af0005400] CodeCache_lock - owner thread: 0x00007f7af00e9000
[0x00007f7af0006a80] Compile_lock - owner thread: 0x00007f7af00e9000
[0x00007f7af0006b80] MethodCompileQueue_lock - owner thread: 0x00007f7af00e9000

Heap
 PSYoungGen      total 245952K, used 197596K [0x00000000f0000000, 0x0000000100000000, 0x0000000100000000)
  eden space 229184K, 85% used [0x00000000f0000000,0x00000000fbf3f3d0,0x00000000fdfd0000)
  from space 16768K, 10% used [0x00000000fefa0000,0x00000000ff158000,0x0000000100000000)
  to   space 16192K, 0% used [0x00000000fdfd0000,0x00000000fdfd0000,0x00000000fefa0000)
 PSOldGen        total 524288K, used 214563K [0x00000000d0000000, 0x00000000f0000000, 0x00000000f0000000)
  object space 524288K, 40% used [0x00000000d0000000,0x00000000dd188ef8,0x00000000f0000000)
 PSPermGen       total 262144K, used 117951K [0x00000000c0000000, 0x00000000d0000000, 0x00000000d0000000)
  object space 262144K, 44% used [0x00000000c0000000,0x00000000c732ff08,0x00000000d0000000)

Code Cache  [0x00007f7aed000000, 0x00007f7aed7e0000, 0x00007f7af0000000)
 total_blobs=2400 nmethods=1704 adapters=645 free_code_cache=42294720 largest_free_block=79040

Dynamic libraries:
00400000-00409000 r-xp 00000000 08:02 397963                             /usr/lib/jvm/java-6-openjdk-amd64/jre/bin/java
00608000-00609000 r--p 00008000 08:02 397963                             /usr/lib/jvm/java-6-openjdk-amd64/jre/bin/java
00609000-0060a000 rw-p 00009000 08:02 397963                             /usr/lib/jvm/java-6-openjdk-amd64/jre/bin/java
02297000-022b8000 rw-p 00000000 00:00 0                                  [heap]
c0000000-100000000 rw-p 00000000 00:00 0 
7f7a60000000-7f7a628b9000 rw-p 00000000 00:00 0 
7f7a628b9000-7f7a64000000 ---p 00000000 00:00 0 
7f7a68000000-7f7a6b8cb000 rw-p 00000000 00:00 0 
7f7a6b8cb000-7f7a6c000000 ---p 00000000 00:00 0 
7f7a70000000-7f7a70021000 rw-p 00000000 00:00 0 
7f7a70021000-7f7a74000000 ---p 00000000 00:00 0 
7f7a74000000-7f7a74021000 rw-p 00000000 00:00 0 
7f7a74021000-7f7a78000000 ---p 00000000 00:00 0 
7f7a78000000-7f7a78021000 rw-p 00000000 00:00 0 
7f7a78021000-7f7a7c000000 ---p 00000000 00:00 0 
7f7a7c000000-7f7a7c021000 rw-p 00000000 00:00 0 
7f7a7c021000-7f7a80000000 ---p 00000000 00:00 0 
7f7a80000000-7f7a80021000 rw-p 00000000 00:00 0 
7f7a80021000-7f7a84000000 ---p 00000000 00:00 0 
7f7a84000000-7f7a84021000 rw-p 00000000 00:00 0 
7f7a84021000-7f7a88000000 ---p 00000000 00:00 0 
7f7a88000000-7f7a88021000 rw-p 00000000 00:00 0 
7f7a88021000-7f7a8c000000 ---p 00000000 00:00 0 
7f7a8c000000-7f7a8ccaf000 rw-p 00000000 00:00 0 
7f7a8ccaf000-7f7a90000000 ---p 00000000 00:00 0 
7f7a90000000-7f7a90021000 rw-p 00000000 00:00 0 
7f7a90021000-7f7a94000000 ---p 00000000 00:00 0 
7f7a94000000-7f7a94021000 rw-p 00000000 00:00 0 
7f7a94021000-7f7a98000000 ---p 00000000 00:00 0 
7f7a98000000-7f7a98021000 rw-p 00000000 00:00 0 
7f7a98021000-7f7a9c000000 ---p 00000000 00:00 0 
7f7a9c000000-7f7a9c021000 rw-p 00000000 00:00 0 
7f7a9c021000-7f7aa0000000 ---p 00000000 00:00 0 
7f7aa0000000-7f7aa0021000 rw-p 00000000 00:00 0 
7f7aa0021000-7f7aa4000000 ---p 00000000 00:00 0 
7f7aa4000000-7f7aa4021000 rw-p 00000000 00:00 0 
7f7aa4021000-7f7aa8000000 ---p 00000000 00:00 0 
7f7aa8000000-7f7aa8087000 rw-p 00000000 00:00 0 
7f7aa8087000-7f7aac000000 ---p 00000000 00:00 0 
7f7aac000000-7f7aac021000 rw-p 00000000 00:00 0 
7f7aac021000-7f7ab0000000 ---p 00000000 00:00 0 
7f7ab0000000-7f7ab0021000 rw-p 00000000 00:00 0 
7f7ab0021000-7f7ab4000000 ---p 00000000 00:00 0 
7f7ab4f70000-7f7ab4f73000 ---p 00000000 00:00 0 
7f7ab4f73000-7f7ab5071000 rw-p 00000000 00:00 0 
7f7ab5071000-7f7ab5074000 ---p 00000000 00:00 0 
7f7ab5074000-7f7ab5172000 rw-p 00000000 00:00 0 
7f7ab5172000-7f7ab5175000 ---p 00000000 00:00 0 
7f7ab5175000-7f7ab5273000 rw-p 00000000 00:00 0 
7f7ab5273000-7f7ab5276000 ---p 00000000 00:00 0 
7f7ab5276000-7f7ab5374000 rw-p 00000000 00:00 0 
7f7ab5374000-7f7ab5377000 ---p 00000000 00:00 0 
7f7ab5377000-7f7ab5475000 rw-p 00000000 00:00 0 
7f7ab5475000-7f7ab5478000 ---p 00000000 00:00 0 
7f7ab5478000-7f7ab5576000 rw-p 00000000 00:00 0 
7f7ab5576000-7f7ab5579000 ---p 00000000 00:00 0 
7f7ab5579000-7f7ab5677000 rw-p 00000000 00:00 0 
7f7ab5677000-7f7ab567a000 ---p 00000000 00:00 0 
7f7ab567a000-7f7ab5778000 rw-p 00000000 00:00 0 
7f7ab5778000-7f7ab577b000 ---p 00000000 00:00 0 
7f7ab577b000-7f7ab5879000 rw-p 00000000 00:00 0 
7f7ab5879000-7f7ab587c000 ---p 00000000 00:00 0 
7f7ab587c000-7f7ab597a000 rw-p 00000000 00:00 0 
7f7ab597a000-7f7ab597d000 ---p 00000000 00:00 0 
7f7ab597d000-7f7ab5a7b000 rw-p 00000000 00:00 0 
7f7ab5a7b000-7f7ab5a7e000 ---p 00000000 00:00 0 
7f7ab5a7e000-7f7ab5b7c000 rw-p 00000000 00:00 0 
7f7ab5b7c000-7f7ab5b7f000 ---p 00000000 00:00 0 
7f7ab5b7f000-7f7ab5c7d000 rw-p 00000000 00:00 0 
7f7ab5c7d000-7f7ab5c80000 ---p 00000000 00:00 0 
7f7ab5c80000-7f7ab5d7e000 rw-p 00000000 00:00 0 
7f7ab5d7e000-7f7ab5d81000 ---p 00000000 00:00 0 
7f7ab5d81000-7f7ab5e7f000 rw-p 00000000 00:00 0 
7f7ab5e7f000-7f7ab5e82000 ---p 00000000 00:00 0 
7f7ab5e82000-7f7ab5f80000 rw-p 00000000 00:00 0 
7f7ab5f80000-7f7ab5f83000 ---p 00000000 00:00 0 
7f7ab5f83000-7f7ab6081000 rw-p 00000000 00:00 0 
7f7ab6081000-7f7ab6087000 r-xp 00000000 08:02 18747991                   /usr/lib/jvm/java-6-openjdk-amd64/jre/lib/amd64/libmanagement.so
7f7ab6087000-7f7ab6286000 ---p 00006000 08:02 18747991                   /usr/lib/jvm/java-6-openjdk-amd64/jre/lib/amd64/libmanagement.so
7f7ab6286000-7f7ab6287000 r--p 00005000 08:02 18747991                   /usr/lib/jvm/java-6-openjdk-amd64/jre/lib/amd64/libmanagement.so
7f7ab6287000-7f7ab6288000 rw-p 00006000 08:02 18747991                   /usr/lib/jvm/java-6-openjdk-amd64/jre/lib/amd64/libmanagement.so
7f7ab6288000-7f7ab628b000 ---p 00000000 00:00 0 
7f7ab628b000-7f7ab6389000 rw-p 00000000 00:00 0 
7f7ab6389000-7f7ab638c000 ---p 00000000 00:00 0 
7f7ab638c000-7f7ab648a000 rw-p 00000000 00:00 0 
7f7ab648a000-7f7ab648d000 ---p 00000000 00:00 0 
7f7ab648d000-7f7ab658b000 rw-p 00000000 00:00 0 
7f7ab658b000-7f7ab658e000 ---p 00000000 00:00 0 
7f7ab658e000-7f7ab668c000 rw-p 00000000 00:00 0 
7f7ab668c000-7f7ab668f000 ---p 00000000 00:00 0 
7f7ab668f000-7f7ab678d000 rw-p 00000000 00:00 0 
7f7ab678d000-7f7ab6790000 ---p 00000000 00:00 0 
7f7ab6790000-7f7ab688e000 rw-p 00000000 00:00 0 
7f7ab688e000-7f7ab6891000 ---p 00000000 00:00 0 
7f7ab6891000-7f7ab698f000 rw-p 00000000 00:00 0 
7f7ab698f000-7f7ab6992000 ---p 00000000 00:00 0 
7f7ab6992000-7f7ab6a90000 rw-p 00000000 00:00 0 
7f7ab6a90000-7f7ab6a93000 ---p 00000000 00:00 0 
7f7ab6a93000-7f7ab6b91000 rw-p 00000000 00:00 0 
7f7ab6b91000-7f7ab6b94000 ---p 00000000 00:00 0 
7f7ab6b94000-7f7ab6c92000 rw-p 00000000 00:00 0 
7f7ab6c92000-7f7ab6c95000 ---p 00000000 00:00 0 
7f7ab6c95000-7f7ab6d93000 rw-p 00000000 00:00 0 
7f7ab6d93000-7f7ab6d96000 ---p 00000000 00:00 0 
7f7ab6d96000-7f7ab6e94000 rw-p 00000000 00:00 0 
7f7ab6e94000-7f7ab6e97000 ---p 00000000 00:00 0 
7f7ab6e97000-7f7ab6f95000 rw-p 00000000 00:00 0 
7f7ab6f95000-7f7ab6f98000 ---p 00000000 00:00 0 
7f7ab6f98000-7f7ab7096000 rw-p 00000000 00:00 0 
7f7ab7096000-7f7ab70ae000 r-xp 00000000 08:02 16256582                   /lib/x86_64-linux-gnu/libresolv-2.15.so
7f7ab70ae000-7f7ab72ae000 ---p 00018000 08:02 16256582                   /lib/x86_64-linux-gnu/libresolv-2.15.so
7f7ab72ae000-7f7ab72af000 r--p 00018000 08:02 16256582                   /lib/x86_64-linux-gnu/libresolv-2.15.so
7f7ab72af000-7f7ab72b0000 rw-p 00019000 08:02 16256582                   /lib/x86_64-linux-gnu/libresolv-2.15.so
7f7ab72b0000-7f7ab72b2000 rw-p 00000000 00:00 0 
7f7ab72b2000-7f7ab72b9000 r-xp 00000000 08:02 16256547                   /lib/x86_64-linux-gnu/libnss_dns-2.15.so
7f7ab72b9000-7f7ab74b8000 ---p 00007000 08:02 16256547                   /lib/x86_64-linux-gnu/libnss_dns-2.15.so
7f7ab74b8000-7f7ab74b9000 r--p 00006000 08:02 16256547                   /lib/x86_64-linux-gnu/libnss_dns-2.15.so
7f7ab74b9000-7f7ab74ba000 rw-p 00007000 08:02 16256547                   /lib/x86_64-linux-gnu/libnss_dns-2.15.so
7f7ab74ba000-7f7ab74bc000 r-xp 00000000 08:02 16252982                   /lib/libnss_mdns4_minimal.so.2
7f7ab74bc000-7f7ab76bb000 ---p 00002000 08:02 16252982                   /lib/libnss_mdns4_minimal.so.2
7f7ab76bb000-7f7ab76bc000 r--p 00001000 08:02 16252982                   /lib/libnss_mdns4_minimal.so.2
7f7ab76bc000-7f7ab76bd000 rw-p 00002000 08:02 16252982                   /lib/libnss_mdns4_minimal.so.2
7f7ab76bd000-7f7ab76c0000 ---p 00000000 00:00 0 
7f7ab76c0000-7f7ab77be000 rw-p 00000000 00:00 0 
7f7ab77be000-7f7ab77c1000 ---p 00000000 00:00 0 
7f7ab77c1000-7f7ab78bf000 rw-p 00000000 00:00 0 
7f7ab78bf000-7f7ab791c000 r-xp 00000000 08:02 16651114                   /usr/lib/x86_64-linux-gnu/nss/libfreebl3.so
7f7ab791c000-7f7ab7b1b000 ---p 0005d000 08:02 16651114                   /usr/lib/x86_64-linux-gnu/nss/libfreebl3.so
7f7ab7b1b000-7f7ab7b1d000 r--p 0005c000 08:02 16651114                   /usr/lib/x86_64-linux-gnu/nss/libfreebl3.so
7f7ab7b1d000-7f7ab7b1e000 rw-p 0005e000 08:02 16651114                   /usr/lib/x86_64-linux-gnu/nss/libfreebl3.so
7f7ab7b1e000-7f7ab7b22000 rw-p 00000000 00:00 0 
7f7ab7b22000-7f7ab7bc0000 r-xp 00000000 08:02 16131587                   /usr/lib/x86_64-linux-gnu/libsqlite3.so.0.8.6
7f7ab7bc0000-7f7ab7dc0000 ---p 0009e000 08:02 16131587                   /usr/lib/x86_64-linux-gnu/libsqlite3.so.0.8.6
7f7ab7dc0000-7f7ab7dc2000 r--p 0009e000 08:02 16131587                   /usr/lib/x86_64-linux-gnu/libsqlite3.so.0.8.6
7f7ab7dc2000-7f7ab7dc4000 rw-p 000a0000 08:02 16131587                   /usr/lib/x86_64-linux-gnu/libsqlite3.so.0.8.6
7f7ab7dc4000-7f7ab7dc5000 rw-p 00000000 00:00 0 
7f7ab7dc5000-7f7ab7dfe000 r-xp 00000000 08:02 16651117                   /usr/lib/x86_64-linux-gnu/nss/libsoftokn3.so
7f7ab7dfe000-7f7ab7ffd000 ---p 00039000 08:02 16651117                   /usr/lib/x86_64-linux-gnu/nss/libsoftokn3.so
7f7ab7ffd000-7f7ab7fff000 r--p 00038000 08:02 16651117                   /usr/lib/x86_64-linux-gnu/nss/libsoftokn3.so
7f7ab7fff000-7f7ab8000000 rw-p 0003a000 08:02 16651117                   /usr/lib/x86_64-linux-gnu/nss/libsoftokn3.so
7f7ab8000000-7f7ab8021000 rw-p 00000000 00:00 0 
7f7ab8021000-7f7abc000000 ---p 00000000 00:00 0 
7f7abc000000-7f7abc021000 rw-p 00000000 00:00 0 
7f7abc021000-7f7ac0000000 ---p 00000000 00:00 0 
7f7ac0000000-7f7ac3fff000 rw-p 00000000 00:00 0 
7f7ac3fff000-7f7ac4000000 ---p 00000000 00:00 0 
7f7ac4000000-7f7ac4021000 rw-p 00000000 00:00 0 
7f7ac4021000-7f7ac8000000 ---p 00000000 00:00 0 
7f7ac8000000-7f7ac8021000 rw-p 00000000 00:00 0 
7f7ac8021000-7f7acc000000 ---p 00000000 00:00 0 
7f7acc000000-7f7acffe5000 rw-p 00000000 00:00 0 
7f7acffe5000-7f7ad0000000 ---p 00000000 00:00 0 
7f7ad0000000-7f7ad0021000 rw-p 00000000 00:00 0 
7f7ad0021000-7f7ad4000000 ---p 00000000 00:00 0 
7f7ad4000000-7f7ad4021000 rw-p 00000000 00:00 0 
7f7ad4021000-7f7ad8000000 ---p 00000000 00:00 0 
7f7ad8000000-7f7ad8021000 rw-p 00000000 00:00 0 
7f7ad8021000-7f7adc000000 ---p 00000000 00:00 0 
7f7adc000000-7f7adc279000 rw-p 00000000 00:00 0 
7f7adc279000-7f7ae0000000 ---p 00000000 00:00 0 
7f7ae0000000-7f7ae0029000 rw-p 00000000 00:00 0 
7f7ae0029000-7f7ae4000000 ---p 00000000 00:00 0 
7f7ae4000000-7f7ae4032000 rw-p 00000000 00:00 0 
7f7ae4032000-7f7ae8000000 ---p 00000000 00:00 0 
7f7ae8000000-7f7ae8053000 rw-p 00000000 00:00 0 
7f7ae8053000-7f7aec000000 ---p 00000000 00:00 0 
7f7aec0fa000-7f7aec134000 r-xp 00000000 08:02 16127779                   /usr/lib/x86_64-linux-gnu/libnspr4.so
7f7aec134000-7f7aec333000 ---p 0003a000 08:02 16127779                   /usr/lib/x86_64-linux-gnu/libnspr4.so
7f7aec333000-7f7aec334000 r--p 00039000 08:02 16127779                   /usr/lib/x86_64-linux-gnu/libnspr4.so
7f7aec334000-7f7aec336000 rw-p 0003a000 08:02 16127779                   /usr/lib/x86_64-linux-gnu/libnspr4.so
7f7aec336000-7f7aec338000 rw-p 00000000 00:00 0 
7f7aec338000-7f7aec33b000 r-xp 00000000 08:02 16127775                   /usr/lib/x86_64-linux-gnu/libplds4.so
7f7aec33b000-7f7aec53a000 ---p 00003000 08:02 16127775                   /usr/lib/x86_64-linux-gnu/libplds4.so
7f7aec53a000-7f7aec53b000 r--p 00002000 08:02 16127775                   /usr/lib/x86_64-linux-gnu/libplds4.so
7f7aec53b000-7f7aec53c000 rw-p 00003000 08:02 16127775                   /usr/lib/x86_64-linux-gnu/libplds4.so
7f7aec53c000-7f7aec540000 r-xp 00000000 08:02 16127777                   /usr/lib/x86_64-linux-gnu/libplc4.so
7f7aec540000-7f7aec73f000 ---p 00004000 08:02 16127777                   /usr/lib/x86_64-linux-gnu/libplc4.so
7f7aec73f000-7f7aec740000 r--p 00003000 08:02 16127777                   /usr/lib/x86_64-linux-gnu/libplc4.so
7f7aec740000-7f7aec741000 rw-p 00004000 08:02 16127777                   /usr/lib/x86_64-linux-gnu/libplc4.so
7f7aec741000-7f7aec75d000 r-xp 00000000 08:02 16123808                   /usr/lib/x86_64-linux-gnu/libnssutil3.so
7f7aec75d000-7f7aec95d000 ---p 0001c000 08:02 16123808                   /usr/lib/x86_64-linux-gnu/libnssutil3.so
7f7aec95d000-7f7aec963000 r--p 0001c000 08:02 16123808                   /usr/lib/x86_64-linux-gnu/libnssutil3.so
7f7aec963000-7f7aec964000 rw-p 00022000 08:02 16123808                   /usr/lib/x86_64-linux-gnu/libnssutil3.so
7f7aec964000-7f7aeca62000 r-xp 00000000 08:02 16122488                   /usr/lib/x86_64-linux-gnu/libnss3.so
7f7aeca62000-7f7aecc61000 ---p 000fe000 08:02 16122488                   /usr/lib/x86_64-linux-gnu/libnss3.so
7f7aecc61000-7f7aecc66000 r--p 000fd000 08:02 16122488                   /usr/lib/x86_64-linux-gnu/libnss3.so
7f7aecc66000-7f7aecc68000 rw-p 00102000 08:02 16122488                   /usr/lib/x86_64-linux-gnu/libnss3.so
7f7aecc68000-7f7aecc6a000 rw-p 00000000 00:00 0 
7f7aecc7c000-7f7aecc8a000 r--s 00351000 08:02 18489869                   /usr/lib/jvm/java-6-openjdk-common/jre/lib/charsets.jar
7f7aecc8a000-7f7aecc98000 r-xp 00000000 08:02 18747997                   /usr/lib/jvm/java-6-openjdk-amd64/jre/lib/amd64/libj2pkcs11.so
7f7aecc98000-7f7aece98000 ---p 0000e000 08:02 18747997                   /usr/lib/jvm/java-6-openjdk-amd64/jre/lib/amd64/libj2pkcs11.so
7f7aece98000-7f7aece99000 r--p 0000e000 08:02 18747997                   /usr/lib/jvm/java-6-openjdk-amd64/jre/lib/amd64/libj2pkcs11.so
7f7aece99000-7f7aece9a000 rw-p 0000f000 08:02 18747997                   /usr/lib/jvm/java-6-openjdk-amd64/jre/lib/amd64/libj2pkcs11.so
7f7aece9a000-7f7aece9c000 r--s 00013000 08:02 18489868                   /usr/lib/jvm/java-6-openjdk-common/jre/lib/jce.jar
7f7aecea5000-7f7aeceb3000 r--s 00351000 08:02 18489869                   /usr/lib/jvm/java-6-openjdk-common/jre/lib/charsets.jar
7f7aeceb3000-7f7aeceb7000 r--s 0002f000 08:02 4722137                    /home/jam/.grails/ivy-cache/org.grails/grails-test/jars/grails-test-2.1.1.jar
7f7aeceb7000-7f7aecebd000 r--s 0006c000 08:02 4722135                    /home/jam/.grails/ivy-cache/org.grails/grails-plugin-testing/jars/grails-plugin-testing-2.1.1.jar
7f7aecebd000-7f7aecebe000 r--s 00002000 08:02 5636284                    /home/jam/.grails/ivy-cache/org.hibernate/hibernate-ehcache/jars/hibernate-ehcache-3.6.10.Final.jar
7f7aecebe000-7f7aecec3000 r--s 00048000 08:02 5636282                    /home/jam/.grails/ivy-cache/dom4j/dom4j/jars/dom4j-1.6.1.jar
7f7aecec3000-7f7aecec8000 r--s 00068000 08:02 5636280                    /home/jam/.grails/ivy-cache/antlr/antlr/jars/antlr-2.7.7.jar
7f7aecec8000-7f7aeced1000 r--s 00098000 08:02 5636278                    /home/jam/.grails/ivy-cache/org.javassist/javassist/jars/javassist-3.16.1-GA.jar
7f7aeced1000-7f7aeced4000 r--s 00009000 08:02 5636286                    /home/jam/.grails/ivy-cache/javax.validation/validation-api/jars/validation-api-1.0.0.GA.jar
7f7aeced4000-7f7aecedb000 r--s 00040000 08:02 5636276                    /home/jam/.grails/ivy-cache/org.hibernate/hibernate-validator/jars/hibernate-validator-4.1.0.Final.jar
7f7aecedb000-7f7aecede000 r--s 0000f000 08:02 5636274                    /home/jam/.grails/ivy-cache/org.hibernate/hibernate-commons-annotations/jars/hibernate-commons-annotations-3.2.0.Final.jar
7f7aecede000-7f7aecf10000 r--s 002c9000 08:02 5636272                    /home/jam/.grails/ivy-cache/org.hibernate/hibernate-core/jars/hibernate-core-3.6.10.Final.jar
7f7aecf10000-7f7aecf21000 r--s 000d2000 08:02 5636617                    /home/jam/.grails/ivy-cache/org.liquibase/liquibase-core/jars/liquibase-core-2.0.5.jar
7f7aecf21000-7f7aecf2a000 r--s 00080000 08:02 5767285                    /home/jam/.grails/ivy-cache/org.quartz-scheduler/quartz/jars/quartz-2.1.5.jar
7f7aecf2a000-7f7aecf31000 r--s 00035000 08:02 4851541                    /home/jam/.grails/ivy-cache/org.springframework.security/spring-security-web/jars/spring-security-web-3.0.7.RELEASE.jar
7f7aecf31000-7f7aecf3b000 r--s 00043000 08:02 4851538                    /home/jam/.grails/ivy-cache/org.springframework.security/spring-security-core/jars/spring-security-core-3.0.7.RELEASE.jar
7f7aecf3b000-7f7aecf3c000 r--s 00004000 08:02 5637614                    /home/jam/.grails/ivy-cache/net.sf.opencsv/opencsv/jars/opencsv-2.3.jar
7f7aecf3c000-7f7aecf42000 r--s 0007e000 08:02 5637426                    /home/jam/.grails/ivy-cache/postgresql/postgresql/jars/postgresql-9.0-801.jdbc4.jar
7f7aecf42000-7f7aecf49000 r--s 000bd000 08:02 4722926                    /home/jam/.grails/ivy-cache/mysql/mysql-connector-java/jars/mysql-connector-java-5.1.20.jar
7f7aecf49000-7f7aecf4b000 r--s 00000000 08:02 4722133                    /home/jam/.grails/ivy-cache/org.slf4j/jul-to-slf4j/jars/jul-to-slf4j-1.6.2.jar
7f7aecf4b000-7f7aecf4d000 r--s 00003000 08:02 4722131                    /home/jam/.grails/ivy-cache/org.slf4j/jcl-over-slf4j/jars/jcl-over-slf4j-1.6.2.jar
7f7aecf4d000-7f7aecf56000 r--s 0006d000 08:02 4722129                    /home/jam/.grails/ivy-cache/log4j/log4j/bundles/log4j-1.2.16.jar
7f7aecf56000-7f7aecf6b000 r--s 000e3000 08:02 4722127                    /home/jam/.grails/ivy-cache/net.sf.ehcache/ehcache-core/jars/ehcache-core-2.4.6.jar
7f7aecf6b000-7f7aecf6d000 r--s 00005000 08:02 4722125                    /home/jam/.grails/ivy-cache/xpp3/xpp3_min/jars/xpp3_min-1.1.4c.jar
7f7aecf6d000-7f7aecf6f000 r--s 00004000 08:02 4722123                    /home/jam/.grails/ivy-cache/javax.servlet/jstl/jars/jstl-1.1.2.jar
7f7aecf6f000-7f7aecf79000 r--s 0012c000 08:02 4722121                    /home/jam/.grails/ivy-cache/com.h2database/h2/jars/h2-1.3.164.jar
7f7aecf79000-7f7aecf7c000 r--s 00016000 08:02 4722119                    /home/jam/.grails/ivy-cache/commons-pool/commons-pool/jars/commons-pool-1.5.6.jar
7f7aecf7c000-7f7aecf7f000 r--s 00025000 08:02 4722117                    /home/jam/.grails/ivy-cache/commons-dbcp/commons-dbcp/jars/commons-dbcp-1.4.jar
7f7aecf7f000-7f7aecf86000 r--s 0003e000 08:02 4722109                    /home/jam/.grails/ivy-cache/cglib/cglib/jars/cglib-2.2.jar
7f7aecf86000-7f7aecf8a000 r--s 00019000 08:02 4722107                    /home/jam/.grails/ivy-cache/org.aspectj/aspectjrt/jars/aspectjrt-1.6.10.jar
7f7aecf8a000-7f7aecfa0000 r--s 00184000 08:02 4722105                    /home/jam/.grails/ivy-cache/org.aspectj/aspectjweaver/jars/aspectjweaver-1.6.10.jar
7f7aecfa0000-7f7aecfa7000 r--s 00056000 08:02 4722103                    /home/jam/.grails/ivy-cache/org.grails/grails-datastore-simple/jars/grails-datastore-simple-1.1.0.RELEASE.jar
7f7aecfa7000-7f7aecfb0000 r--s 00044000 08:02 4722101                    /home/jam/.grails/ivy-cache/org.grails/grails-datastore-core/jars/grails-datastore-core-1.1.0.RELEASE.jar
7f7aecfb0000-7f7aecfb5000 r--s 0004c000 08:02 4722099                    /home/jam/.grails/ivy-cache/org.grails/grails-datastore-gorm/jars/grails-datastore-gorm-1.1.0.RELEASE.jar
7f7aecfb5000-7f7aecfc0000 r--s 00082000 08:02 4722097                    /home/jam/.grails/ivy-cache/org.springframework/spring-webmvc/jars/spring-webmvc-3.1.2.RELEASE.jar
7f7aecfc0000-7f7aecfcc000 r--s 0007a000 08:02 4722095                    /home/jam/.grails/ivy-cache/org.springframework/spring-web/jars/spring-web-3.1.2.RELEASE.jar
7f7aecfcc000-7f7aecfd3000 r--s 00035000 08:02 4722093                    /home/jam/.grails/ivy-cache/org.springframework/spring-tx/jars/spring-tx-3.1.2.RELEASE.jar
7f7aecfd3000-7f7aecfdc000 r--s 00054000 08:02 4722091                    /home/jam/.grails/ivy-cache/org.springframework/spring-orm/jars/spring-orm-3.1.2.RELEASE.jar
7f7aecfdc000-7f7aecfe1000 r--s 0002c000 08:02 4722089                    /home/jam/.grails/ivy-cache/org.springframework/spring-jms/jars/spring-jms-3.1.2.RELEASE.jar
7f7aecfe1000-7f7aecfeb000 r--s 00059000 08:02 4722087                    /home/jam/.grails/ivy-cache/org.springframework/spring-jdbc/jars/spring-jdbc-3.1.2.RELEASE.jar
7f7aecfeb000-7f7aed000000 r--s 000b7000 08:02 4722081                    /home/jam/.grails/ivy-cache/org.springframework/spring-context/jars/spring-context-3.1.2.RELEASE.jar
7f7aed000000-7f7aed7e0000 rwxp 00000000 00:00 0 
7f7aed7e0000-7f7af0ba1000 rw-p 00000000 00:00 0 
7f7af0ba1000-7f7af4000000 ---p 00000000 00:00 0 
7f7af4001000-7f7af4003000 r--s 0000e000 08:02 4722115                    /home/jam/.grails/ivy-cache/oro/oro/jars/oro-2.0.8.jar
7f7af4003000-7f7af4005000 r--s 0000d000 08:02 4722113                    /home/jam/.grails/ivy-cache/commons-fileupload/commons-fileupload/jars/commons-fileupload-1.2.2.jar
7f7af4005000-7f7af4009000 r--s 00027000 08:02 4722085                    /home/jam/.grails/ivy-cache/org.springframework/spring-expression/jars/spring-expression-3.1.2.RELEASE.jar
7f7af4009000-7f7af400c000 r--s 00018000 08:02 4722083                    /home/jam/.grails/ivy-cache/org.springframework/spring-context-support/jars/spring-context-support-3.1.2.RELEASE.jar
7f7af400c000-7f7af4018000 r--s 00085000 08:02 4722079                    /home/jam/.grails/ivy-cache/org.springframework/spring-beans/jars/spring-beans-3.1.2.RELEASE.jar
7f7af4018000-7f7af4019000 r--s 0000c000 08:02 4722077                    /home/jam/.grails/ivy-cache/org.springframework/spring-asm/jars/spring-asm-3.1.2.RELEASE.jar
7f7af4019000-7f7af401b000 r--s 0000b000 08:02 4722075                    /home/jam/.grails/ivy-cache/org.springframework/spring-aspects/jars/spring-aspects-3.1.2.RELEASE.jar
7f7af401b000-7f7af4024000 r--s 00049000 08:02 4722073                    /home/jam/.grails/ivy-cache/org.springframework/spring-aop/jars/spring-aop-3.1.2.RELEASE.jar
7f7af4024000-7f7af402e000 r--s 00064000 08:02 4722071                    /home/jam/.grails/ivy-cache/org.springframework/spring-core/jars/spring-core-3.1.2.RELEASE.jar
7f7af402e000-7f7af4030000 r--s 00008000 08:02 4722069                    /home/jam/.grails/ivy-cache/org.grails/grails-plugin-validation/jars/grails-plugin-validation-2.1.1.jar
7f7af4030000-7f7af4033000 r--s 0001c000 08:02 4722067                    /home/jam/.grails/ivy-cache/org.grails/grails-plugin-url-mappings/jars/grails-plugin-url-mappings-2.1.1.jar
7f7af4033000-7f7af4035000 r--s 0000f000 08:02 4722065                    /home/jam/.grails/ivy-cache/org.grails/grails-plugin-mimetypes/jars/grails-plugin-mimetypes-2.1.1.jar
7f7af4035000-7f7af4037000 r--s 00005000 08:02 4722063                    /home/jam/.grails/ivy-cache/org.grails/grails-plugin-servlets/jars/grails-plugin-servlets-2.1.1.jar
7f7af4037000-7f7af4038000 r--s 00008000 08:02 4722061                    /home/jam/.grails/ivy-cache/org.grails/grails-plugin-services/jars/grails-plugin-services-2.1.1.jar
7f7af4038000-7f7af403a000 r--s 00006000 08:02 4722059                    /home/jam/.grails/ivy-cache/org.grails/grails-plugin-scaffolding/jars/grails-plugin-scaffolding-2.1.1.jar
7f7af403a000-7f7af403c000 r--s 0000e000 08:02 4722057                    /home/jam/.grails/ivy-cache/org.grails/grails-plugin-log4j/jars/grails-plugin-log4j-2.1.1.jar
7f7af403c000-7f7af403e000 r--s 00005000 08:02 4722055                    /home/jam/.grails/ivy-cache/org.grails/grails-plugin-i18n/jars/grails-plugin-i18n-2.1.1.jar
7f7af403e000-7f7af4045000 r--s 0006d000 08:02 4722053                    /home/jam/.grails/ivy-cache/org.grails/grails-plugin-gsp/jars/grails-plugin-gsp-2.1.1.jar
7f7af4045000-7f7af4047000 r--s 0000e000 08:02 4722051                    /home/jam/.grails/ivy-cache/org.grails/grails-plugin-filters/jars/grails-plugin-filters-2.1.1.jar
7f7af4047000-7f7af4049000 r--s 00009000 08:02 4722049                    /home/jam/.grails/ivy-cache/org.grails/grails-plugin-datasource/jars/grails-plugin-datasource-2.1.1.jar
7f7af4049000-7f7af404d000 r--s 00024000 08:02 4722047                    /home/jam/.grails/ivy-cache/org.grails/grails-plugin-converters/jars/grails-plugin-converters-2.1.1.jar
7f7af404d000-7f7af4050000 r--s 00019000 08:02 4722045                    /home/jam/.grails/ivy-cache/org.grails/grails-plugin-domain-class/jars/grails-plugin-domain-class-2.1.1.jar
7f7af4050000-7f7af4054000 r--s 00028000 08:02 4722043                    /home/jam/.grails/ivy-cache/org.grails/grails-plugin-controllers/jars/grails-plugin-controllers-2.1.1.jar
7f7af4054000-7f7af4056000 r--s 00015000 08:02 4722041                    /home/jam/.grails/ivy-cache/org.grails/grails-plugin-codecs/jars/grails-plugin-codecs-2.1.1.jar
7f7af4056000-7f7af4057000 r--s 00000000 08:02 4722039                    /home/jam/.grails/ivy-cache/org.grails/grails-logging/jars/grails-logging-2.1.1.jar
7f7af4057000-7f7af4059000 r--s 00009000 08:02 4722037                    /home/jam/.grails/ivy-cache/org.grails/grails-spring/jars/grails-spring-2.1.1.jar
7f7af4059000-7f7af4063000 r--s 0008a000 08:02 4722035                    /home/jam/.grails/ivy-cache/org.grails/grails-hibernate/jars/grails-hibernate-2.1.1.jar
7f7af4063000-7f7af4065000 r--s 00009000 08:02 4722033                    /home/jam/.grails/ivy-cache/org.grails/grails-crud/jars/grails-crud-2.1.1.jar
7f7af4065000-7f7af406b000 r--s 00027000 08:02 4722031                    /home/jam/.grails/ivy-cache/opensymphony/sitemesh/jars/sitemesh-2.4.jar
7f7af406b000-7f7af4070000 r--s 00015000 08:02 4722029                    /home/jam/.grails/ivy-cache/org.hibernate.javax.persistence/hibernate-jpa-2.0-api/jars/hibernate-jpa-2.0-api-1.0.1.Final.jar
7f7af4070000-7f7af4071000 r--s 00003000 08:02 4722027                    /home/jam/.grails/ivy-cache/javax.transaction/jta/jars/jta-1.1.jar
7f7af4071000-7f7af4076000 r--s 00041000 08:02 4722025                    /home/jam/.grails/ivy-cache/commons-lang/commons-lang/jars/commons-lang-2.6.jar
7f7af4076000-7f7af4079000 r--s 00025000 08:02 4722023                    /home/jam/.grails/ivy-cache/commons-io/commons-io/jars/commons-io-2.1.jar
7f7af4079000-7f7af4087000 r--s 0007f000 08:02 4722021                    /home/jam/.grails/ivy-cache/commons-collections/commons-collections/jars/commons-collections-3.2.1.jar
7f7af4087000-7f7af4089000 r--s 00010000 08:02 4722019                    /home/jam/.grails/ivy-cache/commons-codec/commons-codec/jars/commons-codec-1.5.jar
7f7af4089000-7f7af408b000 r--s 00000000 08:02 4722017                    /home/jam/.grails/ivy-cache/aopalliance/aopalliance/jars/aopalliance-1.0.jar
7f7af408b000-7f7af408e000 r--s 0001f000 08:02 4722015                    /home/jam/.grails/ivy-cache/commons-validator/commons-validator/jars/commons-validator-1.3.1.jar
7f7af408e000-7f7af4091000 r--s 00019000 08:02 4722013                    /home/jam/.grails/ivy-cache/commons-el/commons-el/jars/commons-el-1.0.jar
7f7af4091000-7f7af4096000 r--s 00034000 08:02 4722011                    /home/jam/.grails/ivy-cache/commons-beanutils/commons-beanutils/jars/commons-beanutils-1.8.3.jar
7f7af4096000-7f7af40f4000 r--s 00592000 08:02 4722009                    /home/jam/.grails/ivy-cache/org.codehaus.groovy/groovy-all/jars/groovy-all-1.8.8.jar
7f7af40f4000-7f7af40f6000 r--s 0000d000 08:02 5508471                    /home/jam/.grails/ivy-cache/org.grails/grails-plugin-tomcat/jars/grails-plugin-tomcat-2.1.1.jar
7f7af40f6000-7f7af4106000 r--s 0019c000 08:02 5508469                    /home/jam/.grails/ivy-cache/org.eclipse.jdt.core.compiler/ecj/jars/ecj-3.7.2.jar
7f7af4106000-7f7af4108000 r--s 00008000 08:02 5508467                    /home/jam/.grails/ivy-cache/org.apache.tomcat.embed/tomcat-embed-logging-juli/jars/tomcat-embed-logging-juli-7.0.30.jar
7f7af4108000-7f7af410a000 r--s 00013000 08:02 4721761                    /home/jam/.grails/ivy-cache/org.apache.tomcat.embed/tomcat-embed-logging-log4j/jars/tomcat-embed-logging-log4j-7.0.30.jar
7f7af410a000-7f7af4115000 r--s 000b6000 08:02 4721759                    /home/jam/.grails/ivy-cache/org.apache.tomcat.embed/tomcat-embed-jasper/jars/tomcat-embed-jasper-7.0.30.jar
7f7af4115000-7f7af4137000 r--s 00254000 08:02 4721757                    /home/jam/.grails/ivy-cache/org.apache.tomcat.embed/tomcat-embed-core/jars/tomcat-embed-core-7.0.30.jar
7f7af4137000-7f7af4139000 r--s 0000c000 08:02 5508465                    /home/jam/.grails/ivy-cache/org.apache.tomcat/tomcat-catalina-ant/jars/tomcat-catalina-ant-7.0.30.jar
7f7af4139000-7f7af413a000 r--s 00001000 08:02 4721467                    /home/jam/.grails/ivy-cache/org.apache.ant/ant-trax/jars/ant-trax-1.7.1.jar
7f7af413a000-7f7af413c000 r--s 00017000 08:02 4721465                    /home/jam/.grails/ivy-cache/org.apache.ant/ant-junit/jars/ant-junit-1.8.2.jar
7f7af413c000-7f7af413e000 r--s 00002000 08:02 4721463                    /home/jam/.grails/ivy-cache/org.apache.ant/ant-launcher/jars/ant-launcher-1.8.2.jar
7f7af413e000-7f7af415c000 r--s 001bb000 08:02 4721461                    /home/jam/.grails/ivy-cache/org.apache.ant/ant/jars/ant-1.8.2.jar
7f7af415c000-7f7af4163000 r--s 00037000 08:02 4721459                    /home/jam/.grails/ivy-cache/junit/junit/jars/junit-4.10.jar
7f7af4163000-7f7af4166000 r--s 0000b000 08:02 4721456                    /home/jam/.grails/ivy-cache/com.googlecode.concurrentlinkedhashmap/concurrentlinkedhashmap-lru/jars/concurrentlinkedhashmap-lru-1.2_jdk5.jar
7f7af4166000-7f7af416c000 r--s 00033000 08:02 4721454                    /home/jam/.grails/ivy-cache/org.springframework/spring-test/jars/spring-test-3.1.2.RELEASE.jar
7f7af416c000-7f7af416e000 r--s 00005000 08:02 4721452                    /home/jam/.grails/ivy-cache/org.slf4j/slf4j-api/jars/slf4j-api-1.6.2.jar
7f7af416e000-7f7af4183000 r-xp 00000000 08:02 18747986                   /usr/lib/jvm/java-6-openjdk-amd64/jre/lib/amd64/libnet.so
7f7af4183000-7f7af4382000 ---p 00015000 08:02 18747986                   /usr/lib/jvm/java-6-openjdk-amd64/jre/lib/amd64/libnet.so
7f7af4382000-7f7af4383000 r--p 00014000 08:02 18747986                   /usr/lib/jvm/java-6-openjdk-amd64/jre/lib/amd64/libnet.so
7f7af4383000-7f7af4384000 rw-p 00015000 08:02 18747986                   /usr/lib/jvm/java-6-openjdk-amd64/jre/lib/amd64/libnet.so
7f7af4384000-7f7af4387000 ---p 00000000 00:00 0 
7f7af4387000-7f7af4485000 rw-p 00000000 00:00 0 
7f7af4485000-7f7af4492000 r--s 000b7000 08:02 4721450                    /home/jam/.grails/ivy-cache/org.grails/grails-web/jars/grails-web-2.1.1.jar
7f7af4492000-7f7af4495000 r--s 00026000 08:02 4721448                    /home/jam/.grails/ivy-cache/org.grails/grails-resources/jars/grails-resources-2.1.1.jar
7f7af4495000-7f7af44a3000 r--s 000b5000 08:02 4721446                    /home/jam/.grails/ivy-cache/org.grails/grails-core/jars/grails-core-2.1.1.jar
7f7af44a3000-7f7af44ae000 r--s 000fe000 08:02 4721444                    /home/jam/.grails/ivy-cache/org.grails/grails-scripts/jars/grails-scripts-2.1.1.jar
7f7af44ae000-7f7af44b7000 r--s 000a8000 08:02 4721442                    /home/jam/.grails/ivy-cache/org.grails/grails-bootstrap/jars/grails-bootstrap-2.1.1.jar
7f7af44b7000-7f7af44ba000 r--s 00044000 08:02 4721440                    /home/jam/.grails/ivy-cache/org.grails/grails-docs/jars/grails-docs-2.1.1.jar
7f7af44ba000-7f7af44bd000 r--s 00041000 08:02 4721438                    /home/jam/.grails/ivy-cache/xalan/serializer/jars/serializer-2.7.1.jar
7f7af44bd000-7f7af44c0000 r--s 000cf000 08:02 4721436                    /home/jam/.grails/ivy-cache/net.java.dev.jna/jna/jars/jna-3.2.3.jar
7f7af44c0000-7f7af44c2000 r--s 00008000 08:02 4721434                    /home/jam/.grails/ivy-cache/org.fusesource.jansi/jansi/jars/jansi-1.2.1.jar
7f7af44c2000-7f7af44d1000 r--s 000d9000 08:02 4721424                    /home/jam/.grails/ivy-cache/org.apache.ivy/ivy/jars/ivy-2.2.0.jar
7f7af44d1000-7f7af44d3000 r--s 00015000 08:02 4721422                    /home/jam/.grails/ivy-cache/jline/jline/jars/jline-1.0.jar
7f7af44d3000-7f7af44f8000 r--s 00172000 08:02 4721397                    /home/jam/.grails/ivy-cache/org.bouncycastle/bcprov-jdk15/jars/bcprov-jdk15-1.45.jar
7f7af44f8000-7f7af44fd000 r--s 00024000 08:02 4721394                    /home/jam/.grails/ivy-cache/org.bouncycastle/bcpg-jdk15/jars/bcpg-jdk15-1.45.jar
7f7af44fd000-7f7af44fe000 r--s 00003000 08:02 4721392                    /home/jam/.grails/ivy-cache/com.googlecode.json-simple/json-simple/jars/json-simple-1.1.jar
7f7af44fe000-7f7af4504000 r--s 00068000 08:02 4721389                    /home/jam/.grails/ivy-cache/com.google.protobuf/protobuf-java/jars/protobuf-java-2.4.1.jar
7f7af4504000-7f7af4507000 r--s 0001a000 08:02 4721386                    /home/jam/.grails/ivy-cache/org.springframework.uaa/org.springframework.uaa.client/bundles/org.springframework.uaa.client-1.0.1.RELEASE.jar
7f7af4507000-7f7af451c000 r-xp 00000000 08:02 8650795                    /tmp/jna6821896446427302441.tmp
7f7af451c000-7f7af461b000 ---p 00015000 08:02 8650795                    /tmp/jna6821896446427302441.tmp
7f7af461b000-7f7af461d000 rw-p 00014000 08:02 8650795                    /tmp/jna6821896446427302441.tmp
7f7af461d000-7f7af467d000 r--s 00d92000 08:02 18877160                   /usr/lib/jvm/java-6-openjdk-amd64/lib/tools.jar
7f7af467d000-7f7af4682000 r--s 00050000 08:02 4587551                    /home/jam/Applications/grails-2.1.1/lib/org.codehaus.gant/gant_groovy1.8/jars/gant_groovy1.8-1.9.6.jar
7f7af4682000-7f7af46a0000 r--s 001bb000 08:02 15997849                   /home/jam/Applications/grails-2.1.1/lib/org.apache.ant/ant/jars/ant-1.8.2.jar
7f7af46a0000-7f7af46af000 r--s 000d9000 08:02 3933556                    /home/jam/Applications/grails-2.1.1/lib/org.apache.ivy/ivy/jars/ivy-2.2.0.jar
7f7af46af000-7f7af46b1000 r--s 00009000 08:02 15730918                   /home/jam/Applications/grails-2.1.1/lib/commons-cli/commons-cli/jars/commons-cli-1.2.jar
7f7af46b1000-7f7af46b4000 r--s 000cf000 08:02 15997829                   /home/jam/Applications/grails-2.1.1/lib/net.java.dev.jna/jna/jars/jna-3.2.3.jar
7f7af46b4000-7f7af46b5000 ---p 00000000 00:00 0 
7f7af46b5000-7f7af47b5000 rw-p 00000000 00:00 0 
7f7af47b5000-7f7af47b8000 ---p 00000000 00:00 0 
7f7af47b8000-7f7af48b6000 rw-p 00000000 00:00 0 
7f7af48b6000-7f7af48b9000 ---p 00000000 00:00 0 
7f7af48b9000-7f7af49b7000 rw-p 00000000 00:00 0 
7f7af49b7000-7f7af49ba000 ---p 00000000 00:00 0 
7f7af49ba000-7f7af4ab8000 rw-p 00000000 00:00 0 
7f7af4ab8000-7f7af4b16000 r--s 00592000 08:02 4587821                    /home/jam/Applications/grails-2.1.1/lib/org.codehaus.groovy/groovy-all/jars/groovy-all-1.8.8.jar
7f7af4b16000-7f7af4b19000 ---p 00000000 00:00 0 
7f7af4b19000-7f7af4c17000 rw-p 00000000 00:00 0 
7f7af4c17000-7f7af53f2000 r--p 00000000 08:02 16128286                   /usr/lib/locale/locale-archive
7f7af53f2000-7f7af53f5000 ---p 00000000 00:00 0 
7f7af53f5000-7f7af54f3000 rw-p 00000000 00:00 0 
7f7af54f3000-7f7af54f6000 ---p 00000000 00:00 0 
7f7af54f6000-7f7af55f4000 rw-p 00000000 00:00 0 
7f7af55f4000-7f7af55f5000 ---p 00000000 00:00 0 
7f7af55f5000-7f7af5c2d000 rw-p 00000000 00:00 0 
7f7af5c2d000-7f7af5dbf000 r--s 037bf000 08:02 18616443                   /usr/lib/jvm/java-6-openjdk-amd64/jre/lib/rt.jar
7f7af5dbf000-7f7af5de7000 rw-p 00000000 00:00 0 
7f7af5de7000-7f7af5de8000 ---p 00000000 00:00 0 
7f7af5de8000-7f7af5ee8000 rw-p 00000000 00:00 0 
7f7af5ee8000-7f7af5ee9000 ---p 00000000 00:00 0 
7f7af5ee9000-7f7af5fe9000 rw-p 00000000 00:00 0 
7f7af5fe9000-7f7af5fea000 ---p 00000000 00:00 0 
7f7af5fea000-7f7af60ea000 rw-p 00000000 00:00 0 
7f7af60ea000-7f7af60eb000 ---p 00000000 00:00 0 
7f7af60eb000-7f7af63eb000 rw-p 00000000 00:00 0 
7f7af63eb000-7f7af656c000 rw-p 00000000 00:00 0 
7f7af656c000-7f7af6573000 r-xp 00000000 08:02 18748006                   /usr/lib/jvm/java-6-openjdk-amd64/jre/lib/amd64/libzip.so
7f7af6573000-7f7af6772000 ---p 00007000 08:02 18748006                   /usr/lib/jvm/java-6-openjdk-amd64/jre/lib/amd64/libzip.so
7f7af6772000-7f7af6773000 r--p 00006000 08:02 18748006                   /usr/lib/jvm/java-6-openjdk-amd64/jre/lib/amd64/libzip.so
7f7af6773000-7f7af6774000 rw-p 00007000 08:02 18748006                   /usr/lib/jvm/java-6-openjdk-amd64/jre/lib/amd64/libzip.so
7f7af6774000-7f7af6780000 r-xp 00000000 08:02 16256549                   /lib/x86_64-linux-gnu/libnss_files-2.15.so
7f7af6780000-7f7af697f000 ---p 0000c000 08:02 16256549                   /lib/x86_64-linux-gnu/libnss_files-2.15.so
7f7af697f000-7f7af6980000 r--p 0000b000 08:02 16256549                   /lib/x86_64-linux-gnu/libnss_files-2.15.so
7f7af6980000-7f7af6981000 rw-p 0000c000 08:02 16256549                   /lib/x86_64-linux-gnu/libnss_files-2.15.so
7f7af6981000-7f7af698b000 r-xp 00000000 08:02 16256553                   /lib/x86_64-linux-gnu/libnss_nis-2.15.so
7f7af698b000-7f7af6b8b000 ---p 0000a000 08:02 16256553                   /lib/x86_64-linux-gnu/libnss_nis-2.15.so
7f7af6b8b000-7f7af6b8c000 r--p 0000a000 08:02 16256553                   /lib/x86_64-linux-gnu/libnss_nis-2.15.so
7f7af6b8c000-7f7af6b8d000 rw-p 0000b000 08:02 16256553                   /lib/x86_64-linux-gnu/libnss_nis-2.15.so
7f7af6b8d000-7f7af6ba4000 r-xp 00000000 08:02 16256543                   /lib/x86_64-linux-gnu/libnsl-2.15.so
7f7af6ba4000-7f7af6da3000 ---p 00017000 08:02 16256543                   /lib/x86_64-linux-gnu/libnsl-2.15.so
7f7af6da3000-7f7af6da4000 r--p 00016000 08:02 16256543                   /lib/x86_64-linux-gnu/libnsl-2.15.so
7f7af6da4000-7f7af6da5000 rw-p 00017000 08:02 16256543                   /lib/x86_64-linux-gnu/libnsl-2.15.so
7f7af6da5000-7f7af6da7000 rw-p 00000000 00:00 0 
7f7af6da7000-7f7af6daf000 r-xp 00000000 08:02 16256545                   /lib/x86_64-linux-gnu/libnss_compat-2.15.so
7f7af6daf000-7f7af6fae000 ---p 00008000 08:02 16256545                   /lib/x86_64-linux-gnu/libnss_compat-2.15.so
7f7af6fae000-7f7af6faf000 r--p 00007000 08:02 16256545                   /lib/x86_64-linux-gnu/libnss_compat-2.15.so
7f7af6faf000-7f7af6fb0000 rw-p 00008000 08:02 16256545                   /lib/x86_64-linux-gnu/libnss_compat-2.15.so
7f7af6fb0000-7f7af6fb9000 r-xp 00000000 08:02 18747976                   /usr/lib/jvm/java-6-openjdk-amd64/jre/lib/amd64/libinstrument.so
7f7af6fb9000-7f7af71b9000 ---p 00009000 08:02 18747976                   /usr/lib/jvm/java-6-openjdk-amd64/jre/lib/amd64/libinstrument.so
7f7af71b9000-7f7af71ba000 r--p 00009000 08:02 18747976                   /usr/lib/jvm/java-6-openjdk-amd64/jre/lib/amd64/libinstrument.so
7f7af71ba000-7f7af71bb000 rw-p 0000a000 08:02 18747976                   /usr/lib/jvm/java-6-openjdk-amd64/jre/lib/amd64/libinstrument.so
7f7af71bb000-7f7af71e7000 r-xp 00000000 08:02 18747994                   /usr/lib/jvm/java-6-openjdk-amd64/jre/lib/amd64/libjava.so
7f7af71e7000-7f7af73e6000 ---p 0002c000 08:02 18747994                   /usr/lib/jvm/java-6-openjdk-amd64/jre/lib/amd64/libjava.so
7f7af73e6000-7f7af73e7000 r--p 0002b000 08:02 18747994                   /usr/lib/jvm/java-6-openjdk-amd64/jre/lib/amd64/libjava.so
7f7af73e7000-7f7af73ea000 rw-p 0002c000 08:02 18747994                   /usr/lib/jvm/java-6-openjdk-amd64/jre/lib/amd64/libjava.so
7f7af73ea000-7f7af73f8000 r-xp 00000000 08:02 18747993                   /usr/lib/jvm/java-6-openjdk-amd64/jre/lib/amd64/libverify.so
7f7af73f8000-7f7af75f7000 ---p 0000e000 08:02 18747993                   /usr/lib/jvm/java-6-openjdk-amd64/jre/lib/amd64/libverify.so
7f7af75f7000-7f7af75f9000 r--p 0000d000 08:02 18747993                   /usr/lib/jvm/java-6-openjdk-amd64/jre/lib/amd64/libverify.so
7f7af75f9000-7f7af75fa000 rw-p 0000f000 08:02 18747993                   /usr/lib/jvm/java-6-openjdk-amd64/jre/lib/amd64/libverify.so
7f7af75fa000-7f7af7601000 r-xp 00000000 08:02 16256584                   /lib/x86_64-linux-gnu/librt-2.15.so
7f7af7601000-7f7af7800000 ---p 00007000 08:02 16256584                   /lib/x86_64-linux-gnu/librt-2.15.so
7f7af7800000-7f7af7801000 r--p 00006000 08:02 16256584                   /lib/x86_64-linux-gnu/librt-2.15.so
7f7af7801000-7f7af7802000 rw-p 00007000 08:02 16256584                   /lib/x86_64-linux-gnu/librt-2.15.so
7f7af7802000-7f7af7817000 r-xp 00000000 08:02 16256519                   /lib/x86_64-linux-gnu/libgcc_s.so.1
7f7af7817000-7f7af7a16000 ---p 00015000 08:02 16256519                   /lib/x86_64-linux-gnu/libgcc_s.so.1
7f7af7a16000-7f7af7a17000 r--p 00014000 08:02 16256519                   /lib/x86_64-linux-gnu/libgcc_s.so.1
7f7af7a17000-7f7af7a18000 rw-p 00015000 08:02 16256519                   /lib/x86_64-linux-gnu/libgcc_s.so.1
7f7af7a18000-7f7af7b11000 r-xp 00000000 08:02 16256530                   /lib/x86_64-linux-gnu/libm-2.15.so
7f7af7b11000-7f7af7d10000 ---p 000f9000 08:02 16256530                   /lib/x86_64-linux-gnu/libm-2.15.so
7f7af7d10000-7f7af7d11000 r--p 000f8000 08:02 16256530                   /lib/x86_64-linux-gnu/libm-2.15.so
7f7af7d11000-7f7af7d12000 rw-p 000f9000 08:02 16256530                   /lib/x86_64-linux-gnu/libm-2.15.so
7f7af7d12000-7f7af7df4000 r-xp 00000000 08:02 16129397                   /usr/lib/x86_64-linux-gnu/libstdc++.so.6.0.16
7f7af7df4000-7f7af7ff3000 ---p 000e2000 08:02 16129397                   /usr/lib/x86_64-linux-gnu/libstdc++.so.6.0.16
7f7af7ff3000-7f7af7ffb000 r--p 000e1000 08:02 16129397                   /usr/lib/x86_64-linux-gnu/libstdc++.so.6.0.16
7f7af7ffb000-7f7af7ffd000 rw-p 000e9000 08:02 16129397                   /usr/lib/x86_64-linux-gnu/libstdc++.so.6.0.16
7f7af7ffd000-7f7af8012000 rw-p 00000000 00:00 0 
7f7af8012000-7f7af8916000 r-xp 00000000 08:02 18877146                   /usr/lib/jvm/java-6-openjdk-amd64/jre/lib/amd64/server/libjvm.so
7f7af8916000-7f7af8b16000 ---p 00904000 08:02 18877146                   /usr/lib/jvm/java-6-openjdk-amd64/jre/lib/amd64/server/libjvm.so
7f7af8b16000-7f7af8b96000 r--p 00904000 08:02 18877146                   /usr/lib/jvm/java-6-openjdk-amd64/jre/lib/amd64/server/libjvm.so
7f7af8b96000-7f7af8bb1000 rw-p 00984000 08:02 18877146                   /usr/lib/jvm/java-6-openjdk-amd64/jre/lib/amd64/server/libjvm.so
7f7af8bb1000-7f7af8bda000 rw-p 00000000 00:00 0 
7f7af8bda000-7f7af8bf0000 r-xp 00000000 08:02 16256609                   /lib/x86_64-linux-gnu/libz.so.1.2.3.4
7f7af8bf0000-7f7af8def000 ---p 00016000 08:02 16256609                   /lib/x86_64-linux-gnu/libz.so.1.2.3.4
7f7af8def000-7f7af8df0000 r--p 00015000 08:02 16256609                   /lib/x86_64-linux-gnu/libz.so.1.2.3.4
7f7af8df0000-7f7af8df1000 rw-p 00016000 08:02 16256609                   /lib/x86_64-linux-gnu/libz.so.1.2.3.4
7f7af8df1000-7f7af8fa4000 r-xp 00000000 08:02 16256498                   /lib/x86_64-linux-gnu/libc-2.15.so
7f7af8fa4000-7f7af91a3000 ---p 001b3000 08:02 16256498                   /lib/x86_64-linux-gnu/libc-2.15.so
7f7af91a3000-7f7af91a7000 r--p 001b2000 08:02 16256498                   /lib/x86_64-linux-gnu/libc-2.15.so
7f7af91a7000-7f7af91a9000 rw-p 001b6000 08:02 16256498                   /lib/x86_64-linux-gnu/libc-2.15.so
7f7af91a9000-7f7af91ae000 rw-p 00000000 00:00 0 
7f7af91ae000-7f7af91b0000 r-xp 00000000 08:02 16256511                   /lib/x86_64-linux-gnu/libdl-2.15.so
7f7af91b0000-7f7af93b0000 ---p 00002000 08:02 16256511                   /lib/x86_64-linux-gnu/libdl-2.15.so
7f7af93b0000-7f7af93b1000 r--p 00002000 08:02 16256511                   /lib/x86_64-linux-gnu/libdl-2.15.so
7f7af93b1000-7f7af93b2000 rw-p 00003000 08:02 16256511                   /lib/x86_64-linux-gnu/libdl-2.15.so
7f7af93b2000-7f7af93b6000 r-xp 00000000 08:02 18747978                   /usr/lib/jvm/java-6-openjdk-amd64/jre/lib/amd64/jli/libjli.so
7f7af93b6000-7f7af95b5000 ---p 00004000 08:02 18747978                   /usr/lib/jvm/java-6-openjdk-amd64/jre/lib/amd64/jli/libjli.so
7f7af95b5000-7f7af95b6000 r--p 00003000 08:02 18747978                   /usr/lib/jvm/java-6-openjdk-amd64/jre/lib/amd64/jli/libjli.so
7f7af95b6000-7f7af95b7000 rw-p 00004000 08:02 18747978                   /usr/lib/jvm/java-6-openjdk-amd64/jre/lib/amd64/jli/libjli.so
7f7af95b7000-7f7af95cf000 r-xp 00000000 08:02 16256578                   /lib/x86_64-linux-gnu/libpthread-2.15.so
7f7af95cf000-7f7af97ce000 ---p 00018000 08:02 16256578                   /lib/x86_64-linux-gnu/libpthread-2.15.so
7f7af97ce000-7f7af97cf000 r--p 00017000 08:02 16256578                   /lib/x86_64-linux-gnu/libpthread-2.15.so
7f7af97cf000-7f7af97d0000 rw-p 00018000 08:02 16256578                   /lib/x86_64-linux-gnu/libpthread-2.15.so
7f7af97d0000-7f7af97d4000 rw-p 00000000 00:00 0 
7f7af97d4000-7f7af97f6000 r-xp 00000000 08:02 16256478                   /lib/x86_64-linux-gnu/ld-2.15.so
7f7af97f6000-7f7af97f7000 r--s 0000a000 08:02 4722111                    /home/jam/.grails/ivy-cache/asm/asm/jars/asm-3.1.jar
7f7af97f7000-7f7af97fe000 r--s 000fb000 08:02 18489889                   /usr/lib/jvm/java-6-openjdk-common/jre/lib/resources.jar
7f7af97fe000-7f7af9805000 r--s 00067000 08:02 15730908                   /home/jam/Applications/grails-2.1.1/lib/com.springsource.springloaded/springloaded-core/jars/springloaded-core-1.0.6.jar
7f7af9805000-7f7af980e000 r--s 000a8000 08:02 15731003                   /home/jam/Applications/grails-2.1.1/dist/grails-bootstrap-2.1.1.jar
7f7af980e000-7f7af982e000 rw-p 00000000 00:00 0 
7f7af982e000-7f7af98ce000 rw-p 00000000 00:00 0 
7f7af98ce000-7f7af98d1000 ---p 00000000 00:00 0 
7f7af98d1000-7f7af99d4000 rw-p 00000000 00:00 0 
7f7af99d4000-7f7af99d6000 r--s 00008000 08:02 4587896                    /home/jam/Applications/grails-2.1.1/lib/org.fusesource.jansi/jansi/jars/jansi-1.2.1.jar
7f7af99d6000-7f7af99d8000 r--s 00015000 08:02 15862296                   /home/jam/Applications/grails-2.1.1/lib/jline/jline/jars/jline-1.0.jar
7f7af99d8000-7f7af99db000 r--s 0007d000 08:02 18489867                   /usr/lib/jvm/java-6-openjdk-common/jre/lib/jsse.jar
7f7af99db000-7f7af99df000 r--s 00038000 08:02 18489882                   /usr/lib/jvm/java-6-openjdk-common/jre/lib/ext/sunpkcs11.jar
7f7af99df000-7f7af99e2000 r--s 00031000 08:02 18489884                   /usr/lib/jvm/java-6-openjdk-common/jre/lib/ext/sunjce_provider.jar
7f7af99e2000-7f7af99e3000 r--s 00007000 08:02 16651090                   /usr/share/java/java-atk-wrapper.jar
7f7af99e3000-7f7af99e6000 r--s 00077000 08:02 18489883                   /usr/lib/jvm/java-6-openjdk-common/jre/lib/ext/localedata.jar
7f7af99e6000-7f7af99e8000 r--s 00001000 08:02 18489885                   /usr/lib/jvm/java-6-openjdk-common/jre/lib/ext/dnsns.jar
7f7af99e8000-7f7af99ea000 r--s 0000f000 08:02 18489886                   /usr/lib/jvm/java-6-openjdk-common/jre/lib/ext/pulse-java.jar
7f7af99ea000-7f7af99f2000 rw-s 00000000 08:02 8650794                    /tmp/hsperfdata_jam/14180
7f7af99f2000-7f7af99f3000 rw-p 00000000 00:00 0 
7f7af99f3000-7f7af99f4000 r--p 00000000 00:00 0 
7f7af99f4000-7f7af99f6000 rw-p 00000000 00:00 0 
7f7af99f6000-7f7af99f7000 r--p 00022000 08:02 16256478                   /lib/x86_64-linux-gnu/ld-2.15.so
7f7af99f7000-7f7af99f9000 rw-p 00023000 08:02 16256478                   /lib/x86_64-linux-gnu/ld-2.15.so
7fffc050d000-7fffc052e000 rw-p 00000000 00:00 0                          [stack]
7fffc0535000-7fffc0536000 r-xp 00000000 00:00 0                          [vdso]
ffffffffff600000-ffffffffff601000 r-xp 00000000 00:00 0                  [vsyscall]

VM Arguments:
jvm_args: -Xmx768M -Xms768M -XX:PermSize=256m -XX:MaxPermSize=256m -Dfile.encoding=UTF-8 -Dserver.port=8080 -Djline.WindowsTerminal.directConsole=false -javaagent:/home/jam/Applications/grails-2.1.1/lib/com.springsource.springloaded/springloaded-core/jars/springloaded-core-1.0.6.jar -Xverify:none -Dspringloaded=profile=grails;cacheDir=/home/jam/.grails/2.1.1/ -Dgrails.home=/home/jam/Applications/grails-2.1.1 -Dtools.jar=/usr/lib/jvm/default-java/lib/tools.jar 
java_command: org.codehaus.groovy.grails.cli.support.GrailsStarter --main org.codehaus.groovy.grails.cli.GrailsScriptRunner --conf /home/jam/Applications/grails-2.1.1/conf/groovy-starter.conf --classpath   run-app
Launcher Type: SUN_STANDARD

Environment Variables:
JAVA_HOME=/usr/lib/jvm/default-java
PATH=/usr/lib/lightdm/lightdm:/usr/local/sbin:/usr/local/bin:/usr/sbin:/usr/bin:/sbin:/bin:/usr/games
LD_LIBRARY_PATH=/usr/lib/jvm/java-6-openjdk-amd64/jre/lib/amd64/server:/usr/lib/jvm/java-6-openjdk-amd64/jre/lib/amd64:/usr/lib/jvm/java-6-openjdk-amd64/jre/../lib/amd64
SHELL=/bin/bash
DISPLAY=:0

Signal Handlers:
SIGSEGV: [libjvm.so+0x784310], sa_mask[0]=0x7ffbfeff, sa_flags=0x10000004
SIGBUS: [libjvm.so+0x784310], sa_mask[0]=0x7ffbfeff, sa_flags=0x10000004
SIGFPE: [libjvm.so+0x648580], sa_mask[0]=0x7ffbfeff, sa_flags=0x10000004
SIGPIPE: SIG_IGN, sa_mask[0]=0x00000000, sa_flags=0x00000000
SIGXFSZ: [libjvm.so+0x648580], sa_mask[0]=0x7ffbfeff, sa_flags=0x10000004
SIGILL: [libjvm.so+0x648580], sa_mask[0]=0x7ffbfeff, sa_flags=0x10000004
SIGUSR1: SIG_DFL, sa_mask[0]=0x00000000, sa_flags=0x00000000
SIGUSR2: [libjvm.so+0x648730], sa_mask[0]=0x00000004, sa_flags=0x10000004
SIGHUP: [libjvm.so+0x64b250], sa_mask[0]=0x7ffbfeff, sa_flags=0x10000004
SIGINT: SIG_IGN, sa_mask[0]=0x00000000, sa_flags=0x00000000
SIGTERM: [libjvm.so+0x64b250], sa_mask[0]=0x7ffbfeff, sa_flags=0x10000004
SIGQUIT: [libjvm.so+0x64b250], sa_mask[0]=0x7ffbfeff, sa_flags=0x10000004


---------------  S Y S T E M  ---------------

OS:Ubuntu 12.04 (precise)
uname:Linux 3.2.0-31-generic #50-Ubuntu SMP Fri Sep 7 16:16:45 UTC 2012 x86_64
libc:glibc 2.15 NPTL 2.15 
rlimit: STACK 8192k, CORE 0k, NPROC 59519, NOFILE 4096, AS infinity
load average:1.73 0.90 0.87

/proc/meminfo:
MemTotal:        7636272 kB
MemFree:          918292 kB
Buffers:          290936 kB
Cached:          2966820 kB
SwapCached:           44 kB
Active:          4245416 kB
Inactive:        1852776 kB
Active(anon):    2430404 kB
Inactive(anon):   419500 kB
Active(file):    1815012 kB
Inactive(file):  1433276 kB
Unevictable:          44 kB
Mlocked:              44 kB
SwapTotal:       7837776 kB
SwapFree:        7837480 kB
Dirty:              1084 kB
Writeback:             0 kB
AnonPages:       2840544 kB
Mapped:           294512 kB
Shmem:              9464 kB
Slab:             214020 kB
SReclaimable:     173824 kB
SUnreclaim:        40196 kB
KernelStack:        4816 kB
PageTables:        50972 kB
NFS_Unstable:          0 kB
Bounce:                0 kB
WritebackTmp:          0 kB
CommitLimit:    11655912 kB
Committed_AS:    6573568 kB
VmallocTotal:   34359738367 kB
VmallocUsed:      135720 kB
VmallocChunk:   34359600352 kB
HardwareCorrupted:     0 kB
AnonHugePages:         0 kB
HugePages_Total:       0
HugePages_Free:        0
HugePages_Rsvd:        0
HugePages_Surp:        0
Hugepagesize:       2048 kB
DirectMap4k:      206848 kB
DirectMap2M:     3444736 kB
DirectMap1G:     4194304 kB


CPU:total 4 (4 cores per cpu, 1 threads per core) family 18 model 1 stepping 0, cmov, cx8, fxsr, mmx, sse, sse2, sse3, popcnt, mmxext, 3dnowpref, lzcnt, sse4a

Memory: 4k page, physical 7636272k(918292k free), swap 7837776k(7837480k free)

vm_info: OpenJDK 64-Bit Server VM (20.0-b12) for linux-amd64 JRE (1.6.0_24-b24), built on Sep  2 2012 19:50:47 by "buildd" with gcc 4.6.3

time: Sun Sep 23 10:15:07 2012
elapsed time: 61 seconds

