#
# A fatal error has been detected by the Java Runtime Environment:
#
#  SIGSEGV (0xb) at pc=0x00007fdcc0e9378b, pid=23570, tid=140586064336640
#
# JRE version: 6.0_24-b24
# Java VM: OpenJDK 64-Bit Server VM (20.0-b12 mixed mode linux-amd64 compressed oops)
# Derivative: IcedTea6 1.11.4
# Distribution: Ubuntu 12.04 LTS, package 6b24-1.11.4-1ubuntu0.12.04.1
# Problematic frame:
# V  [libjvm.so+0x69b78b]  PSPromotionManager::copy_to_survivor_space(oopDesc*)+0xeb
#
# If you would like to submit a bug report, please include
# instructions how to reproduce the bug and visit:
#   https://bugs.launchpad.net/ubuntu/+source/openjdk-6/
#

---------------  T H R E A D  ---------------

Current thread (0x00007fdcb8019800):  GCTaskThread [stack: 0x00007fdcbe5cd000,0x00007fdcbe6ce000] [id=23586]

siginfo:si_signo=SIGSEGV: si_errno=0, si_code=1 (SEGV_MAPERR), si_addr=0x0000000000000018

Registers:
RAX=0x00007fdcc138a7f0, RBX=0x00000000fe99a370, RCX=0x0000000000000000, RDX=0x0000000000000000
RSP=0x00007fdcbe6ccb60, RBP=0x00007fdcbe6ccbd0, RSI=0x0000000000000001, RDI=0x00007fdcb806ee00
R8 =0x00000000f0000000, R9 =0x00007fdcc139ef2a, R10=0x0000000000000000, R11=0x00007fdcbdfdc010
R12=0x00000000ff90b5d8, R13=0x0000000000000000, R14=0x00007fdcb806ee00, R15=0x00007fdcb806ee80
RIP=0x00007fdcc0e9378b, EFLAGS=0x0000000000010246, CSGSFS=0x0000000000000033, ERR=0x0000000000000004
  TRAPNO=0x000000000000000e

Top of Stack: (sp=0x00007fdcbe6ccb60)
0x00007fdcbe6ccb60:   00007fdcbe6ccbb0 00007fdcb806ee08
0x00007fdcbe6ccb70:   00007fdcc139ef2a 0000000000000000
0x00007fdcbe6ccb80:   00000000ff9069f8 0000000000001000
0x00007fdcbe6ccb90:   00000000dbc30890 0000000000000400
0x00007fdcbe6ccba0:   0000000000000000 00007fdcb806ee00
0x00007fdcbe6ccbb0:   00000000ff90b5d8 00007fdcc138a7f0
0x00007fdcbe6ccbc0:   0000000000000000 00007fdcb806ee80
0x00007fdcbe6ccbd0:   00007fdcbe6ccc60 00007fdcc0e94718
0x00007fdcbe6ccbe0:   00007fdcbe6ccc40 00007fdcb806ee70
0x00007fdcbe6ccbf0:   0000000000000000 00007fdcb801ae50
0x00007fdcbe6ccc00:   00007fdcbe6ccc60 00000000c01aeeb8
0x00007fdcbe6ccc10:   00007fdcbe6ccc60 00007fdcc0c7ab02
0x00007fdcbe6ccc20:   00007fdcb801ae28 00000000db754f38
0x00007fdcbe6ccc30:   00007fdcb8013d60 00007fdcb800f7d0
0x00007fdcbe6ccc40:   00007fdcbec2caa8 00007fdcbec2cb01
0x00007fdcbe6ccc50:   00007fdcb800f510 00000000db755008
0x00007fdcbe6ccc60:   00007fdcbe6ccd10 00007fdcc0b07396
0x00007fdcbe6ccc70:   00007fdc306cb800 0000000000000000
0x00007fdcbe6ccc80:   0000000000000080 00007fdcb800f7d0
0x00007fdcbe6ccc90:   00000000db755008 00000000dbbf8890
0x00007fdcbe6ccca0:   00007fdcbec2ca00 00000000db760000
0x00007fdcbe6cccb0:   00007fdcbec2efc5 00007fdcb806ee00
0x00007fdcbe6cccc0:   00007fdcbec2ca80 00007fdcbec2caa8
0x00007fdcbe6cccd0:   00007fdcbec2cb01 00007fdcc139ef2a
0x00007fdcbe6ccce0:   00007fdcb8013d40 00007fdcb806ee00
0x00007fdcbe6cccf0:   00007fdcb801dd90 00007fdcc139ed4e
0x00007fdcbe6ccd00:   0000000000000000 00007fdcc0fd35ad
0x00007fdcbe6ccd10:   00007fdcbe6ccd30 00007fdcc0e96d87
0x00007fdcbe6ccd20:   00007fdcb8019800 00007fdcb801dd90
0x00007fdcbe6ccd30:   00007fdcbe6cce00 00007fdcc0c2f247
0x00007fdcbe6ccd40:   00007fdcb801a528 00007fdcb801a150
0x00007fdcbe6ccd50:   00007fdcb801a140 00007fdcb801a110 

Instructions: (pc=0x00007fdcc0e9378b)
0x00007fdcc0e9376b:   ff 49 89 c4 eb 72 0f 1f 80 00 00 00 00 48 8b 05
0x00007fdcc0e9377b:   09 00 4e 00 8b 53 08 8b 48 08 48 d3 e2 48 03 10
0x00007fdcc0e9378b:   8b 4a 18 83 f9 00 0f 8f 62 ff ff ff 0f 85 e3 00
0x00007fdcc0e9379b:   00 00 48 8b 42 10 48 8d 7a 10 4c 89 4d a0 48 89 

Register to memory mapping:

RAX=0x00007fdcc138a7f0: <offset 0xb927f0> in /usr/lib/jvm/java-6-openjdk-amd64/jre/lib/amd64/server/libjvm.so at 0x00007fdcc07f8000
RBX=0x00000000fe99a370 is an unknown value
RCX=0x0000000000000000 is an unknown value
RDX=0x0000000000000000 is an unknown value
RSP=0x00007fdcbe6ccb60 is an unknown value
RBP=0x00007fdcbe6ccbd0 is an unknown value
RSI=0x0000000000000001 is an unknown value
RDI=0x00007fdcb806ee00 is an unknown value
R8 =0x00000000f0000000 is an oop
[Ljava.lang.Object; 
 - klass: 'java/lang/Object'[]
 - length: 10
R9 =0x00007fdcc139ef2a: <offset 0xba6f2a> in /usr/lib/jvm/java-6-openjdk-amd64/jre/lib/amd64/server/libjvm.so at 0x00007fdcc07f8000
R10=0x0000000000000000 is an unknown value
R11=0x00007fdcbdfdc010 is an unknown value
R12=0x00000000ff90b5d8 is an unknown value
R13=0x0000000000000000 is an unknown value
R14=0x00007fdcb806ee00 is an unknown value
R15=0x00007fdcb806ee80 is an unknown value


Stack: [0x00007fdcbe5cd000,0x00007fdcbe6ce000],  sp=0x00007fdcbe6ccb60,  free space=1022k
Native frames: (J=compiled Java code, j=interpreted, Vv=VM code, C=native code)
V  [libjvm.so+0x69b78b]  PSPromotionManager::copy_to_survivor_space(oopDesc*)+0xeb
V  [libjvm.so+0x69c718]  PSPromotionManager::drain_stacks_depth(bool)+0x638
V  [libjvm.so+0x30f396]  CardTableExtension::scavenge_contents_parallel(ObjectStartArray*, MutableSpace*, HeapWord*, PSPromotionManager*, unsigned int)+0x946
V  [libjvm.so+0x69ed87]  OldToYoungRootsTask::do_it(GCTaskManager*, unsigned int)+0x47
V  [libjvm.so+0x437247]  GCTaskThread::run()+0x107
V  [libjvm.so+0x64bbf2]  java_start(Thread*)+0x112


---------------  P R O C E S S  ---------------

Java Threads: ( => current thread )
  0x00007fdc74133000 JavaThread "FileSystemWatcher: files=#2 cl=groovy.lang.GroovyClassLoader@47ac0f73" daemon [_thread_blocked, id=23716, stack(0x00007fdcacea9000,0x00007fdcacfaa000)]
  0x00007fdc6c003800 JavaThread "http-bio-8080-exec-10" daemon [_thread_blocked, id=23700, stack(0x00007fdcae8c3000,0x00007fdcae9c4000)]
  0x00007fdc94230000 JavaThread "http-bio-8080-exec-9" daemon [_thread_blocked, id=23699, stack(0x00007fdcaf7d7000,0x00007fdcaf8d8000)]
  0x00007fdc7c169800 JavaThread "http-bio-8080-exec-8" daemon [_thread_blocked, id=23691, stack(0x00007fdcacfaa000,0x00007fdcad0ab000)]
  0x00007fdc70004800 JavaThread "http-bio-8080-exec-7" daemon [_thread_blocked, id=23690, stack(0x00007fdcad0ab000,0x00007fdcad1ac000)]
  0x00007fdc60009000 JavaThread "http-bio-8080-exec-6" daemon [_thread_blocked, id=23683, stack(0x00007fdcad1ac000,0x00007fdcad2ad000)]
  0x00007fdc60007800 JavaThread "http-bio-8080-exec-5" daemon [_thread_blocked, id=23682, stack(0x00007fdcad2ad000,0x00007fdcad3ae000)]
  0x00007fdc60006000 JavaThread "http-bio-8080-exec-4" daemon [_thread_blocked, id=23681, stack(0x00007fdcad3ae000,0x00007fdcad4af000)]
  0x00007fdc60004800 JavaThread "http-bio-8080-exec-3" daemon [_thread_blocked, id=23680, stack(0x00007fdcad4af000,0x00007fdcad5b0000)]
  0x00007fdc60003000 JavaThread "http-bio-8080-exec-2" daemon [_thread_blocked, id=23679, stack(0x00007fdcad5b0000,0x00007fdcad6b1000)]
  0x00007fdc60001800 JavaThread "http-bio-8080-exec-1" daemon [_thread_blocked, id=23678, stack(0x00007fdcad6b1000,0x00007fdcad7b2000)]
  0x00007fdcb894a000 JavaThread "Thread-13" daemon [_thread_blocked, id=23643, stack(0x00007fdcad7b2000,0x00007fdcad8b3000)]
  0x00007fdcb8996000 JavaThread "Thread-12" [_thread_in_native, id=23642, stack(0x00007fdcad8b3000,0x00007fdcad9b4000)]
  0x00007fdcb85f6800 JavaThread "http-bio-8080-AsyncTimeout" daemon [_thread_blocked, id=23641, stack(0x00007fdcad9b4000,0x00007fdcadab5000)]
  0x00007fdcb8d3e800 JavaThread "http-bio-8080-Acceptor-0" daemon [_thread_in_native, id=23640, stack(0x00007fdcadab5000,0x00007fdcadbb6000)]
  0x00007fdcb8d41800 JavaThread "ContainerBackgroundProcessor[StandardEngine[Tomcat]]" daemon [_thread_blocked, id=23639, stack(0x00007fdcadbb6000,0x00007fdcadcb7000)]
  0x00007fdc30b31000 JavaThread "DefaultPluginScheduler_QuartzSchedulerThread" [_thread_blocked, id=23637, stack(0x00007fdcadcb7000,0x00007fdcaddb8000)]
  0x00007fdc300ea000 JavaThread "DefaultPluginScheduler_Worker-10" [_thread_blocked, id=23636, stack(0x00007fdcaddb8000,0x00007fdcadeb9000)]
  0x00007fdc30383000 JavaThread "DefaultPluginScheduler_Worker-9" [_thread_blocked, id=23635, stack(0x00007fdcadeb9000,0x00007fdcadfba000)]
  0x00007fdc305ab000 JavaThread "DefaultPluginScheduler_Worker-8" [_thread_blocked, id=23634, stack(0x00007fdcadfba000,0x00007fdcae0bb000)]
  0x00007fdc30137800 JavaThread "DefaultPluginScheduler_Worker-7" [_thread_blocked, id=23633, stack(0x00007fdcae0bb000,0x00007fdcae1bc000)]
  0x00007fdc30687800 JavaThread "DefaultPluginScheduler_Worker-6" [_thread_blocked, id=23632, stack(0x00007fdcae1bc000,0x00007fdcae2bd000)]
  0x00007fdc3073d000 JavaThread "DefaultPluginScheduler_Worker-5" [_thread_blocked, id=23631, stack(0x00007fdcae2bd000,0x00007fdcae3be000)]
  0x00007fdc30388000 JavaThread "DefaultPluginScheduler_Worker-4" [_thread_blocked, id=23630, stack(0x00007fdcae3be000,0x00007fdcae4bf000)]
  0x00007fdc306c0800 JavaThread "DefaultPluginScheduler_Worker-3" [_thread_blocked, id=23629, stack(0x00007fdcae4bf000,0x00007fdcae5c0000)]
  0x00007fdc30b0c000 JavaThread "DefaultPluginScheduler_Worker-2" [_thread_blocked, id=23628, stack(0x00007fdc27dfe000,0x00007fdc27eff000)]
  0x00007fdc306cb800 JavaThread "DefaultPluginScheduler_Worker-1" [_thread_blocked, id=23627, stack(0x00007fdc27eff000,0x00007fdc28000000)]
  0x00007fdc30751800 JavaThread "org.hibernate.cache.StandardQueryCache.data" daemon [_thread_blocked, id=23626, stack(0x00007fdcae5c0000,0x00007fdcae6c1000)]
  0x00007fdc304d6000 JavaThread "org.hibernate.cache.UpdateTimestampsCache.data" daemon [_thread_blocked, id=23625, stack(0x00007fdcae6c1000,0x00007fdcae7c2000)]
  0x00007fdc3070a800 JavaThread "net.sf.ehcache.CacheManager@7e246b6d" daemon [_thread_blocked, id=23624, stack(0x00007fdcae7c2000,0x00007fdcae8c3000)]
  0x00007fdcb8dba800 JavaThread "pool-4-thread-5" [_thread_blocked, id=23621, stack(0x00007fdcaebcb000,0x00007fdcaeccc000)]
  0x00007fdcb8db9800 JavaThread "pool-4-thread-4" [_thread_blocked, id=23620, stack(0x00007fdcaeccc000,0x00007fdcaedcd000)]
  0x00007fdcb8d02000 JavaThread "pool-4-thread-3" [_thread_blocked, id=23619, stack(0x00007fdcaefcf000,0x00007fdcaf0d0000)]
  0x00007fdcb84d2000 JavaThread "pool-4-thread-2" [_thread_blocked, id=23618, stack(0x00007fdcaedcd000,0x00007fdcaeece000)]
  0x00007fdcb86a4000 JavaThread "pool-4-thread-1" [_thread_blocked, id=23617, stack(0x00007fdcaeece000,0x00007fdcaefcf000)]
  0x00007fdcb8a5f800 JavaThread "pool-3-thread-5" [_thread_blocked, id=23615, stack(0x00007fdcaf0d0000,0x00007fdcaf1d1000)]
  0x00007fdcb8af6000 JavaThread "pool-3-thread-4" [_thread_blocked, id=23614, stack(0x00007fdcaf1d1000,0x00007fdcaf2d2000)]
  0x00007fdcb8ca1800 JavaThread "pool-3-thread-3" [_thread_blocked, id=23613, stack(0x00007fdcaf2d2000,0x00007fdcaf3d3000)]
  0x00007fdcb8ae9000 JavaThread "pool-3-thread-2" [_thread_blocked, id=23612, stack(0x00007fdcaf3d3000,0x00007fdcaf4d4000)]
  0x00007fdcb892a000 JavaThread "pool-3-thread-1" [_thread_blocked, id=23611, stack(0x00007fdcaf4d4000,0x00007fdcaf5d5000)]
  0x00007fdcb8c8f800 JavaThread "FileSystemWatcher: files=#373 cl=java.net.URLClassLoader@193f5841" daemon [_thread_blocked, id=23610, stack(0x00007fdcaf5d5000,0x00007fdcaf6d6000)]
  0x00007fdcb8932000 JavaThread "FileSystemWatcher: files=#2 cl=groovy.lang.GroovyClassLoader@6f5f6479" daemon [_thread_blocked, id=23609, stack(0x00007fdcaf6d6000,0x00007fdcaf7d7000)]
  0x00007fdcb8db8000 JavaThread "pool-2-thread-1" [_thread_blocked, id=23607, stack(0x00007fdcafeff000,0x00007fdcb0000000)]
  0x00007fdcb8d9f000 JavaThread "Synchronizer (Spring UAA/1.0.1)" daemon [_thread_blocked, id=23606, stack(0x00007fdcbc05d000,0x00007fdcbc15e000)]
  0x00007fdcb8b0c800 JavaThread "Timer-0" daemon [_thread_blocked, id=23601, stack(0x00007fdcbcb6a000,0x00007fdcbcc6b000)]
  0x00007fdcb80e3800 JavaThread "Low Memory Detector" daemon [_thread_blocked, id=23593, stack(0x00007fdcbcf9b000,0x00007fdcbd09c000)]
  0x00007fdcb80e9000 JavaThread "C2 CompilerThread1" daemon [_thread_blocked, id=23592, stack(0x00007fdcbd09c000,0x00007fdcbd19d000)]
  0x00007fdcb80ea800 JavaThread "C2 CompilerThread0" daemon [_thread_blocked, id=23591, stack(0x00007fdcbd19d000,0x00007fdcbd29e000)]
  0x00007fdcb808c000 JavaThread "Signal Dispatcher" daemon [_thread_blocked, id=23590, stack(0x00007fdcbd2fc000,0x00007fdcbd3fd000)]
  0x00007fdcb8079800 JavaThread "Finalizer" daemon [_thread_blocked, id=23589, stack(0x00007fdcbdbd8000,0x00007fdcbdcd9000)]
  0x00007fdcb8077800 JavaThread "Reference Handler" daemon [_thread_blocked, id=23588, stack(0x00007fdcbdcd9000,0x00007fdcbddda000)]
  0x00007fdcb8009800 JavaThread "main" [_thread_blocked, id=23582, stack(0x00007fdcc20b4000,0x00007fdcc21b5000)]

Other Threads:
  0x00007fdcb8071000 VMThread [stack: 0x00007fdcbddda000,0x00007fdcbdedb000] [id=23587]
  0x00007fdcb80ed800 WatcherThread [stack: 0x00007fdcbce9a000,0x00007fdcbcf9b000] [id=23594]

=>0x00007fdcb8019800 (exited) GCTaskThread [stack: 0x00007fdcbe5cd000,0x00007fdcbe6ce000] [id=23586]

VM state:at safepoint (normal execution)

VM Mutex/Monitor currently owned by a thread:  ([mutex/lock_event])
[0x00007fdcb8006080] Threads_lock - owner thread: 0x00007fdcb8071000
[0x00007fdcb8006580] Heap_lock - owner thread: 0x00007fdcb8c8f800

Heap
 PSYoungGen      total 252416K, used 244767K [0x00000000f0000000, 0x0000000100000000, 0x0000000100000000)
  eden space 243072K, 99% used [0x00000000f0000000,0x00000000fed5fe70,0x00000000fed60000)
  from space 9344K, 18% used [0x00000000fed60000,0x00000000fef08000,0x00000000ff680000)
  to   space 8960K, 29% used [0x00000000ff740000,0x00000000ff9d8678,0x0000000100000000)
 PSOldGen        total 524288K, used 192722K [0x00000000d0000000, 0x00000000f0000000, 0x00000000f0000000)
  object space 524288K, 36% used [0x00000000d0000000,0x00000000dbc34890,0x00000000f0000000)
 PSPermGen       total 262144K, used 109256K [0x00000000c0000000, 0x00000000d0000000, 0x00000000d0000000)
  object space 262144K, 41% used [0x00000000c0000000,0x00000000c6ab2250,0x00000000d0000000)

Code Cache  [0x00007fdcb5000000, 0x00007fdcb5a20000, 0x00007fdcb8000000)
 total_blobs=2914 nmethods=2234 adapters=632 free_code_cache=39935296 largest_free_block=62400

Dynamic libraries:
00400000-00409000 r-xp 00000000 08:02 397963                             /usr/lib/jvm/java-6-openjdk-amd64/jre/bin/java
00608000-00609000 r--p 00008000 08:02 397963                             /usr/lib/jvm/java-6-openjdk-amd64/jre/bin/java
00609000-0060a000 rw-p 00009000 08:02 397963                             /usr/lib/jvm/java-6-openjdk-amd64/jre/bin/java
00ed6000-013d7000 rw-p 00000000 00:00 0                                  [heap]
c0000000-100000000 rw-p 00000000 00:00 0 
7fdc27dfe000-7fdc27e01000 ---p 00000000 00:00 0 
7fdc27e01000-7fdc27eff000 rw-p 00000000 00:00 0 
7fdc27eff000-7fdc27f02000 ---p 00000000 00:00 0 
7fdc27f02000-7fdc28000000 rw-p 00000000 00:00 0 
7fdc28000000-7fdc295e2000 rw-p 00000000 00:00 0 
7fdc295e2000-7fdc2c000000 ---p 00000000 00:00 0 
7fdc30000000-7fdc30c8b000 rw-p 00000000 00:00 0 
7fdc30c8b000-7fdc34000000 ---p 00000000 00:00 0 
7fdc34000000-7fdc34021000 rw-p 00000000 00:00 0 
7fdc34021000-7fdc38000000 ---p 00000000 00:00 0 
7fdc38000000-7fdc38021000 rw-p 00000000 00:00 0 
7fdc38021000-7fdc3c000000 ---p 00000000 00:00 0 
7fdc3c000000-7fdc3c021000 rw-p 00000000 00:00 0 
7fdc3c021000-7fdc40000000 ---p 00000000 00:00 0 
7fdc40000000-7fdc40021000 rw-p 00000000 00:00 0 
7fdc40021000-7fdc44000000 ---p 00000000 00:00 0 
7fdc44000000-7fdc44021000 rw-p 00000000 00:00 0 
7fdc44021000-7fdc48000000 ---p 00000000 00:00 0 
7fdc48000000-7fdc48021000 rw-p 00000000 00:00 0 
7fdc48021000-7fdc4c000000 ---p 00000000 00:00 0 
7fdc4c000000-7fdc4c021000 rw-p 00000000 00:00 0 
7fdc4c021000-7fdc50000000 ---p 00000000 00:00 0 
7fdc50000000-7fdc50021000 rw-p 00000000 00:00 0 
7fdc50021000-7fdc54000000 ---p 00000000 00:00 0 
7fdc54000000-7fdc54021000 rw-p 00000000 00:00 0 
7fdc54021000-7fdc58000000 ---p 00000000 00:00 0 
7fdc58000000-7fdc58021000 rw-p 00000000 00:00 0 
7fdc58021000-7fdc5c000000 ---p 00000000 00:00 0 
7fdc5c000000-7fdc5c021000 rw-p 00000000 00:00 0 
7fdc5c021000-7fdc60000000 ---p 00000000 00:00 0 
7fdc60000000-7fdc60021000 rw-p 00000000 00:00 0 
7fdc60021000-7fdc64000000 ---p 00000000 00:00 0 
7fdc64000000-7fdc64171000 rw-p 00000000 00:00 0 
7fdc64171000-7fdc68000000 ---p 00000000 00:00 0 
7fdc68000000-7fdc6806f000 rw-p 00000000 00:00 0 
7fdc6806f000-7fdc6c000000 ---p 00000000 00:00 0 
7fdc6c000000-7fdc6c021000 rw-p 00000000 00:00 0 
7fdc6c021000-7fdc70000000 ---p 00000000 00:00 0 
7fdc70000000-7fdc70021000 rw-p 00000000 00:00 0 
7fdc70021000-7fdc74000000 ---p 00000000 00:00 0 
7fdc74000000-7fdc74172000 rw-p 00000000 00:00 0 
7fdc74172000-7fdc78000000 ---p 00000000 00:00 0 
7fdc78000000-7fdc78021000 rw-p 00000000 00:00 0 
7fdc78021000-7fdc7c000000 ---p 00000000 00:00 0 
7fdc7c000000-7fdc7c17c000 rw-p 00000000 00:00 0 
7fdc7c17c000-7fdc80000000 ---p 00000000 00:00 0 
7fdc80000000-7fdc83fef000 rw-p 00000000 00:00 0 
7fdc83fef000-7fdc84000000 ---p 00000000 00:00 0 
7fdc84000000-7fdc87ffe000 rw-p 00000000 00:00 0 
7fdc87ffe000-7fdc88000000 ---p 00000000 00:00 0 
7fdc88000000-7fdc88021000 rw-p 00000000 00:00 0 
7fdc88021000-7fdc8c000000 ---p 00000000 00:00 0 
7fdc8c000000-7fdc8c021000 rw-p 00000000 00:00 0 
7fdc8c021000-7fdc90000000 ---p 00000000 00:00 0 
7fdc90000000-7fdc90149000 rw-p 00000000 00:00 0 
7fdc90149000-7fdc94000000 ---p 00000000 00:00 0 
7fdc94000000-7fdc9433c000 rw-p 00000000 00:00 0 
7fdc9433c000-7fdc98000000 ---p 00000000 00:00 0 
7fdc98000000-7fdc98243000 rw-p 00000000 00:00 0 
7fdc98243000-7fdc9c000000 ---p 00000000 00:00 0 
7fdca0000000-7fdca0021000 rw-p 00000000 00:00 0 
7fdca0021000-7fdca4000000 ---p 00000000 00:00 0 
7fdca8000000-7fdca8034000 rw-p 00000000 00:00 0 
7fdca8034000-7fdcac000000 ---p 00000000 00:00 0 
7fdcacea9000-7fdcaceac000 ---p 00000000 00:00 0 
7fdcaceac000-7fdcacfaa000 rw-p 00000000 00:00 0 
7fdcacfaa000-7fdcacfad000 ---p 00000000 00:00 0 
7fdcacfad000-7fdcad0ab000 rw-p 00000000 00:00 0 
7fdcad0ab000-7fdcad0ae000 ---p 00000000 00:00 0 
7fdcad0ae000-7fdcad1ac000 rw-p 00000000 00:00 0 
7fdcad1ac000-7fdcad1af000 ---p 00000000 00:00 0 
7fdcad1af000-7fdcad2ad000 rw-p 00000000 00:00 0 
7fdcad2ad000-7fdcad2b0000 ---p 00000000 00:00 0 
7fdcad2b0000-7fdcad3ae000 rw-p 00000000 00:00 0 
7fdcad3ae000-7fdcad3b1000 ---p 00000000 00:00 0 
7fdcad3b1000-7fdcad4af000 rw-p 00000000 00:00 0 
7fdcad4af000-7fdcad4b2000 ---p 00000000 00:00 0 
7fdcad4b2000-7fdcad5b0000 rw-p 00000000 00:00 0 
7fdcad5b0000-7fdcad5b3000 ---p 00000000 00:00 0 
7fdcad5b3000-7fdcad6b1000 rw-p 00000000 00:00 0 
7fdcad6b1000-7fdcad6b4000 ---p 00000000 00:00 0 
7fdcad6b4000-7fdcad7b2000 rw-p 00000000 00:00 0 
7fdcad7b2000-7fdcad7b5000 ---p 00000000 00:00 0 
7fdcad7b5000-7fdcad8b3000 rw-p 00000000 00:00 0 
7fdcad8b3000-7fdcad8b6000 ---p 00000000 00:00 0 
7fdcad8b6000-7fdcad9b4000 rw-p 00000000 00:00 0 
7fdcad9b4000-7fdcad9b7000 ---p 00000000 00:00 0 
7fdcad9b7000-7fdcadab5000 rw-p 00000000 00:00 0 
7fdcadab5000-7fdcadab8000 ---p 00000000 00:00 0 
7fdcadab8000-7fdcadbb6000 rw-p 00000000 00:00 0 
7fdcadbb6000-7fdcadbb9000 ---p 00000000 00:00 0 
7fdcadbb9000-7fdcadcb7000 rw-p 00000000 00:00 0 
7fdcadcb7000-7fdcadcba000 ---p 00000000 00:00 0 
7fdcadcba000-7fdcaddb8000 rw-p 00000000 00:00 0 
7fdcaddb8000-7fdcaddbb000 ---p 00000000 00:00 0 
7fdcaddbb000-7fdcadeb9000 rw-p 00000000 00:00 0 
7fdcadeb9000-7fdcadebc000 ---p 00000000 00:00 0 
7fdcadebc000-7fdcadfba000 rw-p 00000000 00:00 0 
7fdcadfba000-7fdcadfbd000 ---p 00000000 00:00 0 
7fdcadfbd000-7fdcae0bb000 rw-p 00000000 00:00 0 
7fdcae0bb000-7fdcae0be000 ---p 00000000 00:00 0 
7fdcae0be000-7fdcae1bc000 rw-p 00000000 00:00 0 
7fdcae1bc000-7fdcae1bf000 ---p 00000000 00:00 0 
7fdcae1bf000-7fdcae2bd000 rw-p 00000000 00:00 0 
7fdcae2bd000-7fdcae2c0000 ---p 00000000 00:00 0 
7fdcae2c0000-7fdcae3be000 rw-p 00000000 00:00 0 
7fdcae3be000-7fdcae3c1000 ---p 00000000 00:00 0 
7fdcae3c1000-7fdcae4bf000 rw-p 00000000 00:00 0 
7fdcae4bf000-7fdcae4c2000 ---p 00000000 00:00 0 
7fdcae4c2000-7fdcae5c0000 rw-p 00000000 00:00 0 
7fdcae5c0000-7fdcae5c3000 ---p 00000000 00:00 0 
7fdcae5c3000-7fdcae6c1000 rw-p 00000000 00:00 0 
7fdcae6c1000-7fdcae6c4000 ---p 00000000 00:00 0 
7fdcae6c4000-7fdcae7c2000 rw-p 00000000 00:00 0 
7fdcae7c2000-7fdcae7c5000 ---p 00000000 00:00 0 
7fdcae7c5000-7fdcae8c3000 rw-p 00000000 00:00 0 
7fdcae8c3000-7fdcae8c6000 ---p 00000000 00:00 0 
7fdcae8c6000-7fdcae9c4000 rw-p 00000000 00:00 0 
7fdcae9c4000-7fdcae9ca000 r-xp 00000000 08:02 18747991                   /usr/lib/jvm/java-6-openjdk-amd64/jre/lib/amd64/libmanagement.so
7fdcae9ca000-7fdcaebc9000 ---p 00006000 08:02 18747991                   /usr/lib/jvm/java-6-openjdk-amd64/jre/lib/amd64/libmanagement.so
7fdcaebc9000-7fdcaebca000 r--p 00005000 08:02 18747991                   /usr/lib/jvm/java-6-openjdk-amd64/jre/lib/amd64/libmanagement.so
7fdcaebca000-7fdcaebcb000 rw-p 00006000 08:02 18747991                   /usr/lib/jvm/java-6-openjdk-amd64/jre/lib/amd64/libmanagement.so
7fdcaebcb000-7fdcaebce000 ---p 00000000 00:00 0 
7fdcaebce000-7fdcaeccc000 rw-p 00000000 00:00 0 
7fdcaeccc000-7fdcaeccf000 ---p 00000000 00:00 0 
7fdcaeccf000-7fdcaedcd000 rw-p 00000000 00:00 0 
7fdcaedcd000-7fdcaedd0000 ---p 00000000 00:00 0 
7fdcaedd0000-7fdcaeece000 rw-p 00000000 00:00 0 
7fdcaeece000-7fdcaeed1000 ---p 00000000 00:00 0 
7fdcaeed1000-7fdcaefcf000 rw-p 00000000 00:00 0 
7fdcaefcf000-7fdcaefd2000 ---p 00000000 00:00 0 
7fdcaefd2000-7fdcaf0d0000 rw-p 00000000 00:00 0 
7fdcaf0d0000-7fdcaf0d3000 ---p 00000000 00:00 0 
7fdcaf0d3000-7fdcaf1d1000 rw-p 00000000 00:00 0 
7fdcaf1d1000-7fdcaf1d4000 ---p 00000000 00:00 0 
7fdcaf1d4000-7fdcaf2d2000 rw-p 00000000 00:00 0 
7fdcaf2d2000-7fdcaf2d5000 ---p 00000000 00:00 0 
7fdcaf2d5000-7fdcaf3d3000 rw-p 00000000 00:00 0 
7fdcaf3d3000-7fdcaf3d6000 ---p 00000000 00:00 0 
7fdcaf3d6000-7fdcaf4d4000 rw-p 00000000 00:00 0 
7fdcaf4d4000-7fdcaf4d7000 ---p 00000000 00:00 0 
7fdcaf4d7000-7fdcaf5d5000 rw-p 00000000 00:00 0 
7fdcaf5d5000-7fdcaf5d8000 ---p 00000000 00:00 0 
7fdcaf5d8000-7fdcaf6d6000 rw-p 00000000 00:00 0 
7fdcaf6d6000-7fdcaf6d9000 ---p 00000000 00:00 0 
7fdcaf6d9000-7fdcaf7d7000 rw-p 00000000 00:00 0 
7fdcaf7d7000-7fdcaf7da000 ---p 00000000 00:00 0 
7fdcaf7da000-7fdcaf8d8000 rw-p 00000000 00:00 0 
7fdcaf8d8000-7fdcaf8f0000 r-xp 00000000 08:02 16256582                   /lib/x86_64-linux-gnu/libresolv-2.15.so
7fdcaf8f0000-7fdcafaf0000 ---p 00018000 08:02 16256582                   /lib/x86_64-linux-gnu/libresolv-2.15.so
7fdcafaf0000-7fdcafaf1000 r--p 00018000 08:02 16256582                   /lib/x86_64-linux-gnu/libresolv-2.15.so
7fdcafaf1000-7fdcafaf2000 rw-p 00019000 08:02 16256582                   /lib/x86_64-linux-gnu/libresolv-2.15.so
7fdcafaf2000-7fdcafaf4000 rw-p 00000000 00:00 0 
7fdcafaf4000-7fdcafafb000 r-xp 00000000 08:02 16256547                   /lib/x86_64-linux-gnu/libnss_dns-2.15.so
7fdcafafb000-7fdcafcfa000 ---p 00007000 08:02 16256547                   /lib/x86_64-linux-gnu/libnss_dns-2.15.so
7fdcafcfa000-7fdcafcfb000 r--p 00006000 08:02 16256547                   /lib/x86_64-linux-gnu/libnss_dns-2.15.so
7fdcafcfb000-7fdcafcfc000 rw-p 00007000 08:02 16256547                   /lib/x86_64-linux-gnu/libnss_dns-2.15.so
7fdcafcfc000-7fdcafcfe000 r-xp 00000000 08:02 16252982                   /lib/libnss_mdns4_minimal.so.2
7fdcafcfe000-7fdcafefd000 ---p 00002000 08:02 16252982                   /lib/libnss_mdns4_minimal.so.2
7fdcafefd000-7fdcafefe000 r--p 00001000 08:02 16252982                   /lib/libnss_mdns4_minimal.so.2
7fdcafefe000-7fdcafeff000 rw-p 00002000 08:02 16252982                   /lib/libnss_mdns4_minimal.so.2
7fdcafeff000-7fdcaff02000 ---p 00000000 00:00 0 
7fdcaff02000-7fdcb0000000 rw-p 00000000 00:00 0 
7fdcb0000000-7fdcb0042000 rw-p 00000000 00:00 0 
7fdcb0042000-7fdcb4000000 ---p 00000000 00:00 0 
7fdcb4055000-7fdcb40b2000 r-xp 00000000 08:02 16651114                   /usr/lib/x86_64-linux-gnu/nss/libfreebl3.so
7fdcb40b2000-7fdcb42b1000 ---p 0005d000 08:02 16651114                   /usr/lib/x86_64-linux-gnu/nss/libfreebl3.so
7fdcb42b1000-7fdcb42b3000 r--p 0005c000 08:02 16651114                   /usr/lib/x86_64-linux-gnu/nss/libfreebl3.so
7fdcb42b3000-7fdcb42b4000 rw-p 0005e000 08:02 16651114                   /usr/lib/x86_64-linux-gnu/nss/libfreebl3.so
7fdcb42b4000-7fdcb42b8000 rw-p 00000000 00:00 0 
7fdcb42b8000-7fdcb4356000 r-xp 00000000 08:02 16131587                   /usr/lib/x86_64-linux-gnu/libsqlite3.so.0.8.6
7fdcb4356000-7fdcb4556000 ---p 0009e000 08:02 16131587                   /usr/lib/x86_64-linux-gnu/libsqlite3.so.0.8.6
7fdcb4556000-7fdcb4558000 r--p 0009e000 08:02 16131587                   /usr/lib/x86_64-linux-gnu/libsqlite3.so.0.8.6
7fdcb4558000-7fdcb455a000 rw-p 000a0000 08:02 16131587                   /usr/lib/x86_64-linux-gnu/libsqlite3.so.0.8.6
7fdcb455a000-7fdcb455b000 rw-p 00000000 00:00 0 
7fdcb455b000-7fdcb4594000 r-xp 00000000 08:02 16651117                   /usr/lib/x86_64-linux-gnu/nss/libsoftokn3.so
7fdcb4594000-7fdcb4793000 ---p 00039000 08:02 16651117                   /usr/lib/x86_64-linux-gnu/nss/libsoftokn3.so
7fdcb4793000-7fdcb4795000 r--p 00038000 08:02 16651117                   /usr/lib/x86_64-linux-gnu/nss/libsoftokn3.so
7fdcb4795000-7fdcb4796000 rw-p 0003a000 08:02 16651117                   /usr/lib/x86_64-linux-gnu/nss/libsoftokn3.so
7fdcb4796000-7fdcb47d0000 r-xp 00000000 08:02 16127779                   /usr/lib/x86_64-linux-gnu/libnspr4.so
7fdcb47d0000-7fdcb49cf000 ---p 0003a000 08:02 16127779                   /usr/lib/x86_64-linux-gnu/libnspr4.so
7fdcb49cf000-7fdcb49d0000 r--p 00039000 08:02 16127779                   /usr/lib/x86_64-linux-gnu/libnspr4.so
7fdcb49d0000-7fdcb49d2000 rw-p 0003a000 08:02 16127779                   /usr/lib/x86_64-linux-gnu/libnspr4.so
7fdcb49d2000-7fdcb49d4000 rw-p 00000000 00:00 0 
7fdcb49d4000-7fdcb49d7000 r-xp 00000000 08:02 16127775                   /usr/lib/x86_64-linux-gnu/libplds4.so
7fdcb49d7000-7fdcb4bd6000 ---p 00003000 08:02 16127775                   /usr/lib/x86_64-linux-gnu/libplds4.so
7fdcb4bd6000-7fdcb4bd7000 r--p 00002000 08:02 16127775                   /usr/lib/x86_64-linux-gnu/libplds4.so
7fdcb4bd7000-7fdcb4bd8000 rw-p 00003000 08:02 16127775                   /usr/lib/x86_64-linux-gnu/libplds4.so
7fdcb4bd8000-7fdcb4bdc000 r-xp 00000000 08:02 16127777                   /usr/lib/x86_64-linux-gnu/libplc4.so
7fdcb4bdc000-7fdcb4ddb000 ---p 00004000 08:02 16127777                   /usr/lib/x86_64-linux-gnu/libplc4.so
7fdcb4ddb000-7fdcb4ddc000 r--p 00003000 08:02 16127777                   /usr/lib/x86_64-linux-gnu/libplc4.so
7fdcb4ddc000-7fdcb4ddd000 rw-p 00004000 08:02 16127777                   /usr/lib/x86_64-linux-gnu/libplc4.so
7fdcb4ddd000-7fdcb4df9000 r-xp 00000000 08:02 16123808                   /usr/lib/x86_64-linux-gnu/libnssutil3.so
7fdcb4df9000-7fdcb4ff9000 ---p 0001c000 08:02 16123808                   /usr/lib/x86_64-linux-gnu/libnssutil3.so
7fdcb4ff9000-7fdcb4fff000 r--p 0001c000 08:02 16123808                   /usr/lib/x86_64-linux-gnu/libnssutil3.so
7fdcb4fff000-7fdcb5000000 rw-p 00022000 08:02 16123808                   /usr/lib/x86_64-linux-gnu/libnssutil3.so
7fdcb5000000-7fdcb5a20000 rwxp 00000000 00:00 0 
7fdcb5a20000-7fdcb8e62000 rw-p 00000000 00:00 0 
7fdcb8e62000-7fdcbc000000 ---p 00000000 00:00 0 
7fdcbc05d000-7fdcbc060000 ---p 00000000 00:00 0 
7fdcbc060000-7fdcbc15e000 rw-p 00000000 00:00 0 
7fdcbc15e000-7fdcbc25c000 r-xp 00000000 08:02 16122488                   /usr/lib/x86_64-linux-gnu/libnss3.so
7fdcbc25c000-7fdcbc45b000 ---p 000fe000 08:02 16122488                   /usr/lib/x86_64-linux-gnu/libnss3.so
7fdcbc45b000-7fdcbc460000 r--p 000fd000 08:02 16122488                   /usr/lib/x86_64-linux-gnu/libnss3.so
7fdcbc460000-7fdcbc462000 rw-p 00102000 08:02 16122488                   /usr/lib/x86_64-linux-gnu/libnss3.so
7fdcbc462000-7fdcbc464000 rw-p 00000000 00:00 0 
7fdcbc476000-7fdcbc484000 r--s 00351000 08:02 18489869                   /usr/lib/jvm/java-6-openjdk-common/jre/lib/charsets.jar
7fdcbc484000-7fdcbc492000 r-xp 00000000 08:02 18747997                   /usr/lib/jvm/java-6-openjdk-amd64/jre/lib/amd64/libj2pkcs11.so
7fdcbc492000-7fdcbc692000 ---p 0000e000 08:02 18747997                   /usr/lib/jvm/java-6-openjdk-amd64/jre/lib/amd64/libj2pkcs11.so
7fdcbc692000-7fdcbc693000 r--p 0000e000 08:02 18747997                   /usr/lib/jvm/java-6-openjdk-amd64/jre/lib/amd64/libj2pkcs11.so
7fdcbc693000-7fdcbc694000 rw-p 0000f000 08:02 18747997                   /usr/lib/jvm/java-6-openjdk-amd64/jre/lib/amd64/libj2pkcs11.so
7fdcbc694000-7fdcbc696000 r--s 00013000 08:02 18489868                   /usr/lib/jvm/java-6-openjdk-common/jre/lib/jce.jar
7fdcbc69c000-7fdcbc6aa000 r--s 00351000 08:02 18489869                   /usr/lib/jvm/java-6-openjdk-common/jre/lib/charsets.jar
7fdcbc6aa000-7fdcbc6ae000 r--s 0002f000 08:02 4722137                    /home/jam/.grails/ivy-cache/org.grails/grails-test/jars/grails-test-2.1.1.jar
7fdcbc6ae000-7fdcbc6b4000 r--s 0006c000 08:02 4722135                    /home/jam/.grails/ivy-cache/org.grails/grails-plugin-testing/jars/grails-plugin-testing-2.1.1.jar
7fdcbc6b4000-7fdcbc6b5000 r--s 00002000 08:02 5636284                    /home/jam/.grails/ivy-cache/org.hibernate/hibernate-ehcache/jars/hibernate-ehcache-3.6.10.Final.jar
7fdcbc6b5000-7fdcbc6ba000 r--s 00048000 08:02 5636282                    /home/jam/.grails/ivy-cache/dom4j/dom4j/jars/dom4j-1.6.1.jar
7fdcbc6ba000-7fdcbc6bf000 r--s 00068000 08:02 5636280                    /home/jam/.grails/ivy-cache/antlr/antlr/jars/antlr-2.7.7.jar
7fdcbc6bf000-7fdcbc6c8000 r--s 00098000 08:02 5636278                    /home/jam/.grails/ivy-cache/org.javassist/javassist/jars/javassist-3.16.1-GA.jar
7fdcbc6c8000-7fdcbc6cb000 r--s 00009000 08:02 5636286                    /home/jam/.grails/ivy-cache/javax.validation/validation-api/jars/validation-api-1.0.0.GA.jar
7fdcbc6cb000-7fdcbc6d2000 r--s 00040000 08:02 5636276                    /home/jam/.grails/ivy-cache/org.hibernate/hibernate-validator/jars/hibernate-validator-4.1.0.Final.jar
7fdcbc6d2000-7fdcbc6d5000 r--s 0000f000 08:02 5636274                    /home/jam/.grails/ivy-cache/org.hibernate/hibernate-commons-annotations/jars/hibernate-commons-annotations-3.2.0.Final.jar
7fdcbc6d5000-7fdcbc707000 r--s 002c9000 08:02 5636272                    /home/jam/.grails/ivy-cache/org.hibernate/hibernate-core/jars/hibernate-core-3.6.10.Final.jar
7fdcbc707000-7fdcbc718000 r--s 000d2000 08:02 5636617                    /home/jam/.grails/ivy-cache/org.liquibase/liquibase-core/jars/liquibase-core-2.0.5.jar
7fdcbc718000-7fdcbc721000 r--s 00080000 08:02 5767285                    /home/jam/.grails/ivy-cache/org.quartz-scheduler/quartz/jars/quartz-2.1.5.jar
7fdcbc721000-7fdcbc722000 r--s 00004000 08:02 5637614                    /home/jam/.grails/ivy-cache/net.sf.opencsv/opencsv/jars/opencsv-2.3.jar
7fdcbc722000-7fdcbc728000 r--s 0007e000 08:02 5637426                    /home/jam/.grails/ivy-cache/postgresql/postgresql/jars/postgresql-9.0-801.jdbc4.jar
7fdcbc728000-7fdcbc72f000 r--s 000bd000 08:02 4722926                    /home/jam/.grails/ivy-cache/mysql/mysql-connector-java/jars/mysql-connector-java-5.1.20.jar
7fdcbc72f000-7fdcbc731000 r--s 00000000 08:02 4722133                    /home/jam/.grails/ivy-cache/org.slf4j/jul-to-slf4j/jars/jul-to-slf4j-1.6.2.jar
7fdcbc731000-7fdcbc733000 r--s 00003000 08:02 4722131                    /home/jam/.grails/ivy-cache/org.slf4j/jcl-over-slf4j/jars/jcl-over-slf4j-1.6.2.jar
7fdcbc733000-7fdcbc73c000 r--s 0006d000 08:02 4722129                    /home/jam/.grails/ivy-cache/log4j/log4j/bundles/log4j-1.2.16.jar
7fdcbc73c000-7fdcbc751000 r--s 000e3000 08:02 4722127                    /home/jam/.grails/ivy-cache/net.sf.ehcache/ehcache-core/jars/ehcache-core-2.4.6.jar
7fdcbc751000-7fdcbc753000 r--s 00005000 08:02 4722125                    /home/jam/.grails/ivy-cache/xpp3/xpp3_min/jars/xpp3_min-1.1.4c.jar
7fdcbc753000-7fdcbc755000 r--s 00004000 08:02 4722123                    /home/jam/.grails/ivy-cache/javax.servlet/jstl/jars/jstl-1.1.2.jar
7fdcbc755000-7fdcbc75f000 r--s 0012c000 08:02 4722121                    /home/jam/.grails/ivy-cache/com.h2database/h2/jars/h2-1.3.164.jar
7fdcbc75f000-7fdcbc762000 r--s 00016000 08:02 4722119                    /home/jam/.grails/ivy-cache/commons-pool/commons-pool/jars/commons-pool-1.5.6.jar
7fdcbc762000-7fdcbc765000 r--s 00025000 08:02 4722117                    /home/jam/.grails/ivy-cache/commons-dbcp/commons-dbcp/jars/commons-dbcp-1.4.jar
7fdcbc765000-7fdcbc767000 r--s 0000e000 08:02 4722115                    /home/jam/.grails/ivy-cache/oro/oro/jars/oro-2.0.8.jar
7fdcbc767000-7fdcbc769000 r--s 0000d000 08:02 4722113                    /home/jam/.grails/ivy-cache/commons-fileupload/commons-fileupload/jars/commons-fileupload-1.2.2.jar
7fdcbc769000-7fdcbc76a000 r--s 0000a000 08:02 4722111                    /home/jam/.grails/ivy-cache/asm/asm/jars/asm-3.1.jar
7fdcbc76a000-7fdcbc771000 r--s 0003e000 08:02 4722109                    /home/jam/.grails/ivy-cache/cglib/cglib/jars/cglib-2.2.jar
7fdcbc771000-7fdcbc775000 r--s 00019000 08:02 4722107                    /home/jam/.grails/ivy-cache/org.aspectj/aspectjrt/jars/aspectjrt-1.6.10.jar
7fdcbc775000-7fdcbc78b000 r--s 00184000 08:02 4722105                    /home/jam/.grails/ivy-cache/org.aspectj/aspectjweaver/jars/aspectjweaver-1.6.10.jar
7fdcbc78b000-7fdcbc792000 r--s 00056000 08:02 4722103                    /home/jam/.grails/ivy-cache/org.grails/grails-datastore-simple/jars/grails-datastore-simple-1.1.0.RELEASE.jar
7fdcbc792000-7fdcbc79b000 r--s 00044000 08:02 4722101                    /home/jam/.grails/ivy-cache/org.grails/grails-datastore-core/jars/grails-datastore-core-1.1.0.RELEASE.jar
7fdcbc79b000-7fdcbc7a0000 r--s 0004c000 08:02 4722099                    /home/jam/.grails/ivy-cache/org.grails/grails-datastore-gorm/jars/grails-datastore-gorm-1.1.0.RELEASE.jar
7fdcbc7a0000-7fdcbc7ab000 r--s 00082000 08:02 4722097                    /home/jam/.grails/ivy-cache/org.springframework/spring-webmvc/jars/spring-webmvc-3.1.2.RELEASE.jar
7fdcbc7ab000-7fdcbc7b7000 r--s 0007a000 08:02 4722095                    /home/jam/.grails/ivy-cache/org.springframework/spring-web/jars/spring-web-3.1.2.RELEASE.jar
7fdcbc7b7000-7fdcbc7be000 r--s 00035000 08:02 4722093                    /home/jam/.grails/ivy-cache/org.springframework/spring-tx/jars/spring-tx-3.1.2.RELEASE.jar
7fdcbc7be000-7fdcbc7c7000 r--s 00054000 08:02 4722091                    /home/jam/.grails/ivy-cache/org.springframework/spring-orm/jars/spring-orm-3.1.2.RELEASE.jar
7fdcbc7c7000-7fdcbc7cc000 r--s 0002c000 08:02 4722089                    /home/jam/.grails/ivy-cache/org.springframework/spring-jms/jars/spring-jms-3.1.2.RELEASE.jar
7fdcbc7cc000-7fdcbc7d6000 r--s 00059000 08:02 4722087                    /home/jam/.grails/ivy-cache/org.springframework/spring-jdbc/jars/spring-jdbc-3.1.2.RELEASE.jar
7fdcbc7d6000-7fdcbc7da000 r--s 00027000 08:02 4722085                    /home/jam/.grails/ivy-cache/org.springframework/spring-expression/jars/spring-expression-3.1.2.RELEASE.jar
7fdcbc7da000-7fdcbc7dd000 r--s 00018000 08:02 4722083                    /home/jam/.grails/ivy-cache/org.springframework/spring-context-support/jars/spring-context-support-3.1.2.RELEASE.jar
7fdcbc7dd000-7fdcbc7f2000 r--s 000b7000 08:02 4722081                    /home/jam/.grails/ivy-cache/org.springframework/spring-context/jars/spring-context-3.1.2.RELEASE.jar
7fdcbc7f2000-7fdcbc7fe000 r--s 00085000 08:02 4722079                    /home/jam/.grails/ivy-cache/org.springframework/spring-beans/jars/spring-beans-3.1.2.RELEASE.jar
7fdcbc7fe000-7fdcbc7ff000 r--s 0000c000 08:02 4722077                    /home/jam/.grails/ivy-cache/org.springframework/spring-asm/jars/spring-asm-3.1.2.RELEASE.jar
7fdcbc7ff000-7fdcbc801000 r--s 0000b000 08:02 4722075                    /home/jam/.grails/ivy-cache/org.springframework/spring-aspects/jars/spring-aspects-3.1.2.RELEASE.jar
7fdcbc801000-7fdcbc80a000 r--s 00049000 08:02 4722073                    /home/jam/.grails/ivy-cache/org.springframework/spring-aop/jars/spring-aop-3.1.2.RELEASE.jar
7fdcbc80a000-7fdcbc814000 r--s 00064000 08:02 4722071                    /home/jam/.grails/ivy-cache/org.springframework/spring-core/jars/spring-core-3.1.2.RELEASE.jar
7fdcbc814000-7fdcbc816000 r--s 00008000 08:02 4722069                    /home/jam/.grails/ivy-cache/org.grails/grails-plugin-validation/jars/grails-plugin-validation-2.1.1.jar
7fdcbc816000-7fdcbc819000 r--s 0001c000 08:02 4722067                    /home/jam/.grails/ivy-cache/org.grails/grails-plugin-url-mappings/jars/grails-plugin-url-mappings-2.1.1.jar
7fdcbc819000-7fdcbc81b000 r--s 0000f000 08:02 4722065                    /home/jam/.grails/ivy-cache/org.grails/grails-plugin-mimetypes/jars/grails-plugin-mimetypes-2.1.1.jar
7fdcbc81b000-7fdcbc81d000 r--s 00005000 08:02 4722063                    /home/jam/.grails/ivy-cache/org.grails/grails-plugin-servlets/jars/grails-plugin-servlets-2.1.1.jar
7fdcbc81d000-7fdcbc81e000 r--s 00008000 08:02 4722061                    /home/jam/.grails/ivy-cache/org.grails/grails-plugin-services/jars/grails-plugin-services-2.1.1.jar
7fdcbc81e000-7fdcbc820000 r--s 00006000 08:02 4722059                    /home/jam/.grails/ivy-cache/org.grails/grails-plugin-scaffolding/jars/grails-plugin-scaffolding-2.1.1.jar
7fdcbc820000-7fdcbc822000 r--s 0000e000 08:02 4722057                    /home/jam/.grails/ivy-cache/org.grails/grails-plugin-log4j/jars/grails-plugin-log4j-2.1.1.jar
7fdcbc822000-7fdcbc824000 r--s 00005000 08:02 4722055                    /home/jam/.grails/ivy-cache/org.grails/grails-plugin-i18n/jars/grails-plugin-i18n-2.1.1.jar
7fdcbc824000-7fdcbc82b000 r--s 0006d000 08:02 4722053                    /home/jam/.grails/ivy-cache/org.grails/grails-plugin-gsp/jars/grails-plugin-gsp-2.1.1.jar
7fdcbc82b000-7fdcbc82d000 r--s 0000e000 08:02 4722051                    /home/jam/.grails/ivy-cache/org.grails/grails-plugin-filters/jars/grails-plugin-filters-2.1.1.jar
7fdcbc82d000-7fdcbc82f000 r--s 00009000 08:02 4722049                    /home/jam/.grails/ivy-cache/org.grails/grails-plugin-datasource/jars/grails-plugin-datasource-2.1.1.jar
7fdcbc82f000-7fdcbc833000 r--s 00024000 08:02 4722047                    /home/jam/.grails/ivy-cache/org.grails/grails-plugin-converters/jars/grails-plugin-converters-2.1.1.jar
7fdcbc833000-7fdcbc836000 r--s 00019000 08:02 4722045                    /home/jam/.grails/ivy-cache/org.grails/grails-plugin-domain-class/jars/grails-plugin-domain-class-2.1.1.jar
7fdcbc836000-7fdcbc83a000 r--s 00028000 08:02 4722043                    /home/jam/.grails/ivy-cache/org.grails/grails-plugin-controllers/jars/grails-plugin-controllers-2.1.1.jar
7fdcbc83a000-7fdcbc83c000 r--s 00015000 08:02 4722041                    /home/jam/.grails/ivy-cache/org.grails/grails-plugin-codecs/jars/grails-plugin-codecs-2.1.1.jar
7fdcbc83c000-7fdcbc83d000 r--s 00000000 08:02 4722039                    /home/jam/.grails/ivy-cache/org.grails/grails-logging/jars/grails-logging-2.1.1.jar
7fdcbc83d000-7fdcbc83f000 r--s 00009000 08:02 4722037                    /home/jam/.grails/ivy-cache/org.grails/grails-spring/jars/grails-spring-2.1.1.jar
7fdcbc83f000-7fdcbc849000 r--s 0008a000 08:02 4722035                    /home/jam/.grails/ivy-cache/org.grails/grails-hibernate/jars/grails-hibernate-2.1.1.jar
7fdcbc849000-7fdcbc84b000 r--s 00009000 08:02 4722033                    /home/jam/.grails/ivy-cache/org.grails/grails-crud/jars/grails-crud-2.1.1.jar
7fdcbc84b000-7fdcbc851000 r--s 00027000 08:02 4722031                    /home/jam/.grails/ivy-cache/opensymphony/sitemesh/jars/sitemesh-2.4.jar
7fdcbc851000-7fdcbc856000 r--s 00015000 08:02 4722029                    /home/jam/.grails/ivy-cache/org.hibernate.javax.persistence/hibernate-jpa-2.0-api/jars/hibernate-jpa-2.0-api-1.0.1.Final.jar
7fdcbc856000-7fdcbc857000 r--s 00003000 08:02 4722027                    /home/jam/.grails/ivy-cache/javax.transaction/jta/jars/jta-1.1.jar
7fdcbc857000-7fdcbc85c000 r--s 00041000 08:02 4722025                    /home/jam/.grails/ivy-cache/commons-lang/commons-lang/jars/commons-lang-2.6.jar
7fdcbc85c000-7fdcbc85f000 r--s 00025000 08:02 4722023                    /home/jam/.grails/ivy-cache/commons-io/commons-io/jars/commons-io-2.1.jar
7fdcbc85f000-7fdcbc86d000 r--s 0007f000 08:02 4722021                    /home/jam/.grails/ivy-cache/commons-collections/commons-collections/jars/commons-collections-3.2.1.jar
7fdcbc86d000-7fdcbc86f000 r--s 00010000 08:02 4722019                    /home/jam/.grails/ivy-cache/commons-codec/commons-codec/jars/commons-codec-1.5.jar
7fdcbc86f000-7fdcbc871000 r--s 00000000 08:02 4722017                    /home/jam/.grails/ivy-cache/aopalliance/aopalliance/jars/aopalliance-1.0.jar
7fdcbc871000-7fdcbc874000 r--s 0001f000 08:02 4722015                    /home/jam/.grails/ivy-cache/commons-validator/commons-validator/jars/commons-validator-1.3.1.jar
7fdcbc874000-7fdcbc877000 r--s 00019000 08:02 4722013                    /home/jam/.grails/ivy-cache/commons-el/commons-el/jars/commons-el-1.0.jar
7fdcbc877000-7fdcbc87c000 r--s 00034000 08:02 4722011                    /home/jam/.grails/ivy-cache/commons-beanutils/commons-beanutils/jars/commons-beanutils-1.8.3.jar
7fdcbc87c000-7fdcbc8da000 r--s 00592000 08:02 4722009                    /home/jam/.grails/ivy-cache/org.codehaus.groovy/groovy-all/jars/groovy-all-1.8.8.jar
7fdcbc8da000-7fdcbc8dc000 r--s 0000d000 08:02 5508471                    /home/jam/.grails/ivy-cache/org.grails/grails-plugin-tomcat/jars/grails-plugin-tomcat-2.1.1.jar
7fdcbc8dc000-7fdcbc8ec000 r--s 0019c000 08:02 5508469                    /home/jam/.grails/ivy-cache/org.eclipse.jdt.core.compiler/ecj/jars/ecj-3.7.2.jar
7fdcbc8ec000-7fdcbc8ee000 r--s 00008000 08:02 5508467                    /home/jam/.grails/ivy-cache/org.apache.tomcat.embed/tomcat-embed-logging-juli/jars/tomcat-embed-logging-juli-7.0.30.jar
7fdcbc8ee000-7fdcbc8f0000 r--s 00013000 08:02 4721761                    /home/jam/.grails/ivy-cache/org.apache.tomcat.embed/tomcat-embed-logging-log4j/jars/tomcat-embed-logging-log4j-7.0.30.jar
7fdcbc8f0000-7fdcbc8fb000 r--s 000b6000 08:02 4721759                    /home/jam/.grails/ivy-cache/org.apache.tomcat.embed/tomcat-embed-jasper/jars/tomcat-embed-jasper-7.0.30.jar
7fdcbc8fb000-7fdcbc91d000 r--s 00254000 08:02 4721757                    /home/jam/.grails/ivy-cache/org.apache.tomcat.embed/tomcat-embed-core/jars/tomcat-embed-core-7.0.30.jar
7fdcbc91d000-7fdcbc91f000 r--s 0000c000 08:02 5508465                    /home/jam/.grails/ivy-cache/org.apache.tomcat/tomcat-catalina-ant/jars/tomcat-catalina-ant-7.0.30.jar
7fdcbc91f000-7fdcbc920000 r--s 00001000 08:02 4721467                    /home/jam/.grails/ivy-cache/org.apache.ant/ant-trax/jars/ant-trax-1.7.1.jar
7fdcbc920000-7fdcbc922000 r--s 00017000 08:02 4721465                    /home/jam/.grails/ivy-cache/org.apache.ant/ant-junit/jars/ant-junit-1.8.2.jar
7fdcbc922000-7fdcbc924000 r--s 00002000 08:02 4721463                    /home/jam/.grails/ivy-cache/org.apache.ant/ant-launcher/jars/ant-launcher-1.8.2.jar
7fdcbc924000-7fdcbc942000 r--s 001bb000 08:02 4721461                    /home/jam/.grails/ivy-cache/org.apache.ant/ant/jars/ant-1.8.2.jar
7fdcbc942000-7fdcbc949000 r--s 00037000 08:02 4721459                    /home/jam/.grails/ivy-cache/junit/junit/jars/junit-4.10.jar
7fdcbc949000-7fdcbc94c000 r--s 0000b000 08:02 4721456                    /home/jam/.grails/ivy-cache/com.googlecode.concurrentlinkedhashmap/concurrentlinkedhashmap-lru/jars/concurrentlinkedhashmap-lru-1.2_jdk5.jar
7fdcbc94c000-7fdcbc952000 r--s 00033000 08:02 4721454                    /home/jam/.grails/ivy-cache/org.springframework/spring-test/jars/spring-test-3.1.2.RELEASE.jar
7fdcbc952000-7fdcbc954000 r--s 00005000 08:02 4721452                    /home/jam/.grails/ivy-cache/org.slf4j/slf4j-api/jars/slf4j-api-1.6.2.jar
7fdcbc954000-7fdcbc969000 r-xp 00000000 08:02 18747986                   /usr/lib/jvm/java-6-openjdk-amd64/jre/lib/amd64/libnet.so
7fdcbc969000-7fdcbcb68000 ---p 00015000 08:02 18747986                   /usr/lib/jvm/java-6-openjdk-amd64/jre/lib/amd64/libnet.so
7fdcbcb68000-7fdcbcb69000 r--p 00014000 08:02 18747986                   /usr/lib/jvm/java-6-openjdk-amd64/jre/lib/amd64/libnet.so
7fdcbcb69000-7fdcbcb6a000 rw-p 00015000 08:02 18747986                   /usr/lib/jvm/java-6-openjdk-amd64/jre/lib/amd64/libnet.so
7fdcbcb6a000-7fdcbcb6d000 ---p 00000000 00:00 0 
7fdcbcb6d000-7fdcbcc6b000 rw-p 00000000 00:00 0 
7fdcbcc6b000-7fdcbcc78000 r--s 000b7000 08:02 4721450                    /home/jam/.grails/ivy-cache/org.grails/grails-web/jars/grails-web-2.1.1.jar
7fdcbcc78000-7fdcbcc7b000 r--s 00026000 08:02 4721448                    /home/jam/.grails/ivy-cache/org.grails/grails-resources/jars/grails-resources-2.1.1.jar
7fdcbcc7b000-7fdcbcc89000 r--s 000b5000 08:02 4721446                    /home/jam/.grails/ivy-cache/org.grails/grails-core/jars/grails-core-2.1.1.jar
7fdcbcc89000-7fdcbcc94000 r--s 000fe000 08:02 4721444                    /home/jam/.grails/ivy-cache/org.grails/grails-scripts/jars/grails-scripts-2.1.1.jar
7fdcbcc94000-7fdcbcc9d000 r--s 000a8000 08:02 4721442                    /home/jam/.grails/ivy-cache/org.grails/grails-bootstrap/jars/grails-bootstrap-2.1.1.jar
7fdcbcc9d000-7fdcbcca0000 r--s 00044000 08:02 4721440                    /home/jam/.grails/ivy-cache/org.grails/grails-docs/jars/grails-docs-2.1.1.jar
7fdcbcca0000-7fdcbcca3000 r--s 00041000 08:02 4721438                    /home/jam/.grails/ivy-cache/xalan/serializer/jars/serializer-2.7.1.jar
7fdcbcca3000-7fdcbcca6000 r--s 000cf000 08:02 4721436                    /home/jam/.grails/ivy-cache/net.java.dev.jna/jna/jars/jna-3.2.3.jar
7fdcbcca6000-7fdcbcca8000 r--s 00008000 08:02 4721434                    /home/jam/.grails/ivy-cache/org.fusesource.jansi/jansi/jars/jansi-1.2.1.jar
7fdcbcca8000-7fdcbccb7000 r--s 000d9000 08:02 4721424                    /home/jam/.grails/ivy-cache/org.apache.ivy/ivy/jars/ivy-2.2.0.jar
7fdcbccb7000-7fdcbccb9000 r--s 00015000 08:02 4721422                    /home/jam/.grails/ivy-cache/jline/jline/jars/jline-1.0.jar
7fdcbccb9000-7fdcbccde000 r--s 00172000 08:02 4721397                    /home/jam/.grails/ivy-cache/org.bouncycastle/bcprov-jdk15/jars/bcprov-jdk15-1.45.jar
7fdcbccde000-7fdcbcce3000 r--s 00024000 08:02 4721394                    /home/jam/.grails/ivy-cache/org.bouncycastle/bcpg-jdk15/jars/bcpg-jdk15-1.45.jar
7fdcbcce3000-7fdcbcce4000 r--s 00003000 08:02 4721392                    /home/jam/.grails/ivy-cache/com.googlecode.json-simple/json-simple/jars/json-simple-1.1.jar
7fdcbcce4000-7fdcbccea000 r--s 00068000 08:02 4721389                    /home/jam/.grails/ivy-cache/com.google.protobuf/protobuf-java/jars/protobuf-java-2.4.1.jar
7fdcbccea000-7fdcbcced000 r--s 0001a000 08:02 4721386                    /home/jam/.grails/ivy-cache/org.springframework.uaa/org.springframework.uaa.client/bundles/org.springframework.uaa.client-1.0.1.RELEASE.jar
7fdcbcced000-7fdcbcd02000 r-xp 00000000 08:02 8650910                    /tmp/jna2404291975449150377.tmp
7fdcbcd02000-7fdcbce01000 ---p 00015000 08:02 8650910                    /tmp/jna2404291975449150377.tmp
7fdcbce01000-7fdcbce03000 rw-p 00014000 08:02 8650910                    /tmp/jna2404291975449150377.tmp
7fdcbce03000-7fdcbce63000 r--s 00d92000 08:02 18877160                   /usr/lib/jvm/java-6-openjdk-amd64/lib/tools.jar
7fdcbce63000-7fdcbce68000 r--s 00050000 08:02 4587551                    /home/jam/Applications/grails-2.1.1/lib/org.codehaus.gant/gant_groovy1.8/jars/gant_groovy1.8-1.9.6.jar
7fdcbce68000-7fdcbce86000 r--s 001bb000 08:02 15997849                   /home/jam/Applications/grails-2.1.1/lib/org.apache.ant/ant/jars/ant-1.8.2.jar
7fdcbce86000-7fdcbce95000 r--s 000d9000 08:02 3933556                    /home/jam/Applications/grails-2.1.1/lib/org.apache.ivy/ivy/jars/ivy-2.2.0.jar
7fdcbce95000-7fdcbce97000 r--s 00009000 08:02 15730918                   /home/jam/Applications/grails-2.1.1/lib/commons-cli/commons-cli/jars/commons-cli-1.2.jar
7fdcbce97000-7fdcbce9a000 r--s 000cf000 08:02 15997829                   /home/jam/Applications/grails-2.1.1/lib/net.java.dev.jna/jna/jars/jna-3.2.3.jar
7fdcbce9a000-7fdcbce9b000 ---p 00000000 00:00 0 
7fdcbce9b000-7fdcbcf9b000 rw-p 00000000 00:00 0 
7fdcbcf9b000-7fdcbcf9e000 ---p 00000000 00:00 0 
7fdcbcf9e000-7fdcbd09c000 rw-p 00000000 00:00 0 
7fdcbd09c000-7fdcbd09f000 ---p 00000000 00:00 0 
7fdcbd09f000-7fdcbd19d000 rw-p 00000000 00:00 0 
7fdcbd19d000-7fdcbd1a0000 ---p 00000000 00:00 0 
7fdcbd1a0000-7fdcbd29e000 rw-p 00000000 00:00 0 
7fdcbd29e000-7fdcbd2fc000 r--s 00592000 08:02 4587821                    /home/jam/Applications/grails-2.1.1/lib/org.codehaus.groovy/groovy-all/jars/groovy-all-1.8.8.jar
7fdcbd2fc000-7fdcbd2ff000 ---p 00000000 00:00 0 
7fdcbd2ff000-7fdcbd3fd000 rw-p 00000000 00:00 0 
7fdcbd3fd000-7fdcbdbd8000 r--p 00000000 08:02 16128286                   /usr/lib/locale/locale-archive
7fdcbdbd8000-7fdcbdbdb000 ---p 00000000 00:00 0 
7fdcbdbdb000-7fdcbdcd9000 rw-p 00000000 00:00 0 
7fdcbdcd9000-7fdcbdcdc000 ---p 00000000 00:00 0 
7fdcbdcdc000-7fdcbddda000 rw-p 00000000 00:00 0 
7fdcbddda000-7fdcbdddb000 ---p 00000000 00:00 0 
7fdcbdddb000-7fdcbe413000 rw-p 00000000 00:00 0 
7fdcbe413000-7fdcbe5a5000 r--s 037bf000 08:02 18616443                   /usr/lib/jvm/java-6-openjdk-amd64/jre/lib/rt.jar
7fdcbe5a5000-7fdcbe5cd000 rw-p 00000000 00:00 0 
7fdcbe5cd000-7fdcbe5ce000 ---p 00000000 00:00 0 
7fdcbe5ce000-7fdcbe6ce000 rw-p 00000000 00:00 0 
7fdcbe6ce000-7fdcbe6cf000 ---p 00000000 00:00 0 
7fdcbe6cf000-7fdcbe7cf000 rw-p 00000000 00:00 0 
7fdcbe7cf000-7fdcbe7d0000 ---p 00000000 00:00 0 
7fdcbe7d0000-7fdcbe8d0000 rw-p 00000000 00:00 0 
7fdcbe8d0000-7fdcbe8d1000 ---p 00000000 00:00 0 
7fdcbe8d1000-7fdcbebd1000 rw-p 00000000 00:00 0 
7fdcbebd1000-7fdcbed52000 rw-p 00000000 00:00 0 
7fdcbed52000-7fdcbed59000 r-xp 00000000 08:02 18748006                   /usr/lib/jvm/java-6-openjdk-amd64/jre/lib/amd64/libzip.so
7fdcbed59000-7fdcbef58000 ---p 00007000 08:02 18748006                   /usr/lib/jvm/java-6-openjdk-amd64/jre/lib/amd64/libzip.so
7fdcbef58000-7fdcbef59000 r--p 00006000 08:02 18748006                   /usr/lib/jvm/java-6-openjdk-amd64/jre/lib/amd64/libzip.so
7fdcbef59000-7fdcbef5a000 rw-p 00007000 08:02 18748006                   /usr/lib/jvm/java-6-openjdk-amd64/jre/lib/amd64/libzip.so
7fdcbef5a000-7fdcbef66000 r-xp 00000000 08:02 16256549                   /lib/x86_64-linux-gnu/libnss_files-2.15.so
7fdcbef66000-7fdcbf165000 ---p 0000c000 08:02 16256549                   /lib/x86_64-linux-gnu/libnss_files-2.15.so
7fdcbf165000-7fdcbf166000 r--p 0000b000 08:02 16256549                   /lib/x86_64-linux-gnu/libnss_files-2.15.so
7fdcbf166000-7fdcbf167000 rw-p 0000c000 08:02 16256549                   /lib/x86_64-linux-gnu/libnss_files-2.15.so
7fdcbf167000-7fdcbf171000 r-xp 00000000 08:02 16256553                   /lib/x86_64-linux-gnu/libnss_nis-2.15.so
7fdcbf171000-7fdcbf371000 ---p 0000a000 08:02 16256553                   /lib/x86_64-linux-gnu/libnss_nis-2.15.so
7fdcbf371000-7fdcbf372000 r--p 0000a000 08:02 16256553                   /lib/x86_64-linux-gnu/libnss_nis-2.15.so
7fdcbf372000-7fdcbf373000 rw-p 0000b000 08:02 16256553                   /lib/x86_64-linux-gnu/libnss_nis-2.15.so
7fdcbf373000-7fdcbf38a000 r-xp 00000000 08:02 16256543                   /lib/x86_64-linux-gnu/libnsl-2.15.so
7fdcbf38a000-7fdcbf589000 ---p 00017000 08:02 16256543                   /lib/x86_64-linux-gnu/libnsl-2.15.so
7fdcbf589000-7fdcbf58a000 r--p 00016000 08:02 16256543                   /lib/x86_64-linux-gnu/libnsl-2.15.so
7fdcbf58a000-7fdcbf58b000 rw-p 00017000 08:02 16256543                   /lib/x86_64-linux-gnu/libnsl-2.15.so
7fdcbf58b000-7fdcbf58d000 rw-p 00000000 00:00 0 
7fdcbf58d000-7fdcbf595000 r-xp 00000000 08:02 16256545                   /lib/x86_64-linux-gnu/libnss_compat-2.15.so
7fdcbf595000-7fdcbf794000 ---p 00008000 08:02 16256545                   /lib/x86_64-linux-gnu/libnss_compat-2.15.so
7fdcbf794000-7fdcbf795000 r--p 00007000 08:02 16256545                   /lib/x86_64-linux-gnu/libnss_compat-2.15.so
7fdcbf795000-7fdcbf796000 rw-p 00008000 08:02 16256545                   /lib/x86_64-linux-gnu/libnss_compat-2.15.so
7fdcbf796000-7fdcbf79f000 r-xp 00000000 08:02 18747976                   /usr/lib/jvm/java-6-openjdk-amd64/jre/lib/amd64/libinstrument.so
7fdcbf79f000-7fdcbf99f000 ---p 00009000 08:02 18747976                   /usr/lib/jvm/java-6-openjdk-amd64/jre/lib/amd64/libinstrument.so
7fdcbf99f000-7fdcbf9a0000 r--p 00009000 08:02 18747976                   /usr/lib/jvm/java-6-openjdk-amd64/jre/lib/amd64/libinstrument.so
7fdcbf9a0000-7fdcbf9a1000 rw-p 0000a000 08:02 18747976                   /usr/lib/jvm/java-6-openjdk-amd64/jre/lib/amd64/libinstrument.so
7fdcbf9a1000-7fdcbf9cd000 r-xp 00000000 08:02 18747994                   /usr/lib/jvm/java-6-openjdk-amd64/jre/lib/amd64/libjava.so
7fdcbf9cd000-7fdcbfbcc000 ---p 0002c000 08:02 18747994                   /usr/lib/jvm/java-6-openjdk-amd64/jre/lib/amd64/libjava.so
7fdcbfbcc000-7fdcbfbcd000 r--p 0002b000 08:02 18747994                   /usr/lib/jvm/java-6-openjdk-amd64/jre/lib/amd64/libjava.so
7fdcbfbcd000-7fdcbfbd0000 rw-p 0002c000 08:02 18747994                   /usr/lib/jvm/java-6-openjdk-amd64/jre/lib/amd64/libjava.so
7fdcbfbd0000-7fdcbfbde000 r-xp 00000000 08:02 18747993                   /usr/lib/jvm/java-6-openjdk-amd64/jre/lib/amd64/libverify.so
7fdcbfbde000-7fdcbfddd000 ---p 0000e000 08:02 18747993                   /usr/lib/jvm/java-6-openjdk-amd64/jre/lib/amd64/libverify.so
7fdcbfddd000-7fdcbfddf000 r--p 0000d000 08:02 18747993                   /usr/lib/jvm/java-6-openjdk-amd64/jre/lib/amd64/libverify.so
7fdcbfddf000-7fdcbfde0000 rw-p 0000f000 08:02 18747993                   /usr/lib/jvm/java-6-openjdk-amd64/jre/lib/amd64/libverify.so
7fdcbfde0000-7fdcbfde7000 r-xp 00000000 08:02 16256584                   /lib/x86_64-linux-gnu/librt-2.15.so
7fdcbfde7000-7fdcbffe6000 ---p 00007000 08:02 16256584                   /lib/x86_64-linux-gnu/librt-2.15.so
7fdcbffe6000-7fdcbffe7000 r--p 00006000 08:02 16256584                   /lib/x86_64-linux-gnu/librt-2.15.so
7fdcbffe7000-7fdcbffe8000 rw-p 00007000 08:02 16256584                   /lib/x86_64-linux-gnu/librt-2.15.so
7fdcbffe8000-7fdcbfffd000 r-xp 00000000 08:02 16256519                   /lib/x86_64-linux-gnu/libgcc_s.so.1
7fdcbfffd000-7fdcc01fc000 ---p 00015000 08:02 16256519                   /lib/x86_64-linux-gnu/libgcc_s.so.1
7fdcc01fc000-7fdcc01fd000 r--p 00014000 08:02 16256519                   /lib/x86_64-linux-gnu/libgcc_s.so.1
7fdcc01fd000-7fdcc01fe000 rw-p 00015000 08:02 16256519                   /lib/x86_64-linux-gnu/libgcc_s.so.1
7fdcc01fe000-7fdcc02f7000 r-xp 00000000 08:02 16256530                   /lib/x86_64-linux-gnu/libm-2.15.so
7fdcc02f7000-7fdcc04f6000 ---p 000f9000 08:02 16256530                   /lib/x86_64-linux-gnu/libm-2.15.so
7fdcc04f6000-7fdcc04f7000 r--p 000f8000 08:02 16256530                   /lib/x86_64-linux-gnu/libm-2.15.so
7fdcc04f7000-7fdcc04f8000 rw-p 000f9000 08:02 16256530                   /lib/x86_64-linux-gnu/libm-2.15.so
7fdcc04f8000-7fdcc05da000 r-xp 00000000 08:02 16129397                   /usr/lib/x86_64-linux-gnu/libstdc++.so.6.0.16
7fdcc05da000-7fdcc07d9000 ---p 000e2000 08:02 16129397                   /usr/lib/x86_64-linux-gnu/libstdc++.so.6.0.16
7fdcc07d9000-7fdcc07e1000 r--p 000e1000 08:02 16129397                   /usr/lib/x86_64-linux-gnu/libstdc++.so.6.0.16
7fdcc07e1000-7fdcc07e3000 rw-p 000e9000 08:02 16129397                   /usr/lib/x86_64-linux-gnu/libstdc++.so.6.0.16
7fdcc07e3000-7fdcc07f8000 rw-p 00000000 00:00 0 
7fdcc07f8000-7fdcc10fc000 r-xp 00000000 08:02 18877146                   /usr/lib/jvm/java-6-openjdk-amd64/jre/lib/amd64/server/libjvm.so
7fdcc10fc000-7fdcc12fc000 ---p 00904000 08:02 18877146                   /usr/lib/jvm/java-6-openjdk-amd64/jre/lib/amd64/server/libjvm.so
7fdcc12fc000-7fdcc137c000 r--p 00904000 08:02 18877146                   /usr/lib/jvm/java-6-openjdk-amd64/jre/lib/amd64/server/libjvm.so
7fdcc137c000-7fdcc1397000 rw-p 00984000 08:02 18877146                   /usr/lib/jvm/java-6-openjdk-amd64/jre/lib/amd64/server/libjvm.so
7fdcc1397000-7fdcc13c0000 rw-p 00000000 00:00 0 
7fdcc13c0000-7fdcc13d6000 r-xp 00000000 08:02 16256609                   /lib/x86_64-linux-gnu/libz.so.1.2.3.4
7fdcc13d6000-7fdcc15d5000 ---p 00016000 08:02 16256609                   /lib/x86_64-linux-gnu/libz.so.1.2.3.4
7fdcc15d5000-7fdcc15d6000 r--p 00015000 08:02 16256609                   /lib/x86_64-linux-gnu/libz.so.1.2.3.4
7fdcc15d6000-7fdcc15d7000 rw-p 00016000 08:02 16256609                   /lib/x86_64-linux-gnu/libz.so.1.2.3.4
7fdcc15d7000-7fdcc178a000 r-xp 00000000 08:02 16256498                   /lib/x86_64-linux-gnu/libc-2.15.so
7fdcc178a000-7fdcc1989000 ---p 001b3000 08:02 16256498                   /lib/x86_64-linux-gnu/libc-2.15.so
7fdcc1989000-7fdcc198d000 r--p 001b2000 08:02 16256498                   /lib/x86_64-linux-gnu/libc-2.15.so
7fdcc198d000-7fdcc198f000 rw-p 001b6000 08:02 16256498                   /lib/x86_64-linux-gnu/libc-2.15.so
7fdcc198f000-7fdcc1994000 rw-p 00000000 00:00 0 
7fdcc1994000-7fdcc1996000 r-xp 00000000 08:02 16256511                   /lib/x86_64-linux-gnu/libdl-2.15.so
7fdcc1996000-7fdcc1b96000 ---p 00002000 08:02 16256511                   /lib/x86_64-linux-gnu/libdl-2.15.so
7fdcc1b96000-7fdcc1b97000 r--p 00002000 08:02 16256511                   /lib/x86_64-linux-gnu/libdl-2.15.so
7fdcc1b97000-7fdcc1b98000 rw-p 00003000 08:02 16256511                   /lib/x86_64-linux-gnu/libdl-2.15.so
7fdcc1b98000-7fdcc1b9c000 r-xp 00000000 08:02 18747978                   /usr/lib/jvm/java-6-openjdk-amd64/jre/lib/amd64/jli/libjli.so
7fdcc1b9c000-7fdcc1d9b000 ---p 00004000 08:02 18747978                   /usr/lib/jvm/java-6-openjdk-amd64/jre/lib/amd64/jli/libjli.so
7fdcc1d9b000-7fdcc1d9c000 r--p 00003000 08:02 18747978                   /usr/lib/jvm/java-6-openjdk-amd64/jre/lib/amd64/jli/libjli.so
7fdcc1d9c000-7fdcc1d9d000 rw-p 00004000 08:02 18747978                   /usr/lib/jvm/java-6-openjdk-amd64/jre/lib/amd64/jli/libjli.so
7fdcc1d9d000-7fdcc1db5000 r-xp 00000000 08:02 16256578                   /lib/x86_64-linux-gnu/libpthread-2.15.so
7fdcc1db5000-7fdcc1fb4000 ---p 00018000 08:02 16256578                   /lib/x86_64-linux-gnu/libpthread-2.15.so
7fdcc1fb4000-7fdcc1fb5000 r--p 00017000 08:02 16256578                   /lib/x86_64-linux-gnu/libpthread-2.15.so
7fdcc1fb5000-7fdcc1fb6000 rw-p 00018000 08:02 16256578                   /lib/x86_64-linux-gnu/libpthread-2.15.so
7fdcc1fb6000-7fdcc1fba000 rw-p 00000000 00:00 0 
7fdcc1fba000-7fdcc1fdc000 r-xp 00000000 08:02 16256478                   /lib/x86_64-linux-gnu/ld-2.15.so
7fdcc1fdd000-7fdcc1fe4000 r--s 000fb000 08:02 18489889                   /usr/lib/jvm/java-6-openjdk-common/jre/lib/resources.jar
7fdcc1fe4000-7fdcc1feb000 r--s 00067000 08:02 15730908                   /home/jam/Applications/grails-2.1.1/lib/com.springsource.springloaded/springloaded-core/jars/springloaded-core-1.0.6.jar
7fdcc1feb000-7fdcc1ff4000 r--s 000a8000 08:02 15731003                   /home/jam/Applications/grails-2.1.1/dist/grails-bootstrap-2.1.1.jar
7fdcc1ff4000-7fdcc201d000 rw-p 00000000 00:00 0 
7fdcc201d000-7fdcc20b4000 rw-p 00000000 00:00 0 
7fdcc20b4000-7fdcc20b7000 ---p 00000000 00:00 0 
7fdcc20b7000-7fdcc21ba000 rw-p 00000000 00:00 0 
7fdcc21ba000-7fdcc21bc000 r--s 00008000 08:02 4587896                    /home/jam/Applications/grails-2.1.1/lib/org.fusesource.jansi/jansi/jars/jansi-1.2.1.jar
7fdcc21bc000-7fdcc21be000 r--s 00015000 08:02 15862296                   /home/jam/Applications/grails-2.1.1/lib/jline/jline/jars/jline-1.0.jar
7fdcc21be000-7fdcc21c1000 r--s 0007d000 08:02 18489867                   /usr/lib/jvm/java-6-openjdk-common/jre/lib/jsse.jar
7fdcc21c1000-7fdcc21c5000 r--s 00038000 08:02 18489882                   /usr/lib/jvm/java-6-openjdk-common/jre/lib/ext/sunpkcs11.jar
7fdcc21c5000-7fdcc21c8000 r--s 00031000 08:02 18489884                   /usr/lib/jvm/java-6-openjdk-common/jre/lib/ext/sunjce_provider.jar
7fdcc21c8000-7fdcc21c9000 r--s 00007000 08:02 16651090                   /usr/share/java/java-atk-wrapper.jar
7fdcc21c9000-7fdcc21cc000 r--s 00077000 08:02 18489883                   /usr/lib/jvm/java-6-openjdk-common/jre/lib/ext/localedata.jar
7fdcc21cc000-7fdcc21ce000 r--s 00001000 08:02 18489885                   /usr/lib/jvm/java-6-openjdk-common/jre/lib/ext/dnsns.jar
7fdcc21ce000-7fdcc21d0000 r--s 0000f000 08:02 18489886                   /usr/lib/jvm/java-6-openjdk-common/jre/lib/ext/pulse-java.jar
7fdcc21d0000-7fdcc21d8000 rw-s 00000000 08:02 8650909                    /tmp/hsperfdata_jam/23570
7fdcc21d8000-7fdcc21d9000 rw-p 00000000 00:00 0 
7fdcc21d9000-7fdcc21da000 ---p 00000000 00:00 0 
7fdcc21da000-7fdcc21dc000 rw-p 00000000 00:00 0 
7fdcc21dc000-7fdcc21dd000 r--p 00022000 08:02 16256478                   /lib/x86_64-linux-gnu/ld-2.15.so
7fdcc21dd000-7fdcc21df000 rw-p 00023000 08:02 16256478                   /lib/x86_64-linux-gnu/ld-2.15.so
7fffa6456000-7fffa6477000 rw-p 00000000 00:00 0                          [stack]
7fffa64f8000-7fffa64f9000 r-xp 00000000 00:00 0                          [vdso]
ffffffffff600000-ffffffffff601000 r-xp 00000000 00:00 0                  [vsyscall]

VM Arguments:
jvm_args: -Xmx768M -Xms768M -XX:PermSize=256m -XX:MaxPermSize=256m -Dfile.encoding=UTF-8 -Dserver.port=8080 -Djline.WindowsTerminal.directConsole=false -javaagent:/home/jam/Applications/grails-2.1.1/lib/com.springsource.springloaded/springloaded-core/jars/springloaded-core-1.0.6.jar -Xverify:none -Dspringloaded=profile=grails;cacheDir=/home/jam/.grails/2.1.1/ -Dgrails.home=/home/jam/Applications/grails-2.1.1 -Dtools.jar=/usr/lib/jvm/default-java/lib/tools.jar 
java_command: org.codehaus.groovy.grails.cli.support.GrailsStarter --main org.codehaus.groovy.grails.cli.GrailsScriptRunner --conf /home/jam/Applications/grails-2.1.1/conf/groovy-starter.conf --classpath   run-app
Launcher Type: SUN_STANDARD

Environment Variables:
JAVA_HOME=/usr/lib/jvm/default-java
PATH=/usr/lib/lightdm/lightdm:/usr/local/sbin:/usr/local/bin:/usr/sbin:/usr/bin:/sbin:/bin:/usr/games
LD_LIBRARY_PATH=/usr/lib/jvm/java-6-openjdk-amd64/jre/lib/amd64/server:/usr/lib/jvm/java-6-openjdk-amd64/jre/lib/amd64:/usr/lib/jvm/java-6-openjdk-amd64/jre/../lib/amd64
SHELL=/bin/bash
DISPLAY=:0

Signal Handlers:
SIGSEGV: [libjvm.so+0x784310], sa_mask[0]=0x7ffbfeff, sa_flags=0x10000004
SIGBUS: [libjvm.so+0x784310], sa_mask[0]=0x7ffbfeff, sa_flags=0x10000004
SIGFPE: [libjvm.so+0x648580], sa_mask[0]=0x7ffbfeff, sa_flags=0x10000004
SIGPIPE: SIG_IGN, sa_mask[0]=0x00000000, sa_flags=0x00000000
SIGXFSZ: [libjvm.so+0x648580], sa_mask[0]=0x7ffbfeff, sa_flags=0x10000004
SIGILL: [libjvm.so+0x648580], sa_mask[0]=0x7ffbfeff, sa_flags=0x10000004
SIGUSR1: SIG_DFL, sa_mask[0]=0x00000000, sa_flags=0x00000000
SIGUSR2: [libjvm.so+0x648730], sa_mask[0]=0x00000004, sa_flags=0x10000004
SIGHUP: [libjvm.so+0x64b250], sa_mask[0]=0x7ffbfeff, sa_flags=0x10000004
SIGINT: SIG_IGN, sa_mask[0]=0x00000000, sa_flags=0x00000000
SIGTERM: [libjvm.so+0x64b250], sa_mask[0]=0x7ffbfeff, sa_flags=0x10000004
SIGQUIT: [libjvm.so+0x64b250], sa_mask[0]=0x7ffbfeff, sa_flags=0x10000004


---------------  S Y S T E M  ---------------

OS:Ubuntu 12.04 (precise)
uname:Linux 3.2.0-30-generic #48-Ubuntu SMP Fri Aug 24 16:52:48 UTC 2012 x86_64
libc:glibc 2.15 NPTL 2.15 
rlimit: STACK 8192k, CORE 0k, NPROC 59519, NOFILE 4096, AS infinity
load average:1.88 2.12 1.83

/proc/meminfo:
MemTotal:        7636272 kB
MemFree:          626608 kB
Buffers:          282060 kB
Cached:          2419592 kB
SwapCached:         2320 kB
Active:          4425708 kB
Inactive:        1844096 kB
Active(anon):    2943060 kB
Inactive(anon):   638812 kB
Active(file):    1482648 kB
Inactive(file):  1205284 kB
Unevictable:          76 kB
Mlocked:              76 kB
SwapTotal:       7837776 kB
SwapFree:        7821296 kB
Dirty:                76 kB
Writeback:             0 kB
AnonPages:       3566148 kB
Mapped:           415704 kB
Shmem:             13720 kB
Slab:             236952 kB
SReclaimable:     189644 kB
SUnreclaim:        47308 kB
KernelStack:        5872 kB
PageTables:        65708 kB
NFS_Unstable:          0 kB
Bounce:                0 kB
WritebackTmp:          0 kB
CommitLimit:    11655912 kB
Committed_AS:    8931632 kB
VmallocTotal:   34359738367 kB
VmallocUsed:      135768 kB
VmallocChunk:   34359600448 kB
HardwareCorrupted:     0 kB
AnonHugePages:         0 kB
HugePages_Total:       0
HugePages_Free:        0
HugePages_Rsvd:        0
HugePages_Surp:        0
Hugepagesize:       2048 kB
DirectMap4k:      405504 kB
DirectMap2M:     6391808 kB
DirectMap1G:     1048576 kB


CPU:total 4 (4 cores per cpu, 1 threads per core) family 18 model 1 stepping 0, cmov, cx8, fxsr, mmx, sse, sse2, sse3, popcnt, mmxext, 3dnowpref, lzcnt, sse4a

Memory: 4k page, physical 7636272k(626608k free), swap 7837776k(7821296k free)

vm_info: OpenJDK 64-Bit Server VM (20.0-b12) for linux-amd64 JRE (1.6.0_24-b24), built on Sep  2 2012 19:50:47 by "buildd" with gcc 4.6.3

time: Sun Sep 16 19:43:06 2012
elapsed time: 474 seconds

