#
# A fatal error has been detected by the Java Runtime Environment:
#
#  SIGSEGV (0xb) at pc=0x00007f30e19e2ac2, pid=3159, tid=139847540885248
#
# JRE version: 6.0_24-b24
# Java VM: OpenJDK 64-Bit Server VM (20.0-b12 mixed mode linux-amd64 compressed oops)
# Derivative: IcedTea6 1.11.4
# Distribution: Ubuntu 12.04 LTS, package 6b24-1.11.4-1ubuntu0.12.04.1
# Problematic frame:
# V  [libjvm.so+0x319ac2]  PhaseChaitin::gather_lrg_masks(bool)+0x112
#
# If you would like to submit a bug report, please include
# instructions how to reproduce the bug and visit:
#   https://bugs.launchpad.net/ubuntu/+source/openjdk-6/
#

---------------  T H R E A D  ---------------

Current thread (0x00007f30dc0e9000):  JavaThread "C2 CompilerThread1" daemon [_thread_in_native, id=3182, stack(0x00007f30caef4000,0x00007f30caff5000)]

siginfo:si_signo=SIGSEGV: si_errno=0, si_code=128 (), si_addr=0x0000000000000000

Registers:
RAX=0x3eae973080000000, RBX=0x00007f30b1bb8f08, RCX=0x00007f30caff0b40, RDX=0x00007f30b23a2cd8
RSP=0x00007f30caff0980, RBP=0x00007f30caff09e0, RSI=0x000000000000ae0b, RDI=0x00007f30b1bb8f08
R8 =0x000000000000000e, R9 =0x0000000000000c6e, R10=0x00007f30b22e35b0, R11=0x00007f30b22e35b0
R12=0x00007f30caff2130, R13=0x00007f30ac5540f0, R14=0x00007f30caff2130, R15=0x0000000000000001
RIP=0x00007f30e19e2ac2, EFLAGS=0x0000000000010202, CSGSFS=0x0000000000000033, ERR=0x0000000000000000
  TRAPNO=0x000000000000000d

Top of Stack: (sp=0x00007f30caff0980)
0x00007f30caff0980:   00007f30b30240c8 00007f30b30240c8
0x00007f30caff0990:   ffffffff000007e6 010000000000000e
0x00007f30caff09a0:   00007f30ac5540f0 00007f3000000002
0x00007f30caff09b0:   00007f30caff0b80 00007f30caff2130
0x00007f30caff09c0:   00007f30b14f8bd0 00007f30caff0b80
0x00007f30caff09d0:   00007f30caff0ae0 00007f30e2271140
0x00007f30caff09e0:   00007f30caff0bd0 00007f30e19e57bd
0x00007f30caff09f0:   0000000000000000 00007f30caff2250
0x00007f30caff0a00:   00007f30e224f580 0000000000000078
0x00007f30caff0a10:   00007f30b14f8fb8 00007f30b14f8be0
0x00007f30caff0a20:   00007f30e222cbd0 000003f10000000c
0x00007f30caff0a30:   00007f30caff2f70 00007f30caff2130
0x00007f30caff0a40:   00007f3000003c07 00007f30b0000020
0x00007f30caff0a50:   000000000000f030 000000000000f030
0x00007f30caff0a60:   00007f30b2e25ed0 000000000000f020
0x00007f30caff0a70:   00007f30dc010a30 00007f30e252aa45
0x00007f30caff0a80:   00007f30caff0b60 00007f30dc010a30
0x00007f30caff0a90:   00007f30caff0ae0 000000000000f030
0x00007f30caff0aa0:   00007f30b2e25ed0 00007f30e1e16aa6
0x00007f30caff0ab0:   00007f30caff0ae0 00007f30e1e16b27
0x00007f30caff0ac0:   00007f30caff0b00 00007f30e18fe6ae
0x00007f30caff0ad0:   000000000000f020 00007f30b2e25ed0
0x00007f30caff0ae0:   00007f3000000009 00007f30caff2f70
0x00007f30caff0af0:   00007f30b2ea5e30 00007f30b0c31200
0x00007f30caff0b00:   00007f30b18e4fc0 00007f30b18e9050
0x00007f30caff0b10:   00007f30b19471e0 00007f30caff2250
0x00007f30caff0b20:   00007f30caff21f8 00007f3000002829
0x00007f30caff0b30:   00007f30caff0b80 00007f30dc010a30
0x00007f30caff0b40:   00007f300000000b 00007f30caff2f70
0x00007f30caff0b50:   00007f30b318fad0 00007f30caff2200
0x00007f30caff0b60:   00007f30b22e35b0 00007f3000003626
0x00007f30caff0b70:   00007f30caff0b80 00007f30b14f8be0 

Instructions: (pc=0x00007f30e19e2ac2)
0x00007f30e19e2aa2:   01 48 8d 04 70 48 8d 14 c2 74 33 80 4a 57 08 48
0x00007f30e19e2ab2:   8b 43 08 49 8b 4c 24 78 48 8b 40 08 4c 8b 51 20
0x00007f30e19e2ac2:   8b 70 28 49 8b 84 24 d0 00 00 00 8b 04 b0 48 8d
0x00007f30e19e2ad2:   34 80 48 8d 04 70 49 8d 04 c2 80 48 57 08 48 8b 

Register to memory mapping:

RAX=0x3eae973080000000 is an unknown value
RBX=0x00007f30b1bb8f08 is an unknown value
RCX=0x00007f30caff0b40 is pointing into the stack for thread: 0x00007f30dc0e9000
RDX=0x00007f30b23a2cd8 is an unknown value
RSP=0x00007f30caff0980 is pointing into the stack for thread: 0x00007f30dc0e9000
RBP=0x00007f30caff09e0 is pointing into the stack for thread: 0x00007f30dc0e9000
RSI=0x000000000000ae0b is an unknown value
RDI=0x00007f30b1bb8f08 is an unknown value
R8 =0x000000000000000e is an unknown value
R9 =0x0000000000000c6e is an unknown value
R10=0x00007f30b22e35b0 is an unknown value
R11=0x00007f30b22e35b0 is an unknown value
R12=0x00007f30caff2130 is pointing into the stack for thread: 0x00007f30dc0e9000
R13=0x00007f30ac5540f0 is an unknown value
R14=0x00007f30caff2130 is pointing into the stack for thread: 0x00007f30dc0e9000
R15=0x0000000000000001 is an unknown value


Stack: [0x00007f30caef4000,0x00007f30caff5000],  sp=0x00007f30caff0980,  free space=1010k
Native frames: (J=compiled Java code, j=interpreted, Vv=VM code, C=native code)
V  [libjvm.so+0x319ac2]  PhaseChaitin::gather_lrg_masks(bool)+0x112
V  [libjvm.so+0x31c7bd]  PhaseChaitin::Register_Allocate()+0x43d
V  [libjvm.so+0x37a77f]  Compile::Code_Gen() [clone .part.262]+0x2cf
V  [libjvm.so+0x37ca8a]  Compile::Compile(ciEnv*, C2Compiler*, ciMethod*, int, bool, bool)+0xb1a
V  [libjvm.so+0x306250]  C2Compiler::compile_method(ciEnv*, ciMethod*, int)+0xe0
V  [libjvm.so+0x381133]  CompileBroker::invoke_compiler_on_method(CompileTask*)+0x2a3
V  [libjvm.so+0x381a7b]  CompileBroker::compiler_thread_loop()+0x45b
V  [libjvm.so+0x74c0d8]  JavaThread::thread_main_inner()+0x58
V  [libjvm.so+0x64bbf2]  java_start(Thread*)+0x112


Current CompileTask:
C2:  54138 1475      org.springframework.asm.ClassReader.accept(Lorg/springframework/asm/ClassVisitor;[Lorg/springframework/asm/Attribute;Z)V (4725 bytes)


---------------  P R O C E S S  ---------------

Java Threads: ( => current thread )
  0x00007f305826a000 JavaThread "org.hibernate.cache.StandardQueryCache.data" daemon [_thread_blocked, id=3218, stack(0x00007f307b3ef000,0x00007f307b4f0000)]
  0x00007f30582bb000 JavaThread "org.hibernate.cache.UpdateTimestampsCache.data" daemon [_thread_blocked, id=3217, stack(0x00007f307b4f0000,0x00007f307b5f1000)]
  0x00007f3058114000 JavaThread "org.greens.VoterContactManager.SecRole.data" daemon [_thread_blocked, id=3212, stack(0x00007f307b5f1000,0x00007f307b6f2000)]
  0x00007f3058322000 JavaThread "net.sf.ehcache.CacheManager@52675236" daemon [_thread_blocked, id=3211, stack(0x00007f307b6f2000,0x00007f307b7f3000)]
  0x00007f3098001000 JavaThread "localhost-startStop-1" daemon [_thread_in_Java, id=3210, stack(0x00007f307b7f3000,0x00007f307b8f4000)]
  0x00007f30dc8d1800 JavaThread "Tomcat-startStop-1" daemon [_thread_blocked, id=3209, stack(0x00007f30c8746000,0x00007f30c8847000)]
  0x00007f30dc2a0000 JavaThread "pool-4-thread-5" [_thread_blocked, id=3208, stack(0x00007f307bafb000,0x00007f307bbfc000)]
  0x00007f30dc802800 JavaThread "pool-4-thread-4" [_thread_blocked, id=3207, stack(0x00007f307bbfc000,0x00007f307bcfd000)]
  0x00007f30dc647800 JavaThread "pool-4-thread-3" [_thread_blocked, id=3206, stack(0x00007f307bcfd000,0x00007f307bdfe000)]
  0x00007f30dc647000 JavaThread "pool-4-thread-2" [_thread_blocked, id=3205, stack(0x00007f307bdfe000,0x00007f307beff000)]
  0x00007f30dc40e000 JavaThread "pool-4-thread-1" [_thread_blocked, id=3204, stack(0x00007f307beff000,0x00007f307c000000)]
  0x00007f30dc29f800 JavaThread "pool-3-thread-5" [_thread_blocked, id=3201, stack(0x00007f30c803f000,0x00007f30c8140000)]
  0x00007f30dc26a000 JavaThread "pool-3-thread-4" [_thread_blocked, id=3200, stack(0x00007f30c8140000,0x00007f30c8241000)]
  0x00007f30dc60f800 JavaThread "pool-3-thread-3" [_thread_blocked, id=3199, stack(0x00007f30c8241000,0x00007f30c8342000)]
  0x00007f30dc266000 JavaThread "pool-3-thread-2" [_thread_blocked, id=3198, stack(0x00007f30c8342000,0x00007f30c8443000)]
  0x00007f30dc24a000 JavaThread "pool-3-thread-1" [_thread_blocked, id=3197, stack(0x00007f30c8443000,0x00007f30c8544000)]
  0x00007f30dc577000 JavaThread "FileSystemWatcher: files=#333 cl=java.net.URLClassLoader@7ff0a34" daemon [_thread_blocked, id=3196, stack(0x00007f30c8544000,0x00007f30c8645000)]
  0x00007f30dc24b000 JavaThread "FileSystemWatcher: files=#20 cl=groovy.lang.GroovyClassLoader@2c905b34" daemon [_thread_blocked, id=3195, stack(0x00007f30c8645000,0x00007f30c8746000)]
  0x00007f30dc34d800 JavaThread "pool-2-thread-1" [_thread_blocked, id=3193, stack(0x00007f30c8e6e000,0x00007f30c8f6f000)]
  0x00007f30dc3b1800 JavaThread "Synchronizer (Spring UAA/1.0.1)" daemon [_thread_blocked, id=3192, stack(0x00007f30c8f6f000,0x00007f30c9070000)]
  0x00007f30dc75f000 JavaThread "Timer-0" daemon [_thread_blocked, id=3191, stack(0x00007f30ca9f8000,0x00007f30caaf9000)]
  0x00007f30dc0e3800 JavaThread "Low Memory Detector" daemon [_thread_blocked, id=3183, stack(0x00007f30cadf3000,0x00007f30caef4000)]
=>0x00007f30dc0e9000 JavaThread "C2 CompilerThread1" daemon [_thread_in_native, id=3182, stack(0x00007f30caef4000,0x00007f30caff5000)]
  0x00007f30dc0ea800 JavaThread "C2 CompilerThread0" daemon [_thread_in_native, id=3181, stack(0x00007f30caff5000,0x00007f30cb0f6000)]
  0x00007f30dc08c000 JavaThread "Signal Dispatcher" daemon [_thread_blocked, id=3180, stack(0x00007f30cb0f6000,0x00007f30cb1f7000)]
  0x00007f30dc079800 JavaThread "Finalizer" daemon [_thread_blocked, id=3179, stack(0x00007f30cb9d2000,0x00007f30cbad3000)]
  0x00007f30dc077800 JavaThread "Reference Handler" daemon [_thread_blocked, id=3178, stack(0x00007f30cbad3000,0x00007f30cbbd4000)]
  0x00007f30dc009800 JavaThread "main" [_thread_blocked, id=3169, stack(0x00007f30e2f85000,0x00007f30e3086000)]

Other Threads:
  0x00007f30dc071000 VMThread [stack: 0x00007f30cbbd4000,0x00007f30cbcd5000] [id=3177]
  0x00007f30dc0f5800 WatcherThread [stack: 0x00007f30cacf2000,0x00007f30cadf3000] [id=3184]

VM state:not at safepoint (normal execution)

VM Mutex/Monitor currently owned by a thread: None

Heap
 PSYoungGen      total 233664K, used 192642K [0x00000000f0000000, 0x0000000100000000, 0x0000000100000000)
  eden space 205952K, 87% used [0x00000000f0000000,0x00000000fafc4010,0x00000000fc920000)
  from space 27712K, 45% used [0x00000000fc920000,0x00000000fd57ca98,0x00000000fe430000)
  to   space 27712K, 0% used [0x00000000fe4f0000,0x00000000fe4f0000,0x0000000100000000)
 PSOldGen        total 524288K, used 146024K [0x00000000d0000000, 0x00000000f0000000, 0x00000000f0000000)
  object space 524288K, 27% used [0x00000000d0000000,0x00000000d8e9a270,0x00000000f0000000)
 PSPermGen       total 262144K, used 93231K [0x00000000c0000000, 0x00000000d0000000, 0x00000000d0000000)
  object space 262144K, 35% used [0x00000000c0000000,0x00000000c5b0beb8,0x00000000d0000000)

Code Cache  [0x00007f30d8beb000, 0x00007f30d92db000, 0x00007f30dbbeb000)
 total_blobs=2008 nmethods=1357 adapters=604 free_code_cache=43169536 largest_free_block=20480

Dynamic libraries:
00400000-00409000 r-xp 00000000 08:02 397963                             /usr/lib/jvm/java-6-openjdk-amd64/jre/bin/java
00608000-00609000 r--p 00008000 08:02 397963                             /usr/lib/jvm/java-6-openjdk-amd64/jre/bin/java
00609000-0060a000 rw-p 00009000 08:02 397963                             /usr/lib/jvm/java-6-openjdk-amd64/jre/bin/java
010cb000-010ec000 rw-p 00000000 00:00 0                                  [heap]
c0000000-100000000 rw-p 00000000 00:00 0 
7f3058000000-7f3058573000 rw-p 00000000 00:00 0 
7f3058573000-7f305c000000 ---p 00000000 00:00 0 
7f305c000000-7f305c021000 rw-p 00000000 00:00 0 
7f305c021000-7f3060000000 ---p 00000000 00:00 0 
7f3060000000-7f3060021000 rw-p 00000000 00:00 0 
7f3060021000-7f3064000000 ---p 00000000 00:00 0 
7f3064000000-7f3064021000 rw-p 00000000 00:00 0 
7f3064021000-7f3068000000 ---p 00000000 00:00 0 
7f3068000000-7f3068021000 rw-p 00000000 00:00 0 
7f3068021000-7f306c000000 ---p 00000000 00:00 0 
7f306c000000-7f306c021000 rw-p 00000000 00:00 0 
7f306c021000-7f3070000000 ---p 00000000 00:00 0 
7f3070000000-7f3070021000 rw-p 00000000 00:00 0 
7f3070021000-7f3074000000 ---p 00000000 00:00 0 
7f3074000000-7f3074021000 rw-p 00000000 00:00 0 
7f3074021000-7f3078000000 ---p 00000000 00:00 0 
7f307b3ef000-7f307b3f2000 ---p 00000000 00:00 0 
7f307b3f2000-7f307b4f0000 rw-p 00000000 00:00 0 
7f307b4f0000-7f307b4f3000 ---p 00000000 00:00 0 
7f307b4f3000-7f307b5f1000 rw-p 00000000 00:00 0 
7f307b5f1000-7f307b5f4000 ---p 00000000 00:00 0 
7f307b5f4000-7f307b6f2000 rw-p 00000000 00:00 0 
7f307b6f2000-7f307b6f5000 ---p 00000000 00:00 0 
7f307b6f5000-7f307b7f3000 rw-p 00000000 00:00 0 
7f307b7f3000-7f307b7f6000 ---p 00000000 00:00 0 
7f307b7f6000-7f307b8f4000 rw-p 00000000 00:00 0 
7f307b8f4000-7f307b8fa000 r-xp 00000000 08:02 18747991                   /usr/lib/jvm/java-6-openjdk-amd64/jre/lib/amd64/libmanagement.so
7f307b8fa000-7f307baf9000 ---p 00006000 08:02 18747991                   /usr/lib/jvm/java-6-openjdk-amd64/jre/lib/amd64/libmanagement.so
7f307baf9000-7f307bafa000 r--p 00005000 08:02 18747991                   /usr/lib/jvm/java-6-openjdk-amd64/jre/lib/amd64/libmanagement.so
7f307bafa000-7f307bafb000 rw-p 00006000 08:02 18747991                   /usr/lib/jvm/java-6-openjdk-amd64/jre/lib/amd64/libmanagement.so
7f307bafb000-7f307bafe000 ---p 00000000 00:00 0 
7f307bafe000-7f307bbfc000 rw-p 00000000 00:00 0 
7f307bbfc000-7f307bbff000 ---p 00000000 00:00 0 
7f307bbff000-7f307bcfd000 rw-p 00000000 00:00 0 
7f307bcfd000-7f307bd00000 ---p 00000000 00:00 0 
7f307bd00000-7f307bdfe000 rw-p 00000000 00:00 0 
7f307bdfe000-7f307be01000 ---p 00000000 00:00 0 
7f307be01000-7f307beff000 rw-p 00000000 00:00 0 
7f307beff000-7f307bf02000 ---p 00000000 00:00 0 
7f307bf02000-7f307c000000 rw-p 00000000 00:00 0 
7f307c000000-7f307c021000 rw-p 00000000 00:00 0 
7f307c021000-7f3080000000 ---p 00000000 00:00 0 
7f3080000000-7f3080021000 rw-p 00000000 00:00 0 
7f3080021000-7f3084000000 ---p 00000000 00:00 0 
7f3084000000-7f3084021000 rw-p 00000000 00:00 0 
7f3084021000-7f3088000000 ---p 00000000 00:00 0 
7f3088000000-7f3088021000 rw-p 00000000 00:00 0 
7f3088021000-7f308c000000 ---p 00000000 00:00 0 
7f308c000000-7f308c021000 rw-p 00000000 00:00 0 
7f308c021000-7f3090000000 ---p 00000000 00:00 0 
7f3090000000-7f3090021000 rw-p 00000000 00:00 0 
7f3090021000-7f3094000000 ---p 00000000 00:00 0 
7f3094000000-7f30940e7000 rw-p 00000000 00:00 0 
7f30940e7000-7f3098000000 ---p 00000000 00:00 0 
7f3098000000-7f3098021000 rw-p 00000000 00:00 0 
7f3098021000-7f309c000000 ---p 00000000 00:00 0 
7f309c000000-7f309c021000 rw-p 00000000 00:00 0 
7f309c021000-7f30a0000000 ---p 00000000 00:00 0 
7f30a0000000-7f30a004b000 rw-p 00000000 00:00 0 
7f30a004b000-7f30a4000000 ---p 00000000 00:00 0 
7f30a4000000-7f30a4021000 rw-p 00000000 00:00 0 
7f30a4021000-7f30a8000000 ---p 00000000 00:00 0 
7f30a8000000-7f30a8021000 rw-p 00000000 00:00 0 
7f30a8021000-7f30ac000000 ---p 00000000 00:00 0 
7f30ac000000-7f30afb78000 rw-p 00000000 00:00 0 
7f30afb78000-7f30b0000000 ---p 00000000 00:00 0 
7f30b0000000-7f30b3995000 rw-p 00000000 00:00 0 
7f30b3995000-7f30b4000000 ---p 00000000 00:00 0 
7f30b4000000-7f30b4021000 rw-p 00000000 00:00 0 
7f30b4021000-7f30b8000000 ---p 00000000 00:00 0 
7f30b8000000-7f30b8021000 rw-p 00000000 00:00 0 
7f30b8021000-7f30bc000000 ---p 00000000 00:00 0 
7f30bc000000-7f30bc0f1000 rw-p 00000000 00:00 0 
7f30bc0f1000-7f30c0000000 ---p 00000000 00:00 0 
7f30c0000000-7f30c0021000 rw-p 00000000 00:00 0 
7f30c0021000-7f30c4000000 ---p 00000000 00:00 0 
7f30c4000000-7f30c404a000 rw-p 00000000 00:00 0 
7f30c404a000-7f30c8000000 ---p 00000000 00:00 0 
7f30c803f000-7f30c8042000 ---p 00000000 00:00 0 
7f30c8042000-7f30c8140000 rw-p 00000000 00:00 0 
7f30c8140000-7f30c8143000 ---p 00000000 00:00 0 
7f30c8143000-7f30c8241000 rw-p 00000000 00:00 0 
7f30c8241000-7f30c8244000 ---p 00000000 00:00 0 
7f30c8244000-7f30c8342000 rw-p 00000000 00:00 0 
7f30c8342000-7f30c8345000 ---p 00000000 00:00 0 
7f30c8345000-7f30c8443000 rw-p 00000000 00:00 0 
7f30c8443000-7f30c8446000 ---p 00000000 00:00 0 
7f30c8446000-7f30c8544000 rw-p 00000000 00:00 0 
7f30c8544000-7f30c8547000 ---p 00000000 00:00 0 
7f30c8547000-7f30c8645000 rw-p 00000000 00:00 0 
7f30c8645000-7f30c8648000 ---p 00000000 00:00 0 
7f30c8648000-7f30c8746000 rw-p 00000000 00:00 0 
7f30c8746000-7f30c8749000 ---p 00000000 00:00 0 
7f30c8749000-7f30c8847000 rw-p 00000000 00:00 0 
7f30c8847000-7f30c885f000 r-xp 00000000 08:02 16256582                   /lib/x86_64-linux-gnu/libresolv-2.15.so
7f30c885f000-7f30c8a5f000 ---p 00018000 08:02 16256582                   /lib/x86_64-linux-gnu/libresolv-2.15.so
7f30c8a5f000-7f30c8a60000 r--p 00018000 08:02 16256582                   /lib/x86_64-linux-gnu/libresolv-2.15.so
7f30c8a60000-7f30c8a61000 rw-p 00019000 08:02 16256582                   /lib/x86_64-linux-gnu/libresolv-2.15.so
7f30c8a61000-7f30c8a63000 rw-p 00000000 00:00 0 
7f30c8a63000-7f30c8a6a000 r-xp 00000000 08:02 16256547                   /lib/x86_64-linux-gnu/libnss_dns-2.15.so
7f30c8a6a000-7f30c8c69000 ---p 00007000 08:02 16256547                   /lib/x86_64-linux-gnu/libnss_dns-2.15.so
7f30c8c69000-7f30c8c6a000 r--p 00006000 08:02 16256547                   /lib/x86_64-linux-gnu/libnss_dns-2.15.so
7f30c8c6a000-7f30c8c6b000 rw-p 00007000 08:02 16256547                   /lib/x86_64-linux-gnu/libnss_dns-2.15.so
7f30c8c6b000-7f30c8c6d000 r-xp 00000000 08:02 16252982                   /lib/libnss_mdns4_minimal.so.2
7f30c8c6d000-7f30c8e6c000 ---p 00002000 08:02 16252982                   /lib/libnss_mdns4_minimal.so.2
7f30c8e6c000-7f30c8e6d000 r--p 00001000 08:02 16252982                   /lib/libnss_mdns4_minimal.so.2
7f30c8e6d000-7f30c8e6e000 rw-p 00002000 08:02 16252982                   /lib/libnss_mdns4_minimal.so.2
7f30c8e6e000-7f30c8e71000 ---p 00000000 00:00 0 
7f30c8e71000-7f30c8f6f000 rw-p 00000000 00:00 0 
7f30c8f6f000-7f30c8f72000 ---p 00000000 00:00 0 
7f30c8f72000-7f30c9070000 rw-p 00000000 00:00 0 
7f30c9070000-7f30c90cd000 r-xp 00000000 08:02 16651114                   /usr/lib/x86_64-linux-gnu/nss/libfreebl3.so
7f30c90cd000-7f30c92cc000 ---p 0005d000 08:02 16651114                   /usr/lib/x86_64-linux-gnu/nss/libfreebl3.so
7f30c92cc000-7f30c92ce000 r--p 0005c000 08:02 16651114                   /usr/lib/x86_64-linux-gnu/nss/libfreebl3.so
7f30c92ce000-7f30c92cf000 rw-p 0005e000 08:02 16651114                   /usr/lib/x86_64-linux-gnu/nss/libfreebl3.so
7f30c92cf000-7f30c92d3000 rw-p 00000000 00:00 0 
7f30c92d3000-7f30c9371000 r-xp 00000000 08:02 16131587                   /usr/lib/x86_64-linux-gnu/libsqlite3.so.0.8.6
7f30c9371000-7f30c9571000 ---p 0009e000 08:02 16131587                   /usr/lib/x86_64-linux-gnu/libsqlite3.so.0.8.6
7f30c9571000-7f30c9573000 r--p 0009e000 08:02 16131587                   /usr/lib/x86_64-linux-gnu/libsqlite3.so.0.8.6
7f30c9573000-7f30c9575000 rw-p 000a0000 08:02 16131587                   /usr/lib/x86_64-linux-gnu/libsqlite3.so.0.8.6
7f30c9575000-7f30c9576000 rw-p 00000000 00:00 0 
7f30c9576000-7f30c95af000 r-xp 00000000 08:02 16651117                   /usr/lib/x86_64-linux-gnu/nss/libsoftokn3.so
7f30c95af000-7f30c97ae000 ---p 00039000 08:02 16651117                   /usr/lib/x86_64-linux-gnu/nss/libsoftokn3.so
7f30c97ae000-7f30c97b0000 r--p 00038000 08:02 16651117                   /usr/lib/x86_64-linux-gnu/nss/libsoftokn3.so
7f30c97b0000-7f30c97b1000 rw-p 0003a000 08:02 16651117                   /usr/lib/x86_64-linux-gnu/nss/libsoftokn3.so
7f30c97b1000-7f30c97eb000 r-xp 00000000 08:02 16127779                   /usr/lib/x86_64-linux-gnu/libnspr4.so
7f30c97eb000-7f30c99ea000 ---p 0003a000 08:02 16127779                   /usr/lib/x86_64-linux-gnu/libnspr4.so
7f30c99ea000-7f30c99eb000 r--p 00039000 08:02 16127779                   /usr/lib/x86_64-linux-gnu/libnspr4.so
7f30c99eb000-7f30c99ed000 rw-p 0003a000 08:02 16127779                   /usr/lib/x86_64-linux-gnu/libnspr4.so
7f30c99ed000-7f30c99ef000 rw-p 00000000 00:00 0 
7f30c99ef000-7f30c99f2000 r-xp 00000000 08:02 16127775                   /usr/lib/x86_64-linux-gnu/libplds4.so
7f30c99f2000-7f30c9bf1000 ---p 00003000 08:02 16127775                   /usr/lib/x86_64-linux-gnu/libplds4.so
7f30c9bf1000-7f30c9bf2000 r--p 00002000 08:02 16127775                   /usr/lib/x86_64-linux-gnu/libplds4.so
7f30c9bf2000-7f30c9bf3000 rw-p 00003000 08:02 16127775                   /usr/lib/x86_64-linux-gnu/libplds4.so
7f30c9bf3000-7f30c9bf7000 r-xp 00000000 08:02 16127777                   /usr/lib/x86_64-linux-gnu/libplc4.so
7f30c9bf7000-7f30c9df6000 ---p 00004000 08:02 16127777                   /usr/lib/x86_64-linux-gnu/libplc4.so
7f30c9df6000-7f30c9df7000 r--p 00003000 08:02 16127777                   /usr/lib/x86_64-linux-gnu/libplc4.so
7f30c9df7000-7f30c9df8000 rw-p 00004000 08:02 16127777                   /usr/lib/x86_64-linux-gnu/libplc4.so
7f30c9df8000-7f30c9e14000 r-xp 00000000 08:02 16123808                   /usr/lib/x86_64-linux-gnu/libnssutil3.so
7f30c9e14000-7f30ca014000 ---p 0001c000 08:02 16123808                   /usr/lib/x86_64-linux-gnu/libnssutil3.so
7f30ca014000-7f30ca01a000 r--p 0001c000 08:02 16123808                   /usr/lib/x86_64-linux-gnu/libnssutil3.so
7f30ca01a000-7f30ca01b000 rw-p 00022000 08:02 16123808                   /usr/lib/x86_64-linux-gnu/libnssutil3.so
7f30ca01b000-7f30ca119000 r-xp 00000000 08:02 16122488                   /usr/lib/x86_64-linux-gnu/libnss3.so
7f30ca119000-7f30ca318000 ---p 000fe000 08:02 16122488                   /usr/lib/x86_64-linux-gnu/libnss3.so
7f30ca318000-7f30ca31d000 r--p 000fd000 08:02 16122488                   /usr/lib/x86_64-linux-gnu/libnss3.so
7f30ca31d000-7f30ca31f000 rw-p 00102000 08:02 16122488                   /usr/lib/x86_64-linux-gnu/libnss3.so
7f30ca31f000-7f30ca321000 rw-p 00000000 00:00 0 
7f30ca341000-7f30ca34f000 r-xp 00000000 08:02 18747997                   /usr/lib/jvm/java-6-openjdk-amd64/jre/lib/amd64/libj2pkcs11.so
7f30ca34f000-7f30ca54f000 ---p 0000e000 08:02 18747997                   /usr/lib/jvm/java-6-openjdk-amd64/jre/lib/amd64/libj2pkcs11.so
7f30ca54f000-7f30ca550000 r--p 0000e000 08:02 18747997                   /usr/lib/jvm/java-6-openjdk-amd64/jre/lib/amd64/libj2pkcs11.so
7f30ca550000-7f30ca551000 rw-p 0000f000 08:02 18747997                   /usr/lib/jvm/java-6-openjdk-amd64/jre/lib/amd64/libj2pkcs11.so
7f30ca551000-7f30ca553000 r--s 00013000 08:02 18489868                   /usr/lib/jvm/java-6-openjdk-common/jre/lib/jce.jar
7f30ca56a000-7f30ca56e000 r--s 0002f000 08:02 4722137                    /home/jam/.grails/ivy-cache/org.grails/grails-test/jars/grails-test-2.1.1.jar
7f30ca56e000-7f30ca574000 r--s 0006c000 08:02 4722135                    /home/jam/.grails/ivy-cache/org.grails/grails-plugin-testing/jars/grails-plugin-testing-2.1.1.jar
7f30ca574000-7f30ca575000 r--s 00002000 08:02 5636284                    /home/jam/.grails/ivy-cache/org.hibernate/hibernate-ehcache/jars/hibernate-ehcache-3.6.10.Final.jar
7f30ca575000-7f30ca57a000 r--s 00048000 08:02 5636282                    /home/jam/.grails/ivy-cache/dom4j/dom4j/jars/dom4j-1.6.1.jar
7f30ca57a000-7f30ca57f000 r--s 00068000 08:02 5636280                    /home/jam/.grails/ivy-cache/antlr/antlr/jars/antlr-2.7.7.jar
7f30ca57f000-7f30ca588000 r--s 00098000 08:02 5636278                    /home/jam/.grails/ivy-cache/org.javassist/javassist/jars/javassist-3.16.1-GA.jar
7f30ca588000-7f30ca58b000 r--s 00009000 08:02 5636286                    /home/jam/.grails/ivy-cache/javax.validation/validation-api/jars/validation-api-1.0.0.GA.jar
7f30ca58b000-7f30ca592000 r--s 00040000 08:02 5636276                    /home/jam/.grails/ivy-cache/org.hibernate/hibernate-validator/jars/hibernate-validator-4.1.0.Final.jar
7f30ca592000-7f30ca595000 r--s 0000f000 08:02 5636274                    /home/jam/.grails/ivy-cache/org.hibernate/hibernate-commons-annotations/jars/hibernate-commons-annotations-3.2.0.Final.jar
7f30ca595000-7f30ca5c7000 r--s 002c9000 08:02 5636272                    /home/jam/.grails/ivy-cache/org.hibernate/hibernate-core/jars/hibernate-core-3.6.10.Final.jar
7f30ca5c7000-7f30ca5d8000 r--s 000d2000 08:02 5636617                    /home/jam/.grails/ivy-cache/org.liquibase/liquibase-core/jars/liquibase-core-2.0.5.jar
7f30ca5d8000-7f30ca5e1000 r--s 00080000 08:02 5767285                    /home/jam/.grails/ivy-cache/org.quartz-scheduler/quartz/jars/quartz-2.1.5.jar
7f30ca5e1000-7f30ca5e8000 r--s 00035000 08:02 4851541                    /home/jam/.grails/ivy-cache/org.springframework.security/spring-security-web/jars/spring-security-web-3.0.7.RELEASE.jar
7f30ca5e8000-7f30ca5f2000 r--s 00043000 08:02 4851538                    /home/jam/.grails/ivy-cache/org.springframework.security/spring-security-core/jars/spring-security-core-3.0.7.RELEASE.jar
7f30ca5f2000-7f30ca5f3000 r--s 00004000 08:02 5637614                    /home/jam/.grails/ivy-cache/net.sf.opencsv/opencsv/jars/opencsv-2.3.jar
7f30ca5f3000-7f30ca5f9000 r--s 0007e000 08:02 5637426                    /home/jam/.grails/ivy-cache/postgresql/postgresql/jars/postgresql-9.0-801.jdbc4.jar
7f30ca5f9000-7f30ca600000 r--s 000bd000 08:02 4722926                    /home/jam/.grails/ivy-cache/mysql/mysql-connector-java/jars/mysql-connector-java-5.1.20.jar
7f30ca600000-7f30ca602000 r--s 00000000 08:02 4722133                    /home/jam/.grails/ivy-cache/org.slf4j/jul-to-slf4j/jars/jul-to-slf4j-1.6.2.jar
7f30ca602000-7f30ca604000 r--s 00003000 08:02 4722131                    /home/jam/.grails/ivy-cache/org.slf4j/jcl-over-slf4j/jars/jcl-over-slf4j-1.6.2.jar
7f30ca604000-7f30ca60d000 r--s 0006d000 08:02 4722129                    /home/jam/.grails/ivy-cache/log4j/log4j/bundles/log4j-1.2.16.jar
7f30ca60d000-7f30ca622000 r--s 000e3000 08:02 4722127                    /home/jam/.grails/ivy-cache/net.sf.ehcache/ehcache-core/jars/ehcache-core-2.4.6.jar
7f30ca622000-7f30ca624000 r--s 00005000 08:02 4722125                    /home/jam/.grails/ivy-cache/xpp3/xpp3_min/jars/xpp3_min-1.1.4c.jar
7f30ca624000-7f30ca626000 r--s 00004000 08:02 4722123                    /home/jam/.grails/ivy-cache/javax.servlet/jstl/jars/jstl-1.1.2.jar
7f30ca626000-7f30ca630000 r--s 0012c000 08:02 4722121                    /home/jam/.grails/ivy-cache/com.h2database/h2/jars/h2-1.3.164.jar
7f30ca630000-7f30ca633000 r--s 00016000 08:02 4722119                    /home/jam/.grails/ivy-cache/commons-pool/commons-pool/jars/commons-pool-1.5.6.jar
7f30ca633000-7f30ca636000 r--s 00025000 08:02 4722117                    /home/jam/.grails/ivy-cache/commons-dbcp/commons-dbcp/jars/commons-dbcp-1.4.jar
7f30ca636000-7f30ca638000 r--s 0000e000 08:02 4722115                    /home/jam/.grails/ivy-cache/oro/oro/jars/oro-2.0.8.jar
7f30ca638000-7f30ca63a000 r--s 0000d000 08:02 4722113                    /home/jam/.grails/ivy-cache/commons-fileupload/commons-fileupload/jars/commons-fileupload-1.2.2.jar
7f30ca63a000-7f30ca63b000 r--s 0000a000 08:02 4722111                    /home/jam/.grails/ivy-cache/asm/asm/jars/asm-3.1.jar
7f30ca63b000-7f30ca642000 r--s 0003e000 08:02 4722109                    /home/jam/.grails/ivy-cache/cglib/cglib/jars/cglib-2.2.jar
7f30ca642000-7f30ca646000 r--s 00019000 08:02 4722107                    /home/jam/.grails/ivy-cache/org.aspectj/aspectjrt/jars/aspectjrt-1.6.10.jar
7f30ca646000-7f30ca65c000 r--s 00184000 08:02 4722105                    /home/jam/.grails/ivy-cache/org.aspectj/aspectjweaver/jars/aspectjweaver-1.6.10.jar
7f30ca65c000-7f30ca663000 r--s 00056000 08:02 4722103                    /home/jam/.grails/ivy-cache/org.grails/grails-datastore-simple/jars/grails-datastore-simple-1.1.0.RELEASE.jar
7f30ca663000-7f30ca66c000 r--s 00044000 08:02 4722101                    /home/jam/.grails/ivy-cache/org.grails/grails-datastore-core/jars/grails-datastore-core-1.1.0.RELEASE.jar
7f30ca66c000-7f30ca671000 r--s 0004c000 08:02 4722099                    /home/jam/.grails/ivy-cache/org.grails/grails-datastore-gorm/jars/grails-datastore-gorm-1.1.0.RELEASE.jar
7f30ca671000-7f30ca67c000 r--s 00082000 08:02 4722097                    /home/jam/.grails/ivy-cache/org.springframework/spring-webmvc/jars/spring-webmvc-3.1.2.RELEASE.jar
7f30ca67c000-7f30ca688000 r--s 0007a000 08:02 4722095                    /home/jam/.grails/ivy-cache/org.springframework/spring-web/jars/spring-web-3.1.2.RELEASE.jar
7f30ca688000-7f30ca68f000 r--s 00035000 08:02 4722093                    /home/jam/.grails/ivy-cache/org.springframework/spring-tx/jars/spring-tx-3.1.2.RELEASE.jar
7f30ca68f000-7f30ca698000 r--s 00054000 08:02 4722091                    /home/jam/.grails/ivy-cache/org.springframework/spring-orm/jars/spring-orm-3.1.2.RELEASE.jar
7f30ca698000-7f30ca69d000 r--s 0002c000 08:02 4722089                    /home/jam/.grails/ivy-cache/org.springframework/spring-jms/jars/spring-jms-3.1.2.RELEASE.jar
7f30ca69d000-7f30ca6a7000 r--s 00059000 08:02 4722087                    /home/jam/.grails/ivy-cache/org.springframework/spring-jdbc/jars/spring-jdbc-3.1.2.RELEASE.jar
7f30ca6a7000-7f30ca6ab000 r--s 00027000 08:02 4722085                    /home/jam/.grails/ivy-cache/org.springframework/spring-expression/jars/spring-expression-3.1.2.RELEASE.jar
7f30ca6ab000-7f30ca6ae000 r--s 00018000 08:02 4722083                    /home/jam/.grails/ivy-cache/org.springframework/spring-context-support/jars/spring-context-support-3.1.2.RELEASE.jar
7f30ca6ae000-7f30ca6c3000 r--s 000b7000 08:02 4722081                    /home/jam/.grails/ivy-cache/org.springframework/spring-context/jars/spring-context-3.1.2.RELEASE.jar
7f30ca6c3000-7f30ca6cf000 r--s 00085000 08:02 4722079                    /home/jam/.grails/ivy-cache/org.springframework/spring-beans/jars/spring-beans-3.1.2.RELEASE.jar
7f30ca6cf000-7f30ca6d0000 r--s 0000c000 08:02 4722077                    /home/jam/.grails/ivy-cache/org.springframework/spring-asm/jars/spring-asm-3.1.2.RELEASE.jar
7f30ca6d0000-7f30ca6d2000 r--s 0000b000 08:02 4722075                    /home/jam/.grails/ivy-cache/org.springframework/spring-aspects/jars/spring-aspects-3.1.2.RELEASE.jar
7f30ca6d2000-7f30ca6db000 r--s 00049000 08:02 4722073                    /home/jam/.grails/ivy-cache/org.springframework/spring-aop/jars/spring-aop-3.1.2.RELEASE.jar
7f30ca6db000-7f30ca6e5000 r--s 00064000 08:02 4722071                    /home/jam/.grails/ivy-cache/org.springframework/spring-core/jars/spring-core-3.1.2.RELEASE.jar
7f30ca6e5000-7f30ca6e7000 r--s 00008000 08:02 4722069                    /home/jam/.grails/ivy-cache/org.grails/grails-plugin-validation/jars/grails-plugin-validation-2.1.1.jar
7f30ca6e7000-7f30ca6ea000 r--s 0001c000 08:02 4722067                    /home/jam/.grails/ivy-cache/org.grails/grails-plugin-url-mappings/jars/grails-plugin-url-mappings-2.1.1.jar
7f30ca6ea000-7f30ca6ec000 r--s 0000f000 08:02 4722065                    /home/jam/.grails/ivy-cache/org.grails/grails-plugin-mimetypes/jars/grails-plugin-mimetypes-2.1.1.jar
7f30ca6ec000-7f30ca6ee000 r--s 00005000 08:02 4722063                    /home/jam/.grails/ivy-cache/org.grails/grails-plugin-servlets/jars/grails-plugin-servlets-2.1.1.jar
7f30ca6ee000-7f30ca6ef000 r--s 00008000 08:02 4722061                    /home/jam/.grails/ivy-cache/org.grails/grails-plugin-services/jars/grails-plugin-services-2.1.1.jar
7f30ca6ef000-7f30ca6f1000 r--s 00006000 08:02 4722059                    /home/jam/.grails/ivy-cache/org.grails/grails-plugin-scaffolding/jars/grails-plugin-scaffolding-2.1.1.jar
7f30ca6f1000-7f30ca6f3000 r--s 0000e000 08:02 4722057                    /home/jam/.grails/ivy-cache/org.grails/grails-plugin-log4j/jars/grails-plugin-log4j-2.1.1.jar
7f30ca6f3000-7f30ca6f5000 r--s 00005000 08:02 4722055                    /home/jam/.grails/ivy-cache/org.grails/grails-plugin-i18n/jars/grails-plugin-i18n-2.1.1.jar
7f30ca6f5000-7f30ca6fc000 r--s 0006d000 08:02 4722053                    /home/jam/.grails/ivy-cache/org.grails/grails-plugin-gsp/jars/grails-plugin-gsp-2.1.1.jar
7f30ca6fc000-7f30ca6fe000 r--s 0000e000 08:02 4722051                    /home/jam/.grails/ivy-cache/org.grails/grails-plugin-filters/jars/grails-plugin-filters-2.1.1.jar
7f30ca6fe000-7f30ca700000 r--s 00009000 08:02 4722049                    /home/jam/.grails/ivy-cache/org.grails/grails-plugin-datasource/jars/grails-plugin-datasource-2.1.1.jar
7f30ca700000-7f30ca704000 r--s 00024000 08:02 4722047                    /home/jam/.grails/ivy-cache/org.grails/grails-plugin-converters/jars/grails-plugin-converters-2.1.1.jar
7f30ca704000-7f30ca707000 r--s 00019000 08:02 4722045                    /home/jam/.grails/ivy-cache/org.grails/grails-plugin-domain-class/jars/grails-plugin-domain-class-2.1.1.jar
7f30ca707000-7f30ca70b000 r--s 00028000 08:02 4722043                    /home/jam/.grails/ivy-cache/org.grails/grails-plugin-controllers/jars/grails-plugin-controllers-2.1.1.jar
7f30ca70b000-7f30ca70d000 r--s 00015000 08:02 4722041                    /home/jam/.grails/ivy-cache/org.grails/grails-plugin-codecs/jars/grails-plugin-codecs-2.1.1.jar
7f30ca70d000-7f30ca70e000 r--s 00000000 08:02 4722039                    /home/jam/.grails/ivy-cache/org.grails/grails-logging/jars/grails-logging-2.1.1.jar
7f30ca70e000-7f30ca710000 r--s 00009000 08:02 4722037                    /home/jam/.grails/ivy-cache/org.grails/grails-spring/jars/grails-spring-2.1.1.jar
7f30ca710000-7f30ca71a000 r--s 0008a000 08:02 4722035                    /home/jam/.grails/ivy-cache/org.grails/grails-hibernate/jars/grails-hibernate-2.1.1.jar
7f30ca71a000-7f30ca71c000 r--s 00009000 08:02 4722033                    /home/jam/.grails/ivy-cache/org.grails/grails-crud/jars/grails-crud-2.1.1.jar
7f30ca71c000-7f30ca722000 r--s 00027000 08:02 4722031                    /home/jam/.grails/ivy-cache/opensymphony/sitemesh/jars/sitemesh-2.4.jar
7f30ca722000-7f30ca727000 r--s 00015000 08:02 4722029                    /home/jam/.grails/ivy-cache/org.hibernate.javax.persistence/hibernate-jpa-2.0-api/jars/hibernate-jpa-2.0-api-1.0.1.Final.jar
7f30ca727000-7f30ca72c000 r--s 00041000 08:02 4722025                    /home/jam/.grails/ivy-cache/commons-lang/commons-lang/jars/commons-lang-2.6.jar
7f30ca72c000-7f30ca72f000 r--s 00025000 08:02 4722023                    /home/jam/.grails/ivy-cache/commons-io/commons-io/jars/commons-io-2.1.jar
7f30ca72f000-7f30ca73d000 r--s 0007f000 08:02 4722021                    /home/jam/.grails/ivy-cache/commons-collections/commons-collections/jars/commons-collections-3.2.1.jar
7f30ca73d000-7f30ca73f000 r--s 00010000 08:02 4722019                    /home/jam/.grails/ivy-cache/commons-codec/commons-codec/jars/commons-codec-1.5.jar
7f30ca73f000-7f30ca741000 r--s 00000000 08:02 4722017                    /home/jam/.grails/ivy-cache/aopalliance/aopalliance/jars/aopalliance-1.0.jar
7f30ca741000-7f30ca744000 r--s 0001f000 08:02 4722015                    /home/jam/.grails/ivy-cache/commons-validator/commons-validator/jars/commons-validator-1.3.1.jar
7f30ca744000-7f30ca747000 r--s 00019000 08:02 4722013                    /home/jam/.grails/ivy-cache/commons-el/commons-el/jars/commons-el-1.0.jar
7f30ca747000-7f30ca7a5000 r--s 00592000 08:02 4722009                    /home/jam/.grails/ivy-cache/org.codehaus.groovy/groovy-all/jars/groovy-all-1.8.8.jar
7f30ca7a5000-7f30ca7b5000 r--s 0019c000 08:02 5508469                    /home/jam/.grails/ivy-cache/org.eclipse.jdt.core.compiler/ecj/jars/ecj-3.7.2.jar
7f30ca7b5000-7f30ca7c0000 r--s 000b6000 08:02 4721759                    /home/jam/.grails/ivy-cache/org.apache.tomcat.embed/tomcat-embed-jasper/jars/tomcat-embed-jasper-7.0.30.jar
7f30ca7c0000-7f30ca7e2000 r--s 00254000 08:02 4721757                    /home/jam/.grails/ivy-cache/org.apache.tomcat.embed/tomcat-embed-core/jars/tomcat-embed-core-7.0.30.jar
7f30ca7e2000-7f30ca7f7000 r-xp 00000000 08:02 18747986                   /usr/lib/jvm/java-6-openjdk-amd64/jre/lib/amd64/libnet.so
7f30ca7f7000-7f30ca9f6000 ---p 00015000 08:02 18747986                   /usr/lib/jvm/java-6-openjdk-amd64/jre/lib/amd64/libnet.so
7f30ca9f6000-7f30ca9f7000 r--p 00014000 08:02 18747986                   /usr/lib/jvm/java-6-openjdk-amd64/jre/lib/amd64/libnet.so
7f30ca9f7000-7f30ca9f8000 rw-p 00015000 08:02 18747986                   /usr/lib/jvm/java-6-openjdk-amd64/jre/lib/amd64/libnet.so
7f30ca9f8000-7f30ca9fb000 ---p 00000000 00:00 0 
7f30ca9fb000-7f30caaf9000 rw-p 00000000 00:00 0 
7f30caaf9000-7f30caafb000 r--s 00017000 08:02 4721465                    /home/jam/.grails/ivy-cache/org.apache.ant/ant-junit/jars/ant-junit-1.8.2.jar
7f30caafb000-7f30caafd000 r--s 00002000 08:02 4721463                    /home/jam/.grails/ivy-cache/org.apache.ant/ant-launcher/jars/ant-launcher-1.8.2.jar
7f30caafd000-7f30cab1b000 r--s 001bb000 08:02 4721461                    /home/jam/.grails/ivy-cache/org.apache.ant/ant/jars/ant-1.8.2.jar
7f30cab1b000-7f30cab22000 r--s 00037000 08:02 4721459                    /home/jam/.grails/ivy-cache/junit/junit/jars/junit-4.10.jar
7f30cab22000-7f30cab25000 r--s 0000b000 08:02 4721456                    /home/jam/.grails/ivy-cache/com.googlecode.concurrentlinkedhashmap/concurrentlinkedhashmap-lru/jars/concurrentlinkedhashmap-lru-1.2_jdk5.jar
7f30cab25000-7f30cab2b000 r--s 00033000 08:02 4721454                    /home/jam/.grails/ivy-cache/org.springframework/spring-test/jars/spring-test-3.1.2.RELEASE.jar
7f30cab2b000-7f30cab2d000 r--s 00005000 08:02 4721452                    /home/jam/.grails/ivy-cache/org.slf4j/slf4j-api/jars/slf4j-api-1.6.2.jar
7f30cab2d000-7f30cab3a000 r--s 000b7000 08:02 4721450                    /home/jam/.grails/ivy-cache/org.grails/grails-web/jars/grails-web-2.1.1.jar
7f30cab3a000-7f30cab4f000 r-xp 00000000 08:02 8650795                    /tmp/jna7162501785144467119.tmp
7f30cab4f000-7f30cac4e000 ---p 00015000 08:02 8650795                    /tmp/jna7162501785144467119.tmp
7f30cac4e000-7f30cac50000 rw-p 00014000 08:02 8650795                    /tmp/jna7162501785144467119.tmp
7f30cac50000-7f30cacb0000 r--s 00d92000 08:02 18877160                   /usr/lib/jvm/java-6-openjdk-amd64/lib/tools.jar
7f30cacb0000-7f30cacb5000 r--s 00050000 08:02 4587551                    /home/jam/Applications/grails-2.1.1/lib/org.codehaus.gant/gant_groovy1.8/jars/gant_groovy1.8-1.9.6.jar
7f30cacb5000-7f30cacd3000 r--s 001bb000 08:02 15997849                   /home/jam/Applications/grails-2.1.1/lib/org.apache.ant/ant/jars/ant-1.8.2.jar
7f30cacd3000-7f30cace2000 r--s 000d9000 08:02 3933556                    /home/jam/Applications/grails-2.1.1/lib/org.apache.ivy/ivy/jars/ivy-2.2.0.jar
7f30cace2000-7f30cace4000 r--s 00009000 08:02 15730918                   /home/jam/Applications/grails-2.1.1/lib/commons-cli/commons-cli/jars/commons-cli-1.2.jar
7f30cace4000-7f30cace7000 r--s 000cf000 08:02 15997829                   /home/jam/Applications/grails-2.1.1/lib/net.java.dev.jna/jna/jars/jna-3.2.3.jar
7f30cace7000-7f30cace9000 r--s 00008000 08:02 4587896                    /home/jam/Applications/grails-2.1.1/lib/org.fusesource.jansi/jansi/jars/jansi-1.2.1.jar
7f30cace9000-7f30caceb000 r--s 00015000 08:02 15862296                   /home/jam/Applications/grails-2.1.1/lib/jline/jline/jars/jline-1.0.jar
7f30caceb000-7f30cacf2000 r--s 000fb000 08:02 18489889                   /usr/lib/jvm/java-6-openjdk-common/jre/lib/resources.jar
7f30cacf2000-7f30cacf3000 ---p 00000000 00:00 0 
7f30cacf3000-7f30cadf3000 rw-p 00000000 00:00 0 
7f30cadf3000-7f30cadf6000 ---p 00000000 00:00 0 
7f30cadf6000-7f30caef4000 rw-p 00000000 00:00 0 
7f30caef4000-7f30caef7000 ---p 00000000 00:00 0 
7f30caef7000-7f30caff5000 rw-p 00000000 00:00 0 
7f30caff5000-7f30caff8000 ---p 00000000 00:00 0 
7f30caff8000-7f30cb0f6000 rw-p 00000000 00:00 0 
7f30cb0f6000-7f30cb0f9000 ---p 00000000 00:00 0 
7f30cb0f9000-7f30cb1f7000 rw-p 00000000 00:00 0 
7f30cb1f7000-7f30cb9d2000 r--p 00000000 08:02 16128286                   /usr/lib/locale/locale-archive
7f30cb9d2000-7f30cb9d5000 ---p 00000000 00:00 0 
7f30cb9d5000-7f30cbad3000 rw-p 00000000 00:00 0 
7f30cbad3000-7f30cbad6000 ---p 00000000 00:00 0 
7f30cbad6000-7f30cbbd4000 rw-p 00000000 00:00 0 
7f30cbbd4000-7f30cbbd5000 ---p 00000000 00:00 0 
7f30cbbd5000-7f30cc000000 rw-p 00000000 00:00 0 
7f30cc000000-7f30cc024000 rw-p 00000000 00:00 0 
7f30cc024000-7f30d0000000 ---p 00000000 00:00 0 
7f30d0000000-7f30d0023000 rw-p 00000000 00:00 0 
7f30d0023000-7f30d4000000 ---p 00000000 00:00 0 
7f30d4000000-7f30d4028000 rw-p 00000000 00:00 0 
7f30d4028000-7f30d8000000 ---p 00000000 00:00 0 
7f30d8001000-7f30d8006000 r--s 00034000 08:02 4722011                    /home/jam/.grails/ivy-cache/commons-beanutils/commons-beanutils/jars/commons-beanutils-1.8.3.jar
7f30d8006000-7f30d8008000 r--s 0000d000 08:02 5508471                    /home/jam/.grails/ivy-cache/org.grails/grails-plugin-tomcat/jars/grails-plugin-tomcat-2.1.1.jar
7f30d8008000-7f30d800b000 r--s 00026000 08:02 4721448                    /home/jam/.grails/ivy-cache/org.grails/grails-resources/jars/grails-resources-2.1.1.jar
7f30d800b000-7f30d8019000 r--s 000b5000 08:02 4721446                    /home/jam/.grails/ivy-cache/org.grails/grails-core/jars/grails-core-2.1.1.jar
7f30d8019000-7f30d8024000 r--s 000fe000 08:02 4721444                    /home/jam/.grails/ivy-cache/org.grails/grails-scripts/jars/grails-scripts-2.1.1.jar
7f30d8024000-7f30d802d000 r--s 000a8000 08:02 4721442                    /home/jam/.grails/ivy-cache/org.grails/grails-bootstrap/jars/grails-bootstrap-2.1.1.jar
7f30d802d000-7f30d803c000 r--s 000d9000 08:02 4721424                    /home/jam/.grails/ivy-cache/org.apache.ivy/ivy/jars/ivy-2.2.0.jar
7f30d803c000-7f30d8061000 r--s 00172000 08:02 4721397                    /home/jam/.grails/ivy-cache/org.bouncycastle/bcprov-jdk15/jars/bcprov-jdk15-1.45.jar
7f30d8061000-7f30d8064000 r--s 0007d000 08:02 18489867                   /usr/lib/jvm/java-6-openjdk-common/jre/lib/jsse.jar
7f30d8064000-7f30d806b000 r--s 00067000 08:02 15730908                   /home/jam/Applications/grails-2.1.1/lib/com.springsource.springloaded/springloaded-core/jars/springloaded-core-1.0.6.jar
7f30d806b000-7f30d8074000 r--s 000a8000 08:02 15731003                   /home/jam/Applications/grails-2.1.1/dist/grails-bootstrap-2.1.1.jar
7f30d8074000-7f30d80d2000 r--s 00592000 08:02 4587821                    /home/jam/Applications/grails-2.1.1/lib/org.codehaus.groovy/groovy-all/jars/groovy-all-1.8.8.jar
7f30d80d2000-7f30d82d4000 rw-p 00000000 00:00 0 
7f30d82d4000-7f30d8466000 r--s 037bf000 08:02 18616443                   /usr/lib/jvm/java-6-openjdk-amd64/jre/lib/rt.jar
7f30d8466000-7f30d8467000 ---p 00000000 00:00 0 
7f30d8467000-7f30d8567000 rw-p 00000000 00:00 0 
7f30d8567000-7f30d8568000 ---p 00000000 00:00 0 
7f30d8568000-7f30d8668000 rw-p 00000000 00:00 0 
7f30d8668000-7f30d8669000 ---p 00000000 00:00 0 
7f30d8669000-7f30d8769000 rw-p 00000000 00:00 0 
7f30d8769000-7f30d876a000 ---p 00000000 00:00 0 
7f30d876a000-7f30d8a6a000 rw-p 00000000 00:00 0 
7f30d8a6a000-7f30d8beb000 rw-p 00000000 00:00 0 
7f30d8beb000-7f30d92db000 rwxp 00000000 00:00 0 
7f30d92db000-7f30dbbeb000 rw-p 00000000 00:00 0 
7f30dbbeb000-7f30dbbf2000 r-xp 00000000 08:02 18748006                   /usr/lib/jvm/java-6-openjdk-amd64/jre/lib/amd64/libzip.so
7f30dbbf2000-7f30dbdf1000 ---p 00007000 08:02 18748006                   /usr/lib/jvm/java-6-openjdk-amd64/jre/lib/amd64/libzip.so
7f30dbdf1000-7f30dbdf2000 r--p 00006000 08:02 18748006                   /usr/lib/jvm/java-6-openjdk-amd64/jre/lib/amd64/libzip.so
7f30dbdf2000-7f30dbdf3000 rw-p 00007000 08:02 18748006                   /usr/lib/jvm/java-6-openjdk-amd64/jre/lib/amd64/libzip.so
7f30dbdf3000-7f30dbdff000 r-xp 00000000 08:02 16256549                   /lib/x86_64-linux-gnu/libnss_files-2.15.so
7f30dbdff000-7f30dbffe000 ---p 0000c000 08:02 16256549                   /lib/x86_64-linux-gnu/libnss_files-2.15.so
7f30dbffe000-7f30dbfff000 r--p 0000b000 08:02 16256549                   /lib/x86_64-linux-gnu/libnss_files-2.15.so
7f30dbfff000-7f30dc000000 rw-p 0000c000 08:02 16256549                   /lib/x86_64-linux-gnu/libnss_files-2.15.so
7f30dc000000-7f30dc9fd000 rw-p 00000000 00:00 0 
7f30dc9fd000-7f30e0000000 ---p 00000000 00:00 0 
7f30e0000000-7f30e0001000 r--s 00003000 08:02 4722027                    /home/jam/.grails/ivy-cache/javax.transaction/jta/jars/jta-1.1.jar
7f30e0001000-7f30e0003000 r--s 00008000 08:02 5508467                    /home/jam/.grails/ivy-cache/org.apache.tomcat.embed/tomcat-embed-logging-juli/jars/tomcat-embed-logging-juli-7.0.30.jar
7f30e0003000-7f30e0005000 r--s 00013000 08:02 4721761                    /home/jam/.grails/ivy-cache/org.apache.tomcat.embed/tomcat-embed-logging-log4j/jars/tomcat-embed-logging-log4j-7.0.30.jar
7f30e0005000-7f30e0038000 rw-p 00000000 00:00 0 
7f30e0038000-7f30e0042000 r-xp 00000000 08:02 16256553                   /lib/x86_64-linux-gnu/libnss_nis-2.15.so
7f30e0042000-7f30e0242000 ---p 0000a000 08:02 16256553                   /lib/x86_64-linux-gnu/libnss_nis-2.15.so
7f30e0242000-7f30e0243000 r--p 0000a000 08:02 16256553                   /lib/x86_64-linux-gnu/libnss_nis-2.15.so
7f30e0243000-7f30e0244000 rw-p 0000b000 08:02 16256553                   /lib/x86_64-linux-gnu/libnss_nis-2.15.so
7f30e0244000-7f30e025b000 r-xp 00000000 08:02 16256543                   /lib/x86_64-linux-gnu/libnsl-2.15.so
7f30e025b000-7f30e045a000 ---p 00017000 08:02 16256543                   /lib/x86_64-linux-gnu/libnsl-2.15.so
7f30e045a000-7f30e045b000 r--p 00016000 08:02 16256543                   /lib/x86_64-linux-gnu/libnsl-2.15.so
7f30e045b000-7f30e045c000 rw-p 00017000 08:02 16256543                   /lib/x86_64-linux-gnu/libnsl-2.15.so
7f30e045c000-7f30e045e000 rw-p 00000000 00:00 0 
7f30e045e000-7f30e0466000 r-xp 00000000 08:02 16256545                   /lib/x86_64-linux-gnu/libnss_compat-2.15.so
7f30e0466000-7f30e0665000 ---p 00008000 08:02 16256545                   /lib/x86_64-linux-gnu/libnss_compat-2.15.so
7f30e0665000-7f30e0666000 r--p 00007000 08:02 16256545                   /lib/x86_64-linux-gnu/libnss_compat-2.15.so
7f30e0666000-7f30e0667000 rw-p 00008000 08:02 16256545                   /lib/x86_64-linux-gnu/libnss_compat-2.15.so
7f30e0667000-7f30e0670000 r-xp 00000000 08:02 18747976                   /usr/lib/jvm/java-6-openjdk-amd64/jre/lib/amd64/libinstrument.so
7f30e0670000-7f30e0870000 ---p 00009000 08:02 18747976                   /usr/lib/jvm/java-6-openjdk-amd64/jre/lib/amd64/libinstrument.so
7f30e0870000-7f30e0871000 r--p 00009000 08:02 18747976                   /usr/lib/jvm/java-6-openjdk-amd64/jre/lib/amd64/libinstrument.so
7f30e0871000-7f30e0872000 rw-p 0000a000 08:02 18747976                   /usr/lib/jvm/java-6-openjdk-amd64/jre/lib/amd64/libinstrument.so
7f30e0872000-7f30e089e000 r-xp 00000000 08:02 18747994                   /usr/lib/jvm/java-6-openjdk-amd64/jre/lib/amd64/libjava.so
7f30e089e000-7f30e0a9d000 ---p 0002c000 08:02 18747994                   /usr/lib/jvm/java-6-openjdk-amd64/jre/lib/amd64/libjava.so
7f30e0a9d000-7f30e0a9e000 r--p 0002b000 08:02 18747994                   /usr/lib/jvm/java-6-openjdk-amd64/jre/lib/amd64/libjava.so
7f30e0a9e000-7f30e0aa1000 rw-p 0002c000 08:02 18747994                   /usr/lib/jvm/java-6-openjdk-amd64/jre/lib/amd64/libjava.so
7f30e0aa1000-7f30e0aaf000 r-xp 00000000 08:02 18747993                   /usr/lib/jvm/java-6-openjdk-amd64/jre/lib/amd64/libverify.so
7f30e0aaf000-7f30e0cae000 ---p 0000e000 08:02 18747993                   /usr/lib/jvm/java-6-openjdk-amd64/jre/lib/amd64/libverify.so
7f30e0cae000-7f30e0cb0000 r--p 0000d000 08:02 18747993                   /usr/lib/jvm/java-6-openjdk-amd64/jre/lib/amd64/libverify.so
7f30e0cb0000-7f30e0cb1000 rw-p 0000f000 08:02 18747993                   /usr/lib/jvm/java-6-openjdk-amd64/jre/lib/amd64/libverify.so
7f30e0cb1000-7f30e0cb8000 r-xp 00000000 08:02 16256584                   /lib/x86_64-linux-gnu/librt-2.15.so
7f30e0cb8000-7f30e0eb7000 ---p 00007000 08:02 16256584                   /lib/x86_64-linux-gnu/librt-2.15.so
7f30e0eb7000-7f30e0eb8000 r--p 00006000 08:02 16256584                   /lib/x86_64-linux-gnu/librt-2.15.so
7f30e0eb8000-7f30e0eb9000 rw-p 00007000 08:02 16256584                   /lib/x86_64-linux-gnu/librt-2.15.so
7f30e0eb9000-7f30e0ece000 r-xp 00000000 08:02 16256519                   /lib/x86_64-linux-gnu/libgcc_s.so.1
7f30e0ece000-7f30e10cd000 ---p 00015000 08:02 16256519                   /lib/x86_64-linux-gnu/libgcc_s.so.1
7f30e10cd000-7f30e10ce000 r--p 00014000 08:02 16256519                   /lib/x86_64-linux-gnu/libgcc_s.so.1
7f30e10ce000-7f30e10cf000 rw-p 00015000 08:02 16256519                   /lib/x86_64-linux-gnu/libgcc_s.so.1
7f30e10cf000-7f30e11c8000 r-xp 00000000 08:02 16256530                   /lib/x86_64-linux-gnu/libm-2.15.so
7f30e11c8000-7f30e13c7000 ---p 000f9000 08:02 16256530                   /lib/x86_64-linux-gnu/libm-2.15.so
7f30e13c7000-7f30e13c8000 r--p 000f8000 08:02 16256530                   /lib/x86_64-linux-gnu/libm-2.15.so
7f30e13c8000-7f30e13c9000 rw-p 000f9000 08:02 16256530                   /lib/x86_64-linux-gnu/libm-2.15.so
7f30e13c9000-7f30e14ab000 r-xp 00000000 08:02 16129397                   /usr/lib/x86_64-linux-gnu/libstdc++.so.6.0.16
7f30e14ab000-7f30e16aa000 ---p 000e2000 08:02 16129397                   /usr/lib/x86_64-linux-gnu/libstdc++.so.6.0.16
7f30e16aa000-7f30e16b2000 r--p 000e1000 08:02 16129397                   /usr/lib/x86_64-linux-gnu/libstdc++.so.6.0.16
7f30e16b2000-7f30e16b4000 rw-p 000e9000 08:02 16129397                   /usr/lib/x86_64-linux-gnu/libstdc++.so.6.0.16
7f30e16b4000-7f30e16c9000 rw-p 00000000 00:00 0 
7f30e16c9000-7f30e1fcd000 r-xp 00000000 08:02 18877146                   /usr/lib/jvm/java-6-openjdk-amd64/jre/lib/amd64/server/libjvm.so
7f30e1fcd000-7f30e21cd000 ---p 00904000 08:02 18877146                   /usr/lib/jvm/java-6-openjdk-amd64/jre/lib/amd64/server/libjvm.so
7f30e21cd000-7f30e224d000 r--p 00904000 08:02 18877146                   /usr/lib/jvm/java-6-openjdk-amd64/jre/lib/amd64/server/libjvm.so
7f30e224d000-7f30e2268000 rw-p 00984000 08:02 18877146                   /usr/lib/jvm/java-6-openjdk-amd64/jre/lib/amd64/server/libjvm.so
7f30e2268000-7f30e2291000 rw-p 00000000 00:00 0 
7f30e2291000-7f30e22a7000 r-xp 00000000 08:02 16256609                   /lib/x86_64-linux-gnu/libz.so.1.2.3.4
7f30e22a7000-7f30e24a6000 ---p 00016000 08:02 16256609                   /lib/x86_64-linux-gnu/libz.so.1.2.3.4
7f30e24a6000-7f30e24a7000 r--p 00015000 08:02 16256609                   /lib/x86_64-linux-gnu/libz.so.1.2.3.4
7f30e24a7000-7f30e24a8000 rw-p 00016000 08:02 16256609                   /lib/x86_64-linux-gnu/libz.so.1.2.3.4
7f30e24a8000-7f30e265b000 r-xp 00000000 08:02 16256498                   /lib/x86_64-linux-gnu/libc-2.15.so
7f30e265b000-7f30e285a000 ---p 001b3000 08:02 16256498                   /lib/x86_64-linux-gnu/libc-2.15.so
7f30e285a000-7f30e285e000 r--p 001b2000 08:02 16256498                   /lib/x86_64-linux-gnu/libc-2.15.so
7f30e285e000-7f30e2860000 rw-p 001b6000 08:02 16256498                   /lib/x86_64-linux-gnu/libc-2.15.so
7f30e2860000-7f30e2865000 rw-p 00000000 00:00 0 
7f30e2865000-7f30e2867000 r-xp 00000000 08:02 16256511                   /lib/x86_64-linux-gnu/libdl-2.15.so
7f30e2867000-7f30e2a67000 ---p 00002000 08:02 16256511                   /lib/x86_64-linux-gnu/libdl-2.15.so
7f30e2a67000-7f30e2a68000 r--p 00002000 08:02 16256511                   /lib/x86_64-linux-gnu/libdl-2.15.so
7f30e2a68000-7f30e2a69000 rw-p 00003000 08:02 16256511                   /lib/x86_64-linux-gnu/libdl-2.15.so
7f30e2a69000-7f30e2a6d000 r-xp 00000000 08:02 18747978                   /usr/lib/jvm/java-6-openjdk-amd64/jre/lib/amd64/jli/libjli.so
7f30e2a6d000-7f30e2c6c000 ---p 00004000 08:02 18747978                   /usr/lib/jvm/java-6-openjdk-amd64/jre/lib/amd64/jli/libjli.so
7f30e2c6c000-7f30e2c6d000 r--p 00003000 08:02 18747978                   /usr/lib/jvm/java-6-openjdk-amd64/jre/lib/amd64/jli/libjli.so
7f30e2c6d000-7f30e2c6e000 rw-p 00004000 08:02 18747978                   /usr/lib/jvm/java-6-openjdk-amd64/jre/lib/amd64/jli/libjli.so
7f30e2c6e000-7f30e2c86000 r-xp 00000000 08:02 16256578                   /lib/x86_64-linux-gnu/libpthread-2.15.so
7f30e2c86000-7f30e2e85000 ---p 00018000 08:02 16256578                   /lib/x86_64-linux-gnu/libpthread-2.15.so
7f30e2e85000-7f30e2e86000 r--p 00017000 08:02 16256578                   /lib/x86_64-linux-gnu/libpthread-2.15.so
7f30e2e86000-7f30e2e87000 rw-p 00018000 08:02 16256578                   /lib/x86_64-linux-gnu/libpthread-2.15.so
7f30e2e87000-7f30e2e8b000 rw-p 00000000 00:00 0 
7f30e2e8b000-7f30e2ead000 r-xp 00000000 08:02 16256478                   /lib/x86_64-linux-gnu/ld-2.15.so
7f30e2ead000-7f30e2eaf000 r--s 0000c000 08:02 5508465                    /home/jam/.grails/ivy-cache/org.apache.tomcat/tomcat-catalina-ant/jars/tomcat-catalina-ant-7.0.30.jar
7f30e2eaf000-7f30e2eb2000 r--s 00044000 08:02 4721440                    /home/jam/.grails/ivy-cache/org.grails/grails-docs/jars/grails-docs-2.1.1.jar
7f30e2eb2000-7f30e2eb5000 r--s 00041000 08:02 4721438                    /home/jam/.grails/ivy-cache/xalan/serializer/jars/serializer-2.7.1.jar
7f30e2eb5000-7f30e2eb8000 r--s 000cf000 08:02 4721436                    /home/jam/.grails/ivy-cache/net.java.dev.jna/jna/jars/jna-3.2.3.jar
7f30e2eb8000-7f30e2eba000 r--s 00008000 08:02 4721434                    /home/jam/.grails/ivy-cache/org.fusesource.jansi/jansi/jars/jansi-1.2.1.jar
7f30e2eba000-7f30e2ebf000 r--s 00024000 08:02 4721394                    /home/jam/.grails/ivy-cache/org.bouncycastle/bcpg-jdk15/jars/bcpg-jdk15-1.45.jar
7f30e2ebf000-7f30e2ec5000 r--s 00068000 08:02 4721389                    /home/jam/.grails/ivy-cache/com.google.protobuf/protobuf-java/jars/protobuf-java-2.4.1.jar
7f30e2ec5000-7f30e2ee1000 rw-p 00000000 00:00 0 
7f30e2ee1000-7f30e2f85000 rw-p 00000000 00:00 0 
7f30e2f85000-7f30e2f88000 ---p 00000000 00:00 0 
7f30e2f88000-7f30e308b000 rw-p 00000000 00:00 0 
7f30e308b000-7f30e308c000 r--s 00001000 08:02 4721467                    /home/jam/.grails/ivy-cache/org.apache.ant/ant-trax/jars/ant-trax-1.7.1.jar
7f30e308c000-7f30e308e000 r--s 00015000 08:02 4721422                    /home/jam/.grails/ivy-cache/jline/jline/jars/jline-1.0.jar
7f30e308e000-7f30e308f000 r--s 00003000 08:02 4721392                    /home/jam/.grails/ivy-cache/com.googlecode.json-simple/json-simple/jars/json-simple-1.1.jar
7f30e308f000-7f30e3092000 r--s 0001a000 08:02 4721386                    /home/jam/.grails/ivy-cache/org.springframework.uaa/org.springframework.uaa.client/bundles/org.springframework.uaa.client-1.0.1.RELEASE.jar
7f30e3092000-7f30e3096000 r--s 00038000 08:02 18489882                   /usr/lib/jvm/java-6-openjdk-common/jre/lib/ext/sunpkcs11.jar
7f30e3096000-7f30e3099000 r--s 00031000 08:02 18489884                   /usr/lib/jvm/java-6-openjdk-common/jre/lib/ext/sunjce_provider.jar
7f30e3099000-7f30e309a000 r--s 00007000 08:02 16651090                   /usr/share/java/java-atk-wrapper.jar
7f30e309a000-7f30e309d000 r--s 00077000 08:02 18489883                   /usr/lib/jvm/java-6-openjdk-common/jre/lib/ext/localedata.jar
7f30e309d000-7f30e309f000 r--s 00001000 08:02 18489885                   /usr/lib/jvm/java-6-openjdk-common/jre/lib/ext/dnsns.jar
7f30e309f000-7f30e30a1000 r--s 0000f000 08:02 18489886                   /usr/lib/jvm/java-6-openjdk-common/jre/lib/ext/pulse-java.jar
7f30e30a1000-7f30e30a9000 rw-s 00000000 08:02 8650794                    /tmp/hsperfdata_jam/3159
7f30e30a9000-7f30e30aa000 rw-p 00000000 00:00 0 
7f30e30aa000-7f30e30ab000 r--p 00000000 00:00 0 
7f30e30ab000-7f30e30ad000 rw-p 00000000 00:00 0 
7f30e30ad000-7f30e30ae000 r--p 00022000 08:02 16256478                   /lib/x86_64-linux-gnu/ld-2.15.so
7f30e30ae000-7f30e30b0000 rw-p 00023000 08:02 16256478                   /lib/x86_64-linux-gnu/ld-2.15.so
7fff79dfd000-7fff79e1e000 rw-p 00000000 00:00 0                          [stack]
7fff79f21000-7fff79f22000 r-xp 00000000 00:00 0                          [vdso]
ffffffffff600000-ffffffffff601000 r-xp 00000000 00:00 0                  [vsyscall]

VM Arguments:
jvm_args: -Xmx768M -Xms768M -XX:PermSize=256m -XX:MaxPermSize=256m -Dfile.encoding=UTF-8 -Dserver.port=8080 -Djline.WindowsTerminal.directConsole=false -javaagent:/home/jam/Applications/grails-2.1.1/lib/com.springsource.springloaded/springloaded-core/jars/springloaded-core-1.0.6.jar -Xverify:none -Dspringloaded=profile=grails;cacheDir=/home/jam/.grails/2.1.1/ -Dgrails.home=/home/jam/Applications/grails-2.1.1 -Dtools.jar=/usr/lib/jvm/default-java/lib/tools.jar 
java_command: org.codehaus.groovy.grails.cli.support.GrailsStarter --main org.codehaus.groovy.grails.cli.GrailsScriptRunner --conf /home/jam/Applications/grails-2.1.1/conf/groovy-starter.conf --classpath   run-app
Launcher Type: SUN_STANDARD

Environment Variables:
JAVA_HOME=/usr/lib/jvm/default-java
PATH=/usr/lib/lightdm/lightdm:/usr/local/sbin:/usr/local/bin:/usr/sbin:/usr/bin:/sbin:/bin:/usr/games
LD_LIBRARY_PATH=/usr/lib/jvm/java-6-openjdk-amd64/jre/lib/amd64/server:/usr/lib/jvm/java-6-openjdk-amd64/jre/lib/amd64:/usr/lib/jvm/java-6-openjdk-amd64/jre/../lib/amd64
SHELL=/bin/bash
DISPLAY=:0

Signal Handlers:
SIGSEGV: [libjvm.so+0x784310], sa_mask[0]=0x7ffbfeff, sa_flags=0x10000004
SIGBUS: [libjvm.so+0x784310], sa_mask[0]=0x7ffbfeff, sa_flags=0x10000004
SIGFPE: [libjvm.so+0x648580], sa_mask[0]=0x7ffbfeff, sa_flags=0x10000004
SIGPIPE: SIG_IGN, sa_mask[0]=0x00000000, sa_flags=0x00000000
SIGXFSZ: [libjvm.so+0x648580], sa_mask[0]=0x7ffbfeff, sa_flags=0x10000004
SIGILL: [libjvm.so+0x648580], sa_mask[0]=0x7ffbfeff, sa_flags=0x10000004
SIGUSR1: SIG_DFL, sa_mask[0]=0x00000000, sa_flags=0x00000000
SIGUSR2: [libjvm.so+0x648730], sa_mask[0]=0x00000004, sa_flags=0x10000004
SIGHUP: [libjvm.so+0x64b250], sa_mask[0]=0x7ffbfeff, sa_flags=0x10000004
SIGINT: SIG_IGN, sa_mask[0]=0x00000000, sa_flags=0x00000000
SIGTERM: [libjvm.so+0x64b250], sa_mask[0]=0x7ffbfeff, sa_flags=0x10000004
SIGQUIT: [libjvm.so+0x64b250], sa_mask[0]=0x7ffbfeff, sa_flags=0x10000004


---------------  S Y S T E M  ---------------

OS:Ubuntu 12.04 (precise)
uname:Linux 3.2.0-31-generic #50-Ubuntu SMP Fri Sep 7 16:16:45 UTC 2012 x86_64
libc:glibc 2.15 NPTL 2.15 
rlimit: STACK 8192k, CORE 0k, NPROC 59519, NOFILE 4096, AS infinity
load average:1.79 1.11 0.85

/proc/meminfo:
MemTotal:        7636272 kB
MemFree:         4450004 kB
Buffers:          108052 kB
Cached:           837036 kB
SwapCached:            0 kB
Active:          2077084 kB
Inactive:         700588 kB
Active(anon):    1833484 kB
Inactive(anon):     6776 kB
Active(file):     243600 kB
Inactive(file):   693812 kB
Unevictable:          44 kB
Mlocked:              44 kB
SwapTotal:       7837776 kB
SwapFree:        7837776 kB
Dirty:               304 kB
Writeback:             0 kB
AnonPages:       1832820 kB
Mapped:           186280 kB
Shmem:              7560 kB
Slab:              82436 kB
SReclaimable:      53764 kB
SUnreclaim:        28672 kB
KernelStack:        3504 kB
PageTables:        31492 kB
NFS_Unstable:          0 kB
Bounce:                0 kB
WritebackTmp:          0 kB
CommitLimit:    11655912 kB
Committed_AS:    4283356 kB
VmallocTotal:   34359738367 kB
VmallocUsed:      135720 kB
VmallocChunk:   34359600496 kB
HardwareCorrupted:     0 kB
AnonHugePages:         0 kB
HugePages_Total:       0
HugePages_Free:        0
HugePages_Rsvd:        0
HugePages_Surp:        0
Hugepagesize:       2048 kB
DirectMap4k:      212992 kB
DirectMap2M:     3438592 kB
DirectMap1G:     4194304 kB


CPU:total 4 (4 cores per cpu, 1 threads per core) family 18 model 1 stepping 0, cmov, cx8, fxsr, mmx, sse, sse2, sse3, popcnt, mmxext, 3dnowpref, lzcnt, sse4a

Memory: 4k page, physical 7636272k(4450004k free), swap 7837776k(7837776k free)

vm_info: OpenJDK 64-Bit Server VM (20.0-b12) for linux-amd64 JRE (1.6.0_24-b24), built on Sep  2 2012 19:50:47 by "buildd" with gcc 4.6.3

time: Sun Sep 23 12:56:48 2012
elapsed time: 54 seconds

