#
# A fatal error has been detected by the Java Runtime Environment:
#
#  Internal Error (classFileParser.cpp:3494), pid=3330, tid=139698079766272
#  Error: ShouldNotReachHere()
#
# JRE version: 6.0_24-b24
# Java VM: OpenJDK 64-Bit Server VM (20.0-b12 mixed mode linux-amd64 compressed oops)
# Derivative: IcedTea6 1.11.4
# Distribution: Ubuntu 12.04 LTS, package 6b24-1.11.4-1ubuntu0.12.04.1
# If you would like to submit a bug report, please include
# instructions how to reproduce the bug and visit:
#   https://bugs.launchpad.net/ubuntu/+source/openjdk-6/
#

---------------  T H R E A D  ---------------

Current thread (0x00007f0d7c001800):  JavaThread "localhost-startStop-1" daemon [_thread_in_vm, id=3380, stack(0x00007f0dfe5b9000,0x00007f0dfe6ba000)]

Stack: [0x00007f0dfe5b9000,0x00007f0dfe6ba000],  sp=0x00007f0dfe6b53e0,  free space=1008k
Native frames: (J=compiled Java code, j=interpreted, Vv=VM code, C=native code)
V  [libjvm.so+0x7836d5]  VMError::report(outputStream*)+0x1255
V  [libjvm.so+0x783959]  VMError::report_and_die()+0x169
V  [libjvm.so+0x3bb18a]  report_vm_error(char const*, int, char const*, char const*)+0x4a
V  [libjvm.so+0x351555]  ClassFileParser::parseClassFile(symbolHandle, Handle, Handle, KlassHandle, GrowableArray<Handle>*, symbolHandle&, bool, Thread*)+0x1545
V  [libjvm.so+0x7194d7]  SystemDictionary::resolve_from_stream(symbolHandle, Handle, Handle, ClassFileStream*, bool, Thread*)+0xe7
V  [libjvm.so+0x4e5c40]  jvm_define_class_common(JNIEnv_*, char const*, _jobject*, signed char const*, int, _jobject*, char const*, unsigned char, Thread*)+0x220
V  [libjvm.so+0x4e6e89]  JVM_DefineClassWithSource+0xa9
C  [libjava.so+0x10f3a]  Java_java_lang_ClassLoader_defineClass1+0x29a
j  java.lang.ClassLoader.defineClass1(Ljava/lang/String;[BIILjava/security/ProtectionDomain;Ljava/lang/String;)Ljava/lang/Class;+0
j  java.lang.ClassLoader.defineClass(Ljava/lang/String;[BIILjava/security/ProtectionDomain;)Ljava/lang/Class;+30
j  java.security.SecureClassLoader.defineClass(Ljava/lang/String;[BIILjava/security/CodeSource;)Ljava/lang/Class;+27
j  java.net.URLClassLoader.defineClass(Ljava/lang/String;Lsun/misc/Resource;)Ljava/lang/Class;+253

Java frames: (J=compiled Java code, j=interpreted, Vv=VM code)
j  java.lang.ClassLoader.defineClass1(Ljava/lang/String;[BIILjava/security/ProtectionDomain;Ljava/lang/String;)Ljava/lang/Class;+0
j  java.lang.ClassLoader.defineClass(Ljava/lang/String;[BIILjava/security/ProtectionDomain;)Ljava/lang/Class;+30
j  java.security.SecureClassLoader.defineClass(Ljava/lang/String;[BIILjava/security/CodeSource;)Ljava/lang/Class;+27
j  java.net.URLClassLoader.defineClass(Ljava/lang/String;Lsun/misc/Resource;)Ljava/lang/Class;+253
J  java.net.URLClassLoader$1.run()Ljava/lang/Object;
v  ~StubRoutines::call_stub
J  java.security.AccessController.doPrivileged(Ljava/security/PrivilegedExceptionAction;Ljava/security/AccessControlContext;)Ljava/lang/Object;
J  java.net.URLClassLoader.findClass(Ljava/lang/String;)Ljava/lang/Class;
J  java.lang.ClassLoader.loadClass(Ljava/lang/String;Z)Ljava/lang/Class;
j  java.lang.ClassLoader.loadClass(Ljava/lang/String;)Ljava/lang/Class;+3
v  ~StubRoutines::call_stub
j  java.lang.Class.forName0(Ljava/lang/String;ZLjava/lang/ClassLoader;)Ljava/lang/Class;+0
j  java.lang.Class.forName(Ljava/lang/String;)Ljava/lang/Class;+5
j  BootStrap$_closure1.class$(Ljava/lang/String;)Ljava/lang/Class;+33
j  BootStrap$_closure1.$get$$class$org$greens$VoterContactManager$FloridaBootStrap()Ljava/lang/Class;+109
j  BootStrap$_closure1.doCall(Ljava/lang/Object;)Ljava/lang/Object;+182
v  ~StubRoutines::call_stub
j  sun.reflect.NativeMethodAccessorImpl.invoke0(Ljava/lang/reflect/Method;Ljava/lang/Object;[Ljava/lang/Object;)Ljava/lang/Object;+0
j  sun.reflect.NativeMethodAccessorImpl.invoke(Ljava/lang/Object;[Ljava/lang/Object;)Ljava/lang/Object;+87
J  java.lang.reflect.Method.invoke(Ljava/lang/Object;[Ljava/lang/Object;)Ljava/lang/Object;
j  com.springsource.loaded.ri.ReflectiveInterceptor.jlrMethodInvoke(Ljava/lang/reflect/Method;Ljava/lang/Object;[Ljava/lang/Object;)Ljava/lang/Object;+1972
J  org.codehaus.groovy.reflection.CachedMethod.invoke(Ljava/lang/Object;[Ljava/lang/Object;)Ljava/lang/Object;
j  groovy.lang.MetaMethod.doMethodInvoke(Ljava/lang/Object;[Ljava/lang/Object;)Ljava/lang/Object;+9
j  groovy.lang.MetaClassImpl.invokeMethod(Ljava/lang/Class;Ljava/lang/Object;Ljava/lang/String;[Ljava/lang/Object;ZZ)Ljava/lang/Object;+1036
j  groovy.lang.ExpandoMetaClass.invokeMethod(Ljava/lang/Class;Ljava/lang/Object;Ljava/lang/String;[Ljava/lang/Object;ZZ)Ljava/lang/Object;+44
j  groovy.lang.MetaClassImpl.invokeMethod(Ljava/lang/Object;Ljava/lang/String;[Ljava/lang/Object;)Ljava/lang/Object;+10
j  groovy.lang.MetaClassImpl.invokeMethod(Ljava/lang/Class;Ljava/lang/Object;Ljava/lang/String;[Ljava/lang/Object;ZZ)Ljava/lang/Object;+278
j  groovy.lang.ExpandoMetaClass.invokeMethod(Ljava/lang/Class;Ljava/lang/Object;Ljava/lang/String;[Ljava/lang/Object;ZZ)Ljava/lang/Object;+44
j  groovy.lang.MetaClassImpl.invokeMethod(Ljava/lang/Object;Ljava/lang/String;[Ljava/lang/Object;)Ljava/lang/Object;+10
j  groovy.lang.Closure.call([Ljava/lang/Object;)Ljava/lang/Object;+8
j  groovy.lang.Closure.call()Ljava/lang/Object;+6
j  grails.util.Environment.evaluateEnvironmentSpecificBlock(Lgrails/util/Environment;Lgroovy/lang/Closure;)Lgrails/util/Environment$EnvironmentBlockEvaluator;+16
j  grails.util.Environment.executeForEnvironment(Lgrails/util/Environment;Lgroovy/lang/Closure;)Ljava/lang/Object;+8
j  grails.util.Environment.executeForCurrentEnvironment(Lgroovy/lang/Closure;)Ljava/lang/Object;+6
j  org.codehaus.groovy.grails.commons.DefaultGrailsBootstrapClass.callInit(Ljavax/servlet/ServletContext;)V+23
j  org.codehaus.groovy.grails.web.context.GrailsConfigUtils.executeGrailsBootstraps(Lorg/codehaus/groovy/grails/commons/GrailsApplication;Lorg/springframework/web/context/WebApplicationContext;Ljavax/servlet/ServletContext;)V+113
j  org.codehaus.groovy.grails.web.context.GrailsContextLoader.initWebApplicationContext(Ljavax/servlet/ServletContext;)Lorg/springframework/web/context/WebApplicationContext;+131
j  org.springframework.web.context.ContextLoaderListener.contextInitialized(Ljavax/servlet/ServletContextEvent;)V+28
j  org.apache.catalina.core.StandardContext.listenerStart()Z+530
j  org.apache.catalina.core.StandardContext.startInternal()V+1187
j  org.apache.catalina.util.LifecycleBase.start()V+210
j  org.apache.catalina.core.ContainerBase$StartChild.call()Ljava/lang/Void;+4
j  org.apache.catalina.core.ContainerBase$StartChild.call()Ljava/lang/Object;+1
j  java.util.concurrent.FutureTask$Sync.innerRun()V+29
j  java.util.concurrent.FutureTask.run()V+4
j  java.util.concurrent.ThreadPoolExecutor.runWorker(Ljava/util/concurrent/ThreadPoolExecutor$Worker;)V+46
j  java.util.concurrent.ThreadPoolExecutor$Worker.run()V+5
j  java.lang.Thread.run()V+11
v  ~StubRoutines::call_stub

---------------  P R O C E S S  ---------------

Java Threads: ( => current thread )
  0x00007f0d70437800 JavaThread "net.sf.ehcache.CacheManager@1ebd2621" daemon [_thread_blocked, id=3382, stack(0x00007f0dfe3b7000,0x00007f0dfe4b8000)]
  0x00007f0d70390800 JavaThread "Timer-1" daemon [_thread_blocked, id=3381, stack(0x00007f0dfe4b8000,0x00007f0dfe5b9000)]
=>0x00007f0d7c001800 JavaThread "localhost-startStop-1" daemon [_thread_in_vm, id=3380, stack(0x00007f0dfe5b9000,0x00007f0dfe6ba000)]
  0x00007f0e08dba800 JavaThread "Tomcat-startStop-1" daemon [_thread_blocked, id=3379, stack(0x00007f0dfe6ba000,0x00007f0dfe7bb000)]
  0x00007f0e08514800 JavaThread "pool-4-thread-5" [_thread_blocked, id=3378, stack(0x00007f0dfebcb000,0x00007f0dfeccc000)]
  0x00007f0e090d2800 JavaThread "pool-4-thread-4" [_thread_blocked, id=3377, stack(0x00007f0dfeccc000,0x00007f0dfedcd000)]
  0x00007f0e09091000 JavaThread "pool-4-thread-3" [_thread_blocked, id=3376, stack(0x00007f0dfedcd000,0x00007f0dfeece000)]
  0x00007f0e08a1b000 JavaThread "pool-4-thread-2" [_thread_blocked, id=3375, stack(0x00007f0dfeece000,0x00007f0dfefcf000)]
  0x00007f0e08380800 JavaThread "pool-4-thread-1" [_thread_blocked, id=3374, stack(0x00007f0dfefcf000,0x00007f0dff0d0000)]
  0x00007f0e0829c000 JavaThread "pool-3-thread-5" [_thread_blocked, id=3372, stack(0x00007f0dff0d0000,0x00007f0dff1d1000)]
  0x00007f0e08add000 JavaThread "pool-3-thread-4" [_thread_blocked, id=3371, stack(0x00007f0dff1d1000,0x00007f0dff2d2000)]
  0x00007f0e08386800 JavaThread "pool-3-thread-3" [_thread_blocked, id=3370, stack(0x00007f0dff2d2000,0x00007f0dff3d3000)]
  0x00007f0e08a39800 JavaThread "pool-3-thread-2" [_thread_blocked, id=3369, stack(0x00007f0dff3d3000,0x00007f0dff4d4000)]
  0x00007f0e08d0d800 JavaThread "pool-3-thread-1" [_thread_blocked, id=3368, stack(0x00007f0dff4d4000,0x00007f0dff5d5000)]
  0x00007f0e0910e000 JavaThread "FileSystemWatcher: files=#256 cl=java.net.URLClassLoader@f4c0275" daemon [_thread_blocked, id=3366, stack(0x00007f0dff5d5000,0x00007f0dff6d6000)]
  0x00007f0e08d83000 JavaThread "FileSystemWatcher: files=#7 cl=groovy.lang.GroovyClassLoader@4b90690e" daemon [_thread_blocked, id=3365, stack(0x00007f0dff6d6000,0x00007f0dff7d7000)]
  0x00007f0e08248800 JavaThread "pool-2-thread-1" [_thread_blocked, id=3363, stack(0x00007f0dffdfe000,0x00007f0dffeff000)]
  0x00007f0e08236000 JavaThread "Synchronizer (Spring UAA/1.0.1)" daemon [_thread_blocked, id=3362, stack(0x00007f0dffeff000,0x00007f0e00000000)]
  0x00007f0e08941800 JavaThread "Timer-0" daemon [_thread_blocked, id=3361, stack(0x00007f0e0ca73000,0x00007f0e0cb74000)]
  0x00007f0e080e3800 JavaThread "Low Memory Detector" daemon [_thread_blocked, id=3353, stack(0x00007f0e0cea4000,0x00007f0e0cfa5000)]
  0x00007f0e080e9000 JavaThread "C2 CompilerThread1" daemon [_thread_in_native, id=3352, stack(0x00007f0e0cfa5000,0x00007f0e0d0a6000)]
  0x00007f0e080ea800 JavaThread "C2 CompilerThread0" daemon [_thread_in_native, id=3351, stack(0x00007f0e0d0a6000,0x00007f0e0d1a7000)]
  0x00007f0e0808c000 JavaThread "Signal Dispatcher" daemon [_thread_blocked, id=3350, stack(0x00007f0e0d205000,0x00007f0e0d306000)]
  0x00007f0e08079800 JavaThread "Finalizer" daemon [_thread_blocked, id=3349, stack(0x00007f0e0dae1000,0x00007f0e0dbe2000)]
  0x00007f0e08077800 JavaThread "Reference Handler" daemon [_thread_blocked, id=3348, stack(0x00007f0e0dbe2000,0x00007f0e0dce3000)]
  0x00007f0e08009800 JavaThread "main" [_thread_blocked, id=3342, stack(0x00007f0e11fbd000,0x00007f0e120be000)]

Other Threads:
  0x00007f0e08071000 VMThread [stack: 0x00007f0e0dce3000,0x00007f0e0dde4000] [id=3347]
  0x00007f0e080ed800 WatcherThread [stack: 0x00007f0e0cda3000,0x00007f0e0cea4000] [id=3354]

VM state:not at safepoint (normal execution)

VM Mutex/Monitor currently owned by a thread: None

Heap
 PSYoungGen      total 242816K, used 34838K [0x00000000f0000000, 0x0000000100000000, 0x0000000100000000)
  eden space 222784K, 14% used [0x00000000f0000000,0x00000000f1f173a0,0x00000000fd990000)
  from space 20032K, 14% used [0x00000000fec70000,0x00000000fef5e828,0x0000000100000000)
  to   space 19328K, 0% used [0x00000000fd990000,0x00000000fd990000,0x00000000fec70000)
 PSOldGen        total 524288K, used 205262K [0x00000000d0000000, 0x00000000f0000000, 0x00000000f0000000)
  object space 524288K, 39% used [0x00000000d0000000,0x00000000dc873a28,0x00000000f0000000)
 PSPermGen       total 262144K, used 96330K [0x00000000c0000000, 0x00000000d0000000, 0x00000000d0000000)
  object space 262144K, 36% used [0x00000000c0000000,0x00000000c5e12858,0x00000000d0000000)

Code Cache  [0x00007f0e05000000, 0x00007f0e05a50000, 0x00007f0e08000000)
 total_blobs=2684 nmethods=1978 adapters=657 free_code_cache=40453696 largest_free_block=233664

Dynamic libraries:
00400000-00409000 r-xp 00000000 08:02 397963                             /usr/lib/jvm/java-6-openjdk-amd64/jre/bin/java
00608000-00609000 r--p 00008000 08:02 397963                             /usr/lib/jvm/java-6-openjdk-amd64/jre/bin/java
00609000-0060a000 rw-p 00009000 08:02 397963                             /usr/lib/jvm/java-6-openjdk-amd64/jre/bin/java
015ee000-0160f000 rw-p 00000000 00:00 0                                  [heap]
c0000000-100000000 rw-p 00000000 00:00 0 
7f0d70000000-7f0d70dbd000 rw-p 00000000 00:00 0 
7f0d70dbd000-7f0d74000000 ---p 00000000 00:00 0 
7f0d74000000-7f0d74021000 rw-p 00000000 00:00 0 
7f0d74021000-7f0d78000000 ---p 00000000 00:00 0 
7f0d78000000-7f0d7a8aa000 rw-p 00000000 00:00 0 
7f0d7a8aa000-7f0d7c000000 ---p 00000000 00:00 0 
7f0d7c000000-7f0d7c021000 rw-p 00000000 00:00 0 
7f0d7c021000-7f0d80000000 ---p 00000000 00:00 0 
7f0d80000000-7f0d83ffc000 rw-p 00000000 00:00 0 
7f0d83ffc000-7f0d84000000 ---p 00000000 00:00 0 
7f0d84000000-7f0d87ffc000 rw-p 00000000 00:00 0 
7f0d87ffc000-7f0d88000000 ---p 00000000 00:00 0 
7f0d88000000-7f0d88021000 rw-p 00000000 00:00 0 
7f0d88021000-7f0d8c000000 ---p 00000000 00:00 0 
7f0d8c000000-7f0d8c021000 rw-p 00000000 00:00 0 
7f0d8c021000-7f0d90000000 ---p 00000000 00:00 0 
7f0d90000000-7f0d90021000 rw-p 00000000 00:00 0 
7f0d90021000-7f0d94000000 ---p 00000000 00:00 0 
7f0d94000000-7f0d94021000 rw-p 00000000 00:00 0 
7f0d94021000-7f0d98000000 ---p 00000000 00:00 0 
7f0d98000000-7f0d98021000 rw-p 00000000 00:00 0 
7f0d98021000-7f0d9c000000 ---p 00000000 00:00 0 
7f0d9c000000-7f0d9c021000 rw-p 00000000 00:00 0 
7f0d9c021000-7f0da0000000 ---p 00000000 00:00 0 
7f0da0000000-7f0da0021000 rw-p 00000000 00:00 0 
7f0da0021000-7f0da4000000 ---p 00000000 00:00 0 
7f0da4000000-7f0da4021000 rw-p 00000000 00:00 0 
7f0da4021000-7f0da8000000 ---p 00000000 00:00 0 
7f0da8000000-7f0da8021000 rw-p 00000000 00:00 0 
7f0da8021000-7f0dac000000 ---p 00000000 00:00 0 
7f0dac000000-7f0dac021000 rw-p 00000000 00:00 0 
7f0dac021000-7f0db0000000 ---p 00000000 00:00 0 
7f0db0000000-7f0db3ff9000 rw-p 00000000 00:00 0 
7f0db3ff9000-7f0db4000000 ---p 00000000 00:00 0 
7f0db4000000-7f0db4021000 rw-p 00000000 00:00 0 
7f0db4021000-7f0db8000000 ---p 00000000 00:00 0 
7f0db8000000-7f0db806b000 rw-p 00000000 00:00 0 
7f0db806b000-7f0dbc000000 ---p 00000000 00:00 0 
7f0dbc000000-7f0dbc021000 rw-p 00000000 00:00 0 
7f0dbc021000-7f0dc0000000 ---p 00000000 00:00 0 
7f0dc0000000-7f0dc3f91000 rw-p 00000000 00:00 0 
7f0dc3f91000-7f0dc4000000 ---p 00000000 00:00 0 
7f0dc4000000-7f0dc404a000 rw-p 00000000 00:00 0 
7f0dc404a000-7f0dc8000000 ---p 00000000 00:00 0 
7f0dc8000000-7f0dc8021000 rw-p 00000000 00:00 0 
7f0dc8021000-7f0dcc000000 ---p 00000000 00:00 0 
7f0dcc000000-7f0dcc021000 rw-p 00000000 00:00 0 
7f0dcc021000-7f0dd0000000 ---p 00000000 00:00 0 
7f0dd0000000-7f0dd3fda000 rw-p 00000000 00:00 0 
7f0dd3fda000-7f0dd4000000 ---p 00000000 00:00 0 
7f0dd4000000-7f0dd4021000 rw-p 00000000 00:00 0 
7f0dd4021000-7f0dd8000000 ---p 00000000 00:00 0 
7f0dd8000000-7f0dd8021000 rw-p 00000000 00:00 0 
7f0dd8021000-7f0ddc000000 ---p 00000000 00:00 0 
7f0ddc000000-7f0ddec36000 rw-p 00000000 00:00 0 
7f0ddec36000-7f0de0000000 ---p 00000000 00:00 0 
7f0de0000000-7f0de0021000 rw-p 00000000 00:00 0 
7f0de0021000-7f0de4000000 ---p 00000000 00:00 0 
7f0de4000000-7f0de4021000 rw-p 00000000 00:00 0 
7f0de4021000-7f0de8000000 ---p 00000000 00:00 0 
7f0de8000000-7f0de802b000 rw-p 00000000 00:00 0 
7f0de802b000-7f0dec000000 ---p 00000000 00:00 0 
7f0dec000000-7f0dec3c9000 rw-p 00000000 00:00 0 
7f0dec3c9000-7f0df0000000 ---p 00000000 00:00 0 
7f0df0000000-7f0df0038000 rw-p 00000000 00:00 0 
7f0df0038000-7f0df4000000 ---p 00000000 00:00 0 
7f0df8000000-7f0df8031000 rw-p 00000000 00:00 0 
7f0df8031000-7f0dfc000000 ---p 00000000 00:00 0 
7f0dfe2b6000-7f0dfe2b9000 ---p 00000000 00:00 0 
7f0dfe2b9000-7f0dfe3b7000 rw-p 00000000 00:00 0 
7f0dfe3b7000-7f0dfe3ba000 ---p 00000000 00:00 0 
7f0dfe3ba000-7f0dfe4b8000 rw-p 00000000 00:00 0 
7f0dfe4b8000-7f0dfe4bb000 ---p 00000000 00:00 0 
7f0dfe4bb000-7f0dfe5b9000 rw-p 00000000 00:00 0 
7f0dfe5b9000-7f0dfe5bc000 ---p 00000000 00:00 0 
7f0dfe5bc000-7f0dfe6ba000 rw-p 00000000 00:00 0 
7f0dfe6ba000-7f0dfe6bd000 ---p 00000000 00:00 0 
7f0dfe6bd000-7f0dfe7bb000 rw-p 00000000 00:00 0 
7f0dfe7bb000-7f0dfe7c1000 r-xp 00000000 08:02 18747991                   /usr/lib/jvm/java-6-openjdk-amd64/jre/lib/amd64/libmanagement.so
7f0dfe7c1000-7f0dfe9c0000 ---p 00006000 08:02 18747991                   /usr/lib/jvm/java-6-openjdk-amd64/jre/lib/amd64/libmanagement.so
7f0dfe9c0000-7f0dfe9c1000 r--p 00005000 08:02 18747991                   /usr/lib/jvm/java-6-openjdk-amd64/jre/lib/amd64/libmanagement.so
7f0dfe9c1000-7f0dfe9c2000 rw-p 00006000 08:02 18747991                   /usr/lib/jvm/java-6-openjdk-amd64/jre/lib/amd64/libmanagement.so
7f0dfe9c2000-7f0dfe9ca000 r-xp 00000000 08:02 18747982                   /usr/lib/jvm/java-6-openjdk-amd64/jre/lib/amd64/libnio.so
7f0dfe9ca000-7f0dfebc9000 ---p 00008000 08:02 18747982                   /usr/lib/jvm/java-6-openjdk-amd64/jre/lib/amd64/libnio.so
7f0dfebc9000-7f0dfebca000 r--p 00007000 08:02 18747982                   /usr/lib/jvm/java-6-openjdk-amd64/jre/lib/amd64/libnio.so
7f0dfebca000-7f0dfebcb000 rw-p 00008000 08:02 18747982                   /usr/lib/jvm/java-6-openjdk-amd64/jre/lib/amd64/libnio.so
7f0dfebcb000-7f0dfebce000 ---p 00000000 00:00 0 
7f0dfebce000-7f0dfeccc000 rw-p 00000000 00:00 0 
7f0dfeccc000-7f0dfeccf000 ---p 00000000 00:00 0 
7f0dfeccf000-7f0dfedcd000 rw-p 00000000 00:00 0 
7f0dfedcd000-7f0dfedd0000 ---p 00000000 00:00 0 
7f0dfedd0000-7f0dfeece000 rw-p 00000000 00:00 0 
7f0dfeece000-7f0dfeed1000 ---p 00000000 00:00 0 
7f0dfeed1000-7f0dfefcf000 rw-p 00000000 00:00 0 
7f0dfefcf000-7f0dfefd2000 ---p 00000000 00:00 0 
7f0dfefd2000-7f0dff0d0000 rw-p 00000000 00:00 0 
7f0dff0d0000-7f0dff0d3000 ---p 00000000 00:00 0 
7f0dff0d3000-7f0dff1d1000 rw-p 00000000 00:00 0 
7f0dff1d1000-7f0dff1d4000 ---p 00000000 00:00 0 
7f0dff1d4000-7f0dff2d2000 rw-p 00000000 00:00 0 
7f0dff2d2000-7f0dff2d5000 ---p 00000000 00:00 0 
7f0dff2d5000-7f0dff3d3000 rw-p 00000000 00:00 0 
7f0dff3d3000-7f0dff3d6000 ---p 00000000 00:00 0 
7f0dff3d6000-7f0dff4d4000 rw-p 00000000 00:00 0 
7f0dff4d4000-7f0dff4d7000 ---p 00000000 00:00 0 
7f0dff4d7000-7f0dff5d5000 rw-p 00000000 00:00 0 
7f0dff5d5000-7f0dff5d8000 ---p 00000000 00:00 0 
7f0dff5d8000-7f0dff6d6000 rw-p 00000000 00:00 0 
7f0dff6d6000-7f0dff6d9000 ---p 00000000 00:00 0 
7f0dff6d9000-7f0dff7d7000 rw-p 00000000 00:00 0 
7f0dff7d7000-7f0dff7ef000 r-xp 00000000 08:02 16256582                   /lib/x86_64-linux-gnu/libresolv-2.15.so
7f0dff7ef000-7f0dff9ef000 ---p 00018000 08:02 16256582                   /lib/x86_64-linux-gnu/libresolv-2.15.so
7f0dff9ef000-7f0dff9f0000 r--p 00018000 08:02 16256582                   /lib/x86_64-linux-gnu/libresolv-2.15.so
7f0dff9f0000-7f0dff9f1000 rw-p 00019000 08:02 16256582                   /lib/x86_64-linux-gnu/libresolv-2.15.so
7f0dff9f1000-7f0dff9f3000 rw-p 00000000 00:00 0 
7f0dff9f3000-7f0dff9fa000 r-xp 00000000 08:02 16256547                   /lib/x86_64-linux-gnu/libnss_dns-2.15.so
7f0dff9fa000-7f0dffbf9000 ---p 00007000 08:02 16256547                   /lib/x86_64-linux-gnu/libnss_dns-2.15.so
7f0dffbf9000-7f0dffbfa000 r--p 00006000 08:02 16256547                   /lib/x86_64-linux-gnu/libnss_dns-2.15.so
7f0dffbfa000-7f0dffbfb000 rw-p 00007000 08:02 16256547                   /lib/x86_64-linux-gnu/libnss_dns-2.15.so
7f0dffbfb000-7f0dffbfd000 r-xp 00000000 08:02 16252982                   /lib/libnss_mdns4_minimal.so.2
7f0dffbfd000-7f0dffdfc000 ---p 00002000 08:02 16252982                   /lib/libnss_mdns4_minimal.so.2
7f0dffdfc000-7f0dffdfd000 r--p 00001000 08:02 16252982                   /lib/libnss_mdns4_minimal.so.2
7f0dffdfd000-7f0dffdfe000 rw-p 00002000 08:02 16252982                   /lib/libnss_mdns4_minimal.so.2
7f0dffdfe000-7f0dffe01000 ---p 00000000 00:00 0 
7f0dffe01000-7f0dffeff000 rw-p 00000000 00:00 0 
7f0dffeff000-7f0dfff02000 ---p 00000000 00:00 0 
7f0dfff02000-7f0e00000000 rw-p 00000000 00:00 0 
7f0e00000000-7f0e0005b000 rw-p 00000000 00:00 0 
7f0e0005b000-7f0e04000000 ---p 00000000 00:00 0 
7f0e04055000-7f0e040b2000 r-xp 00000000 08:02 16651114                   /usr/lib/x86_64-linux-gnu/nss/libfreebl3.so
7f0e040b2000-7f0e042b1000 ---p 0005d000 08:02 16651114                   /usr/lib/x86_64-linux-gnu/nss/libfreebl3.so
7f0e042b1000-7f0e042b3000 r--p 0005c000 08:02 16651114                   /usr/lib/x86_64-linux-gnu/nss/libfreebl3.so
7f0e042b3000-7f0e042b4000 rw-p 0005e000 08:02 16651114                   /usr/lib/x86_64-linux-gnu/nss/libfreebl3.so
7f0e042b4000-7f0e042b8000 rw-p 00000000 00:00 0 
7f0e042b8000-7f0e04356000 r-xp 00000000 08:02 16131587                   /usr/lib/x86_64-linux-gnu/libsqlite3.so.0.8.6
7f0e04356000-7f0e04556000 ---p 0009e000 08:02 16131587                   /usr/lib/x86_64-linux-gnu/libsqlite3.so.0.8.6
7f0e04556000-7f0e04558000 r--p 0009e000 08:02 16131587                   /usr/lib/x86_64-linux-gnu/libsqlite3.so.0.8.6
7f0e04558000-7f0e0455a000 rw-p 000a0000 08:02 16131587                   /usr/lib/x86_64-linux-gnu/libsqlite3.so.0.8.6
7f0e0455a000-7f0e0455b000 rw-p 00000000 00:00 0 
7f0e0455b000-7f0e04594000 r-xp 00000000 08:02 16651117                   /usr/lib/x86_64-linux-gnu/nss/libsoftokn3.so
7f0e04594000-7f0e04793000 ---p 00039000 08:02 16651117                   /usr/lib/x86_64-linux-gnu/nss/libsoftokn3.so
7f0e04793000-7f0e04795000 r--p 00038000 08:02 16651117                   /usr/lib/x86_64-linux-gnu/nss/libsoftokn3.so
7f0e04795000-7f0e04796000 rw-p 0003a000 08:02 16651117                   /usr/lib/x86_64-linux-gnu/nss/libsoftokn3.so
7f0e04796000-7f0e047d0000 r-xp 00000000 08:02 16127779                   /usr/lib/x86_64-linux-gnu/libnspr4.so
7f0e047d0000-7f0e049cf000 ---p 0003a000 08:02 16127779                   /usr/lib/x86_64-linux-gnu/libnspr4.so
7f0e049cf000-7f0e049d0000 r--p 00039000 08:02 16127779                   /usr/lib/x86_64-linux-gnu/libnspr4.so
7f0e049d0000-7f0e049d2000 rw-p 0003a000 08:02 16127779                   /usr/lib/x86_64-linux-gnu/libnspr4.so
7f0e049d2000-7f0e049d4000 rw-p 00000000 00:00 0 
7f0e049d4000-7f0e049d7000 r-xp 00000000 08:02 16127775                   /usr/lib/x86_64-linux-gnu/libplds4.so
7f0e049d7000-7f0e04bd6000 ---p 00003000 08:02 16127775                   /usr/lib/x86_64-linux-gnu/libplds4.so
7f0e04bd6000-7f0e04bd7000 r--p 00002000 08:02 16127775                   /usr/lib/x86_64-linux-gnu/libplds4.so
7f0e04bd7000-7f0e04bd8000 rw-p 00003000 08:02 16127775                   /usr/lib/x86_64-linux-gnu/libplds4.so
7f0e04bd8000-7f0e04bdc000 r-xp 00000000 08:02 16127777                   /usr/lib/x86_64-linux-gnu/libplc4.so
7f0e04bdc000-7f0e04ddb000 ---p 00004000 08:02 16127777                   /usr/lib/x86_64-linux-gnu/libplc4.so
7f0e04ddb000-7f0e04ddc000 r--p 00003000 08:02 16127777                   /usr/lib/x86_64-linux-gnu/libplc4.so
7f0e04ddc000-7f0e04ddd000 rw-p 00004000 08:02 16127777                   /usr/lib/x86_64-linux-gnu/libplc4.so
7f0e04ddd000-7f0e04df9000 r-xp 00000000 08:02 16123808                   /usr/lib/x86_64-linux-gnu/libnssutil3.so
7f0e04df9000-7f0e04ff9000 ---p 0001c000 08:02 16123808                   /usr/lib/x86_64-linux-gnu/libnssutil3.so
7f0e04ff9000-7f0e04fff000 r--p 0001c000 08:02 16123808                   /usr/lib/x86_64-linux-gnu/libnssutil3.so
7f0e04fff000-7f0e05000000 rw-p 00022000 08:02 16123808                   /usr/lib/x86_64-linux-gnu/libnssutil3.so
7f0e05000000-7f0e05a50000 rwxp 00000000 00:00 0 
7f0e05a50000-7f0e092e8000 rw-p 00000000 00:00 0 
7f0e092e8000-7f0e0c000000 ---p 00000000 00:00 0 
7f0e0c07d000-7f0e0c17b000 r-xp 00000000 08:02 16122488                   /usr/lib/x86_64-linux-gnu/libnss3.so
7f0e0c17b000-7f0e0c37a000 ---p 000fe000 08:02 16122488                   /usr/lib/x86_64-linux-gnu/libnss3.so
7f0e0c37a000-7f0e0c37f000 r--p 000fd000 08:02 16122488                   /usr/lib/x86_64-linux-gnu/libnss3.so
7f0e0c37f000-7f0e0c381000 rw-p 00102000 08:02 16122488                   /usr/lib/x86_64-linux-gnu/libnss3.so
7f0e0c381000-7f0e0c383000 rw-p 00000000 00:00 0 
7f0e0c395000-7f0e0c3a3000 r--s 00351000 08:02 18489869                   /usr/lib/jvm/java-6-openjdk-common/jre/lib/charsets.jar
7f0e0c3a3000-7f0e0c3b1000 r-xp 00000000 08:02 18747997                   /usr/lib/jvm/java-6-openjdk-amd64/jre/lib/amd64/libj2pkcs11.so
7f0e0c3b1000-7f0e0c5b1000 ---p 0000e000 08:02 18747997                   /usr/lib/jvm/java-6-openjdk-amd64/jre/lib/amd64/libj2pkcs11.so
7f0e0c5b1000-7f0e0c5b2000 r--p 0000e000 08:02 18747997                   /usr/lib/jvm/java-6-openjdk-amd64/jre/lib/amd64/libj2pkcs11.so
7f0e0c5b2000-7f0e0c5b3000 rw-p 0000f000 08:02 18747997                   /usr/lib/jvm/java-6-openjdk-amd64/jre/lib/amd64/libj2pkcs11.so
7f0e0c5b3000-7f0e0c5b5000 r--s 00013000 08:02 18489868                   /usr/lib/jvm/java-6-openjdk-common/jre/lib/jce.jar
7f0e0c5b5000-7f0e0c5c3000 r--s 00351000 08:02 18489869                   /usr/lib/jvm/java-6-openjdk-common/jre/lib/charsets.jar
7f0e0c5c3000-7f0e0c5c7000 r--s 0002f000 08:02 4722137                    /home/jam/.grails/ivy-cache/org.grails/grails-test/jars/grails-test-2.1.1.jar
7f0e0c5c7000-7f0e0c5cd000 r--s 0006c000 08:02 4722135                    /home/jam/.grails/ivy-cache/org.grails/grails-plugin-testing/jars/grails-plugin-testing-2.1.1.jar
7f0e0c5cd000-7f0e0c5ce000 r--s 00002000 08:02 5636284                    /home/jam/.grails/ivy-cache/org.hibernate/hibernate-ehcache/jars/hibernate-ehcache-3.6.10.Final.jar
7f0e0c5ce000-7f0e0c5d3000 r--s 00048000 08:02 5636282                    /home/jam/.grails/ivy-cache/dom4j/dom4j/jars/dom4j-1.6.1.jar
7f0e0c5d3000-7f0e0c5d8000 r--s 00068000 08:02 5636280                    /home/jam/.grails/ivy-cache/antlr/antlr/jars/antlr-2.7.7.jar
7f0e0c5d8000-7f0e0c5e1000 r--s 00098000 08:02 5636278                    /home/jam/.grails/ivy-cache/org.javassist/javassist/jars/javassist-3.16.1-GA.jar
7f0e0c5e1000-7f0e0c5e4000 r--s 00009000 08:02 5636286                    /home/jam/.grails/ivy-cache/javax.validation/validation-api/jars/validation-api-1.0.0.GA.jar
7f0e0c5e4000-7f0e0c5eb000 r--s 00040000 08:02 5636276                    /home/jam/.grails/ivy-cache/org.hibernate/hibernate-validator/jars/hibernate-validator-4.1.0.Final.jar
7f0e0c5eb000-7f0e0c5ee000 r--s 0000f000 08:02 5636274                    /home/jam/.grails/ivy-cache/org.hibernate/hibernate-commons-annotations/jars/hibernate-commons-annotations-3.2.0.Final.jar
7f0e0c5ee000-7f0e0c620000 r--s 002c9000 08:02 5636272                    /home/jam/.grails/ivy-cache/org.hibernate/hibernate-core/jars/hibernate-core-3.6.10.Final.jar
7f0e0c620000-7f0e0c631000 r--s 000d2000 08:02 5636617                    /home/jam/.grails/ivy-cache/org.liquibase/liquibase-core/jars/liquibase-core-2.0.5.jar
7f0e0c631000-7f0e0c638000 r--s 000bd000 08:02 4722926                    /home/jam/.grails/ivy-cache/mysql/mysql-connector-java/jars/mysql-connector-java-5.1.20.jar
7f0e0c638000-7f0e0c63a000 r--s 00000000 08:02 4722133                    /home/jam/.grails/ivy-cache/org.slf4j/jul-to-slf4j/jars/jul-to-slf4j-1.6.2.jar
7f0e0c63a000-7f0e0c63c000 r--s 00003000 08:02 4722131                    /home/jam/.grails/ivy-cache/org.slf4j/jcl-over-slf4j/jars/jcl-over-slf4j-1.6.2.jar
7f0e0c63c000-7f0e0c645000 r--s 0006d000 08:02 4722129                    /home/jam/.grails/ivy-cache/log4j/log4j/bundles/log4j-1.2.16.jar
7f0e0c645000-7f0e0c65a000 r--s 000e3000 08:02 4722127                    /home/jam/.grails/ivy-cache/net.sf.ehcache/ehcache-core/jars/ehcache-core-2.4.6.jar
7f0e0c65a000-7f0e0c65c000 r--s 00005000 08:02 4722125                    /home/jam/.grails/ivy-cache/xpp3/xpp3_min/jars/xpp3_min-1.1.4c.jar
7f0e0c65c000-7f0e0c65e000 r--s 00004000 08:02 4722123                    /home/jam/.grails/ivy-cache/javax.servlet/jstl/jars/jstl-1.1.2.jar
7f0e0c65e000-7f0e0c668000 r--s 0012c000 08:02 4722121                    /home/jam/.grails/ivy-cache/com.h2database/h2/jars/h2-1.3.164.jar
7f0e0c668000-7f0e0c66b000 r--s 00016000 08:02 4722119                    /home/jam/.grails/ivy-cache/commons-pool/commons-pool/jars/commons-pool-1.5.6.jar
7f0e0c66b000-7f0e0c66e000 r--s 00025000 08:02 4722117                    /home/jam/.grails/ivy-cache/commons-dbcp/commons-dbcp/jars/commons-dbcp-1.4.jar
7f0e0c66e000-7f0e0c670000 r--s 0000e000 08:02 4722115                    /home/jam/.grails/ivy-cache/oro/oro/jars/oro-2.0.8.jar
7f0e0c670000-7f0e0c672000 r--s 0000d000 08:02 4722113                    /home/jam/.grails/ivy-cache/commons-fileupload/commons-fileupload/jars/commons-fileupload-1.2.2.jar
7f0e0c672000-7f0e0c673000 r--s 0000a000 08:02 4722111                    /home/jam/.grails/ivy-cache/asm/asm/jars/asm-3.1.jar
7f0e0c673000-7f0e0c67a000 r--s 0003e000 08:02 4722109                    /home/jam/.grails/ivy-cache/cglib/cglib/jars/cglib-2.2.jar
7f0e0c67a000-7f0e0c67e000 r--s 00019000 08:02 4722107                    /home/jam/.grails/ivy-cache/org.aspectj/aspectjrt/jars/aspectjrt-1.6.10.jar
7f0e0c67e000-7f0e0c694000 r--s 00184000 08:02 4722105                    /home/jam/.grails/ivy-cache/org.aspectj/aspectjweaver/jars/aspectjweaver-1.6.10.jar
7f0e0c694000-7f0e0c69b000 r--s 00056000 08:02 4722103                    /home/jam/.grails/ivy-cache/org.grails/grails-datastore-simple/jars/grails-datastore-simple-1.1.0.RELEASE.jar
7f0e0c69b000-7f0e0c6a4000 r--s 00044000 08:02 4722101                    /home/jam/.grails/ivy-cache/org.grails/grails-datastore-core/jars/grails-datastore-core-1.1.0.RELEASE.jar
7f0e0c6a4000-7f0e0c6a9000 r--s 0004c000 08:02 4722099                    /home/jam/.grails/ivy-cache/org.grails/grails-datastore-gorm/jars/grails-datastore-gorm-1.1.0.RELEASE.jar
7f0e0c6a9000-7f0e0c6b4000 r--s 00082000 08:02 4722097                    /home/jam/.grails/ivy-cache/org.springframework/spring-webmvc/jars/spring-webmvc-3.1.2.RELEASE.jar
7f0e0c6b4000-7f0e0c6c0000 r--s 0007a000 08:02 4722095                    /home/jam/.grails/ivy-cache/org.springframework/spring-web/jars/spring-web-3.1.2.RELEASE.jar
7f0e0c6c0000-7f0e0c6c7000 r--s 00035000 08:02 4722093                    /home/jam/.grails/ivy-cache/org.springframework/spring-tx/jars/spring-tx-3.1.2.RELEASE.jar
7f0e0c6c7000-7f0e0c6d0000 r--s 00054000 08:02 4722091                    /home/jam/.grails/ivy-cache/org.springframework/spring-orm/jars/spring-orm-3.1.2.RELEASE.jar
7f0e0c6d0000-7f0e0c6d5000 r--s 0002c000 08:02 4722089                    /home/jam/.grails/ivy-cache/org.springframework/spring-jms/jars/spring-jms-3.1.2.RELEASE.jar
7f0e0c6d5000-7f0e0c6df000 r--s 00059000 08:02 4722087                    /home/jam/.grails/ivy-cache/org.springframework/spring-jdbc/jars/spring-jdbc-3.1.2.RELEASE.jar
7f0e0c6df000-7f0e0c6e3000 r--s 00027000 08:02 4722085                    /home/jam/.grails/ivy-cache/org.springframework/spring-expression/jars/spring-expression-3.1.2.RELEASE.jar
7f0e0c6e3000-7f0e0c6e6000 r--s 00018000 08:02 4722083                    /home/jam/.grails/ivy-cache/org.springframework/spring-context-support/jars/spring-context-support-3.1.2.RELEASE.jar
7f0e0c6e6000-7f0e0c6fb000 r--s 000b7000 08:02 4722081                    /home/jam/.grails/ivy-cache/org.springframework/spring-context/jars/spring-context-3.1.2.RELEASE.jar
7f0e0c6fb000-7f0e0c707000 r--s 00085000 08:02 4722079                    /home/jam/.grails/ivy-cache/org.springframework/spring-beans/jars/spring-beans-3.1.2.RELEASE.jar
7f0e0c707000-7f0e0c708000 r--s 0000c000 08:02 4722077                    /home/jam/.grails/ivy-cache/org.springframework/spring-asm/jars/spring-asm-3.1.2.RELEASE.jar
7f0e0c708000-7f0e0c70a000 r--s 0000b000 08:02 4722075                    /home/jam/.grails/ivy-cache/org.springframework/spring-aspects/jars/spring-aspects-3.1.2.RELEASE.jar
7f0e0c70a000-7f0e0c713000 r--s 00049000 08:02 4722073                    /home/jam/.grails/ivy-cache/org.springframework/spring-aop/jars/spring-aop-3.1.2.RELEASE.jar
7f0e0c713000-7f0e0c71d000 r--s 00064000 08:02 4722071                    /home/jam/.grails/ivy-cache/org.springframework/spring-core/jars/spring-core-3.1.2.RELEASE.jar
7f0e0c71d000-7f0e0c71f000 r--s 00008000 08:02 4722069                    /home/jam/.grails/ivy-cache/org.grails/grails-plugin-validation/jars/grails-plugin-validation-2.1.1.jar
7f0e0c71f000-7f0e0c722000 r--s 0001c000 08:02 4722067                    /home/jam/.grails/ivy-cache/org.grails/grails-plugin-url-mappings/jars/grails-plugin-url-mappings-2.1.1.jar
7f0e0c722000-7f0e0c724000 r--s 0000f000 08:02 4722065                    /home/jam/.grails/ivy-cache/org.grails/grails-plugin-mimetypes/jars/grails-plugin-mimetypes-2.1.1.jar
7f0e0c724000-7f0e0c726000 r--s 00005000 08:02 4722063                    /home/jam/.grails/ivy-cache/org.grails/grails-plugin-servlets/jars/grails-plugin-servlets-2.1.1.jar
7f0e0c726000-7f0e0c727000 r--s 00008000 08:02 4722061                    /home/jam/.grails/ivy-cache/org.grails/grails-plugin-services/jars/grails-plugin-services-2.1.1.jar
7f0e0c727000-7f0e0c729000 r--s 00006000 08:02 4722059                    /home/jam/.grails/ivy-cache/org.grails/grails-plugin-scaffolding/jars/grails-plugin-scaffolding-2.1.1.jar
7f0e0c729000-7f0e0c72b000 r--s 0000e000 08:02 4722057                    /home/jam/.grails/ivy-cache/org.grails/grails-plugin-log4j/jars/grails-plugin-log4j-2.1.1.jar
7f0e0c72b000-7f0e0c72d000 r--s 00005000 08:02 4722055                    /home/jam/.grails/ivy-cache/org.grails/grails-plugin-i18n/jars/grails-plugin-i18n-2.1.1.jar
7f0e0c72d000-7f0e0c734000 r--s 0006d000 08:02 4722053                    /home/jam/.grails/ivy-cache/org.grails/grails-plugin-gsp/jars/grails-plugin-gsp-2.1.1.jar
7f0e0c734000-7f0e0c736000 r--s 0000e000 08:02 4722051                    /home/jam/.grails/ivy-cache/org.grails/grails-plugin-filters/jars/grails-plugin-filters-2.1.1.jar
7f0e0c736000-7f0e0c738000 r--s 00009000 08:02 4722049                    /home/jam/.grails/ivy-cache/org.grails/grails-plugin-datasource/jars/grails-plugin-datasource-2.1.1.jar
7f0e0c738000-7f0e0c73c000 r--s 00024000 08:02 4722047                    /home/jam/.grails/ivy-cache/org.grails/grails-plugin-converters/jars/grails-plugin-converters-2.1.1.jar
7f0e0c73c000-7f0e0c73f000 r--s 00019000 08:02 4722045                    /home/jam/.grails/ivy-cache/org.grails/grails-plugin-domain-class/jars/grails-plugin-domain-class-2.1.1.jar
7f0e0c73f000-7f0e0c743000 r--s 00028000 08:02 4722043                    /home/jam/.grails/ivy-cache/org.grails/grails-plugin-controllers/jars/grails-plugin-controllers-2.1.1.jar
7f0e0c743000-7f0e0c745000 r--s 00015000 08:02 4722041                    /home/jam/.grails/ivy-cache/org.grails/grails-plugin-codecs/jars/grails-plugin-codecs-2.1.1.jar
7f0e0c745000-7f0e0c746000 r--s 00000000 08:02 4722039                    /home/jam/.grails/ivy-cache/org.grails/grails-logging/jars/grails-logging-2.1.1.jar
7f0e0c746000-7f0e0c748000 r--s 00009000 08:02 4722037                    /home/jam/.grails/ivy-cache/org.grails/grails-spring/jars/grails-spring-2.1.1.jar
7f0e0c748000-7f0e0c752000 r--s 0008a000 08:02 4722035                    /home/jam/.grails/ivy-cache/org.grails/grails-hibernate/jars/grails-hibernate-2.1.1.jar
7f0e0c752000-7f0e0c754000 r--s 00009000 08:02 4722033                    /home/jam/.grails/ivy-cache/org.grails/grails-crud/jars/grails-crud-2.1.1.jar
7f0e0c754000-7f0e0c75a000 r--s 00027000 08:02 4722031                    /home/jam/.grails/ivy-cache/opensymphony/sitemesh/jars/sitemesh-2.4.jar
7f0e0c75a000-7f0e0c75f000 r--s 00015000 08:02 4722029                    /home/jam/.grails/ivy-cache/org.hibernate.javax.persistence/hibernate-jpa-2.0-api/jars/hibernate-jpa-2.0-api-1.0.1.Final.jar
7f0e0c75f000-7f0e0c760000 r--s 00003000 08:02 4722027                    /home/jam/.grails/ivy-cache/javax.transaction/jta/jars/jta-1.1.jar
7f0e0c760000-7f0e0c765000 r--s 00041000 08:02 4722025                    /home/jam/.grails/ivy-cache/commons-lang/commons-lang/jars/commons-lang-2.6.jar
7f0e0c765000-7f0e0c768000 r--s 00025000 08:02 4722023                    /home/jam/.grails/ivy-cache/commons-io/commons-io/jars/commons-io-2.1.jar
7f0e0c768000-7f0e0c776000 r--s 0007f000 08:02 4722021                    /home/jam/.grails/ivy-cache/commons-collections/commons-collections/jars/commons-collections-3.2.1.jar
7f0e0c776000-7f0e0c778000 r--s 00010000 08:02 4722019                    /home/jam/.grails/ivy-cache/commons-codec/commons-codec/jars/commons-codec-1.5.jar
7f0e0c778000-7f0e0c77a000 r--s 00000000 08:02 4722017                    /home/jam/.grails/ivy-cache/aopalliance/aopalliance/jars/aopalliance-1.0.jar
7f0e0c77a000-7f0e0c77d000 r--s 0001f000 08:02 4722015                    /home/jam/.grails/ivy-cache/commons-validator/commons-validator/jars/commons-validator-1.3.1.jar
7f0e0c77d000-7f0e0c780000 r--s 00019000 08:02 4722013                    /home/jam/.grails/ivy-cache/commons-el/commons-el/jars/commons-el-1.0.jar
7f0e0c780000-7f0e0c785000 r--s 00034000 08:02 4722011                    /home/jam/.grails/ivy-cache/commons-beanutils/commons-beanutils/jars/commons-beanutils-1.8.3.jar
7f0e0c785000-7f0e0c7e3000 r--s 00592000 08:02 4722009                    /home/jam/.grails/ivy-cache/org.codehaus.groovy/groovy-all/jars/groovy-all-1.8.8.jar
7f0e0c7e3000-7f0e0c7e5000 r--s 0000d000 08:02 5508471                    /home/jam/.grails/ivy-cache/org.grails/grails-plugin-tomcat/jars/grails-plugin-tomcat-2.1.1.jar
7f0e0c7e5000-7f0e0c7f5000 r--s 0019c000 08:02 5508469                    /home/jam/.grails/ivy-cache/org.eclipse.jdt.core.compiler/ecj/jars/ecj-3.7.2.jar
7f0e0c7f5000-7f0e0c7f7000 r--s 00008000 08:02 5508467                    /home/jam/.grails/ivy-cache/org.apache.tomcat.embed/tomcat-embed-logging-juli/jars/tomcat-embed-logging-juli-7.0.30.jar
7f0e0c7f7000-7f0e0c7f9000 r--s 00013000 08:02 4721761                    /home/jam/.grails/ivy-cache/org.apache.tomcat.embed/tomcat-embed-logging-log4j/jars/tomcat-embed-logging-log4j-7.0.30.jar
7f0e0c7f9000-7f0e0c804000 r--s 000b6000 08:02 4721759                    /home/jam/.grails/ivy-cache/org.apache.tomcat.embed/tomcat-embed-jasper/jars/tomcat-embed-jasper-7.0.30.jar
7f0e0c804000-7f0e0c826000 r--s 00254000 08:02 4721757                    /home/jam/.grails/ivy-cache/org.apache.tomcat.embed/tomcat-embed-core/jars/tomcat-embed-core-7.0.30.jar
7f0e0c826000-7f0e0c828000 r--s 0000c000 08:02 5508465                    /home/jam/.grails/ivy-cache/org.apache.tomcat/tomcat-catalina-ant/jars/tomcat-catalina-ant-7.0.30.jar
7f0e0c828000-7f0e0c829000 r--s 00001000 08:02 4721467                    /home/jam/.grails/ivy-cache/org.apache.ant/ant-trax/jars/ant-trax-1.7.1.jar
7f0e0c829000-7f0e0c82b000 r--s 00017000 08:02 4721465                    /home/jam/.grails/ivy-cache/org.apache.ant/ant-junit/jars/ant-junit-1.8.2.jar
7f0e0c82b000-7f0e0c82d000 r--s 00002000 08:02 4721463                    /home/jam/.grails/ivy-cache/org.apache.ant/ant-launcher/jars/ant-launcher-1.8.2.jar
7f0e0c82d000-7f0e0c84b000 r--s 001bb000 08:02 4721461                    /home/jam/.grails/ivy-cache/org.apache.ant/ant/jars/ant-1.8.2.jar
7f0e0c84b000-7f0e0c852000 r--s 00037000 08:02 4721459                    /home/jam/.grails/ivy-cache/junit/junit/jars/junit-4.10.jar
7f0e0c852000-7f0e0c855000 r--s 0000b000 08:02 4721456                    /home/jam/.grails/ivy-cache/com.googlecode.concurrentlinkedhashmap/concurrentlinkedhashmap-lru/jars/concurrentlinkedhashmap-lru-1.2_jdk5.jar
7f0e0c855000-7f0e0c85b000 r--s 00033000 08:02 4721454                    /home/jam/.grails/ivy-cache/org.springframework/spring-test/jars/spring-test-3.1.2.RELEASE.jar
7f0e0c85b000-7f0e0c85d000 r--s 00005000 08:02 4721452                    /home/jam/.grails/ivy-cache/org.slf4j/slf4j-api/jars/slf4j-api-1.6.2.jar
7f0e0c85d000-7f0e0c872000 r-xp 00000000 08:02 18747986                   /usr/lib/jvm/java-6-openjdk-amd64/jre/lib/amd64/libnet.so
7f0e0c872000-7f0e0ca71000 ---p 00015000 08:02 18747986                   /usr/lib/jvm/java-6-openjdk-amd64/jre/lib/amd64/libnet.so
7f0e0ca71000-7f0e0ca72000 r--p 00014000 08:02 18747986                   /usr/lib/jvm/java-6-openjdk-amd64/jre/lib/amd64/libnet.so
7f0e0ca72000-7f0e0ca73000 rw-p 00015000 08:02 18747986                   /usr/lib/jvm/java-6-openjdk-amd64/jre/lib/amd64/libnet.so
7f0e0ca73000-7f0e0ca76000 ---p 00000000 00:00 0 
7f0e0ca76000-7f0e0cb74000 rw-p 00000000 00:00 0 
7f0e0cb74000-7f0e0cb81000 r--s 000b7000 08:02 4721450                    /home/jam/.grails/ivy-cache/org.grails/grails-web/jars/grails-web-2.1.1.jar
7f0e0cb81000-7f0e0cb84000 r--s 00026000 08:02 4721448                    /home/jam/.grails/ivy-cache/org.grails/grails-resources/jars/grails-resources-2.1.1.jar
7f0e0cb84000-7f0e0cb92000 r--s 000b5000 08:02 4721446                    /home/jam/.grails/ivy-cache/org.grails/grails-core/jars/grails-core-2.1.1.jar
7f0e0cb92000-7f0e0cb9d000 r--s 000fe000 08:02 4721444                    /home/jam/.grails/ivy-cache/org.grails/grails-scripts/jars/grails-scripts-2.1.1.jar
7f0e0cb9d000-7f0e0cba6000 r--s 000a8000 08:02 4721442                    /home/jam/.grails/ivy-cache/org.grails/grails-bootstrap/jars/grails-bootstrap-2.1.1.jar
7f0e0cba6000-7f0e0cba9000 r--s 00044000 08:02 4721440                    /home/jam/.grails/ivy-cache/org.grails/grails-docs/jars/grails-docs-2.1.1.jar
7f0e0cba9000-7f0e0cbac000 r--s 00041000 08:02 4721438                    /home/jam/.grails/ivy-cache/xalan/serializer/jars/serializer-2.7.1.jar
7f0e0cbac000-7f0e0cbaf000 r--s 000cf000 08:02 4721436                    /home/jam/.grails/ivy-cache/net.java.dev.jna/jna/jars/jna-3.2.3.jar
7f0e0cbaf000-7f0e0cbb1000 r--s 00008000 08:02 4721434                    /home/jam/.grails/ivy-cache/org.fusesource.jansi/jansi/jars/jansi-1.2.1.jar
7f0e0cbb1000-7f0e0cbc0000 r--s 000d9000 08:02 4721424                    /home/jam/.grails/ivy-cache/org.apache.ivy/ivy/jars/ivy-2.2.0.jar
7f0e0cbc0000-7f0e0cbc2000 r--s 00015000 08:02 4721422                    /home/jam/.grails/ivy-cache/jline/jline/jars/jline-1.0.jar
7f0e0cbc2000-7f0e0cbe7000 r--s 00172000 08:02 4721397                    /home/jam/.grails/ivy-cache/org.bouncycastle/bcprov-jdk15/jars/bcprov-jdk15-1.45.jar
7f0e0cbe7000-7f0e0cbec000 r--s 00024000 08:02 4721394                    /home/jam/.grails/ivy-cache/org.bouncycastle/bcpg-jdk15/jars/bcpg-jdk15-1.45.jar
7f0e0cbec000-7f0e0cbed000 r--s 00003000 08:02 4721392                    /home/jam/.grails/ivy-cache/com.googlecode.json-simple/json-simple/jars/json-simple-1.1.jar
7f0e0cbed000-7f0e0cbf3000 r--s 00068000 08:02 4721389                    /home/jam/.grails/ivy-cache/com.google.protobuf/protobuf-java/jars/protobuf-java-2.4.1.jar
7f0e0cbf3000-7f0e0cbf6000 r--s 0001a000 08:02 4721386                    /home/jam/.grails/ivy-cache/org.springframework.uaa/org.springframework.uaa.client/bundles/org.springframework.uaa.client-1.0.1.RELEASE.jar
7f0e0cbf6000-7f0e0cc0b000 r-xp 00000000 08:02 8650805                    /tmp/jna2937412368956160130.tmp
7f0e0cc0b000-7f0e0cd0a000 ---p 00015000 08:02 8650805                    /tmp/jna2937412368956160130.tmp
7f0e0cd0a000-7f0e0cd0c000 rw-p 00014000 08:02 8650805                    /tmp/jna2937412368956160130.tmp
7f0e0cd0c000-7f0e0cd6c000 r--s 00d92000 08:02 18877160                   /usr/lib/jvm/java-6-openjdk-amd64/lib/tools.jar
7f0e0cd6c000-7f0e0cd71000 r--s 00050000 08:02 4587551                    /home/jam/Applications/grails-2.1.1/lib/org.codehaus.gant/gant_groovy1.8/jars/gant_groovy1.8-1.9.6.jar
7f0e0cd71000-7f0e0cd8f000 r--s 001bb000 08:02 15997849                   /home/jam/Applications/grails-2.1.1/lib/org.apache.ant/ant/jars/ant-1.8.2.jar
7f0e0cd8f000-7f0e0cd9e000 r--s 000d9000 08:02 3933556                    /home/jam/Applications/grails-2.1.1/lib/org.apache.ivy/ivy/jars/ivy-2.2.0.jar
7f0e0cd9e000-7f0e0cda0000 r--s 00009000 08:02 15730918                   /home/jam/Applications/grails-2.1.1/lib/commons-cli/commons-cli/jars/commons-cli-1.2.jar
7f0e0cda0000-7f0e0cda3000 r--s 000cf000 08:02 15997829                   /home/jam/Applications/grails-2.1.1/lib/net.java.dev.jna/jna/jars/jna-3.2.3.jar
7f0e0cda3000-7f0e0cda4000 ---p 00000000 00:00 0 
7f0e0cda4000-7f0e0cea4000 rw-p 00000000 00:00 0 
7f0e0cea4000-7f0e0cea7000 ---p 00000000 00:00 0 
7f0e0cea7000-7f0e0cfa5000 rw-p 00000000 00:00 0 
7f0e0cfa5000-7f0e0cfa8000 ---p 00000000 00:00 0 
7f0e0cfa8000-7f0e0d0a6000 rw-p 00000000 00:00 0 
7f0e0d0a6000-7f0e0d0a9000 ---p 00000000 00:00 0 
7f0e0d0a9000-7f0e0d1a7000 rw-p 00000000 00:00 0 
7f0e0d1a7000-7f0e0d205000 r--s 00592000 08:02 4587821                    /home/jam/Applications/grails-2.1.1/lib/org.codehaus.groovy/groovy-all/jars/groovy-all-1.8.8.jar
7f0e0d205000-7f0e0d208000 ---p 00000000 00:00 0 
7f0e0d208000-7f0e0d306000 rw-p 00000000 00:00 0 
7f0e0d306000-7f0e0dae1000 r--p 00000000 08:02 16128286                   /usr/lib/locale/locale-archive
7f0e0dae1000-7f0e0dae4000 ---p 00000000 00:00 0 
7f0e0dae4000-7f0e0dbe2000 rw-p 00000000 00:00 0 
7f0e0dbe2000-7f0e0dbe5000 ---p 00000000 00:00 0 
7f0e0dbe5000-7f0e0dce3000 rw-p 00000000 00:00 0 
7f0e0dce3000-7f0e0dce4000 ---p 00000000 00:00 0 
7f0e0dce4000-7f0e0e31c000 rw-p 00000000 00:00 0 
7f0e0e31c000-7f0e0e4ae000 r--s 037bf000 08:02 18616443                   /usr/lib/jvm/java-6-openjdk-amd64/jre/lib/rt.jar
7f0e0e4ae000-7f0e0e4d6000 rw-p 00000000 00:00 0 
7f0e0e4d6000-7f0e0e4d7000 ---p 00000000 00:00 0 
7f0e0e4d7000-7f0e0e5d7000 rw-p 00000000 00:00 0 
7f0e0e5d7000-7f0e0e5d8000 ---p 00000000 00:00 0 
7f0e0e5d8000-7f0e0e6d8000 rw-p 00000000 00:00 0 
7f0e0e6d8000-7f0e0e6d9000 ---p 00000000 00:00 0 
7f0e0e6d9000-7f0e0e7d9000 rw-p 00000000 00:00 0 
7f0e0e7d9000-7f0e0e7da000 ---p 00000000 00:00 0 
7f0e0e7da000-7f0e0eada000 rw-p 00000000 00:00 0 
7f0e0eada000-7f0e0ec5b000 rw-p 00000000 00:00 0 
7f0e0ec5b000-7f0e0ec62000 r-xp 00000000 08:02 18748006                   /usr/lib/jvm/java-6-openjdk-amd64/jre/lib/amd64/libzip.so
7f0e0ec62000-7f0e0ee61000 ---p 00007000 08:02 18748006                   /usr/lib/jvm/java-6-openjdk-amd64/jre/lib/amd64/libzip.so
7f0e0ee61000-7f0e0ee62000 r--p 00006000 08:02 18748006                   /usr/lib/jvm/java-6-openjdk-amd64/jre/lib/amd64/libzip.so
7f0e0ee62000-7f0e0ee63000 rw-p 00007000 08:02 18748006                   /usr/lib/jvm/java-6-openjdk-amd64/jre/lib/amd64/libzip.so
7f0e0ee63000-7f0e0ee6f000 r-xp 00000000 08:02 16256549                   /lib/x86_64-linux-gnu/libnss_files-2.15.so
7f0e0ee6f000-7f0e0f06e000 ---p 0000c000 08:02 16256549                   /lib/x86_64-linux-gnu/libnss_files-2.15.so
7f0e0f06e000-7f0e0f06f000 r--p 0000b000 08:02 16256549                   /lib/x86_64-linux-gnu/libnss_files-2.15.so
7f0e0f06f000-7f0e0f070000 rw-p 0000c000 08:02 16256549                   /lib/x86_64-linux-gnu/libnss_files-2.15.so
7f0e0f070000-7f0e0f07a000 r-xp 00000000 08:02 16256553                   /lib/x86_64-linux-gnu/libnss_nis-2.15.so
7f0e0f07a000-7f0e0f27a000 ---p 0000a000 08:02 16256553                   /lib/x86_64-linux-gnu/libnss_nis-2.15.so
7f0e0f27a000-7f0e0f27b000 r--p 0000a000 08:02 16256553                   /lib/x86_64-linux-gnu/libnss_nis-2.15.so
7f0e0f27b000-7f0e0f27c000 rw-p 0000b000 08:02 16256553                   /lib/x86_64-linux-gnu/libnss_nis-2.15.so
7f0e0f27c000-7f0e0f293000 r-xp 00000000 08:02 16256543                   /lib/x86_64-linux-gnu/libnsl-2.15.so
7f0e0f293000-7f0e0f492000 ---p 00017000 08:02 16256543                   /lib/x86_64-linux-gnu/libnsl-2.15.so
7f0e0f492000-7f0e0f493000 r--p 00016000 08:02 16256543                   /lib/x86_64-linux-gnu/libnsl-2.15.so
7f0e0f493000-7f0e0f494000 rw-p 00017000 08:02 16256543                   /lib/x86_64-linux-gnu/libnsl-2.15.so
7f0e0f494000-7f0e0f496000 rw-p 00000000 00:00 0 
7f0e0f496000-7f0e0f49e000 r-xp 00000000 08:02 16256545                   /lib/x86_64-linux-gnu/libnss_compat-2.15.so
7f0e0f49e000-7f0e0f69d000 ---p 00008000 08:02 16256545                   /lib/x86_64-linux-gnu/libnss_compat-2.15.so
7f0e0f69d000-7f0e0f69e000 r--p 00007000 08:02 16256545                   /lib/x86_64-linux-gnu/libnss_compat-2.15.so
7f0e0f69e000-7f0e0f69f000 rw-p 00008000 08:02 16256545                   /lib/x86_64-linux-gnu/libnss_compat-2.15.so
7f0e0f69f000-7f0e0f6a8000 r-xp 00000000 08:02 18747976                   /usr/lib/jvm/java-6-openjdk-amd64/jre/lib/amd64/libinstrument.so
7f0e0f6a8000-7f0e0f8a8000 ---p 00009000 08:02 18747976                   /usr/lib/jvm/java-6-openjdk-amd64/jre/lib/amd64/libinstrument.so
7f0e0f8a8000-7f0e0f8a9000 r--p 00009000 08:02 18747976                   /usr/lib/jvm/java-6-openjdk-amd64/jre/lib/amd64/libinstrument.so
7f0e0f8a9000-7f0e0f8aa000 rw-p 0000a000 08:02 18747976                   /usr/lib/jvm/java-6-openjdk-amd64/jre/lib/amd64/libinstrument.so
7f0e0f8aa000-7f0e0f8d6000 r-xp 00000000 08:02 18747994                   /usr/lib/jvm/java-6-openjdk-amd64/jre/lib/amd64/libjava.so
7f0e0f8d6000-7f0e0fad5000 ---p 0002c000 08:02 18747994                   /usr/lib/jvm/java-6-openjdk-amd64/jre/lib/amd64/libjava.so
7f0e0fad5000-7f0e0fad6000 r--p 0002b000 08:02 18747994                   /usr/lib/jvm/java-6-openjdk-amd64/jre/lib/amd64/libjava.so
7f0e0fad6000-7f0e0fad9000 rw-p 0002c000 08:02 18747994                   /usr/lib/jvm/java-6-openjdk-amd64/jre/lib/amd64/libjava.so
7f0e0fad9000-7f0e0fae7000 r-xp 00000000 08:02 18747993                   /usr/lib/jvm/java-6-openjdk-amd64/jre/lib/amd64/libverify.so
7f0e0fae7000-7f0e0fce6000 ---p 0000e000 08:02 18747993                   /usr/lib/jvm/java-6-openjdk-amd64/jre/lib/amd64/libverify.so
7f0e0fce6000-7f0e0fce8000 r--p 0000d000 08:02 18747993                   /usr/lib/jvm/java-6-openjdk-amd64/jre/lib/amd64/libverify.so
7f0e0fce8000-7f0e0fce9000 rw-p 0000f000 08:02 18747993                   /usr/lib/jvm/java-6-openjdk-amd64/jre/lib/amd64/libverify.so
7f0e0fce9000-7f0e0fcf0000 r-xp 00000000 08:02 16256584                   /lib/x86_64-linux-gnu/librt-2.15.so
7f0e0fcf0000-7f0e0feef000 ---p 00007000 08:02 16256584                   /lib/x86_64-linux-gnu/librt-2.15.so
7f0e0feef000-7f0e0fef0000 r--p 00006000 08:02 16256584                   /lib/x86_64-linux-gnu/librt-2.15.so
7f0e0fef0000-7f0e0fef1000 rw-p 00007000 08:02 16256584                   /lib/x86_64-linux-gnu/librt-2.15.so
7f0e0fef1000-7f0e0ff06000 r-xp 00000000 08:02 16256519                   /lib/x86_64-linux-gnu/libgcc_s.so.1
7f0e0ff06000-7f0e10105000 ---p 00015000 08:02 16256519                   /lib/x86_64-linux-gnu/libgcc_s.so.1
7f0e10105000-7f0e10106000 r--p 00014000 08:02 16256519                   /lib/x86_64-linux-gnu/libgcc_s.so.1
7f0e10106000-7f0e10107000 rw-p 00015000 08:02 16256519                   /lib/x86_64-linux-gnu/libgcc_s.so.1
7f0e10107000-7f0e10200000 r-xp 00000000 08:02 16256530                   /lib/x86_64-linux-gnu/libm-2.15.so
7f0e10200000-7f0e103ff000 ---p 000f9000 08:02 16256530                   /lib/x86_64-linux-gnu/libm-2.15.so
7f0e103ff000-7f0e10400000 r--p 000f8000 08:02 16256530                   /lib/x86_64-linux-gnu/libm-2.15.so
7f0e10400000-7f0e10401000 rw-p 000f9000 08:02 16256530                   /lib/x86_64-linux-gnu/libm-2.15.so
7f0e10401000-7f0e104e3000 r-xp 00000000 08:02 16129397                   /usr/lib/x86_64-linux-gnu/libstdc++.so.6.0.16
7f0e104e3000-7f0e106e2000 ---p 000e2000 08:02 16129397                   /usr/lib/x86_64-linux-gnu/libstdc++.so.6.0.16
7f0e106e2000-7f0e106ea000 r--p 000e1000 08:02 16129397                   /usr/lib/x86_64-linux-gnu/libstdc++.so.6.0.16
7f0e106ea000-7f0e106ec000 rw-p 000e9000 08:02 16129397                   /usr/lib/x86_64-linux-gnu/libstdc++.so.6.0.16
7f0e106ec000-7f0e10701000 rw-p 00000000 00:00 0 
7f0e10701000-7f0e11005000 r-xp 00000000 08:02 18877146                   /usr/lib/jvm/java-6-openjdk-amd64/jre/lib/amd64/server/libjvm.so
7f0e11005000-7f0e11205000 ---p 00904000 08:02 18877146                   /usr/lib/jvm/java-6-openjdk-amd64/jre/lib/amd64/server/libjvm.so
7f0e11205000-7f0e11285000 r--p 00904000 08:02 18877146                   /usr/lib/jvm/java-6-openjdk-amd64/jre/lib/amd64/server/libjvm.so
7f0e11285000-7f0e112a0000 rw-p 00984000 08:02 18877146                   /usr/lib/jvm/java-6-openjdk-amd64/jre/lib/amd64/server/libjvm.so
7f0e112a0000-7f0e112c9000 rw-p 00000000 00:00 0 
7f0e112c9000-7f0e112df000 r-xp 00000000 08:02 16256609                   /lib/x86_64-linux-gnu/libz.so.1.2.3.4
7f0e112df000-7f0e114de000 ---p 00016000 08:02 16256609                   /lib/x86_64-linux-gnu/libz.so.1.2.3.4
7f0e114de000-7f0e114df000 r--p 00015000 08:02 16256609                   /lib/x86_64-linux-gnu/libz.so.1.2.3.4
7f0e114df000-7f0e114e0000 rw-p 00016000 08:02 16256609                   /lib/x86_64-linux-gnu/libz.so.1.2.3.4
7f0e114e0000-7f0e11693000 r-xp 00000000 08:02 16256498                   /lib/x86_64-linux-gnu/libc-2.15.so
7f0e11693000-7f0e11892000 ---p 001b3000 08:02 16256498                   /lib/x86_64-linux-gnu/libc-2.15.so
7f0e11892000-7f0e11896000 r--p 001b2000 08:02 16256498                   /lib/x86_64-linux-gnu/libc-2.15.so
7f0e11896000-7f0e11898000 rw-p 001b6000 08:02 16256498                   /lib/x86_64-linux-gnu/libc-2.15.so
7f0e11898000-7f0e1189d000 rw-p 00000000 00:00 0 
7f0e1189d000-7f0e1189f000 r-xp 00000000 08:02 16256511                   /lib/x86_64-linux-gnu/libdl-2.15.so
7f0e1189f000-7f0e11a9f000 ---p 00002000 08:02 16256511                   /lib/x86_64-linux-gnu/libdl-2.15.so
7f0e11a9f000-7f0e11aa0000 r--p 00002000 08:02 16256511                   /lib/x86_64-linux-gnu/libdl-2.15.so
7f0e11aa0000-7f0e11aa1000 rw-p 00003000 08:02 16256511                   /lib/x86_64-linux-gnu/libdl-2.15.so
7f0e11aa1000-7f0e11aa5000 r-xp 00000000 08:02 18747978                   /usr/lib/jvm/java-6-openjdk-amd64/jre/lib/amd64/jli/libjli.so
7f0e11aa5000-7f0e11ca4000 ---p 00004000 08:02 18747978                   /usr/lib/jvm/java-6-openjdk-amd64/jre/lib/amd64/jli/libjli.so
7f0e11ca4000-7f0e11ca5000 r--p 00003000 08:02 18747978                   /usr/lib/jvm/java-6-openjdk-amd64/jre/lib/amd64/jli/libjli.so
7f0e11ca5000-7f0e11ca6000 rw-p 00004000 08:02 18747978                   /usr/lib/jvm/java-6-openjdk-amd64/jre/lib/amd64/jli/libjli.so
7f0e11ca6000-7f0e11cbe000 r-xp 00000000 08:02 16256578                   /lib/x86_64-linux-gnu/libpthread-2.15.so
7f0e11cbe000-7f0e11ebd000 ---p 00018000 08:02 16256578                   /lib/x86_64-linux-gnu/libpthread-2.15.so
7f0e11ebd000-7f0e11ebe000 r--p 00017000 08:02 16256578                   /lib/x86_64-linux-gnu/libpthread-2.15.so
7f0e11ebe000-7f0e11ebf000 rw-p 00018000 08:02 16256578                   /lib/x86_64-linux-gnu/libpthread-2.15.so
7f0e11ebf000-7f0e11ec3000 rw-p 00000000 00:00 0 
7f0e11ec3000-7f0e11ee5000 r-xp 00000000 08:02 16256478                   /lib/x86_64-linux-gnu/ld-2.15.so
7f0e11ee6000-7f0e11eed000 r--s 000fb000 08:02 18489889                   /usr/lib/jvm/java-6-openjdk-common/jre/lib/resources.jar
7f0e11eed000-7f0e11ef4000 r--s 00067000 08:02 15730908                   /home/jam/Applications/grails-2.1.1/lib/com.springsource.springloaded/springloaded-core/jars/springloaded-core-1.0.6.jar
7f0e11ef4000-7f0e11efd000 r--s 000a8000 08:02 15731003                   /home/jam/Applications/grails-2.1.1/dist/grails-bootstrap-2.1.1.jar
7f0e11efd000-7f0e11f27000 rw-p 00000000 00:00 0 
7f0e11f27000-7f0e11fbd000 rw-p 00000000 00:00 0 
7f0e11fbd000-7f0e11fc0000 ---p 00000000 00:00 0 
7f0e11fc0000-7f0e120c3000 rw-p 00000000 00:00 0 
7f0e120c3000-7f0e120c5000 r--s 00008000 08:02 4587896                    /home/jam/Applications/grails-2.1.1/lib/org.fusesource.jansi/jansi/jars/jansi-1.2.1.jar
7f0e120c5000-7f0e120c7000 r--s 00015000 08:02 15862296                   /home/jam/Applications/grails-2.1.1/lib/jline/jline/jars/jline-1.0.jar
7f0e120c7000-7f0e120ca000 r--s 0007d000 08:02 18489867                   /usr/lib/jvm/java-6-openjdk-common/jre/lib/jsse.jar
7f0e120ca000-7f0e120ce000 r--s 00038000 08:02 18489882                   /usr/lib/jvm/java-6-openjdk-common/jre/lib/ext/sunpkcs11.jar
7f0e120ce000-7f0e120d1000 r--s 00031000 08:02 18489884                   /usr/lib/jvm/java-6-openjdk-common/jre/lib/ext/sunjce_provider.jar
7f0e120d1000-7f0e120d2000 r--s 00007000 08:02 16651090                   /usr/share/java/java-atk-wrapper.jar
7f0e120d2000-7f0e120d5000 r--s 00077000 08:02 18489883                   /usr/lib/jvm/java-6-openjdk-common/jre/lib/ext/localedata.jar
7f0e120d5000-7f0e120d7000 r--s 00001000 08:02 18489885                   /usr/lib/jvm/java-6-openjdk-common/jre/lib/ext/dnsns.jar
7f0e120d7000-7f0e120d9000 r--s 0000f000 08:02 18489886                   /usr/lib/jvm/java-6-openjdk-common/jre/lib/ext/pulse-java.jar
7f0e120d9000-7f0e120e1000 rw-s 00000000 08:02 8650804                    /tmp/hsperfdata_jam/3330
7f0e120e1000-7f0e120e2000 rw-p 00000000 00:00 0 
7f0e120e2000-7f0e120e3000 r--p 00000000 00:00 0 
7f0e120e3000-7f0e120e5000 rw-p 00000000 00:00 0 
7f0e120e5000-7f0e120e6000 r--p 00022000 08:02 16256478                   /lib/x86_64-linux-gnu/ld-2.15.so
7f0e120e6000-7f0e120e8000 rw-p 00023000 08:02 16256478                   /lib/x86_64-linux-gnu/ld-2.15.so
7fff74774000-7fff74795000 rw-p 00000000 00:00 0                          [stack]
7fff747e0000-7fff747e1000 r-xp 00000000 00:00 0                          [vdso]
ffffffffff600000-ffffffffff601000 r-xp 00000000 00:00 0                  [vsyscall]

VM Arguments:
jvm_args: -Xmx768M -Xms768M -XX:PermSize=256m -XX:MaxPermSize=256m -Dfile.encoding=UTF-8 -Dserver.port=8080 -Djline.WindowsTerminal.directConsole=false -javaagent:/home/jam/Applications/grails-2.1.1/lib/com.springsource.springloaded/springloaded-core/jars/springloaded-core-1.0.6.jar -Xverify:none -Dspringloaded=profile=grails;cacheDir=/home/jam/.grails/2.1.1/ -Dgrails.home=/home/jam/Applications/grails-2.1.1 -Dtools.jar=/usr/lib/jvm/default-java/lib/tools.jar 
java_command: org.codehaus.groovy.grails.cli.support.GrailsStarter --main org.codehaus.groovy.grails.cli.GrailsScriptRunner --conf /home/jam/Applications/grails-2.1.1/conf/groovy-starter.conf --classpath   run-app
Launcher Type: SUN_STANDARD

Environment Variables:
JAVA_HOME=/usr/lib/jvm/default-java
PATH=/usr/lib/lightdm/lightdm:/usr/local/sbin:/usr/local/bin:/usr/sbin:/usr/bin:/sbin:/bin:/usr/games
LD_LIBRARY_PATH=/usr/lib/jvm/java-6-openjdk-amd64/jre/lib/amd64/server:/usr/lib/jvm/java-6-openjdk-amd64/jre/lib/amd64:/usr/lib/jvm/java-6-openjdk-amd64/jre/../lib/amd64
SHELL=/bin/bash
DISPLAY=:0.0

Signal Handlers:
SIGSEGV: [libjvm.so+0x784310], sa_mask[0]=0x7ffbfeff, sa_flags=0x10000004
SIGBUS: [libjvm.so+0x784310], sa_mask[0]=0x7ffbfeff, sa_flags=0x10000004
SIGFPE: [libjvm.so+0x648580], sa_mask[0]=0x7ffbfeff, sa_flags=0x10000004
SIGPIPE: SIG_IGN, sa_mask[0]=0x00000000, sa_flags=0x00000000
SIGXFSZ: [libjvm.so+0x648580], sa_mask[0]=0x7ffbfeff, sa_flags=0x10000004
SIGILL: [libjvm.so+0x648580], sa_mask[0]=0x7ffbfeff, sa_flags=0x10000004
SIGUSR1: SIG_DFL, sa_mask[0]=0x00000000, sa_flags=0x00000000
SIGUSR2: [libjvm.so+0x648730], sa_mask[0]=0x00000004, sa_flags=0x10000004
SIGHUP: [libjvm.so+0x64b250], sa_mask[0]=0x7ffbfeff, sa_flags=0x10000004
SIGINT: SIG_IGN, sa_mask[0]=0x00000000, sa_flags=0x00000000
SIGTERM: [libjvm.so+0x64b250], sa_mask[0]=0x7ffbfeff, sa_flags=0x10000004
SIGQUIT: [libjvm.so+0x64b250], sa_mask[0]=0x7ffbfeff, sa_flags=0x10000004


---------------  S Y S T E M  ---------------

OS:Ubuntu 12.04 (precise)
uname:Linux 3.2.0-30-generic #48-Ubuntu SMP Fri Aug 24 16:52:48 UTC 2012 x86_64
libc:glibc 2.15 NPTL 2.15 
rlimit: STACK 8192k, CORE 0k, NPROC 59519, NOFILE 4096, AS infinity
load average:3.36 1.94 0.87

/proc/meminfo:
MemTotal:        7636272 kB
MemFree:         4326120 kB
Buffers:          154868 kB
Cached:           786708 kB
SwapCached:            0 kB
Active:          2327280 kB
Inactive:         587584 kB
Active(anon):    1974100 kB
Inactive(anon):     6316 kB
Active(file):     353180 kB
Inactive(file):   581268 kB
Unevictable:          44 kB
Mlocked:              44 kB
SwapTotal:       7837776 kB
SwapFree:        7837776 kB
Dirty:               736 kB
Writeback:             0 kB
AnonPages:       1973580 kB
Mapped:           215972 kB
Shmem:              7104 kB
Slab:              81088 kB
SReclaimable:      53428 kB
SUnreclaim:        27660 kB
KernelStack:        3496 kB
PageTables:        31888 kB
NFS_Unstable:          0 kB
Bounce:                0 kB
WritebackTmp:          0 kB
CommitLimit:    11655912 kB
Committed_AS:    4146124 kB
VmallocTotal:   34359738367 kB
VmallocUsed:      135720 kB
VmallocChunk:   34359600528 kB
HardwareCorrupted:     0 kB
AnonHugePages:         0 kB
HugePages_Total:       0
HugePages_Free:        0
HugePages_Rsvd:        0
HugePages_Surp:        0
Hugepagesize:       2048 kB
DirectMap4k:      178176 kB
DirectMap2M:     3473408 kB
DirectMap1G:     4194304 kB


CPU:total 4 (4 cores per cpu, 1 threads per core) family 18 model 1 stepping 0, cmov, cx8, fxsr, mmx, sse, sse2, sse3, popcnt, mmxext, 3dnowpref, lzcnt, sse4a

Memory: 4k page, physical 7636272k(4326120k free), swap 7837776k(7837776k free)

vm_info: OpenJDK 64-Bit Server VM (20.0-b12) for linux-amd64 JRE (1.6.0_24-b24), built on Sep  2 2012 19:50:47 by "buildd" with gcc 4.6.3

time: Fri Sep 14 23:13:43 2012
elapsed time: 91 seconds

