#
# A fatal error has been detected by the Java Runtime Environment:
#
#  SIGSEGV (0xb) at pc=0x00007f4645060708, pid=6415, tid=139938908673792
#
# JRE version: 6.0_24-b24
# Java VM: OpenJDK 64-Bit Server VM (20.0-b12 mixed mode linux-amd64 compressed oops)
# Derivative: IcedTea6 1.11.4
# Distribution: Ubuntu 12.04 LTS, package 6b24-1.11.4-1ubuntu0.12.04.1
# Problematic frame:
# v  ~BufferBlob::vtable chunks
#
# If you would like to submit a bug report, please include
# instructions how to reproduce the bug and visit:
#   https://bugs.launchpad.net/ubuntu/+source/openjdk-6/
#

---------------  T H R E A D  ---------------

Current thread (0x00007f45dc002800):  JavaThread "localhost-startStop-1" daemon [_thread_in_Java, id=6465, stack(0x00007f4610e11000,0x00007f4610f12000)]

siginfo:si_signo=SIGSEGV: si_errno=0, si_code=1 (SEGV_MAPERR), si_addr=0x00000000006f007a

Registers:
RAX=0x00000000c078d9b0, RBX=0x00000000f3263ba8, RCX=0x0000000000000000, RDX=0x00000000f36756c0
RSP=0x00007f4610f09f28, RBP=0x00000000f3263ba8, RSI=0x00000000006f0072, RDI=0x00007f46201a5b20
R8 =0x0000000000000000, R9 =0x00000000c00254e8, R10=0x00000000006f0072, R11=0x00000000f3263ba8
R12=0x0000000000000000, R13=0x00007f46456f1774, R14=0x00007f4610f09f28, R15=0x00007f45dc002800
RIP=0x00007f4645060708, EFLAGS=0x0000000000010256, CSGSFS=0x0000000000000033, ERR=0x0000000000000004
  TRAPNO=0x000000000000000e

Top of Stack: (sp=0x00007f4610f09f28)
0x00007f4610f09f28:   00007f46456f2044 f3263ba800000000
0x00007f4610f09f38:   00000000f36756c0 00000000f3675828
0x00007f4610f09f48:   00000000f3675848 0000000000000000
0x00007f4610f09f58:   000000000067004c 00000000c00254e8
0x00007f4610f09f68:   00000000f3263ba8 00000000f36fbe30
0x00007f4610f09f78:   00007f4610f09fa0 00007f46f3675860
0x00007f4610f09f88:   00007f46450059b3 00000000c01dd908
0x00007f4610f09f98:   00007f464500df5b 00007f4610f0a008
0x00007f4610f09fa8:   00007f4645005d34 00007f4645005d34
0x00007f4610f09fb8:   00000000f3663bd0 00000000f36756c0
0x00007f4610f09fc8:   00007f4610f09fc8 00000000c0793dda
0x00007f4610f09fd8:   00007f4610f0a020 00000000c0794198
0x00007f4610f09fe8:   0000000000000000 00000000c0793e00
0x00007f4610f09ff8:   00007f4610f09fb8 00007f4610f0a030
0x00007f4610f0a008:   00000000f36635c0 00007f46456f2044
0x00007f4610f0a018:   00000000f36756c0 00000000f3663bd0
0x00007f4610f0a028:   00007f46456f2044 f3663be000000000
0x00007f4610f0a038:   00000000f36756c0 00000000f36756d8
0x00007f4610f0a048:   00000000f36756f8 0000000000000000
0x00007f4610f0a058:   0000001500000001 00000000c01dd908
0x00007f4610f0a068:   00000000f3663be0 00000000f3675810
0x00007f4610f0a078:   00007f4645187fc4 00000000f3675748
0x00007f4610f0a088:   00000000f3675588 00007f4610f0a0f0
0x00007f4610f0a098:   00000000f36756a0 00007f4610f0a108
0x00007f4610f0a0a8:   00007f4645005d34 00007f4645005d34
0x00007f4610f0a0b8:   00000000f3663c10 00000000f36756c0
0x00007f4610f0a0c8:   00007f4610f0a0c8 00000000c0793dda
0x00007f4610f0a0d8:   00007f4610f0a120 00000000c0794198
0x00007f4610f0a0e8:   0000000000000000 00000000c0793e00
0x00007f4610f0a0f8:   00007f4610f0a0b8 00007f4610f0a130
0x00007f4610f0a108:   00000000f36635c0 00007f46455edf6c
0x00007f4610f0a118:   00000000f36756c0 00000000f3663c10 

Instructions: (pc=0x00007f4645060708)
0x00007f46450606e8:   00 00 00 00 00 00 00 00 00 00 00 00 00 00 00 00
0x00007f46450606f8:   00 00 00 00 00 00 00 00 00 00 3b 00 00 00 00 00
0x00007f4645060708:   44 8b 56 08 45 8b 9a a0 01 00 00 4f 8d 9c da 20
0x00007f4645060718:   02 00 00 4d 8d 12 49 8b 1b 48 3b c3 74 15 48 85 

Register to memory mapping:

RAX=0x00000000c078d9b0 is an oop
{instance class} 
 - klass: {other class}
RBX=0x00000000f3263ba8 is an unknown value
RCX=0x0000000000000000 is an unknown value
RDX=0x00000000f36756c0 is an oop
sun.reflect.generics.visitor.Reifier 
 - klass: 'sun/reflect/generics/visitor/Reifier'
RSP=0x00007f4610f09f28 is pointing into the stack for thread: 0x00007f45dc002800
RBP=0x00000000f3263ba8 is an unknown value
RSI=0x00000000006f0072 is an unknown value
RDI=0x00007f46201a5b20 is an unknown value
R8 =0x0000000000000000 is an unknown value
R9 =0x00000000c00254e8 is an oop
java.lang.Class 
 - klass: 'java/lang/Class'
R10=0x00000000006f0072 is an unknown value
R11=0x00000000f3263ba8 is an unknown value
R12=0x0000000000000000 is an unknown value
R13=0x00007f46456f1050 [CodeBlob (0x00007f46456f1050)]
Framesize: 16
R14=0x00007f4610f09f28 is pointing into the stack for thread: 0x00007f45dc002800
R15=0x00007f45dc002800 is a thread


Stack: [0x00007f4610e11000,0x00007f4610f12000],  sp=0x00007f4610f09f28,  free space=995k
Native frames: (J=compiled Java code, j=interpreted, Vv=VM code, C=native code)
v  ~BufferBlob::vtable chunks


---------------  P R O C E S S  ---------------

Java Threads: ( => current thread )
  0x00007f45c49fe800 JavaThread "DefaultPluginScheduler_QuartzSchedulerThread" [_thread_blocked, id=6484, stack(0x00007f4610104000,0x00007f4610205000)]
  0x00007f45c494d800 JavaThread "DefaultPluginScheduler_Worker-10" [_thread_blocked, id=6483, stack(0x00007f4610205000,0x00007f4610306000)]
  0x00007f45c460d800 JavaThread "DefaultPluginScheduler_Worker-9" [_thread_blocked, id=6482, stack(0x00007f4610306000,0x00007f4610407000)]
  0x00007f45c42c3800 JavaThread "DefaultPluginScheduler_Worker-8" [_thread_blocked, id=6481, stack(0x00007f4610407000,0x00007f4610508000)]
  0x00007f45c4852800 JavaThread "DefaultPluginScheduler_Worker-7" [_thread_blocked, id=6480, stack(0x00007f4610508000,0x00007f4610609000)]
  0x00007f45c48de000 JavaThread "DefaultPluginScheduler_Worker-6" [_thread_blocked, id=6479, stack(0x00007f4610609000,0x00007f461070a000)]
  0x00007f45c44c9000 JavaThread "DefaultPluginScheduler_Worker-5" [_thread_blocked, id=6478, stack(0x00007f461070a000,0x00007f461080b000)]
  0x00007f45c49ad000 JavaThread "DefaultPluginScheduler_Worker-4" [_thread_blocked, id=6477, stack(0x00007f461080b000,0x00007f461090c000)]
  0x00007f45c44e2800 JavaThread "DefaultPluginScheduler_Worker-3" [_thread_blocked, id=6476, stack(0x00007f461090c000,0x00007f4610a0d000)]
  0x00007f45c4625800 JavaThread "DefaultPluginScheduler_Worker-2" [_thread_blocked, id=6475, stack(0x00007f4610a0d000,0x00007f4610b0e000)]
  0x00007f45c4645000 JavaThread "DefaultPluginScheduler_Worker-1" [_thread_blocked, id=6474, stack(0x00007f4610b0e000,0x00007f4610c0f000)]
  0x00007f45c4389800 JavaThread "org.hibernate.cache.StandardQueryCache.data" daemon [_thread_blocked, id=6473, stack(0x00007f4610c0f000,0x00007f4610d10000)]
  0x00007f45c458c000 JavaThread "org.hibernate.cache.UpdateTimestampsCache.data" daemon [_thread_blocked, id=6472, stack(0x00007f4610d10000,0x00007f4610e11000)]
  0x00007f45c45f8800 JavaThread "net.sf.ehcache.CacheManager@27b92195" daemon [_thread_blocked, id=6470, stack(0x00007f4611e26000,0x00007f4611f27000)]
=>0x00007f45dc002800 JavaThread "localhost-startStop-1" daemon [_thread_in_Java, id=6465, stack(0x00007f4610e11000,0x00007f4610f12000)]
  0x00007f4648c52000 JavaThread "Tomcat-startStop-1" daemon [_thread_blocked, id=6464, stack(0x00007f461161e000,0x00007f461171f000)]
  0x00007f4648e22000 JavaThread "pool-4-thread-5" [_thread_blocked, id=6463, stack(0x00007f4611119000,0x00007f461121a000)]
  0x00007f46481f3000 JavaThread "pool-4-thread-4" [_thread_blocked, id=6462, stack(0x00007f461121a000,0x00007f461131b000)]
  0x00007f46482c9000 JavaThread "pool-4-thread-3" [_thread_blocked, id=6461, stack(0x00007f461131b000,0x00007f461141c000)]
  0x00007f4648c01800 JavaThread "pool-4-thread-2" [_thread_blocked, id=6460, stack(0x00007f461141c000,0x00007f461151d000)]
  0x00007f4648c00800 JavaThread "pool-4-thread-1" [_thread_blocked, id=6459, stack(0x00007f461151d000,0x00007f461161e000)]
  0x00007f4648c6e000 JavaThread "pool-3-thread-5" [_thread_blocked, id=6457, stack(0x00007f461171f000,0x00007f4611820000)]
  0x00007f4648754000 JavaThread "pool-3-thread-4" [_thread_blocked, id=6456, stack(0x00007f4611820000,0x00007f4611921000)]
  0x00007f46486bc800 JavaThread "pool-3-thread-3" [_thread_blocked, id=6455, stack(0x00007f4611921000,0x00007f4611a22000)]
  0x00007f46486df000 JavaThread "pool-3-thread-2" [_thread_blocked, id=6454, stack(0x00007f4611a22000,0x00007f4611b23000)]
  0x00007f4648781000 JavaThread "pool-3-thread-1" [_thread_blocked, id=6453, stack(0x00007f4611b23000,0x00007f4611c24000)]
  0x00007f46487aa000 JavaThread "FileSystemWatcher: files=#292 cl=java.net.URLClassLoader@7848fbc0" daemon [_thread_blocked, id=6452, stack(0x00007f4611c24000,0x00007f4611d25000)]
  0x00007f4648b37800 JavaThread "FileSystemWatcher: files=#14 cl=groovy.lang.GroovyClassLoader@3d949a87" daemon [_thread_blocked, id=6451, stack(0x00007f4611d25000,0x00007f4611e26000)]
  0x00007f4648e13000 JavaThread "pool-2-thread-1" [_thread_blocked, id=6449, stack(0x00007f461254e000,0x00007f461264f000)]
  0x00007f4648e1f000 JavaThread "Synchronizer (Spring UAA/1.0.1)" daemon [_thread_blocked, id=6448, stack(0x00007f461264f000,0x00007f4612750000)]
  0x00007f4648c9e000 JavaThread "Timer-0" daemon [_thread_blocked, id=6447, stack(0x00007f46440a5000,0x00007f46441a6000)]
  0x00007f46480e3800 JavaThread "Low Memory Detector" daemon [_thread_blocked, id=6439, stack(0x00007f4644522000,0x00007f4644623000)]
  0x00007f46480e9000 JavaThread "C2 CompilerThread1" daemon [_thread_in_native, id=6438, stack(0x00007f4644623000,0x00007f4644724000)]
  0x00007f46480ea800 JavaThread "C2 CompilerThread0" daemon [_thread_in_native, id=6437, stack(0x00007f4644724000,0x00007f4644825000)]
  0x00007f464808c000 JavaThread "Signal Dispatcher" daemon [_thread_blocked, id=6436, stack(0x00007f464c074000,0x00007f464c175000)]
  0x00007f4648079800 JavaThread "Finalizer" daemon [_thread_blocked, id=6435, stack(0x00007f464c175000,0x00007f464c276000)]
  0x00007f4648077800 JavaThread "Reference Handler" daemon [_thread_blocked, id=6434, stack(0x00007f464c276000,0x00007f464c377000)]
  0x00007f4648009800 JavaThread "main" [_thread_blocked, id=6428, stack(0x00007f4650651000,0x00007f4650752000)]

Other Threads:
  0x00007f4648071000 VMThread [stack: 0x00007f464c377000,0x00007f464c478000] [id=6433]
  0x00007f46480f5800 WatcherThread [stack: 0x00007f4644421000,0x00007f4644522000] [id=6440]

VM state:not at safepoint (normal execution)

VM Mutex/Monitor currently owned by a thread: None

Heap
 PSYoungGen      total 237824K, used 87474K [0x00000000f0000000, 0x0000000100000000, 0x0000000100000000)
  eden space 212160K, 38% used [0x00000000f0000000,0x00000000f50bbf70,0x00000000fcf30000)
  from space 25664K, 18% used [0x00000000fe6f0000,0x00000000feba0bd0,0x0000000100000000)
  to   space 24320K, 0% used [0x00000000fcf30000,0x00000000fcf30000,0x00000000fe6f0000)
 PSOldGen        total 524288K, used 150876K [0x00000000d0000000, 0x00000000f0000000, 0x00000000f0000000)
  object space 524288K, 28% used [0x00000000d0000000,0x00000000d93570d8,0x00000000f0000000)
 PSPermGen       total 262144K, used 90738K [0x00000000c0000000, 0x00000000d0000000, 0x00000000d0000000)
  object space 262144K, 34% used [0x00000000c0000000,0x00000000c589c8f0,0x00000000d0000000)

Code Cache  [0x00007f4645000000, 0x00007f4645780000, 0x00007f4648000000)
 total_blobs=2013 nmethods=1359 adapters=607 free_code_cache=43228224 largest_free_block=173120

Dynamic libraries:
00400000-00409000 r-xp 00000000 08:02 397963                             /usr/lib/jvm/java-6-openjdk-amd64/jre/bin/java
00608000-00609000 r--p 00008000 08:02 397963                             /usr/lib/jvm/java-6-openjdk-amd64/jre/bin/java
00609000-0060a000 rw-p 00009000 08:02 397963                             /usr/lib/jvm/java-6-openjdk-amd64/jre/bin/java
01adb000-01afc000 rw-p 00000000 00:00 0                                  [heap]
c0000000-100000000 rw-p 00000000 00:00 0 
7f45c0000000-7f45c0021000 rw-p 00000000 00:00 0 
7f45c0021000-7f45c4000000 ---p 00000000 00:00 0 
7f45c4000000-7f45c4f89000 rw-p 00000000 00:00 0 
7f45c4f89000-7f45c8000000 ---p 00000000 00:00 0 
7f45c8000000-7f45c8021000 rw-p 00000000 00:00 0 
7f45c8021000-7f45cc000000 ---p 00000000 00:00 0 
7f45cc000000-7f45cc021000 rw-p 00000000 00:00 0 
7f45cc021000-7f45d0000000 ---p 00000000 00:00 0 
7f45d0000000-7f45d0021000 rw-p 00000000 00:00 0 
7f45d0021000-7f45d4000000 ---p 00000000 00:00 0 
7f45d4000000-7f45d4021000 rw-p 00000000 00:00 0 
7f45d4021000-7f45d8000000 ---p 00000000 00:00 0 
7f45d8000000-7f45d8021000 rw-p 00000000 00:00 0 
7f45d8021000-7f45dc000000 ---p 00000000 00:00 0 
7f45dc000000-7f45dc021000 rw-p 00000000 00:00 0 
7f45dc021000-7f45e0000000 ---p 00000000 00:00 0 
7f45e0000000-7f45e0021000 rw-p 00000000 00:00 0 
7f45e0021000-7f45e4000000 ---p 00000000 00:00 0 
7f45e4000000-7f45e4021000 rw-p 00000000 00:00 0 
7f45e4021000-7f45e8000000 ---p 00000000 00:00 0 
7f45e8000000-7f45e8021000 rw-p 00000000 00:00 0 
7f45e8021000-7f45ec000000 ---p 00000000 00:00 0 
7f45ec000000-7f45ec027000 rw-p 00000000 00:00 0 
7f45ec027000-7f45f0000000 ---p 00000000 00:00 0 
7f45f0000000-7f45f0021000 rw-p 00000000 00:00 0 
7f45f0021000-7f45f4000000 ---p 00000000 00:00 0 
7f45f4000000-7f45f4021000 rw-p 00000000 00:00 0 
7f45f4021000-7f45f8000000 ---p 00000000 00:00 0 
7f45f8000000-7f45f807a000 rw-p 00000000 00:00 0 
7f45f807a000-7f45fc000000 ---p 00000000 00:00 0 
7f45fc000000-7f45fc021000 rw-p 00000000 00:00 0 
7f45fc021000-7f4600000000 ---p 00000000 00:00 0 
7f4600000000-7f4601966000 rw-p 00000000 00:00 0 
7f4601966000-7f4604000000 ---p 00000000 00:00 0 
7f4604000000-7f4604021000 rw-p 00000000 00:00 0 
7f4604021000-7f4608000000 ---p 00000000 00:00 0 
7f4608000000-7f4609eef000 rw-p 00000000 00:00 0 
7f4609eef000-7f460c000000 ---p 00000000 00:00 0 
7f460c000000-7f460c021000 rw-p 00000000 00:00 0 
7f460c021000-7f4610000000 ---p 00000000 00:00 0 
7f4610104000-7f4610107000 ---p 00000000 00:00 0 
7f4610107000-7f4610205000 rw-p 00000000 00:00 0 
7f4610205000-7f4610208000 ---p 00000000 00:00 0 
7f4610208000-7f4610306000 rw-p 00000000 00:00 0 
7f4610306000-7f4610309000 ---p 00000000 00:00 0 
7f4610309000-7f4610407000 rw-p 00000000 00:00 0 
7f4610407000-7f461040a000 ---p 00000000 00:00 0 
7f461040a000-7f4610508000 rw-p 00000000 00:00 0 
7f4610508000-7f461050b000 ---p 00000000 00:00 0 
7f461050b000-7f4610609000 rw-p 00000000 00:00 0 
7f4610609000-7f461060c000 ---p 00000000 00:00 0 
7f461060c000-7f461070a000 rw-p 00000000 00:00 0 
7f461070a000-7f461070d000 ---p 00000000 00:00 0 
7f461070d000-7f461080b000 rw-p 00000000 00:00 0 
7f461080b000-7f461080e000 ---p 00000000 00:00 0 
7f461080e000-7f461090c000 rw-p 00000000 00:00 0 
7f461090c000-7f461090f000 ---p 00000000 00:00 0 
7f461090f000-7f4610a0d000 rw-p 00000000 00:00 0 
7f4610a0d000-7f4610a10000 ---p 00000000 00:00 0 
7f4610a10000-7f4610b0e000 rw-p 00000000 00:00 0 
7f4610b0e000-7f4610b11000 ---p 00000000 00:00 0 
7f4610b11000-7f4610c0f000 rw-p 00000000 00:00 0 
7f4610c0f000-7f4610c12000 ---p 00000000 00:00 0 
7f4610c12000-7f4610d10000 rw-p 00000000 00:00 0 
7f4610d10000-7f4610d13000 ---p 00000000 00:00 0 
7f4610d13000-7f4610e11000 rw-p 00000000 00:00 0 
7f4610e11000-7f4610e14000 ---p 00000000 00:00 0 
7f4610e14000-7f4610f12000 rw-p 00000000 00:00 0 
7f4610f12000-7f4610f18000 r-xp 00000000 08:02 18747991                   /usr/lib/jvm/java-6-openjdk-amd64/jre/lib/amd64/libmanagement.so
7f4610f18000-7f4611117000 ---p 00006000 08:02 18747991                   /usr/lib/jvm/java-6-openjdk-amd64/jre/lib/amd64/libmanagement.so
7f4611117000-7f4611118000 r--p 00005000 08:02 18747991                   /usr/lib/jvm/java-6-openjdk-amd64/jre/lib/amd64/libmanagement.so
7f4611118000-7f4611119000 rw-p 00006000 08:02 18747991                   /usr/lib/jvm/java-6-openjdk-amd64/jre/lib/amd64/libmanagement.so
7f4611119000-7f461111c000 ---p 00000000 00:00 0 
7f461111c000-7f461121a000 rw-p 00000000 00:00 0 
7f461121a000-7f461121d000 ---p 00000000 00:00 0 
7f461121d000-7f461131b000 rw-p 00000000 00:00 0 
7f461131b000-7f461131e000 ---p 00000000 00:00 0 
7f461131e000-7f461141c000 rw-p 00000000 00:00 0 
7f461141c000-7f461141f000 ---p 00000000 00:00 0 
7f461141f000-7f461151d000 rw-p 00000000 00:00 0 
7f461151d000-7f4611520000 ---p 00000000 00:00 0 
7f4611520000-7f461161e000 rw-p 00000000 00:00 0 
7f461161e000-7f4611621000 ---p 00000000 00:00 0 
7f4611621000-7f461171f000 rw-p 00000000 00:00 0 
7f461171f000-7f4611722000 ---p 00000000 00:00 0 
7f4611722000-7f4611820000 rw-p 00000000 00:00 0 
7f4611820000-7f4611823000 ---p 00000000 00:00 0 
7f4611823000-7f4611921000 rw-p 00000000 00:00 0 
7f4611921000-7f4611924000 ---p 00000000 00:00 0 
7f4611924000-7f4611a22000 rw-p 00000000 00:00 0 
7f4611a22000-7f4611a25000 ---p 00000000 00:00 0 
7f4611a25000-7f4611b23000 rw-p 00000000 00:00 0 
7f4611b23000-7f4611b26000 ---p 00000000 00:00 0 
7f4611b26000-7f4611c24000 rw-p 00000000 00:00 0 
7f4611c24000-7f4611c27000 ---p 00000000 00:00 0 
7f4611c27000-7f4611d25000 rw-p 00000000 00:00 0 
7f4611d25000-7f4611d28000 ---p 00000000 00:00 0 
7f4611d28000-7f4611e26000 rw-p 00000000 00:00 0 
7f4611e26000-7f4611e29000 ---p 00000000 00:00 0 
7f4611e29000-7f4611f27000 rw-p 00000000 00:00 0 
7f4611f27000-7f4611f3f000 r-xp 00000000 08:02 16256582                   /lib/x86_64-linux-gnu/libresolv-2.15.so
7f4611f3f000-7f461213f000 ---p 00018000 08:02 16256582                   /lib/x86_64-linux-gnu/libresolv-2.15.so
7f461213f000-7f4612140000 r--p 00018000 08:02 16256582                   /lib/x86_64-linux-gnu/libresolv-2.15.so
7f4612140000-7f4612141000 rw-p 00019000 08:02 16256582                   /lib/x86_64-linux-gnu/libresolv-2.15.so
7f4612141000-7f4612143000 rw-p 00000000 00:00 0 
7f4612143000-7f461214a000 r-xp 00000000 08:02 16256547                   /lib/x86_64-linux-gnu/libnss_dns-2.15.so
7f461214a000-7f4612349000 ---p 00007000 08:02 16256547                   /lib/x86_64-linux-gnu/libnss_dns-2.15.so
7f4612349000-7f461234a000 r--p 00006000 08:02 16256547                   /lib/x86_64-linux-gnu/libnss_dns-2.15.so
7f461234a000-7f461234b000 rw-p 00007000 08:02 16256547                   /lib/x86_64-linux-gnu/libnss_dns-2.15.so
7f461234b000-7f461234d000 r-xp 00000000 08:02 16252982                   /lib/libnss_mdns4_minimal.so.2
7f461234d000-7f461254c000 ---p 00002000 08:02 16252982                   /lib/libnss_mdns4_minimal.so.2
7f461254c000-7f461254d000 r--p 00001000 08:02 16252982                   /lib/libnss_mdns4_minimal.so.2
7f461254d000-7f461254e000 rw-p 00002000 08:02 16252982                   /lib/libnss_mdns4_minimal.so.2
7f461254e000-7f4612551000 ---p 00000000 00:00 0 
7f4612551000-7f461264f000 rw-p 00000000 00:00 0 
7f461264f000-7f4612652000 ---p 00000000 00:00 0 
7f4612652000-7f4612750000 rw-p 00000000 00:00 0 
7f4612750000-7f46127ad000 r-xp 00000000 08:02 16651114                   /usr/lib/x86_64-linux-gnu/nss/libfreebl3.so
7f46127ad000-7f46129ac000 ---p 0005d000 08:02 16651114                   /usr/lib/x86_64-linux-gnu/nss/libfreebl3.so
7f46129ac000-7f46129ae000 r--p 0005c000 08:02 16651114                   /usr/lib/x86_64-linux-gnu/nss/libfreebl3.so
7f46129ae000-7f46129af000 rw-p 0005e000 08:02 16651114                   /usr/lib/x86_64-linux-gnu/nss/libfreebl3.so
7f46129af000-7f46129b3000 rw-p 00000000 00:00 0 
7f46129b3000-7f4612a51000 r-xp 00000000 08:02 16131587                   /usr/lib/x86_64-linux-gnu/libsqlite3.so.0.8.6
7f4612a51000-7f4612c51000 ---p 0009e000 08:02 16131587                   /usr/lib/x86_64-linux-gnu/libsqlite3.so.0.8.6
7f4612c51000-7f4612c53000 r--p 0009e000 08:02 16131587                   /usr/lib/x86_64-linux-gnu/libsqlite3.so.0.8.6
7f4612c53000-7f4612c55000 rw-p 000a0000 08:02 16131587                   /usr/lib/x86_64-linux-gnu/libsqlite3.so.0.8.6
7f4612c55000-7f4612c56000 rw-p 00000000 00:00 0 
7f4612c56000-7f4612c8f000 r-xp 00000000 08:02 16651117                   /usr/lib/x86_64-linux-gnu/nss/libsoftokn3.so
7f4612c8f000-7f4612e8e000 ---p 00039000 08:02 16651117                   /usr/lib/x86_64-linux-gnu/nss/libsoftokn3.so
7f4612e8e000-7f4612e90000 r--p 00038000 08:02 16651117                   /usr/lib/x86_64-linux-gnu/nss/libsoftokn3.so
7f4612e90000-7f4612e91000 rw-p 0003a000 08:02 16651117                   /usr/lib/x86_64-linux-gnu/nss/libsoftokn3.so
7f4612e91000-7f4612ecb000 r-xp 00000000 08:02 16127779                   /usr/lib/x86_64-linux-gnu/libnspr4.so
7f4612ecb000-7f46130ca000 ---p 0003a000 08:02 16127779                   /usr/lib/x86_64-linux-gnu/libnspr4.so
7f46130ca000-7f46130cb000 r--p 00039000 08:02 16127779                   /usr/lib/x86_64-linux-gnu/libnspr4.so
7f46130cb000-7f46130cd000 rw-p 0003a000 08:02 16127779                   /usr/lib/x86_64-linux-gnu/libnspr4.so
7f46130cd000-7f46130cf000 rw-p 00000000 00:00 0 
7f46130cf000-7f46130d2000 r-xp 00000000 08:02 16127775                   /usr/lib/x86_64-linux-gnu/libplds4.so
7f46130d2000-7f46132d1000 ---p 00003000 08:02 16127775                   /usr/lib/x86_64-linux-gnu/libplds4.so
7f46132d1000-7f46132d2000 r--p 00002000 08:02 16127775                   /usr/lib/x86_64-linux-gnu/libplds4.so
7f46132d2000-7f46132d3000 rw-p 00003000 08:02 16127775                   /usr/lib/x86_64-linux-gnu/libplds4.so
7f46132d3000-7f46132d7000 r-xp 00000000 08:02 16127777                   /usr/lib/x86_64-linux-gnu/libplc4.so
7f46132d7000-7f46134d6000 ---p 00004000 08:02 16127777                   /usr/lib/x86_64-linux-gnu/libplc4.so
7f46134d6000-7f46134d7000 r--p 00003000 08:02 16127777                   /usr/lib/x86_64-linux-gnu/libplc4.so
7f46134d7000-7f46134d8000 rw-p 00004000 08:02 16127777                   /usr/lib/x86_64-linux-gnu/libplc4.so
7f46134d8000-7f46134f4000 r-xp 00000000 08:02 16123808                   /usr/lib/x86_64-linux-gnu/libnssutil3.so
7f46134f4000-7f46136f4000 ---p 0001c000 08:02 16123808                   /usr/lib/x86_64-linux-gnu/libnssutil3.so
7f46136f4000-7f46136fa000 r--p 0001c000 08:02 16123808                   /usr/lib/x86_64-linux-gnu/libnssutil3.so
7f46136fa000-7f46136fb000 rw-p 00022000 08:02 16123808                   /usr/lib/x86_64-linux-gnu/libnssutil3.so
7f46136fb000-7f46137f9000 r-xp 00000000 08:02 16122488                   /usr/lib/x86_64-linux-gnu/libnss3.so
7f46137f9000-7f46139f8000 ---p 000fe000 08:02 16122488                   /usr/lib/x86_64-linux-gnu/libnss3.so
7f46139f8000-7f46139fd000 r--p 000fd000 08:02 16122488                   /usr/lib/x86_64-linux-gnu/libnss3.so
7f46139fd000-7f46139ff000 rw-p 00102000 08:02 16122488                   /usr/lib/x86_64-linux-gnu/libnss3.so
7f46139ff000-7f4613a01000 rw-p 00000000 00:00 0 
7f4613a13000-7f4613a21000 r--s 00351000 08:02 18489869                   /usr/lib/jvm/java-6-openjdk-common/jre/lib/charsets.jar
7f4613a21000-7f4613a2f000 r-xp 00000000 08:02 18747997                   /usr/lib/jvm/java-6-openjdk-amd64/jre/lib/amd64/libj2pkcs11.so
7f4613a2f000-7f4613c2f000 ---p 0000e000 08:02 18747997                   /usr/lib/jvm/java-6-openjdk-amd64/jre/lib/amd64/libj2pkcs11.so
7f4613c2f000-7f4613c30000 r--p 0000e000 08:02 18747997                   /usr/lib/jvm/java-6-openjdk-amd64/jre/lib/amd64/libj2pkcs11.so
7f4613c30000-7f4613c31000 rw-p 0000f000 08:02 18747997                   /usr/lib/jvm/java-6-openjdk-amd64/jre/lib/amd64/libj2pkcs11.so
7f4613c31000-7f4613c33000 r--s 00013000 08:02 18489868                   /usr/lib/jvm/java-6-openjdk-common/jre/lib/jce.jar
7f4613c38000-7f4613c46000 r--s 00351000 08:02 18489869                   /usr/lib/jvm/java-6-openjdk-common/jre/lib/charsets.jar
7f4613c46000-7f4613c4a000 r--s 0002f000 08:02 4722137                    /home/jam/.grails/ivy-cache/org.grails/grails-test/jars/grails-test-2.1.1.jar
7f4613c4a000-7f4613c50000 r--s 0006c000 08:02 4722135                    /home/jam/.grails/ivy-cache/org.grails/grails-plugin-testing/jars/grails-plugin-testing-2.1.1.jar
7f4613c50000-7f4613c51000 r--s 00002000 08:02 5636284                    /home/jam/.grails/ivy-cache/org.hibernate/hibernate-ehcache/jars/hibernate-ehcache-3.6.10.Final.jar
7f4613c51000-7f4613c56000 r--s 00048000 08:02 5636282                    /home/jam/.grails/ivy-cache/dom4j/dom4j/jars/dom4j-1.6.1.jar
7f4613c56000-7f4613c5b000 r--s 00068000 08:02 5636280                    /home/jam/.grails/ivy-cache/antlr/antlr/jars/antlr-2.7.7.jar
7f4613c5b000-7f4613c64000 r--s 00098000 08:02 5636278                    /home/jam/.grails/ivy-cache/org.javassist/javassist/jars/javassist-3.16.1-GA.jar
7f4613c64000-7f4613c67000 r--s 00009000 08:02 5636286                    /home/jam/.grails/ivy-cache/javax.validation/validation-api/jars/validation-api-1.0.0.GA.jar
7f4613c67000-7f4613c6e000 r--s 00040000 08:02 5636276                    /home/jam/.grails/ivy-cache/org.hibernate/hibernate-validator/jars/hibernate-validator-4.1.0.Final.jar
7f4613c6e000-7f4613c71000 r--s 0000f000 08:02 5636274                    /home/jam/.grails/ivy-cache/org.hibernate/hibernate-commons-annotations/jars/hibernate-commons-annotations-3.2.0.Final.jar
7f4613c71000-7f4613ca3000 r--s 002c9000 08:02 5636272                    /home/jam/.grails/ivy-cache/org.hibernate/hibernate-core/jars/hibernate-core-3.6.10.Final.jar
7f4613ca3000-7f4613cb4000 r--s 000d2000 08:02 5636617                    /home/jam/.grails/ivy-cache/org.liquibase/liquibase-core/jars/liquibase-core-2.0.5.jar
7f4613cb4000-7f4613cbd000 r--s 00080000 08:02 5767285                    /home/jam/.grails/ivy-cache/org.quartz-scheduler/quartz/jars/quartz-2.1.5.jar
7f4613cbd000-7f4613cc3000 r--s 0007e000 08:02 5637426                    /home/jam/.grails/ivy-cache/postgresql/postgresql/jars/postgresql-9.0-801.jdbc4.jar
7f4613cc3000-7f4613cca000 r--s 000bd000 08:02 4722926                    /home/jam/.grails/ivy-cache/mysql/mysql-connector-java/jars/mysql-connector-java-5.1.20.jar
7f4613cca000-7f4613ccc000 r--s 00003000 08:02 4722131                    /home/jam/.grails/ivy-cache/org.slf4j/jcl-over-slf4j/jars/jcl-over-slf4j-1.6.2.jar
7f4613ccc000-7f4613cd5000 r--s 0006d000 08:02 4722129                    /home/jam/.grails/ivy-cache/log4j/log4j/bundles/log4j-1.2.16.jar
7f4613cd5000-7f4613cea000 r--s 000e3000 08:02 4722127                    /home/jam/.grails/ivy-cache/net.sf.ehcache/ehcache-core/jars/ehcache-core-2.4.6.jar
7f4613cea000-7f4613cec000 r--s 00005000 08:02 4722125                    /home/jam/.grails/ivy-cache/xpp3/xpp3_min/jars/xpp3_min-1.1.4c.jar
7f4613cec000-7f4613cee000 r--s 00004000 08:02 4722123                    /home/jam/.grails/ivy-cache/javax.servlet/jstl/jars/jstl-1.1.2.jar
7f4613cee000-7f4613cf8000 r--s 0012c000 08:02 4722121                    /home/jam/.grails/ivy-cache/com.h2database/h2/jars/h2-1.3.164.jar
7f4613cf8000-7f4613cfb000 r--s 00016000 08:02 4722119                    /home/jam/.grails/ivy-cache/commons-pool/commons-pool/jars/commons-pool-1.5.6.jar
7f4613cfb000-7f4613cfe000 r--s 00025000 08:02 4722117                    /home/jam/.grails/ivy-cache/commons-dbcp/commons-dbcp/jars/commons-dbcp-1.4.jar
7f4613cfe000-7f4613d00000 r--s 0000e000 08:02 4722115                    /home/jam/.grails/ivy-cache/oro/oro/jars/oro-2.0.8.jar
7f4613d00000-7f4613d02000 r--s 0000d000 08:02 4722113                    /home/jam/.grails/ivy-cache/commons-fileupload/commons-fileupload/jars/commons-fileupload-1.2.2.jar
7f4613d02000-7f4613d03000 r--s 0000a000 08:02 4722111                    /home/jam/.grails/ivy-cache/asm/asm/jars/asm-3.1.jar
7f4613d03000-7f4613d0a000 r--s 0003e000 08:02 4722109                    /home/jam/.grails/ivy-cache/cglib/cglib/jars/cglib-2.2.jar
7f4613d0a000-7f4613d0e000 r--s 00019000 08:02 4722107                    /home/jam/.grails/ivy-cache/org.aspectj/aspectjrt/jars/aspectjrt-1.6.10.jar
7f4613d0e000-7f4613d24000 r--s 00184000 08:02 4722105                    /home/jam/.grails/ivy-cache/org.aspectj/aspectjweaver/jars/aspectjweaver-1.6.10.jar
7f4613d24000-7f4613d2b000 r--s 00056000 08:02 4722103                    /home/jam/.grails/ivy-cache/org.grails/grails-datastore-simple/jars/grails-datastore-simple-1.1.0.RELEASE.jar
7f4613d2b000-7f4613d34000 r--s 00044000 08:02 4722101                    /home/jam/.grails/ivy-cache/org.grails/grails-datastore-core/jars/grails-datastore-core-1.1.0.RELEASE.jar
7f4613d34000-7f4613d39000 r--s 0004c000 08:02 4722099                    /home/jam/.grails/ivy-cache/org.grails/grails-datastore-gorm/jars/grails-datastore-gorm-1.1.0.RELEASE.jar
7f4613d39000-7f4613d44000 r--s 00082000 08:02 4722097                    /home/jam/.grails/ivy-cache/org.springframework/spring-webmvc/jars/spring-webmvc-3.1.2.RELEASE.jar
7f4613d44000-7f4613d50000 r--s 0007a000 08:02 4722095                    /home/jam/.grails/ivy-cache/org.springframework/spring-web/jars/spring-web-3.1.2.RELEASE.jar
7f4613d50000-7f4613d57000 r--s 00035000 08:02 4722093                    /home/jam/.grails/ivy-cache/org.springframework/spring-tx/jars/spring-tx-3.1.2.RELEASE.jar
7f4613d57000-7f4613d60000 r--s 00054000 08:02 4722091                    /home/jam/.grails/ivy-cache/org.springframework/spring-orm/jars/spring-orm-3.1.2.RELEASE.jar
7f4613d60000-7f4613d65000 r--s 0002c000 08:02 4722089                    /home/jam/.grails/ivy-cache/org.springframework/spring-jms/jars/spring-jms-3.1.2.RELEASE.jar
7f4613d65000-7f4613d6f000 r--s 00059000 08:02 4722087                    /home/jam/.grails/ivy-cache/org.springframework/spring-jdbc/jars/spring-jdbc-3.1.2.RELEASE.jar
7f4613d6f000-7f4613d73000 r--s 00027000 08:02 4722085                    /home/jam/.grails/ivy-cache/org.springframework/spring-expression/jars/spring-expression-3.1.2.RELEASE.jar
7f4613d73000-7f4613d76000 r--s 00018000 08:02 4722083                    /home/jam/.grails/ivy-cache/org.springframework/spring-context-support/jars/spring-context-support-3.1.2.RELEASE.jar
7f4613d76000-7f4613d8b000 r--s 000b7000 08:02 4722081                    /home/jam/.grails/ivy-cache/org.springframework/spring-context/jars/spring-context-3.1.2.RELEASE.jar
7f4613d8b000-7f4613d97000 r--s 00085000 08:02 4722079                    /home/jam/.grails/ivy-cache/org.springframework/spring-beans/jars/spring-beans-3.1.2.RELEASE.jar
7f4613d97000-7f4613d98000 r--s 0000c000 08:02 4722077                    /home/jam/.grails/ivy-cache/org.springframework/spring-asm/jars/spring-asm-3.1.2.RELEASE.jar
7f4613d98000-7f4613d9a000 r--s 0000b000 08:02 4722075                    /home/jam/.grails/ivy-cache/org.springframework/spring-aspects/jars/spring-aspects-3.1.2.RELEASE.jar
7f4613d9a000-7f4613da3000 r--s 00049000 08:02 4722073                    /home/jam/.grails/ivy-cache/org.springframework/spring-aop/jars/spring-aop-3.1.2.RELEASE.jar
7f4613da3000-7f4613dad000 r--s 00064000 08:02 4722071                    /home/jam/.grails/ivy-cache/org.springframework/spring-core/jars/spring-core-3.1.2.RELEASE.jar
7f4613dad000-7f4613daf000 r--s 00008000 08:02 4722069                    /home/jam/.grails/ivy-cache/org.grails/grails-plugin-validation/jars/grails-plugin-validation-2.1.1.jar
7f4613daf000-7f4613db2000 r--s 0001c000 08:02 4722067                    /home/jam/.grails/ivy-cache/org.grails/grails-plugin-url-mappings/jars/grails-plugin-url-mappings-2.1.1.jar
7f4613db2000-7f4613db4000 r--s 0000f000 08:02 4722065                    /home/jam/.grails/ivy-cache/org.grails/grails-plugin-mimetypes/jars/grails-plugin-mimetypes-2.1.1.jar
7f4613db4000-7f4613db6000 r--s 00005000 08:02 4722063                    /home/jam/.grails/ivy-cache/org.grails/grails-plugin-servlets/jars/grails-plugin-servlets-2.1.1.jar
7f4613db6000-7f4613db7000 r--s 00008000 08:02 4722061                    /home/jam/.grails/ivy-cache/org.grails/grails-plugin-services/jars/grails-plugin-services-2.1.1.jar
7f4613db7000-7f4613db9000 r--s 00006000 08:02 4722059                    /home/jam/.grails/ivy-cache/org.grails/grails-plugin-scaffolding/jars/grails-plugin-scaffolding-2.1.1.jar
7f4613db9000-7f4613dbb000 r--s 0000e000 08:02 4722057                    /home/jam/.grails/ivy-cache/org.grails/grails-plugin-log4j/jars/grails-plugin-log4j-2.1.1.jar
7f4613dbb000-7f4613dbd000 r--s 00005000 08:02 4722055                    /home/jam/.grails/ivy-cache/org.grails/grails-plugin-i18n/jars/grails-plugin-i18n-2.1.1.jar
7f4613dbd000-7f4613dc4000 r--s 0006d000 08:02 4722053                    /home/jam/.grails/ivy-cache/org.grails/grails-plugin-gsp/jars/grails-plugin-gsp-2.1.1.jar
7f4613dc4000-7f4613dc6000 r--s 0000e000 08:02 4722051                    /home/jam/.grails/ivy-cache/org.grails/grails-plugin-filters/jars/grails-plugin-filters-2.1.1.jar
7f4613dc6000-7f4613dc8000 r--s 00009000 08:02 4722049                    /home/jam/.grails/ivy-cache/org.grails/grails-plugin-datasource/jars/grails-plugin-datasource-2.1.1.jar
7f4613dc8000-7f4613dcc000 r--s 00024000 08:02 4722047                    /home/jam/.grails/ivy-cache/org.grails/grails-plugin-converters/jars/grails-plugin-converters-2.1.1.jar
7f4613dcc000-7f4613dcf000 r--s 00019000 08:02 4722045                    /home/jam/.grails/ivy-cache/org.grails/grails-plugin-domain-class/jars/grails-plugin-domain-class-2.1.1.jar
7f4613dcf000-7f4613dd3000 r--s 00028000 08:02 4722043                    /home/jam/.grails/ivy-cache/org.grails/grails-plugin-controllers/jars/grails-plugin-controllers-2.1.1.jar
7f4613dd3000-7f4613dd5000 r--s 00015000 08:02 4722041                    /home/jam/.grails/ivy-cache/org.grails/grails-plugin-codecs/jars/grails-plugin-codecs-2.1.1.jar
7f4613dd5000-7f4613dd6000 r--s 00000000 08:02 4722039                    /home/jam/.grails/ivy-cache/org.grails/grails-logging/jars/grails-logging-2.1.1.jar
7f4613dd6000-7f4613dd8000 r--s 00009000 08:02 4722037                    /home/jam/.grails/ivy-cache/org.grails/grails-spring/jars/grails-spring-2.1.1.jar
7f4613dd8000-7f4613de2000 r--s 0008a000 08:02 4722035                    /home/jam/.grails/ivy-cache/org.grails/grails-hibernate/jars/grails-hibernate-2.1.1.jar
7f4613de2000-7f4613de4000 r--s 00009000 08:02 4722033                    /home/jam/.grails/ivy-cache/org.grails/grails-crud/jars/grails-crud-2.1.1.jar
7f4613de4000-7f4613dea000 r--s 00027000 08:02 4722031                    /home/jam/.grails/ivy-cache/opensymphony/sitemesh/jars/sitemesh-2.4.jar
7f4613dea000-7f4613dff000 r-xp 00000000 08:02 18747986                   /usr/lib/jvm/java-6-openjdk-amd64/jre/lib/amd64/libnet.so
7f4613dff000-7f4613ffe000 ---p 00015000 08:02 18747986                   /usr/lib/jvm/java-6-openjdk-amd64/jre/lib/amd64/libnet.so
7f4613ffe000-7f4613fff000 r--p 00014000 08:02 18747986                   /usr/lib/jvm/java-6-openjdk-amd64/jre/lib/amd64/libnet.so
7f4613fff000-7f4614000000 rw-p 00015000 08:02 18747986                   /usr/lib/jvm/java-6-openjdk-amd64/jre/lib/amd64/libnet.so
7f4614000000-7f4614021000 rw-p 00000000 00:00 0 
7f4614021000-7f4618000000 ---p 00000000 00:00 0 
7f4618000000-7f4618021000 rw-p 00000000 00:00 0 
7f4618021000-7f461c000000 ---p 00000000 00:00 0 
7f461c000000-7f461fffe000 rw-p 00000000 00:00 0 
7f461fffe000-7f4620000000 ---p 00000000 00:00 0 
7f4620000000-7f4623ffe000 rw-p 00000000 00:00 0 
7f4623ffe000-7f4624000000 ---p 00000000 00:00 0 
7f4624000000-7f4624021000 rw-p 00000000 00:00 0 
7f4624021000-7f4628000000 ---p 00000000 00:00 0 
7f4628000000-7f4628021000 rw-p 00000000 00:00 0 
7f4628021000-7f462c000000 ---p 00000000 00:00 0 
7f462c000000-7f462c2d1000 rw-p 00000000 00:00 0 
7f462c2d1000-7f4630000000 ---p 00000000 00:00 0 
7f4630000000-7f4630021000 rw-p 00000000 00:00 0 
7f4630021000-7f4634000000 ---p 00000000 00:00 0 
7f4634000000-7f4634037000 rw-p 00000000 00:00 0 
7f4634037000-7f4638000000 ---p 00000000 00:00 0 
7f4638000000-7f4638021000 rw-p 00000000 00:00 0 
7f4638021000-7f463c000000 ---p 00000000 00:00 0 
7f463c000000-7f463c02f000 rw-p 00000000 00:00 0 
7f463c02f000-7f4640000000 ---p 00000000 00:00 0 
7f4640000000-7f4640021000 rw-p 00000000 00:00 0 
7f4640021000-7f4644000000 ---p 00000000 00:00 0 
7f4644001000-7f4644006000 r--s 00015000 08:02 4722029                    /home/jam/.grails/ivy-cache/org.hibernate.javax.persistence/hibernate-jpa-2.0-api/jars/hibernate-jpa-2.0-api-1.0.1.Final.jar
7f4644006000-7f4644007000 r--s 00003000 08:02 4722027                    /home/jam/.grails/ivy-cache/javax.transaction/jta/jars/jta-1.1.jar
7f4644007000-7f464400c000 r--s 00041000 08:02 4722025                    /home/jam/.grails/ivy-cache/commons-lang/commons-lang/jars/commons-lang-2.6.jar
7f464400c000-7f464400f000 r--s 00025000 08:02 4722023                    /home/jam/.grails/ivy-cache/commons-io/commons-io/jars/commons-io-2.1.jar
7f464400f000-7f464401d000 r--s 0007f000 08:02 4722021                    /home/jam/.grails/ivy-cache/commons-collections/commons-collections/jars/commons-collections-3.2.1.jar
7f464401d000-7f464401f000 r--s 00010000 08:02 4722019                    /home/jam/.grails/ivy-cache/commons-codec/commons-codec/jars/commons-codec-1.5.jar
7f464401f000-7f4644021000 r--s 00000000 08:02 4722017                    /home/jam/.grails/ivy-cache/aopalliance/aopalliance/jars/aopalliance-1.0.jar
7f4644021000-7f4644024000 r--s 0001f000 08:02 4722015                    /home/jam/.grails/ivy-cache/commons-validator/commons-validator/jars/commons-validator-1.3.1.jar
7f4644024000-7f4644027000 r--s 00019000 08:02 4722013                    /home/jam/.grails/ivy-cache/commons-el/commons-el/jars/commons-el-1.0.jar
7f4644027000-7f464402c000 r--s 00034000 08:02 4722011                    /home/jam/.grails/ivy-cache/commons-beanutils/commons-beanutils/jars/commons-beanutils-1.8.3.jar
7f464402c000-7f464408a000 r--s 00592000 08:02 4722009                    /home/jam/.grails/ivy-cache/org.codehaus.groovy/groovy-all/jars/groovy-all-1.8.8.jar
7f464408a000-7f464409a000 r--s 0019c000 08:02 5508469                    /home/jam/.grails/ivy-cache/org.eclipse.jdt.core.compiler/ecj/jars/ecj-3.7.2.jar
7f464409a000-7f46440a5000 r--s 000b6000 08:02 4721759                    /home/jam/.grails/ivy-cache/org.apache.tomcat.embed/tomcat-embed-jasper/jars/tomcat-embed-jasper-7.0.30.jar
7f46440a5000-7f46440a8000 ---p 00000000 00:00 0 
7f46440a8000-7f46441a6000 rw-p 00000000 00:00 0 
7f46441a7000-7f46441a9000 r--s 00000000 08:02 4722133                    /home/jam/.grails/ivy-cache/org.slf4j/jul-to-slf4j/jars/jul-to-slf4j-1.6.2.jar
7f46441a9000-7f46441ab000 r--s 0000d000 08:02 5508471                    /home/jam/.grails/ivy-cache/org.grails/grails-plugin-tomcat/jars/grails-plugin-tomcat-2.1.1.jar
7f46441ab000-7f46441ad000 r--s 00008000 08:02 5508467                    /home/jam/.grails/ivy-cache/org.apache.tomcat.embed/tomcat-embed-logging-juli/jars/tomcat-embed-logging-juli-7.0.30.jar
7f46441ad000-7f46441af000 r--s 00013000 08:02 4721761                    /home/jam/.grails/ivy-cache/org.apache.tomcat.embed/tomcat-embed-logging-log4j/jars/tomcat-embed-logging-log4j-7.0.30.jar
7f46441af000-7f46441d1000 r--s 00254000 08:02 4721757                    /home/jam/.grails/ivy-cache/org.apache.tomcat.embed/tomcat-embed-core/jars/tomcat-embed-core-7.0.30.jar
7f46441d1000-7f46441d3000 r--s 0000c000 08:02 5508465                    /home/jam/.grails/ivy-cache/org.apache.tomcat/tomcat-catalina-ant/jars/tomcat-catalina-ant-7.0.30.jar
7f46441d3000-7f46441d5000 r--s 00017000 08:02 4721465                    /home/jam/.grails/ivy-cache/org.apache.ant/ant-junit/jars/ant-junit-1.8.2.jar
7f46441d5000-7f46441d7000 r--s 00002000 08:02 4721463                    /home/jam/.grails/ivy-cache/org.apache.ant/ant-launcher/jars/ant-launcher-1.8.2.jar
7f46441d7000-7f46441f5000 r--s 001bb000 08:02 4721461                    /home/jam/.grails/ivy-cache/org.apache.ant/ant/jars/ant-1.8.2.jar
7f46441f5000-7f46441fc000 r--s 00037000 08:02 4721459                    /home/jam/.grails/ivy-cache/junit/junit/jars/junit-4.10.jar
7f46441fc000-7f46441ff000 r--s 0000b000 08:02 4721456                    /home/jam/.grails/ivy-cache/com.googlecode.concurrentlinkedhashmap/concurrentlinkedhashmap-lru/jars/concurrentlinkedhashmap-lru-1.2_jdk5.jar
7f46441ff000-7f4644205000 r--s 00033000 08:02 4721454                    /home/jam/.grails/ivy-cache/org.springframework/spring-test/jars/spring-test-3.1.2.RELEASE.jar
7f4644205000-7f4644207000 r--s 00005000 08:02 4721452                    /home/jam/.grails/ivy-cache/org.slf4j/slf4j-api/jars/slf4j-api-1.6.2.jar
7f4644207000-7f4644214000 r--s 000b7000 08:02 4721450                    /home/jam/.grails/ivy-cache/org.grails/grails-web/jars/grails-web-2.1.1.jar
7f4644214000-7f4644217000 r--s 00026000 08:02 4721448                    /home/jam/.grails/ivy-cache/org.grails/grails-resources/jars/grails-resources-2.1.1.jar
7f4644217000-7f4644225000 r--s 000b5000 08:02 4721446                    /home/jam/.grails/ivy-cache/org.grails/grails-core/jars/grails-core-2.1.1.jar
7f4644225000-7f4644230000 r--s 000fe000 08:02 4721444                    /home/jam/.grails/ivy-cache/org.grails/grails-scripts/jars/grails-scripts-2.1.1.jar
7f4644230000-7f4644239000 r--s 000a8000 08:02 4721442                    /home/jam/.grails/ivy-cache/org.grails/grails-bootstrap/jars/grails-bootstrap-2.1.1.jar
7f4644239000-7f464423c000 r--s 00044000 08:02 4721440                    /home/jam/.grails/ivy-cache/org.grails/grails-docs/jars/grails-docs-2.1.1.jar
7f464423c000-7f464423f000 r--s 00041000 08:02 4721438                    /home/jam/.grails/ivy-cache/xalan/serializer/jars/serializer-2.7.1.jar
7f464423f000-7f4644242000 r--s 000cf000 08:02 4721436                    /home/jam/.grails/ivy-cache/net.java.dev.jna/jna/jars/jna-3.2.3.jar
7f4644242000-7f4644244000 r--s 00008000 08:02 4721434                    /home/jam/.grails/ivy-cache/org.fusesource.jansi/jansi/jars/jansi-1.2.1.jar
7f4644244000-7f4644269000 r--s 00172000 08:02 4721397                    /home/jam/.grails/ivy-cache/org.bouncycastle/bcprov-jdk15/jars/bcprov-jdk15-1.45.jar
7f4644269000-7f464427e000 r-xp 00000000 08:02 8650868                    /tmp/jna8166167087474474828.tmp
7f464427e000-7f464437d000 ---p 00015000 08:02 8650868                    /tmp/jna8166167087474474828.tmp
7f464437d000-7f464437f000 rw-p 00014000 08:02 8650868                    /tmp/jna8166167087474474828.tmp
7f464437f000-7f46443df000 r--s 00d92000 08:02 18877160                   /usr/lib/jvm/java-6-openjdk-amd64/lib/tools.jar
7f46443df000-7f46443e4000 r--s 00050000 08:02 4587551                    /home/jam/Applications/grails-2.1.1/lib/org.codehaus.gant/gant_groovy1.8/jars/gant_groovy1.8-1.9.6.jar
7f46443e4000-7f4644402000 r--s 001bb000 08:02 15997849                   /home/jam/Applications/grails-2.1.1/lib/org.apache.ant/ant/jars/ant-1.8.2.jar
7f4644402000-7f4644411000 r--s 000d9000 08:02 3933556                    /home/jam/Applications/grails-2.1.1/lib/org.apache.ivy/ivy/jars/ivy-2.2.0.jar
7f4644411000-7f4644413000 r--s 00009000 08:02 15730918                   /home/jam/Applications/grails-2.1.1/lib/commons-cli/commons-cli/jars/commons-cli-1.2.jar
7f4644413000-7f4644416000 r--s 000cf000 08:02 15997829                   /home/jam/Applications/grails-2.1.1/lib/net.java.dev.jna/jna/jars/jna-3.2.3.jar
7f4644416000-7f4644418000 r--s 00008000 08:02 4587896                    /home/jam/Applications/grails-2.1.1/lib/org.fusesource.jansi/jansi/jars/jansi-1.2.1.jar
7f4644418000-7f464441a000 r--s 00015000 08:02 15862296                   /home/jam/Applications/grails-2.1.1/lib/jline/jline/jars/jline-1.0.jar
7f464441a000-7f4644421000 r--s 000fb000 08:02 18489889                   /usr/lib/jvm/java-6-openjdk-common/jre/lib/resources.jar
7f4644421000-7f4644422000 ---p 00000000 00:00 0 
7f4644422000-7f4644522000 rw-p 00000000 00:00 0 
7f4644522000-7f4644525000 ---p 00000000 00:00 0 
7f4644525000-7f4644623000 rw-p 00000000 00:00 0 
7f4644623000-7f4644626000 ---p 00000000 00:00 0 
7f4644626000-7f4644724000 rw-p 00000000 00:00 0 
7f4644724000-7f4644727000 ---p 00000000 00:00 0 
7f4644727000-7f4644825000 rw-p 00000000 00:00 0 
7f4644825000-7f4645000000 r--p 00000000 08:02 16128286                   /usr/lib/locale/locale-archive
7f4645000000-7f4645780000 rwxp 00000000 00:00 0 
7f4645780000-7f4648e6e000 rw-p 00000000 00:00 0 
7f4648e6e000-7f464c000000 ---p 00000000 00:00 0 
7f464c000000-7f464c00f000 r--s 000d9000 08:02 4721424                    /home/jam/.grails/ivy-cache/org.apache.ivy/ivy/jars/ivy-2.2.0.jar
7f464c00f000-7f464c011000 r--s 00015000 08:02 4721422                    /home/jam/.grails/ivy-cache/jline/jline/jars/jline-1.0.jar
7f464c011000-7f464c016000 r--s 00024000 08:02 4721394                    /home/jam/.grails/ivy-cache/org.bouncycastle/bcpg-jdk15/jars/bcpg-jdk15-1.45.jar
7f464c016000-7f464c074000 r--s 00592000 08:02 4587821                    /home/jam/Applications/grails-2.1.1/lib/org.codehaus.groovy/groovy-all/jars/groovy-all-1.8.8.jar
7f464c074000-7f464c077000 ---p 00000000 00:00 0 
7f464c077000-7f464c175000 rw-p 00000000 00:00 0 
7f464c175000-7f464c178000 ---p 00000000 00:00 0 
7f464c178000-7f464c276000 rw-p 00000000 00:00 0 
7f464c276000-7f464c279000 ---p 00000000 00:00 0 
7f464c279000-7f464c377000 rw-p 00000000 00:00 0 
7f464c377000-7f464c378000 ---p 00000000 00:00 0 
7f464c378000-7f464c9b0000 rw-p 00000000 00:00 0 
7f464c9b0000-7f464cb42000 r--s 037bf000 08:02 18616443                   /usr/lib/jvm/java-6-openjdk-amd64/jre/lib/rt.jar
7f464cb42000-7f464cb6a000 rw-p 00000000 00:00 0 
7f464cb6a000-7f464cb6b000 ---p 00000000 00:00 0 
7f464cb6b000-7f464cc6b000 rw-p 00000000 00:00 0 
7f464cc6b000-7f464cc6c000 ---p 00000000 00:00 0 
7f464cc6c000-7f464cd6c000 rw-p 00000000 00:00 0 
7f464cd6c000-7f464cd6d000 ---p 00000000 00:00 0 
7f464cd6d000-7f464ce6d000 rw-p 00000000 00:00 0 
7f464ce6d000-7f464ce6e000 ---p 00000000 00:00 0 
7f464ce6e000-7f464d16e000 rw-p 00000000 00:00 0 
7f464d16e000-7f464d2ef000 rw-p 00000000 00:00 0 
7f464d2ef000-7f464d2f6000 r-xp 00000000 08:02 18748006                   /usr/lib/jvm/java-6-openjdk-amd64/jre/lib/amd64/libzip.so
7f464d2f6000-7f464d4f5000 ---p 00007000 08:02 18748006                   /usr/lib/jvm/java-6-openjdk-amd64/jre/lib/amd64/libzip.so
7f464d4f5000-7f464d4f6000 r--p 00006000 08:02 18748006                   /usr/lib/jvm/java-6-openjdk-amd64/jre/lib/amd64/libzip.so
7f464d4f6000-7f464d4f7000 rw-p 00007000 08:02 18748006                   /usr/lib/jvm/java-6-openjdk-amd64/jre/lib/amd64/libzip.so
7f464d4f7000-7f464d503000 r-xp 00000000 08:02 16256549                   /lib/x86_64-linux-gnu/libnss_files-2.15.so
7f464d503000-7f464d702000 ---p 0000c000 08:02 16256549                   /lib/x86_64-linux-gnu/libnss_files-2.15.so
7f464d702000-7f464d703000 r--p 0000b000 08:02 16256549                   /lib/x86_64-linux-gnu/libnss_files-2.15.so
7f464d703000-7f464d704000 rw-p 0000c000 08:02 16256549                   /lib/x86_64-linux-gnu/libnss_files-2.15.so
7f464d704000-7f464d70e000 r-xp 00000000 08:02 16256553                   /lib/x86_64-linux-gnu/libnss_nis-2.15.so
7f464d70e000-7f464d90e000 ---p 0000a000 08:02 16256553                   /lib/x86_64-linux-gnu/libnss_nis-2.15.so
7f464d90e000-7f464d90f000 r--p 0000a000 08:02 16256553                   /lib/x86_64-linux-gnu/libnss_nis-2.15.so
7f464d90f000-7f464d910000 rw-p 0000b000 08:02 16256553                   /lib/x86_64-linux-gnu/libnss_nis-2.15.so
7f464d910000-7f464d927000 r-xp 00000000 08:02 16256543                   /lib/x86_64-linux-gnu/libnsl-2.15.so
7f464d927000-7f464db26000 ---p 00017000 08:02 16256543                   /lib/x86_64-linux-gnu/libnsl-2.15.so
7f464db26000-7f464db27000 r--p 00016000 08:02 16256543                   /lib/x86_64-linux-gnu/libnsl-2.15.so
7f464db27000-7f464db28000 rw-p 00017000 08:02 16256543                   /lib/x86_64-linux-gnu/libnsl-2.15.so
7f464db28000-7f464db2a000 rw-p 00000000 00:00 0 
7f464db2a000-7f464db32000 r-xp 00000000 08:02 16256545                   /lib/x86_64-linux-gnu/libnss_compat-2.15.so
7f464db32000-7f464dd31000 ---p 00008000 08:02 16256545                   /lib/x86_64-linux-gnu/libnss_compat-2.15.so
7f464dd31000-7f464dd32000 r--p 00007000 08:02 16256545                   /lib/x86_64-linux-gnu/libnss_compat-2.15.so
7f464dd32000-7f464dd33000 rw-p 00008000 08:02 16256545                   /lib/x86_64-linux-gnu/libnss_compat-2.15.so
7f464dd33000-7f464dd3c000 r-xp 00000000 08:02 18747976                   /usr/lib/jvm/java-6-openjdk-amd64/jre/lib/amd64/libinstrument.so
7f464dd3c000-7f464df3c000 ---p 00009000 08:02 18747976                   /usr/lib/jvm/java-6-openjdk-amd64/jre/lib/amd64/libinstrument.so
7f464df3c000-7f464df3d000 r--p 00009000 08:02 18747976                   /usr/lib/jvm/java-6-openjdk-amd64/jre/lib/amd64/libinstrument.so
7f464df3d000-7f464df3e000 rw-p 0000a000 08:02 18747976                   /usr/lib/jvm/java-6-openjdk-amd64/jre/lib/amd64/libinstrument.so
7f464df3e000-7f464df6a000 r-xp 00000000 08:02 18747994                   /usr/lib/jvm/java-6-openjdk-amd64/jre/lib/amd64/libjava.so
7f464df6a000-7f464e169000 ---p 0002c000 08:02 18747994                   /usr/lib/jvm/java-6-openjdk-amd64/jre/lib/amd64/libjava.so
7f464e169000-7f464e16a000 r--p 0002b000 08:02 18747994                   /usr/lib/jvm/java-6-openjdk-amd64/jre/lib/amd64/libjava.so
7f464e16a000-7f464e16d000 rw-p 0002c000 08:02 18747994                   /usr/lib/jvm/java-6-openjdk-amd64/jre/lib/amd64/libjava.so
7f464e16d000-7f464e17b000 r-xp 00000000 08:02 18747993                   /usr/lib/jvm/java-6-openjdk-amd64/jre/lib/amd64/libverify.so
7f464e17b000-7f464e37a000 ---p 0000e000 08:02 18747993                   /usr/lib/jvm/java-6-openjdk-amd64/jre/lib/amd64/libverify.so
7f464e37a000-7f464e37c000 r--p 0000d000 08:02 18747993                   /usr/lib/jvm/java-6-openjdk-amd64/jre/lib/amd64/libverify.so
7f464e37c000-7f464e37d000 rw-p 0000f000 08:02 18747993                   /usr/lib/jvm/java-6-openjdk-amd64/jre/lib/amd64/libverify.so
7f464e37d000-7f464e384000 r-xp 00000000 08:02 16256584                   /lib/x86_64-linux-gnu/librt-2.15.so
7f464e384000-7f464e583000 ---p 00007000 08:02 16256584                   /lib/x86_64-linux-gnu/librt-2.15.so
7f464e583000-7f464e584000 r--p 00006000 08:02 16256584                   /lib/x86_64-linux-gnu/librt-2.15.so
7f464e584000-7f464e585000 rw-p 00007000 08:02 16256584                   /lib/x86_64-linux-gnu/librt-2.15.so
7f464e585000-7f464e59a000 r-xp 00000000 08:02 16256519                   /lib/x86_64-linux-gnu/libgcc_s.so.1
7f464e59a000-7f464e799000 ---p 00015000 08:02 16256519                   /lib/x86_64-linux-gnu/libgcc_s.so.1
7f464e799000-7f464e79a000 r--p 00014000 08:02 16256519                   /lib/x86_64-linux-gnu/libgcc_s.so.1
7f464e79a000-7f464e79b000 rw-p 00015000 08:02 16256519                   /lib/x86_64-linux-gnu/libgcc_s.so.1
7f464e79b000-7f464e894000 r-xp 00000000 08:02 16256530                   /lib/x86_64-linux-gnu/libm-2.15.so
7f464e894000-7f464ea93000 ---p 000f9000 08:02 16256530                   /lib/x86_64-linux-gnu/libm-2.15.so
7f464ea93000-7f464ea94000 r--p 000f8000 08:02 16256530                   /lib/x86_64-linux-gnu/libm-2.15.so
7f464ea94000-7f464ea95000 rw-p 000f9000 08:02 16256530                   /lib/x86_64-linux-gnu/libm-2.15.so
7f464ea95000-7f464eb77000 r-xp 00000000 08:02 16129397                   /usr/lib/x86_64-linux-gnu/libstdc++.so.6.0.16
7f464eb77000-7f464ed76000 ---p 000e2000 08:02 16129397                   /usr/lib/x86_64-linux-gnu/libstdc++.so.6.0.16
7f464ed76000-7f464ed7e000 r--p 000e1000 08:02 16129397                   /usr/lib/x86_64-linux-gnu/libstdc++.so.6.0.16
7f464ed7e000-7f464ed80000 rw-p 000e9000 08:02 16129397                   /usr/lib/x86_64-linux-gnu/libstdc++.so.6.0.16
7f464ed80000-7f464ed95000 rw-p 00000000 00:00 0 
7f464ed95000-7f464f699000 r-xp 00000000 08:02 18877146                   /usr/lib/jvm/java-6-openjdk-amd64/jre/lib/amd64/server/libjvm.so
7f464f699000-7f464f899000 ---p 00904000 08:02 18877146                   /usr/lib/jvm/java-6-openjdk-amd64/jre/lib/amd64/server/libjvm.so
7f464f899000-7f464f919000 r--p 00904000 08:02 18877146                   /usr/lib/jvm/java-6-openjdk-amd64/jre/lib/amd64/server/libjvm.so
7f464f919000-7f464f934000 rw-p 00984000 08:02 18877146                   /usr/lib/jvm/java-6-openjdk-amd64/jre/lib/amd64/server/libjvm.so
7f464f934000-7f464f95d000 rw-p 00000000 00:00 0 
7f464f95d000-7f464f973000 r-xp 00000000 08:02 16256609                   /lib/x86_64-linux-gnu/libz.so.1.2.3.4
7f464f973000-7f464fb72000 ---p 00016000 08:02 16256609                   /lib/x86_64-linux-gnu/libz.so.1.2.3.4
7f464fb72000-7f464fb73000 r--p 00015000 08:02 16256609                   /lib/x86_64-linux-gnu/libz.so.1.2.3.4
7f464fb73000-7f464fb74000 rw-p 00016000 08:02 16256609                   /lib/x86_64-linux-gnu/libz.so.1.2.3.4
7f464fb74000-7f464fd27000 r-xp 00000000 08:02 16256498                   /lib/x86_64-linux-gnu/libc-2.15.so
7f464fd27000-7f464ff26000 ---p 001b3000 08:02 16256498                   /lib/x86_64-linux-gnu/libc-2.15.so
7f464ff26000-7f464ff2a000 r--p 001b2000 08:02 16256498                   /lib/x86_64-linux-gnu/libc-2.15.so
7f464ff2a000-7f464ff2c000 rw-p 001b6000 08:02 16256498                   /lib/x86_64-linux-gnu/libc-2.15.so
7f464ff2c000-7f464ff31000 rw-p 00000000 00:00 0 
7f464ff31000-7f464ff33000 r-xp 00000000 08:02 16256511                   /lib/x86_64-linux-gnu/libdl-2.15.so
7f464ff33000-7f4650133000 ---p 00002000 08:02 16256511                   /lib/x86_64-linux-gnu/libdl-2.15.so
7f4650133000-7f4650134000 r--p 00002000 08:02 16256511                   /lib/x86_64-linux-gnu/libdl-2.15.so
7f4650134000-7f4650135000 rw-p 00003000 08:02 16256511                   /lib/x86_64-linux-gnu/libdl-2.15.so
7f4650135000-7f4650139000 r-xp 00000000 08:02 18747978                   /usr/lib/jvm/java-6-openjdk-amd64/jre/lib/amd64/jli/libjli.so
7f4650139000-7f4650338000 ---p 00004000 08:02 18747978                   /usr/lib/jvm/java-6-openjdk-amd64/jre/lib/amd64/jli/libjli.so
7f4650338000-7f4650339000 r--p 00003000 08:02 18747978                   /usr/lib/jvm/java-6-openjdk-amd64/jre/lib/amd64/jli/libjli.so
7f4650339000-7f465033a000 rw-p 00004000 08:02 18747978                   /usr/lib/jvm/java-6-openjdk-amd64/jre/lib/amd64/jli/libjli.so
7f465033a000-7f4650352000 r-xp 00000000 08:02 16256578                   /lib/x86_64-linux-gnu/libpthread-2.15.so
7f4650352000-7f4650551000 ---p 00018000 08:02 16256578                   /lib/x86_64-linux-gnu/libpthread-2.15.so
7f4650551000-7f4650552000 r--p 00017000 08:02 16256578                   /lib/x86_64-linux-gnu/libpthread-2.15.so
7f4650552000-7f4650553000 rw-p 00018000 08:02 16256578                   /lib/x86_64-linux-gnu/libpthread-2.15.so
7f4650553000-7f4650557000 rw-p 00000000 00:00 0 
7f4650557000-7f4650579000 r-xp 00000000 08:02 16256478                   /lib/x86_64-linux-gnu/ld-2.15.so
7f4650579000-7f465057a000 r--s 00004000 08:02 5637614                    /home/jam/.grails/ivy-cache/net.sf.opencsv/opencsv/jars/opencsv-2.3.jar
7f465057a000-7f465057b000 r--s 00003000 08:02 4721392                    /home/jam/.grails/ivy-cache/com.googlecode.json-simple/json-simple/jars/json-simple-1.1.jar
7f465057b000-7f4650581000 r--s 00068000 08:02 4721389                    /home/jam/.grails/ivy-cache/com.google.protobuf/protobuf-java/jars/protobuf-java-2.4.1.jar
7f4650581000-7f4650588000 r--s 00067000 08:02 15730908                   /home/jam/Applications/grails-2.1.1/lib/com.springsource.springloaded/springloaded-core/jars/springloaded-core-1.0.6.jar
7f4650588000-7f4650591000 r--s 000a8000 08:02 15731003                   /home/jam/Applications/grails-2.1.1/dist/grails-bootstrap-2.1.1.jar
7f4650591000-7f46505af000 rw-p 00000000 00:00 0 
7f46505af000-7f4650651000 rw-p 00000000 00:00 0 
7f4650651000-7f4650654000 ---p 00000000 00:00 0 
7f4650654000-7f4650757000 rw-p 00000000 00:00 0 
7f4650757000-7f4650758000 r--s 00001000 08:02 4721467                    /home/jam/.grails/ivy-cache/org.apache.ant/ant-trax/jars/ant-trax-1.7.1.jar
7f4650758000-7f465075b000 r--s 0001a000 08:02 4721386                    /home/jam/.grails/ivy-cache/org.springframework.uaa/org.springframework.uaa.client/bundles/org.springframework.uaa.client-1.0.1.RELEASE.jar
7f465075b000-7f465075e000 r--s 0007d000 08:02 18489867                   /usr/lib/jvm/java-6-openjdk-common/jre/lib/jsse.jar
7f465075e000-7f4650762000 r--s 00038000 08:02 18489882                   /usr/lib/jvm/java-6-openjdk-common/jre/lib/ext/sunpkcs11.jar
7f4650762000-7f4650765000 r--s 00031000 08:02 18489884                   /usr/lib/jvm/java-6-openjdk-common/jre/lib/ext/sunjce_provider.jar
7f4650765000-7f4650766000 r--s 00007000 08:02 16651090                   /usr/share/java/java-atk-wrapper.jar
7f4650766000-7f4650769000 r--s 00077000 08:02 18489883                   /usr/lib/jvm/java-6-openjdk-common/jre/lib/ext/localedata.jar
7f4650769000-7f465076b000 r--s 00001000 08:02 18489885                   /usr/lib/jvm/java-6-openjdk-common/jre/lib/ext/dnsns.jar
7f465076b000-7f465076d000 r--s 0000f000 08:02 18489886                   /usr/lib/jvm/java-6-openjdk-common/jre/lib/ext/pulse-java.jar
7f465076d000-7f4650775000 rw-s 00000000 08:02 8650852                    /tmp/hsperfdata_jam/6415
7f4650775000-7f4650776000 rw-p 00000000 00:00 0 
7f4650776000-7f4650777000 r--p 00000000 00:00 0 
7f4650777000-7f4650779000 rw-p 00000000 00:00 0 
7f4650779000-7f465077a000 r--p 00022000 08:02 16256478                   /lib/x86_64-linux-gnu/ld-2.15.so
7f465077a000-7f465077c000 rw-p 00023000 08:02 16256478                   /lib/x86_64-linux-gnu/ld-2.15.so
7fff59e29000-7fff59e4a000 rw-p 00000000 00:00 0                          [stack]
7fff59fff000-7fff5a000000 r-xp 00000000 00:00 0                          [vdso]
ffffffffff600000-ffffffffff601000 r-xp 00000000 00:00 0                  [vsyscall]

VM Arguments:
jvm_args: -Xmx768M -Xms768M -XX:PermSize=256m -XX:MaxPermSize=256m -Dfile.encoding=UTF-8 -Dserver.port=8080 -Djline.WindowsTerminal.directConsole=false -javaagent:/home/jam/Applications/grails-2.1.1/lib/com.springsource.springloaded/springloaded-core/jars/springloaded-core-1.0.6.jar -Xverify:none -Dspringloaded=profile=grails;cacheDir=/home/jam/.grails/2.1.1/ -Dgrails.home=/home/jam/Applications/grails-2.1.1 -Dtools.jar=/usr/lib/jvm/default-java/lib/tools.jar 
java_command: org.codehaus.groovy.grails.cli.support.GrailsStarter --main org.codehaus.groovy.grails.cli.GrailsScriptRunner --conf /home/jam/Applications/grails-2.1.1/conf/groovy-starter.conf --classpath   run-app
Launcher Type: SUN_STANDARD

Environment Variables:
JAVA_HOME=/usr/lib/jvm/default-java
PATH=/usr/lib/lightdm/lightdm:/usr/local/sbin:/usr/local/bin:/usr/sbin:/usr/bin:/sbin:/bin:/usr/games
LD_LIBRARY_PATH=/usr/lib/jvm/java-6-openjdk-amd64/jre/lib/amd64/server:/usr/lib/jvm/java-6-openjdk-amd64/jre/lib/amd64:/usr/lib/jvm/java-6-openjdk-amd64/jre/../lib/amd64
SHELL=/bin/bash
DISPLAY=:0

Signal Handlers:
SIGSEGV: [libjvm.so+0x784310], sa_mask[0]=0x7ffbfeff, sa_flags=0x10000004
SIGBUS: [libjvm.so+0x784310], sa_mask[0]=0x7ffbfeff, sa_flags=0x10000004
SIGFPE: [libjvm.so+0x648580], sa_mask[0]=0x7ffbfeff, sa_flags=0x10000004
SIGPIPE: SIG_IGN, sa_mask[0]=0x00000000, sa_flags=0x00000000
SIGXFSZ: [libjvm.so+0x648580], sa_mask[0]=0x7ffbfeff, sa_flags=0x10000004
SIGILL: [libjvm.so+0x648580], sa_mask[0]=0x7ffbfeff, sa_flags=0x10000004
SIGUSR1: SIG_DFL, sa_mask[0]=0x00000000, sa_flags=0x00000000
SIGUSR2: [libjvm.so+0x648730], sa_mask[0]=0x00000004, sa_flags=0x10000004
SIGHUP: [libjvm.so+0x64b250], sa_mask[0]=0x7ffbfeff, sa_flags=0x10000004
SIGINT: SIG_IGN, sa_mask[0]=0x00000000, sa_flags=0x00000000
SIGTERM: [libjvm.so+0x64b250], sa_mask[0]=0x7ffbfeff, sa_flags=0x10000004
SIGQUIT: [libjvm.so+0x64b250], sa_mask[0]=0x7ffbfeff, sa_flags=0x10000004


---------------  S Y S T E M  ---------------

OS:Ubuntu 12.04 (precise)
uname:Linux 3.2.0-30-generic #48-Ubuntu SMP Fri Aug 24 16:52:48 UTC 2012 x86_64
libc:glibc 2.15 NPTL 2.15 
rlimit: STACK 8192k, CORE 0k, NPROC 59519, NOFILE 4096, AS infinity
load average:1.99 1.11 0.88

/proc/meminfo:
MemTotal:        7636272 kB
MemFree:         2688820 kB
Buffers:          131140 kB
Cached:          1889068 kB
SwapCached:            0 kB
Active:          3508624 kB
Inactive:         916304 kB
Active(anon):    2405652 kB
Inactive(anon):     9532 kB
Active(file):    1102972 kB
Inactive(file):   906772 kB
Unevictable:          44 kB
Mlocked:              44 kB
SwapTotal:       7837776 kB
SwapFree:        7837776 kB
Dirty:               612 kB
Writeback:             0 kB
AnonPages:       2404840 kB
Mapped:           367772 kB
Shmem:             10468 kB
Slab:             116428 kB
SReclaimable:      80152 kB
SUnreclaim:        36276 kB
KernelStack:        4880 kB
PageTables:        44816 kB
NFS_Unstable:          0 kB
Bounce:                0 kB
WritebackTmp:          0 kB
CommitLimit:    11655912 kB
Committed_AS:    6052012 kB
VmallocTotal:   34359738367 kB
VmallocUsed:      135768 kB
VmallocChunk:   34359600404 kB
HardwareCorrupted:     0 kB
AnonHugePages:         0 kB
HugePages_Total:       0
HugePages_Free:        0
HugePages_Rsvd:        0
HugePages_Surp:        0
Hugepagesize:       2048 kB
DirectMap4k:      262144 kB
DirectMap2M:     6535168 kB
DirectMap1G:     1048576 kB


CPU:total 4 (4 cores per cpu, 1 threads per core) family 18 model 1 stepping 0, cmov, cx8, fxsr, mmx, sse, sse2, sse3, popcnt, mmxext, 3dnowpref, lzcnt, sse4a

Memory: 4k page, physical 7636272k(2688820k free), swap 7837776k(7837776k free)

vm_info: OpenJDK 64-Bit Server VM (20.0-b12) for linux-amd64 JRE (1.6.0_24-b24), built on Sep  2 2012 19:50:47 by "buildd" with gcc 4.6.3

time: Mon Sep 17 21:06:21 2012
elapsed time: 39 seconds

