#
# A fatal error has been detected by the Java Runtime Environment:
#
#  Internal Error (classFileParser.cpp:3494), pid=8382, tid=139719057602304
#  Error: ShouldNotReachHere()
#
# JRE version: 6.0_24-b24
# Java VM: OpenJDK 64-Bit Server VM (20.0-b12 mixed mode linux-amd64 compressed oops)
# Derivative: IcedTea6 1.11.4
# Distribution: Ubuntu 12.04 LTS, package 6b24-1.11.4-1ubuntu0.12.04.1
# If you would like to submit a bug report, please include
# instructions how to reproduce the bug and visit:
#   https://bugs.launchpad.net/ubuntu/+source/openjdk-6/
#

---------------  T H R E A D  ---------------

Current thread (0x00007f126c001800):  JavaThread "localhost-startStop-1" daemon [_thread_in_vm, id=8431, stack(0x00007f12e0bbf000,0x00007f12e0cc0000)]

Stack: [0x00007f12e0bbf000,0x00007f12e0cc0000],  sp=0x00007f12e0cbb2d0,  free space=1008k
Native frames: (J=compiled Java code, j=interpreted, Vv=VM code, C=native code)
V  [libjvm.so+0x7836d5]  VMError::report(outputStream*)+0x1255
V  [libjvm.so+0x783959]  VMError::report_and_die()+0x169
V  [libjvm.so+0x3bb18a]  report_vm_error(char const*, int, char const*, char const*)+0x4a
V  [libjvm.so+0x351555]  ClassFileParser::parseClassFile(symbolHandle, Handle, Handle, KlassHandle, GrowableArray<Handle>*, symbolHandle&, bool, Thread*)+0x1545
V  [libjvm.so+0x7194d7]  SystemDictionary::resolve_from_stream(symbolHandle, Handle, Handle, ClassFileStream*, bool, Thread*)+0xe7
V  [libjvm.so+0x4e5c40]  jvm_define_class_common(JNIEnv_*, char const*, _jobject*, signed char const*, int, _jobject*, char const*, unsigned char, Thread*)+0x220
V  [libjvm.so+0x4e6e89]  JVM_DefineClassWithSource+0xa9
C  [libjava.so+0x10f3a]  Java_java_lang_ClassLoader_defineClass1+0x29a
j  java.lang.ClassLoader.defineClass1(Ljava/lang/String;[BIILjava/security/ProtectionDomain;Ljava/lang/String;)Ljava/lang/Class;+0
j  java.lang.ClassLoader.defineClass(Ljava/lang/String;[BIILjava/security/ProtectionDomain;)Ljava/lang/Class;+30
j  java.security.SecureClassLoader.defineClass(Ljava/lang/String;[BIILjava/security/CodeSource;)Ljava/lang/Class;+27
j  java.net.URLClassLoader.defineClass(Ljava/lang/String;Lsun/misc/Resource;)Ljava/lang/Class;+253

Java frames: (J=compiled Java code, j=interpreted, Vv=VM code)
j  java.lang.ClassLoader.defineClass1(Ljava/lang/String;[BIILjava/security/ProtectionDomain;Ljava/lang/String;)Ljava/lang/Class;+0
j  java.lang.ClassLoader.defineClass(Ljava/lang/String;[BIILjava/security/ProtectionDomain;)Ljava/lang/Class;+30
j  java.security.SecureClassLoader.defineClass(Ljava/lang/String;[BIILjava/security/CodeSource;)Ljava/lang/Class;+27
j  java.net.URLClassLoader.defineClass(Ljava/lang/String;Lsun/misc/Resource;)Ljava/lang/Class;+253
J  java.net.URLClassLoader$1.run()Ljava/lang/Object;
v  ~StubRoutines::call_stub
J  java.security.AccessController.doPrivileged(Ljava/security/PrivilegedExceptionAction;Ljava/security/AccessControlContext;)Ljava/lang/Object;
J  java.net.URLClassLoader.findClass(Ljava/lang/String;)Ljava/lang/Class;
J  java.lang.ClassLoader.loadClass(Ljava/lang/String;Z)Ljava/lang/Class;
J  java.lang.ClassLoader.loadClass(Ljava/lang/String;)Ljava/lang/Class;
v  ~StubRoutines::call_stub
j  java.lang.Class.forName0(Ljava/lang/String;ZLjava/lang/ClassLoader;)Ljava/lang/Class;+0
j  java.lang.Class.forName(Ljava/lang/String;)Ljava/lang/Class;+5
j  BootStrap$_closure1.class$(Ljava/lang/String;)Ljava/lang/Class;+33
j  BootStrap$_closure1.$get$$class$org$greens$VoterContactManager$FloridaBootStrap()Ljava/lang/Class;+109
j  BootStrap$_closure1.doCall(Ljava/lang/Object;)Ljava/lang/Object;+182
v  ~StubRoutines::call_stub
j  sun.reflect.NativeMethodAccessorImpl.invoke0(Ljava/lang/reflect/Method;Ljava/lang/Object;[Ljava/lang/Object;)Ljava/lang/Object;+0
j  sun.reflect.NativeMethodAccessorImpl.invoke(Ljava/lang/Object;[Ljava/lang/Object;)Ljava/lang/Object;+87
J  java.lang.reflect.Method.invoke(Ljava/lang/Object;[Ljava/lang/Object;)Ljava/lang/Object;
J  com.springsource.loaded.ri.ReflectiveInterceptor.jlrMethodInvoke(Ljava/lang/reflect/Method;Ljava/lang/Object;[Ljava/lang/Object;)Ljava/lang/Object;
J  org.codehaus.groovy.reflection.CachedMethod.invoke(Ljava/lang/Object;[Ljava/lang/Object;)Ljava/lang/Object;
j  groovy.lang.MetaMethod.doMethodInvoke(Ljava/lang/Object;[Ljava/lang/Object;)Ljava/lang/Object;+9
j  groovy.lang.MetaClassImpl.invokeMethod(Ljava/lang/Class;Ljava/lang/Object;Ljava/lang/String;[Ljava/lang/Object;ZZ)Ljava/lang/Object;+1036
J  groovy.lang.ExpandoMetaClass.invokeMethod(Ljava/lang/Class;Ljava/lang/Object;Ljava/lang/String;[Ljava/lang/Object;ZZ)Ljava/lang/Object;
j  groovy.lang.MetaClassImpl.invokeMethod(Ljava/lang/Object;Ljava/lang/String;[Ljava/lang/Object;)Ljava/lang/Object;+10
j  groovy.lang.MetaClassImpl.invokeMethod(Ljava/lang/Class;Ljava/lang/Object;Ljava/lang/String;[Ljava/lang/Object;ZZ)Ljava/lang/Object;+278
J  groovy.lang.ExpandoMetaClass.invokeMethod(Ljava/lang/Class;Ljava/lang/Object;Ljava/lang/String;[Ljava/lang/Object;ZZ)Ljava/lang/Object;
j  groovy.lang.MetaClassImpl.invokeMethod(Ljava/lang/Object;Ljava/lang/String;[Ljava/lang/Object;)Ljava/lang/Object;+10
j  groovy.lang.Closure.call([Ljava/lang/Object;)Ljava/lang/Object;+8
j  groovy.lang.Closure.call()Ljava/lang/Object;+6
j  grails.util.Environment.evaluateEnvironmentSpecificBlock(Lgrails/util/Environment;Lgroovy/lang/Closure;)Lgrails/util/Environment$EnvironmentBlockEvaluator;+16
j  grails.util.Environment.executeForEnvironment(Lgrails/util/Environment;Lgroovy/lang/Closure;)Ljava/lang/Object;+8
j  grails.util.Environment.executeForCurrentEnvironment(Lgroovy/lang/Closure;)Ljava/lang/Object;+6
j  org.codehaus.groovy.grails.commons.DefaultGrailsBootstrapClass.callInit(Ljavax/servlet/ServletContext;)V+23
j  org.codehaus.groovy.grails.web.context.GrailsConfigUtils.executeGrailsBootstraps(Lorg/codehaus/groovy/grails/commons/GrailsApplication;Lorg/springframework/web/context/WebApplicationContext;Ljavax/servlet/ServletContext;)V+113
j  org.codehaus.groovy.grails.web.context.GrailsContextLoader.initWebApplicationContext(Ljavax/servlet/ServletContext;)Lorg/springframework/web/context/WebApplicationContext;+131
j  org.springframework.web.context.ContextLoaderListener.contextInitialized(Ljavax/servlet/ServletContextEvent;)V+28
j  org.apache.catalina.core.StandardContext.listenerStart()Z+530
j  org.apache.catalina.core.StandardContext.startInternal()V+1187
j  org.apache.catalina.util.LifecycleBase.start()V+210
j  org.apache.catalina.core.ContainerBase$StartChild.call()Ljava/lang/Void;+4
j  org.apache.catalina.core.ContainerBase$StartChild.call()Ljava/lang/Object;+1
j  java.util.concurrent.FutureTask$Sync.innerRun()V+29
j  java.util.concurrent.FutureTask.run()V+4
j  java.util.concurrent.ThreadPoolExecutor.runWorker(Ljava/util/concurrent/ThreadPoolExecutor$Worker;)V+46
j  java.util.concurrent.ThreadPoolExecutor$Worker.run()V+5
j  java.lang.Thread.run()V+11
v  ~StubRoutines::call_stub

---------------  P R O C E S S  ---------------

Java Threads: ( => current thread )
  0x00007f12703d8800 JavaThread "net.sf.ehcache.CacheManager@7698fef9" daemon [_thread_blocked, id=8433, stack(0x00007f12e0abe000,0x00007f12e0bbf000)]
  0x00007f1270444800 JavaThread "Timer-1" daemon [_thread_blocked, id=8432, stack(0x00007f12e1ad3000,0x00007f12e1bd4000)]
=>0x00007f126c001800 JavaThread "localhost-startStop-1" daemon [_thread_in_vm, id=8431, stack(0x00007f12e0bbf000,0x00007f12e0cc0000)]
  0x00007f12ec9e8800 JavaThread "Tomcat-startStop-1" daemon [_thread_blocked, id=8430, stack(0x00007f12e13cc000,0x00007f12e14cd000)]
  0x00007f12ec80d800 JavaThread "pool-4-thread-5" [_thread_blocked, id=8429, stack(0x00007f12e0ec7000,0x00007f12e0fc8000)]
  0x00007f12ec522800 JavaThread "pool-4-thread-4" [_thread_blocked, id=8428, stack(0x00007f12e0fc8000,0x00007f12e10c9000)]
  0x00007f12ecc5d000 JavaThread "pool-4-thread-3" [_thread_blocked, id=8427, stack(0x00007f12e10c9000,0x00007f12e11ca000)]
  0x00007f12ecb27000 JavaThread "pool-4-thread-2" [_thread_blocked, id=8426, stack(0x00007f12e11ca000,0x00007f12e12cb000)]
  0x00007f12ec38d000 JavaThread "pool-4-thread-1" [_thread_blocked, id=8425, stack(0x00007f12e12cb000,0x00007f12e13cc000)]
  0x00007f12ecafb800 JavaThread "pool-3-thread-5" [_thread_blocked, id=8423, stack(0x00007f12e14cd000,0x00007f12e15ce000)]
  0x00007f12ec260000 JavaThread "pool-3-thread-4" [_thread_blocked, id=8422, stack(0x00007f12e15ce000,0x00007f12e16cf000)]
  0x00007f12ecc4e000 JavaThread "pool-3-thread-3" [_thread_blocked, id=8421, stack(0x00007f12e16cf000,0x00007f12e17d0000)]
  0x00007f12ec9d0800 JavaThread "pool-3-thread-2" [_thread_blocked, id=8420, stack(0x00007f12e17d0000,0x00007f12e18d1000)]
  0x00007f12ec4e1800 JavaThread "pool-3-thread-1" [_thread_blocked, id=8419, stack(0x00007f12e18d1000,0x00007f12e19d2000)]
  0x00007f12ec378800 JavaThread "FileSystemWatcher: files=#254 cl=java.net.URLClassLoader@6ea85b4" daemon [_thread_blocked, id=8418, stack(0x00007f12e19d2000,0x00007f12e1ad3000)]
  0x00007f12ecc6b800 JavaThread "pool-2-thread-1" [_thread_blocked, id=8416, stack(0x00007f12e221b000,0x00007f12e231c000)]
  0x00007f12ecc45800 JavaThread "Synchronizer (Spring UAA/1.0.1)" daemon [_thread_blocked, id=8415, stack(0x00007f12e231c000,0x00007f12e241d000)]
  0x00007f12ec4e4800 JavaThread "Timer-0" daemon [_thread_blocked, id=8414, stack(0x00007f12e3da8000,0x00007f12e3ea9000)]
  0x00007f12ec0e3800 JavaThread "Low Memory Detector" daemon [_thread_blocked, id=8406, stack(0x00007f12e81c1000,0x00007f12e82c2000)]
  0x00007f12ec0e9000 JavaThread "C2 CompilerThread1" daemon [_thread_in_native, id=8405, stack(0x00007f12e82c2000,0x00007f12e83c3000)]
  0x00007f12ec0ea800 JavaThread "C2 CompilerThread0" daemon [_thread_in_native, id=8404, stack(0x00007f12e83c3000,0x00007f12e84c4000)]
  0x00007f12ec08c000 JavaThread "Signal Dispatcher" daemon [_thread_blocked, id=8403, stack(0x00007f12e8522000,0x00007f12e8623000)]
  0x00007f12ec079800 JavaThread "Finalizer" daemon [_thread_blocked, id=8402, stack(0x00007f12e8dfe000,0x00007f12e8eff000)]
  0x00007f12ec077800 JavaThread "Reference Handler" daemon [_thread_blocked, id=8401, stack(0x00007f12e8eff000,0x00007f12e9000000)]
  0x00007f12ec009800 JavaThread "main" [_thread_blocked, id=8392, stack(0x00007f12f4307000,0x00007f12f4408000)]

Other Threads:
  0x00007f12ec071000 VMThread [stack: 0x00007f12f002d000,0x00007f12f012e000] [id=8400]
  0x00007f12ec0f5800 WatcherThread [stack: 0x00007f12e80c0000,0x00007f12e81c1000] [id=8407]

VM state:not at safepoint (normal execution)

VM Mutex/Monitor currently owned by a thread:  ([mutex/lock_event])
[0x00007f12ec006800] CompileStatistics_lock - owner thread: 0x0000000000000000

Heap
 PSYoungGen      total 240128K, used 142554K [0x00000000f0000000, 0x0000000100000000, 0x0000000100000000)
  eden space 218816K, 63% used [0x00000000f0000000,0x00000000f87a8970,0x00000000fd5b0000)
  from space 21312K, 17% used [0x00000000fd5b0000,0x00000000fd93e288,0x00000000fea80000)
  to   space 20416K, 0% used [0x00000000fec10000,0x00000000fec10000,0x0000000100000000)
 PSOldGen        total 524288K, used 144832K [0x00000000d0000000, 0x00000000f0000000, 0x00000000f0000000)
  object space 524288K, 27% used [0x00000000d0000000,0x00000000d8d700f0,0x00000000f0000000)
 PSPermGen       total 262144K, used 89831K [0x00000000c0000000, 0x00000000d0000000, 0x00000000d0000000)
  object space 262144K, 34% used [0x00000000c0000000,0x00000000c57b9e80,0x00000000d0000000)

Code Cache  [0x00007f12e9000000, 0x00007f12e96c0000, 0x00007f12ec000000)
 total_blobs=1991 nmethods=1307 adapters=637 free_code_cache=43854336 largest_free_block=336000

Dynamic libraries:
00400000-00409000 r-xp 00000000 08:02 397963                             /usr/lib/jvm/java-6-openjdk-amd64/jre/bin/java
00608000-00609000 r--p 00008000 08:02 397963                             /usr/lib/jvm/java-6-openjdk-amd64/jre/bin/java
00609000-0060a000 rw-p 00009000 08:02 397963                             /usr/lib/jvm/java-6-openjdk-amd64/jre/bin/java
00764000-00785000 rw-p 00000000 00:00 0                                  [heap]
c0000000-100000000 rw-p 00000000 00:00 0 
7f1264000000-7f1264021000 rw-p 00000000 00:00 0 
7f1264021000-7f1268000000 ---p 00000000 00:00 0 
7f1268000000-7f126bfc4000 rw-p 00000000 00:00 0 
7f126bfc4000-7f126c000000 ---p 00000000 00:00 0 
7f126c000000-7f126c021000 rw-p 00000000 00:00 0 
7f126c021000-7f1270000000 ---p 00000000 00:00 0 
7f1270000000-7f12713c7000 rw-p 00000000 00:00 0 
7f12713c7000-7f1274000000 ---p 00000000 00:00 0 
7f1274000000-7f1274021000 rw-p 00000000 00:00 0 
7f1274021000-7f1278000000 ---p 00000000 00:00 0 
7f1278000000-7f1278021000 rw-p 00000000 00:00 0 
7f1278021000-7f127c000000 ---p 00000000 00:00 0 
7f127c000000-7f127c021000 rw-p 00000000 00:00 0 
7f127c021000-7f1280000000 ---p 00000000 00:00 0 
7f1280000000-7f1280021000 rw-p 00000000 00:00 0 
7f1280021000-7f1284000000 ---p 00000000 00:00 0 
7f1284000000-7f1284021000 rw-p 00000000 00:00 0 
7f1284021000-7f1288000000 ---p 00000000 00:00 0 
7f1288000000-7f1288021000 rw-p 00000000 00:00 0 
7f1288021000-7f128c000000 ---p 00000000 00:00 0 
7f128c000000-7f128c041000 rw-p 00000000 00:00 0 
7f128c041000-7f1290000000 ---p 00000000 00:00 0 
7f1290000000-7f1290021000 rw-p 00000000 00:00 0 
7f1290021000-7f1294000000 ---p 00000000 00:00 0 
7f1294000000-7f1294027000 rw-p 00000000 00:00 0 
7f1294027000-7f1298000000 ---p 00000000 00:00 0 
7f1298000000-7f1298021000 rw-p 00000000 00:00 0 
7f1298021000-7f129c000000 ---p 00000000 00:00 0 
7f129c000000-7f129c021000 rw-p 00000000 00:00 0 
7f129c021000-7f12a0000000 ---p 00000000 00:00 0 
7f12a0000000-7f12a0021000 rw-p 00000000 00:00 0 
7f12a0021000-7f12a4000000 ---p 00000000 00:00 0 
7f12a4000000-7f12a4021000 rw-p 00000000 00:00 0 
7f12a4021000-7f12a8000000 ---p 00000000 00:00 0 
7f12a8000000-7f12a81b8000 rw-p 00000000 00:00 0 
7f12a81b8000-7f12ac000000 ---p 00000000 00:00 0 
7f12ac000000-7f12ac021000 rw-p 00000000 00:00 0 
7f12ac021000-7f12b0000000 ---p 00000000 00:00 0 
7f12b0000000-7f12b3fda000 rw-p 00000000 00:00 0 
7f12b3fda000-7f12b4000000 ---p 00000000 00:00 0 
7f12b4000000-7f12b4021000 rw-p 00000000 00:00 0 
7f12b4021000-7f12b8000000 ---p 00000000 00:00 0 
7f12b8000000-7f12b8021000 rw-p 00000000 00:00 0 
7f12b8021000-7f12bc000000 ---p 00000000 00:00 0 
7f12bc000000-7f12bfffd000 rw-p 00000000 00:00 0 
7f12bfffd000-7f12c0000000 ---p 00000000 00:00 0 
7f12c0000000-7f12c3fff000 rw-p 00000000 00:00 0 
7f12c3fff000-7f12c4000000 ---p 00000000 00:00 0 
7f12c4000000-7f12c4021000 rw-p 00000000 00:00 0 
7f12c4021000-7f12c8000000 ---p 00000000 00:00 0 
7f12c8000000-7f12c8021000 rw-p 00000000 00:00 0 
7f12c8021000-7f12cc000000 ---p 00000000 00:00 0 
7f12cc000000-7f12cc179000 rw-p 00000000 00:00 0 
7f12cc179000-7f12d0000000 ---p 00000000 00:00 0 
7f12d0000000-7f12d0021000 rw-p 00000000 00:00 0 
7f12d0021000-7f12d4000000 ---p 00000000 00:00 0 
7f12d4000000-7f12d4040000 rw-p 00000000 00:00 0 
7f12d4040000-7f12d8000000 ---p 00000000 00:00 0 
7f12d8000000-7f12d8021000 rw-p 00000000 00:00 0 
7f12d8021000-7f12dc000000 ---p 00000000 00:00 0 
7f12dc000000-7f12dc028000 rw-p 00000000 00:00 0 
7f12dc028000-7f12e0000000 ---p 00000000 00:00 0 
7f12e09bd000-7f12e09c0000 ---p 00000000 00:00 0 
7f12e09c0000-7f12e0abe000 rw-p 00000000 00:00 0 
7f12e0abe000-7f12e0ac1000 ---p 00000000 00:00 0 
7f12e0ac1000-7f12e0bbf000 rw-p 00000000 00:00 0 
7f12e0bbf000-7f12e0bc2000 ---p 00000000 00:00 0 
7f12e0bc2000-7f12e0cc0000 rw-p 00000000 00:00 0 
7f12e0cc0000-7f12e0cc6000 r-xp 00000000 08:02 18747991                   /usr/lib/jvm/java-6-openjdk-amd64/jre/lib/amd64/libmanagement.so
7f12e0cc6000-7f12e0ec5000 ---p 00006000 08:02 18747991                   /usr/lib/jvm/java-6-openjdk-amd64/jre/lib/amd64/libmanagement.so
7f12e0ec5000-7f12e0ec6000 r--p 00005000 08:02 18747991                   /usr/lib/jvm/java-6-openjdk-amd64/jre/lib/amd64/libmanagement.so
7f12e0ec6000-7f12e0ec7000 rw-p 00006000 08:02 18747991                   /usr/lib/jvm/java-6-openjdk-amd64/jre/lib/amd64/libmanagement.so
7f12e0ec7000-7f12e0eca000 ---p 00000000 00:00 0 
7f12e0eca000-7f12e0fc8000 rw-p 00000000 00:00 0 
7f12e0fc8000-7f12e0fcb000 ---p 00000000 00:00 0 
7f12e0fcb000-7f12e10c9000 rw-p 00000000 00:00 0 
7f12e10c9000-7f12e10cc000 ---p 00000000 00:00 0 
7f12e10cc000-7f12e11ca000 rw-p 00000000 00:00 0 
7f12e11ca000-7f12e11cd000 ---p 00000000 00:00 0 
7f12e11cd000-7f12e12cb000 rw-p 00000000 00:00 0 
7f12e12cb000-7f12e12ce000 ---p 00000000 00:00 0 
7f12e12ce000-7f12e13cc000 rw-p 00000000 00:00 0 
7f12e13cc000-7f12e13cf000 ---p 00000000 00:00 0 
7f12e13cf000-7f12e14cd000 rw-p 00000000 00:00 0 
7f12e14cd000-7f12e14d0000 ---p 00000000 00:00 0 
7f12e14d0000-7f12e15ce000 rw-p 00000000 00:00 0 
7f12e15ce000-7f12e15d1000 ---p 00000000 00:00 0 
7f12e15d1000-7f12e16cf000 rw-p 00000000 00:00 0 
7f12e16cf000-7f12e16d2000 ---p 00000000 00:00 0 
7f12e16d2000-7f12e17d0000 rw-p 00000000 00:00 0 
7f12e17d0000-7f12e17d3000 ---p 00000000 00:00 0 
7f12e17d3000-7f12e18d1000 rw-p 00000000 00:00 0 
7f12e18d1000-7f12e18d4000 ---p 00000000 00:00 0 
7f12e18d4000-7f12e19d2000 rw-p 00000000 00:00 0 
7f12e19d2000-7f12e19d5000 ---p 00000000 00:00 0 
7f12e19d5000-7f12e1ad3000 rw-p 00000000 00:00 0 
7f12e1ad3000-7f12e1ad6000 ---p 00000000 00:00 0 
7f12e1ad6000-7f12e1bd4000 rw-p 00000000 00:00 0 
7f12e1bd4000-7f12e1bec000 r-xp 00000000 08:02 16256582                   /lib/x86_64-linux-gnu/libresolv-2.15.so
7f12e1bec000-7f12e1dec000 ---p 00018000 08:02 16256582                   /lib/x86_64-linux-gnu/libresolv-2.15.so
7f12e1dec000-7f12e1ded000 r--p 00018000 08:02 16256582                   /lib/x86_64-linux-gnu/libresolv-2.15.so
7f12e1ded000-7f12e1dee000 rw-p 00019000 08:02 16256582                   /lib/x86_64-linux-gnu/libresolv-2.15.so
7f12e1dee000-7f12e1df0000 rw-p 00000000 00:00 0 
7f12e1df0000-7f12e1df7000 r-xp 00000000 08:02 16256547                   /lib/x86_64-linux-gnu/libnss_dns-2.15.so
7f12e1df7000-7f12e1ff6000 ---p 00007000 08:02 16256547                   /lib/x86_64-linux-gnu/libnss_dns-2.15.so
7f12e1ff6000-7f12e1ff7000 r--p 00006000 08:02 16256547                   /lib/x86_64-linux-gnu/libnss_dns-2.15.so
7f12e1ff7000-7f12e1ff8000 rw-p 00007000 08:02 16256547                   /lib/x86_64-linux-gnu/libnss_dns-2.15.so
7f12e1ff8000-7f12e1ffa000 r-xp 00000000 08:02 16252982                   /lib/libnss_mdns4_minimal.so.2
7f12e1ffa000-7f12e21f9000 ---p 00002000 08:02 16252982                   /lib/libnss_mdns4_minimal.so.2
7f12e21f9000-7f12e21fa000 r--p 00001000 08:02 16252982                   /lib/libnss_mdns4_minimal.so.2
7f12e21fa000-7f12e21fb000 rw-p 00002000 08:02 16252982                   /lib/libnss_mdns4_minimal.so.2
7f12e221b000-7f12e221e000 ---p 00000000 00:00 0 
7f12e221e000-7f12e231c000 rw-p 00000000 00:00 0 
7f12e231c000-7f12e231f000 ---p 00000000 00:00 0 
7f12e231f000-7f12e241d000 rw-p 00000000 00:00 0 
7f12e241d000-7f12e247a000 r-xp 00000000 08:02 16651114                   /usr/lib/x86_64-linux-gnu/nss/libfreebl3.so
7f12e247a000-7f12e2679000 ---p 0005d000 08:02 16651114                   /usr/lib/x86_64-linux-gnu/nss/libfreebl3.so
7f12e2679000-7f12e267b000 r--p 0005c000 08:02 16651114                   /usr/lib/x86_64-linux-gnu/nss/libfreebl3.so
7f12e267b000-7f12e267c000 rw-p 0005e000 08:02 16651114                   /usr/lib/x86_64-linux-gnu/nss/libfreebl3.so
7f12e267c000-7f12e2680000 rw-p 00000000 00:00 0 
7f12e2680000-7f12e271e000 r-xp 00000000 08:02 16131587                   /usr/lib/x86_64-linux-gnu/libsqlite3.so.0.8.6
7f12e271e000-7f12e291e000 ---p 0009e000 08:02 16131587                   /usr/lib/x86_64-linux-gnu/libsqlite3.so.0.8.6
7f12e291e000-7f12e2920000 r--p 0009e000 08:02 16131587                   /usr/lib/x86_64-linux-gnu/libsqlite3.so.0.8.6
7f12e2920000-7f12e2922000 rw-p 000a0000 08:02 16131587                   /usr/lib/x86_64-linux-gnu/libsqlite3.so.0.8.6
7f12e2922000-7f12e2923000 rw-p 00000000 00:00 0 
7f12e2923000-7f12e295c000 r-xp 00000000 08:02 16651117                   /usr/lib/x86_64-linux-gnu/nss/libsoftokn3.so
7f12e295c000-7f12e2b5b000 ---p 00039000 08:02 16651117                   /usr/lib/x86_64-linux-gnu/nss/libsoftokn3.so
7f12e2b5b000-7f12e2b5d000 r--p 00038000 08:02 16651117                   /usr/lib/x86_64-linux-gnu/nss/libsoftokn3.so
7f12e2b5d000-7f12e2b5e000 rw-p 0003a000 08:02 16651117                   /usr/lib/x86_64-linux-gnu/nss/libsoftokn3.so
7f12e2b5e000-7f12e2b98000 r-xp 00000000 08:02 16127779                   /usr/lib/x86_64-linux-gnu/libnspr4.so
7f12e2b98000-7f12e2d97000 ---p 0003a000 08:02 16127779                   /usr/lib/x86_64-linux-gnu/libnspr4.so
7f12e2d97000-7f12e2d98000 r--p 00039000 08:02 16127779                   /usr/lib/x86_64-linux-gnu/libnspr4.so
7f12e2d98000-7f12e2d9a000 rw-p 0003a000 08:02 16127779                   /usr/lib/x86_64-linux-gnu/libnspr4.so
7f12e2d9a000-7f12e2d9c000 rw-p 00000000 00:00 0 
7f12e2d9c000-7f12e2d9f000 r-xp 00000000 08:02 16127775                   /usr/lib/x86_64-linux-gnu/libplds4.so
7f12e2d9f000-7f12e2f9e000 ---p 00003000 08:02 16127775                   /usr/lib/x86_64-linux-gnu/libplds4.so
7f12e2f9e000-7f12e2f9f000 r--p 00002000 08:02 16127775                   /usr/lib/x86_64-linux-gnu/libplds4.so
7f12e2f9f000-7f12e2fa0000 rw-p 00003000 08:02 16127775                   /usr/lib/x86_64-linux-gnu/libplds4.so
7f12e2fa0000-7f12e2fa4000 r-xp 00000000 08:02 16127777                   /usr/lib/x86_64-linux-gnu/libplc4.so
7f12e2fa4000-7f12e31a3000 ---p 00004000 08:02 16127777                   /usr/lib/x86_64-linux-gnu/libplc4.so
7f12e31a3000-7f12e31a4000 r--p 00003000 08:02 16127777                   /usr/lib/x86_64-linux-gnu/libplc4.so
7f12e31a4000-7f12e31a5000 rw-p 00004000 08:02 16127777                   /usr/lib/x86_64-linux-gnu/libplc4.so
7f12e31a5000-7f12e31c1000 r-xp 00000000 08:02 16123808                   /usr/lib/x86_64-linux-gnu/libnssutil3.so
7f12e31c1000-7f12e33c1000 ---p 0001c000 08:02 16123808                   /usr/lib/x86_64-linux-gnu/libnssutil3.so
7f12e33c1000-7f12e33c7000 r--p 0001c000 08:02 16123808                   /usr/lib/x86_64-linux-gnu/libnssutil3.so
7f12e33c7000-7f12e33c8000 rw-p 00022000 08:02 16123808                   /usr/lib/x86_64-linux-gnu/libnssutil3.so
7f12e33c8000-7f12e34c6000 r-xp 00000000 08:02 16122488                   /usr/lib/x86_64-linux-gnu/libnss3.so
7f12e34c6000-7f12e36c5000 ---p 000fe000 08:02 16122488                   /usr/lib/x86_64-linux-gnu/libnss3.so
7f12e36c5000-7f12e36ca000 r--p 000fd000 08:02 16122488                   /usr/lib/x86_64-linux-gnu/libnss3.so
7f12e36ca000-7f12e36cc000 rw-p 00102000 08:02 16122488                   /usr/lib/x86_64-linux-gnu/libnss3.so
7f12e36cc000-7f12e36ce000 rw-p 00000000 00:00 0 
7f12e36d2000-7f12e36e0000 r--s 00351000 08:02 18489869                   /usr/lib/jvm/java-6-openjdk-common/jre/lib/charsets.jar
7f12e36e0000-7f12e36ee000 r--s 00351000 08:02 18489869                   /usr/lib/jvm/java-6-openjdk-common/jre/lib/charsets.jar
7f12e36ee000-7f12e36fc000 r-xp 00000000 08:02 18747997                   /usr/lib/jvm/java-6-openjdk-amd64/jre/lib/amd64/libj2pkcs11.so
7f12e36fc000-7f12e38fc000 ---p 0000e000 08:02 18747997                   /usr/lib/jvm/java-6-openjdk-amd64/jre/lib/amd64/libj2pkcs11.so
7f12e38fc000-7f12e38fd000 r--p 0000e000 08:02 18747997                   /usr/lib/jvm/java-6-openjdk-amd64/jre/lib/amd64/libj2pkcs11.so
7f12e38fd000-7f12e38fe000 rw-p 0000f000 08:02 18747997                   /usr/lib/jvm/java-6-openjdk-amd64/jre/lib/amd64/libj2pkcs11.so
7f12e38fe000-7f12e3900000 r--s 00013000 08:02 18489868                   /usr/lib/jvm/java-6-openjdk-common/jre/lib/jce.jar
7f12e390c000-7f12e3910000 r--s 0002f000 08:02 4722137                    /home/jam/.grails/ivy-cache/org.grails/grails-test/jars/grails-test-2.1.1.jar
7f12e3910000-7f12e3916000 r--s 0006c000 08:02 4722135                    /home/jam/.grails/ivy-cache/org.grails/grails-plugin-testing/jars/grails-plugin-testing-2.1.1.jar
7f12e3916000-7f12e3917000 r--s 00002000 08:02 5636284                    /home/jam/.grails/ivy-cache/org.hibernate/hibernate-ehcache/jars/hibernate-ehcache-3.6.10.Final.jar
7f12e3917000-7f12e391c000 r--s 00048000 08:02 5636282                    /home/jam/.grails/ivy-cache/dom4j/dom4j/jars/dom4j-1.6.1.jar
7f12e391c000-7f12e3921000 r--s 00068000 08:02 5636280                    /home/jam/.grails/ivy-cache/antlr/antlr/jars/antlr-2.7.7.jar
7f12e3921000-7f12e392a000 r--s 00098000 08:02 5636278                    /home/jam/.grails/ivy-cache/org.javassist/javassist/jars/javassist-3.16.1-GA.jar
7f12e392a000-7f12e392d000 r--s 00009000 08:02 5636286                    /home/jam/.grails/ivy-cache/javax.validation/validation-api/jars/validation-api-1.0.0.GA.jar
7f12e392d000-7f12e3934000 r--s 00040000 08:02 5636276                    /home/jam/.grails/ivy-cache/org.hibernate/hibernate-validator/jars/hibernate-validator-4.1.0.Final.jar
7f12e3934000-7f12e3937000 r--s 0000f000 08:02 5636274                    /home/jam/.grails/ivy-cache/org.hibernate/hibernate-commons-annotations/jars/hibernate-commons-annotations-3.2.0.Final.jar
7f12e3937000-7f12e3969000 r--s 002c9000 08:02 5636272                    /home/jam/.grails/ivy-cache/org.hibernate/hibernate-core/jars/hibernate-core-3.6.10.Final.jar
7f12e3969000-7f12e397a000 r--s 000d2000 08:02 5636617                    /home/jam/.grails/ivy-cache/org.liquibase/liquibase-core/jars/liquibase-core-2.0.5.jar
7f12e397a000-7f12e3981000 r--s 000bd000 08:02 4722926                    /home/jam/.grails/ivy-cache/mysql/mysql-connector-java/jars/mysql-connector-java-5.1.20.jar
7f12e3981000-7f12e3983000 r--s 00000000 08:02 4722133                    /home/jam/.grails/ivy-cache/org.slf4j/jul-to-slf4j/jars/jul-to-slf4j-1.6.2.jar
7f12e3983000-7f12e3985000 r--s 00003000 08:02 4722131                    /home/jam/.grails/ivy-cache/org.slf4j/jcl-over-slf4j/jars/jcl-over-slf4j-1.6.2.jar
7f12e3985000-7f12e398e000 r--s 0006d000 08:02 4722129                    /home/jam/.grails/ivy-cache/log4j/log4j/bundles/log4j-1.2.16.jar
7f12e398e000-7f12e39a3000 r--s 000e3000 08:02 4722127                    /home/jam/.grails/ivy-cache/net.sf.ehcache/ehcache-core/jars/ehcache-core-2.4.6.jar
7f12e39a3000-7f12e39a5000 r--s 00005000 08:02 4722125                    /home/jam/.grails/ivy-cache/xpp3/xpp3_min/jars/xpp3_min-1.1.4c.jar
7f12e39a5000-7f12e39a7000 r--s 00004000 08:02 4722123                    /home/jam/.grails/ivy-cache/javax.servlet/jstl/jars/jstl-1.1.2.jar
7f12e39a7000-7f12e39b1000 r--s 0012c000 08:02 4722121                    /home/jam/.grails/ivy-cache/com.h2database/h2/jars/h2-1.3.164.jar
7f12e39b1000-7f12e39b4000 r--s 00016000 08:02 4722119                    /home/jam/.grails/ivy-cache/commons-pool/commons-pool/jars/commons-pool-1.5.6.jar
7f12e39b4000-7f12e39b7000 r--s 00025000 08:02 4722117                    /home/jam/.grails/ivy-cache/commons-dbcp/commons-dbcp/jars/commons-dbcp-1.4.jar
7f12e39b7000-7f12e39b9000 r--s 0000e000 08:02 4722115                    /home/jam/.grails/ivy-cache/oro/oro/jars/oro-2.0.8.jar
7f12e39b9000-7f12e39bb000 r--s 0000d000 08:02 4722113                    /home/jam/.grails/ivy-cache/commons-fileupload/commons-fileupload/jars/commons-fileupload-1.2.2.jar
7f12e39bb000-7f12e39bc000 r--s 0000a000 08:02 4722111                    /home/jam/.grails/ivy-cache/asm/asm/jars/asm-3.1.jar
7f12e39bc000-7f12e39c3000 r--s 0003e000 08:02 4722109                    /home/jam/.grails/ivy-cache/cglib/cglib/jars/cglib-2.2.jar
7f12e39c3000-7f12e39c7000 r--s 00019000 08:02 4722107                    /home/jam/.grails/ivy-cache/org.aspectj/aspectjrt/jars/aspectjrt-1.6.10.jar
7f12e39c7000-7f12e39dd000 r--s 00184000 08:02 4722105                    /home/jam/.grails/ivy-cache/org.aspectj/aspectjweaver/jars/aspectjweaver-1.6.10.jar
7f12e39dd000-7f12e39e4000 r--s 00056000 08:02 4722103                    /home/jam/.grails/ivy-cache/org.grails/grails-datastore-simple/jars/grails-datastore-simple-1.1.0.RELEASE.jar
7f12e39e4000-7f12e39ed000 r--s 00044000 08:02 4722101                    /home/jam/.grails/ivy-cache/org.grails/grails-datastore-core/jars/grails-datastore-core-1.1.0.RELEASE.jar
7f12e39ed000-7f12e39f2000 r--s 0004c000 08:02 4722099                    /home/jam/.grails/ivy-cache/org.grails/grails-datastore-gorm/jars/grails-datastore-gorm-1.1.0.RELEASE.jar
7f12e39f2000-7f12e39fd000 r--s 00082000 08:02 4722097                    /home/jam/.grails/ivy-cache/org.springframework/spring-webmvc/jars/spring-webmvc-3.1.2.RELEASE.jar
7f12e39fd000-7f12e3a09000 r--s 0007a000 08:02 4722095                    /home/jam/.grails/ivy-cache/org.springframework/spring-web/jars/spring-web-3.1.2.RELEASE.jar
7f12e3a09000-7f12e3a10000 r--s 00035000 08:02 4722093                    /home/jam/.grails/ivy-cache/org.springframework/spring-tx/jars/spring-tx-3.1.2.RELEASE.jar
7f12e3a10000-7f12e3a19000 r--s 00054000 08:02 4722091                    /home/jam/.grails/ivy-cache/org.springframework/spring-orm/jars/spring-orm-3.1.2.RELEASE.jar
7f12e3a19000-7f12e3a1e000 r--s 0002c000 08:02 4722089                    /home/jam/.grails/ivy-cache/org.springframework/spring-jms/jars/spring-jms-3.1.2.RELEASE.jar
7f12e3a1e000-7f12e3a28000 r--s 00059000 08:02 4722087                    /home/jam/.grails/ivy-cache/org.springframework/spring-jdbc/jars/spring-jdbc-3.1.2.RELEASE.jar
7f12e3a28000-7f12e3a2c000 r--s 00027000 08:02 4722085                    /home/jam/.grails/ivy-cache/org.springframework/spring-expression/jars/spring-expression-3.1.2.RELEASE.jar
7f12e3a2c000-7f12e3a2f000 r--s 00018000 08:02 4722083                    /home/jam/.grails/ivy-cache/org.springframework/spring-context-support/jars/spring-context-support-3.1.2.RELEASE.jar
7f12e3a2f000-7f12e3a44000 r--s 000b7000 08:02 4722081                    /home/jam/.grails/ivy-cache/org.springframework/spring-context/jars/spring-context-3.1.2.RELEASE.jar
7f12e3a44000-7f12e3a50000 r--s 00085000 08:02 4722079                    /home/jam/.grails/ivy-cache/org.springframework/spring-beans/jars/spring-beans-3.1.2.RELEASE.jar
7f12e3a50000-7f12e3a51000 r--s 0000c000 08:02 4722077                    /home/jam/.grails/ivy-cache/org.springframework/spring-asm/jars/spring-asm-3.1.2.RELEASE.jar
7f12e3a51000-7f12e3a53000 r--s 0000b000 08:02 4722075                    /home/jam/.grails/ivy-cache/org.springframework/spring-aspects/jars/spring-aspects-3.1.2.RELEASE.jar
7f12e3a53000-7f12e3a5c000 r--s 00049000 08:02 4722073                    /home/jam/.grails/ivy-cache/org.springframework/spring-aop/jars/spring-aop-3.1.2.RELEASE.jar
7f12e3a5c000-7f12e3a66000 r--s 00064000 08:02 4722071                    /home/jam/.grails/ivy-cache/org.springframework/spring-core/jars/spring-core-3.1.2.RELEASE.jar
7f12e3a66000-7f12e3a68000 r--s 00008000 08:02 4722069                    /home/jam/.grails/ivy-cache/org.grails/grails-plugin-validation/jars/grails-plugin-validation-2.1.1.jar
7f12e3a68000-7f12e3a6b000 r--s 0001c000 08:02 4722067                    /home/jam/.grails/ivy-cache/org.grails/grails-plugin-url-mappings/jars/grails-plugin-url-mappings-2.1.1.jar
7f12e3a6b000-7f12e3a6d000 r--s 0000f000 08:02 4722065                    /home/jam/.grails/ivy-cache/org.grails/grails-plugin-mimetypes/jars/grails-plugin-mimetypes-2.1.1.jar
7f12e3a6d000-7f12e3a6f000 r--s 00005000 08:02 4722063                    /home/jam/.grails/ivy-cache/org.grails/grails-plugin-servlets/jars/grails-plugin-servlets-2.1.1.jar
7f12e3a6f000-7f12e3a70000 r--s 00008000 08:02 4722061                    /home/jam/.grails/ivy-cache/org.grails/grails-plugin-services/jars/grails-plugin-services-2.1.1.jar
7f12e3a70000-7f12e3a72000 r--s 00006000 08:02 4722059                    /home/jam/.grails/ivy-cache/org.grails/grails-plugin-scaffolding/jars/grails-plugin-scaffolding-2.1.1.jar
7f12e3a72000-7f12e3a74000 r--s 0000e000 08:02 4722057                    /home/jam/.grails/ivy-cache/org.grails/grails-plugin-log4j/jars/grails-plugin-log4j-2.1.1.jar
7f12e3a74000-7f12e3a76000 r--s 00005000 08:02 4722055                    /home/jam/.grails/ivy-cache/org.grails/grails-plugin-i18n/jars/grails-plugin-i18n-2.1.1.jar
7f12e3a76000-7f12e3a7d000 r--s 0006d000 08:02 4722053                    /home/jam/.grails/ivy-cache/org.grails/grails-plugin-gsp/jars/grails-plugin-gsp-2.1.1.jar
7f12e3a7d000-7f12e3a7f000 r--s 0000e000 08:02 4722051                    /home/jam/.grails/ivy-cache/org.grails/grails-plugin-filters/jars/grails-plugin-filters-2.1.1.jar
7f12e3a7f000-7f12e3a81000 r--s 00009000 08:02 4722049                    /home/jam/.grails/ivy-cache/org.grails/grails-plugin-datasource/jars/grails-plugin-datasource-2.1.1.jar
7f12e3a81000-7f12e3a85000 r--s 00024000 08:02 4722047                    /home/jam/.grails/ivy-cache/org.grails/grails-plugin-converters/jars/grails-plugin-converters-2.1.1.jar
7f12e3a85000-7f12e3a88000 r--s 00019000 08:02 4722045                    /home/jam/.grails/ivy-cache/org.grails/grails-plugin-domain-class/jars/grails-plugin-domain-class-2.1.1.jar
7f12e3a88000-7f12e3a8c000 r--s 00028000 08:02 4722043                    /home/jam/.grails/ivy-cache/org.grails/grails-plugin-controllers/jars/grails-plugin-controllers-2.1.1.jar
7f12e3a8c000-7f12e3a8e000 r--s 00015000 08:02 4722041                    /home/jam/.grails/ivy-cache/org.grails/grails-plugin-codecs/jars/grails-plugin-codecs-2.1.1.jar
7f12e3a8e000-7f12e3a8f000 r--s 00000000 08:02 4722039                    /home/jam/.grails/ivy-cache/org.grails/grails-logging/jars/grails-logging-2.1.1.jar
7f12e3a8f000-7f12e3a91000 r--s 00009000 08:02 4722037                    /home/jam/.grails/ivy-cache/org.grails/grails-spring/jars/grails-spring-2.1.1.jar
7f12e3a91000-7f12e3a9b000 r--s 0008a000 08:02 4722035                    /home/jam/.grails/ivy-cache/org.grails/grails-hibernate/jars/grails-hibernate-2.1.1.jar
7f12e3a9b000-7f12e3a9d000 r--s 00009000 08:02 4722033                    /home/jam/.grails/ivy-cache/org.grails/grails-crud/jars/grails-crud-2.1.1.jar
7f12e3a9d000-7f12e3aa3000 r--s 00027000 08:02 4722031                    /home/jam/.grails/ivy-cache/opensymphony/sitemesh/jars/sitemesh-2.4.jar
7f12e3aa3000-7f12e3aa8000 r--s 00015000 08:02 4722029                    /home/jam/.grails/ivy-cache/org.hibernate.javax.persistence/hibernate-jpa-2.0-api/jars/hibernate-jpa-2.0-api-1.0.1.Final.jar
7f12e3aa8000-7f12e3aa9000 r--s 00003000 08:02 4722027                    /home/jam/.grails/ivy-cache/javax.transaction/jta/jars/jta-1.1.jar
7f12e3aa9000-7f12e3aae000 r--s 00041000 08:02 4722025                    /home/jam/.grails/ivy-cache/commons-lang/commons-lang/jars/commons-lang-2.6.jar
7f12e3aae000-7f12e3ab1000 r--s 00025000 08:02 4722023                    /home/jam/.grails/ivy-cache/commons-io/commons-io/jars/commons-io-2.1.jar
7f12e3ab1000-7f12e3abf000 r--s 0007f000 08:02 4722021                    /home/jam/.grails/ivy-cache/commons-collections/commons-collections/jars/commons-collections-3.2.1.jar
7f12e3abf000-7f12e3ac1000 r--s 00010000 08:02 4722019                    /home/jam/.grails/ivy-cache/commons-codec/commons-codec/jars/commons-codec-1.5.jar
7f12e3ac1000-7f12e3ac3000 r--s 00000000 08:02 4722017                    /home/jam/.grails/ivy-cache/aopalliance/aopalliance/jars/aopalliance-1.0.jar
7f12e3ac3000-7f12e3ac6000 r--s 0001f000 08:02 4722015                    /home/jam/.grails/ivy-cache/commons-validator/commons-validator/jars/commons-validator-1.3.1.jar
7f12e3ac6000-7f12e3ac9000 r--s 00019000 08:02 4722013                    /home/jam/.grails/ivy-cache/commons-el/commons-el/jars/commons-el-1.0.jar
7f12e3ac9000-7f12e3ace000 r--s 00034000 08:02 4722011                    /home/jam/.grails/ivy-cache/commons-beanutils/commons-beanutils/jars/commons-beanutils-1.8.3.jar
7f12e3ace000-7f12e3b2c000 r--s 00592000 08:02 4722009                    /home/jam/.grails/ivy-cache/org.codehaus.groovy/groovy-all/jars/groovy-all-1.8.8.jar
7f12e3b2c000-7f12e3b2e000 r--s 0000d000 08:02 5508471                    /home/jam/.grails/ivy-cache/org.grails/grails-plugin-tomcat/jars/grails-plugin-tomcat-2.1.1.jar
7f12e3b2e000-7f12e3b3e000 r--s 0019c000 08:02 5508469                    /home/jam/.grails/ivy-cache/org.eclipse.jdt.core.compiler/ecj/jars/ecj-3.7.2.jar
7f12e3b3e000-7f12e3b40000 r--s 00008000 08:02 5508467                    /home/jam/.grails/ivy-cache/org.apache.tomcat.embed/tomcat-embed-logging-juli/jars/tomcat-embed-logging-juli-7.0.30.jar
7f12e3b40000-7f12e3b42000 r--s 00013000 08:02 4721761                    /home/jam/.grails/ivy-cache/org.apache.tomcat.embed/tomcat-embed-logging-log4j/jars/tomcat-embed-logging-log4j-7.0.30.jar
7f12e3b42000-7f12e3b4d000 r--s 000b6000 08:02 4721759                    /home/jam/.grails/ivy-cache/org.apache.tomcat.embed/tomcat-embed-jasper/jars/tomcat-embed-jasper-7.0.30.jar
7f12e3b4d000-7f12e3b6f000 r--s 00254000 08:02 4721757                    /home/jam/.grails/ivy-cache/org.apache.tomcat.embed/tomcat-embed-core/jars/tomcat-embed-core-7.0.30.jar
7f12e3b6f000-7f12e3b71000 r--s 0000c000 08:02 5508465                    /home/jam/.grails/ivy-cache/org.apache.tomcat/tomcat-catalina-ant/jars/tomcat-catalina-ant-7.0.30.jar
7f12e3b71000-7f12e3b72000 r--s 00001000 08:02 4721467                    /home/jam/.grails/ivy-cache/org.apache.ant/ant-trax/jars/ant-trax-1.7.1.jar
7f12e3b72000-7f12e3b74000 r--s 00017000 08:02 4721465                    /home/jam/.grails/ivy-cache/org.apache.ant/ant-junit/jars/ant-junit-1.8.2.jar
7f12e3b74000-7f12e3b92000 r--s 001bb000 08:02 4721461                    /home/jam/.grails/ivy-cache/org.apache.ant/ant/jars/ant-1.8.2.jar
7f12e3b92000-7f12e3ba7000 r-xp 00000000 08:02 18747986                   /usr/lib/jvm/java-6-openjdk-amd64/jre/lib/amd64/libnet.so
7f12e3ba7000-7f12e3da6000 ---p 00015000 08:02 18747986                   /usr/lib/jvm/java-6-openjdk-amd64/jre/lib/amd64/libnet.so
7f12e3da6000-7f12e3da7000 r--p 00014000 08:02 18747986                   /usr/lib/jvm/java-6-openjdk-amd64/jre/lib/amd64/libnet.so
7f12e3da7000-7f12e3da8000 rw-p 00015000 08:02 18747986                   /usr/lib/jvm/java-6-openjdk-amd64/jre/lib/amd64/libnet.so
7f12e3da8000-7f12e3dab000 ---p 00000000 00:00 0 
7f12e3dab000-7f12e3ea9000 rw-p 00000000 00:00 0 
7f12e3ea9000-7f12e3eb0000 r--s 00037000 08:02 4721459                    /home/jam/.grails/ivy-cache/junit/junit/jars/junit-4.10.jar
7f12e3eb0000-7f12e3eb3000 r--s 0000b000 08:02 4721456                    /home/jam/.grails/ivy-cache/com.googlecode.concurrentlinkedhashmap/concurrentlinkedhashmap-lru/jars/concurrentlinkedhashmap-lru-1.2_jdk5.jar
7f12e3eb3000-7f12e3eb9000 r--s 00033000 08:02 4721454                    /home/jam/.grails/ivy-cache/org.springframework/spring-test/jars/spring-test-3.1.2.RELEASE.jar
7f12e3eb9000-7f12e3ebb000 r--s 00005000 08:02 4721452                    /home/jam/.grails/ivy-cache/org.slf4j/slf4j-api/jars/slf4j-api-1.6.2.jar
7f12e3ebb000-7f12e3ec8000 r--s 000b7000 08:02 4721450                    /home/jam/.grails/ivy-cache/org.grails/grails-web/jars/grails-web-2.1.1.jar
7f12e3ec8000-7f12e3ed6000 r--s 000b5000 08:02 4721446                    /home/jam/.grails/ivy-cache/org.grails/grails-core/jars/grails-core-2.1.1.jar
7f12e3ed6000-7f12e3ee1000 r--s 000fe000 08:02 4721444                    /home/jam/.grails/ivy-cache/org.grails/grails-scripts/jars/grails-scripts-2.1.1.jar
7f12e3ee1000-7f12e3eea000 r--s 000a8000 08:02 4721442                    /home/jam/.grails/ivy-cache/org.grails/grails-bootstrap/jars/grails-bootstrap-2.1.1.jar
7f12e3eea000-7f12e3eff000 r-xp 00000000 08:02 8650859                    /tmp/jna5469526356580980132.tmp
7f12e3eff000-7f12e3ffe000 ---p 00015000 08:02 8650859                    /tmp/jna5469526356580980132.tmp
7f12e3ffe000-7f12e4000000 rw-p 00014000 08:02 8650859                    /tmp/jna5469526356580980132.tmp
7f12e4000000-7f12e4023000 rw-p 00000000 00:00 0 
7f12e4023000-7f12e8000000 ---p 00000000 00:00 0 
7f12e8001000-7f12e8004000 r--s 00044000 08:02 4721440                    /home/jam/.grails/ivy-cache/org.grails/grails-docs/jars/grails-docs-2.1.1.jar
7f12e8004000-7f12e8007000 r--s 00041000 08:02 4721438                    /home/jam/.grails/ivy-cache/xalan/serializer/jars/serializer-2.7.1.jar
7f12e8007000-7f12e800a000 r--s 000cf000 08:02 4721436                    /home/jam/.grails/ivy-cache/net.java.dev.jna/jna/jars/jna-3.2.3.jar
7f12e800a000-7f12e800c000 r--s 00008000 08:02 4721434                    /home/jam/.grails/ivy-cache/org.fusesource.jansi/jansi/jars/jansi-1.2.1.jar
7f12e800c000-7f12e801b000 r--s 000d9000 08:02 4721424                    /home/jam/.grails/ivy-cache/org.apache.ivy/ivy/jars/ivy-2.2.0.jar
7f12e801b000-7f12e801d000 r--s 00015000 08:02 4721422                    /home/jam/.grails/ivy-cache/jline/jline/jars/jline-1.0.jar
7f12e801d000-7f12e8042000 r--s 00172000 08:02 4721397                    /home/jam/.grails/ivy-cache/org.bouncycastle/bcprov-jdk15/jars/bcprov-jdk15-1.45.jar
7f12e8042000-7f12e80a2000 r--s 00d92000 08:02 18877160                   /usr/lib/jvm/java-6-openjdk-amd64/lib/tools.jar
7f12e80a2000-7f12e80c0000 r--s 001bb000 08:02 15997849                   /home/jam/Applications/grails-2.1.1/lib/org.apache.ant/ant/jars/ant-1.8.2.jar
7f12e80c0000-7f12e80c1000 ---p 00000000 00:00 0 
7f12e80c1000-7f12e81c1000 rw-p 00000000 00:00 0 
7f12e81c1000-7f12e81c4000 ---p 00000000 00:00 0 
7f12e81c4000-7f12e82c2000 rw-p 00000000 00:00 0 
7f12e82c2000-7f12e82c5000 ---p 00000000 00:00 0 
7f12e82c5000-7f12e83c3000 rw-p 00000000 00:00 0 
7f12e83c3000-7f12e83c6000 ---p 00000000 00:00 0 
7f12e83c6000-7f12e84c4000 rw-p 00000000 00:00 0 
7f12e84c4000-7f12e8522000 r--s 00592000 08:02 4587821                    /home/jam/Applications/grails-2.1.1/lib/org.codehaus.groovy/groovy-all/jars/groovy-all-1.8.8.jar
7f12e8522000-7f12e8525000 ---p 00000000 00:00 0 
7f12e8525000-7f12e8623000 rw-p 00000000 00:00 0 
7f12e8623000-7f12e8dfe000 r--p 00000000 08:02 16128286                   /usr/lib/locale/locale-archive
7f12e8dfe000-7f12e8e01000 ---p 00000000 00:00 0 
7f12e8e01000-7f12e8eff000 rw-p 00000000 00:00 0 
7f12e8eff000-7f12e8f02000 ---p 00000000 00:00 0 
7f12e8f02000-7f12e9000000 rw-p 00000000 00:00 0 
7f12e9000000-7f12e96c0000 rwxp 00000000 00:00 0 
7f12e96c0000-7f12eccd5000 rw-p 00000000 00:00 0 
7f12eccd5000-7f12f0000000 ---p 00000000 00:00 0 
7f12f0000000-7f12f0002000 r--s 00002000 08:02 4721463                    /home/jam/.grails/ivy-cache/org.apache.ant/ant-launcher/jars/ant-launcher-1.8.2.jar
7f12f0002000-7f12f0005000 r--s 00026000 08:02 4721448                    /home/jam/.grails/ivy-cache/org.grails/grails-resources/jars/grails-resources-2.1.1.jar
7f12f0005000-7f12f000a000 r--s 00024000 08:02 4721394                    /home/jam/.grails/ivy-cache/org.bouncycastle/bcpg-jdk15/jars/bcpg-jdk15-1.45.jar
7f12f000a000-7f12f000b000 r--s 00003000 08:02 4721392                    /home/jam/.grails/ivy-cache/com.googlecode.json-simple/json-simple/jars/json-simple-1.1.jar
7f12f000b000-7f12f0011000 r--s 00068000 08:02 4721389                    /home/jam/.grails/ivy-cache/com.google.protobuf/protobuf-java/jars/protobuf-java-2.4.1.jar
7f12f0011000-7f12f0014000 r--s 0001a000 08:02 4721386                    /home/jam/.grails/ivy-cache/org.springframework.uaa/org.springframework.uaa.client/bundles/org.springframework.uaa.client-1.0.1.RELEASE.jar
7f12f0014000-7f12f0019000 r--s 00050000 08:02 4587551                    /home/jam/Applications/grails-2.1.1/lib/org.codehaus.gant/gant_groovy1.8/jars/gant_groovy1.8-1.9.6.jar
7f12f0019000-7f12f0028000 r--s 000d9000 08:02 3933556                    /home/jam/Applications/grails-2.1.1/lib/org.apache.ivy/ivy/jars/ivy-2.2.0.jar
7f12f0028000-7f12f002a000 r--s 00009000 08:02 15730918                   /home/jam/Applications/grails-2.1.1/lib/commons-cli/commons-cli/jars/commons-cli-1.2.jar
7f12f002a000-7f12f002d000 r--s 000cf000 08:02 15997829                   /home/jam/Applications/grails-2.1.1/lib/net.java.dev.jna/jna/jars/jna-3.2.3.jar
7f12f002d000-7f12f002e000 ---p 00000000 00:00 0 
7f12f002e000-7f12f0666000 rw-p 00000000 00:00 0 
7f12f0666000-7f12f07f8000 r--s 037bf000 08:02 18616443                   /usr/lib/jvm/java-6-openjdk-amd64/jre/lib/rt.jar
7f12f07f8000-7f12f0820000 rw-p 00000000 00:00 0 
7f12f0820000-7f12f0821000 ---p 00000000 00:00 0 
7f12f0821000-7f12f0921000 rw-p 00000000 00:00 0 
7f12f0921000-7f12f0922000 ---p 00000000 00:00 0 
7f12f0922000-7f12f0a22000 rw-p 00000000 00:00 0 
7f12f0a22000-7f12f0a23000 ---p 00000000 00:00 0 
7f12f0a23000-7f12f0b23000 rw-p 00000000 00:00 0 
7f12f0b23000-7f12f0b24000 ---p 00000000 00:00 0 
7f12f0b24000-7f12f0e24000 rw-p 00000000 00:00 0 
7f12f0e24000-7f12f0fa5000 rw-p 00000000 00:00 0 
7f12f0fa5000-7f12f0fac000 r-xp 00000000 08:02 18748006                   /usr/lib/jvm/java-6-openjdk-amd64/jre/lib/amd64/libzip.so
7f12f0fac000-7f12f11ab000 ---p 00007000 08:02 18748006                   /usr/lib/jvm/java-6-openjdk-amd64/jre/lib/amd64/libzip.so
7f12f11ab000-7f12f11ac000 r--p 00006000 08:02 18748006                   /usr/lib/jvm/java-6-openjdk-amd64/jre/lib/amd64/libzip.so
7f12f11ac000-7f12f11ad000 rw-p 00007000 08:02 18748006                   /usr/lib/jvm/java-6-openjdk-amd64/jre/lib/amd64/libzip.so
7f12f11ad000-7f12f11b9000 r-xp 00000000 08:02 16256549                   /lib/x86_64-linux-gnu/libnss_files-2.15.so
7f12f11b9000-7f12f13b8000 ---p 0000c000 08:02 16256549                   /lib/x86_64-linux-gnu/libnss_files-2.15.so
7f12f13b8000-7f12f13b9000 r--p 0000b000 08:02 16256549                   /lib/x86_64-linux-gnu/libnss_files-2.15.so
7f12f13b9000-7f12f13ba000 rw-p 0000c000 08:02 16256549                   /lib/x86_64-linux-gnu/libnss_files-2.15.so
7f12f13ba000-7f12f13c4000 r-xp 00000000 08:02 16256553                   /lib/x86_64-linux-gnu/libnss_nis-2.15.so
7f12f13c4000-7f12f15c4000 ---p 0000a000 08:02 16256553                   /lib/x86_64-linux-gnu/libnss_nis-2.15.so
7f12f15c4000-7f12f15c5000 r--p 0000a000 08:02 16256553                   /lib/x86_64-linux-gnu/libnss_nis-2.15.so
7f12f15c5000-7f12f15c6000 rw-p 0000b000 08:02 16256553                   /lib/x86_64-linux-gnu/libnss_nis-2.15.so
7f12f15c6000-7f12f15dd000 r-xp 00000000 08:02 16256543                   /lib/x86_64-linux-gnu/libnsl-2.15.so
7f12f15dd000-7f12f17dc000 ---p 00017000 08:02 16256543                   /lib/x86_64-linux-gnu/libnsl-2.15.so
7f12f17dc000-7f12f17dd000 r--p 00016000 08:02 16256543                   /lib/x86_64-linux-gnu/libnsl-2.15.so
7f12f17dd000-7f12f17de000 rw-p 00017000 08:02 16256543                   /lib/x86_64-linux-gnu/libnsl-2.15.so
7f12f17de000-7f12f17e0000 rw-p 00000000 00:00 0 
7f12f17e0000-7f12f17e8000 r-xp 00000000 08:02 16256545                   /lib/x86_64-linux-gnu/libnss_compat-2.15.so
7f12f17e8000-7f12f19e7000 ---p 00008000 08:02 16256545                   /lib/x86_64-linux-gnu/libnss_compat-2.15.so
7f12f19e7000-7f12f19e8000 r--p 00007000 08:02 16256545                   /lib/x86_64-linux-gnu/libnss_compat-2.15.so
7f12f19e8000-7f12f19e9000 rw-p 00008000 08:02 16256545                   /lib/x86_64-linux-gnu/libnss_compat-2.15.so
7f12f19e9000-7f12f19f2000 r-xp 00000000 08:02 18747976                   /usr/lib/jvm/java-6-openjdk-amd64/jre/lib/amd64/libinstrument.so
7f12f19f2000-7f12f1bf2000 ---p 00009000 08:02 18747976                   /usr/lib/jvm/java-6-openjdk-amd64/jre/lib/amd64/libinstrument.so
7f12f1bf2000-7f12f1bf3000 r--p 00009000 08:02 18747976                   /usr/lib/jvm/java-6-openjdk-amd64/jre/lib/amd64/libinstrument.so
7f12f1bf3000-7f12f1bf4000 rw-p 0000a000 08:02 18747976                   /usr/lib/jvm/java-6-openjdk-amd64/jre/lib/amd64/libinstrument.so
7f12f1bf4000-7f12f1c20000 r-xp 00000000 08:02 18747994                   /usr/lib/jvm/java-6-openjdk-amd64/jre/lib/amd64/libjava.so
7f12f1c20000-7f12f1e1f000 ---p 0002c000 08:02 18747994                   /usr/lib/jvm/java-6-openjdk-amd64/jre/lib/amd64/libjava.so
7f12f1e1f000-7f12f1e20000 r--p 0002b000 08:02 18747994                   /usr/lib/jvm/java-6-openjdk-amd64/jre/lib/amd64/libjava.so
7f12f1e20000-7f12f1e23000 rw-p 0002c000 08:02 18747994                   /usr/lib/jvm/java-6-openjdk-amd64/jre/lib/amd64/libjava.so
7f12f1e23000-7f12f1e31000 r-xp 00000000 08:02 18747993                   /usr/lib/jvm/java-6-openjdk-amd64/jre/lib/amd64/libverify.so
7f12f1e31000-7f12f2030000 ---p 0000e000 08:02 18747993                   /usr/lib/jvm/java-6-openjdk-amd64/jre/lib/amd64/libverify.so
7f12f2030000-7f12f2032000 r--p 0000d000 08:02 18747993                   /usr/lib/jvm/java-6-openjdk-amd64/jre/lib/amd64/libverify.so
7f12f2032000-7f12f2033000 rw-p 0000f000 08:02 18747993                   /usr/lib/jvm/java-6-openjdk-amd64/jre/lib/amd64/libverify.so
7f12f2033000-7f12f203a000 r-xp 00000000 08:02 16256584                   /lib/x86_64-linux-gnu/librt-2.15.so
7f12f203a000-7f12f2239000 ---p 00007000 08:02 16256584                   /lib/x86_64-linux-gnu/librt-2.15.so
7f12f2239000-7f12f223a000 r--p 00006000 08:02 16256584                   /lib/x86_64-linux-gnu/librt-2.15.so
7f12f223a000-7f12f223b000 rw-p 00007000 08:02 16256584                   /lib/x86_64-linux-gnu/librt-2.15.so
7f12f223b000-7f12f2250000 r-xp 00000000 08:02 16256519                   /lib/x86_64-linux-gnu/libgcc_s.so.1
7f12f2250000-7f12f244f000 ---p 00015000 08:02 16256519                   /lib/x86_64-linux-gnu/libgcc_s.so.1
7f12f244f000-7f12f2450000 r--p 00014000 08:02 16256519                   /lib/x86_64-linux-gnu/libgcc_s.so.1
7f12f2450000-7f12f2451000 rw-p 00015000 08:02 16256519                   /lib/x86_64-linux-gnu/libgcc_s.so.1
7f12f2451000-7f12f254a000 r-xp 00000000 08:02 16256530                   /lib/x86_64-linux-gnu/libm-2.15.so
7f12f254a000-7f12f2749000 ---p 000f9000 08:02 16256530                   /lib/x86_64-linux-gnu/libm-2.15.so
7f12f2749000-7f12f274a000 r--p 000f8000 08:02 16256530                   /lib/x86_64-linux-gnu/libm-2.15.so
7f12f274a000-7f12f274b000 rw-p 000f9000 08:02 16256530                   /lib/x86_64-linux-gnu/libm-2.15.so
7f12f274b000-7f12f282d000 r-xp 00000000 08:02 16129397                   /usr/lib/x86_64-linux-gnu/libstdc++.so.6.0.16
7f12f282d000-7f12f2a2c000 ---p 000e2000 08:02 16129397                   /usr/lib/x86_64-linux-gnu/libstdc++.so.6.0.16
7f12f2a2c000-7f12f2a34000 r--p 000e1000 08:02 16129397                   /usr/lib/x86_64-linux-gnu/libstdc++.so.6.0.16
7f12f2a34000-7f12f2a36000 rw-p 000e9000 08:02 16129397                   /usr/lib/x86_64-linux-gnu/libstdc++.so.6.0.16
7f12f2a36000-7f12f2a4b000 rw-p 00000000 00:00 0 
7f12f2a4b000-7f12f334f000 r-xp 00000000 08:02 18877146                   /usr/lib/jvm/java-6-openjdk-amd64/jre/lib/amd64/server/libjvm.so
7f12f334f000-7f12f354f000 ---p 00904000 08:02 18877146                   /usr/lib/jvm/java-6-openjdk-amd64/jre/lib/amd64/server/libjvm.so
7f12f354f000-7f12f35cf000 r--p 00904000 08:02 18877146                   /usr/lib/jvm/java-6-openjdk-amd64/jre/lib/amd64/server/libjvm.so
7f12f35cf000-7f12f35ea000 rw-p 00984000 08:02 18877146                   /usr/lib/jvm/java-6-openjdk-amd64/jre/lib/amd64/server/libjvm.so
7f12f35ea000-7f12f3613000 rw-p 00000000 00:00 0 
7f12f3613000-7f12f3629000 r-xp 00000000 08:02 16256609                   /lib/x86_64-linux-gnu/libz.so.1.2.3.4
7f12f3629000-7f12f3828000 ---p 00016000 08:02 16256609                   /lib/x86_64-linux-gnu/libz.so.1.2.3.4
7f12f3828000-7f12f3829000 r--p 00015000 08:02 16256609                   /lib/x86_64-linux-gnu/libz.so.1.2.3.4
7f12f3829000-7f12f382a000 rw-p 00016000 08:02 16256609                   /lib/x86_64-linux-gnu/libz.so.1.2.3.4
7f12f382a000-7f12f39dd000 r-xp 00000000 08:02 16256498                   /lib/x86_64-linux-gnu/libc-2.15.so
7f12f39dd000-7f12f3bdc000 ---p 001b3000 08:02 16256498                   /lib/x86_64-linux-gnu/libc-2.15.so
7f12f3bdc000-7f12f3be0000 r--p 001b2000 08:02 16256498                   /lib/x86_64-linux-gnu/libc-2.15.so
7f12f3be0000-7f12f3be2000 rw-p 001b6000 08:02 16256498                   /lib/x86_64-linux-gnu/libc-2.15.so
7f12f3be2000-7f12f3be7000 rw-p 00000000 00:00 0 
7f12f3be7000-7f12f3be9000 r-xp 00000000 08:02 16256511                   /lib/x86_64-linux-gnu/libdl-2.15.so
7f12f3be9000-7f12f3de9000 ---p 00002000 08:02 16256511                   /lib/x86_64-linux-gnu/libdl-2.15.so
7f12f3de9000-7f12f3dea000 r--p 00002000 08:02 16256511                   /lib/x86_64-linux-gnu/libdl-2.15.so
7f12f3dea000-7f12f3deb000 rw-p 00003000 08:02 16256511                   /lib/x86_64-linux-gnu/libdl-2.15.so
7f12f3deb000-7f12f3def000 r-xp 00000000 08:02 18747978                   /usr/lib/jvm/java-6-openjdk-amd64/jre/lib/amd64/jli/libjli.so
7f12f3def000-7f12f3fee000 ---p 00004000 08:02 18747978                   /usr/lib/jvm/java-6-openjdk-amd64/jre/lib/amd64/jli/libjli.so
7f12f3fee000-7f12f3fef000 r--p 00003000 08:02 18747978                   /usr/lib/jvm/java-6-openjdk-amd64/jre/lib/amd64/jli/libjli.so
7f12f3fef000-7f12f3ff0000 rw-p 00004000 08:02 18747978                   /usr/lib/jvm/java-6-openjdk-amd64/jre/lib/amd64/jli/libjli.so
7f12f3ff0000-7f12f4008000 r-xp 00000000 08:02 16256578                   /lib/x86_64-linux-gnu/libpthread-2.15.so
7f12f4008000-7f12f4207000 ---p 00018000 08:02 16256578                   /lib/x86_64-linux-gnu/libpthread-2.15.so
7f12f4207000-7f12f4208000 r--p 00017000 08:02 16256578                   /lib/x86_64-linux-gnu/libpthread-2.15.so
7f12f4208000-7f12f4209000 rw-p 00018000 08:02 16256578                   /lib/x86_64-linux-gnu/libpthread-2.15.so
7f12f4209000-7f12f420d000 rw-p 00000000 00:00 0 
7f12f420d000-7f12f422f000 r-xp 00000000 08:02 16256478                   /lib/x86_64-linux-gnu/ld-2.15.so
7f12f4230000-7f12f4237000 r--s 000fb000 08:02 18489889                   /usr/lib/jvm/java-6-openjdk-common/jre/lib/resources.jar
7f12f4237000-7f12f423e000 r--s 00067000 08:02 15730908                   /home/jam/Applications/grails-2.1.1/lib/com.springsource.springloaded/springloaded-core/jars/springloaded-core-1.0.6.jar
7f12f423e000-7f12f4247000 r--s 000a8000 08:02 15731003                   /home/jam/Applications/grails-2.1.1/dist/grails-bootstrap-2.1.1.jar
7f12f4247000-7f12f4262000 rw-p 00000000 00:00 0 
7f12f4262000-7f12f4307000 rw-p 00000000 00:00 0 
7f12f4307000-7f12f430a000 ---p 00000000 00:00 0 
7f12f430a000-7f12f440d000 rw-p 00000000 00:00 0 
7f12f440d000-7f12f440f000 r--s 00008000 08:02 4587896                    /home/jam/Applications/grails-2.1.1/lib/org.fusesource.jansi/jansi/jars/jansi-1.2.1.jar
7f12f440f000-7f12f4411000 r--s 00015000 08:02 15862296                   /home/jam/Applications/grails-2.1.1/lib/jline/jline/jars/jline-1.0.jar
7f12f4411000-7f12f4414000 r--s 0007d000 08:02 18489867                   /usr/lib/jvm/java-6-openjdk-common/jre/lib/jsse.jar
7f12f4414000-7f12f4418000 r--s 00038000 08:02 18489882                   /usr/lib/jvm/java-6-openjdk-common/jre/lib/ext/sunpkcs11.jar
7f12f4418000-7f12f441b000 r--s 00031000 08:02 18489884                   /usr/lib/jvm/java-6-openjdk-common/jre/lib/ext/sunjce_provider.jar
7f12f441b000-7f12f441c000 r--s 00007000 08:02 16651090                   /usr/share/java/java-atk-wrapper.jar
7f12f441c000-7f12f441f000 r--s 00077000 08:02 18489883                   /usr/lib/jvm/java-6-openjdk-common/jre/lib/ext/localedata.jar
7f12f441f000-7f12f4421000 r--s 00001000 08:02 18489885                   /usr/lib/jvm/java-6-openjdk-common/jre/lib/ext/dnsns.jar
7f12f4421000-7f12f4423000 r--s 0000f000 08:02 18489886                   /usr/lib/jvm/java-6-openjdk-common/jre/lib/ext/pulse-java.jar
7f12f4423000-7f12f442b000 rw-s 00000000 08:02 8650858                    /tmp/hsperfdata_jam/8382
7f12f442b000-7f12f442c000 rw-p 00000000 00:00 0 
7f12f442c000-7f12f442d000 r--p 00000000 00:00 0 
7f12f442d000-7f12f442f000 rw-p 00000000 00:00 0 
7f12f442f000-7f12f4430000 r--p 00022000 08:02 16256478                   /lib/x86_64-linux-gnu/ld-2.15.so
7f12f4430000-7f12f4432000 rw-p 00023000 08:02 16256478                   /lib/x86_64-linux-gnu/ld-2.15.so
7fff77e8e000-7fff77eaf000 rw-p 00000000 00:00 0                          [stack]
7fff77fff000-7fff78000000 r-xp 00000000 00:00 0                          [vdso]
ffffffffff600000-ffffffffff601000 r-xp 00000000 00:00 0                  [vsyscall]

VM Arguments:
jvm_args: -Xmx768M -Xms768M -XX:PermSize=256m -XX:MaxPermSize=256m -Dfile.encoding=UTF-8 -Dserver.port=8080 -Djline.WindowsTerminal.directConsole=false -javaagent:/home/jam/Applications/grails-2.1.1/lib/com.springsource.springloaded/springloaded-core/jars/springloaded-core-1.0.6.jar -Xverify:none -Dspringloaded=profile=grails;cacheDir=/home/jam/.grails/2.1.1/ -Dgrails.home=/home/jam/Applications/grails-2.1.1 -Dtools.jar=/usr/lib/jvm/default-java/lib/tools.jar 
java_command: org.codehaus.groovy.grails.cli.support.GrailsStarter --main org.codehaus.groovy.grails.cli.GrailsScriptRunner --conf /home/jam/Applications/grails-2.1.1/conf/groovy-starter.conf --classpath   run-app
Launcher Type: SUN_STANDARD

Environment Variables:
JAVA_HOME=/usr/lib/jvm/default-java
PATH=/usr/lib/lightdm/lightdm:/usr/local/sbin:/usr/local/bin:/usr/sbin:/usr/bin:/sbin:/bin:/usr/games
LD_LIBRARY_PATH=/usr/lib/jvm/java-6-openjdk-amd64/jre/lib/amd64/server:/usr/lib/jvm/java-6-openjdk-amd64/jre/lib/amd64:/usr/lib/jvm/java-6-openjdk-amd64/jre/../lib/amd64
SHELL=/bin/bash
DISPLAY=:0

Signal Handlers:
SIGSEGV: [libjvm.so+0x784310], sa_mask[0]=0x7ffbfeff, sa_flags=0x10000004
SIGBUS: [libjvm.so+0x784310], sa_mask[0]=0x7ffbfeff, sa_flags=0x10000004
SIGFPE: [libjvm.so+0x648580], sa_mask[0]=0x7ffbfeff, sa_flags=0x10000004
SIGPIPE: SIG_IGN, sa_mask[0]=0x00000000, sa_flags=0x00000000
SIGXFSZ: [libjvm.so+0x648580], sa_mask[0]=0x7ffbfeff, sa_flags=0x10000004
SIGILL: [libjvm.so+0x648580], sa_mask[0]=0x7ffbfeff, sa_flags=0x10000004
SIGUSR1: SIG_DFL, sa_mask[0]=0x00000000, sa_flags=0x00000000
SIGUSR2: [libjvm.so+0x648730], sa_mask[0]=0x00000004, sa_flags=0x10000004
SIGHUP: [libjvm.so+0x64b250], sa_mask[0]=0x7ffbfeff, sa_flags=0x10000004
SIGINT: SIG_IGN, sa_mask[0]=0x00000000, sa_flags=0x00000000
SIGTERM: [libjvm.so+0x64b250], sa_mask[0]=0x7ffbfeff, sa_flags=0x10000004
SIGQUIT: [libjvm.so+0x64b250], sa_mask[0]=0x7ffbfeff, sa_flags=0x10000004


---------------  S Y S T E M  ---------------

OS:Ubuntu 12.04 (precise)
uname:Linux 3.2.0-30-generic #48-Ubuntu SMP Fri Aug 24 16:52:48 UTC 2012 x86_64
libc:glibc 2.15 NPTL 2.15 
rlimit: STACK 8192k, CORE 0k, NPROC 59519, NOFILE 4096, AS infinity
load average:54.63 53.54 52.87

/proc/meminfo:
MemTotal:        7636272 kB
MemFree:         3691420 kB
Buffers:          146228 kB
Cached:          1264188 kB
SwapCached:            0 kB
Active:          2618684 kB
Inactive:         812276 kB
Active(anon):    2021364 kB
Inactive(anon):     9004 kB
Active(file):     597320 kB
Inactive(file):   803272 kB
Unevictable:          84 kB
Mlocked:              84 kB
SwapTotal:       7837776 kB
SwapFree:        7837776 kB
Dirty:               696 kB
Writeback:             0 kB
AnonPages:       2014124 kB
Mapped:           265612 kB
Shmem:              9828 kB
Slab:             111924 kB
SReclaimable:      74412 kB
SUnreclaim:        37512 kB
KernelStack:        4992 kB
PageTables:        45348 kB
NFS_Unstable:          0 kB
Bounce:                0 kB
WritebackTmp:          0 kB
CommitLimit:    11655912 kB
Committed_AS:    4857120 kB
VmallocTotal:   34359738367 kB
VmallocUsed:      135768 kB
VmallocChunk:   34359600468 kB
HardwareCorrupted:     0 kB
AnonHugePages:         0 kB
HugePages_Total:       0
HugePages_Free:        0
HugePages_Rsvd:        0
HugePages_Surp:        0
Hugepagesize:       2048 kB
DirectMap4k:      294912 kB
DirectMap2M:     6502400 kB
DirectMap1G:     1048576 kB


CPU:total 4 (4 cores per cpu, 1 threads per core) family 18 model 1 stepping 0, cmov, cx8, fxsr, mmx, sse, sse2, sse3, popcnt, mmxext, 3dnowpref, lzcnt, sse4a

Memory: 4k page, physical 7636272k(3691420k free), swap 7837776k(7837776k free)

vm_info: OpenJDK 64-Bit Server VM (20.0-b12) for linux-amd64 JRE (1.6.0_24-b24), built on Sep  2 2012 19:50:47 by "buildd" with gcc 4.6.3

time: Fri Sep 14 22:42:39 2012
elapsed time: 41 seconds

