#
# A fatal error has been detected by the Java Runtime Environment:
#
#  SIGSEGV (0xb) at pc=0x00007ff464f8267a, pid=12255, tid=140687469868800
#
# JRE version: 6.0_24-b24
# Java VM: OpenJDK 64-Bit Server VM (20.0-b12 mixed mode linux-amd64 compressed oops)
# Derivative: IcedTea6 1.11.4
# Distribution: Ubuntu 12.04 LTS, package 6b24-1.11.4-1ubuntu0.12.04.1
# Problematic frame:
# V  [libjvm.so+0x62867a]  nmethod::fix_oop_relocations(unsigned char*, unsigned char*, bool)+0x14a
#
# If you would like to submit a bug report, please include
# instructions how to reproduce the bug and visit:
#   https://bugs.launchpad.net/ubuntu/+source/openjdk-6/
#

---------------  T H R E A D  ---------------

Current thread (0x00007ff4600e9000):  JavaThread "C2 CompilerThread1" daemon [_thread_in_vm, id=12277, stack(0x00007ff45a9a7000,0x00007ff45aaa8000)]

siginfo:si_signo=SIGSEGV: si_errno=0, si_code=1 (SEGV_MAPERR), si_addr=0xffffffffbfffffff

Registers:
RAX=0xffffffffffffffff, RBX=0x0000000000000001, RCX=0x0000000000000001, RDX=0x00007ff464ba0630
RSP=0x00007ff45aaa5020, RBP=0x00007ff45aaa50e0, RSI=0x0000000000000000, RDI=0x00007ff45bf183ca
R8 =0x0000000000000002, R9 =0x0000000000000010, R10=0x00000000ffffffff, R11=0x000000000000086c
R12=0x00007ff45aaa5090, R13=0xffffffffbfffffff, R14=0x00007ff45bf183cb, R15=0x00007ff4241e0000
RIP=0x00007ff464f8267a, EFLAGS=0x0000000000010287, CSGSFS=0x0000000000000033, ERR=0x0000000000000005
  TRAPNO=0x000000000000000e

Top of Stack: (sp=0x00007ff45aaa5020)
0x00007ff45aaa5020:   0000000000000000 00007ff45bf17e7c
0x00007ff45aaa5030:   00007ff45bf17ed8 00007ff45bf17cd0
0x00007ff45aaa5040:   00007ff45bf183c9 000000000000000a
0x00007ff45aaa5050:   00007ff45aaa5048 0000000000000000
0x00007ff45aaa5060:   00007ff45bf17ee0 00007ff45bf17f00
0x00007ff45aaa5070:   00007ff45bf185a0 00007ff45bf17f00
0x00007ff45aaa5080:   00007ff45bf185a0 00007ff45bf185d8
0x00007ff45aaa5090:   00007ff4654cfd90 00007ff45aaa5020
0x00007ff45aaa50a0:   0000000000000000 00000000000000a8
0x00007ff45aaa50b0:   00007ff45bf17cd0 00007ff45bf17cd0
0x00007ff45aaa50c0:   00007ff45bf17cd0 00007ff45aaa65f4
0x00007ff45aaa50d0:   00007ff45aaa6658 00007ff45aaa67d8
0x00007ff45aaa50e0:   00007ff45aaa5170 00007ff464f855b1
0x00007ff45aaa50f0:   00007ff40000000a 00007ff431ee8540
0x00007ff45aaa5100:   00007ff45aaa5150 00007ff4ffffffff
0x00007ff45aaa5110:   000000000000086c 0000000000000cc0
0x00007ff45aaa5120:   00007ff4600e0180 00007ff45aaa67c0
0x00007ff45aaa5130:   00007ff460010b40 0000021000000004
0x00007ff45aaa5140:   00007ff45aaa5170 00007ff45bf17cd0
0x00007ff45aaa5150:   00007ff460005400 00000000c00c70a8
0x00007ff45aaa5160:   00007ff460010b40 00007ff4241e0000
0x00007ff45aaa5170:   00007ff45aaa5260 00007ff464f858db
0x00007ff45aaa5180:   00007ff400000030 00007ff460010b40
0x00007ff45aaa5190:   00007ff4241e0000 00007ff45aaa6658
0x00007ff45aaa51a0:   00007ff40000000a 00007ff431ee8540
0x00007ff45aaa51b0:   00007ff45aaa67c0 00007ff45aaa67d8
0x00007ff45aaa51c0:   00007ff4600e0180 00007ff400000004
0x00007ff45aaa51d0:   00007ff400001018 00000030654d0570
0x00007ff45aaa51e0:   00007ff45aaa65f4 0000086cffffffff
0x00007ff45aaa51f0:   00007ff45aaa5260 00007ff464c7b335
0x00007ff45aaa5200:   0000000000000010 00007ff4241e0000
0x00007ff45aaa5210:   00007ff43003a9c0 0000000000000002 

Instructions: (pc=0x00007ff464f8267a)
0x00007ff464f8265a:   ff 75 2b 4c 89 e7 e8 6b bb 08 00 4c 8b 28 49 89
0x00007ff464f8266a:   c6 4d 85 ed 74 25 e8 ab 58 13 00 49 39 c5 74 1b
0x00007ff464f8267a:   49 8b 45 00 49 89 06 0f 1f 80 00 00 00 00 4c 89
0x00007ff464f8268a:   e7 e8 b0 bb 08 00 e9 e6 fe ff ff 4d 89 2e eb ee 

Register to memory mapping:

RAX=0xffffffffffffffff is an unknown value
RBX=0x0000000000000001 is an unknown value
RCX=0x0000000000000001 is an unknown value
RDX=0x00007ff464ba0630: <offset 0x246630> in /usr/lib/jvm/java-6-openjdk-amd64/jre/lib/amd64/server/libjvm.so at 0x00007ff46495a000
RSP=0x00007ff45aaa5020 is pointing into the stack for thread: 0x00007ff4600e9000
RBP=0x00007ff45aaa50e0 is pointing into the stack for thread: 0x00007ff4600e9000
RSI=0x0000000000000000 is an unknown value
RDI=0x00007ff45bf17cd0 [CodeBlob (0x00007ff45bf17cd0)]
Framesize: 10
R8 =0x0000000000000002 is an unknown value
R9 =0x0000000000000010 is an unknown value
R10=0x00000000ffffffff is an unknown value
R11=0x000000000000086c is an unknown value
R12=0x00007ff45aaa5090 is pointing into the stack for thread: 0x00007ff4600e9000
R13=0xffffffffbfffffff is an unknown value
R14=0x00007ff45bf17cd0 [CodeBlob (0x00007ff45bf17cd0)]
Framesize: 10
R15=0x00007ff4241e0000 is an unknown value


Stack: [0x00007ff45a9a7000,0x00007ff45aaa8000],  sp=0x00007ff45aaa5020,  free space=1016k
Native frames: (J=compiled Java code, j=interpreted, Vv=VM code, C=native code)
V  [libjvm.so+0x62867a]  nmethod::fix_oop_relocations(unsigned char*, unsigned char*, bool)+0x14a
V  [libjvm.so+0x62b5b1]  nmethod::nmethod(methodOopDesc*, int, int, int, CodeOffsets*, int, DebugInformationRecorder*, Dependencies*, CodeBuffer*, int, OopMapSet*, ExceptionHandlerTable*, ImplicitExceptionTable*, AbstractCompiler*, int)+0x291
V  [libjvm.so+0x62b8db]  nmethod::new_nmethod(methodHandle, int, int, CodeOffsets*, int, DebugInformationRecorder*, Dependencies*, CodeBuffer*, int, OopMapSet*, ExceptionHandlerTable*, ImplicitExceptionTable*, AbstractCompiler*, int)+0x15b
V  [libjvm.so+0x3217e4]  ciEnv::register_method(ciMethod*, int, CodeOffsets*, int, CodeBuffer*, int, OopMapSet*, ExceptionHandlerTable*, ImplicitExceptionTable*, AbstractCompiler*, int, bool, bool)+0x404
V  [libjvm.so+0x37cb50]  Compile::Compile(ciEnv*, C2Compiler*, ciMethod*, int, bool, bool)+0xbe0
V  [libjvm.so+0x306250]  C2Compiler::compile_method(ciEnv*, ciMethod*, int)+0xe0
V  [libjvm.so+0x381133]  CompileBroker::invoke_compiler_on_method(CompileTask*)+0x2a3
V  [libjvm.so+0x381a7b]  CompileBroker::compiler_thread_loop()+0x45b
V  [libjvm.so+0x74c0d8]  JavaThread::thread_main_inner()+0x58
V  [libjvm.so+0x64bbf2]  java_start(Thread*)+0x112


Current CompileTask:
C2: 202388 2156      java.util.HashMap.putAll(Ljava/util/Map;)V (133 bytes)


---------------  P R O C E S S  ---------------

Java Threads: ( => current thread )
  0x00007ff4140c3800 JavaThread "FileSystemWatcher: files=#20 cl=groovy.lang.GroovyClassLoader@961f272" daemon [_thread_blocked, id=12397, stack(0x00007ff450c04000,0x00007ff450d05000)]
  0x00007ff41411f800 JavaThread "FileSystemWatcher: files=#20 cl=groovy.lang.GroovyClassLoader@6f7476d" daemon [_thread_blocked, id=12396, stack(0x00007ff45322f000,0x00007ff453330000)]
  0x00007ff414058000 JavaThread "FileSystemWatcher: files=#20 cl=groovy.lang.GroovyClassLoader@23fcbeda" daemon [_thread_blocked, id=12393, stack(0x00007ff4581cb000,0x00007ff4582cc000)]
  0x00007ff43c10f800 JavaThread "http-bio-8080-exec-10" daemon [_thread_blocked, id=12381, stack(0x00007ff450d05000,0x00007ff450e06000)]
  0x00007ff43400a800 JavaThread "http-bio-8080-exec-9" daemon [_thread_blocked, id=12380, stack(0x00007ff450e06000,0x00007ff450f07000)]
  0x00007ff41c0c6000 JavaThread "http-bio-8080-exec-8" daemon [_thread_blocked, id=12377, stack(0x00007ff450f07000,0x00007ff451008000)]
  0x00007ff420004000 JavaThread "http-bio-8080-exec-7" daemon [_thread_blocked, id=12376, stack(0x00007ff451008000,0x00007ff451109000)]
  0x00007ff41001a800 JavaThread "http-bio-8080-exec-6" daemon [_thread_blocked, id=12369, stack(0x00007ff451109000,0x00007ff45120a000)]
  0x00007ff410018800 JavaThread "http-bio-8080-exec-5" daemon [_thread_blocked, id=12368, stack(0x00007ff45120a000,0x00007ff45130b000)]
  0x00007ff410016800 JavaThread "http-bio-8080-exec-4" daemon [_thread_blocked, id=12367, stack(0x00007ff45130b000,0x00007ff45140c000)]
  0x00007ff410014800 JavaThread "http-bio-8080-exec-3" daemon [_thread_blocked, id=12365, stack(0x00007ff45140c000,0x00007ff45150d000)]
  0x00007ff410002000 JavaThread "http-bio-8080-exec-2" daemon [_thread_blocked, id=12364, stack(0x00007ff45150d000,0x00007ff45160e000)]
  0x00007ff410003000 JavaThread "http-bio-8080-exec-1" daemon [_thread_blocked, id=12363, stack(0x00007ff45160e000,0x00007ff45170f000)]
  0x00007ff460368800 JavaThread "Thread-12" daemon [_thread_in_vm, id=12328, stack(0x00007ff45170f000,0x00007ff451810000)]
  0x00007ff460ba2800 JavaThread "Thread-11" [_thread_in_native, id=12327, stack(0x00007ff451810000,0x00007ff451911000)]
  0x00007ff460c1a000 JavaThread "http-bio-8080-AsyncTimeout" daemon [_thread_blocked, id=12326, stack(0x00007ff451911000,0x00007ff451a12000)]
  0x00007ff460432800 JavaThread "http-bio-8080-Acceptor-0" daemon [_thread_in_native, id=12325, stack(0x00007ff451a12000,0x00007ff451b13000)]
  0x00007ff460680800 JavaThread "ContainerBackgroundProcessor[StandardEngine[Tomcat]]" daemon [_thread_blocked, id=12324, stack(0x00007ff451b13000,0x00007ff451c14000)]
  0x00007ff3f8569800 JavaThread "DefaultPluginScheduler_QuartzSchedulerThread" [_thread_blocked, id=12318, stack(0x00007ff451c14000,0x00007ff451d15000)]
  0x00007ff3f8895800 JavaThread "DefaultPluginScheduler_Worker-10" [_thread_blocked, id=12317, stack(0x00007ff451d15000,0x00007ff451e16000)]
  0x00007ff3f815e000 JavaThread "DefaultPluginScheduler_Worker-9" [_thread_blocked, id=12316, stack(0x00007ff451e16000,0x00007ff451f17000)]
  0x00007ff3f8778000 JavaThread "DefaultPluginScheduler_Worker-8" [_thread_blocked, id=12315, stack(0x00007ff451f17000,0x00007ff452018000)]
  0x00007ff3f87b3000 JavaThread "DefaultPluginScheduler_Worker-7" [_thread_blocked, id=12314, stack(0x00007ff452018000,0x00007ff452119000)]
  0x00007ff3f8716000 JavaThread "DefaultPluginScheduler_Worker-6" [_thread_blocked, id=12313, stack(0x00007ff452119000,0x00007ff45221a000)]
  0x00007ff3f8724800 JavaThread "DefaultPluginScheduler_Worker-5" [_thread_blocked, id=12312, stack(0x00007ff45221a000,0x00007ff45231b000)]
  0x00007ff3f871f800 JavaThread "DefaultPluginScheduler_Worker-4" [_thread_blocked, id=12311, stack(0x00007ff45231b000,0x00007ff45241c000)]
  0x00007ff3f84b0000 JavaThread "DefaultPluginScheduler_Worker-3" [_thread_blocked, id=12310, stack(0x00007ff45241c000,0x00007ff45251d000)]
  0x00007ff3f84d1000 JavaThread "DefaultPluginScheduler_Worker-2" [_thread_blocked, id=12309, stack(0x00007ff45251d000,0x00007ff45261e000)]
  0x00007ff3f85a8800 JavaThread "DefaultPluginScheduler_Worker-1" [_thread_blocked, id=12308, stack(0x00007ff45261e000,0x00007ff45271f000)]
  0x00007ff3f82fb000 JavaThread "org.hibernate.cache.StandardQueryCache.data" daemon [_thread_blocked, id=12307, stack(0x00007ff45271f000,0x00007ff452820000)]
  0x00007ff3f8749000 JavaThread "org.hibernate.cache.UpdateTimestampsCache.data" daemon [_thread_blocked, id=12306, stack(0x00007ff452820000,0x00007ff452921000)]
  0x00007ff3f84f0800 JavaThread "org.greens.VoterContactManager.SecRole.data" daemon [_thread_blocked, id=12305, stack(0x00007ff452921000,0x00007ff452a22000)]
  0x00007ff3f84e9800 JavaThread "net.sf.ehcache.CacheManager@16f22456" daemon [_thread_blocked, id=12304, stack(0x00007ff452a22000,0x00007ff452b23000)]
  0x00007ff4603ad800 JavaThread "pool-4-thread-5" [_thread_blocked, id=12301, stack(0x00007ff452d2a000,0x00007ff452e2b000)]
  0x00007ff460b3e800 JavaThread "pool-4-thread-4" [_thread_blocked, id=12300, stack(0x00007ff452e2b000,0x00007ff452f2c000)]
  0x00007ff460b3d800 JavaThread "pool-4-thread-3" [_thread_blocked, id=12299, stack(0x00007ff452f2c000,0x00007ff45302d000)]
  0x00007ff4602b6800 JavaThread "pool-4-thread-2" [_thread_blocked, id=12298, stack(0x00007ff45302d000,0x00007ff45312e000)]
  0x00007ff460b6b800 JavaThread "pool-4-thread-1" [_thread_blocked, id=12297, stack(0x00007ff45312e000,0x00007ff45322f000)]
  0x00007ff4607f9000 JavaThread "pool-3-thread-5" [_thread_blocked, id=12295, stack(0x00007ff453330000,0x00007ff453431000)]
  0x00007ff460c54800 JavaThread "pool-3-thread-4" [_thread_blocked, id=12294, stack(0x00007ff453431000,0x00007ff453532000)]
  0x00007ff460821800 JavaThread "pool-3-thread-3" [_thread_blocked, id=12293, stack(0x00007ff453532000,0x00007ff453633000)]
  0x00007ff4605e9000 JavaThread "pool-3-thread-2" [_thread_blocked, id=12292, stack(0x00007ff453633000,0x00007ff453734000)]
  0x00007ff46049d000 JavaThread "pool-3-thread-1" [_thread_blocked, id=12291, stack(0x00007ff453734000,0x00007ff453835000)]
  0x00007ff46076b800 JavaThread "FileSystemWatcher: files=#521 cl=java.net.URLClassLoader@f1a47df" daemon [_thread_blocked, id=12290, stack(0x00007ff4580ca000,0x00007ff4581cb000)]
  0x00007ff460b17800 JavaThread "pool-2-thread-1" [_thread_blocked, id=12288, stack(0x00007ff4588f3000,0x00007ff4589f4000)]
  0x00007ff460b1a800 JavaThread "Synchronizer (Spring UAA/1.0.1)" daemon [_thread_blocked, id=12287, stack(0x00007ff4589f4000,0x00007ff458af5000)]
  0x00007ff4609bc800 JavaThread "Timer-0" daemon [_thread_blocked, id=12286, stack(0x00007ff45a46b000,0x00007ff45a56c000)]
  0x00007ff4600e3800 JavaThread "Low Memory Detector" daemon [_thread_blocked, id=12278, stack(0x00007ff45a8a6000,0x00007ff45a9a7000)]
=>0x00007ff4600e9000 JavaThread "C2 CompilerThread1" daemon [_thread_in_vm, id=12277, stack(0x00007ff45a9a7000,0x00007ff45aaa8000)]
  0x00007ff4600ea800 JavaThread "C2 CompilerThread0" daemon [_thread_in_vm, id=12276, stack(0x00007ff45aaa8000,0x00007ff45aba9000)]
  0x00007ff46008c000 JavaThread "Signal Dispatcher" daemon [_thread_blocked, id=12275, stack(0x00007ff45ac07000,0x00007ff45ad08000)]
  0x00007ff460079800 JavaThread "Finalizer" daemon [_thread_blocked, id=12274, stack(0x00007ff45b4e3000,0x00007ff45b5e4000)]
  0x00007ff460077800 JavaThread "Reference Handler" daemon [_thread_blocked, id=12273, stack(0x00007ff45b5e4000,0x00007ff45b6e5000)]
  0x00007ff460009800 JavaThread "main" [_thread_blocked, id=12267, stack(0x00007ff466216000,0x00007ff466317000)]

Other Threads:
  0x00007ff460071000 VMThread [stack: 0x00007ff453835000,0x00007ff453936000] [id=12272]
  0x00007ff4600f5800 WatcherThread [stack: 0x00007ff45a7a5000,0x00007ff45a8a6000] [id=12279]

VM state:not at safepoint (normal execution)

VM Mutex/Monitor currently owned by a thread:  ([mutex/lock_event])
[0x00007ff460005400] CodeCache_lock - owner thread: 0x00007ff4600e9000
[0x00007ff460006a80] Compile_lock - owner thread: 0x00007ff4600e9000
[0x00007ff460006b80] MethodCompileQueue_lock - owner thread: 0x00007ff4600e9000

Heap
 PSYoungGen      total 244864K, used 84872K [0x00000000f0000000, 0x0000000100000000, 0x0000000100000000)
  eden space 231680K, 31% used [0x00000000f0000000,0x00000000f464ccc0,0x00000000fe240000)
  from space 13184K, 97% used [0x00000000ff320000,0x00000000fffb53c8,0x0000000100000000)
  to   space 15232K, 0% used [0x00000000fe240000,0x00000000fe240000,0x00000000ff120000)
 PSOldGen        total 524288K, used 237661K [0x00000000d0000000, 0x00000000f0000000, 0x00000000f0000000)
  object space 524288K, 45% used [0x00000000d0000000,0x00000000de817468,0x00000000f0000000)
 PSPermGen       total 262144K, used 135134K [0x00000000c0000000, 0x00000000d0000000, 0x00000000d0000000)
  object space 262144K, 51% used [0x00000000c0000000,0x00000000c83f7b20,0x00000000d0000000)

Code Cache  [0x00007ff45bd6a000, 0x00007ff45c72a000, 0x00007ff45ed6a000)
 total_blobs=2601 nmethods=1895 adapters=655 free_code_cache=40669376 largest_free_block=322880

Dynamic libraries:
00400000-00409000 r-xp 00000000 08:02 397963                             /usr/lib/jvm/java-6-openjdk-amd64/jre/bin/java
00608000-00609000 r--p 00008000 08:02 397963                             /usr/lib/jvm/java-6-openjdk-amd64/jre/bin/java
00609000-0060a000 rw-p 00009000 08:02 397963                             /usr/lib/jvm/java-6-openjdk-amd64/jre/bin/java
00a66000-00a87000 rw-p 00000000 00:00 0                                  [heap]
c0000000-100000000 rw-p 00000000 00:00 0 
7ff3cc000000-7ff3cd866000 rw-p 00000000 00:00 0 
7ff3cd866000-7ff3d0000000 ---p 00000000 00:00 0 
7ff3d4000000-7ff3d4021000 rw-p 00000000 00:00 0 
7ff3d4021000-7ff3d8000000 ---p 00000000 00:00 0 
7ff3d8000000-7ff3d8905000 rw-p 00000000 00:00 0 
7ff3d8905000-7ff3dc000000 ---p 00000000 00:00 0 
7ff3dc000000-7ff3dc021000 rw-p 00000000 00:00 0 
7ff3dc021000-7ff3e0000000 ---p 00000000 00:00 0 
7ff3e0000000-7ff3e0055000 rw-p 00000000 00:00 0 
7ff3e0055000-7ff3e4000000 ---p 00000000 00:00 0 
7ff3e4000000-7ff3e4021000 rw-p 00000000 00:00 0 
7ff3e4021000-7ff3e8000000 ---p 00000000 00:00 0 
7ff3e8000000-7ff3e8021000 rw-p 00000000 00:00 0 
7ff3e8021000-7ff3ec000000 ---p 00000000 00:00 0 
7ff3ec000000-7ff3ec021000 rw-p 00000000 00:00 0 
7ff3ec021000-7ff3f0000000 ---p 00000000 00:00 0 
7ff3f0000000-7ff3f0021000 rw-p 00000000 00:00 0 
7ff3f0021000-7ff3f4000000 ---p 00000000 00:00 0 
7ff3f4000000-7ff3f4021000 rw-p 00000000 00:00 0 
7ff3f4021000-7ff3f8000000 ---p 00000000 00:00 0 
7ff3f8000000-7ff3f8fdc000 rw-p 00000000 00:00 0 
7ff3f8fdc000-7ff3fc000000 ---p 00000000 00:00 0 
7ff3fc000000-7ff3fc021000 rw-p 00000000 00:00 0 
7ff3fc021000-7ff400000000 ---p 00000000 00:00 0 
7ff400000000-7ff400021000 rw-p 00000000 00:00 0 
7ff400021000-7ff404000000 ---p 00000000 00:00 0 
7ff404000000-7ff404021000 rw-p 00000000 00:00 0 
7ff404021000-7ff408000000 ---p 00000000 00:00 0 
7ff408000000-7ff408021000 rw-p 00000000 00:00 0 
7ff408021000-7ff40c000000 ---p 00000000 00:00 0 
7ff40c000000-7ff40c021000 rw-p 00000000 00:00 0 
7ff40c021000-7ff410000000 ---p 00000000 00:00 0 
7ff410000000-7ff410144000 rw-p 00000000 00:00 0 
7ff410144000-7ff414000000 ---p 00000000 00:00 0 
7ff414000000-7ff414290000 rw-p 00000000 00:00 0 
7ff414290000-7ff418000000 ---p 00000000 00:00 0 
7ff418000000-7ff4180a7000 rw-p 00000000 00:00 0 
7ff4180a7000-7ff41c000000 ---p 00000000 00:00 0 
7ff41c000000-7ff41c0d7000 rw-p 00000000 00:00 0 
7ff41c0d7000-7ff420000000 ---p 00000000 00:00 0 
7ff420000000-7ff420120000 rw-p 00000000 00:00 0 
7ff420120000-7ff424000000 ---p 00000000 00:00 0 
7ff424000000-7ff428000000 rw-p 00000000 00:00 0 
7ff428000000-7ff428021000 rw-p 00000000 00:00 0 
7ff428021000-7ff42c000000 ---p 00000000 00:00 0 
7ff42c000000-7ff42c021000 rw-p 00000000 00:00 0 
7ff42c021000-7ff430000000 ---p 00000000 00:00 0 
7ff430000000-7ff433fe9000 rw-p 00000000 00:00 0 
7ff433fe9000-7ff434000000 ---p 00000000 00:00 0 
7ff434000000-7ff434021000 rw-p 00000000 00:00 0 
7ff434021000-7ff438000000 ---p 00000000 00:00 0 
7ff438000000-7ff438021000 rw-p 00000000 00:00 0 
7ff438021000-7ff43c000000 ---p 00000000 00:00 0 
7ff43c000000-7ff43c2e1000 rw-p 00000000 00:00 0 
7ff43c2e1000-7ff440000000 ---p 00000000 00:00 0 
7ff443fd8000-7ff444000000 rw-p 00000000 00:00 0 
7ff444000000-7ff444060000 rw-p 00000000 00:00 0 
7ff444060000-7ff448000000 ---p 00000000 00:00 0 
7ff448000000-7ff448028000 rw-p 00000000 00:00 0 
7ff448028000-7ff44c000000 ---p 00000000 00:00 0 
7ff44c000000-7ff44c239000 rw-p 00000000 00:00 0 
7ff44c239000-7ff450000000 ---p 00000000 00:00 0 
7ff450c04000-7ff450c07000 ---p 00000000 00:00 0 
7ff450c07000-7ff450d05000 rw-p 00000000 00:00 0 
7ff450d05000-7ff450d08000 ---p 00000000 00:00 0 
7ff450d08000-7ff450e06000 rw-p 00000000 00:00 0 
7ff450e06000-7ff450e09000 ---p 00000000 00:00 0 
7ff450e09000-7ff450f07000 rw-p 00000000 00:00 0 
7ff450f07000-7ff450f0a000 ---p 00000000 00:00 0 
7ff450f0a000-7ff451008000 rw-p 00000000 00:00 0 
7ff451008000-7ff45100b000 ---p 00000000 00:00 0 
7ff45100b000-7ff451109000 rw-p 00000000 00:00 0 
7ff451109000-7ff45110c000 ---p 00000000 00:00 0 
7ff45110c000-7ff45120a000 rw-p 00000000 00:00 0 
7ff45120a000-7ff45120d000 ---p 00000000 00:00 0 
7ff45120d000-7ff45130b000 rw-p 00000000 00:00 0 
7ff45130b000-7ff45130e000 ---p 00000000 00:00 0 
7ff45130e000-7ff45140c000 rw-p 00000000 00:00 0 
7ff45140c000-7ff45140f000 ---p 00000000 00:00 0 
7ff45140f000-7ff45150d000 rw-p 00000000 00:00 0 
7ff45150d000-7ff451510000 ---p 00000000 00:00 0 
7ff451510000-7ff45160e000 rw-p 00000000 00:00 0 
7ff45160e000-7ff451611000 ---p 00000000 00:00 0 
7ff451611000-7ff45170f000 rw-p 00000000 00:00 0 
7ff45170f000-7ff451712000 ---p 00000000 00:00 0 
7ff451712000-7ff451810000 rw-p 00000000 00:00 0 
7ff451810000-7ff451813000 ---p 00000000 00:00 0 
7ff451813000-7ff451911000 rw-p 00000000 00:00 0 
7ff451911000-7ff451914000 ---p 00000000 00:00 0 
7ff451914000-7ff451a12000 rw-p 00000000 00:00 0 
7ff451a12000-7ff451a15000 ---p 00000000 00:00 0 
7ff451a15000-7ff451b13000 rw-p 00000000 00:00 0 
7ff451b13000-7ff451b16000 ---p 00000000 00:00 0 
7ff451b16000-7ff451c14000 rw-p 00000000 00:00 0 
7ff451c14000-7ff451c17000 ---p 00000000 00:00 0 
7ff451c17000-7ff451d15000 rw-p 00000000 00:00 0 
7ff451d15000-7ff451d18000 ---p 00000000 00:00 0 
7ff451d18000-7ff451e16000 rw-p 00000000 00:00 0 
7ff451e16000-7ff451e19000 ---p 00000000 00:00 0 
7ff451e19000-7ff451f17000 rw-p 00000000 00:00 0 
7ff451f17000-7ff451f1a000 ---p 00000000 00:00 0 
7ff451f1a000-7ff452018000 rw-p 00000000 00:00 0 
7ff452018000-7ff45201b000 ---p 00000000 00:00 0 
7ff45201b000-7ff452119000 rw-p 00000000 00:00 0 
7ff452119000-7ff45211c000 ---p 00000000 00:00 0 
7ff45211c000-7ff45221a000 rw-p 00000000 00:00 0 
7ff45221a000-7ff45221d000 ---p 00000000 00:00 0 
7ff45221d000-7ff45231b000 rw-p 00000000 00:00 0 
7ff45231b000-7ff45231e000 ---p 00000000 00:00 0 
7ff45231e000-7ff45241c000 rw-p 00000000 00:00 0 
7ff45241c000-7ff45241f000 ---p 00000000 00:00 0 
7ff45241f000-7ff45251d000 rw-p 00000000 00:00 0 
7ff45251d000-7ff452520000 ---p 00000000 00:00 0 
7ff452520000-7ff45261e000 rw-p 00000000 00:00 0 
7ff45261e000-7ff452621000 ---p 00000000 00:00 0 
7ff452621000-7ff45271f000 rw-p 00000000 00:00 0 
7ff45271f000-7ff452722000 ---p 00000000 00:00 0 
7ff452722000-7ff452820000 rw-p 00000000 00:00 0 
7ff452820000-7ff452823000 ---p 00000000 00:00 0 
7ff452823000-7ff452921000 rw-p 00000000 00:00 0 
7ff452921000-7ff452924000 ---p 00000000 00:00 0 
7ff452924000-7ff452a22000 rw-p 00000000 00:00 0 
7ff452a22000-7ff452a25000 ---p 00000000 00:00 0 
7ff452a25000-7ff452b23000 rw-p 00000000 00:00 0 
7ff452b23000-7ff452b29000 r-xp 00000000 08:02 18747991                   /usr/lib/jvm/java-6-openjdk-amd64/jre/lib/amd64/libmanagement.so
7ff452b29000-7ff452d28000 ---p 00006000 08:02 18747991                   /usr/lib/jvm/java-6-openjdk-amd64/jre/lib/amd64/libmanagement.so
7ff452d28000-7ff452d29000 r--p 00005000 08:02 18747991                   /usr/lib/jvm/java-6-openjdk-amd64/jre/lib/amd64/libmanagement.so
7ff452d29000-7ff452d2a000 rw-p 00006000 08:02 18747991                   /usr/lib/jvm/java-6-openjdk-amd64/jre/lib/amd64/libmanagement.so
7ff452d2a000-7ff452d2d000 ---p 00000000 00:00 0 
7ff452d2d000-7ff452e2b000 rw-p 00000000 00:00 0 
7ff452e2b000-7ff452e2e000 ---p 00000000 00:00 0 
7ff452e2e000-7ff452f2c000 rw-p 00000000 00:00 0 
7ff452f2c000-7ff452f2f000 ---p 00000000 00:00 0 
7ff452f2f000-7ff45302d000 rw-p 00000000 00:00 0 
7ff45302d000-7ff453030000 ---p 00000000 00:00 0 
7ff453030000-7ff45312e000 rw-p 00000000 00:00 0 
7ff45312e000-7ff453131000 ---p 00000000 00:00 0 
7ff453131000-7ff45322f000 rw-p 00000000 00:00 0 
7ff45322f000-7ff453232000 ---p 00000000 00:00 0 
7ff453232000-7ff453330000 rw-p 00000000 00:00 0 
7ff453330000-7ff453333000 ---p 00000000 00:00 0 
7ff453333000-7ff453431000 rw-p 00000000 00:00 0 
7ff453431000-7ff453434000 ---p 00000000 00:00 0 
7ff453434000-7ff453532000 rw-p 00000000 00:00 0 
7ff453532000-7ff453535000 ---p 00000000 00:00 0 
7ff453535000-7ff453633000 rw-p 00000000 00:00 0 
7ff453633000-7ff453636000 ---p 00000000 00:00 0 
7ff453636000-7ff453734000 rw-p 00000000 00:00 0 
7ff453734000-7ff453737000 ---p 00000000 00:00 0 
7ff453737000-7ff453835000 rw-p 00000000 00:00 0 
7ff453835000-7ff453836000 ---p 00000000 00:00 0 
7ff453836000-7ff453e6e000 rw-p 00000000 00:00 0 
7ff453e6e000-7ff454000000 r--s 037bf000 08:02 18616443                   /usr/lib/jvm/java-6-openjdk-amd64/jre/lib/rt.jar
7ff454000000-7ff45402b000 rw-p 00000000 00:00 0 
7ff45402b000-7ff458000000 ---p 00000000 00:00 0 
7ff4580ca000-7ff4580cd000 ---p 00000000 00:00 0 
7ff4580cd000-7ff4581cb000 rw-p 00000000 00:00 0 
7ff4581cb000-7ff4581ce000 ---p 00000000 00:00 0 
7ff4581ce000-7ff4582cc000 rw-p 00000000 00:00 0 
7ff4582cc000-7ff4582e4000 r-xp 00000000 08:02 16256582                   /lib/x86_64-linux-gnu/libresolv-2.15.so
7ff4582e4000-7ff4584e4000 ---p 00018000 08:02 16256582                   /lib/x86_64-linux-gnu/libresolv-2.15.so
7ff4584e4000-7ff4584e5000 r--p 00018000 08:02 16256582                   /lib/x86_64-linux-gnu/libresolv-2.15.so
7ff4584e5000-7ff4584e6000 rw-p 00019000 08:02 16256582                   /lib/x86_64-linux-gnu/libresolv-2.15.so
7ff4584e6000-7ff4584e8000 rw-p 00000000 00:00 0 
7ff4584e8000-7ff4584ef000 r-xp 00000000 08:02 16256547                   /lib/x86_64-linux-gnu/libnss_dns-2.15.so
7ff4584ef000-7ff4586ee000 ---p 00007000 08:02 16256547                   /lib/x86_64-linux-gnu/libnss_dns-2.15.so
7ff4586ee000-7ff4586ef000 r--p 00006000 08:02 16256547                   /lib/x86_64-linux-gnu/libnss_dns-2.15.so
7ff4586ef000-7ff4586f0000 rw-p 00007000 08:02 16256547                   /lib/x86_64-linux-gnu/libnss_dns-2.15.so
7ff4586f0000-7ff4586f2000 r-xp 00000000 08:02 16252982                   /lib/libnss_mdns4_minimal.so.2
7ff4586f2000-7ff4588f1000 ---p 00002000 08:02 16252982                   /lib/libnss_mdns4_minimal.so.2
7ff4588f1000-7ff4588f2000 r--p 00001000 08:02 16252982                   /lib/libnss_mdns4_minimal.so.2
7ff4588f2000-7ff4588f3000 rw-p 00002000 08:02 16252982                   /lib/libnss_mdns4_minimal.so.2
7ff4588f3000-7ff4588f6000 ---p 00000000 00:00 0 
7ff4588f6000-7ff4589f4000 rw-p 00000000 00:00 0 
7ff4589f4000-7ff4589f7000 ---p 00000000 00:00 0 
7ff4589f7000-7ff458af5000 rw-p 00000000 00:00 0 
7ff458af5000-7ff458b52000 r-xp 00000000 08:02 16651114                   /usr/lib/x86_64-linux-gnu/nss/libfreebl3.so
7ff458b52000-7ff458d51000 ---p 0005d000 08:02 16651114                   /usr/lib/x86_64-linux-gnu/nss/libfreebl3.so
7ff458d51000-7ff458d53000 r--p 0005c000 08:02 16651114                   /usr/lib/x86_64-linux-gnu/nss/libfreebl3.so
7ff458d53000-7ff458d54000 rw-p 0005e000 08:02 16651114                   /usr/lib/x86_64-linux-gnu/nss/libfreebl3.so
7ff458d54000-7ff458d58000 rw-p 00000000 00:00 0 
7ff458d58000-7ff458df6000 r-xp 00000000 08:02 16131587                   /usr/lib/x86_64-linux-gnu/libsqlite3.so.0.8.6
7ff458df6000-7ff458ff6000 ---p 0009e000 08:02 16131587                   /usr/lib/x86_64-linux-gnu/libsqlite3.so.0.8.6
7ff458ff6000-7ff458ff8000 r--p 0009e000 08:02 16131587                   /usr/lib/x86_64-linux-gnu/libsqlite3.so.0.8.6
7ff458ff8000-7ff458ffa000 rw-p 000a0000 08:02 16131587                   /usr/lib/x86_64-linux-gnu/libsqlite3.so.0.8.6
7ff458ffa000-7ff458ffb000 rw-p 00000000 00:00 0 
7ff458ffb000-7ff459034000 r-xp 00000000 08:02 16651117                   /usr/lib/x86_64-linux-gnu/nss/libsoftokn3.so
7ff459034000-7ff459233000 ---p 00039000 08:02 16651117                   /usr/lib/x86_64-linux-gnu/nss/libsoftokn3.so
7ff459233000-7ff459235000 r--p 00038000 08:02 16651117                   /usr/lib/x86_64-linux-gnu/nss/libsoftokn3.so
7ff459235000-7ff459236000 rw-p 0003a000 08:02 16651117                   /usr/lib/x86_64-linux-gnu/nss/libsoftokn3.so
7ff459236000-7ff459270000 r-xp 00000000 08:02 16127779                   /usr/lib/x86_64-linux-gnu/libnspr4.so
7ff459270000-7ff45946f000 ---p 0003a000 08:02 16127779                   /usr/lib/x86_64-linux-gnu/libnspr4.so
7ff45946f000-7ff459470000 r--p 00039000 08:02 16127779                   /usr/lib/x86_64-linux-gnu/libnspr4.so
7ff459470000-7ff459472000 rw-p 0003a000 08:02 16127779                   /usr/lib/x86_64-linux-gnu/libnspr4.so
7ff459472000-7ff459474000 rw-p 00000000 00:00 0 
7ff459474000-7ff459477000 r-xp 00000000 08:02 16127775                   /usr/lib/x86_64-linux-gnu/libplds4.so
7ff459477000-7ff459676000 ---p 00003000 08:02 16127775                   /usr/lib/x86_64-linux-gnu/libplds4.so
7ff459676000-7ff459677000 r--p 00002000 08:02 16127775                   /usr/lib/x86_64-linux-gnu/libplds4.so
7ff459677000-7ff459678000 rw-p 00003000 08:02 16127775                   /usr/lib/x86_64-linux-gnu/libplds4.so
7ff459678000-7ff45967c000 r-xp 00000000 08:02 16127777                   /usr/lib/x86_64-linux-gnu/libplc4.so
7ff45967c000-7ff45987b000 ---p 00004000 08:02 16127777                   /usr/lib/x86_64-linux-gnu/libplc4.so
7ff45987b000-7ff45987c000 r--p 00003000 08:02 16127777                   /usr/lib/x86_64-linux-gnu/libplc4.so
7ff45987c000-7ff45987d000 rw-p 00004000 08:02 16127777                   /usr/lib/x86_64-linux-gnu/libplc4.so
7ff45987d000-7ff459899000 r-xp 00000000 08:02 16123808                   /usr/lib/x86_64-linux-gnu/libnssutil3.so
7ff459899000-7ff459a99000 ---p 0001c000 08:02 16123808                   /usr/lib/x86_64-linux-gnu/libnssutil3.so
7ff459a99000-7ff459a9f000 r--p 0001c000 08:02 16123808                   /usr/lib/x86_64-linux-gnu/libnssutil3.so
7ff459a9f000-7ff459aa0000 rw-p 00022000 08:02 16123808                   /usr/lib/x86_64-linux-gnu/libnssutil3.so
7ff459aa0000-7ff459b9e000 r-xp 00000000 08:02 16122488                   /usr/lib/x86_64-linux-gnu/libnss3.so
7ff459b9e000-7ff459d9d000 ---p 000fe000 08:02 16122488                   /usr/lib/x86_64-linux-gnu/libnss3.so
7ff459d9d000-7ff459da2000 r--p 000fd000 08:02 16122488                   /usr/lib/x86_64-linux-gnu/libnss3.so
7ff459da2000-7ff459da4000 rw-p 00102000 08:02 16122488                   /usr/lib/x86_64-linux-gnu/libnss3.so
7ff459da4000-7ff459da6000 rw-p 00000000 00:00 0 
7ff459db8000-7ff459dc6000 r--s 00351000 08:02 18489869                   /usr/lib/jvm/java-6-openjdk-common/jre/lib/charsets.jar
7ff459dc6000-7ff459dd4000 r-xp 00000000 08:02 18747997                   /usr/lib/jvm/java-6-openjdk-amd64/jre/lib/amd64/libj2pkcs11.so
7ff459dd4000-7ff459fd4000 ---p 0000e000 08:02 18747997                   /usr/lib/jvm/java-6-openjdk-amd64/jre/lib/amd64/libj2pkcs11.so
7ff459fd4000-7ff459fd5000 r--p 0000e000 08:02 18747997                   /usr/lib/jvm/java-6-openjdk-amd64/jre/lib/amd64/libj2pkcs11.so
7ff459fd5000-7ff459fd6000 rw-p 0000f000 08:02 18747997                   /usr/lib/jvm/java-6-openjdk-amd64/jre/lib/amd64/libj2pkcs11.so
7ff459fd6000-7ff459fd8000 r--s 00013000 08:02 18489868                   /usr/lib/jvm/java-6-openjdk-common/jre/lib/jce.jar
7ff459fe1000-7ff459fef000 r--s 00351000 08:02 18489869                   /usr/lib/jvm/java-6-openjdk-common/jre/lib/charsets.jar
7ff459fef000-7ff459ff3000 r--s 0002f000 08:02 4722137                    /home/jam/.grails/ivy-cache/org.grails/grails-test/jars/grails-test-2.1.1.jar
7ff459ff3000-7ff459ff9000 r--s 0006c000 08:02 4722135                    /home/jam/.grails/ivy-cache/org.grails/grails-plugin-testing/jars/grails-plugin-testing-2.1.1.jar
7ff459ff9000-7ff459ffa000 r--s 00002000 08:02 5636284                    /home/jam/.grails/ivy-cache/org.hibernate/hibernate-ehcache/jars/hibernate-ehcache-3.6.10.Final.jar
7ff459ffa000-7ff459fff000 r--s 00048000 08:02 5636282                    /home/jam/.grails/ivy-cache/dom4j/dom4j/jars/dom4j-1.6.1.jar
7ff459fff000-7ff45a004000 r--s 00068000 08:02 5636280                    /home/jam/.grails/ivy-cache/antlr/antlr/jars/antlr-2.7.7.jar
7ff45a004000-7ff45a00d000 r--s 00098000 08:02 5636278                    /home/jam/.grails/ivy-cache/org.javassist/javassist/jars/javassist-3.16.1-GA.jar
7ff45a00d000-7ff45a010000 r--s 00009000 08:02 5636286                    /home/jam/.grails/ivy-cache/javax.validation/validation-api/jars/validation-api-1.0.0.GA.jar
7ff45a010000-7ff45a017000 r--s 00040000 08:02 5636276                    /home/jam/.grails/ivy-cache/org.hibernate/hibernate-validator/jars/hibernate-validator-4.1.0.Final.jar
7ff45a017000-7ff45a01a000 r--s 0000f000 08:02 5636274                    /home/jam/.grails/ivy-cache/org.hibernate/hibernate-commons-annotations/jars/hibernate-commons-annotations-3.2.0.Final.jar
7ff45a01a000-7ff45a04c000 r--s 002c9000 08:02 5636272                    /home/jam/.grails/ivy-cache/org.hibernate/hibernate-core/jars/hibernate-core-3.6.10.Final.jar
7ff45a04c000-7ff45a05d000 r--s 000d2000 08:02 5636617                    /home/jam/.grails/ivy-cache/org.liquibase/liquibase-core/jars/liquibase-core-2.0.5.jar
7ff45a05d000-7ff45a066000 r--s 00080000 08:02 5767285                    /home/jam/.grails/ivy-cache/org.quartz-scheduler/quartz/jars/quartz-2.1.5.jar
7ff45a066000-7ff45a06d000 r--s 00035000 08:02 4851541                    /home/jam/.grails/ivy-cache/org.springframework.security/spring-security-web/jars/spring-security-web-3.0.7.RELEASE.jar
7ff45a06d000-7ff45a077000 r--s 00043000 08:02 4851538                    /home/jam/.grails/ivy-cache/org.springframework.security/spring-security-core/jars/spring-security-core-3.0.7.RELEASE.jar
7ff45a077000-7ff45a078000 r--s 00004000 08:02 5637614                    /home/jam/.grails/ivy-cache/net.sf.opencsv/opencsv/jars/opencsv-2.3.jar
7ff45a078000-7ff45a07e000 r--s 0007e000 08:02 5637426                    /home/jam/.grails/ivy-cache/postgresql/postgresql/jars/postgresql-9.0-801.jdbc4.jar
7ff45a07e000-7ff45a085000 r--s 000bd000 08:02 4722926                    /home/jam/.grails/ivy-cache/mysql/mysql-connector-java/jars/mysql-connector-java-5.1.20.jar
7ff45a085000-7ff45a087000 r--s 00000000 08:02 4722133                    /home/jam/.grails/ivy-cache/org.slf4j/jul-to-slf4j/jars/jul-to-slf4j-1.6.2.jar
7ff45a087000-7ff45a089000 r--s 00003000 08:02 4722131                    /home/jam/.grails/ivy-cache/org.slf4j/jcl-over-slf4j/jars/jcl-over-slf4j-1.6.2.jar
7ff45a089000-7ff45a092000 r--s 0006d000 08:02 4722129                    /home/jam/.grails/ivy-cache/log4j/log4j/bundles/log4j-1.2.16.jar
7ff45a092000-7ff45a0a7000 r--s 000e3000 08:02 4722127                    /home/jam/.grails/ivy-cache/net.sf.ehcache/ehcache-core/jars/ehcache-core-2.4.6.jar
7ff45a0a7000-7ff45a0a9000 r--s 00005000 08:02 4722125                    /home/jam/.grails/ivy-cache/xpp3/xpp3_min/jars/xpp3_min-1.1.4c.jar
7ff45a0a9000-7ff45a0ab000 r--s 00004000 08:02 4722123                    /home/jam/.grails/ivy-cache/javax.servlet/jstl/jars/jstl-1.1.2.jar
7ff45a0ab000-7ff45a0b5000 r--s 0012c000 08:02 4722121                    /home/jam/.grails/ivy-cache/com.h2database/h2/jars/h2-1.3.164.jar
7ff45a0b5000-7ff45a0b8000 r--s 00016000 08:02 4722119                    /home/jam/.grails/ivy-cache/commons-pool/commons-pool/jars/commons-pool-1.5.6.jar
7ff45a0b8000-7ff45a0bb000 r--s 00025000 08:02 4722117                    /home/jam/.grails/ivy-cache/commons-dbcp/commons-dbcp/jars/commons-dbcp-1.4.jar
7ff45a0bb000-7ff45a0bd000 r--s 0000e000 08:02 4722115                    /home/jam/.grails/ivy-cache/oro/oro/jars/oro-2.0.8.jar
7ff45a0bd000-7ff45a0bf000 r--s 0000d000 08:02 4722113                    /home/jam/.grails/ivy-cache/commons-fileupload/commons-fileupload/jars/commons-fileupload-1.2.2.jar
7ff45a0bf000-7ff45a0c0000 r--s 0000a000 08:02 4722111                    /home/jam/.grails/ivy-cache/asm/asm/jars/asm-3.1.jar
7ff45a0c0000-7ff45a0c7000 r--s 0003e000 08:02 4722109                    /home/jam/.grails/ivy-cache/cglib/cglib/jars/cglib-2.2.jar
7ff45a0c7000-7ff45a0cb000 r--s 00019000 08:02 4722107                    /home/jam/.grails/ivy-cache/org.aspectj/aspectjrt/jars/aspectjrt-1.6.10.jar
7ff45a0cb000-7ff45a0e1000 r--s 00184000 08:02 4722105                    /home/jam/.grails/ivy-cache/org.aspectj/aspectjweaver/jars/aspectjweaver-1.6.10.jar
7ff45a0e1000-7ff45a0e8000 r--s 00056000 08:02 4722103                    /home/jam/.grails/ivy-cache/org.grails/grails-datastore-simple/jars/grails-datastore-simple-1.1.0.RELEASE.jar
7ff45a0e8000-7ff45a0f1000 r--s 00044000 08:02 4722101                    /home/jam/.grails/ivy-cache/org.grails/grails-datastore-core/jars/grails-datastore-core-1.1.0.RELEASE.jar
7ff45a0f1000-7ff45a0f6000 r--s 0004c000 08:02 4722099                    /home/jam/.grails/ivy-cache/org.grails/grails-datastore-gorm/jars/grails-datastore-gorm-1.1.0.RELEASE.jar
7ff45a0f6000-7ff45a101000 r--s 00082000 08:02 4722097                    /home/jam/.grails/ivy-cache/org.springframework/spring-webmvc/jars/spring-webmvc-3.1.2.RELEASE.jar
7ff45a101000-7ff45a10d000 r--s 0007a000 08:02 4722095                    /home/jam/.grails/ivy-cache/org.springframework/spring-web/jars/spring-web-3.1.2.RELEASE.jar
7ff45a10d000-7ff45a114000 r--s 00035000 08:02 4722093                    /home/jam/.grails/ivy-cache/org.springframework/spring-tx/jars/spring-tx-3.1.2.RELEASE.jar
7ff45a114000-7ff45a11d000 r--s 00054000 08:02 4722091                    /home/jam/.grails/ivy-cache/org.springframework/spring-orm/jars/spring-orm-3.1.2.RELEASE.jar
7ff45a11d000-7ff45a122000 r--s 0002c000 08:02 4722089                    /home/jam/.grails/ivy-cache/org.springframework/spring-jms/jars/spring-jms-3.1.2.RELEASE.jar
7ff45a122000-7ff45a12c000 r--s 00059000 08:02 4722087                    /home/jam/.grails/ivy-cache/org.springframework/spring-jdbc/jars/spring-jdbc-3.1.2.RELEASE.jar
7ff45a12c000-7ff45a130000 r--s 00027000 08:02 4722085                    /home/jam/.grails/ivy-cache/org.springframework/spring-expression/jars/spring-expression-3.1.2.RELEASE.jar
7ff45a130000-7ff45a133000 r--s 00018000 08:02 4722083                    /home/jam/.grails/ivy-cache/org.springframework/spring-context-support/jars/spring-context-support-3.1.2.RELEASE.jar
7ff45a133000-7ff45a148000 r--s 000b7000 08:02 4722081                    /home/jam/.grails/ivy-cache/org.springframework/spring-context/jars/spring-context-3.1.2.RELEASE.jar
7ff45a148000-7ff45a154000 r--s 00085000 08:02 4722079                    /home/jam/.grails/ivy-cache/org.springframework/spring-beans/jars/spring-beans-3.1.2.RELEASE.jar
7ff45a154000-7ff45a155000 r--s 0000c000 08:02 4722077                    /home/jam/.grails/ivy-cache/org.springframework/spring-asm/jars/spring-asm-3.1.2.RELEASE.jar
7ff45a155000-7ff45a157000 r--s 0000b000 08:02 4722075                    /home/jam/.grails/ivy-cache/org.springframework/spring-aspects/jars/spring-aspects-3.1.2.RELEASE.jar
7ff45a157000-7ff45a160000 r--s 00049000 08:02 4722073                    /home/jam/.grails/ivy-cache/org.springframework/spring-aop/jars/spring-aop-3.1.2.RELEASE.jar
7ff45a160000-7ff45a16a000 r--s 00064000 08:02 4722071                    /home/jam/.grails/ivy-cache/org.springframework/spring-core/jars/spring-core-3.1.2.RELEASE.jar
7ff45a16a000-7ff45a16c000 r--s 00008000 08:02 4722069                    /home/jam/.grails/ivy-cache/org.grails/grails-plugin-validation/jars/grails-plugin-validation-2.1.1.jar
7ff45a16c000-7ff45a16f000 r--s 0001c000 08:02 4722067                    /home/jam/.grails/ivy-cache/org.grails/grails-plugin-url-mappings/jars/grails-plugin-url-mappings-2.1.1.jar
7ff45a16f000-7ff45a171000 r--s 0000f000 08:02 4722065                    /home/jam/.grails/ivy-cache/org.grails/grails-plugin-mimetypes/jars/grails-plugin-mimetypes-2.1.1.jar
7ff45a171000-7ff45a173000 r--s 00005000 08:02 4722063                    /home/jam/.grails/ivy-cache/org.grails/grails-plugin-servlets/jars/grails-plugin-servlets-2.1.1.jar
7ff45a173000-7ff45a174000 r--s 00008000 08:02 4722061                    /home/jam/.grails/ivy-cache/org.grails/grails-plugin-services/jars/grails-plugin-services-2.1.1.jar
7ff45a174000-7ff45a176000 r--s 00006000 08:02 4722059                    /home/jam/.grails/ivy-cache/org.grails/grails-plugin-scaffolding/jars/grails-plugin-scaffolding-2.1.1.jar
7ff45a176000-7ff45a178000 r--s 0000e000 08:02 4722057                    /home/jam/.grails/ivy-cache/org.grails/grails-plugin-log4j/jars/grails-plugin-log4j-2.1.1.jar
7ff45a178000-7ff45a17a000 r--s 00005000 08:02 4722055                    /home/jam/.grails/ivy-cache/org.grails/grails-plugin-i18n/jars/grails-plugin-i18n-2.1.1.jar
7ff45a17a000-7ff45a181000 r--s 0006d000 08:02 4722053                    /home/jam/.grails/ivy-cache/org.grails/grails-plugin-gsp/jars/grails-plugin-gsp-2.1.1.jar
7ff45a181000-7ff45a183000 r--s 0000e000 08:02 4722051                    /home/jam/.grails/ivy-cache/org.grails/grails-plugin-filters/jars/grails-plugin-filters-2.1.1.jar
7ff45a183000-7ff45a185000 r--s 00009000 08:02 4722049                    /home/jam/.grails/ivy-cache/org.grails/grails-plugin-datasource/jars/grails-plugin-datasource-2.1.1.jar
7ff45a185000-7ff45a189000 r--s 00024000 08:02 4722047                    /home/jam/.grails/ivy-cache/org.grails/grails-plugin-converters/jars/grails-plugin-converters-2.1.1.jar
7ff45a189000-7ff45a18c000 r--s 00019000 08:02 4722045                    /home/jam/.grails/ivy-cache/org.grails/grails-plugin-domain-class/jars/grails-plugin-domain-class-2.1.1.jar
7ff45a18c000-7ff45a190000 r--s 00028000 08:02 4722043                    /home/jam/.grails/ivy-cache/org.grails/grails-plugin-controllers/jars/grails-plugin-controllers-2.1.1.jar
7ff45a190000-7ff45a192000 r--s 00015000 08:02 4722041                    /home/jam/.grails/ivy-cache/org.grails/grails-plugin-codecs/jars/grails-plugin-codecs-2.1.1.jar
7ff45a192000-7ff45a193000 r--s 00000000 08:02 4722039                    /home/jam/.grails/ivy-cache/org.grails/grails-logging/jars/grails-logging-2.1.1.jar
7ff45a193000-7ff45a195000 r--s 00009000 08:02 4722037                    /home/jam/.grails/ivy-cache/org.grails/grails-spring/jars/grails-spring-2.1.1.jar
7ff45a195000-7ff45a19f000 r--s 0008a000 08:02 4722035                    /home/jam/.grails/ivy-cache/org.grails/grails-hibernate/jars/grails-hibernate-2.1.1.jar
7ff45a19f000-7ff45a1a1000 r--s 00009000 08:02 4722033                    /home/jam/.grails/ivy-cache/org.grails/grails-crud/jars/grails-crud-2.1.1.jar
7ff45a1a1000-7ff45a1a7000 r--s 00027000 08:02 4722031                    /home/jam/.grails/ivy-cache/opensymphony/sitemesh/jars/sitemesh-2.4.jar
7ff45a1a7000-7ff45a1ac000 r--s 00015000 08:02 4722029                    /home/jam/.grails/ivy-cache/org.hibernate.javax.persistence/hibernate-jpa-2.0-api/jars/hibernate-jpa-2.0-api-1.0.1.Final.jar
7ff45a1ac000-7ff45a1ad000 r--s 00003000 08:02 4722027                    /home/jam/.grails/ivy-cache/javax.transaction/jta/jars/jta-1.1.jar
7ff45a1ad000-7ff45a1b2000 r--s 00041000 08:02 4722025                    /home/jam/.grails/ivy-cache/commons-lang/commons-lang/jars/commons-lang-2.6.jar
7ff45a1b2000-7ff45a1b5000 r--s 00025000 08:02 4722023                    /home/jam/.grails/ivy-cache/commons-io/commons-io/jars/commons-io-2.1.jar
7ff45a1b5000-7ff45a1c3000 r--s 0007f000 08:02 4722021                    /home/jam/.grails/ivy-cache/commons-collections/commons-collections/jars/commons-collections-3.2.1.jar
7ff45a1c3000-7ff45a1c5000 r--s 00010000 08:02 4722019                    /home/jam/.grails/ivy-cache/commons-codec/commons-codec/jars/commons-codec-1.5.jar
7ff45a1c5000-7ff45a223000 r--s 00592000 08:02 4722009                    /home/jam/.grails/ivy-cache/org.codehaus.groovy/groovy-all/jars/groovy-all-1.8.8.jar
7ff45a223000-7ff45a233000 r--s 0019c000 08:02 5508469                    /home/jam/.grails/ivy-cache/org.eclipse.jdt.core.compiler/ecj/jars/ecj-3.7.2.jar
7ff45a233000-7ff45a255000 r--s 00254000 08:02 4721757                    /home/jam/.grails/ivy-cache/org.apache.tomcat.embed/tomcat-embed-core/jars/tomcat-embed-core-7.0.30.jar
7ff45a255000-7ff45a26a000 r-xp 00000000 08:02 18747986                   /usr/lib/jvm/java-6-openjdk-amd64/jre/lib/amd64/libnet.so
7ff45a26a000-7ff45a469000 ---p 00015000 08:02 18747986                   /usr/lib/jvm/java-6-openjdk-amd64/jre/lib/amd64/libnet.so
7ff45a469000-7ff45a46a000 r--p 00014000 08:02 18747986                   /usr/lib/jvm/java-6-openjdk-amd64/jre/lib/amd64/libnet.so
7ff45a46a000-7ff45a46b000 rw-p 00015000 08:02 18747986                   /usr/lib/jvm/java-6-openjdk-amd64/jre/lib/amd64/libnet.so
7ff45a46b000-7ff45a46e000 ---p 00000000 00:00 0 
7ff45a46e000-7ff45a56c000 rw-p 00000000 00:00 0 
7ff45a56c000-7ff45a56e000 r--s 00000000 08:02 4722017                    /home/jam/.grails/ivy-cache/aopalliance/aopalliance/jars/aopalliance-1.0.jar
7ff45a56e000-7ff45a571000 r--s 0001f000 08:02 4722015                    /home/jam/.grails/ivy-cache/commons-validator/commons-validator/jars/commons-validator-1.3.1.jar
7ff45a571000-7ff45a574000 r--s 00019000 08:02 4722013                    /home/jam/.grails/ivy-cache/commons-el/commons-el/jars/commons-el-1.0.jar
7ff45a574000-7ff45a579000 r--s 00034000 08:02 4722011                    /home/jam/.grails/ivy-cache/commons-beanutils/commons-beanutils/jars/commons-beanutils-1.8.3.jar
7ff45a579000-7ff45a57b000 r--s 0000d000 08:02 5508471                    /home/jam/.grails/ivy-cache/org.grails/grails-plugin-tomcat/jars/grails-plugin-tomcat-2.1.1.jar
7ff45a57b000-7ff45a57d000 r--s 00008000 08:02 5508467                    /home/jam/.grails/ivy-cache/org.apache.tomcat.embed/tomcat-embed-logging-juli/jars/tomcat-embed-logging-juli-7.0.30.jar
7ff45a57d000-7ff45a57f000 r--s 00013000 08:02 4721761                    /home/jam/.grails/ivy-cache/org.apache.tomcat.embed/tomcat-embed-logging-log4j/jars/tomcat-embed-logging-log4j-7.0.30.jar
7ff45a57f000-7ff45a58a000 r--s 000b6000 08:02 4721759                    /home/jam/.grails/ivy-cache/org.apache.tomcat.embed/tomcat-embed-jasper/jars/tomcat-embed-jasper-7.0.30.jar
7ff45a58a000-7ff45a58c000 r--s 00017000 08:02 4721465                    /home/jam/.grails/ivy-cache/org.apache.ant/ant-junit/jars/ant-junit-1.8.2.jar
7ff45a58c000-7ff45a58e000 r--s 00002000 08:02 4721463                    /home/jam/.grails/ivy-cache/org.apache.ant/ant-launcher/jars/ant-launcher-1.8.2.jar
7ff45a58e000-7ff45a5ac000 r--s 001bb000 08:02 4721461                    /home/jam/.grails/ivy-cache/org.apache.ant/ant/jars/ant-1.8.2.jar
7ff45a5ac000-7ff45a5b3000 r--s 00037000 08:02 4721459                    /home/jam/.grails/ivy-cache/junit/junit/jars/junit-4.10.jar
7ff45a5b3000-7ff45a5b6000 r--s 0000b000 08:02 4721456                    /home/jam/.grails/ivy-cache/com.googlecode.concurrentlinkedhashmap/concurrentlinkedhashmap-lru/jars/concurrentlinkedhashmap-lru-1.2_jdk5.jar
7ff45a5b6000-7ff45a5bc000 r--s 00033000 08:02 4721454                    /home/jam/.grails/ivy-cache/org.springframework/spring-test/jars/spring-test-3.1.2.RELEASE.jar
7ff45a5bc000-7ff45a5be000 r--s 00005000 08:02 4721452                    /home/jam/.grails/ivy-cache/org.slf4j/slf4j-api/jars/slf4j-api-1.6.2.jar
7ff45a5be000-7ff45a5cb000 r--s 000b7000 08:02 4721450                    /home/jam/.grails/ivy-cache/org.grails/grails-web/jars/grails-web-2.1.1.jar
7ff45a5cb000-7ff45a5ce000 r--s 00026000 08:02 4721448                    /home/jam/.grails/ivy-cache/org.grails/grails-resources/jars/grails-resources-2.1.1.jar
7ff45a5ce000-7ff45a5dc000 r--s 000b5000 08:02 4721446                    /home/jam/.grails/ivy-cache/org.grails/grails-core/jars/grails-core-2.1.1.jar
7ff45a5dc000-7ff45a5e7000 r--s 000fe000 08:02 4721444                    /home/jam/.grails/ivy-cache/org.grails/grails-scripts/jars/grails-scripts-2.1.1.jar
7ff45a5e7000-7ff45a5f0000 r--s 000a8000 08:02 4721442                    /home/jam/.grails/ivy-cache/org.grails/grails-bootstrap/jars/grails-bootstrap-2.1.1.jar
7ff45a5f0000-7ff45a5f3000 r--s 00044000 08:02 4721440                    /home/jam/.grails/ivy-cache/org.grails/grails-docs/jars/grails-docs-2.1.1.jar
7ff45a5f3000-7ff45a5f6000 r--s 00041000 08:02 4721438                    /home/jam/.grails/ivy-cache/xalan/serializer/jars/serializer-2.7.1.jar
7ff45a5f6000-7ff45a5f9000 r--s 000cf000 08:02 4721436                    /home/jam/.grails/ivy-cache/net.java.dev.jna/jna/jars/jna-3.2.3.jar
7ff45a5f9000-7ff45a5fb000 r--s 00008000 08:02 4721434                    /home/jam/.grails/ivy-cache/org.fusesource.jansi/jansi/jars/jansi-1.2.1.jar
7ff45a5fb000-7ff45a60a000 r--s 000d9000 08:02 4721424                    /home/jam/.grails/ivy-cache/org.apache.ivy/ivy/jars/ivy-2.2.0.jar
7ff45a60a000-7ff45a62f000 r--s 00172000 08:02 4721397                    /home/jam/.grails/ivy-cache/org.bouncycastle/bcprov-jdk15/jars/bcprov-jdk15-1.45.jar
7ff45a62f000-7ff45a644000 r-xp 00000000 08:02 8650856                    /tmp/jna7776330586313501526.tmp
7ff45a644000-7ff45a743000 ---p 00015000 08:02 8650856                    /tmp/jna7776330586313501526.tmp
7ff45a743000-7ff45a745000 rw-p 00014000 08:02 8650856                    /tmp/jna7776330586313501526.tmp
7ff45a745000-7ff45a7a5000 r--s 00d92000 08:02 18877160                   /usr/lib/jvm/java-6-openjdk-amd64/lib/tools.jar
7ff45a7a5000-7ff45a7a6000 ---p 00000000 00:00 0 
7ff45a7a6000-7ff45a8a6000 rw-p 00000000 00:00 0 
7ff45a8a6000-7ff45a8a9000 ---p 00000000 00:00 0 
7ff45a8a9000-7ff45a9a7000 rw-p 00000000 00:00 0 
7ff45a9a7000-7ff45a9aa000 ---p 00000000 00:00 0 
7ff45a9aa000-7ff45aaa8000 rw-p 00000000 00:00 0 
7ff45aaa8000-7ff45aaab000 ---p 00000000 00:00 0 
7ff45aaab000-7ff45aba9000 rw-p 00000000 00:00 0 
7ff45aba9000-7ff45ac07000 r--s 00592000 08:02 4587821                    /home/jam/Applications/grails-2.1.1/lib/org.codehaus.groovy/groovy-all/jars/groovy-all-1.8.8.jar
7ff45ac07000-7ff45ac0a000 ---p 00000000 00:00 0 
7ff45ac0a000-7ff45ad08000 rw-p 00000000 00:00 0 
7ff45ad08000-7ff45b4e3000 r--p 00000000 08:02 16128286                   /usr/lib/locale/locale-archive
7ff45b4e3000-7ff45b4e6000 ---p 00000000 00:00 0 
7ff45b4e6000-7ff45b5e4000 rw-p 00000000 00:00 0 
7ff45b5e4000-7ff45b5e7000 ---p 00000000 00:00 0 
7ff45b5e7000-7ff45b6e5000 rw-p 00000000 00:00 0 
7ff45b6e5000-7ff45b6e6000 ---p 00000000 00:00 0 
7ff45b6e6000-7ff45b7e6000 rw-p 00000000 00:00 0 
7ff45b7e6000-7ff45b7e7000 ---p 00000000 00:00 0 
7ff45b7e7000-7ff45b8e7000 rw-p 00000000 00:00 0 
7ff45b8e7000-7ff45b8e8000 ---p 00000000 00:00 0 
7ff45b8e8000-7ff45b9e8000 rw-p 00000000 00:00 0 
7ff45b9e8000-7ff45b9e9000 ---p 00000000 00:00 0 
7ff45b9e9000-7ff45bd6a000 rw-p 00000000 00:00 0 
7ff45bd6a000-7ff45c72a000 rwxp 00000000 00:00 0 
7ff45c72a000-7ff45ed6a000 rw-p 00000000 00:00 0 
7ff45ed6a000-7ff45ed71000 r-xp 00000000 08:02 18748006                   /usr/lib/jvm/java-6-openjdk-amd64/jre/lib/amd64/libzip.so
7ff45ed71000-7ff45ef70000 ---p 00007000 08:02 18748006                   /usr/lib/jvm/java-6-openjdk-amd64/jre/lib/amd64/libzip.so
7ff45ef70000-7ff45ef71000 r--p 00006000 08:02 18748006                   /usr/lib/jvm/java-6-openjdk-amd64/jre/lib/amd64/libzip.so
7ff45ef71000-7ff45ef72000 rw-p 00007000 08:02 18748006                   /usr/lib/jvm/java-6-openjdk-amd64/jre/lib/amd64/libzip.so
7ff45ef72000-7ff45ef7e000 r-xp 00000000 08:02 16256549                   /lib/x86_64-linux-gnu/libnss_files-2.15.so
7ff45ef7e000-7ff45f17d000 ---p 0000c000 08:02 16256549                   /lib/x86_64-linux-gnu/libnss_files-2.15.so
7ff45f17d000-7ff45f17e000 r--p 0000b000 08:02 16256549                   /lib/x86_64-linux-gnu/libnss_files-2.15.so
7ff45f17e000-7ff45f17f000 rw-p 0000c000 08:02 16256549                   /lib/x86_64-linux-gnu/libnss_files-2.15.so
7ff45f17f000-7ff45f189000 r-xp 00000000 08:02 16256553                   /lib/x86_64-linux-gnu/libnss_nis-2.15.so
7ff45f189000-7ff45f389000 ---p 0000a000 08:02 16256553                   /lib/x86_64-linux-gnu/libnss_nis-2.15.so
7ff45f389000-7ff45f38a000 r--p 0000a000 08:02 16256553                   /lib/x86_64-linux-gnu/libnss_nis-2.15.so
7ff45f38a000-7ff45f38b000 rw-p 0000b000 08:02 16256553                   /lib/x86_64-linux-gnu/libnss_nis-2.15.so
7ff45f38b000-7ff45f3a2000 r-xp 00000000 08:02 16256543                   /lib/x86_64-linux-gnu/libnsl-2.15.so
7ff45f3a2000-7ff45f5a1000 ---p 00017000 08:02 16256543                   /lib/x86_64-linux-gnu/libnsl-2.15.so
7ff45f5a1000-7ff45f5a2000 r--p 00016000 08:02 16256543                   /lib/x86_64-linux-gnu/libnsl-2.15.so
7ff45f5a2000-7ff45f5a3000 rw-p 00017000 08:02 16256543                   /lib/x86_64-linux-gnu/libnsl-2.15.so
7ff45f5a3000-7ff45f5a5000 rw-p 00000000 00:00 0 
7ff45f5a5000-7ff45f5ad000 r-xp 00000000 08:02 16256545                   /lib/x86_64-linux-gnu/libnss_compat-2.15.so
7ff45f5ad000-7ff45f7ac000 ---p 00008000 08:02 16256545                   /lib/x86_64-linux-gnu/libnss_compat-2.15.so
7ff45f7ac000-7ff45f7ad000 r--p 00007000 08:02 16256545                   /lib/x86_64-linux-gnu/libnss_compat-2.15.so
7ff45f7ad000-7ff45f7ae000 rw-p 00008000 08:02 16256545                   /lib/x86_64-linux-gnu/libnss_compat-2.15.so
7ff45f7ae000-7ff45f7b7000 r-xp 00000000 08:02 18747976                   /usr/lib/jvm/java-6-openjdk-amd64/jre/lib/amd64/libinstrument.so
7ff45f7b7000-7ff45f9b7000 ---p 00009000 08:02 18747976                   /usr/lib/jvm/java-6-openjdk-amd64/jre/lib/amd64/libinstrument.so
7ff45f9b7000-7ff45f9b8000 r--p 00009000 08:02 18747976                   /usr/lib/jvm/java-6-openjdk-amd64/jre/lib/amd64/libinstrument.so
7ff45f9b8000-7ff45f9b9000 rw-p 0000a000 08:02 18747976                   /usr/lib/jvm/java-6-openjdk-amd64/jre/lib/amd64/libinstrument.so
7ff45f9b9000-7ff45f9e5000 r-xp 00000000 08:02 18747994                   /usr/lib/jvm/java-6-openjdk-amd64/jre/lib/amd64/libjava.so
7ff45f9e5000-7ff45fbe4000 ---p 0002c000 08:02 18747994                   /usr/lib/jvm/java-6-openjdk-amd64/jre/lib/amd64/libjava.so
7ff45fbe4000-7ff45fbe5000 r--p 0002b000 08:02 18747994                   /usr/lib/jvm/java-6-openjdk-amd64/jre/lib/amd64/libjava.so
7ff45fbe5000-7ff45fbe8000 rw-p 0002c000 08:02 18747994                   /usr/lib/jvm/java-6-openjdk-amd64/jre/lib/amd64/libjava.so
7ff45fbe8000-7ff45fbf6000 r-xp 00000000 08:02 18747993                   /usr/lib/jvm/java-6-openjdk-amd64/jre/lib/amd64/libverify.so
7ff45fbf6000-7ff45fdf5000 ---p 0000e000 08:02 18747993                   /usr/lib/jvm/java-6-openjdk-amd64/jre/lib/amd64/libverify.so
7ff45fdf5000-7ff45fdf7000 r--p 0000d000 08:02 18747993                   /usr/lib/jvm/java-6-openjdk-amd64/jre/lib/amd64/libverify.so
7ff45fdf7000-7ff45fdf8000 rw-p 0000f000 08:02 18747993                   /usr/lib/jvm/java-6-openjdk-amd64/jre/lib/amd64/libverify.so
7ff45fdf8000-7ff45fdff000 r-xp 00000000 08:02 16256584                   /lib/x86_64-linux-gnu/librt-2.15.so
7ff45fdff000-7ff45fffe000 ---p 00007000 08:02 16256584                   /lib/x86_64-linux-gnu/librt-2.15.so
7ff45fffe000-7ff45ffff000 r--p 00006000 08:02 16256584                   /lib/x86_64-linux-gnu/librt-2.15.so
7ff45ffff000-7ff460000000 rw-p 00007000 08:02 16256584                   /lib/x86_64-linux-gnu/librt-2.15.so
7ff460000000-7ff460c62000 rw-p 00000000 00:00 0 
7ff460c62000-7ff464000000 ---p 00000000 00:00 0 
7ff464000000-7ff464002000 r--s 0000c000 08:02 5508465                    /home/jam/.grails/ivy-cache/org.apache.tomcat/tomcat-catalina-ant/jars/tomcat-catalina-ant-7.0.30.jar
7ff464002000-7ff464004000 r--s 00015000 08:02 4721422                    /home/jam/.grails/ivy-cache/jline/jline/jars/jline-1.0.jar
7ff464004000-7ff464009000 r--s 00024000 08:02 4721394                    /home/jam/.grails/ivy-cache/org.bouncycastle/bcpg-jdk15/jars/bcpg-jdk15-1.45.jar
7ff464009000-7ff46400a000 r--s 00003000 08:02 4721392                    /home/jam/.grails/ivy-cache/com.googlecode.json-simple/json-simple/jars/json-simple-1.1.jar
7ff46400a000-7ff464010000 r--s 00068000 08:02 4721389                    /home/jam/.grails/ivy-cache/com.google.protobuf/protobuf-java/jars/protobuf-java-2.4.1.jar
7ff464010000-7ff464013000 r--s 0001a000 08:02 4721386                    /home/jam/.grails/ivy-cache/org.springframework.uaa/org.springframework.uaa.client/bundles/org.springframework.uaa.client-1.0.1.RELEASE.jar
7ff464013000-7ff464018000 r--s 00050000 08:02 4587551                    /home/jam/Applications/grails-2.1.1/lib/org.codehaus.gant/gant_groovy1.8/jars/gant_groovy1.8-1.9.6.jar
7ff464018000-7ff464036000 r--s 001bb000 08:02 15997849                   /home/jam/Applications/grails-2.1.1/lib/org.apache.ant/ant/jars/ant-1.8.2.jar
7ff464036000-7ff464045000 r--s 000d9000 08:02 3933556                    /home/jam/Applications/grails-2.1.1/lib/org.apache.ivy/ivy/jars/ivy-2.2.0.jar
7ff464045000-7ff464047000 r--s 00009000 08:02 15730918                   /home/jam/Applications/grails-2.1.1/lib/commons-cli/commons-cli/jars/commons-cli-1.2.jar
7ff464047000-7ff46404a000 r--s 000cf000 08:02 15997829                   /home/jam/Applications/grails-2.1.1/lib/net.java.dev.jna/jna/jars/jna-3.2.3.jar
7ff46404a000-7ff46414a000 rw-p 00000000 00:00 0 
7ff46414a000-7ff46415f000 r-xp 00000000 08:02 16256519                   /lib/x86_64-linux-gnu/libgcc_s.so.1
7ff46415f000-7ff46435e000 ---p 00015000 08:02 16256519                   /lib/x86_64-linux-gnu/libgcc_s.so.1
7ff46435e000-7ff46435f000 r--p 00014000 08:02 16256519                   /lib/x86_64-linux-gnu/libgcc_s.so.1
7ff46435f000-7ff464360000 rw-p 00015000 08:02 16256519                   /lib/x86_64-linux-gnu/libgcc_s.so.1
7ff464360000-7ff464459000 r-xp 00000000 08:02 16256530                   /lib/x86_64-linux-gnu/libm-2.15.so
7ff464459000-7ff464658000 ---p 000f9000 08:02 16256530                   /lib/x86_64-linux-gnu/libm-2.15.so
7ff464658000-7ff464659000 r--p 000f8000 08:02 16256530                   /lib/x86_64-linux-gnu/libm-2.15.so
7ff464659000-7ff46465a000 rw-p 000f9000 08:02 16256530                   /lib/x86_64-linux-gnu/libm-2.15.so
7ff46465a000-7ff46473c000 r-xp 00000000 08:02 16129397                   /usr/lib/x86_64-linux-gnu/libstdc++.so.6.0.16
7ff46473c000-7ff46493b000 ---p 000e2000 08:02 16129397                   /usr/lib/x86_64-linux-gnu/libstdc++.so.6.0.16
7ff46493b000-7ff464943000 r--p 000e1000 08:02 16129397                   /usr/lib/x86_64-linux-gnu/libstdc++.so.6.0.16
7ff464943000-7ff464945000 rw-p 000e9000 08:02 16129397                   /usr/lib/x86_64-linux-gnu/libstdc++.so.6.0.16
7ff464945000-7ff46495a000 rw-p 00000000 00:00 0 
7ff46495a000-7ff46525e000 r-xp 00000000 08:02 18877146                   /usr/lib/jvm/java-6-openjdk-amd64/jre/lib/amd64/server/libjvm.so
7ff46525e000-7ff46545e000 ---p 00904000 08:02 18877146                   /usr/lib/jvm/java-6-openjdk-amd64/jre/lib/amd64/server/libjvm.so
7ff46545e000-7ff4654de000 r--p 00904000 08:02 18877146                   /usr/lib/jvm/java-6-openjdk-amd64/jre/lib/amd64/server/libjvm.so
7ff4654de000-7ff4654f9000 rw-p 00984000 08:02 18877146                   /usr/lib/jvm/java-6-openjdk-amd64/jre/lib/amd64/server/libjvm.so
7ff4654f9000-7ff465522000 rw-p 00000000 00:00 0 
7ff465522000-7ff465538000 r-xp 00000000 08:02 16256609                   /lib/x86_64-linux-gnu/libz.so.1.2.3.4
7ff465538000-7ff465737000 ---p 00016000 08:02 16256609                   /lib/x86_64-linux-gnu/libz.so.1.2.3.4
7ff465737000-7ff465738000 r--p 00015000 08:02 16256609                   /lib/x86_64-linux-gnu/libz.so.1.2.3.4
7ff465738000-7ff465739000 rw-p 00016000 08:02 16256609                   /lib/x86_64-linux-gnu/libz.so.1.2.3.4
7ff465739000-7ff4658ec000 r-xp 00000000 08:02 16256498                   /lib/x86_64-linux-gnu/libc-2.15.so
7ff4658ec000-7ff465aeb000 ---p 001b3000 08:02 16256498                   /lib/x86_64-linux-gnu/libc-2.15.so
7ff465aeb000-7ff465aef000 r--p 001b2000 08:02 16256498                   /lib/x86_64-linux-gnu/libc-2.15.so
7ff465aef000-7ff465af1000 rw-p 001b6000 08:02 16256498                   /lib/x86_64-linux-gnu/libc-2.15.so
7ff465af1000-7ff465af6000 rw-p 00000000 00:00 0 
7ff465af6000-7ff465af8000 r-xp 00000000 08:02 16256511                   /lib/x86_64-linux-gnu/libdl-2.15.so
7ff465af8000-7ff465cf8000 ---p 00002000 08:02 16256511                   /lib/x86_64-linux-gnu/libdl-2.15.so
7ff465cf8000-7ff465cf9000 r--p 00002000 08:02 16256511                   /lib/x86_64-linux-gnu/libdl-2.15.so
7ff465cf9000-7ff465cfa000 rw-p 00003000 08:02 16256511                   /lib/x86_64-linux-gnu/libdl-2.15.so
7ff465cfa000-7ff465cfe000 r-xp 00000000 08:02 18747978                   /usr/lib/jvm/java-6-openjdk-amd64/jre/lib/amd64/jli/libjli.so
7ff465cfe000-7ff465efd000 ---p 00004000 08:02 18747978                   /usr/lib/jvm/java-6-openjdk-amd64/jre/lib/amd64/jli/libjli.so
7ff465efd000-7ff465efe000 r--p 00003000 08:02 18747978                   /usr/lib/jvm/java-6-openjdk-amd64/jre/lib/amd64/jli/libjli.so
7ff465efe000-7ff465eff000 rw-p 00004000 08:02 18747978                   /usr/lib/jvm/java-6-openjdk-amd64/jre/lib/amd64/jli/libjli.so
7ff465eff000-7ff465f17000 r-xp 00000000 08:02 16256578                   /lib/x86_64-linux-gnu/libpthread-2.15.so
7ff465f17000-7ff466116000 ---p 00018000 08:02 16256578                   /lib/x86_64-linux-gnu/libpthread-2.15.so
7ff466116000-7ff466117000 r--p 00017000 08:02 16256578                   /lib/x86_64-linux-gnu/libpthread-2.15.so
7ff466117000-7ff466118000 rw-p 00018000 08:02 16256578                   /lib/x86_64-linux-gnu/libpthread-2.15.so
7ff466118000-7ff46611c000 rw-p 00000000 00:00 0 
7ff46611c000-7ff46613e000 r-xp 00000000 08:02 16256478                   /lib/x86_64-linux-gnu/ld-2.15.so
7ff46613e000-7ff46613f000 r--s 00001000 08:02 4721467                    /home/jam/.grails/ivy-cache/org.apache.ant/ant-trax/jars/ant-trax-1.7.1.jar
7ff46613f000-7ff466146000 r--s 000fb000 08:02 18489889                   /usr/lib/jvm/java-6-openjdk-common/jre/lib/resources.jar
7ff466146000-7ff46614d000 r--s 00067000 08:02 15730908                   /home/jam/Applications/grails-2.1.1/lib/com.springsource.springloaded/springloaded-core/jars/springloaded-core-1.0.6.jar
7ff46614d000-7ff466156000 r--s 000a8000 08:02 15731003                   /home/jam/Applications/grails-2.1.1/dist/grails-bootstrap-2.1.1.jar
7ff466156000-7ff46617d000 rw-p 00000000 00:00 0 
7ff46617d000-7ff466216000 rw-p 00000000 00:00 0 
7ff466216000-7ff466219000 ---p 00000000 00:00 0 
7ff466219000-7ff46631c000 rw-p 00000000 00:00 0 
7ff46631c000-7ff46631e000 r--s 00008000 08:02 4587896                    /home/jam/Applications/grails-2.1.1/lib/org.fusesource.jansi/jansi/jars/jansi-1.2.1.jar
7ff46631e000-7ff466320000 r--s 00015000 08:02 15862296                   /home/jam/Applications/grails-2.1.1/lib/jline/jline/jars/jline-1.0.jar
7ff466320000-7ff466323000 r--s 0007d000 08:02 18489867                   /usr/lib/jvm/java-6-openjdk-common/jre/lib/jsse.jar
7ff466323000-7ff466327000 r--s 00038000 08:02 18489882                   /usr/lib/jvm/java-6-openjdk-common/jre/lib/ext/sunpkcs11.jar
7ff466327000-7ff46632a000 r--s 00031000 08:02 18489884                   /usr/lib/jvm/java-6-openjdk-common/jre/lib/ext/sunjce_provider.jar
7ff46632a000-7ff46632b000 r--s 00007000 08:02 16651090                   /usr/share/java/java-atk-wrapper.jar
7ff46632b000-7ff46632e000 r--s 00077000 08:02 18489883                   /usr/lib/jvm/java-6-openjdk-common/jre/lib/ext/localedata.jar
7ff46632e000-7ff466330000 r--s 00001000 08:02 18489885                   /usr/lib/jvm/java-6-openjdk-common/jre/lib/ext/dnsns.jar
7ff466330000-7ff466332000 r--s 0000f000 08:02 18489886                   /usr/lib/jvm/java-6-openjdk-common/jre/lib/ext/pulse-java.jar
7ff466332000-7ff46633a000 rw-s 00000000 08:02 8650795                    /tmp/hsperfdata_jam/12255
7ff46633a000-7ff46633b000 rw-p 00000000 00:00 0 
7ff46633b000-7ff46633c000 r--p 00000000 00:00 0 
7ff46633c000-7ff46633e000 rw-p 00000000 00:00 0 
7ff46633e000-7ff46633f000 r--p 00022000 08:02 16256478                   /lib/x86_64-linux-gnu/ld-2.15.so
7ff46633f000-7ff466341000 rw-p 00023000 08:02 16256478                   /lib/x86_64-linux-gnu/ld-2.15.so
7fff7a6e9000-7fff7a70a000 rw-p 00000000 00:00 0                          [stack]
7fff7a7f6000-7fff7a7f7000 r-xp 00000000 00:00 0                          [vdso]
ffffffffff600000-ffffffffff601000 r-xp 00000000 00:00 0                  [vsyscall]

VM Arguments:
jvm_args: -Xmx768M -Xms768M -XX:PermSize=256m -XX:MaxPermSize=256m -Dfile.encoding=UTF-8 -Dserver.port=8080 -Djline.WindowsTerminal.directConsole=false -javaagent:/home/jam/Applications/grails-2.1.1/lib/com.springsource.springloaded/springloaded-core/jars/springloaded-core-1.0.6.jar -Xverify:none -Dspringloaded=profile=grails;cacheDir=/home/jam/.grails/2.1.1/ -Dgrails.home=/home/jam/Applications/grails-2.1.1 -Dtools.jar=/usr/lib/jvm/default-java/lib/tools.jar 
java_command: org.codehaus.groovy.grails.cli.support.GrailsStarter --main org.codehaus.groovy.grails.cli.GrailsScriptRunner --conf /home/jam/Applications/grails-2.1.1/conf/groovy-starter.conf --classpath   run-app
Launcher Type: SUN_STANDARD

Environment Variables:
JAVA_HOME=/usr/lib/jvm/default-java
PATH=/usr/lib/lightdm/lightdm:/usr/local/sbin:/usr/local/bin:/usr/sbin:/usr/bin:/sbin:/bin:/usr/games
LD_LIBRARY_PATH=/usr/lib/jvm/java-6-openjdk-amd64/jre/lib/amd64/server:/usr/lib/jvm/java-6-openjdk-amd64/jre/lib/amd64:/usr/lib/jvm/java-6-openjdk-amd64/jre/../lib/amd64
SHELL=/bin/bash
DISPLAY=:0

Signal Handlers:
SIGSEGV: [libjvm.so+0x784310], sa_mask[0]=0x7ffbfeff, sa_flags=0x10000004
SIGBUS: [libjvm.so+0x784310], sa_mask[0]=0x7ffbfeff, sa_flags=0x10000004
SIGFPE: [libjvm.so+0x648580], sa_mask[0]=0x7ffbfeff, sa_flags=0x10000004
SIGPIPE: SIG_IGN, sa_mask[0]=0x00000000, sa_flags=0x00000000
SIGXFSZ: [libjvm.so+0x648580], sa_mask[0]=0x7ffbfeff, sa_flags=0x10000004
SIGILL: [libjvm.so+0x648580], sa_mask[0]=0x7ffbfeff, sa_flags=0x10000004
SIGUSR1: SIG_DFL, sa_mask[0]=0x00000000, sa_flags=0x00000000
SIGUSR2: [libjvm.so+0x648730], sa_mask[0]=0x00000004, sa_flags=0x10000004
SIGHUP: [libjvm.so+0x64b250], sa_mask[0]=0x7ffbfeff, sa_flags=0x10000004
SIGINT: SIG_IGN, sa_mask[0]=0x00000000, sa_flags=0x00000000
SIGTERM: [libjvm.so+0x64b250], sa_mask[0]=0x7ffbfeff, sa_flags=0x10000004
SIGQUIT: [libjvm.so+0x64b250], sa_mask[0]=0x7ffbfeff, sa_flags=0x10000004


---------------  S Y S T E M  ---------------

OS:Ubuntu 12.04 (precise)
uname:Linux 3.2.0-31-generic #50-Ubuntu SMP Fri Sep 7 16:16:45 UTC 2012 x86_64
libc:glibc 2.15 NPTL 2.15 
rlimit: STACK 8192k, CORE 0k, NPROC 59519, NOFILE 4096, AS infinity
load average:1.36 1.16 1.15

/proc/meminfo:
MemTotal:        7636272 kB
MemFree:          650388 kB
Buffers:          183016 kB
Cached:          3490120 kB
SwapCached:            0 kB
Active:          4571592 kB
Inactive:        1848556 kB
Active(anon):    2747936 kB
Inactive(anon):     7716 kB
Active(file):    1823656 kB
Inactive(file):  1840840 kB
Unevictable:          44 kB
Mlocked:              44 kB
SwapTotal:       7837776 kB
SwapFree:        7837776 kB
Dirty:               328 kB
Writeback:             0 kB
AnonPages:       2747152 kB
Mapped:           294512 kB
Shmem:              8640 kB
Slab:             152460 kB
SReclaimable:     111572 kB
SUnreclaim:        40888 kB
KernelStack:        4920 kB
PageTables:        52060 kB
NFS_Unstable:          0 kB
Bounce:                0 kB
WritebackTmp:          0 kB
CommitLimit:    11655912 kB
Committed_AS:    6549044 kB
VmallocTotal:   34359738367 kB
VmallocUsed:      135720 kB
VmallocChunk:   34359600352 kB
HardwareCorrupted:     0 kB
AnonHugePages:         0 kB
HugePages_Total:       0
HugePages_Free:        0
HugePages_Rsvd:        0
HugePages_Surp:        0
Hugepagesize:       2048 kB
DirectMap4k:      206848 kB
DirectMap2M:     3444736 kB
DirectMap1G:     4194304 kB


CPU:total 4 (4 cores per cpu, 1 threads per core) family 18 model 1 stepping 0, cmov, cx8, fxsr, mmx, sse, sse2, sse3, popcnt, mmxext, 3dnowpref, lzcnt, sse4a

Memory: 4k page, physical 7636272k(650388k free), swap 7837776k(7837776k free)

vm_info: OpenJDK 64-Bit Server VM (20.0-b12) for linux-amd64 JRE (1.6.0_24-b24), built on Sep  2 2012 19:50:47 by "buildd" with gcc 4.6.3

time: Sat Sep 22 23:52:52 2012
elapsed time: 202 seconds

