#
# A fatal error has been detected by the Java Runtime Environment:
#
#  SIGSEGV (0xb) at pc=0x00007f7cdd57e4c6, pid=3612, tid=140174037047040
#
# JRE version: 6.0_24-b24
# Java VM: OpenJDK 64-Bit Server VM (20.0-b12 mixed mode linux-amd64 compressed oops)
# Derivative: IcedTea6 1.11.4
# Distribution: Ubuntu 12.04 LTS, package 6b24-1.11.4-1ubuntu0.12.04.1
# Problematic frame:
# J  com.springsource.loaded.ri.ReflectiveInterceptor.removeMetaFields([Ljava/lang/reflect/Field;)[Ljava/lang/reflect/Field;
#
# If you would like to submit a bug report, please include
# instructions how to reproduce the bug and visit:
#   https://bugs.launchpad.net/ubuntu/+source/openjdk-6/
#

---------------  T H R E A D  ---------------

Current thread (0x00007f7c70491800):  JavaThread "DefaultPluginScheduler_Worker-1" [_thread_in_Java, id=3665, stack(0x00007f7ccf9f5000,0x00007f7ccfaf6000)]

siginfo:si_signo=SIGSEGV: si_errno=0, si_code=1 (SEGV_MAPERR), si_addr=0x000000003c00c026

Registers:
RAX=0x0000000000000018, RBX=0x00000000c037d430, RCX=0x00000000c3a18cc0, RDX=0x0000000000000042
RSP=0x00007f7ccfaf1e80, RBP=0x000000000419043a, RSI=0x00000000011300ff, RDI=0x0000000000000001
R8 =0x00000000f5838b30, R9 =0x0000000000000001, R10=0x0000000000000019, R11=0x0000000000000002
R12=0x0000000000000000, R13=0x000000003c00c01a, R14=0x0000000000000001, R15=0x00007f7c70491800
RIP=0x00007f7cdd57e4c6, EFLAGS=0x0000000000010202, CSGSFS=0x0000000000000033, ERR=0x0000000000000004
  TRAPNO=0x000000000000000e

Top of Stack: (sp=0x00007f7ccfaf1e80)
0x00007f7ccfaf1e80:   0000001800000041 00000000f5838310
0x00007f7ccfaf1e90:   0000000000000002 00007f7ccfaf1ed0
0x00007f7ccfaf1ea0:   0000000000000042 00000000f58396b8
0x00007f7ccfaf1eb0:   00000000d6e55838 0000000000000000
0x00007f7ccfaf1ec0:   0000000000000000 00007f7cdd8ef738
0x00007f7ccfaf1ed0:   00000000ddffb188 00000000f5838228
0x00007f7ccfaf1ee0:   d68a3058c3b201a8 00000000f566e918
0x00007f7ccfaf1ef0:   00000000f5666220 ddffb188c3d28a98
0x00007f7ccfaf1f00:   00000000f58380a0 00000000f5688320
0x00007f7ccfaf1f10:   00000000c3860f40 00000000f5838110
0x00007f7ccfaf1f20:   00000000f5838130 00000000f5838260
0x00007f7ccfaf1f30:   c3b20c18f5838228 00000000c3b20c18
0x00007f7ccfaf1f40:   00000000f5838310 00000000d6309c90
0x00007f7ccfaf1f50:   ffffffdfc3b20c18 0000000000000000
0x00007f7ccfaf1f60:   0000000000000000 0000000000000000
0x00007f7ccfaf1f70:   0000000000000013 00007f7cdd1878e2
0x00007f7ccfaf1f80:   00000000f566e918 00007f7cdd92cfc4
0x00007f7ccfaf1f90:   00000000c3d28a98 00000000c65aebf0
0x00007f7ccfaf1fa0:   0000000100000001 00000000f5666220
0x00007f7ccfaf1fb0:   00000000f566e918 00000000f5666220
0x00007f7ccfaf1fc0:   0000000000000000 0000000300000004
0x00007f7ccfaf1fd0:   00007f7c00000034 00000000f566e5d8
0x00007f7ccfaf1fe0:   00000000c3d28a98 00007f7ccfaf1fe8
0x00007f7ccfaf1ff0:   00000000c6b93af4 00007f7ccfaf2038
0x00007f7ccfaf2000:   00007f7ccfaf2080 00007f7cdd005d34
0x00007f7ccfaf2010:   00000000c6b93b10 00007f7cdd005d34
0x00007f7ccfaf2020:   0000000000000001 0000000000000001
0x00007f7ccfaf2030:   00000000f566e5c0 00000000f5666220
0x00007f7ccfaf2040:   00007f7ccfaf2040 00000000c6b95e75
0x00007f7ccfaf2050:   00007f7ccfaf20c0 00000000c6b97a08
0x00007f7ccfaf2060:   0000000000000000 00000000c6b95ef0
0x00007f7ccfaf2070:   00007f7ccfaf2020 00007f7ccfaf20b8 

Instructions: (pc=0x00007f7cdd57e4c6)
0x00007f7cdd57e4a6:   4c 89 6c 24 08 40 8b 71 14 41 2b f3 85 f6 0f 8c
0x00007f7cdd57e4b6:   75 ff ff ff 85 ff 7c aa 40 8b 69 10 44 8b 69 0c
0x00007f7cdd57e4c6:   41 8b 55 0c 3b ea 0f 83 63 02 00 00 8b f5 41 03
0x00007f7cdd57e4d6:   f3 8b c6 ff c8 3b c2 0f 83 52 02 00 00 8b 53 0c 

Register to memory mapping:

RAX=0x0000000000000018 is an unknown value
RBX=0x00000000c037d430 is an oop
[C 
 - klass: {type array char}
 - length: 2
RCX=0x00000000c3a18cc0 is an oop
{constMethod} 
 - klass: {other class}
 - method:       0x00000000c3a18d88 {method} 'save' '(Ljava/util/Map;)Ljava/lang/Object;' in 'org/greens/VoterContactManager/Contact'
 - exceptions:   0x00000000c0001e98
bci_from(0xc3a18cc0) = 416; print_codes():
RDX=0x0000000000000042 is an unknown value
RSP=0x00007f7ccfaf1e80 is pointing into the stack for thread: 0x00007f7c70491800
RBP=0x000000000419043a is an unknown value
RSI=0x00000000011300ff is an unknown value
RDI=0x0000000000000001 is an unknown value
R8 =0x00000000f5838b30 is an oop
java.lang.reflect.Field 
 - klass: 'java/lang/reflect/Field'
R9 =0x0000000000000001 is an unknown value
R10=0x0000000000000019 is an unknown value
R11=0x0000000000000002 is an unknown value
R12=0x0000000000000000 is an unknown value
R13=0x000000003c00c01a is an unknown value
R14=0x0000000000000001 is an unknown value
R15=0x00007f7c70491800 is a thread


Stack: [0x00007f7ccf9f5000,0x00007f7ccfaf6000],  sp=0x00007f7ccfaf1e80,  free space=1011k
Native frames: (J=compiled Java code, j=interpreted, Vv=VM code, C=native code)
J  com.springsource.loaded.ri.ReflectiveInterceptor.removeMetaFields([Ljava/lang/reflect/Field;)[Ljava/lang/reflect/Field;


---------------  P R O C E S S  ---------------

Java Threads: ( => current thread )
  0x00007f7c88011800 JavaThread "http-bio-8080-exec-10" daemon [_thread_blocked, id=3769, stack(0x00007f7cce0dc000,0x00007f7cce1dd000)]
  0x00007f7c8800f800 JavaThread "http-bio-8080-exec-9" daemon [_thread_blocked, id=3768, stack(0x00007f7cce1dd000,0x00007f7cce2de000)]
  0x00007f7c8800d800 JavaThread "http-bio-8080-exec-8" daemon [_thread_blocked, id=3743, stack(0x00007f7cce2de000,0x00007f7cce3df000)]
  0x00007f7c902b5000 JavaThread "http-bio-8080-exec-7" daemon [_thread_blocked, id=3740, stack(0x00007f7cce3df000,0x00007f7cce4e0000)]
  0x00007f7ce08ce000 JavaThread "Thread-12" daemon [_thread_blocked, id=3732, stack(0x00007f7cce4e0000,0x00007f7cce5e1000)]
  0x00007f7ce0836800 JavaThread "Thread-11" [_thread_in_native, id=3730, stack(0x00007f7cce5e1000,0x00007f7cce6e2000)]
  0x00007f7c8800b800 JavaThread "http-bio-8080-exec-6" daemon [_thread_blocked, id=3729, stack(0x00007f7cce6e2000,0x00007f7cce7e3000)]
  0x00007f7c88009800 JavaThread "http-bio-8080-exec-5" daemon [_thread_blocked, id=3728, stack(0x00007f7cce7e3000,0x00007f7cce8e4000)]
  0x00007f7c88007800 JavaThread "http-bio-8080-exec-4" daemon [_thread_blocked, id=3727, stack(0x00007f7cce8e4000,0x00007f7cce9e5000)]
  0x00007f7c88005800 JavaThread "http-bio-8080-exec-3" daemon [_thread_blocked, id=3726, stack(0x00007f7cce9e5000,0x00007f7cceae6000)]
  0x00007f7c88003800 JavaThread "http-bio-8080-exec-2" daemon [_thread_blocked, id=3725, stack(0x00007f7cceae6000,0x00007f7ccebe7000)]
  0x00007f7c88001800 JavaThread "http-bio-8080-exec-1" daemon [_thread_blocked, id=3724, stack(0x00007f7ccebe7000,0x00007f7ccece8000)]
  0x00007f7ce09e7800 JavaThread "http-bio-8080-AsyncTimeout" daemon [_thread_blocked, id=3723, stack(0x00007f7ccece8000,0x00007f7ccede9000)]
  0x00007f7ce0a00000 JavaThread "http-bio-8080-Acceptor-0" daemon [_thread_in_native, id=3722, stack(0x00007f7ccede9000,0x00007f7cceeea000)]
  0x00007f7ce0687000 JavaThread "ContainerBackgroundProcessor[StandardEngine[Tomcat]]" daemon [_thread_blocked, id=3721, stack(0x00007f7cceeea000,0x00007f7ccefeb000)]
  0x00007f7c708b9000 JavaThread "DefaultPluginScheduler_QuartzSchedulerThread" [_thread_blocked, id=3675, stack(0x00007f7ccefeb000,0x00007f7ccf0ec000)]
  0x00007f7c7052e000 JavaThread "DefaultPluginScheduler_Worker-10" [_thread_blocked, id=3674, stack(0x00007f7ccf0ec000,0x00007f7ccf1ed000)]
  0x00007f7c70860800 JavaThread "DefaultPluginScheduler_Worker-9" [_thread_blocked, id=3673, stack(0x00007f7ccf1ed000,0x00007f7ccf2ee000)]
  0x00007f7c70069000 JavaThread "DefaultPluginScheduler_Worker-8" [_thread_blocked, id=3672, stack(0x00007f7ccf2ee000,0x00007f7ccf3ef000)]
  0x00007f7c703d5800 JavaThread "DefaultPluginScheduler_Worker-7" [_thread_blocked, id=3671, stack(0x00007f7ccf3ef000,0x00007f7ccf4f0000)]
  0x00007f7c7044c000 JavaThread "DefaultPluginScheduler_Worker-6" [_thread_blocked, id=3670, stack(0x00007f7ccf4f0000,0x00007f7ccf5f1000)]
  0x00007f7c70517800 JavaThread "DefaultPluginScheduler_Worker-5" [_thread_blocked, id=3669, stack(0x00007f7ccf5f1000,0x00007f7ccf6f2000)]
  0x00007f7c7042a800 JavaThread "DefaultPluginScheduler_Worker-4" [_thread_blocked, id=3668, stack(0x00007f7ccf6f2000,0x00007f7ccf7f3000)]
  0x00007f7c70398000 JavaThread "DefaultPluginScheduler_Worker-3" [_thread_blocked, id=3667, stack(0x00007f7ccf7f3000,0x00007f7ccf8f4000)]
  0x00007f7c703fe800 JavaThread "DefaultPluginScheduler_Worker-2" [_thread_blocked, id=3666, stack(0x00007f7ccf8f4000,0x00007f7ccf9f5000)]
=>0x00007f7c70491800 JavaThread "DefaultPluginScheduler_Worker-1" [_thread_in_Java, id=3665, stack(0x00007f7ccf9f5000,0x00007f7ccfaf6000)]
  0x00007f7c703a5000 JavaThread "org.hibernate.cache.StandardQueryCache.data" daemon [_thread_blocked, id=3664, stack(0x00007f7ccfaf6000,0x00007f7ccfbf7000)]
  0x00007f7c70540000 JavaThread "org.hibernate.cache.UpdateTimestampsCache.data" daemon [_thread_blocked, id=3663, stack(0x00007f7ccfbf7000,0x00007f7ccfcf8000)]
  0x00007f7c70284000 JavaThread "org.greens.VoterContactManager.SecRole.data" daemon [_thread_blocked, id=3662, stack(0x00007f7ccfcf8000,0x00007f7ccfdf9000)]
  0x00007f7c700ac000 JavaThread "net.sf.ehcache.CacheManager@54c22b28" daemon [_thread_blocked, id=3661, stack(0x00007f7cd4056000,0x00007f7cd4157000)]
  0x00007f7ce0c54800 JavaThread "pool-4-thread-5" [_thread_blocked, id=3658, stack(0x00007f7cd4157000,0x00007f7cd4258000)]
  0x00007f7ce0c54000 JavaThread "pool-4-thread-4" [_thread_blocked, id=3657, stack(0x00007f7cd4258000,0x00007f7cd4359000)]
  0x00007f7ce054f000 JavaThread "pool-4-thread-3" [_thread_blocked, id=3656, stack(0x00007f7cd4359000,0x00007f7cd445a000)]
  0x00007f7ce08fc800 JavaThread "pool-4-thread-2" [_thread_blocked, id=3655, stack(0x00007f7cd445a000,0x00007f7cd455b000)]
  0x00007f7ce08fc000 JavaThread "pool-4-thread-1" [_thread_blocked, id=3654, stack(0x00007f7cd455b000,0x00007f7cd465c000)]
  0x00007f7ce0c84000 JavaThread "pool-3-thread-5" [_thread_blocked, id=3652, stack(0x00007f7cd475d000,0x00007f7cd485e000)]
  0x00007f7ce0c83000 JavaThread "pool-3-thread-4" [_thread_blocked, id=3651, stack(0x00007f7cd485e000,0x00007f7cd495f000)]
  0x00007f7ce08b2800 JavaThread "pool-3-thread-3" [_thread_blocked, id=3650, stack(0x00007f7cd495f000,0x00007f7cd4a60000)]
  0x00007f7ce0ca7000 JavaThread "pool-3-thread-2" [_thread_blocked, id=3649, stack(0x00007f7cd4a60000,0x00007f7cd4b61000)]
  0x00007f7ce092a000 JavaThread "pool-3-thread-1" [_thread_blocked, id=3648, stack(0x00007f7cd4b61000,0x00007f7cd4c62000)]
  0x00007f7ce04fc000 JavaThread "FileSystemWatcher: files=#520 cl=java.net.URLClassLoader@132f4538" daemon [_thread_blocked, id=3647, stack(0x00007f7cd4c62000,0x00007f7cd4d63000)]
  0x00007f7ce0c6c000 JavaThread "pool-2-thread-1" [_thread_blocked, id=3645, stack(0x00007f7cd548b000,0x00007f7cd558c000)]
  0x00007f7ce0c51000 JavaThread "Synchronizer (Spring UAA/1.0.1)" daemon [_thread_blocked, id=3644, stack(0x00007f7cd558c000,0x00007f7cd568d000)]
  0x00007f7ce0a77800 JavaThread "Timer-0" daemon [_thread_blocked, id=3643, stack(0x00007f7cd7026000,0x00007f7cd7127000)]
  0x00007f7ce00e3800 JavaThread "Low Memory Detector" daemon [_thread_blocked, id=3635, stack(0x00007f7cd7421000,0x00007f7cd7522000)]
  0x00007f7ce00e9000 JavaThread "C2 CompilerThread1" daemon [_thread_blocked, id=3634, stack(0x00007f7cd7522000,0x00007f7cd7623000)]
  0x00007f7ce00ea800 JavaThread "C2 CompilerThread0" daemon [_thread_blocked, id=3633, stack(0x00007f7cd7623000,0x00007f7cd7724000)]
  0x00007f7ce008c000 JavaThread "Signal Dispatcher" daemon [_thread_blocked, id=3632, stack(0x00007f7cd7724000,0x00007f7cd7825000)]
  0x00007f7ce0079800 JavaThread "Finalizer" daemon [_thread_blocked, id=3631, stack(0x00007f7cdc0af000,0x00007f7cdc1b0000)]
  0x00007f7ce0077800 JavaThread "Reference Handler" daemon [_thread_blocked, id=3630, stack(0x00007f7cdc1b0000,0x00007f7cdc2b1000)]
  0x00007f7ce0009800 JavaThread "main" [_thread_blocked, id=3624, stack(0x00007f7ce75a2000,0x00007f7ce76a3000)]

Other Threads:
  0x00007f7ce0071000 VMThread [stack: 0x00007f7cdc2b1000,0x00007f7cdc3b2000] [id=3629]
  0x00007f7ce00ed800 WatcherThread [stack: 0x00007f7cd7320000,0x00007f7cd7421000] [id=3636]

VM state:not at safepoint (normal execution)

VM Mutex/Monitor currently owned by a thread: None

Heap
 PSYoungGen      total 253248K, used 96262K [0x00000000f0000000, 0x0000000100000000, 0x0000000100000000)
  eden space 243968K, 38% used [0x00000000f0000000,0x00000000f5ae1868,0x00000000fee40000)
  from space 9280K, 34% used [0x00000000ff6f0000,0x00000000ffa10000,0x0000000100000000)
  to   space 8896K, 0% used [0x00000000fee40000,0x00000000fee40000,0x00000000ff6f0000)
 PSOldGen        total 524288K, used 231479K [0x00000000d0000000, 0x00000000f0000000, 0x00000000f0000000)
  object space 524288K, 44% used [0x00000000d0000000,0x00000000de20dde8,0x00000000f0000000)
 PSPermGen       total 262144K, used 124681K [0x00000000c0000000, 0x00000000d0000000, 0x00000000d0000000)
  object space 262144K, 47% used [0x00000000c0000000,0x00000000c79c2660,0x00000000d0000000)

Code Cache  [0x00007f7cdd000000, 0x00007f7cdd9d0000, 0x00007f7ce0000000)
 total_blobs=3015 nmethods=2311 adapters=656 free_code_cache=40200896 largest_free_block=13888

Dynamic libraries:
00400000-00409000 r-xp 00000000 08:02 397963                             /usr/lib/jvm/java-6-openjdk-amd64/jre/bin/java
00608000-00609000 r--p 00008000 08:02 397963                             /usr/lib/jvm/java-6-openjdk-amd64/jre/bin/java
00609000-0060a000 rw-p 00009000 08:02 397963                             /usr/lib/jvm/java-6-openjdk-amd64/jre/bin/java
01d40000-01f66000 rw-p 00000000 00:00 0                                  [heap]
c0000000-100000000 rw-p 00000000 00:00 0 
7f7c50000000-7f7c51f7d000 rw-p 00000000 00:00 0 
7f7c51f7d000-7f7c54000000 ---p 00000000 00:00 0 
7f7c54000000-7f7c55eb3000 rw-p 00000000 00:00 0 
7f7c55eb3000-7f7c58000000 ---p 00000000 00:00 0 
7f7c58000000-7f7c581ff000 rw-p 00000000 00:00 0 
7f7c581ff000-7f7c5c000000 ---p 00000000 00:00 0 
7f7c5c000000-7f7c5c021000 rw-p 00000000 00:00 0 
7f7c5c021000-7f7c60000000 ---p 00000000 00:00 0 
7f7c60000000-7f7c60021000 rw-p 00000000 00:00 0 
7f7c60021000-7f7c64000000 ---p 00000000 00:00 0 
7f7c64000000-7f7c64021000 rw-p 00000000 00:00 0 
7f7c64021000-7f7c68000000 ---p 00000000 00:00 0 
7f7c68000000-7f7c68021000 rw-p 00000000 00:00 0 
7f7c68021000-7f7c6c000000 ---p 00000000 00:00 0 
7f7c6c000000-7f7c6c021000 rw-p 00000000 00:00 0 
7f7c6c021000-7f7c70000000 ---p 00000000 00:00 0 
7f7c70000000-7f7c70fb5000 rw-p 00000000 00:00 0 
7f7c70fb5000-7f7c74000000 ---p 00000000 00:00 0 
7f7c74000000-7f7c74021000 rw-p 00000000 00:00 0 
7f7c74021000-7f7c78000000 ---p 00000000 00:00 0 
7f7c78000000-7f7c78021000 rw-p 00000000 00:00 0 
7f7c78021000-7f7c7c000000 ---p 00000000 00:00 0 
7f7c7c000000-7f7c7c038000 rw-p 00000000 00:00 0 
7f7c7c038000-7f7c80000000 ---p 00000000 00:00 0 
7f7c80000000-7f7c80076000 rw-p 00000000 00:00 0 
7f7c80076000-7f7c84000000 ---p 00000000 00:00 0 
7f7c84000000-7f7c84021000 rw-p 00000000 00:00 0 
7f7c84021000-7f7c88000000 ---p 00000000 00:00 0 
7f7c88000000-7f7c88021000 rw-p 00000000 00:00 0 
7f7c88021000-7f7c8c000000 ---p 00000000 00:00 0 
7f7c8c000000-7f7c8c027000 rw-p 00000000 00:00 0 
7f7c8c027000-7f7c90000000 ---p 00000000 00:00 0 
7f7c90000000-7f7c90771000 rw-p 00000000 00:00 0 
7f7c90771000-7f7c94000000 ---p 00000000 00:00 0 
7f7c94000000-7f7c94021000 rw-p 00000000 00:00 0 
7f7c94021000-7f7c98000000 ---p 00000000 00:00 0 
7f7c98000000-7f7c98021000 rw-p 00000000 00:00 0 
7f7c98021000-7f7c9c000000 ---p 00000000 00:00 0 
7f7c9c000000-7f7c9c021000 rw-p 00000000 00:00 0 
7f7c9c021000-7f7ca0000000 ---p 00000000 00:00 0 
7f7ca0000000-7f7ca0021000 rw-p 00000000 00:00 0 
7f7ca0021000-7f7ca4000000 ---p 00000000 00:00 0 
7f7ca4000000-7f7ca4021000 rw-p 00000000 00:00 0 
7f7ca4021000-7f7ca8000000 ---p 00000000 00:00 0 
7f7ca8000000-7f7cabfff000 rw-p 00000000 00:00 0 
7f7cabfff000-7f7cac000000 ---p 00000000 00:00 0 
7f7cac000000-7f7caffff000 rw-p 00000000 00:00 0 
7f7caffff000-7f7cb0000000 ---p 00000000 00:00 0 
7f7cb0000000-7f7cb0021000 rw-p 00000000 00:00 0 
7f7cb0021000-7f7cb4000000 ---p 00000000 00:00 0 
7f7cb4000000-7f7cb4021000 rw-p 00000000 00:00 0 
7f7cb4021000-7f7cb8000000 ---p 00000000 00:00 0 
7f7cb8000000-7f7cb8589000 rw-p 00000000 00:00 0 
7f7cb8589000-7f7cbc000000 ---p 00000000 00:00 0 
7f7cbc000000-7f7cbc1d4000 rw-p 00000000 00:00 0 
7f7cbc1d4000-7f7cc0000000 ---p 00000000 00:00 0 
7f7cc0000000-7f7cc0041000 rw-p 00000000 00:00 0 
7f7cc0041000-7f7cc4000000 ---p 00000000 00:00 0 
7f7cc8000000-7f7cc802d000 rw-p 00000000 00:00 0 
7f7cc802d000-7f7ccc000000 ---p 00000000 00:00 0 
7f7cce0dc000-7f7cce0df000 ---p 00000000 00:00 0 
7f7cce0df000-7f7cce1dd000 rw-p 00000000 00:00 0 
7f7cce1dd000-7f7cce1e0000 ---p 00000000 00:00 0 
7f7cce1e0000-7f7cce2de000 rw-p 00000000 00:00 0 
7f7cce2de000-7f7cce2e1000 ---p 00000000 00:00 0 
7f7cce2e1000-7f7cce3df000 rw-p 00000000 00:00 0 
7f7cce3df000-7f7cce3e2000 ---p 00000000 00:00 0 
7f7cce3e2000-7f7cce4e0000 rw-p 00000000 00:00 0 
7f7cce4e0000-7f7cce4e3000 ---p 00000000 00:00 0 
7f7cce4e3000-7f7cce5e1000 rw-p 00000000 00:00 0 
7f7cce5e1000-7f7cce5e4000 ---p 00000000 00:00 0 
7f7cce5e4000-7f7cce6e2000 rw-p 00000000 00:00 0 
7f7cce6e2000-7f7cce6e5000 ---p 00000000 00:00 0 
7f7cce6e5000-7f7cce7e3000 rw-p 00000000 00:00 0 
7f7cce7e3000-7f7cce7e6000 ---p 00000000 00:00 0 
7f7cce7e6000-7f7cce8e4000 rw-p 00000000 00:00 0 
7f7cce8e4000-7f7cce8e7000 ---p 00000000 00:00 0 
7f7cce8e7000-7f7cce9e5000 rw-p 00000000 00:00 0 
7f7cce9e5000-7f7cce9e8000 ---p 00000000 00:00 0 
7f7cce9e8000-7f7cceae6000 rw-p 00000000 00:00 0 
7f7cceae6000-7f7cceae9000 ---p 00000000 00:00 0 
7f7cceae9000-7f7ccebe7000 rw-p 00000000 00:00 0 
7f7ccebe7000-7f7ccebea000 ---p 00000000 00:00 0 
7f7ccebea000-7f7ccece8000 rw-p 00000000 00:00 0 
7f7ccece8000-7f7cceceb000 ---p 00000000 00:00 0 
7f7cceceb000-7f7ccede9000 rw-p 00000000 00:00 0 
7f7ccede9000-7f7ccedec000 ---p 00000000 00:00 0 
7f7ccedec000-7f7cceeea000 rw-p 00000000 00:00 0 
7f7cceeea000-7f7cceeed000 ---p 00000000 00:00 0 
7f7cceeed000-7f7ccefeb000 rw-p 00000000 00:00 0 
7f7ccefeb000-7f7ccefee000 ---p 00000000 00:00 0 
7f7ccefee000-7f7ccf0ec000 rw-p 00000000 00:00 0 
7f7ccf0ec000-7f7ccf0ef000 ---p 00000000 00:00 0 
7f7ccf0ef000-7f7ccf1ed000 rw-p 00000000 00:00 0 
7f7ccf1ed000-7f7ccf1f0000 ---p 00000000 00:00 0 
7f7ccf1f0000-7f7ccf2ee000 rw-p 00000000 00:00 0 
7f7ccf2ee000-7f7ccf2f1000 ---p 00000000 00:00 0 
7f7ccf2f1000-7f7ccf3ef000 rw-p 00000000 00:00 0 
7f7ccf3ef000-7f7ccf3f2000 ---p 00000000 00:00 0 
7f7ccf3f2000-7f7ccf4f0000 rw-p 00000000 00:00 0 
7f7ccf4f0000-7f7ccf4f3000 ---p 00000000 00:00 0 
7f7ccf4f3000-7f7ccf5f1000 rw-p 00000000 00:00 0 
7f7ccf5f1000-7f7ccf5f4000 ---p 00000000 00:00 0 
7f7ccf5f4000-7f7ccf6f2000 rw-p 00000000 00:00 0 
7f7ccf6f2000-7f7ccf6f5000 ---p 00000000 00:00 0 
7f7ccf6f5000-7f7ccf7f3000 rw-p 00000000 00:00 0 
7f7ccf7f3000-7f7ccf7f6000 ---p 00000000 00:00 0 
7f7ccf7f6000-7f7ccf8f4000 rw-p 00000000 00:00 0 
7f7ccf8f4000-7f7ccf8f7000 ---p 00000000 00:00 0 
7f7ccf8f7000-7f7ccf9f5000 rw-p 00000000 00:00 0 
7f7ccf9f5000-7f7ccf9f8000 ---p 00000000 00:00 0 
7f7ccf9f8000-7f7ccfaf6000 rw-p 00000000 00:00 0 
7f7ccfaf6000-7f7ccfaf9000 ---p 00000000 00:00 0 
7f7ccfaf9000-7f7ccfbf7000 rw-p 00000000 00:00 0 
7f7ccfbf7000-7f7ccfbfa000 ---p 00000000 00:00 0 
7f7ccfbfa000-7f7ccfcf8000 rw-p 00000000 00:00 0 
7f7ccfcf8000-7f7ccfcfb000 ---p 00000000 00:00 0 
7f7ccfcfb000-7f7ccfdf9000 rw-p 00000000 00:00 0 
7f7ccfdf9000-7f7ccfdff000 r-xp 00000000 08:02 18747991                   /usr/lib/jvm/java-6-openjdk-amd64/jre/lib/amd64/libmanagement.so
7f7ccfdff000-7f7ccfffe000 ---p 00006000 08:02 18747991                   /usr/lib/jvm/java-6-openjdk-amd64/jre/lib/amd64/libmanagement.so
7f7ccfffe000-7f7ccffff000 r--p 00005000 08:02 18747991                   /usr/lib/jvm/java-6-openjdk-amd64/jre/lib/amd64/libmanagement.so
7f7ccffff000-7f7cd0000000 rw-p 00006000 08:02 18747991                   /usr/lib/jvm/java-6-openjdk-amd64/jre/lib/amd64/libmanagement.so
7f7cd0000000-7f7cd004e000 rw-p 00000000 00:00 0 
7f7cd004e000-7f7cd4000000 ---p 00000000 00:00 0 
7f7cd4056000-7f7cd4059000 ---p 00000000 00:00 0 
7f7cd4059000-7f7cd4157000 rw-p 00000000 00:00 0 
7f7cd4157000-7f7cd415a000 ---p 00000000 00:00 0 
7f7cd415a000-7f7cd4258000 rw-p 00000000 00:00 0 
7f7cd4258000-7f7cd425b000 ---p 00000000 00:00 0 
7f7cd425b000-7f7cd4359000 rw-p 00000000 00:00 0 
7f7cd4359000-7f7cd435c000 ---p 00000000 00:00 0 
7f7cd435c000-7f7cd445a000 rw-p 00000000 00:00 0 
7f7cd445a000-7f7cd445d000 ---p 00000000 00:00 0 
7f7cd445d000-7f7cd455b000 rw-p 00000000 00:00 0 
7f7cd455b000-7f7cd455e000 ---p 00000000 00:00 0 
7f7cd455e000-7f7cd465c000 rw-p 00000000 00:00 0 
7f7cd465c000-7f7cd465f000 ---p 00000000 00:00 0 
7f7cd465f000-7f7cd475d000 rw-p 00000000 00:00 0 
7f7cd475d000-7f7cd4760000 ---p 00000000 00:00 0 
7f7cd4760000-7f7cd485e000 rw-p 00000000 00:00 0 
7f7cd485e000-7f7cd4861000 ---p 00000000 00:00 0 
7f7cd4861000-7f7cd495f000 rw-p 00000000 00:00 0 
7f7cd495f000-7f7cd4962000 ---p 00000000 00:00 0 
7f7cd4962000-7f7cd4a60000 rw-p 00000000 00:00 0 
7f7cd4a60000-7f7cd4a63000 ---p 00000000 00:00 0 
7f7cd4a63000-7f7cd4b61000 rw-p 00000000 00:00 0 
7f7cd4b61000-7f7cd4b64000 ---p 00000000 00:00 0 
7f7cd4b64000-7f7cd4c62000 rw-p 00000000 00:00 0 
7f7cd4c62000-7f7cd4c65000 ---p 00000000 00:00 0 
7f7cd4c65000-7f7cd4d63000 rw-p 00000000 00:00 0 
7f7cd4d63000-7f7cd4d66000 ---p 00000000 00:00 0 
7f7cd4d66000-7f7cd4e64000 rw-p 00000000 00:00 0 
7f7cd4e64000-7f7cd4e7c000 r-xp 00000000 08:02 16256582                   /lib/x86_64-linux-gnu/libresolv-2.15.so
7f7cd4e7c000-7f7cd507c000 ---p 00018000 08:02 16256582                   /lib/x86_64-linux-gnu/libresolv-2.15.so
7f7cd507c000-7f7cd507d000 r--p 00018000 08:02 16256582                   /lib/x86_64-linux-gnu/libresolv-2.15.so
7f7cd507d000-7f7cd507e000 rw-p 00019000 08:02 16256582                   /lib/x86_64-linux-gnu/libresolv-2.15.so
7f7cd507e000-7f7cd5080000 rw-p 00000000 00:00 0 
7f7cd5080000-7f7cd5087000 r-xp 00000000 08:02 16256547                   /lib/x86_64-linux-gnu/libnss_dns-2.15.so
7f7cd5087000-7f7cd5286000 ---p 00007000 08:02 16256547                   /lib/x86_64-linux-gnu/libnss_dns-2.15.so
7f7cd5286000-7f7cd5287000 r--p 00006000 08:02 16256547                   /lib/x86_64-linux-gnu/libnss_dns-2.15.so
7f7cd5287000-7f7cd5288000 rw-p 00007000 08:02 16256547                   /lib/x86_64-linux-gnu/libnss_dns-2.15.so
7f7cd5288000-7f7cd528a000 r-xp 00000000 08:02 16252982                   /lib/libnss_mdns4_minimal.so.2
7f7cd528a000-7f7cd5489000 ---p 00002000 08:02 16252982                   /lib/libnss_mdns4_minimal.so.2
7f7cd5489000-7f7cd548a000 r--p 00001000 08:02 16252982                   /lib/libnss_mdns4_minimal.so.2
7f7cd548a000-7f7cd548b000 rw-p 00002000 08:02 16252982                   /lib/libnss_mdns4_minimal.so.2
7f7cd548b000-7f7cd548e000 ---p 00000000 00:00 0 
7f7cd548e000-7f7cd558c000 rw-p 00000000 00:00 0 
7f7cd558c000-7f7cd558f000 ---p 00000000 00:00 0 
7f7cd558f000-7f7cd568d000 rw-p 00000000 00:00 0 
7f7cd568d000-7f7cd56ea000 r-xp 00000000 08:02 16651114                   /usr/lib/x86_64-linux-gnu/nss/libfreebl3.so
7f7cd56ea000-7f7cd58e9000 ---p 0005d000 08:02 16651114                   /usr/lib/x86_64-linux-gnu/nss/libfreebl3.so
7f7cd58e9000-7f7cd58eb000 r--p 0005c000 08:02 16651114                   /usr/lib/x86_64-linux-gnu/nss/libfreebl3.so
7f7cd58eb000-7f7cd58ec000 rw-p 0005e000 08:02 16651114                   /usr/lib/x86_64-linux-gnu/nss/libfreebl3.so
7f7cd58ec000-7f7cd58f0000 rw-p 00000000 00:00 0 
7f7cd58f0000-7f7cd598e000 r-xp 00000000 08:02 16131587                   /usr/lib/x86_64-linux-gnu/libsqlite3.so.0.8.6
7f7cd598e000-7f7cd5b8e000 ---p 0009e000 08:02 16131587                   /usr/lib/x86_64-linux-gnu/libsqlite3.so.0.8.6
7f7cd5b8e000-7f7cd5b90000 r--p 0009e000 08:02 16131587                   /usr/lib/x86_64-linux-gnu/libsqlite3.so.0.8.6
7f7cd5b90000-7f7cd5b92000 rw-p 000a0000 08:02 16131587                   /usr/lib/x86_64-linux-gnu/libsqlite3.so.0.8.6
7f7cd5b92000-7f7cd5b93000 rw-p 00000000 00:00 0 
7f7cd5b93000-7f7cd5bcc000 r-xp 00000000 08:02 16651117                   /usr/lib/x86_64-linux-gnu/nss/libsoftokn3.so
7f7cd5bcc000-7f7cd5dcb000 ---p 00039000 08:02 16651117                   /usr/lib/x86_64-linux-gnu/nss/libsoftokn3.so
7f7cd5dcb000-7f7cd5dcd000 r--p 00038000 08:02 16651117                   /usr/lib/x86_64-linux-gnu/nss/libsoftokn3.so
7f7cd5dcd000-7f7cd5dce000 rw-p 0003a000 08:02 16651117                   /usr/lib/x86_64-linux-gnu/nss/libsoftokn3.so
7f7cd5dce000-7f7cd5e08000 r-xp 00000000 08:02 16127779                   /usr/lib/x86_64-linux-gnu/libnspr4.so
7f7cd5e08000-7f7cd6007000 ---p 0003a000 08:02 16127779                   /usr/lib/x86_64-linux-gnu/libnspr4.so
7f7cd6007000-7f7cd6008000 r--p 00039000 08:02 16127779                   /usr/lib/x86_64-linux-gnu/libnspr4.so
7f7cd6008000-7f7cd600a000 rw-p 0003a000 08:02 16127779                   /usr/lib/x86_64-linux-gnu/libnspr4.so
7f7cd600a000-7f7cd600c000 rw-p 00000000 00:00 0 
7f7cd600c000-7f7cd600f000 r-xp 00000000 08:02 16127775                   /usr/lib/x86_64-linux-gnu/libplds4.so
7f7cd600f000-7f7cd620e000 ---p 00003000 08:02 16127775                   /usr/lib/x86_64-linux-gnu/libplds4.so
7f7cd620e000-7f7cd620f000 r--p 00002000 08:02 16127775                   /usr/lib/x86_64-linux-gnu/libplds4.so
7f7cd620f000-7f7cd6210000 rw-p 00003000 08:02 16127775                   /usr/lib/x86_64-linux-gnu/libplds4.so
7f7cd6210000-7f7cd6214000 r-xp 00000000 08:02 16127777                   /usr/lib/x86_64-linux-gnu/libplc4.so
7f7cd6214000-7f7cd6413000 ---p 00004000 08:02 16127777                   /usr/lib/x86_64-linux-gnu/libplc4.so
7f7cd6413000-7f7cd6414000 r--p 00003000 08:02 16127777                   /usr/lib/x86_64-linux-gnu/libplc4.so
7f7cd6414000-7f7cd6415000 rw-p 00004000 08:02 16127777                   /usr/lib/x86_64-linux-gnu/libplc4.so
7f7cd6415000-7f7cd6431000 r-xp 00000000 08:02 16123808                   /usr/lib/x86_64-linux-gnu/libnssutil3.so
7f7cd6431000-7f7cd6631000 ---p 0001c000 08:02 16123808                   /usr/lib/x86_64-linux-gnu/libnssutil3.so
7f7cd6631000-7f7cd6637000 r--p 0001c000 08:02 16123808                   /usr/lib/x86_64-linux-gnu/libnssutil3.so
7f7cd6637000-7f7cd6638000 rw-p 00022000 08:02 16123808                   /usr/lib/x86_64-linux-gnu/libnssutil3.so
7f7cd6638000-7f7cd6736000 r-xp 00000000 08:02 16122488                   /usr/lib/x86_64-linux-gnu/libnss3.so
7f7cd6736000-7f7cd6935000 ---p 000fe000 08:02 16122488                   /usr/lib/x86_64-linux-gnu/libnss3.so
7f7cd6935000-7f7cd693a000 r--p 000fd000 08:02 16122488                   /usr/lib/x86_64-linux-gnu/libnss3.so
7f7cd693a000-7f7cd693c000 rw-p 00102000 08:02 16122488                   /usr/lib/x86_64-linux-gnu/libnss3.so
7f7cd693c000-7f7cd693e000 rw-p 00000000 00:00 0 
7f7cd6950000-7f7cd695e000 r--s 00351000 08:02 18489869                   /usr/lib/jvm/java-6-openjdk-common/jre/lib/charsets.jar
7f7cd695e000-7f7cd696c000 r-xp 00000000 08:02 18747997                   /usr/lib/jvm/java-6-openjdk-amd64/jre/lib/amd64/libj2pkcs11.so
7f7cd696c000-7f7cd6b6c000 ---p 0000e000 08:02 18747997                   /usr/lib/jvm/java-6-openjdk-amd64/jre/lib/amd64/libj2pkcs11.so
7f7cd6b6c000-7f7cd6b6d000 r--p 0000e000 08:02 18747997                   /usr/lib/jvm/java-6-openjdk-amd64/jre/lib/amd64/libj2pkcs11.so
7f7cd6b6d000-7f7cd6b6e000 rw-p 0000f000 08:02 18747997                   /usr/lib/jvm/java-6-openjdk-amd64/jre/lib/amd64/libj2pkcs11.so
7f7cd6b6e000-7f7cd6b70000 r--s 00013000 08:02 18489868                   /usr/lib/jvm/java-6-openjdk-common/jre/lib/jce.jar
7f7cd6b77000-7f7cd6b85000 r--s 00351000 08:02 18489869                   /usr/lib/jvm/java-6-openjdk-common/jre/lib/charsets.jar
7f7cd6b85000-7f7cd6b89000 r--s 0002f000 08:02 4722137                    /home/jam/.grails/ivy-cache/org.grails/grails-test/jars/grails-test-2.1.1.jar
7f7cd6b89000-7f7cd6b8f000 r--s 0006c000 08:02 4722135                    /home/jam/.grails/ivy-cache/org.grails/grails-plugin-testing/jars/grails-plugin-testing-2.1.1.jar
7f7cd6b8f000-7f7cd6b90000 r--s 00002000 08:02 5636284                    /home/jam/.grails/ivy-cache/org.hibernate/hibernate-ehcache/jars/hibernate-ehcache-3.6.10.Final.jar
7f7cd6b90000-7f7cd6b95000 r--s 00048000 08:02 5636282                    /home/jam/.grails/ivy-cache/dom4j/dom4j/jars/dom4j-1.6.1.jar
7f7cd6b95000-7f7cd6b9a000 r--s 00068000 08:02 5636280                    /home/jam/.grails/ivy-cache/antlr/antlr/jars/antlr-2.7.7.jar
7f7cd6b9a000-7f7cd6ba3000 r--s 00098000 08:02 5636278                    /home/jam/.grails/ivy-cache/org.javassist/javassist/jars/javassist-3.16.1-GA.jar
7f7cd6ba3000-7f7cd6ba6000 r--s 00009000 08:02 5636286                    /home/jam/.grails/ivy-cache/javax.validation/validation-api/jars/validation-api-1.0.0.GA.jar
7f7cd6ba6000-7f7cd6bad000 r--s 00040000 08:02 5636276                    /home/jam/.grails/ivy-cache/org.hibernate/hibernate-validator/jars/hibernate-validator-4.1.0.Final.jar
7f7cd6bad000-7f7cd6bb0000 r--s 0000f000 08:02 5636274                    /home/jam/.grails/ivy-cache/org.hibernate/hibernate-commons-annotations/jars/hibernate-commons-annotations-3.2.0.Final.jar
7f7cd6bb0000-7f7cd6be2000 r--s 002c9000 08:02 5636272                    /home/jam/.grails/ivy-cache/org.hibernate/hibernate-core/jars/hibernate-core-3.6.10.Final.jar
7f7cd6be2000-7f7cd6bf3000 r--s 000d2000 08:02 5636617                    /home/jam/.grails/ivy-cache/org.liquibase/liquibase-core/jars/liquibase-core-2.0.5.jar
7f7cd6bf3000-7f7cd6bfc000 r--s 00080000 08:02 5767285                    /home/jam/.grails/ivy-cache/org.quartz-scheduler/quartz/jars/quartz-2.1.5.jar
7f7cd6bfc000-7f7cd6c03000 r--s 00035000 08:02 4851541                    /home/jam/.grails/ivy-cache/org.springframework.security/spring-security-web/jars/spring-security-web-3.0.7.RELEASE.jar
7f7cd6c03000-7f7cd6c0d000 r--s 00043000 08:02 4851538                    /home/jam/.grails/ivy-cache/org.springframework.security/spring-security-core/jars/spring-security-core-3.0.7.RELEASE.jar
7f7cd6c0d000-7f7cd6c0e000 r--s 00004000 08:02 5637614                    /home/jam/.grails/ivy-cache/net.sf.opencsv/opencsv/jars/opencsv-2.3.jar
7f7cd6c0e000-7f7cd6c14000 r--s 0007e000 08:02 5637426                    /home/jam/.grails/ivy-cache/postgresql/postgresql/jars/postgresql-9.0-801.jdbc4.jar
7f7cd6c14000-7f7cd6c1b000 r--s 000bd000 08:02 4722926                    /home/jam/.grails/ivy-cache/mysql/mysql-connector-java/jars/mysql-connector-java-5.1.20.jar
7f7cd6c1b000-7f7cd6c1d000 r--s 00000000 08:02 4722133                    /home/jam/.grails/ivy-cache/org.slf4j/jul-to-slf4j/jars/jul-to-slf4j-1.6.2.jar
7f7cd6c1d000-7f7cd6c1f000 r--s 00003000 08:02 4722131                    /home/jam/.grails/ivy-cache/org.slf4j/jcl-over-slf4j/jars/jcl-over-slf4j-1.6.2.jar
7f7cd6c1f000-7f7cd6c28000 r--s 0006d000 08:02 4722129                    /home/jam/.grails/ivy-cache/log4j/log4j/bundles/log4j-1.2.16.jar
7f7cd6c28000-7f7cd6c3d000 r--s 000e3000 08:02 4722127                    /home/jam/.grails/ivy-cache/net.sf.ehcache/ehcache-core/jars/ehcache-core-2.4.6.jar
7f7cd6c3d000-7f7cd6c3f000 r--s 00005000 08:02 4722125                    /home/jam/.grails/ivy-cache/xpp3/xpp3_min/jars/xpp3_min-1.1.4c.jar
7f7cd6c3f000-7f7cd6c41000 r--s 00004000 08:02 4722123                    /home/jam/.grails/ivy-cache/javax.servlet/jstl/jars/jstl-1.1.2.jar
7f7cd6c41000-7f7cd6c4b000 r--s 0012c000 08:02 4722121                    /home/jam/.grails/ivy-cache/com.h2database/h2/jars/h2-1.3.164.jar
7f7cd6c4b000-7f7cd6c4e000 r--s 00016000 08:02 4722119                    /home/jam/.grails/ivy-cache/commons-pool/commons-pool/jars/commons-pool-1.5.6.jar
7f7cd6c4e000-7f7cd6c51000 r--s 00025000 08:02 4722117                    /home/jam/.grails/ivy-cache/commons-dbcp/commons-dbcp/jars/commons-dbcp-1.4.jar
7f7cd6c51000-7f7cd6c53000 r--s 0000e000 08:02 4722115                    /home/jam/.grails/ivy-cache/oro/oro/jars/oro-2.0.8.jar
7f7cd6c53000-7f7cd6c55000 r--s 0000d000 08:02 4722113                    /home/jam/.grails/ivy-cache/commons-fileupload/commons-fileupload/jars/commons-fileupload-1.2.2.jar
7f7cd6c55000-7f7cd6c56000 r--s 0000a000 08:02 4722111                    /home/jam/.grails/ivy-cache/asm/asm/jars/asm-3.1.jar
7f7cd6c56000-7f7cd6c5d000 r--s 0003e000 08:02 4722109                    /home/jam/.grails/ivy-cache/cglib/cglib/jars/cglib-2.2.jar
7f7cd6c5d000-7f7cd6c61000 r--s 00019000 08:02 4722107                    /home/jam/.grails/ivy-cache/org.aspectj/aspectjrt/jars/aspectjrt-1.6.10.jar
7f7cd6c61000-7f7cd6c77000 r--s 00184000 08:02 4722105                    /home/jam/.grails/ivy-cache/org.aspectj/aspectjweaver/jars/aspectjweaver-1.6.10.jar
7f7cd6c77000-7f7cd6c7e000 r--s 00056000 08:02 4722103                    /home/jam/.grails/ivy-cache/org.grails/grails-datastore-simple/jars/grails-datastore-simple-1.1.0.RELEASE.jar
7f7cd6c7e000-7f7cd6c87000 r--s 00044000 08:02 4722101                    /home/jam/.grails/ivy-cache/org.grails/grails-datastore-core/jars/grails-datastore-core-1.1.0.RELEASE.jar
7f7cd6c87000-7f7cd6c8c000 r--s 0004c000 08:02 4722099                    /home/jam/.grails/ivy-cache/org.grails/grails-datastore-gorm/jars/grails-datastore-gorm-1.1.0.RELEASE.jar
7f7cd6c8c000-7f7cd6c97000 r--s 00082000 08:02 4722097                    /home/jam/.grails/ivy-cache/org.springframework/spring-webmvc/jars/spring-webmvc-3.1.2.RELEASE.jar
7f7cd6c97000-7f7cd6ca3000 r--s 0007a000 08:02 4722095                    /home/jam/.grails/ivy-cache/org.springframework/spring-web/jars/spring-web-3.1.2.RELEASE.jar
7f7cd6ca3000-7f7cd6caa000 r--s 00035000 08:02 4722093                    /home/jam/.grails/ivy-cache/org.springframework/spring-tx/jars/spring-tx-3.1.2.RELEASE.jar
7f7cd6caa000-7f7cd6cb3000 r--s 00054000 08:02 4722091                    /home/jam/.grails/ivy-cache/org.springframework/spring-orm/jars/spring-orm-3.1.2.RELEASE.jar
7f7cd6cb3000-7f7cd6cb8000 r--s 0002c000 08:02 4722089                    /home/jam/.grails/ivy-cache/org.springframework/spring-jms/jars/spring-jms-3.1.2.RELEASE.jar
7f7cd6cb8000-7f7cd6cc2000 r--s 00059000 08:02 4722087                    /home/jam/.grails/ivy-cache/org.springframework/spring-jdbc/jars/spring-jdbc-3.1.2.RELEASE.jar
7f7cd6cc2000-7f7cd6cc6000 r--s 00027000 08:02 4722085                    /home/jam/.grails/ivy-cache/org.springframework/spring-expression/jars/spring-expression-3.1.2.RELEASE.jar
7f7cd6cc6000-7f7cd6cc9000 r--s 00018000 08:02 4722083                    /home/jam/.grails/ivy-cache/org.springframework/spring-context-support/jars/spring-context-support-3.1.2.RELEASE.jar
7f7cd6cc9000-7f7cd6cde000 r--s 000b7000 08:02 4722081                    /home/jam/.grails/ivy-cache/org.springframework/spring-context/jars/spring-context-3.1.2.RELEASE.jar
7f7cd6cde000-7f7cd6cea000 r--s 00085000 08:02 4722079                    /home/jam/.grails/ivy-cache/org.springframework/spring-beans/jars/spring-beans-3.1.2.RELEASE.jar
7f7cd6cea000-7f7cd6ceb000 r--s 0000c000 08:02 4722077                    /home/jam/.grails/ivy-cache/org.springframework/spring-asm/jars/spring-asm-3.1.2.RELEASE.jar
7f7cd6ceb000-7f7cd6ced000 r--s 0000b000 08:02 4722075                    /home/jam/.grails/ivy-cache/org.springframework/spring-aspects/jars/spring-aspects-3.1.2.RELEASE.jar
7f7cd6ced000-7f7cd6cf6000 r--s 00049000 08:02 4722073                    /home/jam/.grails/ivy-cache/org.springframework/spring-aop/jars/spring-aop-3.1.2.RELEASE.jar
7f7cd6cf6000-7f7cd6d00000 r--s 00064000 08:02 4722071                    /home/jam/.grails/ivy-cache/org.springframework/spring-core/jars/spring-core-3.1.2.RELEASE.jar
7f7cd6d00000-7f7cd6d02000 r--s 00008000 08:02 4722069                    /home/jam/.grails/ivy-cache/org.grails/grails-plugin-validation/jars/grails-plugin-validation-2.1.1.jar
7f7cd6d02000-7f7cd6d05000 r--s 0001c000 08:02 4722067                    /home/jam/.grails/ivy-cache/org.grails/grails-plugin-url-mappings/jars/grails-plugin-url-mappings-2.1.1.jar
7f7cd6d05000-7f7cd6d07000 r--s 0000f000 08:02 4722065                    /home/jam/.grails/ivy-cache/org.grails/grails-plugin-mimetypes/jars/grails-plugin-mimetypes-2.1.1.jar
7f7cd6d07000-7f7cd6d09000 r--s 00005000 08:02 4722063                    /home/jam/.grails/ivy-cache/org.grails/grails-plugin-servlets/jars/grails-plugin-servlets-2.1.1.jar
7f7cd6d09000-7f7cd6d0a000 r--s 00008000 08:02 4722061                    /home/jam/.grails/ivy-cache/org.grails/grails-plugin-services/jars/grails-plugin-services-2.1.1.jar
7f7cd6d0a000-7f7cd6d0c000 r--s 00006000 08:02 4722059                    /home/jam/.grails/ivy-cache/org.grails/grails-plugin-scaffolding/jars/grails-plugin-scaffolding-2.1.1.jar
7f7cd6d0c000-7f7cd6d0e000 r--s 0000e000 08:02 4722057                    /home/jam/.grails/ivy-cache/org.grails/grails-plugin-log4j/jars/grails-plugin-log4j-2.1.1.jar
7f7cd6d0e000-7f7cd6d10000 r--s 00005000 08:02 4722055                    /home/jam/.grails/ivy-cache/org.grails/grails-plugin-i18n/jars/grails-plugin-i18n-2.1.1.jar
7f7cd6d10000-7f7cd6d17000 r--s 0006d000 08:02 4722053                    /home/jam/.grails/ivy-cache/org.grails/grails-plugin-gsp/jars/grails-plugin-gsp-2.1.1.jar
7f7cd6d17000-7f7cd6d19000 r--s 0000e000 08:02 4722051                    /home/jam/.grails/ivy-cache/org.grails/grails-plugin-filters/jars/grails-plugin-filters-2.1.1.jar
7f7cd6d19000-7f7cd6d1b000 r--s 00009000 08:02 4722049                    /home/jam/.grails/ivy-cache/org.grails/grails-plugin-datasource/jars/grails-plugin-datasource-2.1.1.jar
7f7cd6d1b000-7f7cd6d1f000 r--s 00024000 08:02 4722047                    /home/jam/.grails/ivy-cache/org.grails/grails-plugin-converters/jars/grails-plugin-converters-2.1.1.jar
7f7cd6d1f000-7f7cd6d22000 r--s 00019000 08:02 4722045                    /home/jam/.grails/ivy-cache/org.grails/grails-plugin-domain-class/jars/grails-plugin-domain-class-2.1.1.jar
7f7cd6d22000-7f7cd6d26000 r--s 00028000 08:02 4722043                    /home/jam/.grails/ivy-cache/org.grails/grails-plugin-controllers/jars/grails-plugin-controllers-2.1.1.jar
7f7cd6d26000-7f7cd6d28000 r--s 00015000 08:02 4722041                    /home/jam/.grails/ivy-cache/org.grails/grails-plugin-codecs/jars/grails-plugin-codecs-2.1.1.jar
7f7cd6d28000-7f7cd6d29000 r--s 00000000 08:02 4722039                    /home/jam/.grails/ivy-cache/org.grails/grails-logging/jars/grails-logging-2.1.1.jar
7f7cd6d29000-7f7cd6d2b000 r--s 00009000 08:02 4722037                    /home/jam/.grails/ivy-cache/org.grails/grails-spring/jars/grails-spring-2.1.1.jar
7f7cd6d2b000-7f7cd6d35000 r--s 0008a000 08:02 4722035                    /home/jam/.grails/ivy-cache/org.grails/grails-hibernate/jars/grails-hibernate-2.1.1.jar
7f7cd6d35000-7f7cd6d37000 r--s 00009000 08:02 4722033                    /home/jam/.grails/ivy-cache/org.grails/grails-crud/jars/grails-crud-2.1.1.jar
7f7cd6d37000-7f7cd6d3d000 r--s 00027000 08:02 4722031                    /home/jam/.grails/ivy-cache/opensymphony/sitemesh/jars/sitemesh-2.4.jar
7f7cd6d3d000-7f7cd6d42000 r--s 00015000 08:02 4722029                    /home/jam/.grails/ivy-cache/org.hibernate.javax.persistence/hibernate-jpa-2.0-api/jars/hibernate-jpa-2.0-api-1.0.1.Final.jar
7f7cd6d42000-7f7cd6d47000 r--s 00041000 08:02 4722025                    /home/jam/.grails/ivy-cache/commons-lang/commons-lang/jars/commons-lang-2.6.jar
7f7cd6d47000-7f7cd6d4a000 r--s 00025000 08:02 4722023                    /home/jam/.grails/ivy-cache/commons-io/commons-io/jars/commons-io-2.1.jar
7f7cd6d4a000-7f7cd6d58000 r--s 0007f000 08:02 4722021                    /home/jam/.grails/ivy-cache/commons-collections/commons-collections/jars/commons-collections-3.2.1.jar
7f7cd6d58000-7f7cd6d5a000 r--s 00010000 08:02 4722019                    /home/jam/.grails/ivy-cache/commons-codec/commons-codec/jars/commons-codec-1.5.jar
7f7cd6d5a000-7f7cd6d5c000 r--s 00000000 08:02 4722017                    /home/jam/.grails/ivy-cache/aopalliance/aopalliance/jars/aopalliance-1.0.jar
7f7cd6d5c000-7f7cd6d5f000 r--s 0001f000 08:02 4722015                    /home/jam/.grails/ivy-cache/commons-validator/commons-validator/jars/commons-validator-1.3.1.jar
7f7cd6d5f000-7f7cd6d62000 r--s 00019000 08:02 4722013                    /home/jam/.grails/ivy-cache/commons-el/commons-el/jars/commons-el-1.0.jar
7f7cd6d62000-7f7cd6d67000 r--s 00034000 08:02 4722011                    /home/jam/.grails/ivy-cache/commons-beanutils/commons-beanutils/jars/commons-beanutils-1.8.3.jar
7f7cd6d67000-7f7cd6dc5000 r--s 00592000 08:02 4722009                    /home/jam/.grails/ivy-cache/org.codehaus.groovy/groovy-all/jars/groovy-all-1.8.8.jar
7f7cd6dc5000-7f7cd6dd0000 r--s 000b6000 08:02 4721759                    /home/jam/.grails/ivy-cache/org.apache.tomcat.embed/tomcat-embed-jasper/jars/tomcat-embed-jasper-7.0.30.jar
7f7cd6dd0000-7f7cd6df2000 r--s 00254000 08:02 4721757                    /home/jam/.grails/ivy-cache/org.apache.tomcat.embed/tomcat-embed-core/jars/tomcat-embed-core-7.0.30.jar
7f7cd6df2000-7f7cd6e10000 r--s 001bb000 08:02 4721461                    /home/jam/.grails/ivy-cache/org.apache.ant/ant/jars/ant-1.8.2.jar
7f7cd6e10000-7f7cd6e25000 r-xp 00000000 08:02 18747986                   /usr/lib/jvm/java-6-openjdk-amd64/jre/lib/amd64/libnet.so
7f7cd6e25000-7f7cd7024000 ---p 00015000 08:02 18747986                   /usr/lib/jvm/java-6-openjdk-amd64/jre/lib/amd64/libnet.so
7f7cd7024000-7f7cd7025000 r--p 00014000 08:02 18747986                   /usr/lib/jvm/java-6-openjdk-amd64/jre/lib/amd64/libnet.so
7f7cd7025000-7f7cd7026000 rw-p 00015000 08:02 18747986                   /usr/lib/jvm/java-6-openjdk-amd64/jre/lib/amd64/libnet.so
7f7cd7026000-7f7cd7029000 ---p 00000000 00:00 0 
7f7cd7029000-7f7cd7127000 rw-p 00000000 00:00 0 
7f7cd7129000-7f7cd712b000 r--s 0000d000 08:02 5508471                    /home/jam/.grails/ivy-cache/org.grails/grails-plugin-tomcat/jars/grails-plugin-tomcat-2.1.1.jar
7f7cd712b000-7f7cd713b000 r--s 0019c000 08:02 5508469                    /home/jam/.grails/ivy-cache/org.eclipse.jdt.core.compiler/ecj/jars/ecj-3.7.2.jar
7f7cd713b000-7f7cd7142000 r--s 00037000 08:02 4721459                    /home/jam/.grails/ivy-cache/junit/junit/jars/junit-4.10.jar
7f7cd7142000-7f7cd7145000 r--s 0000b000 08:02 4721456                    /home/jam/.grails/ivy-cache/com.googlecode.concurrentlinkedhashmap/concurrentlinkedhashmap-lru/jars/concurrentlinkedhashmap-lru-1.2_jdk5.jar
7f7cd7145000-7f7cd714b000 r--s 00033000 08:02 4721454                    /home/jam/.grails/ivy-cache/org.springframework/spring-test/jars/spring-test-3.1.2.RELEASE.jar
7f7cd714b000-7f7cd714d000 r--s 00005000 08:02 4721452                    /home/jam/.grails/ivy-cache/org.slf4j/slf4j-api/jars/slf4j-api-1.6.2.jar
7f7cd714d000-7f7cd715a000 r--s 000b7000 08:02 4721450                    /home/jam/.grails/ivy-cache/org.grails/grails-web/jars/grails-web-2.1.1.jar
7f7cd715a000-7f7cd7168000 r--s 000b5000 08:02 4721446                    /home/jam/.grails/ivy-cache/org.grails/grails-core/jars/grails-core-2.1.1.jar
7f7cd7168000-7f7cd717d000 r-xp 00000000 08:02 8650801                    /tmp/jna4098783924468715000.tmp
7f7cd717d000-7f7cd727c000 ---p 00015000 08:02 8650801                    /tmp/jna4098783924468715000.tmp
7f7cd727c000-7f7cd727e000 rw-p 00014000 08:02 8650801                    /tmp/jna4098783924468715000.tmp
7f7cd727e000-7f7cd72de000 r--s 00d92000 08:02 18877160                   /usr/lib/jvm/java-6-openjdk-amd64/lib/tools.jar
7f7cd72de000-7f7cd72e3000 r--s 00050000 08:02 4587551                    /home/jam/Applications/grails-2.1.1/lib/org.codehaus.gant/gant_groovy1.8/jars/gant_groovy1.8-1.9.6.jar
7f7cd72e3000-7f7cd7301000 r--s 001bb000 08:02 15997849                   /home/jam/Applications/grails-2.1.1/lib/org.apache.ant/ant/jars/ant-1.8.2.jar
7f7cd7301000-7f7cd7310000 r--s 000d9000 08:02 3933556                    /home/jam/Applications/grails-2.1.1/lib/org.apache.ivy/ivy/jars/ivy-2.2.0.jar
7f7cd7310000-7f7cd7312000 r--s 00009000 08:02 15730918                   /home/jam/Applications/grails-2.1.1/lib/commons-cli/commons-cli/jars/commons-cli-1.2.jar
7f7cd7312000-7f7cd7315000 r--s 000cf000 08:02 15997829                   /home/jam/Applications/grails-2.1.1/lib/net.java.dev.jna/jna/jars/jna-3.2.3.jar
7f7cd7315000-7f7cd7317000 r--s 00008000 08:02 4587896                    /home/jam/Applications/grails-2.1.1/lib/org.fusesource.jansi/jansi/jars/jansi-1.2.1.jar
7f7cd7317000-7f7cd7319000 r--s 00015000 08:02 15862296                   /home/jam/Applications/grails-2.1.1/lib/jline/jline/jars/jline-1.0.jar
7f7cd7319000-7f7cd7320000 r--s 000fb000 08:02 18489889                   /usr/lib/jvm/java-6-openjdk-common/jre/lib/resources.jar
7f7cd7320000-7f7cd7321000 ---p 00000000 00:00 0 
7f7cd7321000-7f7cd7421000 rw-p 00000000 00:00 0 
7f7cd7421000-7f7cd7424000 ---p 00000000 00:00 0 
7f7cd7424000-7f7cd7522000 rw-p 00000000 00:00 0 
7f7cd7522000-7f7cd7525000 ---p 00000000 00:00 0 
7f7cd7525000-7f7cd7623000 rw-p 00000000 00:00 0 
7f7cd7623000-7f7cd7626000 ---p 00000000 00:00 0 
7f7cd7626000-7f7cd7724000 rw-p 00000000 00:00 0 
7f7cd7724000-7f7cd7727000 ---p 00000000 00:00 0 
7f7cd7727000-7f7cd7825000 rw-p 00000000 00:00 0 
7f7cd7825000-7f7cd8000000 r--p 00000000 08:02 16128286                   /usr/lib/locale/locale-archive
7f7cd8000000-7f7cd802c000 rw-p 00000000 00:00 0 
7f7cd802c000-7f7cdc000000 ---p 00000000 00:00 0 
7f7cdc001000-7f7cdc003000 r--s 00008000 08:02 5508467                    /home/jam/.grails/ivy-cache/org.apache.tomcat.embed/tomcat-embed-logging-juli/jars/tomcat-embed-logging-juli-7.0.30.jar
7f7cdc003000-7f7cdc005000 r--s 00013000 08:02 4721761                    /home/jam/.grails/ivy-cache/org.apache.tomcat.embed/tomcat-embed-logging-log4j/jars/tomcat-embed-logging-log4j-7.0.30.jar
7f7cdc005000-7f7cdc007000 r--s 0000c000 08:02 5508465                    /home/jam/.grails/ivy-cache/org.apache.tomcat/tomcat-catalina-ant/jars/tomcat-catalina-ant-7.0.30.jar
7f7cdc007000-7f7cdc010000 r--s 000a8000 08:02 4721442                    /home/jam/.grails/ivy-cache/org.grails/grails-bootstrap/jars/grails-bootstrap-2.1.1.jar
7f7cdc010000-7f7cdc013000 r--s 00044000 08:02 4721440                    /home/jam/.grails/ivy-cache/org.grails/grails-docs/jars/grails-docs-2.1.1.jar
7f7cdc013000-7f7cdc016000 r--s 00041000 08:02 4721438                    /home/jam/.grails/ivy-cache/xalan/serializer/jars/serializer-2.7.1.jar
7f7cdc016000-7f7cdc019000 r--s 000cf000 08:02 4721436                    /home/jam/.grails/ivy-cache/net.java.dev.jna/jna/jars/jna-3.2.3.jar
7f7cdc019000-7f7cdc01b000 r--s 00008000 08:02 4721434                    /home/jam/.grails/ivy-cache/org.fusesource.jansi/jansi/jars/jansi-1.2.1.jar
7f7cdc01b000-7f7cdc02a000 r--s 000d9000 08:02 4721424                    /home/jam/.grails/ivy-cache/org.apache.ivy/ivy/jars/ivy-2.2.0.jar
7f7cdc02a000-7f7cdc02c000 r--s 00015000 08:02 4721422                    /home/jam/.grails/ivy-cache/jline/jline/jars/jline-1.0.jar
7f7cdc02c000-7f7cdc051000 r--s 00172000 08:02 4721397                    /home/jam/.grails/ivy-cache/org.bouncycastle/bcprov-jdk15/jars/bcprov-jdk15-1.45.jar
7f7cdc051000-7f7cdc0af000 r--s 00592000 08:02 4587821                    /home/jam/Applications/grails-2.1.1/lib/org.codehaus.groovy/groovy-all/jars/groovy-all-1.8.8.jar
7f7cdc0af000-7f7cdc0b2000 ---p 00000000 00:00 0 
7f7cdc0b2000-7f7cdc1b0000 rw-p 00000000 00:00 0 
7f7cdc1b0000-7f7cdc1b3000 ---p 00000000 00:00 0 
7f7cdc1b3000-7f7cdc2b1000 rw-p 00000000 00:00 0 
7f7cdc2b1000-7f7cdc2b2000 ---p 00000000 00:00 0 
7f7cdc2b2000-7f7cdc8ea000 rw-p 00000000 00:00 0 
7f7cdc8ea000-7f7cdca7c000 r--s 037bf000 08:02 18616443                   /usr/lib/jvm/java-6-openjdk-amd64/jre/lib/rt.jar
7f7cdca7c000-7f7cdca7d000 ---p 00000000 00:00 0 
7f7cdca7d000-7f7cdcb7d000 rw-p 00000000 00:00 0 
7f7cdcb7d000-7f7cdcb7e000 ---p 00000000 00:00 0 
7f7cdcb7e000-7f7cdcc7e000 rw-p 00000000 00:00 0 
7f7cdcc7e000-7f7cdcc7f000 ---p 00000000 00:00 0 
7f7cdcc7f000-7f7cdcd7f000 rw-p 00000000 00:00 0 
7f7cdcd7f000-7f7cdcd80000 ---p 00000000 00:00 0 
7f7cdcd80000-7f7cdd000000 rw-p 00000000 00:00 0 
7f7cdd000000-7f7cdd9d0000 rwxp 00000000 00:00 0 
7f7cdd9d0000-7f7ce0cc5000 rw-p 00000000 00:00 0 
7f7ce0cc5000-7f7ce4000000 ---p 00000000 00:00 0 
7f7ce4000000-7f7ce4002000 r--s 00017000 08:02 4721465                    /home/jam/.grails/ivy-cache/org.apache.ant/ant-junit/jars/ant-junit-1.8.2.jar
7f7ce4002000-7f7ce4004000 r--s 00002000 08:02 4721463                    /home/jam/.grails/ivy-cache/org.apache.ant/ant-launcher/jars/ant-launcher-1.8.2.jar
7f7ce4004000-7f7ce4007000 r--s 00026000 08:02 4721448                    /home/jam/.grails/ivy-cache/org.grails/grails-resources/jars/grails-resources-2.1.1.jar
7f7ce4007000-7f7ce4012000 r--s 000fe000 08:02 4721444                    /home/jam/.grails/ivy-cache/org.grails/grails-scripts/jars/grails-scripts-2.1.1.jar
7f7ce4012000-7f7ce4017000 r--s 00024000 08:02 4721394                    /home/jam/.grails/ivy-cache/org.bouncycastle/bcpg-jdk15/jars/bcpg-jdk15-1.45.jar
7f7ce4017000-7f7ce4240000 rw-p 00000000 00:00 0 
7f7ce4240000-7f7ce4247000 r-xp 00000000 08:02 18748006                   /usr/lib/jvm/java-6-openjdk-amd64/jre/lib/amd64/libzip.so
7f7ce4247000-7f7ce4446000 ---p 00007000 08:02 18748006                   /usr/lib/jvm/java-6-openjdk-amd64/jre/lib/amd64/libzip.so
7f7ce4446000-7f7ce4447000 r--p 00006000 08:02 18748006                   /usr/lib/jvm/java-6-openjdk-amd64/jre/lib/amd64/libzip.so
7f7ce4447000-7f7ce4448000 rw-p 00007000 08:02 18748006                   /usr/lib/jvm/java-6-openjdk-amd64/jre/lib/amd64/libzip.so
7f7ce4448000-7f7ce4454000 r-xp 00000000 08:02 16256549                   /lib/x86_64-linux-gnu/libnss_files-2.15.so
7f7ce4454000-7f7ce4653000 ---p 0000c000 08:02 16256549                   /lib/x86_64-linux-gnu/libnss_files-2.15.so
7f7ce4653000-7f7ce4654000 r--p 0000b000 08:02 16256549                   /lib/x86_64-linux-gnu/libnss_files-2.15.so
7f7ce4654000-7f7ce4655000 rw-p 0000c000 08:02 16256549                   /lib/x86_64-linux-gnu/libnss_files-2.15.so
7f7ce4655000-7f7ce465f000 r-xp 00000000 08:02 16256553                   /lib/x86_64-linux-gnu/libnss_nis-2.15.so
7f7ce465f000-7f7ce485f000 ---p 0000a000 08:02 16256553                   /lib/x86_64-linux-gnu/libnss_nis-2.15.so
7f7ce485f000-7f7ce4860000 r--p 0000a000 08:02 16256553                   /lib/x86_64-linux-gnu/libnss_nis-2.15.so
7f7ce4860000-7f7ce4861000 rw-p 0000b000 08:02 16256553                   /lib/x86_64-linux-gnu/libnss_nis-2.15.so
7f7ce4861000-7f7ce4878000 r-xp 00000000 08:02 16256543                   /lib/x86_64-linux-gnu/libnsl-2.15.so
7f7ce4878000-7f7ce4a77000 ---p 00017000 08:02 16256543                   /lib/x86_64-linux-gnu/libnsl-2.15.so
7f7ce4a77000-7f7ce4a78000 r--p 00016000 08:02 16256543                   /lib/x86_64-linux-gnu/libnsl-2.15.so
7f7ce4a78000-7f7ce4a79000 rw-p 00017000 08:02 16256543                   /lib/x86_64-linux-gnu/libnsl-2.15.so
7f7ce4a79000-7f7ce4a7b000 rw-p 00000000 00:00 0 
7f7ce4a7b000-7f7ce4a83000 r-xp 00000000 08:02 16256545                   /lib/x86_64-linux-gnu/libnss_compat-2.15.so
7f7ce4a83000-7f7ce4c82000 ---p 00008000 08:02 16256545                   /lib/x86_64-linux-gnu/libnss_compat-2.15.so
7f7ce4c82000-7f7ce4c83000 r--p 00007000 08:02 16256545                   /lib/x86_64-linux-gnu/libnss_compat-2.15.so
7f7ce4c83000-7f7ce4c84000 rw-p 00008000 08:02 16256545                   /lib/x86_64-linux-gnu/libnss_compat-2.15.so
7f7ce4c84000-7f7ce4c8d000 r-xp 00000000 08:02 18747976                   /usr/lib/jvm/java-6-openjdk-amd64/jre/lib/amd64/libinstrument.so
7f7ce4c8d000-7f7ce4e8d000 ---p 00009000 08:02 18747976                   /usr/lib/jvm/java-6-openjdk-amd64/jre/lib/amd64/libinstrument.so
7f7ce4e8d000-7f7ce4e8e000 r--p 00009000 08:02 18747976                   /usr/lib/jvm/java-6-openjdk-amd64/jre/lib/amd64/libinstrument.so
7f7ce4e8e000-7f7ce4e8f000 rw-p 0000a000 08:02 18747976                   /usr/lib/jvm/java-6-openjdk-amd64/jre/lib/amd64/libinstrument.so
7f7ce4e8f000-7f7ce4ebb000 r-xp 00000000 08:02 18747994                   /usr/lib/jvm/java-6-openjdk-amd64/jre/lib/amd64/libjava.so
7f7ce4ebb000-7f7ce50ba000 ---p 0002c000 08:02 18747994                   /usr/lib/jvm/java-6-openjdk-amd64/jre/lib/amd64/libjava.so
7f7ce50ba000-7f7ce50bb000 r--p 0002b000 08:02 18747994                   /usr/lib/jvm/java-6-openjdk-amd64/jre/lib/amd64/libjava.so
7f7ce50bb000-7f7ce50be000 rw-p 0002c000 08:02 18747994                   /usr/lib/jvm/java-6-openjdk-amd64/jre/lib/amd64/libjava.so
7f7ce50be000-7f7ce50cc000 r-xp 00000000 08:02 18747993                   /usr/lib/jvm/java-6-openjdk-amd64/jre/lib/amd64/libverify.so
7f7ce50cc000-7f7ce52cb000 ---p 0000e000 08:02 18747993                   /usr/lib/jvm/java-6-openjdk-amd64/jre/lib/amd64/libverify.so
7f7ce52cb000-7f7ce52cd000 r--p 0000d000 08:02 18747993                   /usr/lib/jvm/java-6-openjdk-amd64/jre/lib/amd64/libverify.so
7f7ce52cd000-7f7ce52ce000 rw-p 0000f000 08:02 18747993                   /usr/lib/jvm/java-6-openjdk-amd64/jre/lib/amd64/libverify.so
7f7ce52ce000-7f7ce52d5000 r-xp 00000000 08:02 16256584                   /lib/x86_64-linux-gnu/librt-2.15.so
7f7ce52d5000-7f7ce54d4000 ---p 00007000 08:02 16256584                   /lib/x86_64-linux-gnu/librt-2.15.so
7f7ce54d4000-7f7ce54d5000 r--p 00006000 08:02 16256584                   /lib/x86_64-linux-gnu/librt-2.15.so
7f7ce54d5000-7f7ce54d6000 rw-p 00007000 08:02 16256584                   /lib/x86_64-linux-gnu/librt-2.15.so
7f7ce54d6000-7f7ce54eb000 r-xp 00000000 08:02 16256519                   /lib/x86_64-linux-gnu/libgcc_s.so.1
7f7ce54eb000-7f7ce56ea000 ---p 00015000 08:02 16256519                   /lib/x86_64-linux-gnu/libgcc_s.so.1
7f7ce56ea000-7f7ce56eb000 r--p 00014000 08:02 16256519                   /lib/x86_64-linux-gnu/libgcc_s.so.1
7f7ce56eb000-7f7ce56ec000 rw-p 00015000 08:02 16256519                   /lib/x86_64-linux-gnu/libgcc_s.so.1
7f7ce56ec000-7f7ce57e5000 r-xp 00000000 08:02 16256530                   /lib/x86_64-linux-gnu/libm-2.15.so
7f7ce57e5000-7f7ce59e4000 ---p 000f9000 08:02 16256530                   /lib/x86_64-linux-gnu/libm-2.15.so
7f7ce59e4000-7f7ce59e5000 r--p 000f8000 08:02 16256530                   /lib/x86_64-linux-gnu/libm-2.15.so
7f7ce59e5000-7f7ce59e6000 rw-p 000f9000 08:02 16256530                   /lib/x86_64-linux-gnu/libm-2.15.so
7f7ce59e6000-7f7ce5ac8000 r-xp 00000000 08:02 16129397                   /usr/lib/x86_64-linux-gnu/libstdc++.so.6.0.16
7f7ce5ac8000-7f7ce5cc7000 ---p 000e2000 08:02 16129397                   /usr/lib/x86_64-linux-gnu/libstdc++.so.6.0.16
7f7ce5cc7000-7f7ce5ccf000 r--p 000e1000 08:02 16129397                   /usr/lib/x86_64-linux-gnu/libstdc++.so.6.0.16
7f7ce5ccf000-7f7ce5cd1000 rw-p 000e9000 08:02 16129397                   /usr/lib/x86_64-linux-gnu/libstdc++.so.6.0.16
7f7ce5cd1000-7f7ce5ce6000 rw-p 00000000 00:00 0 
7f7ce5ce6000-7f7ce65ea000 r-xp 00000000 08:02 18877146                   /usr/lib/jvm/java-6-openjdk-amd64/jre/lib/amd64/server/libjvm.so
7f7ce65ea000-7f7ce67ea000 ---p 00904000 08:02 18877146                   /usr/lib/jvm/java-6-openjdk-amd64/jre/lib/amd64/server/libjvm.so
7f7ce67ea000-7f7ce686a000 r--p 00904000 08:02 18877146                   /usr/lib/jvm/java-6-openjdk-amd64/jre/lib/amd64/server/libjvm.so
7f7ce686a000-7f7ce6885000 rw-p 00984000 08:02 18877146                   /usr/lib/jvm/java-6-openjdk-amd64/jre/lib/amd64/server/libjvm.so
7f7ce6885000-7f7ce68ae000 rw-p 00000000 00:00 0 
7f7ce68ae000-7f7ce68c4000 r-xp 00000000 08:02 16256609                   /lib/x86_64-linux-gnu/libz.so.1.2.3.4
7f7ce68c4000-7f7ce6ac3000 ---p 00016000 08:02 16256609                   /lib/x86_64-linux-gnu/libz.so.1.2.3.4
7f7ce6ac3000-7f7ce6ac4000 r--p 00015000 08:02 16256609                   /lib/x86_64-linux-gnu/libz.so.1.2.3.4
7f7ce6ac4000-7f7ce6ac5000 rw-p 00016000 08:02 16256609                   /lib/x86_64-linux-gnu/libz.so.1.2.3.4
7f7ce6ac5000-7f7ce6c78000 r-xp 00000000 08:02 16256498                   /lib/x86_64-linux-gnu/libc-2.15.so
7f7ce6c78000-7f7ce6e77000 ---p 001b3000 08:02 16256498                   /lib/x86_64-linux-gnu/libc-2.15.so
7f7ce6e77000-7f7ce6e7b000 r--p 001b2000 08:02 16256498                   /lib/x86_64-linux-gnu/libc-2.15.so
7f7ce6e7b000-7f7ce6e7d000 rw-p 001b6000 08:02 16256498                   /lib/x86_64-linux-gnu/libc-2.15.so
7f7ce6e7d000-7f7ce6e82000 rw-p 00000000 00:00 0 
7f7ce6e82000-7f7ce6e84000 r-xp 00000000 08:02 16256511                   /lib/x86_64-linux-gnu/libdl-2.15.so
7f7ce6e84000-7f7ce7084000 ---p 00002000 08:02 16256511                   /lib/x86_64-linux-gnu/libdl-2.15.so
7f7ce7084000-7f7ce7085000 r--p 00002000 08:02 16256511                   /lib/x86_64-linux-gnu/libdl-2.15.so
7f7ce7085000-7f7ce7086000 rw-p 00003000 08:02 16256511                   /lib/x86_64-linux-gnu/libdl-2.15.so
7f7ce7086000-7f7ce708a000 r-xp 00000000 08:02 18747978                   /usr/lib/jvm/java-6-openjdk-amd64/jre/lib/amd64/jli/libjli.so
7f7ce708a000-7f7ce7289000 ---p 00004000 08:02 18747978                   /usr/lib/jvm/java-6-openjdk-amd64/jre/lib/amd64/jli/libjli.so
7f7ce7289000-7f7ce728a000 r--p 00003000 08:02 18747978                   /usr/lib/jvm/java-6-openjdk-amd64/jre/lib/amd64/jli/libjli.so
7f7ce728a000-7f7ce728b000 rw-p 00004000 08:02 18747978                   /usr/lib/jvm/java-6-openjdk-amd64/jre/lib/amd64/jli/libjli.so
7f7ce728b000-7f7ce72a3000 r-xp 00000000 08:02 16256578                   /lib/x86_64-linux-gnu/libpthread-2.15.so
7f7ce72a3000-7f7ce74a2000 ---p 00018000 08:02 16256578                   /lib/x86_64-linux-gnu/libpthread-2.15.so
7f7ce74a2000-7f7ce74a3000 r--p 00017000 08:02 16256578                   /lib/x86_64-linux-gnu/libpthread-2.15.so
7f7ce74a3000-7f7ce74a4000 rw-p 00018000 08:02 16256578                   /lib/x86_64-linux-gnu/libpthread-2.15.so
7f7ce74a4000-7f7ce74a8000 rw-p 00000000 00:00 0 
7f7ce74a8000-7f7ce74ca000 r-xp 00000000 08:02 16256478                   /lib/x86_64-linux-gnu/ld-2.15.so
7f7ce74ca000-7f7ce74cb000 r--s 00003000 08:02 4722027                    /home/jam/.grails/ivy-cache/javax.transaction/jta/jars/jta-1.1.jar
7f7ce74cb000-7f7ce74cc000 r--s 00003000 08:02 4721392                    /home/jam/.grails/ivy-cache/com.googlecode.json-simple/json-simple/jars/json-simple-1.1.jar
7f7ce74cc000-7f7ce74d2000 r--s 00068000 08:02 4721389                    /home/jam/.grails/ivy-cache/com.google.protobuf/protobuf-java/jars/protobuf-java-2.4.1.jar
7f7ce74d2000-7f7ce74d9000 r--s 00067000 08:02 15730908                   /home/jam/Applications/grails-2.1.1/lib/com.springsource.springloaded/springloaded-core/jars/springloaded-core-1.0.6.jar
7f7ce74d9000-7f7ce74e2000 r--s 000a8000 08:02 15731003                   /home/jam/Applications/grails-2.1.1/dist/grails-bootstrap-2.1.1.jar
7f7ce74e2000-7f7ce750a000 rw-p 00000000 00:00 0 
7f7ce750a000-7f7ce75a2000 rw-p 00000000 00:00 0 
7f7ce75a2000-7f7ce75a5000 ---p 00000000 00:00 0 
7f7ce75a5000-7f7ce76a8000 rw-p 00000000 00:00 0 
7f7ce76a8000-7f7ce76a9000 r--s 00001000 08:02 4721467                    /home/jam/.grails/ivy-cache/org.apache.ant/ant-trax/jars/ant-trax-1.7.1.jar
7f7ce76a9000-7f7ce76ac000 r--s 0001a000 08:02 4721386                    /home/jam/.grails/ivy-cache/org.springframework.uaa/org.springframework.uaa.client/bundles/org.springframework.uaa.client-1.0.1.RELEASE.jar
7f7ce76ac000-7f7ce76af000 r--s 0007d000 08:02 18489867                   /usr/lib/jvm/java-6-openjdk-common/jre/lib/jsse.jar
7f7ce76af000-7f7ce76b3000 r--s 00038000 08:02 18489882                   /usr/lib/jvm/java-6-openjdk-common/jre/lib/ext/sunpkcs11.jar
7f7ce76b3000-7f7ce76b6000 r--s 00031000 08:02 18489884                   /usr/lib/jvm/java-6-openjdk-common/jre/lib/ext/sunjce_provider.jar
7f7ce76b6000-7f7ce76b7000 r--s 00007000 08:02 16651090                   /usr/share/java/java-atk-wrapper.jar
7f7ce76b7000-7f7ce76ba000 r--s 00077000 08:02 18489883                   /usr/lib/jvm/java-6-openjdk-common/jre/lib/ext/localedata.jar
7f7ce76ba000-7f7ce76bc000 r--s 00001000 08:02 18489885                   /usr/lib/jvm/java-6-openjdk-common/jre/lib/ext/dnsns.jar
7f7ce76bc000-7f7ce76be000 r--s 0000f000 08:02 18489886                   /usr/lib/jvm/java-6-openjdk-common/jre/lib/ext/pulse-java.jar
7f7ce76be000-7f7ce76c6000 rw-s 00000000 08:02 8650790                    /tmp/hsperfdata_jam/3612
7f7ce76c6000-7f7ce76c7000 rw-p 00000000 00:00 0 
7f7ce76c7000-7f7ce76c8000 r--p 00000000 00:00 0 
7f7ce76c8000-7f7ce76ca000 rw-p 00000000 00:00 0 
7f7ce76ca000-7f7ce76cb000 r--p 00022000 08:02 16256478                   /lib/x86_64-linux-gnu/ld-2.15.so
7f7ce76cb000-7f7ce76cd000 rw-p 00023000 08:02 16256478                   /lib/x86_64-linux-gnu/ld-2.15.so
7fff60809000-7fff6082a000 rw-p 00000000 00:00 0                          [stack]
7fff609d5000-7fff609d6000 r-xp 00000000 00:00 0                          [vdso]
ffffffffff600000-ffffffffff601000 r-xp 00000000 00:00 0                  [vsyscall]

VM Arguments:
jvm_args: -Xmx768M -Xms768M -XX:PermSize=256m -XX:MaxPermSize=256m -Dfile.encoding=UTF-8 -Dserver.port=8080 -Djline.WindowsTerminal.directConsole=false -javaagent:/home/jam/Applications/grails-2.1.1/lib/com.springsource.springloaded/springloaded-core/jars/springloaded-core-1.0.6.jar -Xverify:none -Dspringloaded=profile=grails;cacheDir=/home/jam/.grails/2.1.1/ -Dgrails.home=/home/jam/Applications/grails-2.1.1 -Dtools.jar=/usr/lib/jvm/default-java/lib/tools.jar 
java_command: org.codehaus.groovy.grails.cli.support.GrailsStarter --main org.codehaus.groovy.grails.cli.GrailsScriptRunner --conf /home/jam/Applications/grails-2.1.1/conf/groovy-starter.conf --classpath   run-app
Launcher Type: SUN_STANDARD

Environment Variables:
JAVA_HOME=/usr/lib/jvm/default-java
PATH=/usr/lib/lightdm/lightdm:/usr/local/sbin:/usr/local/bin:/usr/sbin:/usr/bin:/sbin:/bin:/usr/games
LD_LIBRARY_PATH=/usr/lib/jvm/java-6-openjdk-amd64/jre/lib/amd64/server:/usr/lib/jvm/java-6-openjdk-amd64/jre/lib/amd64:/usr/lib/jvm/java-6-openjdk-amd64/jre/../lib/amd64
SHELL=/bin/bash
DISPLAY=:0

Signal Handlers:
SIGSEGV: [libjvm.so+0x784310], sa_mask[0]=0x7ffbfeff, sa_flags=0x10000004
SIGBUS: [libjvm.so+0x784310], sa_mask[0]=0x7ffbfeff, sa_flags=0x10000004
SIGFPE: [libjvm.so+0x648580], sa_mask[0]=0x7ffbfeff, sa_flags=0x10000004
SIGPIPE: SIG_IGN, sa_mask[0]=0x00000000, sa_flags=0x00000000
SIGXFSZ: [libjvm.so+0x648580], sa_mask[0]=0x7ffbfeff, sa_flags=0x10000004
SIGILL: [libjvm.so+0x648580], sa_mask[0]=0x7ffbfeff, sa_flags=0x10000004
SIGUSR1: SIG_DFL, sa_mask[0]=0x00000000, sa_flags=0x00000000
SIGUSR2: [libjvm.so+0x648730], sa_mask[0]=0x00000004, sa_flags=0x10000004
SIGHUP: [libjvm.so+0x64b250], sa_mask[0]=0x7ffbfeff, sa_flags=0x10000004
SIGINT: SIG_IGN, sa_mask[0]=0x00000000, sa_flags=0x00000000
SIGTERM: [libjvm.so+0x64b250], sa_mask[0]=0x7ffbfeff, sa_flags=0x10000004
SIGQUIT: [libjvm.so+0x64b250], sa_mask[0]=0x7ffbfeff, sa_flags=0x10000004


---------------  S Y S T E M  ---------------

OS:Ubuntu 12.04 (precise)
uname:Linux 3.2.0-31-generic #50-Ubuntu SMP Fri Sep 7 16:16:45 UTC 2012 x86_64
libc:glibc 2.15 NPTL 2.15 
rlimit: STACK 8192k, CORE 0k, NPROC 59519, NOFILE 4096, AS infinity
load average:2.19 2.03 1.46

/proc/meminfo:
MemTotal:        7636272 kB
MemFree:         3024836 kB
Buffers:          111452 kB
Cached:          1894668 kB
SwapCached:            0 kB
Active:          2847448 kB
Inactive:        1302708 kB
Active(anon):    2144708 kB
Inactive(anon):    11252 kB
Active(file):     702740 kB
Inactive(file):  1291456 kB
Unevictable:          44 kB
Mlocked:              44 kB
SwapTotal:       7837776 kB
SwapFree:        7837776 kB
Dirty:               188 kB
Writeback:             0 kB
AnonPages:       2143936 kB
Mapped:           231952 kB
Shmem:             12068 kB
Slab:             103068 kB
SReclaimable:      71024 kB
SUnreclaim:        32044 kB
KernelStack:        4024 kB
PageTables:        37576 kB
NFS_Unstable:          0 kB
Bounce:                0 kB
WritebackTmp:          0 kB
CommitLimit:    11655912 kB
Committed_AS:    4821400 kB
VmallocTotal:   34359738367 kB
VmallocUsed:      135720 kB
VmallocChunk:   34359600496 kB
HardwareCorrupted:     0 kB
AnonHugePages:         0 kB
HugePages_Total:       0
HugePages_Free:        0
HugePages_Rsvd:        0
HugePages_Surp:        0
Hugepagesize:       2048 kB
DirectMap4k:      212992 kB
DirectMap2M:     3438592 kB
DirectMap1G:     4194304 kB


CPU:total 4 (4 cores per cpu, 1 threads per core) family 18 model 1 stepping 0, cmov, cx8, fxsr, mmx, sse, sse2, sse3, popcnt, mmxext, 3dnowpref, lzcnt, sse4a

Memory: 4k page, physical 7636272k(3024836k free), swap 7837776k(7837776k free)

vm_info: OpenJDK 64-Bit Server VM (20.0-b12) for linux-amd64 JRE (1.6.0_24-b24), built on Sep  2 2012 19:50:47 by "buildd" with gcc 4.6.3

time: Sun Sep 23 13:04:31 2012
elapsed time: 152 seconds

