#
# A fatal error has been detected by the Java Runtime Environment:
#
#  SIGSEGV (0xb) at pc=0x00007faa36a68716, pid=20991, tid=140368997398272
#
# JRE version: 6.0_24-b24
# Java VM: OpenJDK 64-Bit Server VM (20.0-b12 mixed mode linux-amd64 compressed oops)
# Derivative: IcedTea6 1.11.4
# Distribution: Ubuntu 12.04 LTS, package 6b24-1.11.4-1ubuntu0.12.04.1
# Problematic frame:
# V  [libjvm.so+0x69b716]  PSPromotionManager::copy_to_survivor_space(oopDesc*)+0x76
#
# If you would like to submit a bug report, please include
# instructions how to reproduce the bug and visit:
#   https://bugs.launchpad.net/ubuntu/+source/openjdk-6/
#

---------------  T H R E A D  ---------------

Current thread (0x00007faa30018000):  GCTaskThread [stack: 0x00007faa342a3000,0x00007faa343a4000] [id=21006]

siginfo:si_signo=SIGSEGV: si_errno=0, si_code=1 (SEGV_MAPERR), si_addr=0x0000000000000000

Registers:
RAX=0x0000000000000000, RBX=0x00000000fe1a0220, RCX=0x0000000000000018, RDX=0x00000000d67f7d03
RSP=0x00007faa343a2960, RBP=0x00007faa343a29d0, RSI=0x0000000000000001, RDI=0x00007faa3006ecc0
R8 =0x00000000f0000000, R9 =0x00007faa36f73f2a, R10=0x0034003200610034, R11=0x00000000d50b4600
R12=0x00000000d6d47b04, R13=0x0000000000000000, R14=0x00007faa3006ecc0, R15=0x0000000000000018
RIP=0x00007faa36a68716, EFLAGS=0x0000000000010246, CSGSFS=0x0000000000000033, ERR=0x0000000000000004
  TRAPNO=0x000000000000000e

Top of Stack: (sp=0x00007faa343a2960)
0x00007faa343a2960:   00007faa343a29b0 00007faa3006ecf0
0x00007faa343a2970:   00007faa36f73f2a 0000000000000001
0x00007faa343a2980:   00000000fbde9628 0000000000001000
0x00007faa343a2990:   00000000d6d473b0 0000000000000400
0x00007faa343a29a0:   0000000000000000 00007faa3006ecc0
0x00007faa343a29b0:   00000000d6d47b04 00007faa36f5f7f0
0x00007faa343a29c0:   0000000000000000 00007faa3006ed40
0x00007faa343a29d0:   00007faa343a2a60 00007faa36a69718
0x00007faa343a29e0:   00000000fe53b018 00007faa3006ed30
0x00007faa343a29f0:   00007faa343a2a40 00007faa3684fb02
0x00007faa343a2a00:   00007faa343a2a60 00000000c0143c08
0x00007faa343a2a10:   00007faa343a2a60 00007faa3684fb02
0x00007faa343a2a20:   00007faa30019128 00000000d4e3f440
0x00007faa343a2a30:   00007faa343a2ac0 00007faa3000f7d0
0x00007faa343a2a40:   00007faa347ce5a3 00007faa347ce605
0x00007faa343a2a50:   00007faa3000f510 00000000d50b4640
0x00007faa343a2a60:   00007faa343a2b10 00007faa366dc396
0x00007faa343a2a70:   00007faa343a2b10 0000000000000000
0x00007faa343a2a80:   0000000000000180 00007faa3000f7d0
0x00007faa343a2a90:   00000000d50b4640 00000000d67242b0
0x00007faa343a2aa0:   00007faa347ce400 00000000d50c08d8
0x00007faa343a2ab0:   00007faa347d9922 00007faa3006ecc0
0x00007faa343a2ac0:   00007faa347ce580 00007faa347ce5a3
0x00007faa343a2ad0:   00007faa347ce605 00007faa36f73f2a
0x00007faa343a2ae0:   00007faa30013d40 00007faa3006ecc0
0x00007faa343a2af0:   00007faa3001de10 00007faa36f73d4e
0x00007faa343a2b00:   0000000000000000 00007faa36ba85ad
0x00007faa343a2b10:   00007faa343a2b30 00007faa36a6bd87
0x00007faa343a2b20:   00007faa30018000 00007faa3001de10
0x00007faa343a2b30:   00007faa343a2c00 00007faa36804247
0x00007faa343a2b40:   00007faa300187a8 00007faa300183d0
0x00007faa343a2b50:   00007faa300183c0 00007faa30018390 

Instructions: (pc=0x00007faa36a68716)
0x00007faa36a686f6:   00 00 00 c1 f9 03 4c 89 e8 4c 63 f9 48 c1 e8 03
0x00007faa36a68706:   83 e0 0f 41 f6 c5 01 75 11 4c 89 e8 48 83 e0 fd
0x00007faa36a68716:   48 8b 00 48 c1 e8 03 83 e0 0f 48 8b 0d 19 49 4e
0x00007faa36a68726:   00 4a 8d 14 fd 00 00 00 00 3b 01 0f 8c c9 00 00 

Register to memory mapping:

RAX=0x0000000000000000 is an unknown value
RBX=0x00000000fe1a0220 is an unknown value
RCX=0x0000000000000018 is an unknown value
RDX=0x00000000d67f7d03 is an oop
org.codehaus.groovy.util.SingleKeyHashMap$Entry 
 - klass: 'org/codehaus/groovy/util/SingleKeyHashMap$Entry'
RSP=0x00007faa343a2960 is an unknown value
RBP=0x00007faa343a29d0 is an unknown value
RSI=0x0000000000000001 is an unknown value
RDI=0x00007faa3006ecc0 is an unknown value
R8 =0x00000000f0000000 is an oop
[B 
 - klass: {type array byte}
 - length: 10000000
R9 =0x00007faa36f73f2a: <offset 0xba6f2a> in /usr/lib/jvm/java-6-openjdk-amd64/jre/lib/amd64/server/libjvm.so at 0x00007faa363cd000
R10=0x0034003200610034 is an unknown value
R11=0x00000000d50b4600 is an oop
[C 
 - klass: {type array char}
 - length: 41
R12=0x00000000d6d47b04 is an oop
java.lang.String 
 - klass: 'java/lang/String'
R13=0x0000000000000000 is an unknown value
R14=0x00007faa3006ecc0 is an unknown value
R15=0x0000000000000018 is an unknown value


Stack: [0x00007faa342a3000,0x00007faa343a4000],  sp=0x00007faa343a2960,  free space=1022k
Native frames: (J=compiled Java code, j=interpreted, Vv=VM code, C=native code)
V  [libjvm.so+0x69b716]  PSPromotionManager::copy_to_survivor_space(oopDesc*)+0x76
V  [libjvm.so+0x69c718]  PSPromotionManager::drain_stacks_depth(bool)+0x638
V  [libjvm.so+0x30f396]  CardTableExtension::scavenge_contents_parallel(ObjectStartArray*, MutableSpace*, HeapWord*, PSPromotionManager*, unsigned int)+0x946
V  [libjvm.so+0x69ed87]  OldToYoungRootsTask::do_it(GCTaskManager*, unsigned int)+0x47
V  [libjvm.so+0x437247]  GCTaskThread::run()+0x107
V  [libjvm.so+0x64bbf2]  java_start(Thread*)+0x112


---------------  P R O C E S S  ---------------

Java Threads: ( => current thread )
  0x00007fa9d8001000 JavaThread "localhost-startStop-1" daemon [_thread_blocked, id=21041, stack(0x00007faa24c56000,0x00007faa24d57000)]
  0x00007faa308d8800 JavaThread "Tomcat-startStop-1" daemon [_thread_blocked, id=21040, stack(0x00007faa2545e000,0x00007faa2555f000)]
  0x00007faa30d4a800 JavaThread "pool-4-thread-5" [_thread_blocked, id=21039, stack(0x00007faa24751000,0x00007faa24852000)]
  0x00007faa309da800 JavaThread "pool-4-thread-4" [_thread_blocked, id=21038, stack(0x00007faa24852000,0x00007faa24953000)]
  0x00007faa306af000 JavaThread "pool-4-thread-3" [_thread_blocked, id=21037, stack(0x00007faa24953000,0x00007faa24a54000)]
  0x00007faa30523000 JavaThread "pool-4-thread-2" [_thread_blocked, id=21036, stack(0x00007faa24a54000,0x00007faa24b55000)]
  0x00007faa30522800 JavaThread "pool-4-thread-1" [_thread_blocked, id=21035, stack(0x00007faa24b55000,0x00007faa24c56000)]
  0x00007faa304b8800 JavaThread "pool-3-thread-5" [_thread_blocked, id=21033, stack(0x00007faa24d57000,0x00007faa24e58000)]
  0x00007faa30c43000 JavaThread "pool-3-thread-4" [_thread_blocked, id=21032, stack(0x00007faa24e58000,0x00007faa24f59000)]
  0x00007faa30db0800 JavaThread "pool-3-thread-3" [_thread_blocked, id=21031, stack(0x00007faa24f59000,0x00007faa2505a000)]
  0x00007faa30d8b000 JavaThread "pool-3-thread-2" [_thread_blocked, id=21030, stack(0x00007faa2505a000,0x00007faa2515b000)]
  0x00007faa3065d000 JavaThread "pool-3-thread-1" [_thread_blocked, id=21029, stack(0x00007faa2515b000,0x00007faa2525c000)]
  0x00007faa307d9800 JavaThread "FileSystemWatcher: files=#210 cl=java.net.URLClassLoader@4810f0a0" daemon [_thread_blocked, id=21028, stack(0x00007faa2525c000,0x00007faa2535d000)]
  0x00007faa3070a800 JavaThread "FileSystemWatcher: files=#2 cl=groovy.lang.GroovyClassLoader@50ba0dfc" daemon [_thread_blocked, id=21027, stack(0x00007faa2535d000,0x00007faa2545e000)]
  0x00007faa30d3c000 JavaThread "pool-2-thread-1" [_thread_blocked, id=21025, stack(0x00007faa25b86000,0x00007faa25c87000)]
  0x00007faa30d48000 JavaThread "Synchronizer (Spring UAA/1.0.1)" daemon [_thread_blocked, id=21024, stack(0x00007faa25c87000,0x00007faa25d88000)]
  0x00007faa308f8800 JavaThread "Timer-0" daemon [_thread_blocked, id=21023, stack(0x00007faa27724000,0x00007faa27825000)]
  0x00007faa300e3800 JavaThread "Low Memory Detector" daemon [_thread_blocked, id=21014, stack(0x00007faa2c305000,0x00007faa2c406000)]
  0x00007faa300e9000 JavaThread "C2 CompilerThread1" daemon [_thread_blocked, id=21013, stack(0x00007faa2c406000,0x00007faa2c507000)]
  0x00007faa300ea800 JavaThread "C2 CompilerThread0" daemon [_thread_blocked, id=21012, stack(0x00007faa2c507000,0x00007faa2c608000)]
  0x00007faa3008c000 JavaThread "Signal Dispatcher" daemon [_thread_blocked, id=21011, stack(0x00007faa2c666000,0x00007faa2c767000)]
  0x00007faa30079800 JavaThread "Finalizer" daemon [_thread_blocked, id=21010, stack(0x00007faa2c767000,0x00007faa2c868000)]
  0x00007faa30077800 JavaThread "Reference Handler" daemon [_thread_blocked, id=21009, stack(0x00007faa2c868000,0x00007faa2c969000)]
  0x00007faa30009800 JavaThread "main" [_thread_blocked, id=21003, stack(0x00007faa37c89000,0x00007faa37d8a000)]

Other Threads:
  0x00007faa30071000 VMThread [stack: 0x00007faa2c969000,0x00007faa2ca6a000] [id=21008]
  0x00007faa300ed800 WatcherThread [stack: 0x00007faa2c204000,0x00007faa2c305000] [id=21015]

=>0x00007faa30018000 (exited) GCTaskThread [stack: 0x00007faa342a3000,0x00007faa343a4000] [id=21006]

VM state:at safepoint (normal execution)

VM Mutex/Monitor currently owned by a thread:  ([mutex/lock_event])
[0x00007faa30006080] Threads_lock - owner thread: 0x00007faa30071000
[0x00007faa30006580] Heap_lock - owner thread: 0x00007fa9d8001000

Heap
 PSYoungGen      total 228736K, used 194990K [0x00000000f0000000, 0x0000000100000000, 0x0000000100000000)
  eden space 193664K, 96% used [0x00000000f0000000,0x00000000fb630880,0x00000000fbd20000)
  from space 35072K, 24% used [0x00000000fddc0000,0x00000000fe5fb018,0x0000000100000000)
  to   space 33408K, 6% used [0x00000000fbd20000,0x00000000fbf4bad0,0x00000000fddc0000)
 PSOldGen        total 524288K, used 113727K [0x00000000d0000000, 0x00000000f0000000, 0x00000000f0000000)
  object space 524288K, 21% used [0x00000000d0000000,0x00000000d6f0ff50,0x00000000f0000000)
 PSPermGen       total 262144K, used 67752K [0x00000000c0000000, 0x00000000d0000000, 0x00000000d0000000)
  object space 262144K, 25% used [0x00000000c0000000,0x00000000c422a0f0,0x00000000d0000000)

Code Cache  [0x00007faa2d000000, 0x00007faa2d660000, 0x00007faa30000000)
 total_blobs=1783 nmethods=1197 adapters=538 free_code_cache=43771008 largest_free_block=32640

Dynamic libraries:
00400000-00409000 r-xp 00000000 08:02 397963                             /usr/lib/jvm/java-6-openjdk-amd64/jre/bin/java
00608000-00609000 r--p 00008000 08:02 397963                             /usr/lib/jvm/java-6-openjdk-amd64/jre/bin/java
00609000-0060a000 rw-p 00009000 08:02 397963                             /usr/lib/jvm/java-6-openjdk-amd64/jre/bin/java
0181f000-01840000 rw-p 00000000 00:00 0                                  [heap]
c0000000-100000000 rw-p 00000000 00:00 0 
7fa9a8000000-7fa9a8021000 rw-p 00000000 00:00 0 
7fa9a8021000-7fa9ac000000 ---p 00000000 00:00 0 
7fa9ac000000-7fa9ac021000 rw-p 00000000 00:00 0 
7fa9ac021000-7fa9b0000000 ---p 00000000 00:00 0 
7fa9b0000000-7fa9b0021000 rw-p 00000000 00:00 0 
7fa9b0021000-7fa9b4000000 ---p 00000000 00:00 0 
7fa9b4000000-7fa9b4021000 rw-p 00000000 00:00 0 
7fa9b4021000-7fa9b8000000 ---p 00000000 00:00 0 
7fa9b8000000-7fa9b84e5000 rw-p 00000000 00:00 0 
7fa9b84e5000-7fa9bc000000 ---p 00000000 00:00 0 
7fa9bc000000-7fa9bc021000 rw-p 00000000 00:00 0 
7fa9bc021000-7fa9c0000000 ---p 00000000 00:00 0 
7fa9c0000000-7fa9c0021000 rw-p 00000000 00:00 0 
7fa9c0021000-7fa9c4000000 ---p 00000000 00:00 0 
7fa9c4000000-7fa9c4021000 rw-p 00000000 00:00 0 
7fa9c4021000-7fa9c8000000 ---p 00000000 00:00 0 
7fa9c8000000-7fa9c8021000 rw-p 00000000 00:00 0 
7fa9c8021000-7fa9cc000000 ---p 00000000 00:00 0 
7fa9cc000000-7fa9cc023000 rw-p 00000000 00:00 0 
7fa9cc023000-7fa9d0000000 ---p 00000000 00:00 0 
7fa9d0000000-7fa9d0021000 rw-p 00000000 00:00 0 
7fa9d0021000-7fa9d4000000 ---p 00000000 00:00 0 
7fa9d4000000-7fa9d4021000 rw-p 00000000 00:00 0 
7fa9d4021000-7fa9d8000000 ---p 00000000 00:00 0 
7fa9d8000000-7fa9d8021000 rw-p 00000000 00:00 0 
7fa9d8021000-7fa9dc000000 ---p 00000000 00:00 0 
7fa9dc000000-7fa9dc021000 rw-p 00000000 00:00 0 
7fa9dc021000-7fa9e0000000 ---p 00000000 00:00 0 
7fa9e0000000-7fa9e0021000 rw-p 00000000 00:00 0 
7fa9e0021000-7fa9e4000000 ---p 00000000 00:00 0 
7fa9e4000000-7fa9e40ff000 rw-p 00000000 00:00 0 
7fa9e40ff000-7fa9e8000000 ---p 00000000 00:00 0 
7fa9e8000000-7fa9e9dc6000 rw-p 00000000 00:00 0 
7fa9e9dc6000-7fa9ec000000 ---p 00000000 00:00 0 
7fa9f0000000-7fa9f0021000 rw-p 00000000 00:00 0 
7fa9f0021000-7fa9f4000000 ---p 00000000 00:00 0 
7fa9f4000000-7fa9f4021000 rw-p 00000000 00:00 0 
7fa9f4021000-7fa9f8000000 ---p 00000000 00:00 0 
7fa9f8000000-7fa9fbfe2000 rw-p 00000000 00:00 0 
7fa9fbfe2000-7fa9fc000000 ---p 00000000 00:00 0 
7fa9fc000000-7fa9fc021000 rw-p 00000000 00:00 0 
7fa9fc021000-7faa00000000 ---p 00000000 00:00 0 
7faa00000000-7faa00021000 rw-p 00000000 00:00 0 
7faa00021000-7faa04000000 ---p 00000000 00:00 0 
7faa04000000-7faa07ffb000 rw-p 00000000 00:00 0 
7faa07ffb000-7faa08000000 ---p 00000000 00:00 0 
7faa08000000-7faa08021000 rw-p 00000000 00:00 0 
7faa08021000-7faa0c000000 ---p 00000000 00:00 0 
7faa0c000000-7faa0c021000 rw-p 00000000 00:00 0 
7faa0c021000-7faa10000000 ---p 00000000 00:00 0 
7faa10000000-7faa1020c000 rw-p 00000000 00:00 0 
7faa1020c000-7faa14000000 ---p 00000000 00:00 0 
7faa18000000-7faa18021000 rw-p 00000000 00:00 0 
7faa18021000-7faa1c000000 ---p 00000000 00:00 0 
7faa1c000000-7faa1c211000 rw-p 00000000 00:00 0 
7faa1c211000-7faa20000000 ---p 00000000 00:00 0 
7faa20000000-7faa20021000 rw-p 00000000 00:00 0 
7faa20021000-7faa24000000 ---p 00000000 00:00 0 
7faa2454a000-7faa24550000 r-xp 00000000 08:02 18747991                   /usr/lib/jvm/java-6-openjdk-amd64/jre/lib/amd64/libmanagement.so
7faa24550000-7faa2474f000 ---p 00006000 08:02 18747991                   /usr/lib/jvm/java-6-openjdk-amd64/jre/lib/amd64/libmanagement.so
7faa2474f000-7faa24750000 r--p 00005000 08:02 18747991                   /usr/lib/jvm/java-6-openjdk-amd64/jre/lib/amd64/libmanagement.so
7faa24750000-7faa24751000 rw-p 00006000 08:02 18747991                   /usr/lib/jvm/java-6-openjdk-amd64/jre/lib/amd64/libmanagement.so
7faa24751000-7faa24754000 ---p 00000000 00:00 0 
7faa24754000-7faa24852000 rw-p 00000000 00:00 0 
7faa24852000-7faa24855000 ---p 00000000 00:00 0 
7faa24855000-7faa24953000 rw-p 00000000 00:00 0 
7faa24953000-7faa24956000 ---p 00000000 00:00 0 
7faa24956000-7faa24a54000 rw-p 00000000 00:00 0 
7faa24a54000-7faa24a57000 ---p 00000000 00:00 0 
7faa24a57000-7faa24b55000 rw-p 00000000 00:00 0 
7faa24b55000-7faa24b58000 ---p 00000000 00:00 0 
7faa24b58000-7faa24c56000 rw-p 00000000 00:00 0 
7faa24c56000-7faa24c59000 ---p 00000000 00:00 0 
7faa24c59000-7faa24d57000 rw-p 00000000 00:00 0 
7faa24d57000-7faa24d5a000 ---p 00000000 00:00 0 
7faa24d5a000-7faa24e58000 rw-p 00000000 00:00 0 
7faa24e58000-7faa24e5b000 ---p 00000000 00:00 0 
7faa24e5b000-7faa24f59000 rw-p 00000000 00:00 0 
7faa24f59000-7faa24f5c000 ---p 00000000 00:00 0 
7faa24f5c000-7faa2505a000 rw-p 00000000 00:00 0 
7faa2505a000-7faa2505d000 ---p 00000000 00:00 0 
7faa2505d000-7faa2515b000 rw-p 00000000 00:00 0 
7faa2515b000-7faa2515e000 ---p 00000000 00:00 0 
7faa2515e000-7faa2525c000 rw-p 00000000 00:00 0 
7faa2525c000-7faa2525f000 ---p 00000000 00:00 0 
7faa2525f000-7faa2535d000 rw-p 00000000 00:00 0 
7faa2535d000-7faa25360000 ---p 00000000 00:00 0 
7faa25360000-7faa2545e000 rw-p 00000000 00:00 0 
7faa2545e000-7faa25461000 ---p 00000000 00:00 0 
7faa25461000-7faa2555f000 rw-p 00000000 00:00 0 
7faa2555f000-7faa25577000 r-xp 00000000 08:02 16256582                   /lib/x86_64-linux-gnu/libresolv-2.15.so
7faa25577000-7faa25777000 ---p 00018000 08:02 16256582                   /lib/x86_64-linux-gnu/libresolv-2.15.so
7faa25777000-7faa25778000 r--p 00018000 08:02 16256582                   /lib/x86_64-linux-gnu/libresolv-2.15.so
7faa25778000-7faa25779000 rw-p 00019000 08:02 16256582                   /lib/x86_64-linux-gnu/libresolv-2.15.so
7faa25779000-7faa2577b000 rw-p 00000000 00:00 0 
7faa2577b000-7faa25782000 r-xp 00000000 08:02 16256547                   /lib/x86_64-linux-gnu/libnss_dns-2.15.so
7faa25782000-7faa25981000 ---p 00007000 08:02 16256547                   /lib/x86_64-linux-gnu/libnss_dns-2.15.so
7faa25981000-7faa25982000 r--p 00006000 08:02 16256547                   /lib/x86_64-linux-gnu/libnss_dns-2.15.so
7faa25982000-7faa25983000 rw-p 00007000 08:02 16256547                   /lib/x86_64-linux-gnu/libnss_dns-2.15.so
7faa25983000-7faa25985000 r-xp 00000000 08:02 16252982                   /lib/libnss_mdns4_minimal.so.2
7faa25985000-7faa25b84000 ---p 00002000 08:02 16252982                   /lib/libnss_mdns4_minimal.so.2
7faa25b84000-7faa25b85000 r--p 00001000 08:02 16252982                   /lib/libnss_mdns4_minimal.so.2
7faa25b85000-7faa25b86000 rw-p 00002000 08:02 16252982                   /lib/libnss_mdns4_minimal.so.2
7faa25b86000-7faa25b89000 ---p 00000000 00:00 0 
7faa25b89000-7faa25c87000 rw-p 00000000 00:00 0 
7faa25c87000-7faa25c8a000 ---p 00000000 00:00 0 
7faa25c8a000-7faa25d88000 rw-p 00000000 00:00 0 
7faa25d88000-7faa25de5000 r-xp 00000000 08:02 16651114                   /usr/lib/x86_64-linux-gnu/nss/libfreebl3.so
7faa25de5000-7faa25fe4000 ---p 0005d000 08:02 16651114                   /usr/lib/x86_64-linux-gnu/nss/libfreebl3.so
7faa25fe4000-7faa25fe6000 r--p 0005c000 08:02 16651114                   /usr/lib/x86_64-linux-gnu/nss/libfreebl3.so
7faa25fe6000-7faa25fe7000 rw-p 0005e000 08:02 16651114                   /usr/lib/x86_64-linux-gnu/nss/libfreebl3.so
7faa25fe7000-7faa25feb000 rw-p 00000000 00:00 0 
7faa25feb000-7faa26089000 r-xp 00000000 08:02 16131587                   /usr/lib/x86_64-linux-gnu/libsqlite3.so.0.8.6
7faa26089000-7faa26289000 ---p 0009e000 08:02 16131587                   /usr/lib/x86_64-linux-gnu/libsqlite3.so.0.8.6
7faa26289000-7faa2628b000 r--p 0009e000 08:02 16131587                   /usr/lib/x86_64-linux-gnu/libsqlite3.so.0.8.6
7faa2628b000-7faa2628d000 rw-p 000a0000 08:02 16131587                   /usr/lib/x86_64-linux-gnu/libsqlite3.so.0.8.6
7faa2628d000-7faa2628e000 rw-p 00000000 00:00 0 
7faa2628e000-7faa262c7000 r-xp 00000000 08:02 16651117                   /usr/lib/x86_64-linux-gnu/nss/libsoftokn3.so
7faa262c7000-7faa264c6000 ---p 00039000 08:02 16651117                   /usr/lib/x86_64-linux-gnu/nss/libsoftokn3.so
7faa264c6000-7faa264c8000 r--p 00038000 08:02 16651117                   /usr/lib/x86_64-linux-gnu/nss/libsoftokn3.so
7faa264c8000-7faa264c9000 rw-p 0003a000 08:02 16651117                   /usr/lib/x86_64-linux-gnu/nss/libsoftokn3.so
7faa264c9000-7faa26503000 r-xp 00000000 08:02 16127779                   /usr/lib/x86_64-linux-gnu/libnspr4.so
7faa26503000-7faa26702000 ---p 0003a000 08:02 16127779                   /usr/lib/x86_64-linux-gnu/libnspr4.so
7faa26702000-7faa26703000 r--p 00039000 08:02 16127779                   /usr/lib/x86_64-linux-gnu/libnspr4.so
7faa26703000-7faa26705000 rw-p 0003a000 08:02 16127779                   /usr/lib/x86_64-linux-gnu/libnspr4.so
7faa26705000-7faa26707000 rw-p 00000000 00:00 0 
7faa26707000-7faa2670a000 r-xp 00000000 08:02 16127775                   /usr/lib/x86_64-linux-gnu/libplds4.so
7faa2670a000-7faa26909000 ---p 00003000 08:02 16127775                   /usr/lib/x86_64-linux-gnu/libplds4.so
7faa26909000-7faa2690a000 r--p 00002000 08:02 16127775                   /usr/lib/x86_64-linux-gnu/libplds4.so
7faa2690a000-7faa2690b000 rw-p 00003000 08:02 16127775                   /usr/lib/x86_64-linux-gnu/libplds4.so
7faa2690b000-7faa2690f000 r-xp 00000000 08:02 16127777                   /usr/lib/x86_64-linux-gnu/libplc4.so
7faa2690f000-7faa26b0e000 ---p 00004000 08:02 16127777                   /usr/lib/x86_64-linux-gnu/libplc4.so
7faa26b0e000-7faa26b0f000 r--p 00003000 08:02 16127777                   /usr/lib/x86_64-linux-gnu/libplc4.so
7faa26b0f000-7faa26b10000 rw-p 00004000 08:02 16127777                   /usr/lib/x86_64-linux-gnu/libplc4.so
7faa26b10000-7faa26b2c000 r-xp 00000000 08:02 16123808                   /usr/lib/x86_64-linux-gnu/libnssutil3.so
7faa26b2c000-7faa26d2c000 ---p 0001c000 08:02 16123808                   /usr/lib/x86_64-linux-gnu/libnssutil3.so
7faa26d2c000-7faa26d32000 r--p 0001c000 08:02 16123808                   /usr/lib/x86_64-linux-gnu/libnssutil3.so
7faa26d32000-7faa26d33000 rw-p 00022000 08:02 16123808                   /usr/lib/x86_64-linux-gnu/libnssutil3.so
7faa26d33000-7faa26e31000 r-xp 00000000 08:02 16122488                   /usr/lib/x86_64-linux-gnu/libnss3.so
7faa26e31000-7faa27030000 ---p 000fe000 08:02 16122488                   /usr/lib/x86_64-linux-gnu/libnss3.so
7faa27030000-7faa27035000 r--p 000fd000 08:02 16122488                   /usr/lib/x86_64-linux-gnu/libnss3.so
7faa27035000-7faa27037000 rw-p 00102000 08:02 16122488                   /usr/lib/x86_64-linux-gnu/libnss3.so
7faa27037000-7faa27039000 rw-p 00000000 00:00 0 
7faa27059000-7faa27067000 r-xp 00000000 08:02 18747997                   /usr/lib/jvm/java-6-openjdk-amd64/jre/lib/amd64/libj2pkcs11.so
7faa27067000-7faa27267000 ---p 0000e000 08:02 18747997                   /usr/lib/jvm/java-6-openjdk-amd64/jre/lib/amd64/libj2pkcs11.so
7faa27267000-7faa27268000 r--p 0000e000 08:02 18747997                   /usr/lib/jvm/java-6-openjdk-amd64/jre/lib/amd64/libj2pkcs11.so
7faa27268000-7faa27269000 rw-p 0000f000 08:02 18747997                   /usr/lib/jvm/java-6-openjdk-amd64/jre/lib/amd64/libj2pkcs11.so
7faa27269000-7faa2726b000 r--s 00013000 08:02 18489868                   /usr/lib/jvm/java-6-openjdk-common/jre/lib/jce.jar
7faa2727d000-7faa27281000 r--s 0002f000 08:02 4722137                    /home/jam/.grails/ivy-cache/org.grails/grails-test/jars/grails-test-2.1.1.jar
7faa27281000-7faa27287000 r--s 0006c000 08:02 4722135                    /home/jam/.grails/ivy-cache/org.grails/grails-plugin-testing/jars/grails-plugin-testing-2.1.1.jar
7faa27287000-7faa27288000 r--s 00002000 08:02 5636284                    /home/jam/.grails/ivy-cache/org.hibernate/hibernate-ehcache/jars/hibernate-ehcache-3.6.10.Final.jar
7faa27288000-7faa2728d000 r--s 00048000 08:02 5636282                    /home/jam/.grails/ivy-cache/dom4j/dom4j/jars/dom4j-1.6.1.jar
7faa2728d000-7faa27292000 r--s 00068000 08:02 5636280                    /home/jam/.grails/ivy-cache/antlr/antlr/jars/antlr-2.7.7.jar
7faa27292000-7faa2729b000 r--s 00098000 08:02 5636278                    /home/jam/.grails/ivy-cache/org.javassist/javassist/jars/javassist-3.16.1-GA.jar
7faa2729b000-7faa2729e000 r--s 00009000 08:02 5636286                    /home/jam/.grails/ivy-cache/javax.validation/validation-api/jars/validation-api-1.0.0.GA.jar
7faa2729e000-7faa272a5000 r--s 00040000 08:02 5636276                    /home/jam/.grails/ivy-cache/org.hibernate/hibernate-validator/jars/hibernate-validator-4.1.0.Final.jar
7faa272a5000-7faa272a8000 r--s 0000f000 08:02 5636274                    /home/jam/.grails/ivy-cache/org.hibernate/hibernate-commons-annotations/jars/hibernate-commons-annotations-3.2.0.Final.jar
7faa272a8000-7faa272da000 r--s 002c9000 08:02 5636272                    /home/jam/.grails/ivy-cache/org.hibernate/hibernate-core/jars/hibernate-core-3.6.10.Final.jar
7faa272da000-7faa272eb000 r--s 000d2000 08:02 5636617                    /home/jam/.grails/ivy-cache/org.liquibase/liquibase-core/jars/liquibase-core-2.0.5.jar
7faa272eb000-7faa272f4000 r--s 00080000 08:02 5767285                    /home/jam/.grails/ivy-cache/org.quartz-scheduler/quartz/jars/quartz-2.1.5.jar
7faa272f4000-7faa272f5000 r--s 00004000 08:02 5637614                    /home/jam/.grails/ivy-cache/net.sf.opencsv/opencsv/jars/opencsv-2.3.jar
7faa272f5000-7faa272fb000 r--s 0007e000 08:02 5637426                    /home/jam/.grails/ivy-cache/postgresql/postgresql/jars/postgresql-9.0-801.jdbc4.jar
7faa272fb000-7faa27302000 r--s 000bd000 08:02 4722926                    /home/jam/.grails/ivy-cache/mysql/mysql-connector-java/jars/mysql-connector-java-5.1.20.jar
7faa27302000-7faa27304000 r--s 00000000 08:02 4722133                    /home/jam/.grails/ivy-cache/org.slf4j/jul-to-slf4j/jars/jul-to-slf4j-1.6.2.jar
7faa27304000-7faa27306000 r--s 00003000 08:02 4722131                    /home/jam/.grails/ivy-cache/org.slf4j/jcl-over-slf4j/jars/jcl-over-slf4j-1.6.2.jar
7faa27306000-7faa2730f000 r--s 0006d000 08:02 4722129                    /home/jam/.grails/ivy-cache/log4j/log4j/bundles/log4j-1.2.16.jar
7faa2730f000-7faa27324000 r--s 000e3000 08:02 4722127                    /home/jam/.grails/ivy-cache/net.sf.ehcache/ehcache-core/jars/ehcache-core-2.4.6.jar
7faa27324000-7faa27326000 r--s 00005000 08:02 4722125                    /home/jam/.grails/ivy-cache/xpp3/xpp3_min/jars/xpp3_min-1.1.4c.jar
7faa27326000-7faa27328000 r--s 00004000 08:02 4722123                    /home/jam/.grails/ivy-cache/javax.servlet/jstl/jars/jstl-1.1.2.jar
7faa27328000-7faa27332000 r--s 0012c000 08:02 4722121                    /home/jam/.grails/ivy-cache/com.h2database/h2/jars/h2-1.3.164.jar
7faa27332000-7faa27335000 r--s 00016000 08:02 4722119                    /home/jam/.grails/ivy-cache/commons-pool/commons-pool/jars/commons-pool-1.5.6.jar
7faa27335000-7faa27338000 r--s 00025000 08:02 4722117                    /home/jam/.grails/ivy-cache/commons-dbcp/commons-dbcp/jars/commons-dbcp-1.4.jar
7faa27338000-7faa2733a000 r--s 0000e000 08:02 4722115                    /home/jam/.grails/ivy-cache/oro/oro/jars/oro-2.0.8.jar
7faa2733a000-7faa2733c000 r--s 0000d000 08:02 4722113                    /home/jam/.grails/ivy-cache/commons-fileupload/commons-fileupload/jars/commons-fileupload-1.2.2.jar
7faa2733c000-7faa2733d000 r--s 0000a000 08:02 4722111                    /home/jam/.grails/ivy-cache/asm/asm/jars/asm-3.1.jar
7faa2733d000-7faa27344000 r--s 0003e000 08:02 4722109                    /home/jam/.grails/ivy-cache/cglib/cglib/jars/cglib-2.2.jar
7faa27344000-7faa27348000 r--s 00019000 08:02 4722107                    /home/jam/.grails/ivy-cache/org.aspectj/aspectjrt/jars/aspectjrt-1.6.10.jar
7faa27348000-7faa2735e000 r--s 00184000 08:02 4722105                    /home/jam/.grails/ivy-cache/org.aspectj/aspectjweaver/jars/aspectjweaver-1.6.10.jar
7faa2735e000-7faa27365000 r--s 00056000 08:02 4722103                    /home/jam/.grails/ivy-cache/org.grails/grails-datastore-simple/jars/grails-datastore-simple-1.1.0.RELEASE.jar
7faa27365000-7faa2736e000 r--s 00044000 08:02 4722101                    /home/jam/.grails/ivy-cache/org.grails/grails-datastore-core/jars/grails-datastore-core-1.1.0.RELEASE.jar
7faa2736e000-7faa27373000 r--s 0004c000 08:02 4722099                    /home/jam/.grails/ivy-cache/org.grails/grails-datastore-gorm/jars/grails-datastore-gorm-1.1.0.RELEASE.jar
7faa27373000-7faa2737e000 r--s 00082000 08:02 4722097                    /home/jam/.grails/ivy-cache/org.springframework/spring-webmvc/jars/spring-webmvc-3.1.2.RELEASE.jar
7faa2737e000-7faa2738a000 r--s 0007a000 08:02 4722095                    /home/jam/.grails/ivy-cache/org.springframework/spring-web/jars/spring-web-3.1.2.RELEASE.jar
7faa2738a000-7faa27391000 r--s 00035000 08:02 4722093                    /home/jam/.grails/ivy-cache/org.springframework/spring-tx/jars/spring-tx-3.1.2.RELEASE.jar
7faa27391000-7faa2739a000 r--s 00054000 08:02 4722091                    /home/jam/.grails/ivy-cache/org.springframework/spring-orm/jars/spring-orm-3.1.2.RELEASE.jar
7faa2739a000-7faa2739f000 r--s 0002c000 08:02 4722089                    /home/jam/.grails/ivy-cache/org.springframework/spring-jms/jars/spring-jms-3.1.2.RELEASE.jar
7faa2739f000-7faa273a9000 r--s 00059000 08:02 4722087                    /home/jam/.grails/ivy-cache/org.springframework/spring-jdbc/jars/spring-jdbc-3.1.2.RELEASE.jar
7faa273a9000-7faa273ad000 r--s 00027000 08:02 4722085                    /home/jam/.grails/ivy-cache/org.springframework/spring-expression/jars/spring-expression-3.1.2.RELEASE.jar
7faa273ad000-7faa273b0000 r--s 00018000 08:02 4722083                    /home/jam/.grails/ivy-cache/org.springframework/spring-context-support/jars/spring-context-support-3.1.2.RELEASE.jar
7faa273b0000-7faa273c5000 r--s 000b7000 08:02 4722081                    /home/jam/.grails/ivy-cache/org.springframework/spring-context/jars/spring-context-3.1.2.RELEASE.jar
7faa273c5000-7faa273d1000 r--s 00085000 08:02 4722079                    /home/jam/.grails/ivy-cache/org.springframework/spring-beans/jars/spring-beans-3.1.2.RELEASE.jar
7faa273d1000-7faa273d2000 r--s 0000c000 08:02 4722077                    /home/jam/.grails/ivy-cache/org.springframework/spring-asm/jars/spring-asm-3.1.2.RELEASE.jar
7faa273d2000-7faa273d4000 r--s 0000b000 08:02 4722075                    /home/jam/.grails/ivy-cache/org.springframework/spring-aspects/jars/spring-aspects-3.1.2.RELEASE.jar
7faa273d4000-7faa273dd000 r--s 00049000 08:02 4722073                    /home/jam/.grails/ivy-cache/org.springframework/spring-aop/jars/spring-aop-3.1.2.RELEASE.jar
7faa273dd000-7faa273e7000 r--s 00064000 08:02 4722071                    /home/jam/.grails/ivy-cache/org.springframework/spring-core/jars/spring-core-3.1.2.RELEASE.jar
7faa273e7000-7faa273e9000 r--s 00008000 08:02 4722069                    /home/jam/.grails/ivy-cache/org.grails/grails-plugin-validation/jars/grails-plugin-validation-2.1.1.jar
7faa273e9000-7faa273ec000 r--s 0001c000 08:02 4722067                    /home/jam/.grails/ivy-cache/org.grails/grails-plugin-url-mappings/jars/grails-plugin-url-mappings-2.1.1.jar
7faa273ec000-7faa273ee000 r--s 0000f000 08:02 4722065                    /home/jam/.grails/ivy-cache/org.grails/grails-plugin-mimetypes/jars/grails-plugin-mimetypes-2.1.1.jar
7faa273ee000-7faa273f0000 r--s 00005000 08:02 4722063                    /home/jam/.grails/ivy-cache/org.grails/grails-plugin-servlets/jars/grails-plugin-servlets-2.1.1.jar
7faa273f0000-7faa273f1000 r--s 00008000 08:02 4722061                    /home/jam/.grails/ivy-cache/org.grails/grails-plugin-services/jars/grails-plugin-services-2.1.1.jar
7faa273f1000-7faa273f3000 r--s 00006000 08:02 4722059                    /home/jam/.grails/ivy-cache/org.grails/grails-plugin-scaffolding/jars/grails-plugin-scaffolding-2.1.1.jar
7faa273f3000-7faa273f5000 r--s 0000e000 08:02 4722057                    /home/jam/.grails/ivy-cache/org.grails/grails-plugin-log4j/jars/grails-plugin-log4j-2.1.1.jar
7faa273f5000-7faa273f7000 r--s 00005000 08:02 4722055                    /home/jam/.grails/ivy-cache/org.grails/grails-plugin-i18n/jars/grails-plugin-i18n-2.1.1.jar
7faa273f7000-7faa273fe000 r--s 0006d000 08:02 4722053                    /home/jam/.grails/ivy-cache/org.grails/grails-plugin-gsp/jars/grails-plugin-gsp-2.1.1.jar
7faa273fe000-7faa27400000 r--s 0000e000 08:02 4722051                    /home/jam/.grails/ivy-cache/org.grails/grails-plugin-filters/jars/grails-plugin-filters-2.1.1.jar
7faa27400000-7faa27402000 r--s 00009000 08:02 4722049                    /home/jam/.grails/ivy-cache/org.grails/grails-plugin-datasource/jars/grails-plugin-datasource-2.1.1.jar
7faa27402000-7faa27406000 r--s 00024000 08:02 4722047                    /home/jam/.grails/ivy-cache/org.grails/grails-plugin-converters/jars/grails-plugin-converters-2.1.1.jar
7faa27406000-7faa27409000 r--s 00019000 08:02 4722045                    /home/jam/.grails/ivy-cache/org.grails/grails-plugin-domain-class/jars/grails-plugin-domain-class-2.1.1.jar
7faa27409000-7faa2740d000 r--s 00028000 08:02 4722043                    /home/jam/.grails/ivy-cache/org.grails/grails-plugin-controllers/jars/grails-plugin-controllers-2.1.1.jar
7faa2740d000-7faa2740f000 r--s 00015000 08:02 4722041                    /home/jam/.grails/ivy-cache/org.grails/grails-plugin-codecs/jars/grails-plugin-codecs-2.1.1.jar
7faa2740f000-7faa27410000 r--s 00000000 08:02 4722039                    /home/jam/.grails/ivy-cache/org.grails/grails-logging/jars/grails-logging-2.1.1.jar
7faa27410000-7faa27412000 r--s 00009000 08:02 4722037                    /home/jam/.grails/ivy-cache/org.grails/grails-spring/jars/grails-spring-2.1.1.jar
7faa27412000-7faa2741c000 r--s 0008a000 08:02 4722035                    /home/jam/.grails/ivy-cache/org.grails/grails-hibernate/jars/grails-hibernate-2.1.1.jar
7faa2741c000-7faa2741e000 r--s 00009000 08:02 4722033                    /home/jam/.grails/ivy-cache/org.grails/grails-crud/jars/grails-crud-2.1.1.jar
7faa2741e000-7faa27424000 r--s 00027000 08:02 4722031                    /home/jam/.grails/ivy-cache/opensymphony/sitemesh/jars/sitemesh-2.4.jar
7faa27424000-7faa27429000 r--s 00015000 08:02 4722029                    /home/jam/.grails/ivy-cache/org.hibernate.javax.persistence/hibernate-jpa-2.0-api/jars/hibernate-jpa-2.0-api-1.0.1.Final.jar
7faa27429000-7faa2742a000 r--s 00003000 08:02 4722027                    /home/jam/.grails/ivy-cache/javax.transaction/jta/jars/jta-1.1.jar
7faa2742a000-7faa2742f000 r--s 00041000 08:02 4722025                    /home/jam/.grails/ivy-cache/commons-lang/commons-lang/jars/commons-lang-2.6.jar
7faa2742f000-7faa27432000 r--s 00025000 08:02 4722023                    /home/jam/.grails/ivy-cache/commons-io/commons-io/jars/commons-io-2.1.jar
7faa27432000-7faa27440000 r--s 0007f000 08:02 4722021                    /home/jam/.grails/ivy-cache/commons-collections/commons-collections/jars/commons-collections-3.2.1.jar
7faa27440000-7faa27442000 r--s 00010000 08:02 4722019                    /home/jam/.grails/ivy-cache/commons-codec/commons-codec/jars/commons-codec-1.5.jar
7faa27442000-7faa27444000 r--s 00000000 08:02 4722017                    /home/jam/.grails/ivy-cache/aopalliance/aopalliance/jars/aopalliance-1.0.jar
7faa27444000-7faa27447000 r--s 0001f000 08:02 4722015                    /home/jam/.grails/ivy-cache/commons-validator/commons-validator/jars/commons-validator-1.3.1.jar
7faa27447000-7faa2744a000 r--s 00019000 08:02 4722013                    /home/jam/.grails/ivy-cache/commons-el/commons-el/jars/commons-el-1.0.jar
7faa2744a000-7faa2744f000 r--s 00034000 08:02 4722011                    /home/jam/.grails/ivy-cache/commons-beanutils/commons-beanutils/jars/commons-beanutils-1.8.3.jar
7faa2744f000-7faa274ad000 r--s 00592000 08:02 4722009                    /home/jam/.grails/ivy-cache/org.codehaus.groovy/groovy-all/jars/groovy-all-1.8.8.jar
7faa274ad000-7faa274af000 r--s 0000d000 08:02 5508471                    /home/jam/.grails/ivy-cache/org.grails/grails-plugin-tomcat/jars/grails-plugin-tomcat-2.1.1.jar
7faa274af000-7faa274bf000 r--s 0019c000 08:02 5508469                    /home/jam/.grails/ivy-cache/org.eclipse.jdt.core.compiler/ecj/jars/ecj-3.7.2.jar
7faa274bf000-7faa274c1000 r--s 00008000 08:02 5508467                    /home/jam/.grails/ivy-cache/org.apache.tomcat.embed/tomcat-embed-logging-juli/jars/tomcat-embed-logging-juli-7.0.30.jar
7faa274c1000-7faa274c3000 r--s 00013000 08:02 4721761                    /home/jam/.grails/ivy-cache/org.apache.tomcat.embed/tomcat-embed-logging-log4j/jars/tomcat-embed-logging-log4j-7.0.30.jar
7faa274c3000-7faa274ce000 r--s 000b6000 08:02 4721759                    /home/jam/.grails/ivy-cache/org.apache.tomcat.embed/tomcat-embed-jasper/jars/tomcat-embed-jasper-7.0.30.jar
7faa274ce000-7faa274f0000 r--s 00254000 08:02 4721757                    /home/jam/.grails/ivy-cache/org.apache.tomcat.embed/tomcat-embed-core/jars/tomcat-embed-core-7.0.30.jar
7faa274f0000-7faa2750e000 r--s 001bb000 08:02 4721461                    /home/jam/.grails/ivy-cache/org.apache.ant/ant/jars/ant-1.8.2.jar
7faa2750e000-7faa27523000 r-xp 00000000 08:02 18747986                   /usr/lib/jvm/java-6-openjdk-amd64/jre/lib/amd64/libnet.so
7faa27523000-7faa27722000 ---p 00015000 08:02 18747986                   /usr/lib/jvm/java-6-openjdk-amd64/jre/lib/amd64/libnet.so
7faa27722000-7faa27723000 r--p 00014000 08:02 18747986                   /usr/lib/jvm/java-6-openjdk-amd64/jre/lib/amd64/libnet.so
7faa27723000-7faa27724000 rw-p 00015000 08:02 18747986                   /usr/lib/jvm/java-6-openjdk-amd64/jre/lib/amd64/libnet.so
7faa27724000-7faa27727000 ---p 00000000 00:00 0 
7faa27727000-7faa27825000 rw-p 00000000 00:00 0 
7faa27825000-7faa28000000 r--p 00000000 08:02 16128286                   /usr/lib/locale/locale-archive
7faa28000000-7faa28021000 rw-p 00000000 00:00 0 
7faa28021000-7faa2c000000 ---p 00000000 00:00 0 
7faa2c002000-7faa2c004000 r--s 0000c000 08:02 5508465                    /home/jam/.grails/ivy-cache/org.apache.tomcat/tomcat-catalina-ant/jars/tomcat-catalina-ant-7.0.30.jar
7faa2c004000-7faa2c005000 r--s 00001000 08:02 4721467                    /home/jam/.grails/ivy-cache/org.apache.ant/ant-trax/jars/ant-trax-1.7.1.jar
7faa2c005000-7faa2c007000 r--s 00017000 08:02 4721465                    /home/jam/.grails/ivy-cache/org.apache.ant/ant-junit/jars/ant-junit-1.8.2.jar
7faa2c007000-7faa2c009000 r--s 00002000 08:02 4721463                    /home/jam/.grails/ivy-cache/org.apache.ant/ant-launcher/jars/ant-launcher-1.8.2.jar
7faa2c009000-7faa2c010000 r--s 00037000 08:02 4721459                    /home/jam/.grails/ivy-cache/junit/junit/jars/junit-4.10.jar
7faa2c010000-7faa2c013000 r--s 0000b000 08:02 4721456                    /home/jam/.grails/ivy-cache/com.googlecode.concurrentlinkedhashmap/concurrentlinkedhashmap-lru/jars/concurrentlinkedhashmap-lru-1.2_jdk5.jar
7faa2c013000-7faa2c019000 r--s 00033000 08:02 4721454                    /home/jam/.grails/ivy-cache/org.springframework/spring-test/jars/spring-test-3.1.2.RELEASE.jar
7faa2c019000-7faa2c01b000 r--s 00005000 08:02 4721452                    /home/jam/.grails/ivy-cache/org.slf4j/slf4j-api/jars/slf4j-api-1.6.2.jar
7faa2c01b000-7faa2c028000 r--s 000b7000 08:02 4721450                    /home/jam/.grails/ivy-cache/org.grails/grails-web/jars/grails-web-2.1.1.jar
7faa2c028000-7faa2c02b000 r--s 00026000 08:02 4721448                    /home/jam/.grails/ivy-cache/org.grails/grails-resources/jars/grails-resources-2.1.1.jar
7faa2c02b000-7faa2c039000 r--s 000b5000 08:02 4721446                    /home/jam/.grails/ivy-cache/org.grails/grails-core/jars/grails-core-2.1.1.jar
7faa2c039000-7faa2c044000 r--s 000fe000 08:02 4721444                    /home/jam/.grails/ivy-cache/org.grails/grails-scripts/jars/grails-scripts-2.1.1.jar
7faa2c044000-7faa2c04d000 r--s 000a8000 08:02 4721442                    /home/jam/.grails/ivy-cache/org.grails/grails-bootstrap/jars/grails-bootstrap-2.1.1.jar
7faa2c04d000-7faa2c050000 r--s 00044000 08:02 4721440                    /home/jam/.grails/ivy-cache/org.grails/grails-docs/jars/grails-docs-2.1.1.jar
7faa2c050000-7faa2c053000 r--s 00041000 08:02 4721438                    /home/jam/.grails/ivy-cache/xalan/serializer/jars/serializer-2.7.1.jar
7faa2c053000-7faa2c056000 r--s 000cf000 08:02 4721436                    /home/jam/.grails/ivy-cache/net.java.dev.jna/jna/jars/jna-3.2.3.jar
7faa2c056000-7faa2c058000 r--s 00008000 08:02 4721434                    /home/jam/.grails/ivy-cache/org.fusesource.jansi/jansi/jars/jansi-1.2.1.jar
7faa2c058000-7faa2c067000 r--s 000d9000 08:02 4721424                    /home/jam/.grails/ivy-cache/org.apache.ivy/ivy/jars/ivy-2.2.0.jar
7faa2c067000-7faa2c069000 r--s 00015000 08:02 4721422                    /home/jam/.grails/ivy-cache/jline/jline/jars/jline-1.0.jar
7faa2c069000-7faa2c08e000 r--s 00172000 08:02 4721397                    /home/jam/.grails/ivy-cache/org.bouncycastle/bcprov-jdk15/jars/bcprov-jdk15-1.45.jar
7faa2c08e000-7faa2c0a3000 r-xp 00000000 08:02 8650905                    /tmp/jna2650320749965255528.tmp
7faa2c0a3000-7faa2c1a2000 ---p 00015000 08:02 8650905                    /tmp/jna2650320749965255528.tmp
7faa2c1a2000-7faa2c1a4000 rw-p 00014000 08:02 8650905                    /tmp/jna2650320749965255528.tmp
7faa2c1a4000-7faa2c204000 r--s 00d92000 08:02 18877160                   /usr/lib/jvm/java-6-openjdk-amd64/lib/tools.jar
7faa2c204000-7faa2c205000 ---p 00000000 00:00 0 
7faa2c205000-7faa2c305000 rw-p 00000000 00:00 0 
7faa2c305000-7faa2c308000 ---p 00000000 00:00 0 
7faa2c308000-7faa2c406000 rw-p 00000000 00:00 0 
7faa2c406000-7faa2c409000 ---p 00000000 00:00 0 
7faa2c409000-7faa2c507000 rw-p 00000000 00:00 0 
7faa2c507000-7faa2c50a000 ---p 00000000 00:00 0 
7faa2c50a000-7faa2c608000 rw-p 00000000 00:00 0 
7faa2c608000-7faa2c666000 r--s 00592000 08:02 4587821                    /home/jam/Applications/grails-2.1.1/lib/org.codehaus.groovy/groovy-all/jars/groovy-all-1.8.8.jar
7faa2c666000-7faa2c669000 ---p 00000000 00:00 0 
7faa2c669000-7faa2c767000 rw-p 00000000 00:00 0 
7faa2c767000-7faa2c76a000 ---p 00000000 00:00 0 
7faa2c76a000-7faa2c868000 rw-p 00000000 00:00 0 
7faa2c868000-7faa2c86b000 ---p 00000000 00:00 0 
7faa2c86b000-7faa2c969000 rw-p 00000000 00:00 0 
7faa2c969000-7faa2c96a000 ---p 00000000 00:00 0 
7faa2c96a000-7faa2ce6e000 rw-p 00000000 00:00 0 
7faa2ce6e000-7faa2d000000 r--s 037bf000 08:02 18616443                   /usr/lib/jvm/java-6-openjdk-amd64/jre/lib/rt.jar
7faa2d000000-7faa2d660000 rwxp 00000000 00:00 0 
7faa2d660000-7faa30dba000 rw-p 00000000 00:00 0 
7faa30dba000-7faa34000000 ---p 00000000 00:00 0 
7faa34000000-7faa34005000 r--s 00024000 08:02 4721394                    /home/jam/.grails/ivy-cache/org.bouncycastle/bcpg-jdk15/jars/bcpg-jdk15-1.45.jar
7faa34005000-7faa34006000 r--s 00003000 08:02 4721392                    /home/jam/.grails/ivy-cache/com.googlecode.json-simple/json-simple/jars/json-simple-1.1.jar
7faa34006000-7faa3400c000 r--s 00068000 08:02 4721389                    /home/jam/.grails/ivy-cache/com.google.protobuf/protobuf-java/jars/protobuf-java-2.4.1.jar
7faa3400c000-7faa3400f000 r--s 0001a000 08:02 4721386                    /home/jam/.grails/ivy-cache/org.springframework.uaa/org.springframework.uaa.client/bundles/org.springframework.uaa.client-1.0.1.RELEASE.jar
7faa3400f000-7faa34014000 r--s 00050000 08:02 4587551                    /home/jam/Applications/grails-2.1.1/lib/org.codehaus.gant/gant_groovy1.8/jars/gant_groovy1.8-1.9.6.jar
7faa34014000-7faa34032000 r--s 001bb000 08:02 15997849                   /home/jam/Applications/grails-2.1.1/lib/org.apache.ant/ant/jars/ant-1.8.2.jar
7faa34032000-7faa34041000 r--s 000d9000 08:02 3933556                    /home/jam/Applications/grails-2.1.1/lib/org.apache.ivy/ivy/jars/ivy-2.2.0.jar
7faa34041000-7faa34043000 r--s 00009000 08:02 15730918                   /home/jam/Applications/grails-2.1.1/lib/commons-cli/commons-cli/jars/commons-cli-1.2.jar
7faa34043000-7faa34046000 r--s 000cf000 08:02 15997829                   /home/jam/Applications/grails-2.1.1/lib/net.java.dev.jna/jna/jars/jna-3.2.3.jar
7faa34046000-7faa341a2000 rw-p 00000000 00:00 0 
7faa341a2000-7faa341a3000 ---p 00000000 00:00 0 
7faa341a3000-7faa342a3000 rw-p 00000000 00:00 0 
7faa342a3000-7faa342a4000 ---p 00000000 00:00 0 
7faa342a4000-7faa343a4000 rw-p 00000000 00:00 0 
7faa343a4000-7faa343a5000 ---p 00000000 00:00 0 
7faa343a5000-7faa344a5000 rw-p 00000000 00:00 0 
7faa344a5000-7faa344a6000 ---p 00000000 00:00 0 
7faa344a6000-7faa347a6000 rw-p 00000000 00:00 0 
7faa347a6000-7faa34927000 rw-p 00000000 00:00 0 
7faa34927000-7faa3492e000 r-xp 00000000 08:02 18748006                   /usr/lib/jvm/java-6-openjdk-amd64/jre/lib/amd64/libzip.so
7faa3492e000-7faa34b2d000 ---p 00007000 08:02 18748006                   /usr/lib/jvm/java-6-openjdk-amd64/jre/lib/amd64/libzip.so
7faa34b2d000-7faa34b2e000 r--p 00006000 08:02 18748006                   /usr/lib/jvm/java-6-openjdk-amd64/jre/lib/amd64/libzip.so
7faa34b2e000-7faa34b2f000 rw-p 00007000 08:02 18748006                   /usr/lib/jvm/java-6-openjdk-amd64/jre/lib/amd64/libzip.so
7faa34b2f000-7faa34b3b000 r-xp 00000000 08:02 16256549                   /lib/x86_64-linux-gnu/libnss_files-2.15.so
7faa34b3b000-7faa34d3a000 ---p 0000c000 08:02 16256549                   /lib/x86_64-linux-gnu/libnss_files-2.15.so
7faa34d3a000-7faa34d3b000 r--p 0000b000 08:02 16256549                   /lib/x86_64-linux-gnu/libnss_files-2.15.so
7faa34d3b000-7faa34d3c000 rw-p 0000c000 08:02 16256549                   /lib/x86_64-linux-gnu/libnss_files-2.15.so
7faa34d3c000-7faa34d46000 r-xp 00000000 08:02 16256553                   /lib/x86_64-linux-gnu/libnss_nis-2.15.so
7faa34d46000-7faa34f46000 ---p 0000a000 08:02 16256553                   /lib/x86_64-linux-gnu/libnss_nis-2.15.so
7faa34f46000-7faa34f47000 r--p 0000a000 08:02 16256553                   /lib/x86_64-linux-gnu/libnss_nis-2.15.so
7faa34f47000-7faa34f48000 rw-p 0000b000 08:02 16256553                   /lib/x86_64-linux-gnu/libnss_nis-2.15.so
7faa34f48000-7faa34f5f000 r-xp 00000000 08:02 16256543                   /lib/x86_64-linux-gnu/libnsl-2.15.so
7faa34f5f000-7faa3515e000 ---p 00017000 08:02 16256543                   /lib/x86_64-linux-gnu/libnsl-2.15.so
7faa3515e000-7faa3515f000 r--p 00016000 08:02 16256543                   /lib/x86_64-linux-gnu/libnsl-2.15.so
7faa3515f000-7faa35160000 rw-p 00017000 08:02 16256543                   /lib/x86_64-linux-gnu/libnsl-2.15.so
7faa35160000-7faa35162000 rw-p 00000000 00:00 0 
7faa35162000-7faa3516a000 r-xp 00000000 08:02 16256545                   /lib/x86_64-linux-gnu/libnss_compat-2.15.so
7faa3516a000-7faa35369000 ---p 00008000 08:02 16256545                   /lib/x86_64-linux-gnu/libnss_compat-2.15.so
7faa35369000-7faa3536a000 r--p 00007000 08:02 16256545                   /lib/x86_64-linux-gnu/libnss_compat-2.15.so
7faa3536a000-7faa3536b000 rw-p 00008000 08:02 16256545                   /lib/x86_64-linux-gnu/libnss_compat-2.15.so
7faa3536b000-7faa35374000 r-xp 00000000 08:02 18747976                   /usr/lib/jvm/java-6-openjdk-amd64/jre/lib/amd64/libinstrument.so
7faa35374000-7faa35574000 ---p 00009000 08:02 18747976                   /usr/lib/jvm/java-6-openjdk-amd64/jre/lib/amd64/libinstrument.so
7faa35574000-7faa35575000 r--p 00009000 08:02 18747976                   /usr/lib/jvm/java-6-openjdk-amd64/jre/lib/amd64/libinstrument.so
7faa35575000-7faa35576000 rw-p 0000a000 08:02 18747976                   /usr/lib/jvm/java-6-openjdk-amd64/jre/lib/amd64/libinstrument.so
7faa35576000-7faa355a2000 r-xp 00000000 08:02 18747994                   /usr/lib/jvm/java-6-openjdk-amd64/jre/lib/amd64/libjava.so
7faa355a2000-7faa357a1000 ---p 0002c000 08:02 18747994                   /usr/lib/jvm/java-6-openjdk-amd64/jre/lib/amd64/libjava.so
7faa357a1000-7faa357a2000 r--p 0002b000 08:02 18747994                   /usr/lib/jvm/java-6-openjdk-amd64/jre/lib/amd64/libjava.so
7faa357a2000-7faa357a5000 rw-p 0002c000 08:02 18747994                   /usr/lib/jvm/java-6-openjdk-amd64/jre/lib/amd64/libjava.so
7faa357a5000-7faa357b3000 r-xp 00000000 08:02 18747993                   /usr/lib/jvm/java-6-openjdk-amd64/jre/lib/amd64/libverify.so
7faa357b3000-7faa359b2000 ---p 0000e000 08:02 18747993                   /usr/lib/jvm/java-6-openjdk-amd64/jre/lib/amd64/libverify.so
7faa359b2000-7faa359b4000 r--p 0000d000 08:02 18747993                   /usr/lib/jvm/java-6-openjdk-amd64/jre/lib/amd64/libverify.so
7faa359b4000-7faa359b5000 rw-p 0000f000 08:02 18747993                   /usr/lib/jvm/java-6-openjdk-amd64/jre/lib/amd64/libverify.so
7faa359b5000-7faa359bc000 r-xp 00000000 08:02 16256584                   /lib/x86_64-linux-gnu/librt-2.15.so
7faa359bc000-7faa35bbb000 ---p 00007000 08:02 16256584                   /lib/x86_64-linux-gnu/librt-2.15.so
7faa35bbb000-7faa35bbc000 r--p 00006000 08:02 16256584                   /lib/x86_64-linux-gnu/librt-2.15.so
7faa35bbc000-7faa35bbd000 rw-p 00007000 08:02 16256584                   /lib/x86_64-linux-gnu/librt-2.15.so
7faa35bbd000-7faa35bd2000 r-xp 00000000 08:02 16256519                   /lib/x86_64-linux-gnu/libgcc_s.so.1
7faa35bd2000-7faa35dd1000 ---p 00015000 08:02 16256519                   /lib/x86_64-linux-gnu/libgcc_s.so.1
7faa35dd1000-7faa35dd2000 r--p 00014000 08:02 16256519                   /lib/x86_64-linux-gnu/libgcc_s.so.1
7faa35dd2000-7faa35dd3000 rw-p 00015000 08:02 16256519                   /lib/x86_64-linux-gnu/libgcc_s.so.1
7faa35dd3000-7faa35ecc000 r-xp 00000000 08:02 16256530                   /lib/x86_64-linux-gnu/libm-2.15.so
7faa35ecc000-7faa360cb000 ---p 000f9000 08:02 16256530                   /lib/x86_64-linux-gnu/libm-2.15.so
7faa360cb000-7faa360cc000 r--p 000f8000 08:02 16256530                   /lib/x86_64-linux-gnu/libm-2.15.so
7faa360cc000-7faa360cd000 rw-p 000f9000 08:02 16256530                   /lib/x86_64-linux-gnu/libm-2.15.so
7faa360cd000-7faa361af000 r-xp 00000000 08:02 16129397                   /usr/lib/x86_64-linux-gnu/libstdc++.so.6.0.16
7faa361af000-7faa363ae000 ---p 000e2000 08:02 16129397                   /usr/lib/x86_64-linux-gnu/libstdc++.so.6.0.16
7faa363ae000-7faa363b6000 r--p 000e1000 08:02 16129397                   /usr/lib/x86_64-linux-gnu/libstdc++.so.6.0.16
7faa363b6000-7faa363b8000 rw-p 000e9000 08:02 16129397                   /usr/lib/x86_64-linux-gnu/libstdc++.so.6.0.16
7faa363b8000-7faa363cd000 rw-p 00000000 00:00 0 
7faa363cd000-7faa36cd1000 r-xp 00000000 08:02 18877146                   /usr/lib/jvm/java-6-openjdk-amd64/jre/lib/amd64/server/libjvm.so
7faa36cd1000-7faa36ed1000 ---p 00904000 08:02 18877146                   /usr/lib/jvm/java-6-openjdk-amd64/jre/lib/amd64/server/libjvm.so
7faa36ed1000-7faa36f51000 r--p 00904000 08:02 18877146                   /usr/lib/jvm/java-6-openjdk-amd64/jre/lib/amd64/server/libjvm.so
7faa36f51000-7faa36f6c000 rw-p 00984000 08:02 18877146                   /usr/lib/jvm/java-6-openjdk-amd64/jre/lib/amd64/server/libjvm.so
7faa36f6c000-7faa36f95000 rw-p 00000000 00:00 0 
7faa36f95000-7faa36fab000 r-xp 00000000 08:02 16256609                   /lib/x86_64-linux-gnu/libz.so.1.2.3.4
7faa36fab000-7faa371aa000 ---p 00016000 08:02 16256609                   /lib/x86_64-linux-gnu/libz.so.1.2.3.4
7faa371aa000-7faa371ab000 r--p 00015000 08:02 16256609                   /lib/x86_64-linux-gnu/libz.so.1.2.3.4
7faa371ab000-7faa371ac000 rw-p 00016000 08:02 16256609                   /lib/x86_64-linux-gnu/libz.so.1.2.3.4
7faa371ac000-7faa3735f000 r-xp 00000000 08:02 16256498                   /lib/x86_64-linux-gnu/libc-2.15.so
7faa3735f000-7faa3755e000 ---p 001b3000 08:02 16256498                   /lib/x86_64-linux-gnu/libc-2.15.so
7faa3755e000-7faa37562000 r--p 001b2000 08:02 16256498                   /lib/x86_64-linux-gnu/libc-2.15.so
7faa37562000-7faa37564000 rw-p 001b6000 08:02 16256498                   /lib/x86_64-linux-gnu/libc-2.15.so
7faa37564000-7faa37569000 rw-p 00000000 00:00 0 
7faa37569000-7faa3756b000 r-xp 00000000 08:02 16256511                   /lib/x86_64-linux-gnu/libdl-2.15.so
7faa3756b000-7faa3776b000 ---p 00002000 08:02 16256511                   /lib/x86_64-linux-gnu/libdl-2.15.so
7faa3776b000-7faa3776c000 r--p 00002000 08:02 16256511                   /lib/x86_64-linux-gnu/libdl-2.15.so
7faa3776c000-7faa3776d000 rw-p 00003000 08:02 16256511                   /lib/x86_64-linux-gnu/libdl-2.15.so
7faa3776d000-7faa37771000 r-xp 00000000 08:02 18747978                   /usr/lib/jvm/java-6-openjdk-amd64/jre/lib/amd64/jli/libjli.so
7faa37771000-7faa37970000 ---p 00004000 08:02 18747978                   /usr/lib/jvm/java-6-openjdk-amd64/jre/lib/amd64/jli/libjli.so
7faa37970000-7faa37971000 r--p 00003000 08:02 18747978                   /usr/lib/jvm/java-6-openjdk-amd64/jre/lib/amd64/jli/libjli.so
7faa37971000-7faa37972000 rw-p 00004000 08:02 18747978                   /usr/lib/jvm/java-6-openjdk-amd64/jre/lib/amd64/jli/libjli.so
7faa37972000-7faa3798a000 r-xp 00000000 08:02 16256578                   /lib/x86_64-linux-gnu/libpthread-2.15.so
7faa3798a000-7faa37b89000 ---p 00018000 08:02 16256578                   /lib/x86_64-linux-gnu/libpthread-2.15.so
7faa37b89000-7faa37b8a000 r--p 00017000 08:02 16256578                   /lib/x86_64-linux-gnu/libpthread-2.15.so
7faa37b8a000-7faa37b8b000 rw-p 00018000 08:02 16256578                   /lib/x86_64-linux-gnu/libpthread-2.15.so
7faa37b8b000-7faa37b8f000 rw-p 00000000 00:00 0 
7faa37b8f000-7faa37bb1000 r-xp 00000000 08:02 16256478                   /lib/x86_64-linux-gnu/ld-2.15.so
7faa37bb2000-7faa37bb9000 r--s 000fb000 08:02 18489889                   /usr/lib/jvm/java-6-openjdk-common/jre/lib/resources.jar
7faa37bb9000-7faa37bc0000 r--s 00067000 08:02 15730908                   /home/jam/Applications/grails-2.1.1/lib/com.springsource.springloaded/springloaded-core/jars/springloaded-core-1.0.6.jar
7faa37bc0000-7faa37bc9000 r--s 000a8000 08:02 15731003                   /home/jam/Applications/grails-2.1.1/dist/grails-bootstrap-2.1.1.jar
7faa37bc9000-7faa37be3000 rw-p 00000000 00:00 0 
7faa37be3000-7faa37c89000 rw-p 00000000 00:00 0 
7faa37c89000-7faa37c8c000 ---p 00000000 00:00 0 
7faa37c8c000-7faa37d8f000 rw-p 00000000 00:00 0 
7faa37d8f000-7faa37d91000 r--s 00008000 08:02 4587896                    /home/jam/Applications/grails-2.1.1/lib/org.fusesource.jansi/jansi/jars/jansi-1.2.1.jar
7faa37d91000-7faa37d93000 r--s 00015000 08:02 15862296                   /home/jam/Applications/grails-2.1.1/lib/jline/jline/jars/jline-1.0.jar
7faa37d93000-7faa37d96000 r--s 0007d000 08:02 18489867                   /usr/lib/jvm/java-6-openjdk-common/jre/lib/jsse.jar
7faa37d96000-7faa37d9a000 r--s 00038000 08:02 18489882                   /usr/lib/jvm/java-6-openjdk-common/jre/lib/ext/sunpkcs11.jar
7faa37d9a000-7faa37d9d000 r--s 00031000 08:02 18489884                   /usr/lib/jvm/java-6-openjdk-common/jre/lib/ext/sunjce_provider.jar
7faa37d9d000-7faa37d9e000 r--s 00007000 08:02 16651090                   /usr/share/java/java-atk-wrapper.jar
7faa37d9e000-7faa37da1000 r--s 00077000 08:02 18489883                   /usr/lib/jvm/java-6-openjdk-common/jre/lib/ext/localedata.jar
7faa37da1000-7faa37da3000 r--s 00001000 08:02 18489885                   /usr/lib/jvm/java-6-openjdk-common/jre/lib/ext/dnsns.jar
7faa37da3000-7faa37da5000 r--s 0000f000 08:02 18489886                   /usr/lib/jvm/java-6-openjdk-common/jre/lib/ext/pulse-java.jar
7faa37da5000-7faa37dad000 rw-s 00000000 08:02 8650903                    /tmp/hsperfdata_jam/20991
7faa37dad000-7faa37dae000 rw-p 00000000 00:00 0 
7faa37dae000-7faa37daf000 ---p 00000000 00:00 0 
7faa37daf000-7faa37db1000 rw-p 00000000 00:00 0 
7faa37db1000-7faa37db2000 r--p 00022000 08:02 16256478                   /lib/x86_64-linux-gnu/ld-2.15.so
7faa37db2000-7faa37db4000 rw-p 00023000 08:02 16256478                   /lib/x86_64-linux-gnu/ld-2.15.so
7fff7a343000-7fff7a364000 rw-p 00000000 00:00 0                          [stack]
7fff7a3ff000-7fff7a400000 r-xp 00000000 00:00 0                          [vdso]
ffffffffff600000-ffffffffff601000 r-xp 00000000 00:00 0                  [vsyscall]

VM Arguments:
jvm_args: -Xmx768M -Xms768M -XX:PermSize=256m -XX:MaxPermSize=256m -Dfile.encoding=UTF-8 -Dserver.port=8080 -Djline.WindowsTerminal.directConsole=false -javaagent:/home/jam/Applications/grails-2.1.1/lib/com.springsource.springloaded/springloaded-core/jars/springloaded-core-1.0.6.jar -Xverify:none -Dspringloaded=profile=grails;cacheDir=/home/jam/.grails/2.1.1/ -Dgrails.home=/home/jam/Applications/grails-2.1.1 -Dtools.jar=/usr/lib/jvm/default-java/lib/tools.jar 
java_command: org.codehaus.groovy.grails.cli.support.GrailsStarter --main org.codehaus.groovy.grails.cli.GrailsScriptRunner --conf /home/jam/Applications/grails-2.1.1/conf/groovy-starter.conf --classpath   run-app
Launcher Type: SUN_STANDARD

Environment Variables:
JAVA_HOME=/usr/lib/jvm/default-java
PATH=/usr/lib/lightdm/lightdm:/usr/local/sbin:/usr/local/bin:/usr/sbin:/usr/bin:/sbin:/bin:/usr/games
LD_LIBRARY_PATH=/usr/lib/jvm/java-6-openjdk-amd64/jre/lib/amd64/server:/usr/lib/jvm/java-6-openjdk-amd64/jre/lib/amd64:/usr/lib/jvm/java-6-openjdk-amd64/jre/../lib/amd64
SHELL=/bin/bash
DISPLAY=:0

Signal Handlers:
SIGSEGV: [libjvm.so+0x784310], sa_mask[0]=0x7ffbfeff, sa_flags=0x10000004
SIGBUS: [libjvm.so+0x784310], sa_mask[0]=0x7ffbfeff, sa_flags=0x10000004
SIGFPE: [libjvm.so+0x648580], sa_mask[0]=0x7ffbfeff, sa_flags=0x10000004
SIGPIPE: SIG_IGN, sa_mask[0]=0x00000000, sa_flags=0x00000000
SIGXFSZ: [libjvm.so+0x648580], sa_mask[0]=0x7ffbfeff, sa_flags=0x10000004
SIGILL: [libjvm.so+0x648580], sa_mask[0]=0x7ffbfeff, sa_flags=0x10000004
SIGUSR1: SIG_DFL, sa_mask[0]=0x00000000, sa_flags=0x00000000
SIGUSR2: [libjvm.so+0x648730], sa_mask[0]=0x00000004, sa_flags=0x10000004
SIGHUP: [libjvm.so+0x64b250], sa_mask[0]=0x7ffbfeff, sa_flags=0x10000004
SIGINT: SIG_IGN, sa_mask[0]=0x00000000, sa_flags=0x00000000
SIGTERM: [libjvm.so+0x64b250], sa_mask[0]=0x7ffbfeff, sa_flags=0x10000004
SIGQUIT: [libjvm.so+0x64b250], sa_mask[0]=0x7ffbfeff, sa_flags=0x10000004


---------------  S Y S T E M  ---------------

OS:Ubuntu 12.04 (precise)
uname:Linux 3.2.0-30-generic #48-Ubuntu SMP Fri Aug 24 16:52:48 UTC 2012 x86_64
libc:glibc 2.15 NPTL 2.15 
rlimit: STACK 8192k, CORE 0k, NPROC 59519, NOFILE 4096, AS infinity
load average:3.12 2.28 1.93

/proc/meminfo:
MemTotal:        7636272 kB
MemFree:         1599452 kB
Buffers:          272084 kB
Cached:          1697320 kB
SwapCached:         2324 kB
Active:          4078236 kB
Inactive:        1251580 kB
Active(anon):    2686968 kB
Inactive(anon):   688528 kB
Active(file):    1391268 kB
Inactive(file):   563052 kB
Unevictable:          76 kB
Mlocked:              76 kB
SwapTotal:       7837776 kB
SwapFree:        7821292 kB
Dirty:               412 kB
Writeback:             0 kB
AnonPages:       3358596 kB
Mapped:           355628 kB
Shmem:             15084 kB
Slab:             219468 kB
SReclaimable:     172564 kB
SUnreclaim:        46904 kB
KernelStack:        5624 kB
PageTables:        65636 kB
NFS_Unstable:          0 kB
Bounce:                0 kB
WritebackTmp:          0 kB
CommitLimit:    11655912 kB
Committed_AS:    8704928 kB
VmallocTotal:   34359738367 kB
VmallocUsed:      135768 kB
VmallocChunk:   34359600448 kB
HardwareCorrupted:     0 kB
AnonHugePages:         0 kB
HugePages_Total:       0
HugePages_Free:        0
HugePages_Rsvd:        0
HugePages_Surp:        0
Hugepagesize:       2048 kB
DirectMap4k:      405504 kB
DirectMap2M:     6391808 kB
DirectMap1G:     1048576 kB


CPU:total 4 (4 cores per cpu, 1 threads per core) family 18 model 1 stepping 0, cmov, cx8, fxsr, mmx, sse, sse2, sse3, popcnt, mmxext, 3dnowpref, lzcnt, sse4a

Memory: 4k page, physical 7636272k(1599452k free), swap 7837776k(7821292k free)

vm_info: OpenJDK 64-Bit Server VM (20.0-b12) for linux-amd64 JRE (1.6.0_24-b24), built on Sep  2 2012 19:50:47 by "buildd" with gcc 4.6.3

time: Sun Sep 16 16:39:47 2012
elapsed time: 28 seconds

