#
# A fatal error has been detected by the Java Runtime Environment:
#
#  SIGSEGV (0xb) at pc=0x00007f288d01b940, pid=8680, tid=139811893425920
#
# JRE version: 6.0_24-b24
# Java VM: OpenJDK 64-Bit Server VM (20.0-b12 mixed mode linux-amd64 compressed oops)
# Derivative: IcedTea6 1.11.4
# Distribution: Ubuntu 12.04 LTS, package 6b24-1.11.4-1ubuntu0.12.04.1
# Problematic frame:
# j  java.net.URL.openConnection()Ljava/net/URLConnection;+5
#
# If you would like to submit a bug report, please include
# instructions how to reproduce the bug and visit:
#   https://bugs.launchpad.net/ubuntu/+source/openjdk-6/
#

---------------  T H R E A D  ---------------

Current thread (0x00007f2870038800):  JavaThread "http-bio-8080-exec-7" daemon [_thread_in_Java, id=8818, stack(0x00007f287e2e3000,0x00007f287e3e4000)]

siginfo:si_signo=SIGSEGV: si_errno=0, si_code=1 (SEGV_MAPERR), si_addr=0x0000000000510064

Registers:
RAX=0x0000000000000000, RBX=0x0000000000000007, RCX=0x000000000051005c, RDX=0x0000000070800002
RSP=0x00007f287e3e0128, RBP=0x00007f287e3e0180, RSI=0x00007f287e3e0138, RDI=0x00007f288d0059b3
R8 =0x00000000f11fe7f0, R9 =0x0000000000000005, R10=0x00007f28970a0560, R11=0x00007f289423b000
R12=0x0000000000000000, R13=0x00000000c020c3bd, R14=0x00007f287e3e0190, R15=0x00007f2870038800
RIP=0x00007f288d01b940, EFLAGS=0x0000000000010246, CSGSFS=0x0000000000000033, ERR=0x0000000000000004
  TRAPNO=0x000000000000000e

Top of Stack: (sp=0x00007f287e3e0128)
0x00007f287e3e0128:   00007f288d0059b3 00000000f02b6620
0x00007f287e3e0138:   000000000051005c 00007f287e3e0140
0x00007f287e3e0148:   00000000c020c3bd 00007f287e3e0190
0x00007f287e3e0158:   00000000c020d470 0000000000000000
0x00007f287e3e0168:   00000000c020c3d8 0000000000000000
0x00007f287e3e0178:   00007f287e3e0190 00007f287e3e01d8
0x00007f287e3e0188:   00007f288d0059b3 00000000f02b6620
0x00007f287e3e0198:   00007f287e3e0198 00000000c01d5aac
0x00007f287e3e01a8:   00007f287e3e0220 00000000c01d8358
0x00007f287e3e01b8:   0000000000000000 00000000c01d5c88
0x00007f287e3e01c8:   00007f287e3e0190 00007f287e3e0218
0x00007f287e3e01d8:   00007f287e3e0268 00007f288d0059b3
0x00007f287e3e01e8:   0000000000000000 0000000000000000
0x00007f287e3e01f8:   0000000000000000 0000000000000000
0x00007f287e3e0208:   00000000f02b6620 00000000f11fe7a0
0x00007f287e3e0218:   00000000f06b6600 00000000f06e29f8
0x00007f287e3e0228:   00007f287e3e0228 00000000c09cb11a
0x00007f287e3e0238:   00007f287e3e02a0 00000000c0bacf80
0x00007f287e3e0248:   0000000000000000 00000000c09cb1d8
0x00007f287e3e0258:   00007f287e3e0218 00007f287e3e0298
0x00007f287e3e0268:   00007f287e3e02f8 00007f288d0059b3
0x00007f287e3e0278:   0000000000000000 0000000000000000
0x00007f287e3e0288:   0000000000000000 0000000000000000
0x00007f287e3e0298:   00000000f06b6600 00000000f06e29f8
0x00007f287e3e02a8:   00000000f06e2ca0 00000000f06e2ca0
0x00007f287e3e02b8:   00007f287e3e02a8 00000000c01d7059
0x00007f287e3e02c8:   00007f287e3e0330 00000000c01d8010
0x00007f287e3e02d8:   00000000c3391150 00000000c01d70f8
0x00007f287e3e02e8:   00007f287e3e0298 00007f287e3e0328
0x00007f287e3e02f8:   00007f287e3e03a0 00007f288d0059b3
0x00007f287e3e0308:   0000000000000000 0000000000000000
0x00007f287e3e0318:   00000000f06e2ca0 0000000000000000 

Instructions: (pc=0x00007f288d01b940)
0x00007f288d01b920:   00 00 48 83 40 08 01 48 83 58 08 00 48 83 c0 30
0x00007f288d01b930:   48 89 45 e0 4c 8d 6c 24 08 4c 89 6d f0 ff 63 70
0x00007f288d01b940:   8b 41 08 4c 8b 75 e0 4d 85 f6 0f 84 95 00 00 00
0x00007f288d01b950:   49 8b 56 10 48 3b d0 0f 85 0f 00 00 00 49 83 46 

Register to memory mapping:

RAX=0x0000000000000000 is an unknown value
RBX=0x0000000000000007 is an unknown value
RCX=0x000000000051005c is an unknown value
RDX=0x0000000070800002 is an unknown value
RSP=0x00007f287e3e0128 is pointing into the stack for thread: 0x00007f2870038800
RBP=0x00007f287e3e0180 is pointing into the stack for thread: 0x00007f2870038800
RSI=0x00007f287e3e0138 is pointing into the stack for thread: 0x00007f2870038800
RDI=0x00007f288d0059b3 is an Interpreter codelet
return entry points  [0x00007f288d005140, 0x00007f288d006700]  5568 bytes
R8 =0x00000000f11fe7f0 is an oop
[Ljava.util.HashMap$Entry; 
 - klass: 'java/util/HashMap$Entry'[]
 - length: 16
R9 =0x0000000000000005 is an unknown value
R10=0x00007f28970a0560: <offset 0xbbe560> in /usr/lib/jvm/java-6-openjdk-amd64/jre/lib/amd64/server/libjvm.so at 0x00007f28964e2000
R11=0x00007f289423b000 is an unknown value
R12=0x0000000000000000 is an unknown value
R13=0x00000000c020c3bd is an oop
{constMethod} 
 - klass: {other class}
 - method:       0x00000000c020c3d8 {method} 'openConnection' '()Ljava/net/URLConnection;' in 'java/net/URL'
 - exceptions:   0x00000000c0001e98
bci_from(0xc020c3bd) = 5; print_codes():
R14=0x00007f287e3e0190 is pointing into the stack for thread: 0x00007f2870038800
R15=0x00007f2870038800 is a thread


Stack: [0x00007f287e2e3000,0x00007f287e3e4000],  sp=0x00007f287e3e0128,  free space=1012k
Native frames: (J=compiled Java code, j=interpreted, Vv=VM code, C=native code)
j  java.net.URL.openConnection()Ljava/net/URLConnection;+5
j  java.net.URLClassLoader.getPermissions(Ljava/security/CodeSource;)Ljava/security/PermissionCollection;+12
j  groovy.lang.GroovyClassLoader.getPermissions(Ljava/security/CodeSource;)Ljava/security/PermissionCollection;+2
j  java.security.SecureClassLoader.getProtectionDomain(Ljava/security/CodeSource;)Ljava/security/ProtectionDomain;+33
j  java.security.SecureClassLoader.defineClass(Ljava/lang/String;[BIILjava/security/CodeSource;)Ljava/lang/Class;+24
j  groovy.lang.GroovyClassLoader.access$300(Lgroovy/lang/GroovyClassLoader;Ljava/lang/String;[BIILjava/security/CodeSource;)Ljava/lang/Class;+8
j  groovy.lang.GroovyClassLoader$ClassCollector.createClass([BLorg/codehaus/groovy/ast/ClassNode;)Ljava/lang/Class;+24
j  groovy.lang.GroovyClassLoader$ClassCollector.onClassNode(Lgroovyjarjarasm/asm/ClassWriter;Lorg/codehaus/groovy/ast/ClassNode;)Ljava/lang/Class;+8
j  groovy.lang.GroovyClassLoader$ClassCollector.call(Lgroovyjarjarasm/asm/ClassVisitor;Lorg/codehaus/groovy/ast/ClassNode;)V+6
j  org.codehaus.groovy.control.CompilationUnit$14.call(Lorg/codehaus/groovy/control/SourceUnit;Lorg/codehaus/groovy/classgen/GeneratorContext;Lorg/codehaus/groovy/ast/ClassNode;)V+287
j  org.codehaus.groovy.control.CompilationUnit$14.call(Lorg/codehaus/groovy/control/SourceUnit;Lorg/codehaus/groovy/classgen/GeneratorContext;Lorg/codehaus/groovy/ast/ClassNode;)V+322
j  org.codehaus.groovy.control.CompilationUnit$14.call(Lorg/codehaus/groovy/control/SourceUnit;Lorg/codehaus/groovy/classgen/GeneratorContext;Lorg/codehaus/groovy/ast/ClassNode;)V+322
j  org.codehaus.groovy.control.CompilationUnit.applyToPrimaryClassNodes(Lorg/codehaus/groovy/control/CompilationUnit$PrimaryClassNodeOperation;)V+129
j  org.codehaus.groovy.control.CompilationUnit.doPhaseOperation(Ljava/lang/Object;)V+12
j  org.codehaus.groovy.control.CompilationUnit.processPhaseOperations(I)V+32
j  org.codehaus.groovy.control.CompilationUnit.compile(I)V+60
j  groovy.lang.GroovyClassLoader.doParseClass(Lgroovy/lang/GroovyCodeSource;)Ljava/lang/Class;+94
j  groovy.lang.GroovyClassLoader.parseClass(Lgroovy/lang/GroovyCodeSource;Z)Ljava/lang/Class;+80
j  groovy.lang.GroovyClassLoader.parseClass(Lgroovy/lang/GroovyCodeSource;)Ljava/lang/Class;+6
j  groovy.lang.GroovyClassLoader.parseClass(Ljava/lang/String;Ljava/lang/String;)Ljava/lang/Class;+24
j  org.codehaus.groovy.grails.web.pages.GroovyPagesTemplateEngine.compileGroovyPage(Ljava/io/InputStream;Ljava/lang/String;Ljava/lang/String;Lorg/codehaus/groovy/grails/web/pages/GroovyPageMetaInfo;)Ljava/lang/Class;+19
j  org.codehaus.groovy.grails.web.pages.GroovyPagesTemplateEngine.buildPageMetaInfo(Ljava/io/InputStream;Lorg/springframework/core/io/Resource;Ljava/lang/String;)Lorg/codehaus/groovy/grails/web/pages/GroovyPageMetaInfo;+295
j  org.codehaus.groovy.grails.web.pages.GroovyPagesTemplateEngine.createTemplate(Ljava/io/InputStream;Lorg/springframework/core/io/Resource;Ljava/lang/String;)Lgroovy/text/Template;+4
j  org.codehaus.groovy.grails.web.pages.GroovyPagesTemplateEngine.createTemplateWithResource(Lorg/springframework/core/io/Resource;Z)Lgroovy/text/Template;+19
j  org.codehaus.groovy.grails.web.pages.GroovyPagesTemplateEngine.createTemplate(Lorg/springframework/core/io/Resource;Z)Lgroovy/text/Template;+225
j  org.codehaus.groovy.grails.web.pages.GroovyPagesTemplateEngine.createTemplate(Lorg/springframework/scripting/ScriptSource;)Lgroovy/text/Template;+36
j  org.codehaus.groovy.grails.web.servlet.view.GroovyPageView.initTemplate()V+34
j  org.codehaus.groovy.grails.web.servlet.view.GroovyPageView.afterPropertiesSet()V+5
j  org.codehaus.groovy.grails.web.servlet.view.GrailsViewResolver.createGroovyPageView(Lorg/codehaus/groovy/grails/web/servlet/mvc/GrailsWebRequest;Ljava/lang/String;Lorg/springframework/scripting/ScriptSource;)Lorg/springframework/web/servlet/View;+93
j  org.codehaus.groovy.grails.web.servlet.view.GrailsViewResolver.createGrailsView(Ljava/lang/String;)Lorg/springframework/web/servlet/View;+98
j  org.codehaus.groovy.grails.web.servlet.view.GrailsViewResolver.loadView(Ljava/lang/String;Ljava/util/Locale;)Lorg/springframework/web/servlet/View;+43
j  org.codehaus.groovy.grails.scaffolding.view.ScaffoldingViewResolver.loadView(Ljava/lang/String;Ljava/util/Locale;)Lorg/springframework/web/servlet/View;+3
j  org.springframework.web.servlet.view.AbstractCachingViewResolver.createView(Ljava/lang/String;Ljava/util/Locale;)Lorg/springframework/web/servlet/View;+3
j  org.springframework.web.servlet.view.UrlBasedViewResolver.createView(Ljava/lang/String;Ljava/util/Locale;)Lorg/springframework/web/servlet/View;+87
j  org.springframework.web.servlet.view.AbstractCachingViewResolver.resolveViewName(Ljava/lang/String;Ljava/util/Locale;)Lorg/springframework/web/servlet/View;+10
j  org.codehaus.groovy.grails.web.sitemesh.GroovyPageLayoutFinder.getNamedDecorator(Ljavax/servlet/http/HttpServletRequest;Ljava/lang/String;Z)Lcom/opensymphony/module/sitemesh/Decorator;+83
j  org.codehaus.groovy.grails.web.sitemesh.GroovyPageLayoutFinder.getNamedDecorator(Ljavax/servlet/http/HttpServletRequest;Ljava/lang/String;)Lcom/opensymphony/module/sitemesh/Decorator;+15
j  org.codehaus.groovy.grails.web.sitemesh.GroovyPageLayoutFinder.findLayout(Ljavax/servlet/http/HttpServletRequest;Lcom/opensymphony/module/sitemesh/Page;)Lcom/opensymphony/module/sitemesh/Decorator;+352
j  org.codehaus.groovy.grails.web.sitemesh.GrailsLayoutDecoratorMapper.getDecorator(Ljavax/servlet/http/HttpServletRequest;Lcom/opensymphony/module/sitemesh/Page;)Lcom/opensymphony/module/sitemesh/Decorator;+6
j  com.opensymphony.module.sitemesh.mapper.AbstractDecoratorMapper.getDecorator(Ljavax/servlet/http/HttpServletRequest;Lcom/opensymphony/module/sitemesh/Page;)Lcom/opensymphony/module/sitemesh/Decorator;+6
j  com.opensymphony.module.sitemesh.mapper.InlineDecoratorMapper.getDecorator(Ljavax/servlet/http/HttpServletRequest;Lcom/opensymphony/module/sitemesh/Page;)Lcom/opensymphony/module/sitemesh/Decorator;+73
j  org.codehaus.groovy.grails.web.sitemesh.GrailsPageFilter.doFilter(Ljavax/servlet/ServletRequest;Ljavax/servlet/ServletResponse;Ljavax/servlet/FilterChain;)V+169
j  org.apache.catalina.core.ApplicationFilterChain.internalDoFilter(Ljavax/servlet/ServletRequest;Ljavax/servlet/ServletResponse;)V+151
j  org.apache.catalina.core.ApplicationFilterChain.doFilter(Ljavax/servlet/ServletRequest;Ljavax/servlet/ServletResponse;)V+101
j  javax.servlet.FilterChain$doFilter.call(Ljava/lang/Object;Ljava/lang/Object;Ljava/lang/Object;)Ljava/lang/Object;+22
j  org.grails.plugin.resource.DevModeSanityFilter.doFilter(Ljavax/servlet/ServletRequest;Ljavax/servlet/ServletResponse;Ljavax/servlet/FilterChain;)V+166
j  org.apache.catalina.core.ApplicationFilterChain.internalDoFilter(Ljavax/servlet/ServletRequest;Ljavax/servlet/ServletResponse;)V+151
j  org.apache.catalina.core.ApplicationFilterChain.doFilter(Ljavax/servlet/ServletRequest;Ljavax/servlet/ServletResponse;)V+101
j  org.codehaus.groovy.grails.web.servlet.mvc.GrailsWebRequestFilter.doFilterInternal(Ljavax/servlet/http/HttpServletRequest;Ljavax/servlet/http/HttpServletResponse;Ljavax/servlet/FilterChain;)V+98
j  org.springframework.web.filter.OncePerRequestFilter.doFilter(Ljavax/servlet/ServletRequest;Ljavax/servlet/ServletResponse;Ljavax/servlet/FilterChain;)V+90
j  org.apache.catalina.core.ApplicationFilterChain.internalDoFilter(Ljavax/servlet/ServletRequest;Ljavax/servlet/ServletResponse;)V+151
j  org.apache.catalina.core.ApplicationFilterChain.doFilter(Ljavax/servlet/ServletRequest;Ljavax/servlet/ServletResponse;)V+101
j  org.codehaus.groovy.grails.web.filters.HiddenHttpMethodFilter.doFilterInternal(Ljavax/servlet/http/HttpServletRequest;Ljavax/servlet/http/HttpServletResponse;Ljavax/servlet/FilterChain;)V+63
j  org.springframework.web.filter.OncePerRequestFilter.doFilter(Ljavax/servlet/ServletRequest;Ljavax/servlet/ServletResponse;Ljavax/servlet/FilterChain;)V+90
j  org.apache.catalina.core.ApplicationFilterChain.internalDoFilter(Ljavax/servlet/ServletRequest;Ljavax/servlet/ServletResponse;)V+151
j  org.apache.catalina.core.ApplicationFilterChain.doFilter(Ljavax/servlet/ServletRequest;Ljavax/servlet/ServletResponse;)V+101
j  org.springframework.web.filter.CharacterEncodingFilter.doFilterInternal(Ljavax/servlet/http/HttpServletRequest;Ljavax/servlet/http/HttpServletResponse;Ljavax/servlet/FilterChain;)V+53
j  org.springframework.web.filter.OncePerRequestFilter.doFilter(Ljavax/servlet/ServletRequest;Ljavax/servlet/ServletResponse;Ljavax/servlet/FilterChain;)V+90
j  org.springframework.web.filter.DelegatingFilterProxy.invokeDelegate(Ljavax/servlet/Filter;Ljavax/servlet/ServletRequest;Ljavax/servlet/ServletResponse;Ljavax/servlet/FilterChain;)V+5
j  org.springframework.web.filter.DelegatingFilterProxy.doFilter(Ljavax/servlet/ServletRequest;Ljavax/servlet/ServletResponse;Ljavax/servlet/FilterChain;)V+71
j  org.apache.catalina.core.ApplicationFilterChain.internalDoFilter(Ljavax/servlet/ServletRequest;Ljavax/servlet/ServletResponse;)V+151
j  org.apache.catalina.core.ApplicationFilterChain.doFilter(Ljavax/servlet/ServletRequest;Ljavax/servlet/ServletResponse;)V+101
j  org.apache.catalina.core.StandardWrapperValve.invoke(Lorg/apache/catalina/connector/Request;Lorg/apache/catalina/connector/Response;)V+780
j  org.apache.catalina.core.StandardContextValve.invoke(Lorg/apache/catalina/connector/Request;Lorg/apache/catalina/connector/Response;)V+166
j  org.apache.catalina.core.StandardHostValve.invoke(Lorg/apache/catalina/connector/Request;Lorg/apache/catalina/connector/Response;)V+142
j  org.apache.catalina.valves.ErrorReportValve.invoke(Lorg/apache/catalina/connector/Request;Lorg/apache/catalina/connector/Response;)V+6
j  org.apache.catalina.core.StandardEngineValve.invoke(Lorg/apache/catalina/connector/Request;Lorg/apache/catalina/connector/Response;)V+71
j  org.apache.catalina.connector.CoyoteAdapter.service(Lorg/apache/coyote/Request;Lorg/apache/coyote/Response;)V+196
j  org.apache.coyote.http11.AbstractHttp11Processor.process(Lorg/apache/tomcat/util/net/SocketWrapper;)Lorg/apache/tomcat/util/net/AbstractEndpoint$Handler$SocketState;+537
j  org.apache.coyote.AbstractProtocol$AbstractConnectionHandler.process(Lorg/apache/tomcat/util/net/SocketWrapper;Lorg/apache/tomcat/util/net/SocketStatus;)Lorg/apache/tomcat/util/net/AbstractEndpoint$Handler$SocketState;+149
j  org.apache.tomcat.util.net.JIoEndpoint$SocketProcessor.run()V+106
j  java.util.concurrent.ThreadPoolExecutor.runWorker(Ljava/util/concurrent/ThreadPoolExecutor$Worker;)V+46
j  java.util.concurrent.ThreadPoolExecutor$Worker.run()V+5
j  java.lang.Thread.run()V+11
v  ~StubRoutines::call_stub
V  [libjvm.so+0x4afaff]  JavaCalls::call_helper(JavaValue*, methodHandle*, JavaCallArguments*, Thread*)+0x29f
V  [libjvm.so+0x4aef35]  JavaCalls::call(JavaValue*, methodHandle, JavaCallArguments*, Thread*)+0x25
V  [libjvm.so+0x4af433]  JavaCalls::call_virtual(JavaValue*, KlassHandle, symbolHandle, symbolHandle, JavaCallArguments*, Thread*)+0x1a3
V  [libjvm.so+0x4af55f]  JavaCalls::call_virtual(JavaValue*, Handle, KlassHandle, symbolHandle, symbolHandle, Thread*)+0x4f
V  [libjvm.so+0x4e5016]  thread_entry(JavaThread*, Thread*)+0x86
V  [libjvm.so+0x74c0d8]  JavaThread::thread_main_inner()+0x58
V  [libjvm.so+0x64bbf2]  java_start(Thread*)+0x112


---------------  P R O C E S S  ---------------

Java Threads: ( => current thread )
  0x00007f286400d000 JavaThread "http-bio-8080-exec-10" daemon [_thread_blocked, id=8821, stack(0x00007f287dfe0000,0x00007f287e0e1000)]
  0x00007f2800afe800 JavaThread "http-bio-8080-exec-9" daemon [_thread_blocked, id=8820, stack(0x00007f287e0e1000,0x00007f287e1e2000)]
  0x00007f288007c000 JavaThread "http-bio-8080-exec-8" daemon [_thread_blocked, id=8819, stack(0x00007f287e1e2000,0x00007f287e2e3000)]
=>0x00007f2870038800 JavaThread "http-bio-8080-exec-7" daemon [_thread_in_Java, id=8818, stack(0x00007f287e2e3000,0x00007f287e3e4000)]
  0x00007f286400b800 JavaThread "http-bio-8080-exec-6" daemon [_thread_in_native, id=8811, stack(0x00007f287e3e4000,0x00007f287e4e5000)]
  0x00007f2864007800 JavaThread "http-bio-8080-exec-5" daemon [_thread_in_native, id=8808, stack(0x00007f287e4e5000,0x00007f287e5e6000)]
  0x00007f2864005800 JavaThread "http-bio-8080-exec-4" daemon [_thread_in_native, id=8806, stack(0x00007f287e5e6000,0x00007f287e6e7000)]
  0x00007f2864003800 JavaThread "http-bio-8080-exec-3" daemon [_thread_in_native, id=8805, stack(0x00007f287e6e7000,0x00007f287e7e8000)]
  0x00007f2864002000 JavaThread "http-bio-8080-exec-2" daemon [_thread_blocked, id=8804, stack(0x00007f287e7e8000,0x00007f287e8e9000)]
  0x00007f2864001000 JavaThread "http-bio-8080-exec-1" daemon [_thread_blocked, id=8803, stack(0x00007f287e8e9000,0x00007f287e9ea000)]
  0x00007f2890de4800 JavaThread "Thread-12" daemon [_thread_blocked, id=8767, stack(0x00007f287e9ea000,0x00007f287eaeb000)]
  0x00007f2890661000 JavaThread "Thread-11" [_thread_in_native, id=8766, stack(0x00007f287eaeb000,0x00007f287ebec000)]
  0x00007f2890ffb000 JavaThread "http-bio-8080-AsyncTimeout" daemon [_thread_blocked, id=8765, stack(0x00007f287ebec000,0x00007f287eced000)]
  0x00007f2890ffe000 JavaThread "http-bio-8080-Acceptor-0" daemon [_thread_in_native, id=8764, stack(0x00007f287eced000,0x00007f287edee000)]
  0x00007f2890a9a000 JavaThread "ContainerBackgroundProcessor[StandardEngine[Tomcat]]" daemon [_thread_blocked, id=8763, stack(0x00007f287edee000,0x00007f287eeef000)]
  0x00007f2800377000 JavaThread "VoterContactManagerScheduler_QuartzSchedulerThread" [_thread_blocked, id=8753, stack(0x00007f287eeef000,0x00007f287eff0000)]
  0x00007f2800375000 JavaThread "VoterContactManagerScheduler_Worker-20" [_thread_blocked, id=8752, stack(0x00007f287eff0000,0x00007f287f0f1000)]
  0x00007f2800373000 JavaThread "VoterContactManagerScheduler_Worker-19" [_thread_blocked, id=8751, stack(0x00007f287f0f1000,0x00007f287f1f2000)]
  0x00007f2800371000 JavaThread "VoterContactManagerScheduler_Worker-18" [_thread_blocked, id=8750, stack(0x00007f287f1f2000,0x00007f287f2f3000)]
  0x00007f280036f000 JavaThread "VoterContactManagerScheduler_Worker-17" [_thread_blocked, id=8749, stack(0x00007f287f2f3000,0x00007f287f3f4000)]
  0x00007f280036d000 JavaThread "VoterContactManagerScheduler_Worker-16" [_thread_blocked, id=8748, stack(0x00007f287f3f4000,0x00007f287f4f5000)]
  0x00007f280036b000 JavaThread "VoterContactManagerScheduler_Worker-15" [_thread_blocked, id=8747, stack(0x00007f287f4f5000,0x00007f287f5f6000)]
  0x00007f2800368800 JavaThread "VoterContactManagerScheduler_Worker-14" [_thread_blocked, id=8746, stack(0x00007f287f5f6000,0x00007f287f6f7000)]
  0x00007f28003e0800 JavaThread "VoterContactManagerScheduler_Worker-13" [_thread_blocked, id=8745, stack(0x00007f287f6f7000,0x00007f287f7f8000)]
  0x00007f28002c2000 JavaThread "VoterContactManagerScheduler_Worker-12" [_thread_blocked, id=8744, stack(0x00007f287f7f8000,0x00007f287f8f9000)]
  0x00007f2800445800 JavaThread "VoterContactManagerScheduler_Worker-11" [_thread_blocked, id=8743, stack(0x00007f287f8f9000,0x00007f287f9fa000)]
  0x00007f2800415800 JavaThread "VoterContactManagerScheduler_Worker-10" [_thread_blocked, id=8742, stack(0x00007f287f9fa000,0x00007f287fafb000)]
  0x00007f2800345800 JavaThread "VoterContactManagerScheduler_Worker-9" [_thread_blocked, id=8741, stack(0x00007f287fafb000,0x00007f287fbfc000)]
  0x00007f28002ff800 JavaThread "VoterContactManagerScheduler_Worker-8" [_thread_blocked, id=8740, stack(0x00007f287fbfc000,0x00007f287fcfd000)]
  0x00007f28003f0000 JavaThread "VoterContactManagerScheduler_Worker-7" [_thread_blocked, id=8739, stack(0x00007f287fcfd000,0x00007f287fdfe000)]
  0x00007f2800440000 JavaThread "VoterContactManagerScheduler_Worker-6" [_thread_blocked, id=8738, stack(0x00007f287fdfe000,0x00007f287feff000)]
  0x00007f2800436000 JavaThread "VoterContactManagerScheduler_Worker-5" [_thread_blocked, id=8737, stack(0x00007f287feff000,0x00007f2880000000)]
  0x00007f2800342000 JavaThread "VoterContactManagerScheduler_Worker-4" [_thread_blocked, id=8736, stack(0x00007f288406f000,0x00007f2884170000)]
  0x00007f2800129800 JavaThread "VoterContactManagerScheduler_Worker-3" [_thread_blocked, id=8735, stack(0x00007f2884170000,0x00007f2884271000)]
  0x00007f2800745800 JavaThread "VoterContactManagerScheduler_Worker-2" [_thread_blocked, id=8734, stack(0x00007f2884271000,0x00007f2884372000)]
  0x00007f28001a1800 JavaThread "VoterContactManagerScheduler_Worker-1" [_thread_blocked, id=8733, stack(0x00007f2884372000,0x00007f2884473000)]
  0x00007f28003a6000 JavaThread "org.hibernate.cache.StandardQueryCache.data" daemon [_thread_blocked, id=8732, stack(0x00007f2884473000,0x00007f2884574000)]
  0x00007f2800439000 JavaThread "org.hibernate.cache.UpdateTimestampsCache.data" daemon [_thread_blocked, id=8731, stack(0x00007f2884574000,0x00007f2884675000)]
  0x00007f280009a000 JavaThread "net.sf.ehcache.CacheManager@7adc28b2" daemon [_thread_blocked, id=8730, stack(0x00007f2885589000,0x00007f288568a000)]
  0x00007f28910c5000 JavaThread "pool-4-thread-5" [_thread_blocked, id=8727, stack(0x00007f288497d000,0x00007f2884a7e000)]
  0x00007f289106f800 JavaThread "pool-4-thread-4" [_thread_blocked, id=8726, stack(0x00007f2884a7e000,0x00007f2884b7f000)]
  0x00007f289106f000 JavaThread "pool-4-thread-3" [_thread_blocked, id=8725, stack(0x00007f2884b7f000,0x00007f2884c80000)]
  0x00007f2890812000 JavaThread "pool-4-thread-2" [_thread_blocked, id=8724, stack(0x00007f2884c80000,0x00007f2884d81000)]
  0x00007f2890811000 JavaThread "pool-4-thread-1" [_thread_blocked, id=8723, stack(0x00007f2884d81000,0x00007f2884e82000)]
  0x00007f28907c7000 JavaThread "pool-3-thread-5" [_thread_blocked, id=8721, stack(0x00007f2884f83000,0x00007f2885084000)]
  0x00007f2890863800 JavaThread "pool-3-thread-4" [_thread_blocked, id=8720, stack(0x00007f2885084000,0x00007f2885185000)]
  0x00007f28910c0800 JavaThread "pool-3-thread-3" [_thread_blocked, id=8719, stack(0x00007f2885185000,0x00007f2885286000)]
  0x00007f2890b5c000 JavaThread "pool-3-thread-2" [_thread_blocked, id=8718, stack(0x00007f2885286000,0x00007f2885387000)]
  0x00007f28906f6800 JavaThread "pool-3-thread-1" [_thread_blocked, id=8717, stack(0x00007f2885387000,0x00007f2885488000)]
  0x00007f28904af800 JavaThread "FileSystemWatcher: files=#399 cl=java.net.URLClassLoader@57fcca7b" daemon [_thread_blocked, id=8716, stack(0x00007f2885488000,0x00007f2885589000)]
  0x00007f2891065000 JavaThread "pool-2-thread-1" [_thread_blocked, id=8714, stack(0x00007f2885cb1000,0x00007f2885db2000)]
  0x00007f2891070800 JavaThread "Synchronizer (Spring UAA/1.0.1)" daemon [_thread_blocked, id=8713, stack(0x00007f2885db2000,0x00007f2885eb3000)]
  0x00007f2890252800 JavaThread "Timer-0" daemon [_thread_blocked, id=8712, stack(0x00007f2887802000,0x00007f2887903000)]
  0x00007f28900e3800 JavaThread "Low Memory Detector" daemon [_thread_blocked, id=8704, stack(0x00007f2887bfc000,0x00007f2887cfd000)]
  0x00007f28900e9000 JavaThread "C2 CompilerThread1" daemon [_thread_blocked, id=8703, stack(0x00007f2887cfd000,0x00007f2887dfe000)]
  0x00007f28900ea800 JavaThread "C2 CompilerThread0" daemon [_thread_blocked, id=8702, stack(0x00007f2887dfe000,0x00007f2887eff000)]
  0x00007f289008c000 JavaThread "Signal Dispatcher" daemon [_thread_blocked, id=8701, stack(0x00007f2887eff000,0x00007f2888000000)]
  0x00007f2890079800 JavaThread "Finalizer" daemon [_thread_blocked, id=8700, stack(0x00007f288c7f8000,0x00007f288c8f9000)]
  0x00007f2890077800 JavaThread "Reference Handler" daemon [_thread_blocked, id=8699, stack(0x00007f288c8f9000,0x00007f288c9fa000)]
  0x00007f2890009800 JavaThread "main" [_thread_blocked, id=8693, stack(0x00007f2897d9d000,0x00007f2897e9e000)]

Other Threads:
  0x00007f2890071000 VMThread [stack: 0x00007f288c9fa000,0x00007f288cafb000] [id=8698]
  0x00007f28900ed800 WatcherThread [stack: 0x00007f2887afb000,0x00007f2887bfc000] [id=8705]

VM state:not at safepoint (normal execution)

VM Mutex/Monitor currently owned by a thread: None

Heap
 PSYoungGen      total 244928K, used 21920K [0x00000000f0000000, 0x0000000100000000, 0x0000000100000000)
  eden space 228672K, 8% used [0x00000000f0000000,0x00000000f12e34f0,0x00000000fdf50000)
  from space 16256K, 15% used [0x00000000fdf50000,0x00000000fe1d4e68,0x00000000fef30000)
  to   space 15680K, 0% used [0x00000000ff0b0000,0x00000000ff0b0000,0x0000000100000000)
 PSOldGen        total 524288K, used 197732K [0x00000000d0000000, 0x00000000f0000000, 0x00000000f0000000)
  object space 524288K, 37% used [0x00000000d0000000,0x00000000dc119088,0x00000000f0000000)
 PSPermGen       total 262144K, used 111097K [0x00000000c0000000, 0x00000000d0000000, 0x00000000d0000000)
  object space 262144K, 42% used [0x00000000c0000000,0x00000000c6c7e740,0x00000000d0000000)

Code Cache  [0x00007f288d000000, 0x00007f288d7d0000, 0x00007f2890000000)
 total_blobs=2390 nmethods=1697 adapters=646 free_code_cache=42374848 largest_free_block=72064

Dynamic libraries:
00400000-00409000 r-xp 00000000 08:02 397963                             /usr/lib/jvm/java-6-openjdk-amd64/jre/bin/java
00608000-00609000 r--p 00008000 08:02 397963                             /usr/lib/jvm/java-6-openjdk-amd64/jre/bin/java
00609000-0060a000 rw-p 00009000 08:02 397963                             /usr/lib/jvm/java-6-openjdk-amd64/jre/bin/java
02339000-0235a000 rw-p 00000000 00:00 0                                  [heap]
c0000000-100000000 rw-p 00000000 00:00 0 
7f27f8000000-7f27fbffd000 rw-p 00000000 00:00 0 
7f27fbffd000-7f27fc000000 ---p 00000000 00:00 0 
7f27fc000000-7f27fd8a7000 rw-p 00000000 00:00 0 
7f27fd8a7000-7f2800000000 ---p 00000000 00:00 0 
7f2800000000-7f2800cfe000 rw-p 00000000 00:00 0 
7f2800cfe000-7f2804000000 ---p 00000000 00:00 0 
7f2804000000-7f2804270000 rw-p 00000000 00:00 0 
7f2804270000-7f2808000000 ---p 00000000 00:00 0 
7f2808000000-7f2808021000 rw-p 00000000 00:00 0 
7f2808021000-7f280c000000 ---p 00000000 00:00 0 
7f280c000000-7f280c451000 rw-p 00000000 00:00 0 
7f280c451000-7f2810000000 ---p 00000000 00:00 0 
7f2810000000-7f2810021000 rw-p 00000000 00:00 0 
7f2810021000-7f2814000000 ---p 00000000 00:00 0 
7f2814000000-7f2814021000 rw-p 00000000 00:00 0 
7f2814021000-7f2818000000 ---p 00000000 00:00 0 
7f2818000000-7f2818021000 rw-p 00000000 00:00 0 
7f2818021000-7f281c000000 ---p 00000000 00:00 0 
7f281c000000-7f281c021000 rw-p 00000000 00:00 0 
7f281c021000-7f2820000000 ---p 00000000 00:00 0 
7f2820000000-7f2820021000 rw-p 00000000 00:00 0 
7f2820021000-7f2824000000 ---p 00000000 00:00 0 
7f2824000000-7f2824021000 rw-p 00000000 00:00 0 
7f2824021000-7f2828000000 ---p 00000000 00:00 0 
7f2828000000-7f2828021000 rw-p 00000000 00:00 0 
7f2828021000-7f282c000000 ---p 00000000 00:00 0 
7f282c000000-7f282c021000 rw-p 00000000 00:00 0 
7f282c021000-7f2830000000 ---p 00000000 00:00 0 
7f2830000000-7f2830021000 rw-p 00000000 00:00 0 
7f2830021000-7f2834000000 ---p 00000000 00:00 0 
7f2834000000-7f2834021000 rw-p 00000000 00:00 0 
7f2834021000-7f2838000000 ---p 00000000 00:00 0 
7f2838000000-7f28380aa000 rw-p 00000000 00:00 0 
7f28380aa000-7f283c000000 ---p 00000000 00:00 0 
7f283c000000-7f283c021000 rw-p 00000000 00:00 0 
7f283c021000-7f2840000000 ---p 00000000 00:00 0 
7f2840000000-7f2841a29000 rw-p 00000000 00:00 0 
7f2841a29000-7f2844000000 ---p 00000000 00:00 0 
7f2844000000-7f2844021000 rw-p 00000000 00:00 0 
7f2844021000-7f2848000000 ---p 00000000 00:00 0 
7f2848000000-7f2848021000 rw-p 00000000 00:00 0 
7f2848021000-7f284c000000 ---p 00000000 00:00 0 
7f284c000000-7f284fffb000 rw-p 00000000 00:00 0 
7f284fffb000-7f2850000000 ---p 00000000 00:00 0 
7f2850000000-7f2850021000 rw-p 00000000 00:00 0 
7f2850021000-7f2854000000 ---p 00000000 00:00 0 
7f2854000000-7f2854021000 rw-p 00000000 00:00 0 
7f2854021000-7f2858000000 ---p 00000000 00:00 0 
7f2858000000-7f285bff4000 rw-p 00000000 00:00 0 
7f285bff4000-7f285c000000 ---p 00000000 00:00 0 
7f285c000000-7f285fffa000 rw-p 00000000 00:00 0 
7f285fffa000-7f2860000000 ---p 00000000 00:00 0 
7f2860000000-7f2860021000 rw-p 00000000 00:00 0 
7f2860021000-7f2864000000 ---p 00000000 00:00 0 
7f2864000000-7f2864027000 rw-p 00000000 00:00 0 
7f2864027000-7f2868000000 ---p 00000000 00:00 0 
7f2868000000-7f2868269000 rw-p 00000000 00:00 0 
7f2868269000-7f286c000000 ---p 00000000 00:00 0 
7f286c000000-7f286c021000 rw-p 00000000 00:00 0 
7f286c021000-7f2870000000 ---p 00000000 00:00 0 
7f2870000000-7f287005b000 rw-p 00000000 00:00 0 
7f287005b000-7f2874000000 ---p 00000000 00:00 0 
7f2878000000-7f287804a000 rw-p 00000000 00:00 0 
7f287804a000-7f287c000000 ---p 00000000 00:00 0 
7f287dfe0000-7f287dfe3000 ---p 00000000 00:00 0 
7f287dfe3000-7f287e0e1000 rw-p 00000000 00:00 0 
7f287e0e1000-7f287e0e4000 ---p 00000000 00:00 0 
7f287e0e4000-7f287e1e2000 rw-p 00000000 00:00 0 
7f287e1e2000-7f287e1e5000 ---p 00000000 00:00 0 
7f287e1e5000-7f287e2e3000 rw-p 00000000 00:00 0 
7f287e2e3000-7f287e2e6000 ---p 00000000 00:00 0 
7f287e2e6000-7f287e3e4000 rw-p 00000000 00:00 0 
7f287e3e4000-7f287e3e7000 ---p 00000000 00:00 0 
7f287e3e7000-7f287e4e5000 rw-p 00000000 00:00 0 
7f287e4e5000-7f287e4e8000 ---p 00000000 00:00 0 
7f287e4e8000-7f287e5e6000 rw-p 00000000 00:00 0 
7f287e5e6000-7f287e5e9000 ---p 00000000 00:00 0 
7f287e5e9000-7f287e6e7000 rw-p 00000000 00:00 0 
7f287e6e7000-7f287e6ea000 ---p 00000000 00:00 0 
7f287e6ea000-7f287e7e8000 rw-p 00000000 00:00 0 
7f287e7e8000-7f287e7eb000 ---p 00000000 00:00 0 
7f287e7eb000-7f287e8e9000 rw-p 00000000 00:00 0 
7f287e8e9000-7f287e8ec000 ---p 00000000 00:00 0 
7f287e8ec000-7f287e9ea000 rw-p 00000000 00:00 0 
7f287e9ea000-7f287e9ed000 ---p 00000000 00:00 0 
7f287e9ed000-7f287eaeb000 rw-p 00000000 00:00 0 
7f287eaeb000-7f287eaee000 ---p 00000000 00:00 0 
7f287eaee000-7f287ebec000 rw-p 00000000 00:00 0 
7f287ebec000-7f287ebef000 ---p 00000000 00:00 0 
7f287ebef000-7f287eced000 rw-p 00000000 00:00 0 
7f287eced000-7f287ecf0000 ---p 00000000 00:00 0 
7f287ecf0000-7f287edee000 rw-p 00000000 00:00 0 
7f287edee000-7f287edf1000 ---p 00000000 00:00 0 
7f287edf1000-7f287eeef000 rw-p 00000000 00:00 0 
7f287eeef000-7f287eef2000 ---p 00000000 00:00 0 
7f287eef2000-7f287eff0000 rw-p 00000000 00:00 0 
7f287eff0000-7f287eff3000 ---p 00000000 00:00 0 
7f287eff3000-7f287f0f1000 rw-p 00000000 00:00 0 
7f287f0f1000-7f287f0f4000 ---p 00000000 00:00 0 
7f287f0f4000-7f287f1f2000 rw-p 00000000 00:00 0 
7f287f1f2000-7f287f1f5000 ---p 00000000 00:00 0 
7f287f1f5000-7f287f2f3000 rw-p 00000000 00:00 0 
7f287f2f3000-7f287f2f6000 ---p 00000000 00:00 0 
7f287f2f6000-7f287f3f4000 rw-p 00000000 00:00 0 
7f287f3f4000-7f287f3f7000 ---p 00000000 00:00 0 
7f287f3f7000-7f287f4f5000 rw-p 00000000 00:00 0 
7f287f4f5000-7f287f4f8000 ---p 00000000 00:00 0 
7f287f4f8000-7f287f5f6000 rw-p 00000000 00:00 0 
7f287f5f6000-7f287f5f9000 ---p 00000000 00:00 0 
7f287f5f9000-7f287f6f7000 rw-p 00000000 00:00 0 
7f287f6f7000-7f287f6fa000 ---p 00000000 00:00 0 
7f287f6fa000-7f287f7f8000 rw-p 00000000 00:00 0 
7f287f7f8000-7f287f7fb000 ---p 00000000 00:00 0 
7f287f7fb000-7f287f8f9000 rw-p 00000000 00:00 0 
7f287f8f9000-7f287f8fc000 ---p 00000000 00:00 0 
7f287f8fc000-7f287f9fa000 rw-p 00000000 00:00 0 
7f287f9fa000-7f287f9fd000 ---p 00000000 00:00 0 
7f287f9fd000-7f287fafb000 rw-p 00000000 00:00 0 
7f287fafb000-7f287fafe000 ---p 00000000 00:00 0 
7f287fafe000-7f287fbfc000 rw-p 00000000 00:00 0 
7f287fbfc000-7f287fbff000 ---p 00000000 00:00 0 
7f287fbff000-7f287fcfd000 rw-p 00000000 00:00 0 
7f287fcfd000-7f287fd00000 ---p 00000000 00:00 0 
7f287fd00000-7f287fdfe000 rw-p 00000000 00:00 0 
7f287fdfe000-7f287fe01000 ---p 00000000 00:00 0 
7f287fe01000-7f287feff000 rw-p 00000000 00:00 0 
7f287feff000-7f287ff02000 ---p 00000000 00:00 0 
7f287ff02000-7f2880000000 rw-p 00000000 00:00 0 
7f2880000000-7f28800f4000 rw-p 00000000 00:00 0 
7f28800f4000-7f2884000000 ---p 00000000 00:00 0 
7f288406f000-7f2884072000 ---p 00000000 00:00 0 
7f2884072000-7f2884170000 rw-p 00000000 00:00 0 
7f2884170000-7f2884173000 ---p 00000000 00:00 0 
7f2884173000-7f2884271000 rw-p 00000000 00:00 0 
7f2884271000-7f2884274000 ---p 00000000 00:00 0 
7f2884274000-7f2884372000 rw-p 00000000 00:00 0 
7f2884372000-7f2884375000 ---p 00000000 00:00 0 
7f2884375000-7f2884473000 rw-p 00000000 00:00 0 
7f2884473000-7f2884476000 ---p 00000000 00:00 0 
7f2884476000-7f2884574000 rw-p 00000000 00:00 0 
7f2884574000-7f2884577000 ---p 00000000 00:00 0 
7f2884577000-7f2884675000 rw-p 00000000 00:00 0 
7f2884675000-7f2884678000 ---p 00000000 00:00 0 
7f2884678000-7f2884776000 rw-p 00000000 00:00 0 
7f2884776000-7f288477c000 r-xp 00000000 08:02 18747991                   /usr/lib/jvm/java-6-openjdk-amd64/jre/lib/amd64/libmanagement.so
7f288477c000-7f288497b000 ---p 00006000 08:02 18747991                   /usr/lib/jvm/java-6-openjdk-amd64/jre/lib/amd64/libmanagement.so
7f288497b000-7f288497c000 r--p 00005000 08:02 18747991                   /usr/lib/jvm/java-6-openjdk-amd64/jre/lib/amd64/libmanagement.so
7f288497c000-7f288497d000 rw-p 00006000 08:02 18747991                   /usr/lib/jvm/java-6-openjdk-amd64/jre/lib/amd64/libmanagement.so
7f288497d000-7f2884980000 ---p 00000000 00:00 0 
7f2884980000-7f2884a7e000 rw-p 00000000 00:00 0 
7f2884a7e000-7f2884a81000 ---p 00000000 00:00 0 
7f2884a81000-7f2884b7f000 rw-p 00000000 00:00 0 
7f2884b7f000-7f2884b82000 ---p 00000000 00:00 0 
7f2884b82000-7f2884c80000 rw-p 00000000 00:00 0 
7f2884c80000-7f2884c83000 ---p 00000000 00:00 0 
7f2884c83000-7f2884d81000 rw-p 00000000 00:00 0 
7f2884d81000-7f2884d84000 ---p 00000000 00:00 0 
7f2884d84000-7f2884e82000 rw-p 00000000 00:00 0 
7f2884e82000-7f2884e85000 ---p 00000000 00:00 0 
7f2884e85000-7f2884f83000 rw-p 00000000 00:00 0 
7f2884f83000-7f2884f86000 ---p 00000000 00:00 0 
7f2884f86000-7f2885084000 rw-p 00000000 00:00 0 
7f2885084000-7f2885087000 ---p 00000000 00:00 0 
7f2885087000-7f2885185000 rw-p 00000000 00:00 0 
7f2885185000-7f2885188000 ---p 00000000 00:00 0 
7f2885188000-7f2885286000 rw-p 00000000 00:00 0 
7f2885286000-7f2885289000 ---p 00000000 00:00 0 
7f2885289000-7f2885387000 rw-p 00000000 00:00 0 
7f2885387000-7f288538a000 ---p 00000000 00:00 0 
7f288538a000-7f2885488000 rw-p 00000000 00:00 0 
7f2885488000-7f288548b000 ---p 00000000 00:00 0 
7f288548b000-7f2885589000 rw-p 00000000 00:00 0 
7f2885589000-7f288558c000 ---p 00000000 00:00 0 
7f288558c000-7f288568a000 rw-p 00000000 00:00 0 
7f288568a000-7f28856a2000 r-xp 00000000 08:02 16256582                   /lib/x86_64-linux-gnu/libresolv-2.15.so
7f28856a2000-7f28858a2000 ---p 00018000 08:02 16256582                   /lib/x86_64-linux-gnu/libresolv-2.15.so
7f28858a2000-7f28858a3000 r--p 00018000 08:02 16256582                   /lib/x86_64-linux-gnu/libresolv-2.15.so
7f28858a3000-7f28858a4000 rw-p 00019000 08:02 16256582                   /lib/x86_64-linux-gnu/libresolv-2.15.so
7f28858a4000-7f28858a6000 rw-p 00000000 00:00 0 
7f28858a6000-7f28858ad000 r-xp 00000000 08:02 16256547                   /lib/x86_64-linux-gnu/libnss_dns-2.15.so
7f28858ad000-7f2885aac000 ---p 00007000 08:02 16256547                   /lib/x86_64-linux-gnu/libnss_dns-2.15.so
7f2885aac000-7f2885aad000 r--p 00006000 08:02 16256547                   /lib/x86_64-linux-gnu/libnss_dns-2.15.so
7f2885aad000-7f2885aae000 rw-p 00007000 08:02 16256547                   /lib/x86_64-linux-gnu/libnss_dns-2.15.so
7f2885aae000-7f2885ab0000 r-xp 00000000 08:02 16252982                   /lib/libnss_mdns4_minimal.so.2
7f2885ab0000-7f2885caf000 ---p 00002000 08:02 16252982                   /lib/libnss_mdns4_minimal.so.2
7f2885caf000-7f2885cb0000 r--p 00001000 08:02 16252982                   /lib/libnss_mdns4_minimal.so.2
7f2885cb0000-7f2885cb1000 rw-p 00002000 08:02 16252982                   /lib/libnss_mdns4_minimal.so.2
7f2885cb1000-7f2885cb4000 ---p 00000000 00:00 0 
7f2885cb4000-7f2885db2000 rw-p 00000000 00:00 0 
7f2885db2000-7f2885db5000 ---p 00000000 00:00 0 
7f2885db5000-7f2885eb3000 rw-p 00000000 00:00 0 
7f2885eb3000-7f2885f10000 r-xp 00000000 08:02 16651114                   /usr/lib/x86_64-linux-gnu/nss/libfreebl3.so
7f2885f10000-7f288610f000 ---p 0005d000 08:02 16651114                   /usr/lib/x86_64-linux-gnu/nss/libfreebl3.so
7f288610f000-7f2886111000 r--p 0005c000 08:02 16651114                   /usr/lib/x86_64-linux-gnu/nss/libfreebl3.so
7f2886111000-7f2886112000 rw-p 0005e000 08:02 16651114                   /usr/lib/x86_64-linux-gnu/nss/libfreebl3.so
7f2886112000-7f2886116000 rw-p 00000000 00:00 0 
7f2886116000-7f28861b4000 r-xp 00000000 08:02 16131587                   /usr/lib/x86_64-linux-gnu/libsqlite3.so.0.8.6
7f28861b4000-7f28863b4000 ---p 0009e000 08:02 16131587                   /usr/lib/x86_64-linux-gnu/libsqlite3.so.0.8.6
7f28863b4000-7f28863b6000 r--p 0009e000 08:02 16131587                   /usr/lib/x86_64-linux-gnu/libsqlite3.so.0.8.6
7f28863b6000-7f28863b8000 rw-p 000a0000 08:02 16131587                   /usr/lib/x86_64-linux-gnu/libsqlite3.so.0.8.6
7f28863b8000-7f28863b9000 rw-p 00000000 00:00 0 
7f28863b9000-7f28863f2000 r-xp 00000000 08:02 16651117                   /usr/lib/x86_64-linux-gnu/nss/libsoftokn3.so
7f28863f2000-7f28865f1000 ---p 00039000 08:02 16651117                   /usr/lib/x86_64-linux-gnu/nss/libsoftokn3.so
7f28865f1000-7f28865f3000 r--p 00038000 08:02 16651117                   /usr/lib/x86_64-linux-gnu/nss/libsoftokn3.so
7f28865f3000-7f28865f4000 rw-p 0003a000 08:02 16651117                   /usr/lib/x86_64-linux-gnu/nss/libsoftokn3.so
7f28865f4000-7f288662e000 r-xp 00000000 08:02 16127779                   /usr/lib/x86_64-linux-gnu/libnspr4.so
7f288662e000-7f288682d000 ---p 0003a000 08:02 16127779                   /usr/lib/x86_64-linux-gnu/libnspr4.so
7f288682d000-7f288682e000 r--p 00039000 08:02 16127779                   /usr/lib/x86_64-linux-gnu/libnspr4.so
7f288682e000-7f2886830000 rw-p 0003a000 08:02 16127779                   /usr/lib/x86_64-linux-gnu/libnspr4.so
7f2886830000-7f2886832000 rw-p 00000000 00:00 0 
7f2886832000-7f2886835000 r-xp 00000000 08:02 16127775                   /usr/lib/x86_64-linux-gnu/libplds4.so
7f2886835000-7f2886a34000 ---p 00003000 08:02 16127775                   /usr/lib/x86_64-linux-gnu/libplds4.so
7f2886a34000-7f2886a35000 r--p 00002000 08:02 16127775                   /usr/lib/x86_64-linux-gnu/libplds4.so
7f2886a35000-7f2886a36000 rw-p 00003000 08:02 16127775                   /usr/lib/x86_64-linux-gnu/libplds4.so
7f2886a36000-7f2886a3a000 r-xp 00000000 08:02 16127777                   /usr/lib/x86_64-linux-gnu/libplc4.so
7f2886a3a000-7f2886c39000 ---p 00004000 08:02 16127777                   /usr/lib/x86_64-linux-gnu/libplc4.so
7f2886c39000-7f2886c3a000 r--p 00003000 08:02 16127777                   /usr/lib/x86_64-linux-gnu/libplc4.so
7f2886c3a000-7f2886c3b000 rw-p 00004000 08:02 16127777                   /usr/lib/x86_64-linux-gnu/libplc4.so
7f2886c3b000-7f2886c57000 r-xp 00000000 08:02 16123808                   /usr/lib/x86_64-linux-gnu/libnssutil3.so
7f2886c57000-7f2886e57000 ---p 0001c000 08:02 16123808                   /usr/lib/x86_64-linux-gnu/libnssutil3.so
7f2886e57000-7f2886e5d000 r--p 0001c000 08:02 16123808                   /usr/lib/x86_64-linux-gnu/libnssutil3.so
7f2886e5d000-7f2886e5e000 rw-p 00022000 08:02 16123808                   /usr/lib/x86_64-linux-gnu/libnssutil3.so
7f2886e5e000-7f2886f5c000 r-xp 00000000 08:02 16122488                   /usr/lib/x86_64-linux-gnu/libnss3.so
7f2886f5c000-7f288715b000 ---p 000fe000 08:02 16122488                   /usr/lib/x86_64-linux-gnu/libnss3.so
7f288715b000-7f2887160000 r--p 000fd000 08:02 16122488                   /usr/lib/x86_64-linux-gnu/libnss3.so
7f2887160000-7f2887162000 rw-p 00102000 08:02 16122488                   /usr/lib/x86_64-linux-gnu/libnss3.so
7f2887162000-7f2887164000 rw-p 00000000 00:00 0 
7f2887169000-7f2887177000 r--s 00351000 08:02 18489869                   /usr/lib/jvm/java-6-openjdk-common/jre/lib/charsets.jar
7f2887177000-7f2887185000 r--s 00351000 08:02 18489869                   /usr/lib/jvm/java-6-openjdk-common/jre/lib/charsets.jar
7f2887185000-7f2887193000 r-xp 00000000 08:02 18747997                   /usr/lib/jvm/java-6-openjdk-amd64/jre/lib/amd64/libj2pkcs11.so
7f2887193000-7f2887393000 ---p 0000e000 08:02 18747997                   /usr/lib/jvm/java-6-openjdk-amd64/jre/lib/amd64/libj2pkcs11.so
7f2887393000-7f2887394000 r--p 0000e000 08:02 18747997                   /usr/lib/jvm/java-6-openjdk-amd64/jre/lib/amd64/libj2pkcs11.so
7f2887394000-7f2887395000 rw-p 0000f000 08:02 18747997                   /usr/lib/jvm/java-6-openjdk-amd64/jre/lib/amd64/libj2pkcs11.so
7f2887395000-7f2887397000 r--s 00013000 08:02 18489868                   /usr/lib/jvm/java-6-openjdk-common/jre/lib/jce.jar
7f288739d000-7f288739e000 r--s 00000000 08:02 5508261                    /home/jam/.grails/ivy-cache/org.grails.plugins/tomcat/zips/tomcat-2.1.1.zip
7f288739e000-7f28873a0000 r--s 00008000 08:02 5767283                    /home/jam/.grails/ivy-cache/org.grails.plugins/quartz2/zips/quartz2-0.2.3.zip
7f28873a0000-7f28873a4000 r--s 0002f000 08:02 4722137                    /home/jam/.grails/ivy-cache/org.grails/grails-test/jars/grails-test-2.1.1.jar
7f28873a4000-7f28873aa000 r--s 0006c000 08:02 4722135                    /home/jam/.grails/ivy-cache/org.grails/grails-plugin-testing/jars/grails-plugin-testing-2.1.1.jar
7f28873aa000-7f28873ab000 r--s 00002000 08:02 5636284                    /home/jam/.grails/ivy-cache/org.hibernate/hibernate-ehcache/jars/hibernate-ehcache-3.6.10.Final.jar
7f28873ab000-7f28873b0000 r--s 00048000 08:02 5636282                    /home/jam/.grails/ivy-cache/dom4j/dom4j/jars/dom4j-1.6.1.jar
7f28873b0000-7f28873b5000 r--s 00068000 08:02 5636280                    /home/jam/.grails/ivy-cache/antlr/antlr/jars/antlr-2.7.7.jar
7f28873b5000-7f28873be000 r--s 00098000 08:02 5636278                    /home/jam/.grails/ivy-cache/org.javassist/javassist/jars/javassist-3.16.1-GA.jar
7f28873be000-7f28873c1000 r--s 00009000 08:02 5636286                    /home/jam/.grails/ivy-cache/javax.validation/validation-api/jars/validation-api-1.0.0.GA.jar
7f28873c1000-7f28873c8000 r--s 00040000 08:02 5636276                    /home/jam/.grails/ivy-cache/org.hibernate/hibernate-validator/jars/hibernate-validator-4.1.0.Final.jar
7f28873c8000-7f28873cb000 r--s 0000f000 08:02 5636274                    /home/jam/.grails/ivy-cache/org.hibernate/hibernate-commons-annotations/jars/hibernate-commons-annotations-3.2.0.Final.jar
7f28873cb000-7f28873fd000 r--s 002c9000 08:02 5636272                    /home/jam/.grails/ivy-cache/org.hibernate/hibernate-core/jars/hibernate-core-3.6.10.Final.jar
7f28873fd000-7f2887406000 r--s 00080000 08:02 5767285                    /home/jam/.grails/ivy-cache/org.quartz-scheduler/quartz/jars/quartz-2.1.5.jar
7f2887406000-7f2887407000 r--s 00004000 08:02 5637614                    /home/jam/.grails/ivy-cache/net.sf.opencsv/opencsv/jars/opencsv-2.3.jar
7f2887407000-7f288740d000 r--s 0007e000 08:02 5636695                    /home/jam/.grails/ivy-cache/postgresql/postgresql/jars/postgresql-9.1-901.jdbc4.jar
7f288740d000-7f288740f000 r--s 00000000 08:02 4722133                    /home/jam/.grails/ivy-cache/org.slf4j/jul-to-slf4j/jars/jul-to-slf4j-1.6.2.jar
7f288740f000-7f2887411000 r--s 00003000 08:02 4722131                    /home/jam/.grails/ivy-cache/org.slf4j/jcl-over-slf4j/jars/jcl-over-slf4j-1.6.2.jar
7f2887411000-7f288741a000 r--s 0006d000 08:02 4722129                    /home/jam/.grails/ivy-cache/log4j/log4j/bundles/log4j-1.2.16.jar
7f288741a000-7f288742f000 r--s 000e3000 08:02 4722127                    /home/jam/.grails/ivy-cache/net.sf.ehcache/ehcache-core/jars/ehcache-core-2.4.6.jar
7f288742f000-7f2887431000 r--s 00005000 08:02 4722125                    /home/jam/.grails/ivy-cache/xpp3/xpp3_min/jars/xpp3_min-1.1.4c.jar
7f2887431000-7f2887433000 r--s 00004000 08:02 4722123                    /home/jam/.grails/ivy-cache/javax.servlet/jstl/jars/jstl-1.1.2.jar
7f2887433000-7f288743d000 r--s 0012c000 08:02 4722121                    /home/jam/.grails/ivy-cache/com.h2database/h2/jars/h2-1.3.164.jar
7f288743d000-7f2887440000 r--s 00016000 08:02 4722119                    /home/jam/.grails/ivy-cache/commons-pool/commons-pool/jars/commons-pool-1.5.6.jar
7f2887440000-7f2887443000 r--s 00025000 08:02 4722117                    /home/jam/.grails/ivy-cache/commons-dbcp/commons-dbcp/jars/commons-dbcp-1.4.jar
7f2887443000-7f2887445000 r--s 0000e000 08:02 4722115                    /home/jam/.grails/ivy-cache/oro/oro/jars/oro-2.0.8.jar
7f2887445000-7f2887447000 r--s 0000d000 08:02 4722113                    /home/jam/.grails/ivy-cache/commons-fileupload/commons-fileupload/jars/commons-fileupload-1.2.2.jar
7f2887447000-7f2887448000 r--s 0000a000 08:02 4722111                    /home/jam/.grails/ivy-cache/asm/asm/jars/asm-3.1.jar
7f2887448000-7f288744f000 r--s 0003e000 08:02 4722109                    /home/jam/.grails/ivy-cache/cglib/cglib/jars/cglib-2.2.jar
7f288744f000-7f2887453000 r--s 00019000 08:02 4722107                    /home/jam/.grails/ivy-cache/org.aspectj/aspectjrt/jars/aspectjrt-1.6.10.jar
7f2887453000-7f2887469000 r--s 00184000 08:02 4722105                    /home/jam/.grails/ivy-cache/org.aspectj/aspectjweaver/jars/aspectjweaver-1.6.10.jar
7f2887469000-7f2887470000 r--s 00056000 08:02 4722103                    /home/jam/.grails/ivy-cache/org.grails/grails-datastore-simple/jars/grails-datastore-simple-1.1.0.RELEASE.jar
7f2887470000-7f2887479000 r--s 00044000 08:02 4722101                    /home/jam/.grails/ivy-cache/org.grails/grails-datastore-core/jars/grails-datastore-core-1.1.0.RELEASE.jar
7f2887479000-7f288747e000 r--s 0004c000 08:02 4722099                    /home/jam/.grails/ivy-cache/org.grails/grails-datastore-gorm/jars/grails-datastore-gorm-1.1.0.RELEASE.jar
7f288747e000-7f2887489000 r--s 00082000 08:02 4722097                    /home/jam/.grails/ivy-cache/org.springframework/spring-webmvc/jars/spring-webmvc-3.1.2.RELEASE.jar
7f2887489000-7f2887495000 r--s 0007a000 08:02 4722095                    /home/jam/.grails/ivy-cache/org.springframework/spring-web/jars/spring-web-3.1.2.RELEASE.jar
7f2887495000-7f288749c000 r--s 00035000 08:02 4722093                    /home/jam/.grails/ivy-cache/org.springframework/spring-tx/jars/spring-tx-3.1.2.RELEASE.jar
7f288749c000-7f28874a5000 r--s 00054000 08:02 4722091                    /home/jam/.grails/ivy-cache/org.springframework/spring-orm/jars/spring-orm-3.1.2.RELEASE.jar
7f28874a5000-7f28874aa000 r--s 0002c000 08:02 4722089                    /home/jam/.grails/ivy-cache/org.springframework/spring-jms/jars/spring-jms-3.1.2.RELEASE.jar
7f28874aa000-7f28874b4000 r--s 00059000 08:02 4722087                    /home/jam/.grails/ivy-cache/org.springframework/spring-jdbc/jars/spring-jdbc-3.1.2.RELEASE.jar
7f28874b4000-7f28874b8000 r--s 00027000 08:02 4722085                    /home/jam/.grails/ivy-cache/org.springframework/spring-expression/jars/spring-expression-3.1.2.RELEASE.jar
7f28874b8000-7f28874bb000 r--s 00018000 08:02 4722083                    /home/jam/.grails/ivy-cache/org.springframework/spring-context-support/jars/spring-context-support-3.1.2.RELEASE.jar
7f28874bb000-7f28874d0000 r--s 000b7000 08:02 4722081                    /home/jam/.grails/ivy-cache/org.springframework/spring-context/jars/spring-context-3.1.2.RELEASE.jar
7f28874d0000-7f28874dc000 r--s 00085000 08:02 4722079                    /home/jam/.grails/ivy-cache/org.springframework/spring-beans/jars/spring-beans-3.1.2.RELEASE.jar
7f28874dc000-7f28874dd000 r--s 0000c000 08:02 4722077                    /home/jam/.grails/ivy-cache/org.springframework/spring-asm/jars/spring-asm-3.1.2.RELEASE.jar
7f28874dd000-7f28874df000 r--s 0000b000 08:02 4722075                    /home/jam/.grails/ivy-cache/org.springframework/spring-aspects/jars/spring-aspects-3.1.2.RELEASE.jar
7f28874df000-7f28874e8000 r--s 00049000 08:02 4722073                    /home/jam/.grails/ivy-cache/org.springframework/spring-aop/jars/spring-aop-3.1.2.RELEASE.jar
7f28874e8000-7f28874f2000 r--s 00064000 08:02 4722071                    /home/jam/.grails/ivy-cache/org.springframework/spring-core/jars/spring-core-3.1.2.RELEASE.jar
7f28874f2000-7f28874f4000 r--s 00008000 08:02 4722069                    /home/jam/.grails/ivy-cache/org.grails/grails-plugin-validation/jars/grails-plugin-validation-2.1.1.jar
7f28874f4000-7f28874f7000 r--s 0001c000 08:02 4722067                    /home/jam/.grails/ivy-cache/org.grails/grails-plugin-url-mappings/jars/grails-plugin-url-mappings-2.1.1.jar
7f28874f7000-7f28874f9000 r--s 0000f000 08:02 4722065                    /home/jam/.grails/ivy-cache/org.grails/grails-plugin-mimetypes/jars/grails-plugin-mimetypes-2.1.1.jar
7f28874f9000-7f28874fb000 r--s 00005000 08:02 4722063                    /home/jam/.grails/ivy-cache/org.grails/grails-plugin-servlets/jars/grails-plugin-servlets-2.1.1.jar
7f28874fb000-7f28874fc000 r--s 00008000 08:02 4722061                    /home/jam/.grails/ivy-cache/org.grails/grails-plugin-services/jars/grails-plugin-services-2.1.1.jar
7f28874fc000-7f28874fe000 r--s 00006000 08:02 4722059                    /home/jam/.grails/ivy-cache/org.grails/grails-plugin-scaffolding/jars/grails-plugin-scaffolding-2.1.1.jar
7f28874fe000-7f2887500000 r--s 0000e000 08:02 4722057                    /home/jam/.grails/ivy-cache/org.grails/grails-plugin-log4j/jars/grails-plugin-log4j-2.1.1.jar
7f2887500000-7f2887502000 r--s 00005000 08:02 4722055                    /home/jam/.grails/ivy-cache/org.grails/grails-plugin-i18n/jars/grails-plugin-i18n-2.1.1.jar
7f2887502000-7f2887509000 r--s 0006d000 08:02 4722053                    /home/jam/.grails/ivy-cache/org.grails/grails-plugin-gsp/jars/grails-plugin-gsp-2.1.1.jar
7f2887509000-7f288750b000 r--s 0000e000 08:02 4722051                    /home/jam/.grails/ivy-cache/org.grails/grails-plugin-filters/jars/grails-plugin-filters-2.1.1.jar
7f288750b000-7f288750d000 r--s 00009000 08:02 4722049                    /home/jam/.grails/ivy-cache/org.grails/grails-plugin-datasource/jars/grails-plugin-datasource-2.1.1.jar
7f288750d000-7f2887511000 r--s 00024000 08:02 4722047                    /home/jam/.grails/ivy-cache/org.grails/grails-plugin-converters/jars/grails-plugin-converters-2.1.1.jar
7f2887511000-7f2887514000 r--s 00019000 08:02 4722045                    /home/jam/.grails/ivy-cache/org.grails/grails-plugin-domain-class/jars/grails-plugin-domain-class-2.1.1.jar
7f2887514000-7f2887518000 r--s 00028000 08:02 4722043                    /home/jam/.grails/ivy-cache/org.grails/grails-plugin-controllers/jars/grails-plugin-controllers-2.1.1.jar
7f2887518000-7f288751a000 r--s 00015000 08:02 4722041                    /home/jam/.grails/ivy-cache/org.grails/grails-plugin-codecs/jars/grails-plugin-codecs-2.1.1.jar
7f288751a000-7f288751b000 r--s 00000000 08:02 4722039                    /home/jam/.grails/ivy-cache/org.grails/grails-logging/jars/grails-logging-2.1.1.jar
7f288751b000-7f288751d000 r--s 00009000 08:02 4722037                    /home/jam/.grails/ivy-cache/org.grails/grails-spring/jars/grails-spring-2.1.1.jar
7f288751d000-7f2887527000 r--s 0008a000 08:02 4722035                    /home/jam/.grails/ivy-cache/org.grails/grails-hibernate/jars/grails-hibernate-2.1.1.jar
7f2887527000-7f2887529000 r--s 00009000 08:02 4722033                    /home/jam/.grails/ivy-cache/org.grails/grails-crud/jars/grails-crud-2.1.1.jar
7f2887529000-7f288752f000 r--s 00027000 08:02 4722031                    /home/jam/.grails/ivy-cache/opensymphony/sitemesh/jars/sitemesh-2.4.jar
7f288752f000-7f2887534000 r--s 00015000 08:02 4722029                    /home/jam/.grails/ivy-cache/org.hibernate.javax.persistence/hibernate-jpa-2.0-api/jars/hibernate-jpa-2.0-api-1.0.1.Final.jar
7f2887534000-7f2887535000 r--s 00003000 08:02 4722027                    /home/jam/.grails/ivy-cache/javax.transaction/jta/jars/jta-1.1.jar
7f2887535000-7f288753a000 r--s 00041000 08:02 4722025                    /home/jam/.grails/ivy-cache/commons-lang/commons-lang/jars/commons-lang-2.6.jar
7f288753a000-7f288753d000 r--s 00025000 08:02 4722023                    /home/jam/.grails/ivy-cache/commons-io/commons-io/jars/commons-io-2.1.jar
7f288753d000-7f288754b000 r--s 0007f000 08:02 4722021                    /home/jam/.grails/ivy-cache/commons-collections/commons-collections/jars/commons-collections-3.2.1.jar
7f288754b000-7f288754d000 r--s 00010000 08:02 4722019                    /home/jam/.grails/ivy-cache/commons-codec/commons-codec/jars/commons-codec-1.5.jar
7f288754d000-7f288754f000 r--s 00000000 08:02 4722017                    /home/jam/.grails/ivy-cache/aopalliance/aopalliance/jars/aopalliance-1.0.jar
7f288754f000-7f2887552000 r--s 0001f000 08:02 4722015                    /home/jam/.grails/ivy-cache/commons-validator/commons-validator/jars/commons-validator-1.3.1.jar
7f2887552000-7f2887555000 r--s 00019000 08:02 4722013                    /home/jam/.grails/ivy-cache/commons-el/commons-el/jars/commons-el-1.0.jar
7f2887555000-7f288755a000 r--s 00034000 08:02 4722011                    /home/jam/.grails/ivy-cache/commons-beanutils/commons-beanutils/jars/commons-beanutils-1.8.3.jar
7f288755a000-7f28875b8000 r--s 00592000 08:02 4722009                    /home/jam/.grails/ivy-cache/org.codehaus.groovy/groovy-all/jars/groovy-all-1.8.8.jar
7f28875b8000-7f28875ba000 r--s 0000d000 08:02 5508471                    /home/jam/.grails/ivy-cache/org.grails/grails-plugin-tomcat/jars/grails-plugin-tomcat-2.1.1.jar
7f28875ba000-7f28875ca000 r--s 0019c000 08:02 5508469                    /home/jam/.grails/ivy-cache/org.eclipse.jdt.core.compiler/ecj/jars/ecj-3.7.2.jar
7f28875ca000-7f28875ec000 r--s 00254000 08:02 4721757                    /home/jam/.grails/ivy-cache/org.apache.tomcat.embed/tomcat-embed-core/jars/tomcat-embed-core-7.0.30.jar
7f28875ec000-7f2887601000 r-xp 00000000 08:02 18747986                   /usr/lib/jvm/java-6-openjdk-amd64/jre/lib/amd64/libnet.so
7f2887601000-7f2887800000 ---p 00015000 08:02 18747986                   /usr/lib/jvm/java-6-openjdk-amd64/jre/lib/amd64/libnet.so
7f2887800000-7f2887801000 r--p 00014000 08:02 18747986                   /usr/lib/jvm/java-6-openjdk-amd64/jre/lib/amd64/libnet.so
7f2887801000-7f2887802000 rw-p 00015000 08:02 18747986                   /usr/lib/jvm/java-6-openjdk-amd64/jre/lib/amd64/libnet.so
7f2887802000-7f2887805000 ---p 00000000 00:00 0 
7f2887805000-7f2887903000 rw-p 00000000 00:00 0 
7f2887903000-7f2887904000 r--s 0000e000 08:02 5509422                    /home/jam/.grails/ivy-cache/org.grails.plugins/zipped-resources/zips/zipped-resources-1.0.zip
7f2887904000-7f2887907000 r--s 00012000 08:02 5508284                    /home/jam/.grails/ivy-cache/org.grails.plugins/resources/zips/resources-1.1.6.zip
7f2887907000-7f2887908000 r--s 00001000 08:02 5508280                    /home/jam/.grails/ivy-cache/org.grails.plugins/hibernate/zips/hibernate-2.1.1.zip
7f2887908000-7f288790a000 r--s 00004000 08:02 5637612                    /home/jam/.grails/ivy-cache/org.grails.plugins/csv/zips/csv-0.3.1.zip
7f288790a000-7f288790d000 r--s 0002d000 08:02 5508282                    /home/jam/.grails/ivy-cache/org.grails.plugins/jquery/zips/jquery-1.8.0.zip
7f288790d000-7f288790f000 r--s 00008000 08:02 5508467                    /home/jam/.grails/ivy-cache/org.apache.tomcat.embed/tomcat-embed-logging-juli/jars/tomcat-embed-logging-juli-7.0.30.jar
7f288790f000-7f2887911000 r--s 00013000 08:02 4721761                    /home/jam/.grails/ivy-cache/org.apache.tomcat.embed/tomcat-embed-logging-log4j/jars/tomcat-embed-logging-log4j-7.0.30.jar
7f2887911000-7f288791c000 r--s 000b6000 08:02 4721759                    /home/jam/.grails/ivy-cache/org.apache.tomcat.embed/tomcat-embed-jasper/jars/tomcat-embed-jasper-7.0.30.jar
7f288791c000-7f288791e000 r--s 0000c000 08:02 5508465                    /home/jam/.grails/ivy-cache/org.apache.tomcat/tomcat-catalina-ant/jars/tomcat-catalina-ant-7.0.30.jar
7f288791e000-7f288791f000 r--s 00001000 08:02 4721467                    /home/jam/.grails/ivy-cache/org.apache.ant/ant-trax/jars/ant-trax-1.7.1.jar
7f288791f000-7f2887921000 r--s 00017000 08:02 4721465                    /home/jam/.grails/ivy-cache/org.apache.ant/ant-junit/jars/ant-junit-1.8.2.jar
7f2887921000-7f2887923000 r--s 00002000 08:02 4721463                    /home/jam/.grails/ivy-cache/org.apache.ant/ant-launcher/jars/ant-launcher-1.8.2.jar
7f2887923000-7f2887941000 r--s 001bb000 08:02 4721461                    /home/jam/.grails/ivy-cache/org.apache.ant/ant/jars/ant-1.8.2.jar
7f2887941000-7f2887948000 r--s 00037000 08:02 4721459                    /home/jam/.grails/ivy-cache/junit/junit/jars/junit-4.10.jar
7f2887948000-7f288794b000 r--s 0000b000 08:02 4721456                    /home/jam/.grails/ivy-cache/com.googlecode.concurrentlinkedhashmap/concurrentlinkedhashmap-lru/jars/concurrentlinkedhashmap-lru-1.2_jdk5.jar
7f288794b000-7f2887951000 r--s 00033000 08:02 4721454                    /home/jam/.grails/ivy-cache/org.springframework/spring-test/jars/spring-test-3.1.2.RELEASE.jar
7f2887951000-7f2887953000 r--s 00005000 08:02 4721452                    /home/jam/.grails/ivy-cache/org.slf4j/slf4j-api/jars/slf4j-api-1.6.2.jar
7f2887953000-7f2887960000 r--s 000b7000 08:02 4721450                    /home/jam/.grails/ivy-cache/org.grails/grails-web/jars/grails-web-2.1.1.jar
7f2887960000-7f2887963000 r--s 00026000 08:02 4721448                    /home/jam/.grails/ivy-cache/org.grails/grails-resources/jars/grails-resources-2.1.1.jar
7f2887963000-7f2887971000 r--s 000b5000 08:02 4721446                    /home/jam/.grails/ivy-cache/org.grails/grails-core/jars/grails-core-2.1.1.jar
7f2887971000-7f288797c000 r--s 000fe000 08:02 4721444                    /home/jam/.grails/ivy-cache/org.grails/grails-scripts/jars/grails-scripts-2.1.1.jar
7f288797c000-7f2887985000 r--s 000a8000 08:02 4721442                    /home/jam/.grails/ivy-cache/org.grails/grails-bootstrap/jars/grails-bootstrap-2.1.1.jar
7f2887985000-7f288799a000 r-xp 00000000 08:02 8650919                    /tmp/jna2035445907532787192.tmp
7f288799a000-7f2887a99000 ---p 00015000 08:02 8650919                    /tmp/jna2035445907532787192.tmp
7f2887a99000-7f2887a9b000 rw-p 00014000 08:02 8650919                    /tmp/jna2035445907532787192.tmp
7f2887a9b000-7f2887afb000 r--s 00d92000 08:02 18877160                   /usr/lib/jvm/java-6-openjdk-amd64/lib/tools.jar
7f2887afb000-7f2887afc000 ---p 00000000 00:00 0 
7f2887afc000-7f2887bfc000 rw-p 00000000 00:00 0 
7f2887bfc000-7f2887bff000 ---p 00000000 00:00 0 
7f2887bff000-7f2887cfd000 rw-p 00000000 00:00 0 
7f2887cfd000-7f2887d00000 ---p 00000000 00:00 0 
7f2887d00000-7f2887dfe000 rw-p 00000000 00:00 0 
7f2887dfe000-7f2887e01000 ---p 00000000 00:00 0 
7f2887e01000-7f2887eff000 rw-p 00000000 00:00 0 
7f2887eff000-7f2887f02000 ---p 00000000 00:00 0 
7f2887f02000-7f2888000000 rw-p 00000000 00:00 0 
7f2888000000-7f288802b000 rw-p 00000000 00:00 0 
7f288802b000-7f288c000000 ---p 00000000 00:00 0 
7f288c001000-7f288c004000 r--s 00044000 08:02 4721440                    /home/jam/.grails/ivy-cache/org.grails/grails-docs/jars/grails-docs-2.1.1.jar
7f288c004000-7f288c007000 r--s 00041000 08:02 4721438                    /home/jam/.grails/ivy-cache/xalan/serializer/jars/serializer-2.7.1.jar
7f288c007000-7f288c00a000 r--s 000cf000 08:02 4721436                    /home/jam/.grails/ivy-cache/net.java.dev.jna/jna/jars/jna-3.2.3.jar
7f288c00a000-7f288c00c000 r--s 00008000 08:02 4721434                    /home/jam/.grails/ivy-cache/org.fusesource.jansi/jansi/jars/jansi-1.2.1.jar
7f288c00c000-7f288c01b000 r--s 000d9000 08:02 4721424                    /home/jam/.grails/ivy-cache/org.apache.ivy/ivy/jars/ivy-2.2.0.jar
7f288c01b000-7f288c01d000 r--s 00015000 08:02 4721422                    /home/jam/.grails/ivy-cache/jline/jline/jars/jline-1.0.jar
7f288c01d000-7f288c7f8000 r--p 00000000 08:02 16128286                   /usr/lib/locale/locale-archive
7f288c7f8000-7f288c7fb000 ---p 00000000 00:00 0 
7f288c7fb000-7f288c8f9000 rw-p 00000000 00:00 0 
7f288c8f9000-7f288c8fc000 ---p 00000000 00:00 0 
7f288c8fc000-7f288c9fa000 rw-p 00000000 00:00 0 
7f288c9fa000-7f288c9fb000 ---p 00000000 00:00 0 
7f288c9fb000-7f288d000000 rw-p 00000000 00:00 0 
7f288d000000-7f288d7d0000 rwxp 00000000 00:00 0 
7f288d7d0000-7f28910da000 rw-p 00000000 00:00 0 
7f28910da000-7f2894000000 ---p 00000000 00:00 0 
7f2894001000-7f2894026000 r--s 00172000 08:02 4721397                    /home/jam/.grails/ivy-cache/org.bouncycastle/bcprov-jdk15/jars/bcprov-jdk15-1.45.jar
7f2894026000-7f289402b000 r--s 00024000 08:02 4721394                    /home/jam/.grails/ivy-cache/org.bouncycastle/bcpg-jdk15/jars/bcpg-jdk15-1.45.jar
7f289402b000-7f289402c000 r--s 00003000 08:02 4721392                    /home/jam/.grails/ivy-cache/com.googlecode.json-simple/json-simple/jars/json-simple-1.1.jar
7f289402c000-7f2894032000 r--s 00068000 08:02 4721389                    /home/jam/.grails/ivy-cache/com.google.protobuf/protobuf-java/jars/protobuf-java-2.4.1.jar
7f2894032000-7f2894035000 r--s 0001a000 08:02 4721386                    /home/jam/.grails/ivy-cache/org.springframework.uaa/org.springframework.uaa.client/bundles/org.springframework.uaa.client-1.0.1.RELEASE.jar
7f2894035000-7f289403a000 r--s 00050000 08:02 4587551                    /home/jam/Applications/grails-2.1.1/lib/org.codehaus.gant/gant_groovy1.8/jars/gant_groovy1.8-1.9.6.jar
7f289403a000-7f2894058000 r--s 001bb000 08:02 15997849                   /home/jam/Applications/grails-2.1.1/lib/org.apache.ant/ant/jars/ant-1.8.2.jar
7f2894058000-7f2894067000 r--s 000d9000 08:02 3933556                    /home/jam/Applications/grails-2.1.1/lib/org.apache.ivy/ivy/jars/ivy-2.2.0.jar
7f2894067000-7f2894069000 r--s 00009000 08:02 15730918                   /home/jam/Applications/grails-2.1.1/lib/commons-cli/commons-cli/jars/commons-cli-1.2.jar
7f2894069000-7f289406c000 r--s 000cf000 08:02 15997829                   /home/jam/Applications/grails-2.1.1/lib/net.java.dev.jna/jna/jars/jna-3.2.3.jar
7f289406c000-7f28940ca000 r--s 00592000 08:02 4587821                    /home/jam/Applications/grails-2.1.1/lib/org.codehaus.groovy/groovy-all/jars/groovy-all-1.8.8.jar
7f28940ca000-7f28940fd000 rw-p 00000000 00:00 0 
7f28940fd000-7f289428f000 r--s 037bf000 08:02 18616443                   /usr/lib/jvm/java-6-openjdk-amd64/jre/lib/rt.jar
7f289428f000-7f28942b7000 rw-p 00000000 00:00 0 
7f28942b7000-7f28942b8000 ---p 00000000 00:00 0 
7f28942b8000-7f28943b8000 rw-p 00000000 00:00 0 
7f28943b8000-7f28943b9000 ---p 00000000 00:00 0 
7f28943b9000-7f28944b9000 rw-p 00000000 00:00 0 
7f28944b9000-7f28944ba000 ---p 00000000 00:00 0 
7f28944ba000-7f28945ba000 rw-p 00000000 00:00 0 
7f28945ba000-7f28945bb000 ---p 00000000 00:00 0 
7f28945bb000-7f28948bb000 rw-p 00000000 00:00 0 
7f28948bb000-7f2894a3c000 rw-p 00000000 00:00 0 
7f2894a3c000-7f2894a43000 r-xp 00000000 08:02 18748006                   /usr/lib/jvm/java-6-openjdk-amd64/jre/lib/amd64/libzip.so
7f2894a43000-7f2894c42000 ---p 00007000 08:02 18748006                   /usr/lib/jvm/java-6-openjdk-amd64/jre/lib/amd64/libzip.so
7f2894c42000-7f2894c43000 r--p 00006000 08:02 18748006                   /usr/lib/jvm/java-6-openjdk-amd64/jre/lib/amd64/libzip.so
7f2894c43000-7f2894c44000 rw-p 00007000 08:02 18748006                   /usr/lib/jvm/java-6-openjdk-amd64/jre/lib/amd64/libzip.so
7f2894c44000-7f2894c50000 r-xp 00000000 08:02 16256549                   /lib/x86_64-linux-gnu/libnss_files-2.15.so
7f2894c50000-7f2894e4f000 ---p 0000c000 08:02 16256549                   /lib/x86_64-linux-gnu/libnss_files-2.15.so
7f2894e4f000-7f2894e50000 r--p 0000b000 08:02 16256549                   /lib/x86_64-linux-gnu/libnss_files-2.15.so
7f2894e50000-7f2894e51000 rw-p 0000c000 08:02 16256549                   /lib/x86_64-linux-gnu/libnss_files-2.15.so
7f2894e51000-7f2894e5b000 r-xp 00000000 08:02 16256553                   /lib/x86_64-linux-gnu/libnss_nis-2.15.so
7f2894e5b000-7f289505b000 ---p 0000a000 08:02 16256553                   /lib/x86_64-linux-gnu/libnss_nis-2.15.so
7f289505b000-7f289505c000 r--p 0000a000 08:02 16256553                   /lib/x86_64-linux-gnu/libnss_nis-2.15.so
7f289505c000-7f289505d000 rw-p 0000b000 08:02 16256553                   /lib/x86_64-linux-gnu/libnss_nis-2.15.so
7f289505d000-7f2895074000 r-xp 00000000 08:02 16256543                   /lib/x86_64-linux-gnu/libnsl-2.15.so
7f2895074000-7f2895273000 ---p 00017000 08:02 16256543                   /lib/x86_64-linux-gnu/libnsl-2.15.so
7f2895273000-7f2895274000 r--p 00016000 08:02 16256543                   /lib/x86_64-linux-gnu/libnsl-2.15.so
7f2895274000-7f2895275000 rw-p 00017000 08:02 16256543                   /lib/x86_64-linux-gnu/libnsl-2.15.so
7f2895275000-7f2895277000 rw-p 00000000 00:00 0 
7f2895277000-7f289527f000 r-xp 00000000 08:02 16256545                   /lib/x86_64-linux-gnu/libnss_compat-2.15.so
7f289527f000-7f289547e000 ---p 00008000 08:02 16256545                   /lib/x86_64-linux-gnu/libnss_compat-2.15.so
7f289547e000-7f289547f000 r--p 00007000 08:02 16256545                   /lib/x86_64-linux-gnu/libnss_compat-2.15.so
7f289547f000-7f2895480000 rw-p 00008000 08:02 16256545                   /lib/x86_64-linux-gnu/libnss_compat-2.15.so
7f2895480000-7f2895489000 r-xp 00000000 08:02 18747976                   /usr/lib/jvm/java-6-openjdk-amd64/jre/lib/amd64/libinstrument.so
7f2895489000-7f2895689000 ---p 00009000 08:02 18747976                   /usr/lib/jvm/java-6-openjdk-amd64/jre/lib/amd64/libinstrument.so
7f2895689000-7f289568a000 r--p 00009000 08:02 18747976                   /usr/lib/jvm/java-6-openjdk-amd64/jre/lib/amd64/libinstrument.so
7f289568a000-7f289568b000 rw-p 0000a000 08:02 18747976                   /usr/lib/jvm/java-6-openjdk-amd64/jre/lib/amd64/libinstrument.so
7f289568b000-7f28956b7000 r-xp 00000000 08:02 18747994                   /usr/lib/jvm/java-6-openjdk-amd64/jre/lib/amd64/libjava.so
7f28956b7000-7f28958b6000 ---p 0002c000 08:02 18747994                   /usr/lib/jvm/java-6-openjdk-amd64/jre/lib/amd64/libjava.so
7f28958b6000-7f28958b7000 r--p 0002b000 08:02 18747994                   /usr/lib/jvm/java-6-openjdk-amd64/jre/lib/amd64/libjava.so
7f28958b7000-7f28958ba000 rw-p 0002c000 08:02 18747994                   /usr/lib/jvm/java-6-openjdk-amd64/jre/lib/amd64/libjava.so
7f28958ba000-7f28958c8000 r-xp 00000000 08:02 18747993                   /usr/lib/jvm/java-6-openjdk-amd64/jre/lib/amd64/libverify.so
7f28958c8000-7f2895ac7000 ---p 0000e000 08:02 18747993                   /usr/lib/jvm/java-6-openjdk-amd64/jre/lib/amd64/libverify.so
7f2895ac7000-7f2895ac9000 r--p 0000d000 08:02 18747993                   /usr/lib/jvm/java-6-openjdk-amd64/jre/lib/amd64/libverify.so
7f2895ac9000-7f2895aca000 rw-p 0000f000 08:02 18747993                   /usr/lib/jvm/java-6-openjdk-amd64/jre/lib/amd64/libverify.so
7f2895aca000-7f2895ad1000 r-xp 00000000 08:02 16256584                   /lib/x86_64-linux-gnu/librt-2.15.so
7f2895ad1000-7f2895cd0000 ---p 00007000 08:02 16256584                   /lib/x86_64-linux-gnu/librt-2.15.so
7f2895cd0000-7f2895cd1000 r--p 00006000 08:02 16256584                   /lib/x86_64-linux-gnu/librt-2.15.so
7f2895cd1000-7f2895cd2000 rw-p 00007000 08:02 16256584                   /lib/x86_64-linux-gnu/librt-2.15.so
7f2895cd2000-7f2895ce7000 r-xp 00000000 08:02 16256519                   /lib/x86_64-linux-gnu/libgcc_s.so.1
7f2895ce7000-7f2895ee6000 ---p 00015000 08:02 16256519                   /lib/x86_64-linux-gnu/libgcc_s.so.1
7f2895ee6000-7f2895ee7000 r--p 00014000 08:02 16256519                   /lib/x86_64-linux-gnu/libgcc_s.so.1
7f2895ee7000-7f2895ee8000 rw-p 00015000 08:02 16256519                   /lib/x86_64-linux-gnu/libgcc_s.so.1
7f2895ee8000-7f2895fe1000 r-xp 00000000 08:02 16256530                   /lib/x86_64-linux-gnu/libm-2.15.so
7f2895fe1000-7f28961e0000 ---p 000f9000 08:02 16256530                   /lib/x86_64-linux-gnu/libm-2.15.so
7f28961e0000-7f28961e1000 r--p 000f8000 08:02 16256530                   /lib/x86_64-linux-gnu/libm-2.15.so
7f28961e1000-7f28961e2000 rw-p 000f9000 08:02 16256530                   /lib/x86_64-linux-gnu/libm-2.15.so
7f28961e2000-7f28962c4000 r-xp 00000000 08:02 16129397                   /usr/lib/x86_64-linux-gnu/libstdc++.so.6.0.16
7f28962c4000-7f28964c3000 ---p 000e2000 08:02 16129397                   /usr/lib/x86_64-linux-gnu/libstdc++.so.6.0.16
7f28964c3000-7f28964cb000 r--p 000e1000 08:02 16129397                   /usr/lib/x86_64-linux-gnu/libstdc++.so.6.0.16
7f28964cb000-7f28964cd000 rw-p 000e9000 08:02 16129397                   /usr/lib/x86_64-linux-gnu/libstdc++.so.6.0.16
7f28964cd000-7f28964e2000 rw-p 00000000 00:00 0 
7f28964e2000-7f2896de6000 r-xp 00000000 08:02 18877146                   /usr/lib/jvm/java-6-openjdk-amd64/jre/lib/amd64/server/libjvm.so
7f2896de6000-7f2896fe6000 ---p 00904000 08:02 18877146                   /usr/lib/jvm/java-6-openjdk-amd64/jre/lib/amd64/server/libjvm.so
7f2896fe6000-7f2897066000 r--p 00904000 08:02 18877146                   /usr/lib/jvm/java-6-openjdk-amd64/jre/lib/amd64/server/libjvm.so
7f2897066000-7f2897081000 rw-p 00984000 08:02 18877146                   /usr/lib/jvm/java-6-openjdk-amd64/jre/lib/amd64/server/libjvm.so
7f2897081000-7f28970aa000 rw-p 00000000 00:00 0 
7f28970aa000-7f28970c0000 r-xp 00000000 08:02 16256609                   /lib/x86_64-linux-gnu/libz.so.1.2.3.4
7f28970c0000-7f28972bf000 ---p 00016000 08:02 16256609                   /lib/x86_64-linux-gnu/libz.so.1.2.3.4
7f28972bf000-7f28972c0000 r--p 00015000 08:02 16256609                   /lib/x86_64-linux-gnu/libz.so.1.2.3.4
7f28972c0000-7f28972c1000 rw-p 00016000 08:02 16256609                   /lib/x86_64-linux-gnu/libz.so.1.2.3.4
7f28972c1000-7f2897474000 r-xp 00000000 08:02 16256498                   /lib/x86_64-linux-gnu/libc-2.15.so
7f2897474000-7f2897673000 ---p 001b3000 08:02 16256498                   /lib/x86_64-linux-gnu/libc-2.15.so
7f2897673000-7f2897677000 r--p 001b2000 08:02 16256498                   /lib/x86_64-linux-gnu/libc-2.15.so
7f2897677000-7f2897679000 rw-p 001b6000 08:02 16256498                   /lib/x86_64-linux-gnu/libc-2.15.so
7f2897679000-7f289767e000 rw-p 00000000 00:00 0 
7f289767e000-7f2897680000 r-xp 00000000 08:02 16256511                   /lib/x86_64-linux-gnu/libdl-2.15.so
7f2897680000-7f2897880000 ---p 00002000 08:02 16256511                   /lib/x86_64-linux-gnu/libdl-2.15.so
7f2897880000-7f2897881000 r--p 00002000 08:02 16256511                   /lib/x86_64-linux-gnu/libdl-2.15.so
7f2897881000-7f2897882000 rw-p 00003000 08:02 16256511                   /lib/x86_64-linux-gnu/libdl-2.15.so
7f2897882000-7f2897886000 r-xp 00000000 08:02 18747978                   /usr/lib/jvm/java-6-openjdk-amd64/jre/lib/amd64/jli/libjli.so
7f2897886000-7f2897a85000 ---p 00004000 08:02 18747978                   /usr/lib/jvm/java-6-openjdk-amd64/jre/lib/amd64/jli/libjli.so
7f2897a85000-7f2897a86000 r--p 00003000 08:02 18747978                   /usr/lib/jvm/java-6-openjdk-amd64/jre/lib/amd64/jli/libjli.so
7f2897a86000-7f2897a87000 rw-p 00004000 08:02 18747978                   /usr/lib/jvm/java-6-openjdk-amd64/jre/lib/amd64/jli/libjli.so
7f2897a87000-7f2897a9f000 r-xp 00000000 08:02 16256578                   /lib/x86_64-linux-gnu/libpthread-2.15.so
7f2897a9f000-7f2897c9e000 ---p 00018000 08:02 16256578                   /lib/x86_64-linux-gnu/libpthread-2.15.so
7f2897c9e000-7f2897c9f000 r--p 00017000 08:02 16256578                   /lib/x86_64-linux-gnu/libpthread-2.15.so
7f2897c9f000-7f2897ca0000 rw-p 00018000 08:02 16256578                   /lib/x86_64-linux-gnu/libpthread-2.15.so
7f2897ca0000-7f2897ca4000 rw-p 00000000 00:00 0 
7f2897ca4000-7f2897cc6000 r-xp 00000000 08:02 16256478                   /lib/x86_64-linux-gnu/ld-2.15.so
7f2897cc6000-7f2897ccd000 r--s 000fb000 08:02 18489889                   /usr/lib/jvm/java-6-openjdk-common/jre/lib/resources.jar
7f2897ccd000-7f2897cd4000 r--s 00067000 08:02 15730908                   /home/jam/Applications/grails-2.1.1/lib/com.springsource.springloaded/springloaded-core/jars/springloaded-core-1.0.6.jar
7f2897cd4000-7f2897cdd000 r--s 000a8000 08:02 15731003                   /home/jam/Applications/grails-2.1.1/dist/grails-bootstrap-2.1.1.jar
7f2897cdd000-7f2897cfd000 rw-p 00000000 00:00 0 
7f2897cfd000-7f2897d9d000 rw-p 00000000 00:00 0 
7f2897d9d000-7f2897da0000 ---p 00000000 00:00 0 
7f2897da0000-7f2897ea3000 rw-p 00000000 00:00 0 
7f2897ea4000-7f2897ea6000 r--s 00008000 08:02 4587896                    /home/jam/Applications/grails-2.1.1/lib/org.fusesource.jansi/jansi/jars/jansi-1.2.1.jar
7f2897ea6000-7f2897ea8000 r--s 00015000 08:02 15862296                   /home/jam/Applications/grails-2.1.1/lib/jline/jline/jars/jline-1.0.jar
7f2897ea8000-7f2897eab000 r--s 0007d000 08:02 18489867                   /usr/lib/jvm/java-6-openjdk-common/jre/lib/jsse.jar
7f2897eab000-7f2897eaf000 r--s 00038000 08:02 18489882                   /usr/lib/jvm/java-6-openjdk-common/jre/lib/ext/sunpkcs11.jar
7f2897eaf000-7f2897eb2000 r--s 00031000 08:02 18489884                   /usr/lib/jvm/java-6-openjdk-common/jre/lib/ext/sunjce_provider.jar
7f2897eb2000-7f2897eb3000 r--s 00007000 08:02 16651090                   /usr/share/java/java-atk-wrapper.jar
7f2897eb3000-7f2897eb6000 r--s 00077000 08:02 18489883                   /usr/lib/jvm/java-6-openjdk-common/jre/lib/ext/localedata.jar
7f2897eb6000-7f2897eb8000 r--s 00001000 08:02 18489885                   /usr/lib/jvm/java-6-openjdk-common/jre/lib/ext/dnsns.jar
7f2897eb8000-7f2897eba000 r--s 0000f000 08:02 18489886                   /usr/lib/jvm/java-6-openjdk-common/jre/lib/ext/pulse-java.jar
7f2897eba000-7f2897ec2000 rw-s 00000000 08:02 8650858                    /tmp/hsperfdata_jam/8680
7f2897ec2000-7f2897ec3000 rw-p 00000000 00:00 0 
7f2897ec3000-7f2897ec4000 r--p 00000000 00:00 0 
7f2897ec4000-7f2897ec6000 rw-p 00000000 00:00 0 
7f2897ec6000-7f2897ec7000 r--p 00022000 08:02 16256478                   /lib/x86_64-linux-gnu/ld-2.15.so
7f2897ec7000-7f2897ec9000 rw-p 00023000 08:02 16256478                   /lib/x86_64-linux-gnu/ld-2.15.so
7fffbd795000-7fffbd7b6000 rw-p 00000000 00:00 0                          [stack]
7fffbd7ff000-7fffbd800000 r-xp 00000000 00:00 0                          [vdso]
ffffffffff600000-ffffffffff601000 r-xp 00000000 00:00 0                  [vsyscall]

VM Arguments:
jvm_args: -Xmx768M -Xms768M -XX:PermSize=256m -XX:MaxPermSize=256m -Dfile.encoding=UTF-8 -Dserver.port=8080 -Djline.WindowsTerminal.directConsole=false -javaagent:/home/jam/Applications/grails-2.1.1/lib/com.springsource.springloaded/springloaded-core/jars/springloaded-core-1.0.6.jar -Xverify:none -Dspringloaded=profile=grails;cacheDir=/home/jam/.grails/2.1.1/ -Dgrails.home=/home/jam/Applications/grails-2.1.1 -Dtools.jar=/usr/lib/jvm/default-java/lib/tools.jar 
java_command: org.codehaus.groovy.grails.cli.support.GrailsStarter --main org.codehaus.groovy.grails.cli.GrailsScriptRunner --conf /home/jam/Applications/grails-2.1.1/conf/groovy-starter.conf --classpath   run-app
Launcher Type: SUN_STANDARD

Environment Variables:
JAVA_HOME=/usr/lib/jvm/default-java
PATH=/usr/lib/lightdm/lightdm:/usr/local/sbin:/usr/local/bin:/usr/sbin:/usr/bin:/sbin:/bin:/usr/games
LD_LIBRARY_PATH=/usr/lib/jvm/java-6-openjdk-amd64/jre/lib/amd64/server:/usr/lib/jvm/java-6-openjdk-amd64/jre/lib/amd64:/usr/lib/jvm/java-6-openjdk-amd64/jre/../lib/amd64
SHELL=/bin/bash
DISPLAY=:0.0

Signal Handlers:
SIGSEGV: [libjvm.so+0x784310], sa_mask[0]=0x7ffbfeff, sa_flags=0x10000004
SIGBUS: [libjvm.so+0x784310], sa_mask[0]=0x7ffbfeff, sa_flags=0x10000004
SIGFPE: [libjvm.so+0x648580], sa_mask[0]=0x7ffbfeff, sa_flags=0x10000004
SIGPIPE: SIG_IGN, sa_mask[0]=0x00000000, sa_flags=0x00000000
SIGXFSZ: [libjvm.so+0x648580], sa_mask[0]=0x7ffbfeff, sa_flags=0x10000004
SIGILL: [libjvm.so+0x648580], sa_mask[0]=0x7ffbfeff, sa_flags=0x10000004
SIGUSR1: SIG_DFL, sa_mask[0]=0x00000000, sa_flags=0x00000000
SIGUSR2: [libjvm.so+0x648730], sa_mask[0]=0x00000004, sa_flags=0x10000004
SIGHUP: [libjvm.so+0x64b250], sa_mask[0]=0x7ffbfeff, sa_flags=0x10000004
SIGINT: SIG_IGN, sa_mask[0]=0x00000000, sa_flags=0x00000000
SIGTERM: [libjvm.so+0x64b250], sa_mask[0]=0x7ffbfeff, sa_flags=0x10000004
SIGQUIT: [libjvm.so+0x64b250], sa_mask[0]=0x7ffbfeff, sa_flags=0x10000004


---------------  S Y S T E M  ---------------

OS:Ubuntu 12.04 (precise)
uname:Linux 3.2.0-31-generic #50-Ubuntu SMP Fri Sep 7 16:16:45 UTC 2012 x86_64
libc:glibc 2.15 NPTL 2.15 
rlimit: STACK 8192k, CORE 0k, NPROC 59519, NOFILE 4096, AS infinity
load average:0.63 1.03 0.89

/proc/meminfo:
MemTotal:        7636272 kB
MemFree:         3146108 kB
Buffers:          131996 kB
Cached:          1179908 kB
SwapCached:            0 kB
Active:          3189672 kB
Inactive:         804196 kB
Active(anon):    2683124 kB
Inactive(anon):    11756 kB
Active(file):     506548 kB
Inactive(file):   792440 kB
Unevictable:          60 kB
Mlocked:              60 kB
SwapTotal:       7837776 kB
SwapFree:        7837776 kB
Dirty:               180 kB
Writeback:             0 kB
AnonPages:       2682524 kB
Mapped:           314252 kB
Shmem:             12676 kB
Slab:             117448 kB
SReclaimable:      83156 kB
SUnreclaim:        34292 kB
KernelStack:        4864 kB
PageTables:        42884 kB
NFS_Unstable:          0 kB
Bounce:                0 kB
WritebackTmp:          0 kB
CommitLimit:    11655912 kB
Committed_AS:    5682564 kB
VmallocTotal:   34359738367 kB
VmallocUsed:      135720 kB
VmallocChunk:   34359600528 kB
HardwareCorrupted:     0 kB
AnonHugePages:         0 kB
HugePages_Total:       0
HugePages_Free:        0
HugePages_Rsvd:        0
HugePages_Surp:        0
Hugepagesize:       2048 kB
DirectMap4k:      227328 kB
DirectMap2M:     4472832 kB
DirectMap1G:     3145728 kB


CPU:total 4 (4 cores per cpu, 1 threads per core) family 18 model 1 stepping 0, cmov, cx8, fxsr, mmx, sse, sse2, sse3, popcnt, mmxext, 3dnowpref, lzcnt, sse4a

Memory: 4k page, physical 7636272k(3146108k free), swap 7837776k(7837776k free)

vm_info: OpenJDK 64-Bit Server VM (20.0-b12) for linux-amd64 JRE (1.6.0_24-b24), built on Sep  2 2012 19:50:47 by "buildd" with gcc 4.6.3

time: Mon Oct  1 21:34:32 2012
elapsed time: 221 seconds

