#
# A fatal error has been detected by the Java Runtime Environment:
#
#  SIGSEGV (0xb) at pc=0x00007f318160268e, pid=16680, tid=139850474067712
#
# JRE version: 6.0_24-b24
# Java VM: OpenJDK 64-Bit Server VM (20.0-b12 mixed mode linux-amd64 compressed oops)
# Derivative: IcedTea6 1.11.4
# Distribution: Ubuntu 12.04 LTS, package 6b24-1.11.4-1ubuntu0.12.04.1
# Problematic frame:
# J  java.lang.String.equals(Ljava/lang/Object;)Z
#
# If you would like to submit a bug report, please include
# instructions how to reproduce the bug and visit:
#   https://bugs.launchpad.net/ubuntu/+source/openjdk-6/
#

---------------  T H R E A D  ---------------

Current thread (0x00007f310035c000):  JavaThread "DefaultPluginScheduler_Worker-1" [_thread_in_Java, id=16732, stack(0x00007f3179c41000,0x00007f3179d42000)]

siginfo:si_signo=SIGSEGV: si_errno=0, si_code=1 (SEGV_MAPERR), si_addr=0x000000000000000e

Registers:
RAX=0x00000000c000fde0, RBX=0x00000000c000fde0, RCX=0x00000000c59acbf0, RDX=0x0000000000000006
RSP=0x00007f3179d3d730, RBP=0x00007f3179d3d7d0, RSI=0x00000000c59acbf0, RDI=0x00007f31810059b3
R8 =0x00007f318ca61980, R9 =0x000000000000000e, R10=0x00007f318ca5d560, R11=0x00007f3181602670
R12=0x0000000000000000, R13=0x00007f3179d3d780, R14=0x00007f3179d3d820, R15=0x00007f310035c000
RIP=0x00007f318160268e, EFLAGS=0x0000000000010206, CSGSFS=0x0000000000000033, ERR=0x0000000000000004
  TRAPNO=0x000000000000000e

Top of Stack: (sp=0x00007f3179d3d730)
0x00007f3179d3d730:   00007f3179d3d8a8 0000000000000050
0x00007f3179d3d740:   0000000000000000 00007f3179d3d780
0x00007f3179d3d750:   00007f3179d3d8a8 00007f310035c000
0x00007f3179d3d760:   00007f3179d3d7d0 00007f3181005a82
0x00007f3179d3d770:   00007f3179d3d7d0 00007f3181005a82
0x00007f3179d3d780:   0000000000000006 00000000c59acbf0
0x00007f3179d3d790:   00007f3179d3d790 00000000c1b04350
0x00007f3179d3d7a0:   00007f3179d3d820 00000000c1b063a0
0x00007f3179d3d7b0:   00000000c24f3fb0 00000000c1b043e0
0x00007f3179d3d7c0:   00007f3179d3d780 00007f3179d3d810
0x00007f3179d3d7d0:   00007f3179d3d870 00007f31810059b3
0x00007f3179d3d7e0:   00000000f3ca0298 deaddeaf000000aa
0x00007f3179d3d7f0:   deaddeaf00000029 00000000f38a1608
0x00007f3179d3d800:   0000000000000000 00000000c3615380
0x00007f3179d3d810:   00000000f3ca0270 00000000c59acbf0
0x00007f3179d3d820:   0000000000000000 00000000c3615380
0x00007f3179d3d830:   00007f3179d3d830 00000000c602607e
0x00007f3179d3d840:   00007f3179d3d8a8 00000000c6026480
0x00007f3179d3d850:   00000000c6b58920 00000000c6026138
0x00007f3179d3d860:   00007f3179d3d818 00007f3179d3d8b0
0x00007f3179d3d870:   0000000000000000 00007f31819d5584
0x00007f3179d3d880:   0000000000000000 0000000000000000
0x00007f3179d3d890:   00000000c3615380 0000000000000000
0x00007f3179d3d8a0:   00000000f3abf4f8 00000000dbbd1cb8
0x00007f3179d3d8b0:   00000000d88e5438 00000000f3c97368
0x00007f3179d3d8c0:   00007f31da9ac9c8 00007fff50948a1b
0x00007f3179d3d8d0:   00000000c41aee98 0000000000000000
0x00007f3179d3d8e0:   00000000f3c97408 00007f31814ded04
0x00007f3179d3d8f0:   00000000505925a7 00000000000d7aa0
0x00007f3179d3d900:   00000000f3c97408 00007f3181871e98
0x00007f3179d3d910:   00000000d7aa3d80 0000000100000001
0x00007f3179d3d920:   f3c97420f3c97458 00000000f3c97368 

Instructions: (pc=0x00007f318160268e)
0x00007f318160266e:   66 90 89 84 24 00 a0 ff ff 55 48 83 ec 30 48 3b
0x00007f318160267e:   f2 0f 84 d8 01 00 00 48 85 d2 0f 84 c1 01 00 00
0x00007f318160268e:   44 8b 5a 08 41 81 fb b8 43 01 c0 0f 85 b0 01 00
0x00007f318160269e:   00 44 8b 4e 14 44 8b 5a 14 45 3b cb 0f 85 9f 01 

Register to memory mapping:

RAX=0x00000000c000fde0 is an oop
{method} 
 - klass: {other class}
RBX=0x00000000c000fde0 is an oop
{method} 
 - klass: {other class}
RCX=0x00000000c59acbf0 is an oop
java.lang.String 
 - klass: 'java/lang/String'
RDX=0x0000000000000006 is an unknown value
RSP=0x00007f3179d3d730 is pointing into the stack for thread: 0x00007f310035c000
RBP=0x00007f3179d3d7d0 is pointing into the stack for thread: 0x00007f310035c000
RSI=0x00000000c59acbf0 is an oop
java.lang.String 
 - klass: 'java/lang/String'
RDI=0x00007f31810059b3 is an Interpreter codelet
return entry points  [0x00007f3181005140, 0x00007f3181006700]  5568 bytes
R8 =0x00007f318ca61980: <offset 0xbc2980> in /usr/lib/jvm/java-6-openjdk-amd64/jre/lib/amd64/server/libjvm.so at 0x00007f318be9f000
R9 =0x000000000000000e is an unknown value
R10=0x00007f318ca5d560: <offset 0xbbe560> in /usr/lib/jvm/java-6-openjdk-amd64/jre/lib/amd64/server/libjvm.so at 0x00007f318be9f000
R11=0x00007f3181602510 [CodeBlob (0x00007f3181602510)]
Framesize: 8
R12=0x0000000000000000 is an unknown value
R13=0x00007f3179d3d780 is pointing into the stack for thread: 0x00007f310035c000
R14=0x00007f3179d3d820 is pointing into the stack for thread: 0x00007f310035c000
R15=0x00007f310035c000 is a thread


Stack: [0x00007f3179c41000,0x00007f3179d42000],  sp=0x00007f3179d3d730,  free space=1009k
Native frames: (J=compiled Java code, j=interpreted, Vv=VM code, C=native code)
J  java.lang.String.equals(Ljava/lang/Object;)Z
j  org.codehaus.groovy.grails.orm.hibernate.metaclass.BeforeValidateHelper.invokeBeforeValidate(Ljava/lang/Object;Ljava/util/List;)V+38


---------------  P R O C E S S  ---------------

Java Threads: ( => current thread )
  0x00007f3118003800 JavaThread "http-bio-8080-exec-10" daemon [_thread_blocked, id=16811, stack(0x00007f3179f44000,0x00007f317a045000)]
  0x00007f3160108000 JavaThread "http-bio-8080-exec-9" daemon [_thread_blocked, id=16810, stack(0x00007f317a751000,0x00007f317a852000)]
  0x00007f31480f4000 JavaThread "http-bio-8080-exec-8" daemon [_thread_blocked, id=16797, stack(0x00007f317852a000,0x00007f317862b000)]
  0x00007f313400b800 JavaThread "http-bio-8080-exec-7" daemon [_thread_blocked, id=16796, stack(0x00007f317862b000,0x00007f317872c000)]
  0x00007f312400a000 JavaThread "http-bio-8080-exec-6" daemon [_thread_blocked, id=16789, stack(0x00007f317872c000,0x00007f317882d000)]
  0x00007f3124008800 JavaThread "http-bio-8080-exec-5" daemon [_thread_blocked, id=16788, stack(0x00007f317882d000,0x00007f317892e000)]
  0x00007f3124007000 JavaThread "http-bio-8080-exec-4" daemon [_thread_blocked, id=16787, stack(0x00007f317892e000,0x00007f3178a2f000)]
  0x00007f3124006000 JavaThread "http-bio-8080-exec-3" daemon [_thread_blocked, id=16785, stack(0x00007f3178a2f000,0x00007f3178b30000)]
  0x00007f3124004800 JavaThread "http-bio-8080-exec-2" daemon [_thread_blocked, id=16784, stack(0x00007f3178b30000,0x00007f3178c31000)]
  0x00007f3124003000 JavaThread "http-bio-8080-exec-1" daemon [_thread_blocked, id=16783, stack(0x00007f3178c31000,0x00007f3178d32000)]
  0x00007f3184c1a000 JavaThread "Thread-12" daemon [_thread_blocked, id=16748, stack(0x00007f3178d32000,0x00007f3178e33000)]
  0x00007f318422b800 JavaThread "Thread-11" [_thread_in_native, id=16747, stack(0x00007f3178e33000,0x00007f3178f34000)]
  0x00007f3184380800 JavaThread "http-bio-8080-AsyncTimeout" daemon [_thread_blocked, id=16746, stack(0x00007f3178f34000,0x00007f3179035000)]
  0x00007f3184bf7000 JavaThread "http-bio-8080-Acceptor-0" daemon [_thread_in_native, id=16745, stack(0x00007f3179035000,0x00007f3179136000)]
  0x00007f318432a800 JavaThread "ContainerBackgroundProcessor[StandardEngine[Tomcat]]" daemon [_thread_blocked, id=16744, stack(0x00007f3179136000,0x00007f3179237000)]
  0x00007f31003b7000 JavaThread "DefaultPluginScheduler_QuartzSchedulerThread" [_thread_blocked, id=16742, stack(0x00007f3179237000,0x00007f3179338000)]
  0x00007f3100077000 JavaThread "DefaultPluginScheduler_Worker-10" [_thread_blocked, id=16741, stack(0x00007f3179338000,0x00007f3179439000)]
  0x00007f3100204000 JavaThread "DefaultPluginScheduler_Worker-9" [_thread_blocked, id=16740, stack(0x00007f3179439000,0x00007f317953a000)]
  0x00007f310041f800 JavaThread "DefaultPluginScheduler_Worker-8" [_thread_blocked, id=16739, stack(0x00007f317953a000,0x00007f317963b000)]
  0x00007f31004ac000 JavaThread "DefaultPluginScheduler_Worker-7" [_thread_blocked, id=16738, stack(0x00007f317963b000,0x00007f317973c000)]
  0x00007f31003ac000 JavaThread "DefaultPluginScheduler_Worker-6" [_thread_blocked, id=16737, stack(0x00007f317973c000,0x00007f317983d000)]
  0x00007f31004b9000 JavaThread "DefaultPluginScheduler_Worker-5" [_thread_blocked, id=16736, stack(0x00007f317983d000,0x00007f317993e000)]
  0x00007f3100402800 JavaThread "DefaultPluginScheduler_Worker-4" [_thread_blocked, id=16735, stack(0x00007f317993e000,0x00007f3179a3f000)]
  0x00007f3100449800 JavaThread "DefaultPluginScheduler_Worker-3" [_thread_blocked, id=16734, stack(0x00007f3179a3f000,0x00007f3179b40000)]
  0x00007f3100958800 JavaThread "DefaultPluginScheduler_Worker-2" [_thread_blocked, id=16733, stack(0x00007f3179b40000,0x00007f3179c41000)]
=>0x00007f310035c000 JavaThread "DefaultPluginScheduler_Worker-1" [_thread_in_Java, id=16732, stack(0x00007f3179c41000,0x00007f3179d42000)]
  0x00007f3100363000 JavaThread "org.hibernate.cache.StandardQueryCache.data" daemon [_thread_blocked, id=16731, stack(0x00007f3179d42000,0x00007f3179e43000)]
  0x00007f31004c5000 JavaThread "org.hibernate.cache.UpdateTimestampsCache.data" daemon [_thread_blocked, id=16730, stack(0x00007f3179e43000,0x00007f3179f44000)]
  0x00007f3100412800 JavaThread "net.sf.ehcache.CacheManager@1c1b77f8" daemon [_thread_blocked, id=16729, stack(0x00007f317ae58000,0x00007f317af59000)]
  0x00007f318423f000 JavaThread "pool-4-thread-5" [_thread_blocked, id=16726, stack(0x00007f317a24c000,0x00007f317a34d000)]
  0x00007f318475c000 JavaThread "pool-4-thread-4" [_thread_blocked, id=16725, stack(0x00007f317a34d000,0x00007f317a44e000)]
  0x00007f3184815800 JavaThread "pool-4-thread-3" [_thread_blocked, id=16724, stack(0x00007f317a44e000,0x00007f317a54f000)]
  0x00007f3184dc8000 JavaThread "pool-4-thread-2" [_thread_blocked, id=16723, stack(0x00007f317a54f000,0x00007f317a650000)]
  0x00007f3184814800 JavaThread "pool-4-thread-1" [_thread_blocked, id=16722, stack(0x00007f317a650000,0x00007f317a751000)]
  0x00007f31842b8800 JavaThread "pool-3-thread-5" [_thread_blocked, id=16720, stack(0x00007f317a852000,0x00007f317a953000)]
  0x00007f3184b82000 JavaThread "pool-3-thread-4" [_thread_blocked, id=16719, stack(0x00007f317a953000,0x00007f317aa54000)]
  0x00007f3184312000 JavaThread "pool-3-thread-3" [_thread_blocked, id=16718, stack(0x00007f317aa54000,0x00007f317ab55000)]
  0x00007f31848ed800 JavaThread "pool-3-thread-2" [_thread_blocked, id=16717, stack(0x00007f317ab55000,0x00007f317ac56000)]
  0x00007f3184554800 JavaThread "pool-3-thread-1" [_thread_blocked, id=16716, stack(0x00007f317ac56000,0x00007f317ad57000)]
  0x00007f31848d3800 JavaThread "FileSystemWatcher: files=#380 cl=java.net.URLClassLoader@20edbca8" daemon [_thread_blocked, id=16715, stack(0x00007f317ad57000,0x00007f317ae58000)]
  0x00007f3184dd7800 JavaThread "pool-2-thread-1" [_thread_blocked, id=16713, stack(0x00007f317b580000,0x00007f317b681000)]
  0x00007f3184dd3000 JavaThread "Synchronizer (Spring UAA/1.0.1)" daemon [_thread_blocked, id=16712, stack(0x00007f31800d7000,0x00007f31801d8000)]
  0x00007f3184893800 JavaThread "Timer-0" daemon [_thread_blocked, id=16711, stack(0x00007f31881d0000,0x00007f31882d1000)]
  0x00007f31840e3800 JavaThread "Low Memory Detector" daemon [_thread_blocked, id=16703, stack(0x00007f3188642000,0x00007f3188743000)]
  0x00007f31840e9000 JavaThread "C2 CompilerThread1" daemon [_thread_blocked, id=16702, stack(0x00007f3188743000,0x00007f3188844000)]
  0x00007f31840ea800 JavaThread "C2 CompilerThread0" daemon [_thread_blocked, id=16701, stack(0x00007f3188844000,0x00007f3188945000)]
  0x00007f318408c000 JavaThread "Signal Dispatcher" daemon [_thread_blocked, id=16700, stack(0x00007f31889a3000,0x00007f3188aa4000)]
  0x00007f3184079800 JavaThread "Finalizer" daemon [_thread_blocked, id=16699, stack(0x00007f318927f000,0x00007f3189380000)]
  0x00007f3184077800 JavaThread "Reference Handler" daemon [_thread_blocked, id=16698, stack(0x00007f3189380000,0x00007f3189481000)]
  0x00007f3184009800 JavaThread "main" [_thread_blocked, id=16692, stack(0x00007f318d75b000,0x00007f318d85c000)]

Other Threads:
  0x00007f3184071000 VMThread [stack: 0x00007f3189481000,0x00007f3189582000] [id=16697]
  0x00007f31840f5800 WatcherThread [stack: 0x00007f3188541000,0x00007f3188642000] [id=16704]

VM state:not at safepoint (normal execution)

VM Mutex/Monitor currently owned by a thread: None

Heap
 PSYoungGen      total 257856K, used 68370K [0x00000000f0000000, 0x0000000100000000, 0x0000000100000000)
  eden space 253440K, 26% used [0x00000000f0000000,0x00000000f40a41a8,0x00000000ff780000)
  from space 4416K, 49% used [0x00000000ffbb0000,0x00000000ffdd0810,0x0000000100000000)
  to   space 4288K, 0% used [0x00000000ff780000,0x00000000ff780000,0x00000000ffbb0000)
 PSOldGen        total 524288K, used 198467K [0x00000000d0000000, 0x00000000f0000000, 0x00000000f0000000)
  object space 524288K, 37% used [0x00000000d0000000,0x00000000dc1d0ff0,0x00000000f0000000)
 PSPermGen       total 262144K, used 110180K [0x00000000c0000000, 0x00000000d0000000, 0x00000000d0000000)
  object space 262144K, 42% used [0x00000000c0000000,0x00000000c6b99300,0x00000000d0000000)

Code Cache  [0x00007f3181000000, 0x00007f3181ae0000, 0x00007f3184000000)
 total_blobs=3229 nmethods=2551 adapters=630 free_code_cache=39094592 largest_free_block=19584

Dynamic libraries:
00400000-00409000 r-xp 00000000 08:02 397963                             /usr/lib/jvm/java-6-openjdk-amd64/jre/bin/java
00608000-00609000 r--p 00008000 08:02 397963                             /usr/lib/jvm/java-6-openjdk-amd64/jre/bin/java
00609000-0060a000 rw-p 00009000 08:02 397963                             /usr/lib/jvm/java-6-openjdk-amd64/jre/bin/java
019f4000-01a15000 rw-p 00000000 00:00 0                                  [heap]
c0000000-100000000 rw-p 00000000 00:00 0 
7f30f4000000-7f30f4194000 rw-p 00000000 00:00 0 
7f30f4194000-7f30f8000000 ---p 00000000 00:00 0 
7f30fc000000-7f30fc021000 rw-p 00000000 00:00 0 
7f30fc021000-7f3100000000 ---p 00000000 00:00 0 
7f3100000000-7f3101291000 rw-p 00000000 00:00 0 
7f3101291000-7f3104000000 ---p 00000000 00:00 0 
7f3104000000-7f3104021000 rw-p 00000000 00:00 0 
7f3104021000-7f3108000000 ---p 00000000 00:00 0 
7f3108000000-7f3108021000 rw-p 00000000 00:00 0 
7f3108021000-7f310c000000 ---p 00000000 00:00 0 
7f310c000000-7f310c021000 rw-p 00000000 00:00 0 
7f310c021000-7f3110000000 ---p 00000000 00:00 0 
7f3110000000-7f3110021000 rw-p 00000000 00:00 0 
7f3110021000-7f3114000000 ---p 00000000 00:00 0 
7f3114000000-7f3114021000 rw-p 00000000 00:00 0 
7f3114021000-7f3118000000 ---p 00000000 00:00 0 
7f3118000000-7f3118021000 rw-p 00000000 00:00 0 
7f3118021000-7f311c000000 ---p 00000000 00:00 0 
7f311c000000-7f311c06f000 rw-p 00000000 00:00 0 
7f311c06f000-7f3120000000 ---p 00000000 00:00 0 
7f3120000000-7f3120021000 rw-p 00000000 00:00 0 
7f3120021000-7f3124000000 ---p 00000000 00:00 0 
7f3124000000-7f31240c8000 rw-p 00000000 00:00 0 
7f31240c8000-7f3128000000 ---p 00000000 00:00 0 
7f3128000000-7f3128021000 rw-p 00000000 00:00 0 
7f3128021000-7f312c000000 ---p 00000000 00:00 0 
7f312c000000-7f312c021000 rw-p 00000000 00:00 0 
7f312c021000-7f3130000000 ---p 00000000 00:00 0 
7f3130000000-7f3130021000 rw-p 00000000 00:00 0 
7f3130021000-7f3134000000 ---p 00000000 00:00 0 
7f3134000000-7f3134058000 rw-p 00000000 00:00 0 
7f3134058000-7f3138000000 ---p 00000000 00:00 0 
7f3138000000-7f31380a1000 rw-p 00000000 00:00 0 
7f31380a1000-7f313c000000 ---p 00000000 00:00 0 
7f313c000000-7f313e5ad000 rw-p 00000000 00:00 0 
7f313e5ad000-7f3140000000 ---p 00000000 00:00 0 
7f3140000000-7f3142ba2000 rw-p 00000000 00:00 0 
7f3142ba2000-7f3144000000 ---p 00000000 00:00 0 
7f3144000000-7f3144021000 rw-p 00000000 00:00 0 
7f3144021000-7f3148000000 ---p 00000000 00:00 0 
7f3148000000-7f3148101000 rw-p 00000000 00:00 0 
7f3148101000-7f314c000000 ---p 00000000 00:00 0 
7f314c000000-7f314fff7000 rw-p 00000000 00:00 0 
7f314fff7000-7f3150000000 ---p 00000000 00:00 0 
7f3150000000-7f3150021000 rw-p 00000000 00:00 0 
7f3150021000-7f3154000000 ---p 00000000 00:00 0 
7f3154000000-7f3154021000 rw-p 00000000 00:00 0 
7f3154021000-7f3158000000 ---p 00000000 00:00 0 
7f3158000000-7f315bffc000 rw-p 00000000 00:00 0 
7f315bffc000-7f315c000000 ---p 00000000 00:00 0 
7f315c000000-7f315c021000 rw-p 00000000 00:00 0 
7f315c021000-7f3160000000 ---p 00000000 00:00 0 
7f3160000000-7f3160307000 rw-p 00000000 00:00 0 
7f3160307000-7f3164000000 ---p 00000000 00:00 0 
7f3164000000-7f3164043000 rw-p 00000000 00:00 0 
7f3164043000-7f3168000000 ---p 00000000 00:00 0 
7f3168000000-7f31681d1000 rw-p 00000000 00:00 0 
7f31681d1000-7f316c000000 ---p 00000000 00:00 0 
7f316c000000-7f316c024000 rw-p 00000000 00:00 0 
7f316c024000-7f3170000000 ---p 00000000 00:00 0 
7f3174000000-7f3174052000 rw-p 00000000 00:00 0 
7f3174052000-7f3178000000 ---p 00000000 00:00 0 
7f3178429000-7f317842c000 ---p 00000000 00:00 0 
7f317842c000-7f317852a000 rw-p 00000000 00:00 0 
7f317852a000-7f317852d000 ---p 00000000 00:00 0 
7f317852d000-7f317862b000 rw-p 00000000 00:00 0 
7f317862b000-7f317862e000 ---p 00000000 00:00 0 
7f317862e000-7f317872c000 rw-p 00000000 00:00 0 
7f317872c000-7f317872f000 ---p 00000000 00:00 0 
7f317872f000-7f317882d000 rw-p 00000000 00:00 0 
7f317882d000-7f3178830000 ---p 00000000 00:00 0 
7f3178830000-7f317892e000 rw-p 00000000 00:00 0 
7f317892e000-7f3178931000 ---p 00000000 00:00 0 
7f3178931000-7f3178a2f000 rw-p 00000000 00:00 0 
7f3178a2f000-7f3178a32000 ---p 00000000 00:00 0 
7f3178a32000-7f3178b30000 rw-p 00000000 00:00 0 
7f3178b30000-7f3178b33000 ---p 00000000 00:00 0 
7f3178b33000-7f3178c31000 rw-p 00000000 00:00 0 
7f3178c31000-7f3178c34000 ---p 00000000 00:00 0 
7f3178c34000-7f3178d32000 rw-p 00000000 00:00 0 
7f3178d32000-7f3178d35000 ---p 00000000 00:00 0 
7f3178d35000-7f3178e33000 rw-p 00000000 00:00 0 
7f3178e33000-7f3178e36000 ---p 00000000 00:00 0 
7f3178e36000-7f3178f34000 rw-p 00000000 00:00 0 
7f3178f34000-7f3178f37000 ---p 00000000 00:00 0 
7f3178f37000-7f3179035000 rw-p 00000000 00:00 0 
7f3179035000-7f3179038000 ---p 00000000 00:00 0 
7f3179038000-7f3179136000 rw-p 00000000 00:00 0 
7f3179136000-7f3179139000 ---p 00000000 00:00 0 
7f3179139000-7f3179237000 rw-p 00000000 00:00 0 
7f3179237000-7f317923a000 ---p 00000000 00:00 0 
7f317923a000-7f3179338000 rw-p 00000000 00:00 0 
7f3179338000-7f317933b000 ---p 00000000 00:00 0 
7f317933b000-7f3179439000 rw-p 00000000 00:00 0 
7f3179439000-7f317943c000 ---p 00000000 00:00 0 
7f317943c000-7f317953a000 rw-p 00000000 00:00 0 
7f317953a000-7f317953d000 ---p 00000000 00:00 0 
7f317953d000-7f317963b000 rw-p 00000000 00:00 0 
7f317963b000-7f317963e000 ---p 00000000 00:00 0 
7f317963e000-7f317973c000 rw-p 00000000 00:00 0 
7f317973c000-7f317973f000 ---p 00000000 00:00 0 
7f317973f000-7f317983d000 rw-p 00000000 00:00 0 
7f317983d000-7f3179840000 ---p 00000000 00:00 0 
7f3179840000-7f317993e000 rw-p 00000000 00:00 0 
7f317993e000-7f3179941000 ---p 00000000 00:00 0 
7f3179941000-7f3179a3f000 rw-p 00000000 00:00 0 
7f3179a3f000-7f3179a42000 ---p 00000000 00:00 0 
7f3179a42000-7f3179b40000 rw-p 00000000 00:00 0 
7f3179b40000-7f3179b43000 ---p 00000000 00:00 0 
7f3179b43000-7f3179c41000 rw-p 00000000 00:00 0 
7f3179c41000-7f3179c44000 ---p 00000000 00:00 0 
7f3179c44000-7f3179d42000 rw-p 00000000 00:00 0 
7f3179d42000-7f3179d45000 ---p 00000000 00:00 0 
7f3179d45000-7f3179e43000 rw-p 00000000 00:00 0 
7f3179e43000-7f3179e46000 ---p 00000000 00:00 0 
7f3179e46000-7f3179f44000 rw-p 00000000 00:00 0 
7f3179f44000-7f3179f47000 ---p 00000000 00:00 0 
7f3179f47000-7f317a045000 rw-p 00000000 00:00 0 
7f317a045000-7f317a04b000 r-xp 00000000 08:02 18747991                   /usr/lib/jvm/java-6-openjdk-amd64/jre/lib/amd64/libmanagement.so
7f317a04b000-7f317a24a000 ---p 00006000 08:02 18747991                   /usr/lib/jvm/java-6-openjdk-amd64/jre/lib/amd64/libmanagement.so
7f317a24a000-7f317a24b000 r--p 00005000 08:02 18747991                   /usr/lib/jvm/java-6-openjdk-amd64/jre/lib/amd64/libmanagement.so
7f317a24b000-7f317a24c000 rw-p 00006000 08:02 18747991                   /usr/lib/jvm/java-6-openjdk-amd64/jre/lib/amd64/libmanagement.so
7f317a24c000-7f317a24f000 ---p 00000000 00:00 0 
7f317a24f000-7f317a34d000 rw-p 00000000 00:00 0 
7f317a34d000-7f317a350000 ---p 00000000 00:00 0 
7f317a350000-7f317a44e000 rw-p 00000000 00:00 0 
7f317a44e000-7f317a451000 ---p 00000000 00:00 0 
7f317a451000-7f317a54f000 rw-p 00000000 00:00 0 
7f317a54f000-7f317a552000 ---p 00000000 00:00 0 
7f317a552000-7f317a650000 rw-p 00000000 00:00 0 
7f317a650000-7f317a653000 ---p 00000000 00:00 0 
7f317a653000-7f317a751000 rw-p 00000000 00:00 0 
7f317a751000-7f317a754000 ---p 00000000 00:00 0 
7f317a754000-7f317a852000 rw-p 00000000 00:00 0 
7f317a852000-7f317a855000 ---p 00000000 00:00 0 
7f317a855000-7f317a953000 rw-p 00000000 00:00 0 
7f317a953000-7f317a956000 ---p 00000000 00:00 0 
7f317a956000-7f317aa54000 rw-p 00000000 00:00 0 
7f317aa54000-7f317aa57000 ---p 00000000 00:00 0 
7f317aa57000-7f317ab55000 rw-p 00000000 00:00 0 
7f317ab55000-7f317ab58000 ---p 00000000 00:00 0 
7f317ab58000-7f317ac56000 rw-p 00000000 00:00 0 
7f317ac56000-7f317ac59000 ---p 00000000 00:00 0 
7f317ac59000-7f317ad57000 rw-p 00000000 00:00 0 
7f317ad57000-7f317ad5a000 ---p 00000000 00:00 0 
7f317ad5a000-7f317ae58000 rw-p 00000000 00:00 0 
7f317ae58000-7f317ae5b000 ---p 00000000 00:00 0 
7f317ae5b000-7f317af59000 rw-p 00000000 00:00 0 
7f317af59000-7f317af71000 r-xp 00000000 08:02 16256582                   /lib/x86_64-linux-gnu/libresolv-2.15.so
7f317af71000-7f317b171000 ---p 00018000 08:02 16256582                   /lib/x86_64-linux-gnu/libresolv-2.15.so
7f317b171000-7f317b172000 r--p 00018000 08:02 16256582                   /lib/x86_64-linux-gnu/libresolv-2.15.so
7f317b172000-7f317b173000 rw-p 00019000 08:02 16256582                   /lib/x86_64-linux-gnu/libresolv-2.15.so
7f317b173000-7f317b175000 rw-p 00000000 00:00 0 
7f317b175000-7f317b17c000 r-xp 00000000 08:02 16256547                   /lib/x86_64-linux-gnu/libnss_dns-2.15.so
7f317b17c000-7f317b37b000 ---p 00007000 08:02 16256547                   /lib/x86_64-linux-gnu/libnss_dns-2.15.so
7f317b37b000-7f317b37c000 r--p 00006000 08:02 16256547                   /lib/x86_64-linux-gnu/libnss_dns-2.15.so
7f317b37c000-7f317b37d000 rw-p 00007000 08:02 16256547                   /lib/x86_64-linux-gnu/libnss_dns-2.15.so
7f317b37d000-7f317b37f000 r-xp 00000000 08:02 16252982                   /lib/libnss_mdns4_minimal.so.2
7f317b37f000-7f317b57e000 ---p 00002000 08:02 16252982                   /lib/libnss_mdns4_minimal.so.2
7f317b57e000-7f317b57f000 r--p 00001000 08:02 16252982                   /lib/libnss_mdns4_minimal.so.2
7f317b57f000-7f317b580000 rw-p 00002000 08:02 16252982                   /lib/libnss_mdns4_minimal.so.2
7f317b580000-7f317b583000 ---p 00000000 00:00 0 
7f317b583000-7f317b681000 rw-p 00000000 00:00 0 
7f317b681000-7f317b6de000 r-xp 00000000 08:02 16651114                   /usr/lib/x86_64-linux-gnu/nss/libfreebl3.so
7f317b6de000-7f317b8dd000 ---p 0005d000 08:02 16651114                   /usr/lib/x86_64-linux-gnu/nss/libfreebl3.so
7f317b8dd000-7f317b8df000 r--p 0005c000 08:02 16651114                   /usr/lib/x86_64-linux-gnu/nss/libfreebl3.so
7f317b8df000-7f317b8e0000 rw-p 0005e000 08:02 16651114                   /usr/lib/x86_64-linux-gnu/nss/libfreebl3.so
7f317b8e0000-7f317b8e4000 rw-p 00000000 00:00 0 
7f317b8e4000-7f317b982000 r-xp 00000000 08:02 16131587                   /usr/lib/x86_64-linux-gnu/libsqlite3.so.0.8.6
7f317b982000-7f317bb82000 ---p 0009e000 08:02 16131587                   /usr/lib/x86_64-linux-gnu/libsqlite3.so.0.8.6
7f317bb82000-7f317bb84000 r--p 0009e000 08:02 16131587                   /usr/lib/x86_64-linux-gnu/libsqlite3.so.0.8.6
7f317bb84000-7f317bb86000 rw-p 000a0000 08:02 16131587                   /usr/lib/x86_64-linux-gnu/libsqlite3.so.0.8.6
7f317bb86000-7f317bb87000 rw-p 00000000 00:00 0 
7f317bb87000-7f317bbc0000 r-xp 00000000 08:02 16651117                   /usr/lib/x86_64-linux-gnu/nss/libsoftokn3.so
7f317bbc0000-7f317bdbf000 ---p 00039000 08:02 16651117                   /usr/lib/x86_64-linux-gnu/nss/libsoftokn3.so
7f317bdbf000-7f317bdc1000 r--p 00038000 08:02 16651117                   /usr/lib/x86_64-linux-gnu/nss/libsoftokn3.so
7f317bdc1000-7f317bdc2000 rw-p 0003a000 08:02 16651117                   /usr/lib/x86_64-linux-gnu/nss/libsoftokn3.so
7f317bdc2000-7f317bdfc000 r-xp 00000000 08:02 16127779                   /usr/lib/x86_64-linux-gnu/libnspr4.so
7f317bdfc000-7f317bffb000 ---p 0003a000 08:02 16127779                   /usr/lib/x86_64-linux-gnu/libnspr4.so
7f317bffb000-7f317bffc000 r--p 00039000 08:02 16127779                   /usr/lib/x86_64-linux-gnu/libnspr4.so
7f317bffc000-7f317bffe000 rw-p 0003a000 08:02 16127779                   /usr/lib/x86_64-linux-gnu/libnspr4.so
7f317bffe000-7f317c000000 rw-p 00000000 00:00 0 
7f317c000000-7f317c039000 rw-p 00000000 00:00 0 
7f317c039000-7f3180000000 ---p 00000000 00:00 0 
7f31800d7000-7f31800da000 ---p 00000000 00:00 0 
7f31800da000-7f31801d8000 rw-p 00000000 00:00 0 
7f31801d8000-7f31801db000 r-xp 00000000 08:02 16127775                   /usr/lib/x86_64-linux-gnu/libplds4.so
7f31801db000-7f31803da000 ---p 00003000 08:02 16127775                   /usr/lib/x86_64-linux-gnu/libplds4.so
7f31803da000-7f31803db000 r--p 00002000 08:02 16127775                   /usr/lib/x86_64-linux-gnu/libplds4.so
7f31803db000-7f31803dc000 rw-p 00003000 08:02 16127775                   /usr/lib/x86_64-linux-gnu/libplds4.so
7f31803dc000-7f31803e0000 r-xp 00000000 08:02 16127777                   /usr/lib/x86_64-linux-gnu/libplc4.so
7f31803e0000-7f31805df000 ---p 00004000 08:02 16127777                   /usr/lib/x86_64-linux-gnu/libplc4.so
7f31805df000-7f31805e0000 r--p 00003000 08:02 16127777                   /usr/lib/x86_64-linux-gnu/libplc4.so
7f31805e0000-7f31805e1000 rw-p 00004000 08:02 16127777                   /usr/lib/x86_64-linux-gnu/libplc4.so
7f31805e1000-7f31805fd000 r-xp 00000000 08:02 16123808                   /usr/lib/x86_64-linux-gnu/libnssutil3.so
7f31805fd000-7f31807fd000 ---p 0001c000 08:02 16123808                   /usr/lib/x86_64-linux-gnu/libnssutil3.so
7f31807fd000-7f3180803000 r--p 0001c000 08:02 16123808                   /usr/lib/x86_64-linux-gnu/libnssutil3.so
7f3180803000-7f3180804000 rw-p 00022000 08:02 16123808                   /usr/lib/x86_64-linux-gnu/libnssutil3.so
7f3180804000-7f3180902000 r-xp 00000000 08:02 16122488                   /usr/lib/x86_64-linux-gnu/libnss3.so
7f3180902000-7f3180b01000 ---p 000fe000 08:02 16122488                   /usr/lib/x86_64-linux-gnu/libnss3.so
7f3180b01000-7f3180b06000 r--p 000fd000 08:02 16122488                   /usr/lib/x86_64-linux-gnu/libnss3.so
7f3180b06000-7f3180b08000 rw-p 00102000 08:02 16122488                   /usr/lib/x86_64-linux-gnu/libnss3.so
7f3180b08000-7f3180b0a000 rw-p 00000000 00:00 0 
7f3180b1c000-7f3180b2a000 r--s 00351000 08:02 18489869                   /usr/lib/jvm/java-6-openjdk-common/jre/lib/charsets.jar
7f3180b2a000-7f3180b38000 r-xp 00000000 08:02 18747997                   /usr/lib/jvm/java-6-openjdk-amd64/jre/lib/amd64/libj2pkcs11.so
7f3180b38000-7f3180d38000 ---p 0000e000 08:02 18747997                   /usr/lib/jvm/java-6-openjdk-amd64/jre/lib/amd64/libj2pkcs11.so
7f3180d38000-7f3180d39000 r--p 0000e000 08:02 18747997                   /usr/lib/jvm/java-6-openjdk-amd64/jre/lib/amd64/libj2pkcs11.so
7f3180d39000-7f3180d3a000 rw-p 0000f000 08:02 18747997                   /usr/lib/jvm/java-6-openjdk-amd64/jre/lib/amd64/libj2pkcs11.so
7f3180d3a000-7f3180d3c000 r--s 00013000 08:02 18489868                   /usr/lib/jvm/java-6-openjdk-common/jre/lib/jce.jar
7f3180d40000-7f3180d4e000 r--s 00351000 08:02 18489869                   /usr/lib/jvm/java-6-openjdk-common/jre/lib/charsets.jar
7f3180d4e000-7f3180d52000 r--s 0002f000 08:02 4722137                    /home/jam/.grails/ivy-cache/org.grails/grails-test/jars/grails-test-2.1.1.jar
7f3180d52000-7f3180d58000 r--s 0006c000 08:02 4722135                    /home/jam/.grails/ivy-cache/org.grails/grails-plugin-testing/jars/grails-plugin-testing-2.1.1.jar
7f3180d58000-7f3180d59000 r--s 00002000 08:02 5636284                    /home/jam/.grails/ivy-cache/org.hibernate/hibernate-ehcache/jars/hibernate-ehcache-3.6.10.Final.jar
7f3180d59000-7f3180d5e000 r--s 00048000 08:02 5636282                    /home/jam/.grails/ivy-cache/dom4j/dom4j/jars/dom4j-1.6.1.jar
7f3180d5e000-7f3180d63000 r--s 00068000 08:02 5636280                    /home/jam/.grails/ivy-cache/antlr/antlr/jars/antlr-2.7.7.jar
7f3180d63000-7f3180d6c000 r--s 00098000 08:02 5636278                    /home/jam/.grails/ivy-cache/org.javassist/javassist/jars/javassist-3.16.1-GA.jar
7f3180d6c000-7f3180d6f000 r--s 00009000 08:02 5636286                    /home/jam/.grails/ivy-cache/javax.validation/validation-api/jars/validation-api-1.0.0.GA.jar
7f3180d6f000-7f3180d76000 r--s 00040000 08:02 5636276                    /home/jam/.grails/ivy-cache/org.hibernate/hibernate-validator/jars/hibernate-validator-4.1.0.Final.jar
7f3180d76000-7f3180d79000 r--s 0000f000 08:02 5636274                    /home/jam/.grails/ivy-cache/org.hibernate/hibernate-commons-annotations/jars/hibernate-commons-annotations-3.2.0.Final.jar
7f3180d79000-7f3180dab000 r--s 002c9000 08:02 5636272                    /home/jam/.grails/ivy-cache/org.hibernate/hibernate-core/jars/hibernate-core-3.6.10.Final.jar
7f3180dab000-7f3180dbc000 r--s 000d2000 08:02 5636617                    /home/jam/.grails/ivy-cache/org.liquibase/liquibase-core/jars/liquibase-core-2.0.5.jar
7f3180dbc000-7f3180dc5000 r--s 00080000 08:02 5767285                    /home/jam/.grails/ivy-cache/org.quartz-scheduler/quartz/jars/quartz-2.1.5.jar
7f3180dc5000-7f3180dc6000 r--s 00004000 08:02 5637614                    /home/jam/.grails/ivy-cache/net.sf.opencsv/opencsv/jars/opencsv-2.3.jar
7f3180dc6000-7f3180dcc000 r--s 0007e000 08:02 5637426                    /home/jam/.grails/ivy-cache/postgresql/postgresql/jars/postgresql-9.0-801.jdbc4.jar
7f3180dcc000-7f3180dd5000 r--s 0006d000 08:02 4722129                    /home/jam/.grails/ivy-cache/log4j/log4j/bundles/log4j-1.2.16.jar
7f3180dd5000-7f3180dea000 r--s 000e3000 08:02 4722127                    /home/jam/.grails/ivy-cache/net.sf.ehcache/ehcache-core/jars/ehcache-core-2.4.6.jar
7f3180dea000-7f3180dff000 r-xp 00000000 08:02 18747986                   /usr/lib/jvm/java-6-openjdk-amd64/jre/lib/amd64/libnet.so
7f3180dff000-7f3180ffe000 ---p 00015000 08:02 18747986                   /usr/lib/jvm/java-6-openjdk-amd64/jre/lib/amd64/libnet.so
7f3180ffe000-7f3180fff000 r--p 00014000 08:02 18747986                   /usr/lib/jvm/java-6-openjdk-amd64/jre/lib/amd64/libnet.so
7f3180fff000-7f3181000000 rw-p 00015000 08:02 18747986                   /usr/lib/jvm/java-6-openjdk-amd64/jre/lib/amd64/libnet.so
7f3181000000-7f3181ae0000 rwxp 00000000 00:00 0 
7f3181ae0000-7f3184e21000 rw-p 00000000 00:00 0 
7f3184e21000-7f3188000000 ---p 00000000 00:00 0 
7f3188003000-7f318800a000 r--s 000bd000 08:02 4722926                    /home/jam/.grails/ivy-cache/mysql/mysql-connector-java/jars/mysql-connector-java-5.1.20.jar
7f318800a000-7f318800c000 r--s 00000000 08:02 4722133                    /home/jam/.grails/ivy-cache/org.slf4j/jul-to-slf4j/jars/jul-to-slf4j-1.6.2.jar
7f318800c000-7f318800e000 r--s 00003000 08:02 4722131                    /home/jam/.grails/ivy-cache/org.slf4j/jcl-over-slf4j/jars/jcl-over-slf4j-1.6.2.jar
7f318800e000-7f3188010000 r--s 00005000 08:02 4722125                    /home/jam/.grails/ivy-cache/xpp3/xpp3_min/jars/xpp3_min-1.1.4c.jar
7f3188010000-7f3188012000 r--s 00004000 08:02 4722123                    /home/jam/.grails/ivy-cache/javax.servlet/jstl/jars/jstl-1.1.2.jar
7f3188012000-7f318801c000 r--s 0012c000 08:02 4722121                    /home/jam/.grails/ivy-cache/com.h2database/h2/jars/h2-1.3.164.jar
7f318801c000-7f318801f000 r--s 00016000 08:02 4722119                    /home/jam/.grails/ivy-cache/commons-pool/commons-pool/jars/commons-pool-1.5.6.jar
7f318801f000-7f3188022000 r--s 00025000 08:02 4722117                    /home/jam/.grails/ivy-cache/commons-dbcp/commons-dbcp/jars/commons-dbcp-1.4.jar
7f3188022000-7f3188024000 r--s 0000e000 08:02 4722115                    /home/jam/.grails/ivy-cache/oro/oro/jars/oro-2.0.8.jar
7f3188024000-7f3188026000 r--s 0000d000 08:02 4722113                    /home/jam/.grails/ivy-cache/commons-fileupload/commons-fileupload/jars/commons-fileupload-1.2.2.jar
7f3188026000-7f3188027000 r--s 0000a000 08:02 4722111                    /home/jam/.grails/ivy-cache/asm/asm/jars/asm-3.1.jar
7f3188027000-7f318802e000 r--s 0003e000 08:02 4722109                    /home/jam/.grails/ivy-cache/cglib/cglib/jars/cglib-2.2.jar
7f318802e000-7f3188032000 r--s 00019000 08:02 4722107                    /home/jam/.grails/ivy-cache/org.aspectj/aspectjrt/jars/aspectjrt-1.6.10.jar
7f3188032000-7f3188048000 r--s 00184000 08:02 4722105                    /home/jam/.grails/ivy-cache/org.aspectj/aspectjweaver/jars/aspectjweaver-1.6.10.jar
7f3188048000-7f318804f000 r--s 00056000 08:02 4722103                    /home/jam/.grails/ivy-cache/org.grails/grails-datastore-simple/jars/grails-datastore-simple-1.1.0.RELEASE.jar
7f318804f000-7f3188058000 r--s 00044000 08:02 4722101                    /home/jam/.grails/ivy-cache/org.grails/grails-datastore-core/jars/grails-datastore-core-1.1.0.RELEASE.jar
7f3188058000-7f318805d000 r--s 0004c000 08:02 4722099                    /home/jam/.grails/ivy-cache/org.grails/grails-datastore-gorm/jars/grails-datastore-gorm-1.1.0.RELEASE.jar
7f318805d000-7f3188068000 r--s 00082000 08:02 4722097                    /home/jam/.grails/ivy-cache/org.springframework/spring-webmvc/jars/spring-webmvc-3.1.2.RELEASE.jar
7f3188068000-7f3188074000 r--s 0007a000 08:02 4722095                    /home/jam/.grails/ivy-cache/org.springframework/spring-web/jars/spring-web-3.1.2.RELEASE.jar
7f3188074000-7f318807b000 r--s 00035000 08:02 4722093                    /home/jam/.grails/ivy-cache/org.springframework/spring-tx/jars/spring-tx-3.1.2.RELEASE.jar
7f318807b000-7f3188084000 r--s 00054000 08:02 4722091                    /home/jam/.grails/ivy-cache/org.springframework/spring-orm/jars/spring-orm-3.1.2.RELEASE.jar
7f3188084000-7f3188089000 r--s 0002c000 08:02 4722089                    /home/jam/.grails/ivy-cache/org.springframework/spring-jms/jars/spring-jms-3.1.2.RELEASE.jar
7f3188089000-7f3188093000 r--s 00059000 08:02 4722087                    /home/jam/.grails/ivy-cache/org.springframework/spring-jdbc/jars/spring-jdbc-3.1.2.RELEASE.jar
7f3188093000-7f3188097000 r--s 00027000 08:02 4722085                    /home/jam/.grails/ivy-cache/org.springframework/spring-expression/jars/spring-expression-3.1.2.RELEASE.jar
7f3188097000-7f318809a000 r--s 00018000 08:02 4722083                    /home/jam/.grails/ivy-cache/org.springframework/spring-context-support/jars/spring-context-support-3.1.2.RELEASE.jar
7f318809a000-7f31880af000 r--s 000b7000 08:02 4722081                    /home/jam/.grails/ivy-cache/org.springframework/spring-context/jars/spring-context-3.1.2.RELEASE.jar
7f31880af000-7f31880bb000 r--s 00085000 08:02 4722079                    /home/jam/.grails/ivy-cache/org.springframework/spring-beans/jars/spring-beans-3.1.2.RELEASE.jar
7f31880bb000-7f31880bc000 r--s 0000c000 08:02 4722077                    /home/jam/.grails/ivy-cache/org.springframework/spring-asm/jars/spring-asm-3.1.2.RELEASE.jar
7f31880bc000-7f31880be000 r--s 0000b000 08:02 4722075                    /home/jam/.grails/ivy-cache/org.springframework/spring-aspects/jars/spring-aspects-3.1.2.RELEASE.jar
7f31880be000-7f31880c7000 r--s 00049000 08:02 4722073                    /home/jam/.grails/ivy-cache/org.springframework/spring-aop/jars/spring-aop-3.1.2.RELEASE.jar
7f31880c7000-7f31880d1000 r--s 00064000 08:02 4722071                    /home/jam/.grails/ivy-cache/org.springframework/spring-core/jars/spring-core-3.1.2.RELEASE.jar
7f31880d1000-7f31880d3000 r--s 00008000 08:02 4722069                    /home/jam/.grails/ivy-cache/org.grails/grails-plugin-validation/jars/grails-plugin-validation-2.1.1.jar
7f31880d3000-7f31880d6000 r--s 0001c000 08:02 4722067                    /home/jam/.grails/ivy-cache/org.grails/grails-plugin-url-mappings/jars/grails-plugin-url-mappings-2.1.1.jar
7f31880d6000-7f31880d8000 r--s 0000f000 08:02 4722065                    /home/jam/.grails/ivy-cache/org.grails/grails-plugin-mimetypes/jars/grails-plugin-mimetypes-2.1.1.jar
7f31880d8000-7f31880da000 r--s 00005000 08:02 4722063                    /home/jam/.grails/ivy-cache/org.grails/grails-plugin-servlets/jars/grails-plugin-servlets-2.1.1.jar
7f31880da000-7f31880db000 r--s 00008000 08:02 4722061                    /home/jam/.grails/ivy-cache/org.grails/grails-plugin-services/jars/grails-plugin-services-2.1.1.jar
7f31880db000-7f31880dd000 r--s 00006000 08:02 4722059                    /home/jam/.grails/ivy-cache/org.grails/grails-plugin-scaffolding/jars/grails-plugin-scaffolding-2.1.1.jar
7f31880dd000-7f31880df000 r--s 0000e000 08:02 4722057                    /home/jam/.grails/ivy-cache/org.grails/grails-plugin-log4j/jars/grails-plugin-log4j-2.1.1.jar
7f31880df000-7f31880e1000 r--s 00005000 08:02 4722055                    /home/jam/.grails/ivy-cache/org.grails/grails-plugin-i18n/jars/grails-plugin-i18n-2.1.1.jar
7f31880e1000-7f31880e8000 r--s 0006d000 08:02 4722053                    /home/jam/.grails/ivy-cache/org.grails/grails-plugin-gsp/jars/grails-plugin-gsp-2.1.1.jar
7f31880e8000-7f31880ea000 r--s 0000e000 08:02 4722051                    /home/jam/.grails/ivy-cache/org.grails/grails-plugin-filters/jars/grails-plugin-filters-2.1.1.jar
7f31880ea000-7f31880ec000 r--s 00009000 08:02 4722049                    /home/jam/.grails/ivy-cache/org.grails/grails-plugin-datasource/jars/grails-plugin-datasource-2.1.1.jar
7f31880ec000-7f31880f0000 r--s 00024000 08:02 4722047                    /home/jam/.grails/ivy-cache/org.grails/grails-plugin-converters/jars/grails-plugin-converters-2.1.1.jar
7f31880f0000-7f31880f3000 r--s 00019000 08:02 4722045                    /home/jam/.grails/ivy-cache/org.grails/grails-plugin-domain-class/jars/grails-plugin-domain-class-2.1.1.jar
7f31880f3000-7f31880f7000 r--s 00028000 08:02 4722043                    /home/jam/.grails/ivy-cache/org.grails/grails-plugin-controllers/jars/grails-plugin-controllers-2.1.1.jar
7f31880f7000-7f31880f9000 r--s 00015000 08:02 4722041                    /home/jam/.grails/ivy-cache/org.grails/grails-plugin-codecs/jars/grails-plugin-codecs-2.1.1.jar
7f31880f9000-7f31880fa000 r--s 00000000 08:02 4722039                    /home/jam/.grails/ivy-cache/org.grails/grails-logging/jars/grails-logging-2.1.1.jar
7f31880fa000-7f31880fc000 r--s 00009000 08:02 4722037                    /home/jam/.grails/ivy-cache/org.grails/grails-spring/jars/grails-spring-2.1.1.jar
7f31880fc000-7f3188106000 r--s 0008a000 08:02 4722035                    /home/jam/.grails/ivy-cache/org.grails/grails-hibernate/jars/grails-hibernate-2.1.1.jar
7f3188106000-7f3188108000 r--s 00009000 08:02 4722033                    /home/jam/.grails/ivy-cache/org.grails/grails-crud/jars/grails-crud-2.1.1.jar
7f3188108000-7f318810e000 r--s 00027000 08:02 4722031                    /home/jam/.grails/ivy-cache/opensymphony/sitemesh/jars/sitemesh-2.4.jar
7f318810e000-7f3188113000 r--s 00015000 08:02 4722029                    /home/jam/.grails/ivy-cache/org.hibernate.javax.persistence/hibernate-jpa-2.0-api/jars/hibernate-jpa-2.0-api-1.0.1.Final.jar
7f3188113000-7f3188118000 r--s 00041000 08:02 4722025                    /home/jam/.grails/ivy-cache/commons-lang/commons-lang/jars/commons-lang-2.6.jar
7f3188118000-7f318811b000 r--s 00025000 08:02 4722023                    /home/jam/.grails/ivy-cache/commons-io/commons-io/jars/commons-io-2.1.jar
7f318811b000-7f3188129000 r--s 0007f000 08:02 4722021                    /home/jam/.grails/ivy-cache/commons-collections/commons-collections/jars/commons-collections-3.2.1.jar
7f3188129000-7f318812b000 r--s 00010000 08:02 4722019                    /home/jam/.grails/ivy-cache/commons-codec/commons-codec/jars/commons-codec-1.5.jar
7f318812b000-7f318812d000 r--s 00000000 08:02 4722017                    /home/jam/.grails/ivy-cache/aopalliance/aopalliance/jars/aopalliance-1.0.jar
7f318812d000-7f3188130000 r--s 0001f000 08:02 4722015                    /home/jam/.grails/ivy-cache/commons-validator/commons-validator/jars/commons-validator-1.3.1.jar
7f3188130000-7f3188135000 r--s 00034000 08:02 4722011                    /home/jam/.grails/ivy-cache/commons-beanutils/commons-beanutils/jars/commons-beanutils-1.8.3.jar
7f3188135000-7f3188193000 r--s 00592000 08:02 4722009                    /home/jam/.grails/ivy-cache/org.codehaus.groovy/groovy-all/jars/groovy-all-1.8.8.jar
7f3188193000-7f31881a3000 r--s 0019c000 08:02 5508469                    /home/jam/.grails/ivy-cache/org.eclipse.jdt.core.compiler/ecj/jars/ecj-3.7.2.jar
7f31881a3000-7f31881ae000 r--s 000b6000 08:02 4721759                    /home/jam/.grails/ivy-cache/org.apache.tomcat.embed/tomcat-embed-jasper/jars/tomcat-embed-jasper-7.0.30.jar
7f31881ae000-7f31881d0000 r--s 00254000 08:02 4721757                    /home/jam/.grails/ivy-cache/org.apache.tomcat.embed/tomcat-embed-core/jars/tomcat-embed-core-7.0.30.jar
7f31881d0000-7f31881d3000 ---p 00000000 00:00 0 
7f31881d3000-7f31882d1000 rw-p 00000000 00:00 0 
7f31882d2000-7f31882d5000 r--s 00019000 08:02 4722013                    /home/jam/.grails/ivy-cache/commons-el/commons-el/jars/commons-el-1.0.jar
7f31882d5000-7f31882d7000 r--s 0000d000 08:02 5508471                    /home/jam/.grails/ivy-cache/org.grails/grails-plugin-tomcat/jars/grails-plugin-tomcat-2.1.1.jar
7f31882d7000-7f31882d9000 r--s 00008000 08:02 5508467                    /home/jam/.grails/ivy-cache/org.apache.tomcat.embed/tomcat-embed-logging-juli/jars/tomcat-embed-logging-juli-7.0.30.jar
7f31882d9000-7f31882db000 r--s 00013000 08:02 4721761                    /home/jam/.grails/ivy-cache/org.apache.tomcat.embed/tomcat-embed-logging-log4j/jars/tomcat-embed-logging-log4j-7.0.30.jar
7f31882db000-7f31882dd000 r--s 0000c000 08:02 5508465                    /home/jam/.grails/ivy-cache/org.apache.tomcat/tomcat-catalina-ant/jars/tomcat-catalina-ant-7.0.30.jar
7f31882dd000-7f31882de000 r--s 00001000 08:02 4721467                    /home/jam/.grails/ivy-cache/org.apache.ant/ant-trax/jars/ant-trax-1.7.1.jar
7f31882de000-7f31882e0000 r--s 00017000 08:02 4721465                    /home/jam/.grails/ivy-cache/org.apache.ant/ant-junit/jars/ant-junit-1.8.2.jar
7f31882e0000-7f31882e2000 r--s 00002000 08:02 4721463                    /home/jam/.grails/ivy-cache/org.apache.ant/ant-launcher/jars/ant-launcher-1.8.2.jar
7f31882e2000-7f3188300000 r--s 001bb000 08:02 4721461                    /home/jam/.grails/ivy-cache/org.apache.ant/ant/jars/ant-1.8.2.jar
7f3188300000-7f3188307000 r--s 00037000 08:02 4721459                    /home/jam/.grails/ivy-cache/junit/junit/jars/junit-4.10.jar
7f3188307000-7f318830a000 r--s 0000b000 08:02 4721456                    /home/jam/.grails/ivy-cache/com.googlecode.concurrentlinkedhashmap/concurrentlinkedhashmap-lru/jars/concurrentlinkedhashmap-lru-1.2_jdk5.jar
7f318830a000-7f3188310000 r--s 00033000 08:02 4721454                    /home/jam/.grails/ivy-cache/org.springframework/spring-test/jars/spring-test-3.1.2.RELEASE.jar
7f3188310000-7f3188312000 r--s 00005000 08:02 4721452                    /home/jam/.grails/ivy-cache/org.slf4j/slf4j-api/jars/slf4j-api-1.6.2.jar
7f3188312000-7f318831f000 r--s 000b7000 08:02 4721450                    /home/jam/.grails/ivy-cache/org.grails/grails-web/jars/grails-web-2.1.1.jar
7f318831f000-7f3188322000 r--s 00026000 08:02 4721448                    /home/jam/.grails/ivy-cache/org.grails/grails-resources/jars/grails-resources-2.1.1.jar
7f3188322000-7f3188330000 r--s 000b5000 08:02 4721446                    /home/jam/.grails/ivy-cache/org.grails/grails-core/jars/grails-core-2.1.1.jar
7f3188330000-7f318833b000 r--s 000fe000 08:02 4721444                    /home/jam/.grails/ivy-cache/org.grails/grails-scripts/jars/grails-scripts-2.1.1.jar
7f318833b000-7f3188344000 r--s 000a8000 08:02 4721442                    /home/jam/.grails/ivy-cache/org.grails/grails-bootstrap/jars/grails-bootstrap-2.1.1.jar
7f3188344000-7f3188347000 r--s 00044000 08:02 4721440                    /home/jam/.grails/ivy-cache/org.grails/grails-docs/jars/grails-docs-2.1.1.jar
7f3188347000-7f318834a000 r--s 00041000 08:02 4721438                    /home/jam/.grails/ivy-cache/xalan/serializer/jars/serializer-2.7.1.jar
7f318834a000-7f318834d000 r--s 000cf000 08:02 4721436                    /home/jam/.grails/ivy-cache/net.java.dev.jna/jna/jars/jna-3.2.3.jar
7f318834d000-7f318834f000 r--s 00008000 08:02 4721434                    /home/jam/.grails/ivy-cache/org.fusesource.jansi/jansi/jars/jansi-1.2.1.jar
7f318834f000-7f318835e000 r--s 000d9000 08:02 4721424                    /home/jam/.grails/ivy-cache/org.apache.ivy/ivy/jars/ivy-2.2.0.jar
7f318835e000-7f3188360000 r--s 00015000 08:02 4721422                    /home/jam/.grails/ivy-cache/jline/jline/jars/jline-1.0.jar
7f3188360000-7f3188385000 r--s 00172000 08:02 4721397                    /home/jam/.grails/ivy-cache/org.bouncycastle/bcprov-jdk15/jars/bcprov-jdk15-1.45.jar
7f3188385000-7f318838a000 r--s 00024000 08:02 4721394                    /home/jam/.grails/ivy-cache/org.bouncycastle/bcpg-jdk15/jars/bcpg-jdk15-1.45.jar
7f318838a000-7f318838b000 r--s 00003000 08:02 4721392                    /home/jam/.grails/ivy-cache/com.googlecode.json-simple/json-simple/jars/json-simple-1.1.jar
7f318838b000-7f3188391000 r--s 00068000 08:02 4721389                    /home/jam/.grails/ivy-cache/com.google.protobuf/protobuf-java/jars/protobuf-java-2.4.1.jar
7f3188391000-7f3188394000 r--s 0001a000 08:02 4721386                    /home/jam/.grails/ivy-cache/org.springframework.uaa/org.springframework.uaa.client/bundles/org.springframework.uaa.client-1.0.1.RELEASE.jar
7f3188394000-7f31883a9000 r-xp 00000000 08:02 8651032                    /tmp/jna5884541951578200664.tmp
7f31883a9000-7f31884a8000 ---p 00015000 08:02 8651032                    /tmp/jna5884541951578200664.tmp
7f31884a8000-7f31884aa000 rw-p 00014000 08:02 8651032                    /tmp/jna5884541951578200664.tmp
7f31884aa000-7f318850a000 r--s 00d92000 08:02 18877160                   /usr/lib/jvm/java-6-openjdk-amd64/lib/tools.jar
7f318850a000-7f318850f000 r--s 00050000 08:02 4587551                    /home/jam/Applications/grails-2.1.1/lib/org.codehaus.gant/gant_groovy1.8/jars/gant_groovy1.8-1.9.6.jar
7f318850f000-7f318852d000 r--s 001bb000 08:02 15997849                   /home/jam/Applications/grails-2.1.1/lib/org.apache.ant/ant/jars/ant-1.8.2.jar
7f318852d000-7f318853c000 r--s 000d9000 08:02 3933556                    /home/jam/Applications/grails-2.1.1/lib/org.apache.ivy/ivy/jars/ivy-2.2.0.jar
7f318853c000-7f318853e000 r--s 00009000 08:02 15730918                   /home/jam/Applications/grails-2.1.1/lib/commons-cli/commons-cli/jars/commons-cli-1.2.jar
7f318853e000-7f3188541000 r--s 000cf000 08:02 15997829                   /home/jam/Applications/grails-2.1.1/lib/net.java.dev.jna/jna/jars/jna-3.2.3.jar
7f3188541000-7f3188542000 ---p 00000000 00:00 0 
7f3188542000-7f3188642000 rw-p 00000000 00:00 0 
7f3188642000-7f3188645000 ---p 00000000 00:00 0 
7f3188645000-7f3188743000 rw-p 00000000 00:00 0 
7f3188743000-7f3188746000 ---p 00000000 00:00 0 
7f3188746000-7f3188844000 rw-p 00000000 00:00 0 
7f3188844000-7f3188847000 ---p 00000000 00:00 0 
7f3188847000-7f3188945000 rw-p 00000000 00:00 0 
7f3188945000-7f31889a3000 r--s 00592000 08:02 4587821                    /home/jam/Applications/grails-2.1.1/lib/org.codehaus.groovy/groovy-all/jars/groovy-all-1.8.8.jar
7f31889a3000-7f31889a6000 ---p 00000000 00:00 0 
7f31889a6000-7f3188aa4000 rw-p 00000000 00:00 0 
7f3188aa4000-7f318927f000 r--p 00000000 08:02 16128286                   /usr/lib/locale/locale-archive
7f318927f000-7f3189282000 ---p 00000000 00:00 0 
7f3189282000-7f3189380000 rw-p 00000000 00:00 0 
7f3189380000-7f3189383000 ---p 00000000 00:00 0 
7f3189383000-7f3189481000 rw-p 00000000 00:00 0 
7f3189481000-7f3189482000 ---p 00000000 00:00 0 
7f3189482000-7f3189aba000 rw-p 00000000 00:00 0 
7f3189aba000-7f3189c4c000 r--s 037bf000 08:02 18616443                   /usr/lib/jvm/java-6-openjdk-amd64/jre/lib/rt.jar
7f3189c4c000-7f3189c74000 rw-p 00000000 00:00 0 
7f3189c74000-7f3189c75000 ---p 00000000 00:00 0 
7f3189c75000-7f3189d75000 rw-p 00000000 00:00 0 
7f3189d75000-7f3189d76000 ---p 00000000 00:00 0 
7f3189d76000-7f3189e76000 rw-p 00000000 00:00 0 
7f3189e76000-7f3189e77000 ---p 00000000 00:00 0 
7f3189e77000-7f3189f77000 rw-p 00000000 00:00 0 
7f3189f77000-7f3189f78000 ---p 00000000 00:00 0 
7f3189f78000-7f318a278000 rw-p 00000000 00:00 0 
7f318a278000-7f318a3f9000 rw-p 00000000 00:00 0 
7f318a3f9000-7f318a400000 r-xp 00000000 08:02 18748006                   /usr/lib/jvm/java-6-openjdk-amd64/jre/lib/amd64/libzip.so
7f318a400000-7f318a5ff000 ---p 00007000 08:02 18748006                   /usr/lib/jvm/java-6-openjdk-amd64/jre/lib/amd64/libzip.so
7f318a5ff000-7f318a600000 r--p 00006000 08:02 18748006                   /usr/lib/jvm/java-6-openjdk-amd64/jre/lib/amd64/libzip.so
7f318a600000-7f318a601000 rw-p 00007000 08:02 18748006                   /usr/lib/jvm/java-6-openjdk-amd64/jre/lib/amd64/libzip.so
7f318a601000-7f318a60d000 r-xp 00000000 08:02 16256549                   /lib/x86_64-linux-gnu/libnss_files-2.15.so
7f318a60d000-7f318a80c000 ---p 0000c000 08:02 16256549                   /lib/x86_64-linux-gnu/libnss_files-2.15.so
7f318a80c000-7f318a80d000 r--p 0000b000 08:02 16256549                   /lib/x86_64-linux-gnu/libnss_files-2.15.so
7f318a80d000-7f318a80e000 rw-p 0000c000 08:02 16256549                   /lib/x86_64-linux-gnu/libnss_files-2.15.so
7f318a80e000-7f318a818000 r-xp 00000000 08:02 16256553                   /lib/x86_64-linux-gnu/libnss_nis-2.15.so
7f318a818000-7f318aa18000 ---p 0000a000 08:02 16256553                   /lib/x86_64-linux-gnu/libnss_nis-2.15.so
7f318aa18000-7f318aa19000 r--p 0000a000 08:02 16256553                   /lib/x86_64-linux-gnu/libnss_nis-2.15.so
7f318aa19000-7f318aa1a000 rw-p 0000b000 08:02 16256553                   /lib/x86_64-linux-gnu/libnss_nis-2.15.so
7f318aa1a000-7f318aa31000 r-xp 00000000 08:02 16256543                   /lib/x86_64-linux-gnu/libnsl-2.15.so
7f318aa31000-7f318ac30000 ---p 00017000 08:02 16256543                   /lib/x86_64-linux-gnu/libnsl-2.15.so
7f318ac30000-7f318ac31000 r--p 00016000 08:02 16256543                   /lib/x86_64-linux-gnu/libnsl-2.15.so
7f318ac31000-7f318ac32000 rw-p 00017000 08:02 16256543                   /lib/x86_64-linux-gnu/libnsl-2.15.so
7f318ac32000-7f318ac34000 rw-p 00000000 00:00 0 
7f318ac34000-7f318ac3c000 r-xp 00000000 08:02 16256545                   /lib/x86_64-linux-gnu/libnss_compat-2.15.so
7f318ac3c000-7f318ae3b000 ---p 00008000 08:02 16256545                   /lib/x86_64-linux-gnu/libnss_compat-2.15.so
7f318ae3b000-7f318ae3c000 r--p 00007000 08:02 16256545                   /lib/x86_64-linux-gnu/libnss_compat-2.15.so
7f318ae3c000-7f318ae3d000 rw-p 00008000 08:02 16256545                   /lib/x86_64-linux-gnu/libnss_compat-2.15.so
7f318ae3d000-7f318ae46000 r-xp 00000000 08:02 18747976                   /usr/lib/jvm/java-6-openjdk-amd64/jre/lib/amd64/libinstrument.so
7f318ae46000-7f318b046000 ---p 00009000 08:02 18747976                   /usr/lib/jvm/java-6-openjdk-amd64/jre/lib/amd64/libinstrument.so
7f318b046000-7f318b047000 r--p 00009000 08:02 18747976                   /usr/lib/jvm/java-6-openjdk-amd64/jre/lib/amd64/libinstrument.so
7f318b047000-7f318b048000 rw-p 0000a000 08:02 18747976                   /usr/lib/jvm/java-6-openjdk-amd64/jre/lib/amd64/libinstrument.so
7f318b048000-7f318b074000 r-xp 00000000 08:02 18747994                   /usr/lib/jvm/java-6-openjdk-amd64/jre/lib/amd64/libjava.so
7f318b074000-7f318b273000 ---p 0002c000 08:02 18747994                   /usr/lib/jvm/java-6-openjdk-amd64/jre/lib/amd64/libjava.so
7f318b273000-7f318b274000 r--p 0002b000 08:02 18747994                   /usr/lib/jvm/java-6-openjdk-amd64/jre/lib/amd64/libjava.so
7f318b274000-7f318b277000 rw-p 0002c000 08:02 18747994                   /usr/lib/jvm/java-6-openjdk-amd64/jre/lib/amd64/libjava.so
7f318b277000-7f318b285000 r-xp 00000000 08:02 18747993                   /usr/lib/jvm/java-6-openjdk-amd64/jre/lib/amd64/libverify.so
7f318b285000-7f318b484000 ---p 0000e000 08:02 18747993                   /usr/lib/jvm/java-6-openjdk-amd64/jre/lib/amd64/libverify.so
7f318b484000-7f318b486000 r--p 0000d000 08:02 18747993                   /usr/lib/jvm/java-6-openjdk-amd64/jre/lib/amd64/libverify.so
7f318b486000-7f318b487000 rw-p 0000f000 08:02 18747993                   /usr/lib/jvm/java-6-openjdk-amd64/jre/lib/amd64/libverify.so
7f318b487000-7f318b48e000 r-xp 00000000 08:02 16256584                   /lib/x86_64-linux-gnu/librt-2.15.so
7f318b48e000-7f318b68d000 ---p 00007000 08:02 16256584                   /lib/x86_64-linux-gnu/librt-2.15.so
7f318b68d000-7f318b68e000 r--p 00006000 08:02 16256584                   /lib/x86_64-linux-gnu/librt-2.15.so
7f318b68e000-7f318b68f000 rw-p 00007000 08:02 16256584                   /lib/x86_64-linux-gnu/librt-2.15.so
7f318b68f000-7f318b6a4000 r-xp 00000000 08:02 16256519                   /lib/x86_64-linux-gnu/libgcc_s.so.1
7f318b6a4000-7f318b8a3000 ---p 00015000 08:02 16256519                   /lib/x86_64-linux-gnu/libgcc_s.so.1
7f318b8a3000-7f318b8a4000 r--p 00014000 08:02 16256519                   /lib/x86_64-linux-gnu/libgcc_s.so.1
7f318b8a4000-7f318b8a5000 rw-p 00015000 08:02 16256519                   /lib/x86_64-linux-gnu/libgcc_s.so.1
7f318b8a5000-7f318b99e000 r-xp 00000000 08:02 16256530                   /lib/x86_64-linux-gnu/libm-2.15.so
7f318b99e000-7f318bb9d000 ---p 000f9000 08:02 16256530                   /lib/x86_64-linux-gnu/libm-2.15.so
7f318bb9d000-7f318bb9e000 r--p 000f8000 08:02 16256530                   /lib/x86_64-linux-gnu/libm-2.15.so
7f318bb9e000-7f318bb9f000 rw-p 000f9000 08:02 16256530                   /lib/x86_64-linux-gnu/libm-2.15.so
7f318bb9f000-7f318bc81000 r-xp 00000000 08:02 16129397                   /usr/lib/x86_64-linux-gnu/libstdc++.so.6.0.16
7f318bc81000-7f318be80000 ---p 000e2000 08:02 16129397                   /usr/lib/x86_64-linux-gnu/libstdc++.so.6.0.16
7f318be80000-7f318be88000 r--p 000e1000 08:02 16129397                   /usr/lib/x86_64-linux-gnu/libstdc++.so.6.0.16
7f318be88000-7f318be8a000 rw-p 000e9000 08:02 16129397                   /usr/lib/x86_64-linux-gnu/libstdc++.so.6.0.16
7f318be8a000-7f318be9f000 rw-p 00000000 00:00 0 
7f318be9f000-7f318c7a3000 r-xp 00000000 08:02 18877146                   /usr/lib/jvm/java-6-openjdk-amd64/jre/lib/amd64/server/libjvm.so
7f318c7a3000-7f318c9a3000 ---p 00904000 08:02 18877146                   /usr/lib/jvm/java-6-openjdk-amd64/jre/lib/amd64/server/libjvm.so
7f318c9a3000-7f318ca23000 r--p 00904000 08:02 18877146                   /usr/lib/jvm/java-6-openjdk-amd64/jre/lib/amd64/server/libjvm.so
7f318ca23000-7f318ca3e000 rw-p 00984000 08:02 18877146                   /usr/lib/jvm/java-6-openjdk-amd64/jre/lib/amd64/server/libjvm.so
7f318ca3e000-7f318ca67000 rw-p 00000000 00:00 0 
7f318ca67000-7f318ca7d000 r-xp 00000000 08:02 16256609                   /lib/x86_64-linux-gnu/libz.so.1.2.3.4
7f318ca7d000-7f318cc7c000 ---p 00016000 08:02 16256609                   /lib/x86_64-linux-gnu/libz.so.1.2.3.4
7f318cc7c000-7f318cc7d000 r--p 00015000 08:02 16256609                   /lib/x86_64-linux-gnu/libz.so.1.2.3.4
7f318cc7d000-7f318cc7e000 rw-p 00016000 08:02 16256609                   /lib/x86_64-linux-gnu/libz.so.1.2.3.4
7f318cc7e000-7f318ce31000 r-xp 00000000 08:02 16256498                   /lib/x86_64-linux-gnu/libc-2.15.so
7f318ce31000-7f318d030000 ---p 001b3000 08:02 16256498                   /lib/x86_64-linux-gnu/libc-2.15.so
7f318d030000-7f318d034000 r--p 001b2000 08:02 16256498                   /lib/x86_64-linux-gnu/libc-2.15.so
7f318d034000-7f318d036000 rw-p 001b6000 08:02 16256498                   /lib/x86_64-linux-gnu/libc-2.15.so
7f318d036000-7f318d03b000 rw-p 00000000 00:00 0 
7f318d03b000-7f318d03d000 r-xp 00000000 08:02 16256511                   /lib/x86_64-linux-gnu/libdl-2.15.so
7f318d03d000-7f318d23d000 ---p 00002000 08:02 16256511                   /lib/x86_64-linux-gnu/libdl-2.15.so
7f318d23d000-7f318d23e000 r--p 00002000 08:02 16256511                   /lib/x86_64-linux-gnu/libdl-2.15.so
7f318d23e000-7f318d23f000 rw-p 00003000 08:02 16256511                   /lib/x86_64-linux-gnu/libdl-2.15.so
7f318d23f000-7f318d243000 r-xp 00000000 08:02 18747978                   /usr/lib/jvm/java-6-openjdk-amd64/jre/lib/amd64/jli/libjli.so
7f318d243000-7f318d442000 ---p 00004000 08:02 18747978                   /usr/lib/jvm/java-6-openjdk-amd64/jre/lib/amd64/jli/libjli.so
7f318d442000-7f318d443000 r--p 00003000 08:02 18747978                   /usr/lib/jvm/java-6-openjdk-amd64/jre/lib/amd64/jli/libjli.so
7f318d443000-7f318d444000 rw-p 00004000 08:02 18747978                   /usr/lib/jvm/java-6-openjdk-amd64/jre/lib/amd64/jli/libjli.so
7f318d444000-7f318d45c000 r-xp 00000000 08:02 16256578                   /lib/x86_64-linux-gnu/libpthread-2.15.so
7f318d45c000-7f318d65b000 ---p 00018000 08:02 16256578                   /lib/x86_64-linux-gnu/libpthread-2.15.so
7f318d65b000-7f318d65c000 r--p 00017000 08:02 16256578                   /lib/x86_64-linux-gnu/libpthread-2.15.so
7f318d65c000-7f318d65d000 rw-p 00018000 08:02 16256578                   /lib/x86_64-linux-gnu/libpthread-2.15.so
7f318d65d000-7f318d661000 rw-p 00000000 00:00 0 
7f318d661000-7f318d683000 r-xp 00000000 08:02 16256478                   /lib/x86_64-linux-gnu/ld-2.15.so
7f318d683000-7f318d684000 r--s 00003000 08:02 4722027                    /home/jam/.grails/ivy-cache/javax.transaction/jta/jars/jta-1.1.jar
7f318d684000-7f318d68b000 r--s 000fb000 08:02 18489889                   /usr/lib/jvm/java-6-openjdk-common/jre/lib/resources.jar
7f318d68b000-7f318d692000 r--s 00067000 08:02 15730908                   /home/jam/Applications/grails-2.1.1/lib/com.springsource.springloaded/springloaded-core/jars/springloaded-core-1.0.6.jar
7f318d692000-7f318d69b000 r--s 000a8000 08:02 15731003                   /home/jam/Applications/grails-2.1.1/dist/grails-bootstrap-2.1.1.jar
7f318d69b000-7f318d6c7000 rw-p 00000000 00:00 0 
7f318d6c7000-7f318d75b000 rw-p 00000000 00:00 0 
7f318d75b000-7f318d75e000 ---p 00000000 00:00 0 
7f318d75e000-7f318d861000 rw-p 00000000 00:00 0 
7f318d861000-7f318d863000 r--s 00008000 08:02 4587896                    /home/jam/Applications/grails-2.1.1/lib/org.fusesource.jansi/jansi/jars/jansi-1.2.1.jar
7f318d863000-7f318d865000 r--s 00015000 08:02 15862296                   /home/jam/Applications/grails-2.1.1/lib/jline/jline/jars/jline-1.0.jar
7f318d865000-7f318d868000 r--s 0007d000 08:02 18489867                   /usr/lib/jvm/java-6-openjdk-common/jre/lib/jsse.jar
7f318d868000-7f318d86c000 r--s 00038000 08:02 18489882                   /usr/lib/jvm/java-6-openjdk-common/jre/lib/ext/sunpkcs11.jar
7f318d86c000-7f318d86f000 r--s 00031000 08:02 18489884                   /usr/lib/jvm/java-6-openjdk-common/jre/lib/ext/sunjce_provider.jar
7f318d86f000-7f318d870000 r--s 00007000 08:02 16651090                   /usr/share/java/java-atk-wrapper.jar
7f318d870000-7f318d873000 r--s 00077000 08:02 18489883                   /usr/lib/jvm/java-6-openjdk-common/jre/lib/ext/localedata.jar
7f318d873000-7f318d875000 r--s 00001000 08:02 18489885                   /usr/lib/jvm/java-6-openjdk-common/jre/lib/ext/dnsns.jar
7f318d875000-7f318d877000 r--s 0000f000 08:02 18489886                   /usr/lib/jvm/java-6-openjdk-common/jre/lib/ext/pulse-java.jar
7f318d877000-7f318d87f000 rw-s 00000000 08:02 8651025                    /tmp/hsperfdata_jam/16680
7f318d87f000-7f318d880000 rw-p 00000000 00:00 0 
7f318d880000-7f318d881000 r--p 00000000 00:00 0 
7f318d881000-7f318d883000 rw-p 00000000 00:00 0 
7f318d883000-7f318d884000 r--p 00022000 08:02 16256478                   /lib/x86_64-linux-gnu/ld-2.15.so
7f318d884000-7f318d886000 rw-p 00023000 08:02 16256478                   /lib/x86_64-linux-gnu/ld-2.15.so
7fff50861000-7fff50882000 rw-p 00000000 00:00 0                          [stack]
7fff50948000-7fff50949000 r-xp 00000000 00:00 0                          [vdso]
ffffffffff600000-ffffffffff601000 r-xp 00000000 00:00 0                  [vsyscall]

VM Arguments:
jvm_args: -Xmx768M -Xms768M -XX:PermSize=256m -XX:MaxPermSize=256m -Dfile.encoding=UTF-8 -Dserver.port=8080 -Djline.WindowsTerminal.directConsole=false -javaagent:/home/jam/Applications/grails-2.1.1/lib/com.springsource.springloaded/springloaded-core/jars/springloaded-core-1.0.6.jar -Xverify:none -Dspringloaded=profile=grails;cacheDir=/home/jam/.grails/2.1.1/ -Dgrails.home=/home/jam/Applications/grails-2.1.1 -Dtools.jar=/usr/lib/jvm/default-java/lib/tools.jar 
java_command: org.codehaus.groovy.grails.cli.support.GrailsStarter --main org.codehaus.groovy.grails.cli.GrailsScriptRunner --conf /home/jam/Applications/grails-2.1.1/conf/groovy-starter.conf --classpath   run-app
Launcher Type: SUN_STANDARD

Environment Variables:
JAVA_HOME=/usr/lib/jvm/default-java
PATH=/usr/lib/lightdm/lightdm:/usr/local/sbin:/usr/local/bin:/usr/sbin:/usr/bin:/sbin:/bin:/usr/games
LD_LIBRARY_PATH=/usr/lib/jvm/java-6-openjdk-amd64/jre/lib/amd64/server:/usr/lib/jvm/java-6-openjdk-amd64/jre/lib/amd64:/usr/lib/jvm/java-6-openjdk-amd64/jre/../lib/amd64
SHELL=/bin/bash
DISPLAY=:0

Signal Handlers:
SIGSEGV: [libjvm.so+0x784310], sa_mask[0]=0x7ffbfeff, sa_flags=0x10000004
SIGBUS: [libjvm.so+0x784310], sa_mask[0]=0x7ffbfeff, sa_flags=0x10000004
SIGFPE: [libjvm.so+0x648580], sa_mask[0]=0x7ffbfeff, sa_flags=0x10000004
SIGPIPE: SIG_IGN, sa_mask[0]=0x00000000, sa_flags=0x00000000
SIGXFSZ: [libjvm.so+0x648580], sa_mask[0]=0x7ffbfeff, sa_flags=0x10000004
SIGILL: [libjvm.so+0x648580], sa_mask[0]=0x7ffbfeff, sa_flags=0x10000004
SIGUSR1: SIG_DFL, sa_mask[0]=0x00000000, sa_flags=0x00000000
SIGUSR2: [libjvm.so+0x648730], sa_mask[0]=0x00000004, sa_flags=0x10000004
SIGHUP: [libjvm.so+0x64b250], sa_mask[0]=0x7ffbfeff, sa_flags=0x10000004
SIGINT: SIG_IGN, sa_mask[0]=0x00000000, sa_flags=0x00000000
SIGTERM: [libjvm.so+0x64b250], sa_mask[0]=0x7ffbfeff, sa_flags=0x10000004
SIGQUIT: [libjvm.so+0x64b250], sa_mask[0]=0x7ffbfeff, sa_flags=0x10000004


---------------  S Y S T E M  ---------------

OS:Ubuntu 12.04 (precise)
uname:Linux 3.2.0-30-generic #48-Ubuntu SMP Fri Aug 24 16:52:48 UTC 2012 x86_64
libc:glibc 2.15 NPTL 2.15 
rlimit: STACK 8192k, CORE 0k, NPROC 59519, NOFILE 4096, AS infinity
load average:1.83 1.83 1.43

/proc/meminfo:
MemTotal:        7636272 kB
MemFree:          136424 kB
Buffers:          261808 kB
Cached:          3770412 kB
SwapCached:            0 kB
Active:          4093108 kB
Inactive:        2752932 kB
Active(anon):    2479260 kB
Inactive(anon):   343964 kB
Active(file):    1613848 kB
Inactive(file):  2408968 kB
Unevictable:          44 kB
Mlocked:              44 kB
SwapTotal:       7837776 kB
SwapFree:        7837204 kB
Dirty:              2544 kB
Writeback:             0 kB
AnonPages:       2813884 kB
Mapped:           336484 kB
Shmem:              9384 kB
Slab:             225532 kB
SReclaimable:     185936 kB
SUnreclaim:        39596 kB
KernelStack:        5120 kB
PageTables:        53320 kB
NFS_Unstable:          0 kB
Bounce:                0 kB
WritebackTmp:          0 kB
CommitLimit:    11655912 kB
Committed_AS:    6847388 kB
VmallocTotal:   34359738367 kB
VmallocUsed:      135768 kB
VmallocChunk:   34359600404 kB
HardwareCorrupted:     0 kB
AnonHugePages:         0 kB
HugePages_Total:       0
HugePages_Free:        0
HugePages_Rsvd:        0
HugePages_Surp:        0
Hugepagesize:       2048 kB
DirectMap4k:      288768 kB
DirectMap2M:     6508544 kB
DirectMap1G:     1048576 kB


CPU:total 4 (4 cores per cpu, 1 threads per core) family 18 model 1 stepping 0, cmov, cx8, fxsr, mmx, sse, sse2, sse3, popcnt, mmxext, 3dnowpref, lzcnt, sse4a

Memory: 4k page, physical 7636272k(136424k free), swap 7837776k(7837204k free)

vm_info: OpenJDK 64-Bit Server VM (20.0-b12) for linux-amd64 JRE (1.6.0_24-b24), built on Sep  2 2012 19:50:47 by "buildd" with gcc 4.6.3

time: Tue Sep 18 21:53:43 2012
elapsed time: 576 seconds

