#
# A fatal error has been detected by the Java Runtime Environment:
#
#  SIGSEGV (0xb) at pc=0x00007f075cc37820, pid=10882, tid=139669811783424
#
# JRE version: 6.0_24-b24
# Java VM: OpenJDK 64-Bit Server VM (20.0-b12 mixed mode linux-amd64 compressed oops)
# Derivative: IcedTea6 1.11.4
# Distribution: Ubuntu 12.04 LTS, package 6b24-1.11.4-1ubuntu0.12.04.1
# Problematic frame:
# C  [libj2pkcs11.so+0x135820]  Java_sun_security_pkcs11_wrapper_PKCS11_disconnect+0x12a7e0
#
# If you would like to submit a bug report, please include
# instructions how to reproduce the bug and visit:
#   https://bugs.launchpad.net/ubuntu/+source/openjdk-6/
#

---------------  T H R E A D  ---------------

Current thread (0x00007f0760009800):  JavaThread "main" [_thread_in_Java, id=10894, stack(0x00007f0769746000,0x00007f0769847000)]

siginfo:si_signo=SIGSEGV: si_errno=0, si_code=2 (SEGV_ACCERR), si_addr=0x00007f075cc37820

Registers:
RAX=0x00000000f7aac800, RBX=0x00000000c0011d98, RCX=0x0000000000000018, RDX=0x00000000f7aac800
RSP=0x00007f076982bf18, RBP=0x0000000000000000, RSI=0x00000000f7aac7b8, RDI=0x00000000f7aac7b8
R8 =0x00000000f7aac7d0, R9 =0x0000000000000005, R10=0x00000000007bd564, R11=0x00007f0765be3000
R12=0x0000000000000000, R13=0x00000000c0101910, R14=0x00000000c2129b08, R15=0x00007f0760009800
RIP=0x00007f075cc37820, EFLAGS=0x0000000000010246, CSGSFS=0x0000000000000033, ERR=0x0000000000000014
  TRAPNO=0x000000000000000e

Top of Stack: (sp=0x00007f076982bf18)
0x00007f076982bf18:   00007f075d2f3650 00007f076982c230
0x00007f076982bf28:   00007f075d01b843 00007f075d004dd0
0x00007f076982bf38:   0000000500000018 00000000c2129b08
0x00007f076982bf48:   00000000d057e290 00000000f7aac758
0x00007f076982bf58:   00000000f7aac798 00000000ffffffff
0x00007f076982bf68:   00000000c0101910 0000000000000000
0x00007f076982bf78:   0000000000000000 0000000000000000
0x00007f076982bf88:   00000000c0101910 00000000f7aac7b8
0x00007f076982bf98:   c2129b2800000005 00007f076982c000
0x00007f076982bfa8:   00000000f7aac798 00000000c16ed9f0
0x00007f076982bfb8:   00000000c02121f8 0000000000000005
0x00007f076982bfc8:   00007f075d3bd560 0000000000000018
0x00007f076982bfd8:   00000000d057e290 00000000f7aac758
0x00007f076982bfe8:   00000000002ff57c 0000000000000031
0x00007f076982bff8:   0000000000000000 0000000000000000
0x00007f076982c008:   00007f075d304b40 00000000f7aac758
0x00007f076982c018:   0000000000000000 0000000000000000
0x00007f076982c028:   00000000d057e290 0000001800000004
0x00007f076982c038:   00000000c2129b08 0000000400000000
0x00007f076982c048:   0000000000000005 0000006500000003
0x00007f076982c058:   00000000f7aac758 00007f076982c288
0x00007f076982c068:   00007f07600099d0 00007f076982c0f0
0x00007f076982c078:   00007f075d00585a 00007f076095f4c0
0x00007f076982c088:   00007f075d00585a 0000000000000000
0x00007f076982c098:   00000000c2129b08 0000000000000000
0x00007f076982c0a8:   00000000f7aac758 00007f076982c0b0
0x00007f076982c0b8:   00000000c020aa64 00007f076982c110
0x00007f076982c0c8:   00000000c020d470 00000000c175b2e0
0x00007f076982c0d8:   00000000c020aa98 00007f076982c090
0x00007f076982c0e8:   00007f076982c100 00007f076982c158
0x00007f076982c0f8:   00007f075d00585a 00000000c2129b08
0x00007f076982c108:   0000000000000000 00000000f7aac758 

Instructions: (pc=0x00007f075cc37820)
0x00007f075cc37800:   
[error occurred during error reporting (printing registers, top of stack, instructions near pc), id 0xb]

Register to memory mapping:

RAX=0x00000000f7aac800 is an oop
java.lang.String 
 - klass: 'java/lang/String'
RBX=0x00000000c0011d98 is an oop
{method} 
 - klass: {other class}
RCX=0x0000000000000018 is an unknown value
RDX=0x00000000f7aac800 is an oop
java.lang.String 
 - klass: 'java/lang/String'
RSP=0x00007f076982bf18 is pointing into the stack for thread: 0x00007f0760009800
RBP=0x0000000000000000 is an unknown value
RSI=0x00000000f7aac7b8 is an oop
java.lang.StringBuilder 
 - klass: 'java/lang/StringBuilder'
RDI=0x00000000f7aac7b8 is an oop
java.lang.StringBuilder 
 - klass: 'java/lang/StringBuilder'
R8 =0x00000000f7aac7d0 is an oop
[C 
 - klass: {type array char}
 - length: 16
R9 =0x0000000000000005 is an unknown value
R10=0x00000000007bd564 is an unknown value
R11=0x00007f0765be3000 is an unknown value
R12=0x0000000000000000 is an unknown value
R13=0x00000000c0101910 is an oop
java.lang.String 
 - klass: 'java/lang/String'
R14=0x00000000c2129b08 is an oop
java.lang.String 
 - klass: 'java/lang/String'
R15=0x00007f0760009800 is a thread


Stack: [0x00007f0769746000,0x00007f0769847000],  sp=0x00007f076982bf18,  free space=919k
Native frames: (J=compiled Java code, j=interpreted, Vv=VM code, C=native code)
C  [libj2pkcs11.so+0x135820]  Java_sun_security_pkcs11_wrapper_PKCS11_disconnect+0x12a7e0

[error occurred during error reporting (printing native stack), id 0xb]


---------------  P R O C E S S  ---------------

Java Threads: ( => current thread )
  0x00007f0760410800 JavaThread "pool-4-thread-5" [_thread_blocked, id=10928, stack(0x00007f075624c000,0x00007f075634d000)]
  0x00007f0760962000 JavaThread "pool-4-thread-4" [_thread_blocked, id=10927, stack(0x00007f075634d000,0x00007f075644e000)]
  0x00007f07604f8800 JavaThread "pool-4-thread-3" [_thread_blocked, id=10926, stack(0x00007f075644e000,0x00007f075654f000)]
  0x00007f0760685800 JavaThread "pool-4-thread-2" [_thread_blocked, id=10925, stack(0x00007f075654f000,0x00007f0756650000)]
  0x00007f0760685000 JavaThread "pool-4-thread-1" [_thread_blocked, id=10924, stack(0x00007f0756650000,0x00007f0756751000)]
  0x00007f07608c0000 JavaThread "pool-3-thread-5" [_thread_blocked, id=10922, stack(0x00007f0756852000,0x00007f0756953000)]
  0x00007f0760331000 JavaThread "pool-3-thread-4" [_thread_blocked, id=10921, stack(0x00007f0756953000,0x00007f0756a54000)]
  0x00007f07608db000 JavaThread "pool-3-thread-3" [_thread_blocked, id=10920, stack(0x00007f0756a54000,0x00007f0756b55000)]
  0x00007f07610be800 JavaThread "pool-3-thread-2" [_thread_blocked, id=10919, stack(0x00007f0756b55000,0x00007f0756c56000)]
  0x00007f07602f9800 JavaThread "pool-3-thread-1" [_thread_blocked, id=10918, stack(0x00007f0756c56000,0x00007f0756d57000)]
  0x00007f07608e3800 JavaThread "FileSystemWatcher: files=#13 cl=java.net.URLClassLoader@7446a09b" daemon [_thread_blocked, id=10917, stack(0x00007f0756d57000,0x00007f0756e58000)]
  0x00007f0708012000 JavaThread "Keep-Alive-Timer" daemon [_thread_blocked, id=10916, stack(0x00007f0756e58000,0x00007f0756f59000)]
  0x00007f0760294800 JavaThread "pool-2-thread-1" [_thread_blocked, id=10915, stack(0x00007f0757580000,0x00007f0757681000)]
  0x00007f07602a4000 JavaThread "Synchronizer (Spring UAA/1.0.1)" daemon [_thread_blocked, id=10914, stack(0x00007f075c0af000,0x00007f075c1b0000)]
  0x00007f0760964000 JavaThread "Timer-0" daemon [_thread_blocked, id=10913, stack(0x00007f07641fc000,0x00007f07642fd000)]
  0x00007f07600e3800 JavaThread "Low Memory Detector" daemon [_thread_blocked, id=10905, stack(0x00007f076462d000,0x00007f076472e000)]
  0x00007f07600e9000 JavaThread "C2 CompilerThread1" daemon [_thread_in_native, id=10904, stack(0x00007f076472e000,0x00007f076482f000)]
  0x00007f07600ea800 JavaThread "C2 CompilerThread0" daemon [_thread_in_native, id=10903, stack(0x00007f076482f000,0x00007f0764930000)]
  0x00007f076008c000 JavaThread "Signal Dispatcher" daemon [_thread_blocked, id=10902, stack(0x00007f076498e000,0x00007f0764a8f000)]
  0x00007f0760079800 JavaThread "Finalizer" daemon [_thread_blocked, id=10901, stack(0x00007f076526a000,0x00007f076536b000)]
  0x00007f0760077800 JavaThread "Reference Handler" daemon [_thread_blocked, id=10900, stack(0x00007f076536b000,0x00007f076546c000)]
=>0x00007f0760009800 JavaThread "main" [_thread_in_Java, id=10894, stack(0x00007f0769746000,0x00007f0769847000)]

Other Threads:
  0x00007f0760071000 VMThread [stack: 0x00007f076546c000,0x00007f076556d000] [id=10899]
  0x00007f07600f5800 WatcherThread [stack: 0x00007f076452c000,0x00007f076462d000] [id=10906]

VM state:not at safepoint (normal execution)

VM Mutex/Monitor currently owned by a thread: None

Heap
 PSYoungGen      total 198400K, used 161210K [0x00000000f0000000, 0x0000000100000000, 0x0000000100000000)
  eden space 163200K, 77% used [0x00000000f0000000,0x00000000f7b116d8,0x00000000f9f60000)
  from space 35200K, 99% used [0x00000000fdda0000,0x00000000ffffd378,0x0000000100000000)
  to   space 49472K, 0% used [0x00000000f9f60000,0x00000000f9f60000,0x00000000fcfb0000)
 PSOldGen        total 524288K, used 23645K [0x00000000d0000000, 0x00000000f0000000, 0x00000000f0000000)
  object space 524288K, 4% used [0x00000000d0000000,0x00000000d17176d0,0x00000000f0000000)
 PSPermGen       total 262144K, used 35969K [0x00000000c0000000, 0x00000000d0000000, 0x00000000d0000000)
  object space 262144K, 13% used [0x00000000c0000000,0x00000000c23207f8,0x00000000d0000000)

Code Cache  [0x00007f075d000000, 0x00007f075d4c0000, 0x00007f0760000000)
 total_blobs=1412 nmethods=853 adapters=512 free_code_cache=45414144 largest_free_block=10432

Dynamic libraries:
00400000-00409000 r-xp 00000000 08:02 397963                             /usr/lib/jvm/java-6-openjdk-amd64/jre/bin/java
00608000-00609000 r--p 00008000 08:02 397963                             /usr/lib/jvm/java-6-openjdk-amd64/jre/bin/java
00609000-0060a000 rw-p 00009000 08:02 397963                             /usr/lib/jvm/java-6-openjdk-amd64/jre/bin/java
01566000-01587000 rw-p 00000000 00:00 0                                  [heap]
c0000000-100000000 rw-p 00000000 00:00 0 
7f06d8000000-7f06d8021000 rw-p 00000000 00:00 0 
7f06d8021000-7f06dc000000 ---p 00000000 00:00 0 
7f06dc000000-7f06dc021000 rw-p 00000000 00:00 0 
7f06dc021000-7f06e0000000 ---p 00000000 00:00 0 
7f06e0000000-7f06e0021000 rw-p 00000000 00:00 0 
7f06e0021000-7f06e4000000 ---p 00000000 00:00 0 
7f06e4000000-7f06e4021000 rw-p 00000000 00:00 0 
7f06e4021000-7f06e8000000 ---p 00000000 00:00 0 
7f06e8000000-7f06e8021000 rw-p 00000000 00:00 0 
7f06e8021000-7f06ec000000 ---p 00000000 00:00 0 
7f06ec000000-7f06ec021000 rw-p 00000000 00:00 0 
7f06ec021000-7f06f0000000 ---p 00000000 00:00 0 
7f06f0000000-7f06f0021000 rw-p 00000000 00:00 0 
7f06f0021000-7f06f4000000 ---p 00000000 00:00 0 
7f06f4000000-7f06f408e000 rw-p 00000000 00:00 0 
7f06f408e000-7f06f8000000 ---p 00000000 00:00 0 
7f06f8000000-7f06f80ee000 rw-p 00000000 00:00 0 
7f06f80ee000-7f06fc000000 ---p 00000000 00:00 0 
7f06fc000000-7f06fc021000 rw-p 00000000 00:00 0 
7f06fc021000-7f0700000000 ---p 00000000 00:00 0 
7f0700000000-7f0700021000 rw-p 00000000 00:00 0 
7f0700021000-7f0704000000 ---p 00000000 00:00 0 
7f0704000000-7f0704021000 rw-p 00000000 00:00 0 
7f0704021000-7f0708000000 ---p 00000000 00:00 0 
7f0708000000-7f0708071000 rw-p 00000000 00:00 0 
7f0708071000-7f070c000000 ---p 00000000 00:00 0 
7f070c000000-7f070c021000 rw-p 00000000 00:00 0 
7f070c021000-7f0710000000 ---p 00000000 00:00 0 
7f0710000000-7f071291c000 rw-p 00000000 00:00 0 
7f071291c000-7f0714000000 ---p 00000000 00:00 0 
7f0714000000-7f0714021000 rw-p 00000000 00:00 0 
7f0714021000-7f0718000000 ---p 00000000 00:00 0 
7f0718000000-7f0718021000 rw-p 00000000 00:00 0 
7f0718021000-7f071c000000 ---p 00000000 00:00 0 
7f071c000000-7f071d4ac000 rw-p 00000000 00:00 0 
7f071d4ac000-7f0720000000 ---p 00000000 00:00 0 
7f0720000000-7f0720021000 rw-p 00000000 00:00 0 
7f0720021000-7f0724000000 ---p 00000000 00:00 0 
7f0724000000-7f0724021000 rw-p 00000000 00:00 0 
7f0724021000-7f0728000000 ---p 00000000 00:00 0 
7f0728000000-7f072be7b000 rw-p 00000000 00:00 0 
7f072be7b000-7f072c000000 ---p 00000000 00:00 0 
7f072c000000-7f072fffd000 rw-p 00000000 00:00 0 
7f072fffd000-7f0730000000 ---p 00000000 00:00 0 
7f0730000000-7f0730021000 rw-p 00000000 00:00 0 
7f0730021000-7f0734000000 ---p 00000000 00:00 0 
7f0734000000-7f0734021000 rw-p 00000000 00:00 0 
7f0734021000-7f0738000000 ---p 00000000 00:00 0 
7f0738000000-7f0738231000 rw-p 00000000 00:00 0 
7f0738231000-7f073c000000 ---p 00000000 00:00 0 
7f073c000000-7f073c021000 rw-p 00000000 00:00 0 
7f073c021000-7f0740000000 ---p 00000000 00:00 0 
7f0740000000-7f0740021000 rw-p 00000000 00:00 0 
7f0740021000-7f0744000000 ---p 00000000 00:00 0 
7f0748000000-7f0748021000 rw-p 00000000 00:00 0 
7f0748021000-7f074c000000 ---p 00000000 00:00 0 
7f0750000000-7f0750021000 rw-p 00000000 00:00 0 
7f0750021000-7f0754000000 ---p 00000000 00:00 0 
7f075624c000-7f075624f000 ---p 00000000 00:00 0 
7f075624f000-7f075634d000 rw-p 00000000 00:00 0 
7f075634d000-7f0756350000 ---p 00000000 00:00 0 
7f0756350000-7f075644e000 rw-p 00000000 00:00 0 
7f075644e000-7f0756451000 ---p 00000000 00:00 0 
7f0756451000-7f075654f000 rw-p 00000000 00:00 0 
7f075654f000-7f0756552000 ---p 00000000 00:00 0 
7f0756552000-7f0756650000 rw-p 00000000 00:00 0 
7f0756650000-7f0756653000 ---p 00000000 00:00 0 
7f0756653000-7f0756751000 rw-p 00000000 00:00 0 
7f0756751000-7f0756754000 ---p 00000000 00:00 0 
7f0756754000-7f0756852000 rw-p 00000000 00:00 0 
7f0756852000-7f0756855000 ---p 00000000 00:00 0 
7f0756855000-7f0756953000 rw-p 00000000 00:00 0 
7f0756953000-7f0756956000 ---p 00000000 00:00 0 
7f0756956000-7f0756a54000 rw-p 00000000 00:00 0 
7f0756a54000-7f0756a57000 ---p 00000000 00:00 0 
7f0756a57000-7f0756b55000 rw-p 00000000 00:00 0 
7f0756b55000-7f0756b58000 ---p 00000000 00:00 0 
7f0756b58000-7f0756c56000 rw-p 00000000 00:00 0 
7f0756c56000-7f0756c59000 ---p 00000000 00:00 0 
7f0756c59000-7f0756d57000 rw-p 00000000 00:00 0 
7f0756d57000-7f0756d5a000 ---p 00000000 00:00 0 
7f0756d5a000-7f0756e58000 rw-p 00000000 00:00 0 
7f0756e58000-7f0756e5b000 ---p 00000000 00:00 0 
7f0756e5b000-7f0756f59000 rw-p 00000000 00:00 0 
7f0756f59000-7f0756f71000 r-xp 00000000 08:02 16256582                   /lib/x86_64-linux-gnu/libresolv-2.15.so
7f0756f71000-7f0757171000 ---p 00018000 08:02 16256582                   /lib/x86_64-linux-gnu/libresolv-2.15.so
7f0757171000-7f0757172000 r--p 00018000 08:02 16256582                   /lib/x86_64-linux-gnu/libresolv-2.15.so
7f0757172000-7f0757173000 rw-p 00019000 08:02 16256582                   /lib/x86_64-linux-gnu/libresolv-2.15.so
7f0757173000-7f0757175000 rw-p 00000000 00:00 0 
7f0757175000-7f075717c000 r-xp 00000000 08:02 16256547                   /lib/x86_64-linux-gnu/libnss_dns-2.15.so
7f075717c000-7f075737b000 ---p 00007000 08:02 16256547                   /lib/x86_64-linux-gnu/libnss_dns-2.15.so
7f075737b000-7f075737c000 r--p 00006000 08:02 16256547                   /lib/x86_64-linux-gnu/libnss_dns-2.15.so
7f075737c000-7f075737d000 rw-p 00007000 08:02 16256547                   /lib/x86_64-linux-gnu/libnss_dns-2.15.so
7f075737d000-7f075737f000 r-xp 00000000 08:02 16252982                   /lib/libnss_mdns4_minimal.so.2
7f075737f000-7f075757e000 ---p 00002000 08:02 16252982                   /lib/libnss_mdns4_minimal.so.2
7f075757e000-7f075757f000 r--p 00001000 08:02 16252982                   /lib/libnss_mdns4_minimal.so.2
7f075757f000-7f0757580000 rw-p 00002000 08:02 16252982                   /lib/libnss_mdns4_minimal.so.2
7f0757580000-7f0757583000 ---p 00000000 00:00 0 
7f0757583000-7f0757681000 rw-p 00000000 00:00 0 
7f0757681000-7f07576de000 r-xp 00000000 08:02 16651114                   /usr/lib/x86_64-linux-gnu/nss/libfreebl3.so
7f07576de000-7f07578dd000 ---p 0005d000 08:02 16651114                   /usr/lib/x86_64-linux-gnu/nss/libfreebl3.so
7f07578dd000-7f07578df000 r--p 0005c000 08:02 16651114                   /usr/lib/x86_64-linux-gnu/nss/libfreebl3.so
7f07578df000-7f07578e0000 rw-p 0005e000 08:02 16651114                   /usr/lib/x86_64-linux-gnu/nss/libfreebl3.so
7f07578e0000-7f07578e4000 rw-p 00000000 00:00 0 
7f07578e4000-7f0757982000 r-xp 00000000 08:02 16131587                   /usr/lib/x86_64-linux-gnu/libsqlite3.so.0.8.6
7f0757982000-7f0757b82000 ---p 0009e000 08:02 16131587                   /usr/lib/x86_64-linux-gnu/libsqlite3.so.0.8.6
7f0757b82000-7f0757b84000 r--p 0009e000 08:02 16131587                   /usr/lib/x86_64-linux-gnu/libsqlite3.so.0.8.6
7f0757b84000-7f0757b86000 rw-p 000a0000 08:02 16131587                   /usr/lib/x86_64-linux-gnu/libsqlite3.so.0.8.6
7f0757b86000-7f0757b87000 rw-p 00000000 00:00 0 
7f0757b87000-7f0757bc0000 r-xp 00000000 08:02 16651117                   /usr/lib/x86_64-linux-gnu/nss/libsoftokn3.so
7f0757bc0000-7f0757dbf000 ---p 00039000 08:02 16651117                   /usr/lib/x86_64-linux-gnu/nss/libsoftokn3.so
7f0757dbf000-7f0757dc1000 r--p 00038000 08:02 16651117                   /usr/lib/x86_64-linux-gnu/nss/libsoftokn3.so
7f0757dc1000-7f0757dc2000 rw-p 0003a000 08:02 16651117                   /usr/lib/x86_64-linux-gnu/nss/libsoftokn3.so
7f0757dc2000-7f0757dfc000 r-xp 00000000 08:02 16127779                   /usr/lib/x86_64-linux-gnu/libnspr4.so
7f0757dfc000-7f0757ffb000 ---p 0003a000 08:02 16127779                   /usr/lib/x86_64-linux-gnu/libnspr4.so
7f0757ffb000-7f0757ffc000 r--p 00039000 08:02 16127779                   /usr/lib/x86_64-linux-gnu/libnspr4.so
7f0757ffc000-7f0757ffe000 rw-p 0003a000 08:02 16127779                   /usr/lib/x86_64-linux-gnu/libnspr4.so
7f0757ffe000-7f0758000000 rw-p 00000000 00:00 0 
7f0758000000-7f0758021000 rw-p 00000000 00:00 0 
7f0758021000-7f075c000000 ---p 00000000 00:00 0 
7f075c0af000-7f075c0b2000 ---p 00000000 00:00 0 
7f075c0b2000-7f075c1b0000 rw-p 00000000 00:00 0 
7f075c1b0000-7f075c1b3000 r-xp 00000000 08:02 16127775                   /usr/lib/x86_64-linux-gnu/libplds4.so
7f075c1b3000-7f075c3b2000 ---p 00003000 08:02 16127775                   /usr/lib/x86_64-linux-gnu/libplds4.so
7f075c3b2000-7f075c3b3000 r--p 00002000 08:02 16127775                   /usr/lib/x86_64-linux-gnu/libplds4.so
7f075c3b3000-7f075c3b4000 rw-p 00003000 08:02 16127775                   /usr/lib/x86_64-linux-gnu/libplds4.so
7f075c3b4000-7f075c3b8000 r-xp 00000000 08:02 16127777                   /usr/lib/x86_64-linux-gnu/libplc4.so
7f075c3b8000-7f075c5b7000 ---p 00004000 08:02 16127777                   /usr/lib/x86_64-linux-gnu/libplc4.so
7f075c5b7000-7f075c5b8000 r--p 00003000 08:02 16127777                   /usr/lib/x86_64-linux-gnu/libplc4.so
7f075c5b8000-7f075c5b9000 rw-p 00004000 08:02 16127777                   /usr/lib/x86_64-linux-gnu/libplc4.so
7f075c5b9000-7f075c5d5000 r-xp 00000000 08:02 16123808                   /usr/lib/x86_64-linux-gnu/libnssutil3.so
7f075c5d5000-7f075c7d5000 ---p 0001c000 08:02 16123808                   /usr/lib/x86_64-linux-gnu/libnssutil3.so
7f075c7d5000-7f075c7db000 r--p 0001c000 08:02 16123808                   /usr/lib/x86_64-linux-gnu/libnssutil3.so
7f075c7db000-7f075c7dc000 rw-p 00022000 08:02 16123808                   /usr/lib/x86_64-linux-gnu/libnssutil3.so
7f075c7dc000-7f075c8da000 r-xp 00000000 08:02 16122488                   /usr/lib/x86_64-linux-gnu/libnss3.so
7f075c8da000-7f075cad9000 ---p 000fe000 08:02 16122488                   /usr/lib/x86_64-linux-gnu/libnss3.so
7f075cad9000-7f075cade000 r--p 000fd000 08:02 16122488                   /usr/lib/x86_64-linux-gnu/libnss3.so
7f075cade000-7f075cae0000 rw-p 00102000 08:02 16122488                   /usr/lib/x86_64-linux-gnu/libnss3.so
7f075cae0000-7f075cae2000 rw-p 00000000 00:00 0 
7f075cb02000-7f075cb10000 r-xp 00000000 08:02 18747997                   /usr/lib/jvm/java-6-openjdk-amd64/jre/lib/amd64/libj2pkcs11.so
7f075cb10000-7f075cd10000 ---p 0000e000 08:02 18747997                   /usr/lib/jvm/java-6-openjdk-amd64/jre/lib/amd64/libj2pkcs11.so
7f075cd10000-7f075cd11000 r--p 0000e000 08:02 18747997                   /usr/lib/jvm/java-6-openjdk-amd64/jre/lib/amd64/libj2pkcs11.so
7f075cd11000-7f075cd12000 rw-p 0000f000 08:02 18747997                   /usr/lib/jvm/java-6-openjdk-amd64/jre/lib/amd64/libj2pkcs11.so
7f075cd12000-7f075cd14000 r--s 00013000 08:02 18489868                   /usr/lib/jvm/java-6-openjdk-common/jre/lib/jce.jar
7f075cd24000-7f075cd28000 r--s 0002f000 08:02 4722137                    /home/jam/.grails/ivy-cache/org.grails/grails-test/jars/grails-test-2.1.1.jar
7f075cd28000-7f075cd2e000 r--s 0006c000 08:02 4722135                    /home/jam/.grails/ivy-cache/org.grails/grails-plugin-testing/jars/grails-plugin-testing-2.1.1.jar
7f075cd2e000-7f075cd2f000 r--s 00002000 08:02 5636284                    /home/jam/.grails/ivy-cache/org.hibernate/hibernate-ehcache/jars/hibernate-ehcache-3.6.10.Final.jar
7f075cd2f000-7f075cd34000 r--s 00048000 08:02 5636282                    /home/jam/.grails/ivy-cache/dom4j/dom4j/jars/dom4j-1.6.1.jar
7f075cd34000-7f075cd39000 r--s 00068000 08:02 5636280                    /home/jam/.grails/ivy-cache/antlr/antlr/jars/antlr-2.7.7.jar
7f075cd39000-7f075cd42000 r--s 00098000 08:02 5636278                    /home/jam/.grails/ivy-cache/org.javassist/javassist/jars/javassist-3.16.1-GA.jar
7f075cd42000-7f075cd45000 r--s 00009000 08:02 5636286                    /home/jam/.grails/ivy-cache/javax.validation/validation-api/jars/validation-api-1.0.0.GA.jar
7f075cd45000-7f075cd4c000 r--s 00040000 08:02 5636276                    /home/jam/.grails/ivy-cache/org.hibernate/hibernate-validator/jars/hibernate-validator-4.1.0.Final.jar
7f075cd4c000-7f075cd4f000 r--s 0000f000 08:02 5636274                    /home/jam/.grails/ivy-cache/org.hibernate/hibernate-commons-annotations/jars/hibernate-commons-annotations-3.2.0.Final.jar
7f075cd4f000-7f075cd81000 r--s 002c9000 08:02 5636272                    /home/jam/.grails/ivy-cache/org.hibernate/hibernate-core/jars/hibernate-core-3.6.10.Final.jar
7f075cd81000-7f075cd92000 r--s 000d2000 08:02 5636617                    /home/jam/.grails/ivy-cache/org.liquibase/liquibase-core/jars/liquibase-core-2.0.5.jar
7f075cd92000-7f075cd9b000 r--s 00080000 08:02 5767285                    /home/jam/.grails/ivy-cache/org.quartz-scheduler/quartz/jars/quartz-2.1.5.jar
7f075cd9b000-7f075cda2000 r--s 00035000 08:02 4851541                    /home/jam/.grails/ivy-cache/org.springframework.security/spring-security-web/jars/spring-security-web-3.0.7.RELEASE.jar
7f075cda2000-7f075cdac000 r--s 00043000 08:02 4851538                    /home/jam/.grails/ivy-cache/org.springframework.security/spring-security-core/jars/spring-security-core-3.0.7.RELEASE.jar
7f075cdac000-7f075cdad000 r--s 00004000 08:02 5637614                    /home/jam/.grails/ivy-cache/net.sf.opencsv/opencsv/jars/opencsv-2.3.jar
7f075cdad000-7f075cdb3000 r--s 0007e000 08:02 5637426                    /home/jam/.grails/ivy-cache/postgresql/postgresql/jars/postgresql-9.0-801.jdbc4.jar
7f075cdb3000-7f075cdba000 r--s 000bd000 08:02 4722926                    /home/jam/.grails/ivy-cache/mysql/mysql-connector-java/jars/mysql-connector-java-5.1.20.jar
7f075cdba000-7f075cdbc000 r--s 00000000 08:02 4722133                    /home/jam/.grails/ivy-cache/org.slf4j/jul-to-slf4j/jars/jul-to-slf4j-1.6.2.jar
7f075cdbc000-7f075cdbe000 r--s 00003000 08:02 4722131                    /home/jam/.grails/ivy-cache/org.slf4j/jcl-over-slf4j/jars/jcl-over-slf4j-1.6.2.jar
7f075cdbe000-7f075cdc7000 r--s 0006d000 08:02 4722129                    /home/jam/.grails/ivy-cache/log4j/log4j/bundles/log4j-1.2.16.jar
7f075cdc7000-7f075cddc000 r--s 000e3000 08:02 4722127                    /home/jam/.grails/ivy-cache/net.sf.ehcache/ehcache-core/jars/ehcache-core-2.4.6.jar
7f075cddc000-7f075cdde000 r--s 00005000 08:02 4722125                    /home/jam/.grails/ivy-cache/xpp3/xpp3_min/jars/xpp3_min-1.1.4c.jar
7f075cdde000-7f075cde0000 r--s 00004000 08:02 4722123                    /home/jam/.grails/ivy-cache/javax.servlet/jstl/jars/jstl-1.1.2.jar
7f075cde0000-7f075cdea000 r--s 0012c000 08:02 4722121                    /home/jam/.grails/ivy-cache/com.h2database/h2/jars/h2-1.3.164.jar
7f075cdea000-7f075cdff000 r-xp 00000000 08:02 18747986                   /usr/lib/jvm/java-6-openjdk-amd64/jre/lib/amd64/libnet.so
7f075cdff000-7f075cffe000 ---p 00015000 08:02 18747986                   /usr/lib/jvm/java-6-openjdk-amd64/jre/lib/amd64/libnet.so
7f075cffe000-7f075cfff000 r--p 00014000 08:02 18747986                   /usr/lib/jvm/java-6-openjdk-amd64/jre/lib/amd64/libnet.so
7f075cfff000-7f075d000000 rw-p 00015000 08:02 18747986                   /usr/lib/jvm/java-6-openjdk-amd64/jre/lib/amd64/libnet.so
7f075d000000-7f075d4d0000 rwxp 00000000 00:00 0 
7f075d4d0000-7f07610d9000 rw-p 00000000 00:00 0 
7f07610d9000-7f0764000000 ---p 00000000 00:00 0 
7f0764007000-7f076400a000 r--s 00016000 08:02 4722119                    /home/jam/.grails/ivy-cache/commons-pool/commons-pool/jars/commons-pool-1.5.6.jar
7f076400a000-7f076400d000 r--s 00025000 08:02 4722117                    /home/jam/.grails/ivy-cache/commons-dbcp/commons-dbcp/jars/commons-dbcp-1.4.jar
7f076400d000-7f076400f000 r--s 0000e000 08:02 4722115                    /home/jam/.grails/ivy-cache/oro/oro/jars/oro-2.0.8.jar
7f076400f000-7f0764011000 r--s 0000d000 08:02 4722113                    /home/jam/.grails/ivy-cache/commons-fileupload/commons-fileupload/jars/commons-fileupload-1.2.2.jar
7f0764011000-7f0764012000 r--s 0000a000 08:02 4722111                    /home/jam/.grails/ivy-cache/asm/asm/jars/asm-3.1.jar
7f0764012000-7f0764019000 r--s 0003e000 08:02 4722109                    /home/jam/.grails/ivy-cache/cglib/cglib/jars/cglib-2.2.jar
7f0764019000-7f076401d000 r--s 00019000 08:02 4722107                    /home/jam/.grails/ivy-cache/org.aspectj/aspectjrt/jars/aspectjrt-1.6.10.jar
7f076401d000-7f0764033000 r--s 00184000 08:02 4722105                    /home/jam/.grails/ivy-cache/org.aspectj/aspectjweaver/jars/aspectjweaver-1.6.10.jar
7f0764033000-7f076403a000 r--s 00056000 08:02 4722103                    /home/jam/.grails/ivy-cache/org.grails/grails-datastore-simple/jars/grails-datastore-simple-1.1.0.RELEASE.jar
7f076403a000-7f0764043000 r--s 00044000 08:02 4722101                    /home/jam/.grails/ivy-cache/org.grails/grails-datastore-core/jars/grails-datastore-core-1.1.0.RELEASE.jar
7f0764043000-7f0764048000 r--s 0004c000 08:02 4722099                    /home/jam/.grails/ivy-cache/org.grails/grails-datastore-gorm/jars/grails-datastore-gorm-1.1.0.RELEASE.jar
7f0764048000-7f0764053000 r--s 00082000 08:02 4722097                    /home/jam/.grails/ivy-cache/org.springframework/spring-webmvc/jars/spring-webmvc-3.1.2.RELEASE.jar
7f0764053000-7f076405f000 r--s 0007a000 08:02 4722095                    /home/jam/.grails/ivy-cache/org.springframework/spring-web/jars/spring-web-3.1.2.RELEASE.jar
7f076405f000-7f0764066000 r--s 00035000 08:02 4722093                    /home/jam/.grails/ivy-cache/org.springframework/spring-tx/jars/spring-tx-3.1.2.RELEASE.jar
7f0764066000-7f076406f000 r--s 00054000 08:02 4722091                    /home/jam/.grails/ivy-cache/org.springframework/spring-orm/jars/spring-orm-3.1.2.RELEASE.jar
7f076406f000-7f0764074000 r--s 0002c000 08:02 4722089                    /home/jam/.grails/ivy-cache/org.springframework/spring-jms/jars/spring-jms-3.1.2.RELEASE.jar
7f0764074000-7f076407e000 r--s 00059000 08:02 4722087                    /home/jam/.grails/ivy-cache/org.springframework/spring-jdbc/jars/spring-jdbc-3.1.2.RELEASE.jar
7f076407e000-7f0764082000 r--s 00027000 08:02 4722085                    /home/jam/.grails/ivy-cache/org.springframework/spring-expression/jars/spring-expression-3.1.2.RELEASE.jar
7f0764082000-7f0764085000 r--s 00018000 08:02 4722083                    /home/jam/.grails/ivy-cache/org.springframework/spring-context-support/jars/spring-context-support-3.1.2.RELEASE.jar
7f0764085000-7f076409a000 r--s 000b7000 08:02 4722081                    /home/jam/.grails/ivy-cache/org.springframework/spring-context/jars/spring-context-3.1.2.RELEASE.jar
7f076409a000-7f07640a6000 r--s 00085000 08:02 4722079                    /home/jam/.grails/ivy-cache/org.springframework/spring-beans/jars/spring-beans-3.1.2.RELEASE.jar
7f07640a6000-7f07640a7000 r--s 0000c000 08:02 4722077                    /home/jam/.grails/ivy-cache/org.springframework/spring-asm/jars/spring-asm-3.1.2.RELEASE.jar
7f07640a7000-7f07640a9000 r--s 0000b000 08:02 4722075                    /home/jam/.grails/ivy-cache/org.springframework/spring-aspects/jars/spring-aspects-3.1.2.RELEASE.jar
7f07640a9000-7f07640b2000 r--s 00049000 08:02 4722073                    /home/jam/.grails/ivy-cache/org.springframework/spring-aop/jars/spring-aop-3.1.2.RELEASE.jar
7f07640b2000-7f07640bc000 r--s 00064000 08:02 4722071                    /home/jam/.grails/ivy-cache/org.springframework/spring-core/jars/spring-core-3.1.2.RELEASE.jar
7f07640bc000-7f07640be000 r--s 00008000 08:02 4722069                    /home/jam/.grails/ivy-cache/org.grails/grails-plugin-validation/jars/grails-plugin-validation-2.1.1.jar
7f07640be000-7f07640c1000 r--s 0001c000 08:02 4722067                    /home/jam/.grails/ivy-cache/org.grails/grails-plugin-url-mappings/jars/grails-plugin-url-mappings-2.1.1.jar
7f07640c1000-7f07640c3000 r--s 0000f000 08:02 4722065                    /home/jam/.grails/ivy-cache/org.grails/grails-plugin-mimetypes/jars/grails-plugin-mimetypes-2.1.1.jar
7f07640c3000-7f07640c5000 r--s 00005000 08:02 4722063                    /home/jam/.grails/ivy-cache/org.grails/grails-plugin-servlets/jars/grails-plugin-servlets-2.1.1.jar
7f07640c5000-7f07640c6000 r--s 00008000 08:02 4722061                    /home/jam/.grails/ivy-cache/org.grails/grails-plugin-services/jars/grails-plugin-services-2.1.1.jar
7f07640c6000-7f07640c8000 r--s 00006000 08:02 4722059                    /home/jam/.grails/ivy-cache/org.grails/grails-plugin-scaffolding/jars/grails-plugin-scaffolding-2.1.1.jar
7f07640c8000-7f07640ca000 r--s 0000e000 08:02 4722057                    /home/jam/.grails/ivy-cache/org.grails/grails-plugin-log4j/jars/grails-plugin-log4j-2.1.1.jar
7f07640ca000-7f07640cc000 r--s 00005000 08:02 4722055                    /home/jam/.grails/ivy-cache/org.grails/grails-plugin-i18n/jars/grails-plugin-i18n-2.1.1.jar
7f07640cc000-7f07640d3000 r--s 0006d000 08:02 4722053                    /home/jam/.grails/ivy-cache/org.grails/grails-plugin-gsp/jars/grails-plugin-gsp-2.1.1.jar
7f07640d3000-7f07640d5000 r--s 0000e000 08:02 4722051                    /home/jam/.grails/ivy-cache/org.grails/grails-plugin-filters/jars/grails-plugin-filters-2.1.1.jar
7f07640d5000-7f07640d7000 r--s 00009000 08:02 4722049                    /home/jam/.grails/ivy-cache/org.grails/grails-plugin-datasource/jars/grails-plugin-datasource-2.1.1.jar
7f07640d7000-7f07640db000 r--s 00024000 08:02 4722047                    /home/jam/.grails/ivy-cache/org.grails/grails-plugin-converters/jars/grails-plugin-converters-2.1.1.jar
7f07640db000-7f07640de000 r--s 00019000 08:02 4722045                    /home/jam/.grails/ivy-cache/org.grails/grails-plugin-domain-class/jars/grails-plugin-domain-class-2.1.1.jar
7f07640de000-7f07640e2000 r--s 00028000 08:02 4722043                    /home/jam/.grails/ivy-cache/org.grails/grails-plugin-controllers/jars/grails-plugin-controllers-2.1.1.jar
7f07640e2000-7f07640e4000 r--s 00015000 08:02 4722041                    /home/jam/.grails/ivy-cache/org.grails/grails-plugin-codecs/jars/grails-plugin-codecs-2.1.1.jar
7f07640e4000-7f07640e5000 r--s 00000000 08:02 4722039                    /home/jam/.grails/ivy-cache/org.grails/grails-logging/jars/grails-logging-2.1.1.jar
7f07640e5000-7f07640e7000 r--s 00009000 08:02 4722037                    /home/jam/.grails/ivy-cache/org.grails/grails-spring/jars/grails-spring-2.1.1.jar
7f07640e7000-7f07640f1000 r--s 0008a000 08:02 4722035                    /home/jam/.grails/ivy-cache/org.grails/grails-hibernate/jars/grails-hibernate-2.1.1.jar
7f07640f1000-7f07640f3000 r--s 00009000 08:02 4722033                    /home/jam/.grails/ivy-cache/org.grails/grails-crud/jars/grails-crud-2.1.1.jar
7f07640f3000-7f07640f9000 r--s 00027000 08:02 4722031                    /home/jam/.grails/ivy-cache/opensymphony/sitemesh/jars/sitemesh-2.4.jar
7f07640f9000-7f07640fe000 r--s 00015000 08:02 4722029                    /home/jam/.grails/ivy-cache/org.hibernate.javax.persistence/hibernate-jpa-2.0-api/jars/hibernate-jpa-2.0-api-1.0.1.Final.jar
7f07640fe000-7f07640ff000 r--s 00003000 08:02 4722027                    /home/jam/.grails/ivy-cache/javax.transaction/jta/jars/jta-1.1.jar
7f07640ff000-7f0764104000 r--s 00041000 08:02 4722025                    /home/jam/.grails/ivy-cache/commons-lang/commons-lang/jars/commons-lang-2.6.jar
7f0764104000-7f0764107000 r--s 00025000 08:02 4722023                    /home/jam/.grails/ivy-cache/commons-io/commons-io/jars/commons-io-2.1.jar
7f0764107000-7f0764115000 r--s 0007f000 08:02 4722021                    /home/jam/.grails/ivy-cache/commons-collections/commons-collections/jars/commons-collections-3.2.1.jar
7f0764115000-7f0764117000 r--s 00010000 08:02 4722019                    /home/jam/.grails/ivy-cache/commons-codec/commons-codec/jars/commons-codec-1.5.jar
7f0764117000-7f0764119000 r--s 00000000 08:02 4722017                    /home/jam/.grails/ivy-cache/aopalliance/aopalliance/jars/aopalliance-1.0.jar
7f0764119000-7f076411c000 r--s 0001f000 08:02 4722015                    /home/jam/.grails/ivy-cache/commons-validator/commons-validator/jars/commons-validator-1.3.1.jar
7f076411c000-7f076411f000 r--s 00019000 08:02 4722013                    /home/jam/.grails/ivy-cache/commons-el/commons-el/jars/commons-el-1.0.jar
7f076411f000-7f0764124000 r--s 00034000 08:02 4722011                    /home/jam/.grails/ivy-cache/commons-beanutils/commons-beanutils/jars/commons-beanutils-1.8.3.jar
7f0764124000-7f0764182000 r--s 00592000 08:02 4722009                    /home/jam/.grails/ivy-cache/org.codehaus.groovy/groovy-all/jars/groovy-all-1.8.8.jar
7f0764182000-7f0764184000 r--s 0000d000 08:02 5508471                    /home/jam/.grails/ivy-cache/org.grails/grails-plugin-tomcat/jars/grails-plugin-tomcat-2.1.1.jar
7f0764184000-7f0764194000 r--s 0019c000 08:02 5508469                    /home/jam/.grails/ivy-cache/org.eclipse.jdt.core.compiler/ecj/jars/ecj-3.7.2.jar
7f0764194000-7f0764196000 r--s 00008000 08:02 5508467                    /home/jam/.grails/ivy-cache/org.apache.tomcat.embed/tomcat-embed-logging-juli/jars/tomcat-embed-logging-juli-7.0.30.jar
7f0764196000-7f0764198000 r--s 00013000 08:02 4721761                    /home/jam/.grails/ivy-cache/org.apache.tomcat.embed/tomcat-embed-logging-log4j/jars/tomcat-embed-logging-log4j-7.0.30.jar
7f0764198000-7f07641a3000 r--s 000b6000 08:02 4721759                    /home/jam/.grails/ivy-cache/org.apache.tomcat.embed/tomcat-embed-jasper/jars/tomcat-embed-jasper-7.0.30.jar
7f07641a3000-7f07641c5000 r--s 00254000 08:02 4721757                    /home/jam/.grails/ivy-cache/org.apache.tomcat.embed/tomcat-embed-core/jars/tomcat-embed-core-7.0.30.jar
7f07641c5000-7f07641c7000 r--s 0000c000 08:02 5508465                    /home/jam/.grails/ivy-cache/org.apache.tomcat/tomcat-catalina-ant/jars/tomcat-catalina-ant-7.0.30.jar
7f07641c7000-7f07641c8000 r--s 00001000 08:02 4721467                    /home/jam/.grails/ivy-cache/org.apache.ant/ant-trax/jars/ant-trax-1.7.1.jar
7f07641c8000-7f07641ca000 r--s 00017000 08:02 4721465                    /home/jam/.grails/ivy-cache/org.apache.ant/ant-junit/jars/ant-junit-1.8.2.jar
7f07641ca000-7f07641cc000 r--s 00002000 08:02 4721463                    /home/jam/.grails/ivy-cache/org.apache.ant/ant-launcher/jars/ant-launcher-1.8.2.jar
7f07641cc000-7f07641ea000 r--s 001bb000 08:02 4721461                    /home/jam/.grails/ivy-cache/org.apache.ant/ant/jars/ant-1.8.2.jar
7f07641ea000-7f07641f1000 r--s 00037000 08:02 4721459                    /home/jam/.grails/ivy-cache/junit/junit/jars/junit-4.10.jar
7f07641f1000-7f07641f4000 r--s 0000b000 08:02 4721456                    /home/jam/.grails/ivy-cache/com.googlecode.concurrentlinkedhashmap/concurrentlinkedhashmap-lru/jars/concurrentlinkedhashmap-lru-1.2_jdk5.jar
7f07641f4000-7f07641fa000 r--s 00033000 08:02 4721454                    /home/jam/.grails/ivy-cache/org.springframework/spring-test/jars/spring-test-3.1.2.RELEASE.jar
7f07641fa000-7f07641fc000 r--s 00005000 08:02 4721452                    /home/jam/.grails/ivy-cache/org.slf4j/slf4j-api/jars/slf4j-api-1.6.2.jar
7f07641fc000-7f07641ff000 ---p 00000000 00:00 0 
7f07641ff000-7f07642fd000 rw-p 00000000 00:00 0 
7f07642fd000-7f076430a000 r--s 000b7000 08:02 4721450                    /home/jam/.grails/ivy-cache/org.grails/grails-web/jars/grails-web-2.1.1.jar
7f076430a000-7f076430d000 r--s 00026000 08:02 4721448                    /home/jam/.grails/ivy-cache/org.grails/grails-resources/jars/grails-resources-2.1.1.jar
7f076430d000-7f076431b000 r--s 000b5000 08:02 4721446                    /home/jam/.grails/ivy-cache/org.grails/grails-core/jars/grails-core-2.1.1.jar
7f076431b000-7f0764326000 r--s 000fe000 08:02 4721444                    /home/jam/.grails/ivy-cache/org.grails/grails-scripts/jars/grails-scripts-2.1.1.jar
7f0764326000-7f076432f000 r--s 000a8000 08:02 4721442                    /home/jam/.grails/ivy-cache/org.grails/grails-bootstrap/jars/grails-bootstrap-2.1.1.jar
7f076432f000-7f0764332000 r--s 00044000 08:02 4721440                    /home/jam/.grails/ivy-cache/org.grails/grails-docs/jars/grails-docs-2.1.1.jar
7f0764332000-7f0764335000 r--s 00041000 08:02 4721438                    /home/jam/.grails/ivy-cache/xalan/serializer/jars/serializer-2.7.1.jar
7f0764335000-7f0764338000 r--s 000cf000 08:02 4721436                    /home/jam/.grails/ivy-cache/net.java.dev.jna/jna/jars/jna-3.2.3.jar
7f0764338000-7f076433a000 r--s 00008000 08:02 4721434                    /home/jam/.grails/ivy-cache/org.fusesource.jansi/jansi/jars/jansi-1.2.1.jar
7f076433a000-7f0764349000 r--s 000d9000 08:02 4721424                    /home/jam/.grails/ivy-cache/org.apache.ivy/ivy/jars/ivy-2.2.0.jar
7f0764349000-7f076434b000 r--s 00015000 08:02 4721422                    /home/jam/.grails/ivy-cache/jline/jline/jars/jline-1.0.jar
7f076434b000-7f0764370000 r--s 00172000 08:02 4721397                    /home/jam/.grails/ivy-cache/org.bouncycastle/bcprov-jdk15/jars/bcprov-jdk15-1.45.jar
7f0764370000-7f0764375000 r--s 00024000 08:02 4721394                    /home/jam/.grails/ivy-cache/org.bouncycastle/bcpg-jdk15/jars/bcpg-jdk15-1.45.jar
7f0764375000-7f0764376000 r--s 00003000 08:02 4721392                    /home/jam/.grails/ivy-cache/com.googlecode.json-simple/json-simple/jars/json-simple-1.1.jar
7f0764376000-7f076437c000 r--s 00068000 08:02 4721389                    /home/jam/.grails/ivy-cache/com.google.protobuf/protobuf-java/jars/protobuf-java-2.4.1.jar
7f076437c000-7f076437f000 r--s 0001a000 08:02 4721386                    /home/jam/.grails/ivy-cache/org.springframework.uaa/org.springframework.uaa.client/bundles/org.springframework.uaa.client-1.0.1.RELEASE.jar
7f076437f000-7f0764394000 r-xp 00000000 08:02 8650900                    /tmp/jna3753189308215537909.tmp
7f0764394000-7f0764493000 ---p 00015000 08:02 8650900                    /tmp/jna3753189308215537909.tmp
7f0764493000-7f0764495000 rw-p 00014000 08:02 8650900                    /tmp/jna3753189308215537909.tmp
7f0764495000-7f07644f5000 r--s 00d92000 08:02 18877160                   /usr/lib/jvm/java-6-openjdk-amd64/lib/tools.jar
7f07644f5000-7f07644fa000 r--s 00050000 08:02 4587551                    /home/jam/Applications/grails-2.1.1/lib/org.codehaus.gant/gant_groovy1.8/jars/gant_groovy1.8-1.9.6.jar
7f07644fa000-7f0764518000 r--s 001bb000 08:02 15997849                   /home/jam/Applications/grails-2.1.1/lib/org.apache.ant/ant/jars/ant-1.8.2.jar
7f0764518000-7f0764527000 r--s 000d9000 08:02 3933556                    /home/jam/Applications/grails-2.1.1/lib/org.apache.ivy/ivy/jars/ivy-2.2.0.jar
7f0764527000-7f0764529000 r--s 00009000 08:02 15730918                   /home/jam/Applications/grails-2.1.1/lib/commons-cli/commons-cli/jars/commons-cli-1.2.jar
7f0764529000-7f076452c000 r--s 000cf000 08:02 15997829                   /home/jam/Applications/grails-2.1.1/lib/net.java.dev.jna/jna/jars/jna-3.2.3.jar
7f076452c000-7f076452d000 ---p 00000000 00:00 0 
7f076452d000-7f076462d000 rw-p 00000000 00:00 0 
7f076462d000-7f0764630000 ---p 00000000 00:00 0 
7f0764630000-7f076472e000 rw-p 00000000 00:00 0 
7f076472e000-7f0764731000 ---p 00000000 00:00 0 
7f0764731000-7f076482f000 rw-p 00000000 00:00 0 
7f076482f000-7f0764832000 ---p 00000000 00:00 0 
7f0764832000-7f0764930000 rw-p 00000000 00:00 0 
7f0764930000-7f076498e000 r--s 00592000 08:02 4587821                    /home/jam/Applications/grails-2.1.1/lib/org.codehaus.groovy/groovy-all/jars/groovy-all-1.8.8.jar
7f076498e000-7f0764991000 ---p 00000000 00:00 0 
7f0764991000-7f0764a8f000 rw-p 00000000 00:00 0 
7f0764a8f000-7f076526a000 r--p 00000000 08:02 16128286                   /usr/lib/locale/locale-archive
7f076526a000-7f076526d000 ---p 00000000 00:00 0 
7f076526d000-7f076536b000 rw-p 00000000 00:00 0 
7f076536b000-7f076536e000 ---p 00000000 00:00 0 
7f076536e000-7f076546c000 rw-p 00000000 00:00 0 
7f076546c000-7f076546d000 ---p 00000000 00:00 0 
7f076546d000-7f0765aa5000 rw-p 00000000 00:00 0 
7f0765aa5000-7f0765c37000 r--s 037bf000 08:02 18616443                   /usr/lib/jvm/java-6-openjdk-amd64/jre/lib/rt.jar
7f0765c37000-7f0765c5f000 rw-p 00000000 00:00 0 
7f0765c5f000-7f0765c60000 ---p 00000000 00:00 0 
7f0765c60000-7f0765d60000 rw-p 00000000 00:00 0 
7f0765d60000-7f0765d61000 ---p 00000000 00:00 0 
7f0765d61000-7f0765e61000 rw-p 00000000 00:00 0 
7f0765e61000-7f0765e62000 ---p 00000000 00:00 0 
7f0765e62000-7f0765f62000 rw-p 00000000 00:00 0 
7f0765f62000-7f0765f63000 ---p 00000000 00:00 0 
7f0765f63000-7f0766263000 rw-p 00000000 00:00 0 
7f0766263000-7f07663e4000 rw-p 00000000 00:00 0 
7f07663e4000-7f07663eb000 r-xp 00000000 08:02 18748006                   /usr/lib/jvm/java-6-openjdk-amd64/jre/lib/amd64/libzip.so
7f07663eb000-7f07665ea000 ---p 00007000 08:02 18748006                   /usr/lib/jvm/java-6-openjdk-amd64/jre/lib/amd64/libzip.so
7f07665ea000-7f07665eb000 r--p 00006000 08:02 18748006                   /usr/lib/jvm/java-6-openjdk-amd64/jre/lib/amd64/libzip.so
7f07665eb000-7f07665ec000 rw-p 00007000 08:02 18748006                   /usr/lib/jvm/java-6-openjdk-amd64/jre/lib/amd64/libzip.so
7f07665ec000-7f07665f8000 r-xp 00000000 08:02 16256549                   /lib/x86_64-linux-gnu/libnss_files-2.15.so
7f07665f8000-7f07667f7000 ---p 0000c000 08:02 16256549                   /lib/x86_64-linux-gnu/libnss_files-2.15.so
7f07667f7000-7f07667f8000 r--p 0000b000 08:02 16256549                   /lib/x86_64-linux-gnu/libnss_files-2.15.so
7f07667f8000-7f07667f9000 rw-p 0000c000 08:02 16256549                   /lib/x86_64-linux-gnu/libnss_files-2.15.so
7f07667f9000-7f0766803000 r-xp 00000000 08:02 16256553                   /lib/x86_64-linux-gnu/libnss_nis-2.15.so
7f0766803000-7f0766a03000 ---p 0000a000 08:02 16256553                   /lib/x86_64-linux-gnu/libnss_nis-2.15.so
7f0766a03000-7f0766a04000 r--p 0000a000 08:02 16256553                   /lib/x86_64-linux-gnu/libnss_nis-2.15.so
7f0766a04000-7f0766a05000 rw-p 0000b000 08:02 16256553                   /lib/x86_64-linux-gnu/libnss_nis-2.15.so
7f0766a05000-7f0766a1c000 r-xp 00000000 08:02 16256543                   /lib/x86_64-linux-gnu/libnsl-2.15.so
7f0766a1c000-7f0766c1b000 ---p 00017000 08:02 16256543                   /lib/x86_64-linux-gnu/libnsl-2.15.so
7f0766c1b000-7f0766c1c000 r--p 00016000 08:02 16256543                   /lib/x86_64-linux-gnu/libnsl-2.15.so
7f0766c1c000-7f0766c1d000 rw-p 00017000 08:02 16256543                   /lib/x86_64-linux-gnu/libnsl-2.15.so
7f0766c1d000-7f0766c1f000 rw-p 00000000 00:00 0 
7f0766c1f000-7f0766c27000 r-xp 00000000 08:02 16256545                   /lib/x86_64-linux-gnu/libnss_compat-2.15.so
7f0766c27000-7f0766e26000 ---p 00008000 08:02 16256545                   /lib/x86_64-linux-gnu/libnss_compat-2.15.so
7f0766e26000-7f0766e27000 r--p 00007000 08:02 16256545                   /lib/x86_64-linux-gnu/libnss_compat-2.15.so
7f0766e27000-7f0766e28000 rw-p 00008000 08:02 16256545                   /lib/x86_64-linux-gnu/libnss_compat-2.15.so
7f0766e28000-7f0766e31000 r-xp 00000000 08:02 18747976                   /usr/lib/jvm/java-6-openjdk-amd64/jre/lib/amd64/libinstrument.so
7f0766e31000-7f0767031000 ---p 00009000 08:02 18747976                   /usr/lib/jvm/java-6-openjdk-amd64/jre/lib/amd64/libinstrument.so
7f0767031000-7f0767032000 r--p 00009000 08:02 18747976                   /usr/lib/jvm/java-6-openjdk-amd64/jre/lib/amd64/libinstrument.so
7f0767032000-7f0767033000 rw-p 0000a000 08:02 18747976                   /usr/lib/jvm/java-6-openjdk-amd64/jre/lib/amd64/libinstrument.so
7f0767033000-7f076705f000 r-xp 00000000 08:02 18747994                   /usr/lib/jvm/java-6-openjdk-amd64/jre/lib/amd64/libjava.so
7f076705f000-7f076725e000 ---p 0002c000 08:02 18747994                   /usr/lib/jvm/java-6-openjdk-amd64/jre/lib/amd64/libjava.so
7f076725e000-7f076725f000 r--p 0002b000 08:02 18747994                   /usr/lib/jvm/java-6-openjdk-amd64/jre/lib/amd64/libjava.so
7f076725f000-7f0767262000 rw-p 0002c000 08:02 18747994                   /usr/lib/jvm/java-6-openjdk-amd64/jre/lib/amd64/libjava.so
7f0767262000-7f0767270000 r-xp 00000000 08:02 18747993                   /usr/lib/jvm/java-6-openjdk-amd64/jre/lib/amd64/libverify.so
7f0767270000-7f076746f000 ---p 0000e000 08:02 18747993                   /usr/lib/jvm/java-6-openjdk-amd64/jre/lib/amd64/libverify.so
7f076746f000-7f0767471000 r--p 0000d000 08:02 18747993                   /usr/lib/jvm/java-6-openjdk-amd64/jre/lib/amd64/libverify.so
7f0767471000-7f0767472000 rw-p 0000f000 08:02 18747993                   /usr/lib/jvm/java-6-openjdk-amd64/jre/lib/amd64/libverify.so
7f0767472000-7f0767479000 r-xp 00000000 08:02 16256584                   /lib/x86_64-linux-gnu/librt-2.15.so
7f0767479000-7f0767678000 ---p 00007000 08:02 16256584                   /lib/x86_64-linux-gnu/librt-2.15.so
7f0767678000-7f0767679000 r--p 00006000 08:02 16256584                   /lib/x86_64-linux-gnu/librt-2.15.so
7f0767679000-7f076767a000 rw-p 00007000 08:02 16256584                   /lib/x86_64-linux-gnu/librt-2.15.so
7f076767a000-7f076768f000 r-xp 00000000 08:02 16256519                   /lib/x86_64-linux-gnu/libgcc_s.so.1
7f076768f000-7f076788e000 ---p 00015000 08:02 16256519                   /lib/x86_64-linux-gnu/libgcc_s.so.1
7f076788e000-7f076788f000 r--p 00014000 08:02 16256519                   /lib/x86_64-linux-gnu/libgcc_s.so.1
7f076788f000-7f0767890000 rw-p 00015000 08:02 16256519                   /lib/x86_64-linux-gnu/libgcc_s.so.1
7f0767890000-7f0767989000 r-xp 00000000 08:02 16256530                   /lib/x86_64-linux-gnu/libm-2.15.so
7f0767989000-7f0767b88000 ---p 000f9000 08:02 16256530                   /lib/x86_64-linux-gnu/libm-2.15.so
7f0767b88000-7f0767b89000 r--p 000f8000 08:02 16256530                   /lib/x86_64-linux-gnu/libm-2.15.so
7f0767b89000-7f0767b8a000 rw-p 000f9000 08:02 16256530                   /lib/x86_64-linux-gnu/libm-2.15.so
7f0767b8a000-7f0767c6c000 r-xp 00000000 08:02 16129397                   /usr/lib/x86_64-linux-gnu/libstdc++.so.6.0.16
7f0767c6c000-7f0767e6b000 ---p 000e2000 08:02 16129397                   /usr/lib/x86_64-linux-gnu/libstdc++.so.6.0.16
7f0767e6b000-7f0767e73000 r--p 000e1000 08:02 16129397                   /usr/lib/x86_64-linux-gnu/libstdc++.so.6.0.16
7f0767e73000-7f0767e75000 rw-p 000e9000 08:02 16129397                   /usr/lib/x86_64-linux-gnu/libstdc++.so.6.0.16
7f0767e75000-7f0767e8a000 rw-p 00000000 00:00 0 
7f0767e8a000-7f076878e000 r-xp 00000000 08:02 18877146                   /usr/lib/jvm/java-6-openjdk-amd64/jre/lib/amd64/server/libjvm.so
7f076878e000-7f076898e000 ---p 00904000 08:02 18877146                   /usr/lib/jvm/java-6-openjdk-amd64/jre/lib/amd64/server/libjvm.so
7f076898e000-7f0768a0e000 r--p 00904000 08:02 18877146                   /usr/lib/jvm/java-6-openjdk-amd64/jre/lib/amd64/server/libjvm.so
7f0768a0e000-7f0768a29000 rw-p 00984000 08:02 18877146                   /usr/lib/jvm/java-6-openjdk-amd64/jre/lib/amd64/server/libjvm.so
7f0768a29000-7f0768a52000 rw-p 00000000 00:00 0 
7f0768a52000-7f0768a68000 r-xp 00000000 08:02 16256609                   /lib/x86_64-linux-gnu/libz.so.1.2.3.4
7f0768a68000-7f0768c67000 ---p 00016000 08:02 16256609                   /lib/x86_64-linux-gnu/libz.so.1.2.3.4
7f0768c67000-7f0768c68000 r--p 00015000 08:02 16256609                   /lib/x86_64-linux-gnu/libz.so.1.2.3.4
7f0768c68000-7f0768c69000 rw-p 00016000 08:02 16256609                   /lib/x86_64-linux-gnu/libz.so.1.2.3.4
7f0768c69000-7f0768e1c000 r-xp 00000000 08:02 16256498                   /lib/x86_64-linux-gnu/libc-2.15.so
7f0768e1c000-7f076901b000 ---p 001b3000 08:02 16256498                   /lib/x86_64-linux-gnu/libc-2.15.so
7f076901b000-7f076901f000 r--p 001b2000 08:02 16256498                   /lib/x86_64-linux-gnu/libc-2.15.so
7f076901f000-7f0769021000 rw-p 001b6000 08:02 16256498                   /lib/x86_64-linux-gnu/libc-2.15.so
7f0769021000-7f0769026000 rw-p 00000000 00:00 0 
7f0769026000-7f0769028000 r-xp 00000000 08:02 16256511                   /lib/x86_64-linux-gnu/libdl-2.15.so
7f0769028000-7f0769228000 ---p 00002000 08:02 16256511                   /lib/x86_64-linux-gnu/libdl-2.15.so
7f0769228000-7f0769229000 r--p 00002000 08:02 16256511                   /lib/x86_64-linux-gnu/libdl-2.15.so
7f0769229000-7f076922a000 rw-p 00003000 08:02 16256511                   /lib/x86_64-linux-gnu/libdl-2.15.so
7f076922a000-7f076922e000 r-xp 00000000 08:02 18747978                   /usr/lib/jvm/java-6-openjdk-amd64/jre/lib/amd64/jli/libjli.so
7f076922e000-7f076942d000 ---p 00004000 08:02 18747978                   /usr/lib/jvm/java-6-openjdk-amd64/jre/lib/amd64/jli/libjli.so
7f076942d000-7f076942e000 r--p 00003000 08:02 18747978                   /usr/lib/jvm/java-6-openjdk-amd64/jre/lib/amd64/jli/libjli.so
7f076942e000-7f076942f000 rw-p 00004000 08:02 18747978                   /usr/lib/jvm/java-6-openjdk-amd64/jre/lib/amd64/jli/libjli.so
7f076942f000-7f0769447000 r-xp 00000000 08:02 16256578                   /lib/x86_64-linux-gnu/libpthread-2.15.so
7f0769447000-7f0769646000 ---p 00018000 08:02 16256578                   /lib/x86_64-linux-gnu/libpthread-2.15.so
7f0769646000-7f0769647000 r--p 00017000 08:02 16256578                   /lib/x86_64-linux-gnu/libpthread-2.15.so
7f0769647000-7f0769648000 rw-p 00018000 08:02 16256578                   /lib/x86_64-linux-gnu/libpthread-2.15.so
7f0769648000-7f076964c000 rw-p 00000000 00:00 0 
7f076964c000-7f076966e000 r-xp 00000000 08:02 16256478                   /lib/x86_64-linux-gnu/ld-2.15.so
7f076966e000-7f076966f000 rw-p 00000000 00:00 0 
7f076966f000-7f0769676000 r--s 000fb000 08:02 18489889                   /usr/lib/jvm/java-6-openjdk-common/jre/lib/resources.jar
7f0769676000-7f076967d000 r--s 00067000 08:02 15730908                   /home/jam/Applications/grails-2.1.1/lib/com.springsource.springloaded/springloaded-core/jars/springloaded-core-1.0.6.jar
7f076967d000-7f0769686000 r--s 000a8000 08:02 15731003                   /home/jam/Applications/grails-2.1.1/dist/grails-bootstrap-2.1.1.jar
7f0769686000-7f076969a000 rw-p 00000000 00:00 0 
7f076969a000-7f0769746000 rw-p 00000000 00:00 0 
7f0769746000-7f0769749000 ---p 00000000 00:00 0 
7f0769749000-7f076984c000 rw-p 00000000 00:00 0 
7f076984c000-7f076984e000 r--s 00008000 08:02 4587896                    /home/jam/Applications/grails-2.1.1/lib/org.fusesource.jansi/jansi/jars/jansi-1.2.1.jar
7f076984e000-7f0769850000 r--s 00015000 08:02 15862296                   /home/jam/Applications/grails-2.1.1/lib/jline/jline/jars/jline-1.0.jar
7f0769850000-7f0769853000 r--s 0007d000 08:02 18489867                   /usr/lib/jvm/java-6-openjdk-common/jre/lib/jsse.jar
7f0769853000-7f0769857000 r--s 00038000 08:02 18489882                   /usr/lib/jvm/java-6-openjdk-common/jre/lib/ext/sunpkcs11.jar
7f0769857000-7f076985a000 r--s 00031000 08:02 18489884                   /usr/lib/jvm/java-6-openjdk-common/jre/lib/ext/sunjce_provider.jar
7f076985a000-7f076985b000 r--s 00007000 08:02 16651090                   /usr/share/java/java-atk-wrapper.jar
7f076985b000-7f076985e000 r--s 00077000 08:02 18489883                   /usr/lib/jvm/java-6-openjdk-common/jre/lib/ext/localedata.jar
7f076985e000-7f0769860000 r--s 00001000 08:02 18489885                   /usr/lib/jvm/java-6-openjdk-common/jre/lib/ext/dnsns.jar
7f0769860000-7f0769862000 r--s 0000f000 08:02 18489886                   /usr/lib/jvm/java-6-openjdk-common/jre/lib/ext/pulse-java.jar
7f0769862000-7f076986a000 rw-s 00000000 08:02 8650897                    /tmp/hsperfdata_jam/10882
7f076986a000-7f076986b000 rw-p 00000000 00:00 0 
7f076986b000-7f076986c000 r--p 00000000 00:00 0 
7f076986c000-7f076986e000 rw-p 00000000 00:00 0 
7f076986e000-7f076986f000 r--p 00022000 08:02 16256478                   /lib/x86_64-linux-gnu/ld-2.15.so
7f076986f000-7f0769871000 rw-p 00023000 08:02 16256478                   /lib/x86_64-linux-gnu/ld-2.15.so
7fff54de8000-7fff54e09000 rw-p 00000000 00:00 0                          [stack]
7fff54eb4000-7fff54eb5000 r-xp 00000000 00:00 0                          [vdso]
ffffffffff600000-ffffffffff601000 r-xp 00000000 00:00 0                  [vsyscall]

VM Arguments:
jvm_args: -Xmx768M -Xms768M -XX:PermSize=256m -XX:MaxPermSize=256m -Dfile.encoding=UTF-8 -Dserver.port=8080 -Djline.WindowsTerminal.directConsole=false -javaagent:/home/jam/Applications/grails-2.1.1/lib/com.springsource.springloaded/springloaded-core/jars/springloaded-core-1.0.6.jar -Xverify:none -Dspringloaded=profile=grails;cacheDir=/home/jam/.grails/2.1.1/ -Dgrails.home=/home/jam/Applications/grails-2.1.1 -Dtools.jar=/usr/lib/jvm/default-java/lib/tools.jar 
java_command: org.codehaus.groovy.grails.cli.support.GrailsStarter --main org.codehaus.groovy.grails.cli.GrailsScriptRunner --conf /home/jam/Applications/grails-2.1.1/conf/groovy-starter.conf --classpath   run-app
Launcher Type: SUN_STANDARD

Environment Variables:
JAVA_HOME=/usr/lib/jvm/default-java
PATH=/usr/lib/lightdm/lightdm:/usr/local/sbin:/usr/local/bin:/usr/sbin:/usr/bin:/sbin:/bin:/usr/games
LD_LIBRARY_PATH=/usr/lib/jvm/java-6-openjdk-amd64/jre/lib/amd64/server:/usr/lib/jvm/java-6-openjdk-amd64/jre/lib/amd64:/usr/lib/jvm/java-6-openjdk-amd64/jre/../lib/amd64
SHELL=/bin/bash
DISPLAY=:0

Signal Handlers:
SIGSEGV: [libjvm.so+0x784310], sa_mask[0]=0x7ffbfeff, sa_flags=0x10000004
SIGBUS: [libjvm.so+0x784310], sa_mask[0]=0x7ffbfeff, sa_flags=0x10000004
SIGFPE: [libjvm.so+0x648580], sa_mask[0]=0x7ffbfeff, sa_flags=0x10000004
SIGPIPE: SIG_IGN, sa_mask[0]=0x00000000, sa_flags=0x00000000
SIGXFSZ: [libjvm.so+0x648580], sa_mask[0]=0x7ffbfeff, sa_flags=0x10000004
SIGILL: [libjvm.so+0x648580], sa_mask[0]=0x7ffbfeff, sa_flags=0x10000004
SIGUSR1: SIG_DFL, sa_mask[0]=0x00000000, sa_flags=0x00000000
SIGUSR2: [libjvm.so+0x648730], sa_mask[0]=0x00000004, sa_flags=0x10000004
SIGHUP: [libjvm.so+0x64b250], sa_mask[0]=0x7ffbfeff, sa_flags=0x10000004
SIGINT: SIG_IGN, sa_mask[0]=0x00000000, sa_flags=0x00000000
SIGTERM: [libjvm.so+0x64b250], sa_mask[0]=0x7ffbfeff, sa_flags=0x10000004
SIGQUIT: [libjvm.so+0x64b250], sa_mask[0]=0x7ffbfeff, sa_flags=0x10000004


---------------  S Y S T E M  ---------------

OS:Ubuntu 12.04 (precise)
uname:Linux 3.2.0-31-generic #50-Ubuntu SMP Fri Sep 7 16:16:45 UTC 2012 x86_64
libc:glibc 2.15 NPTL 2.15 
rlimit: STACK 8192k, CORE 0k, NPROC 59519, NOFILE 4096, AS infinity
load average:1.41 1.70 4.86

/proc/meminfo:
MemTotal:        7636272 kB
MemFree:         1122080 kB
Buffers:          176416 kB
Cached:          3113428 kB
SwapCached:            0 kB
Active:          4343308 kB
Inactive:        1632796 kB
Active(anon):    2687080 kB
Inactive(anon):    11452 kB
Active(file):    1656228 kB
Inactive(file):  1621344 kB
Unevictable:          44 kB
Mlocked:              44 kB
SwapTotal:       7837776 kB
SwapFree:        7837776 kB
Dirty:               440 kB
Writeback:             0 kB
AnonPages:       2686532 kB
Mapped:           299816 kB
Shmem:             12284 kB
Slab:             131448 kB
SReclaimable:      91968 kB
SUnreclaim:        39480 kB
KernelStack:        4664 kB
PageTables:        51752 kB
NFS_Unstable:          0 kB
Bounce:                0 kB
WritebackTmp:          0 kB
CommitLimit:    11655912 kB
Committed_AS:    6732528 kB
VmallocTotal:   34359738367 kB
VmallocUsed:      135720 kB
VmallocChunk:   34359600352 kB
HardwareCorrupted:     0 kB
AnonHugePages:         0 kB
HugePages_Total:       0
HugePages_Free:        0
HugePages_Rsvd:        0
HugePages_Surp:        0
Hugepagesize:       2048 kB
DirectMap4k:      206848 kB
DirectMap2M:     3444736 kB
DirectMap1G:     4194304 kB


CPU:total 4 (4 cores per cpu, 1 threads per core) family 18 model 1 stepping 0, cmov, cx8, fxsr, mmx, sse, sse2, sse3, popcnt, mmxext, 3dnowpref, lzcnt, sse4a

Memory: 4k page, physical 7636272k(1122080k free), swap 7837776k(7837776k free)

vm_info: OpenJDK 64-Bit Server VM (20.0-b12) for linux-amd64 JRE (1.6.0_24-b24), built on Sep  2 2012 19:50:47 by "buildd" with gcc 4.6.3

time: Sat Sep 22 23:04:47 2012
elapsed time: 16 seconds

