#
# A fatal error has been detected by the Java Runtime Environment:
#
#  SIGSEGV (0xb) at pc=0x00007f759d47367a, pid=15080, tid=140142953932544
#
# JRE version: 6.0_24-b24
# Java VM: OpenJDK 64-Bit Server VM (20.0-b12 mixed mode linux-amd64 compressed oops)
# Derivative: IcedTea6 1.11.4
# Distribution: Ubuntu 12.04 LTS, package 6b24-1.11.4-1ubuntu0.12.04.1
# Problematic frame:
# V  [libjvm.so+0x62867a]  nmethod::fix_oop_relocations(unsigned char*, unsigned char*, bool)+0x14a
#
# If you would like to submit a bug report, please include
# instructions how to reproduce the bug and visit:
#   https://bugs.launchpad.net/ubuntu/+source/openjdk-6/
#

---------------  T H R E A D  ---------------

Current thread (0x00007f75980e9000):  JavaThread "C2 CompilerThread1" daemon [_thread_in_vm, id=15102, stack(0x00007f7592eca000,0x00007f7592fcb000)]

siginfo:si_signo=SIGSEGV: si_errno=0, si_code=2 (SEGV_ACCERR), si_addr=0x00007f75280fbb08

Registers:
RAX=0xffffffffffffffff, RBX=0x0000000000000001, RCX=0x0000000000000001, RDX=0x00007f759d091630
RSP=0x00007f7592fc82a0, RBP=0x00007f7592fc8360, RSI=0x0000000000000000, RDI=0x00007f7594b9ba4a
R8 =0x0000000000000003, R9 =0x00000000bfffffff, R10=0x00000000ffffffff, R11=0x0000000000000821
R12=0x00007f7592fc8310, R13=0x00007f75280fbb08, R14=0x00007f7594b9ba4b, R15=0x00007f756b8736a0
RIP=0x00007f759d47367a, EFLAGS=0x0000000000010217, CSGSFS=0x0000000000000033, ERR=0x0000000000000004
  TRAPNO=0x000000000000000e

Top of Stack: (sp=0x00007f7592fc82a0)
0x00007f7592fc82a0:   0000000000000000 00007f7594b9b240
0x00007f7592fc82b0:   00007f7594b9b328 00007f7594b9b010
0x00007f7592fc82c0:   00007f7594b9ba49 000000000000000a
0x00007f7592fc82d0:   00007f7592fc82c8 0000000000000000
0x00007f7592fc82e0:   00007f7594b9b340 00007f7594b9b4e0
0x00007f7592fc82f0:   00007f7594b9c0c0 00007f7594b9b4e0
0x00007f7592fc8300:   00007f7594b9c0c0 00007f7594b9c0f8
0x00007f7592fc8310:   00007f759d9c0d90 00007f7592fc82a0
0x00007f7592fc8320:   0000000000000000 0000000000000068
0x00007f7592fc8330:   00007f7594b9b010 00007f7594b9b010
0x00007f7592fc8340:   00007f7594b9b010 00007f7592fc9874
0x00007f7592fc8350:   00007f7592fc98d8 00007f7592fc9a58
0x00007f7592fc8360:   00007f7592fc83f0 00007f759d4765b1
0x00007f7592fc8370:   00007f750000000e 00007f7564fa4b80
0x00007f7592fc8380:   00007f7592fc83d0 00007f75ffffffff
0x00007f7592fc8390:   0000000000000821 00000000000017a0
0x00007f7592fc83a0:   00007f75980e0180 00007f7592fc9a40
0x00007f7592fc83b0:   00007f7564000f00 0000033000000004
0x00007f7592fc83c0:   00007f7592fc83f0 00007f7594b9b010
0x00007f7592fc83d0:   00007f7598005400 00000000c03d3f60
0x00007f7592fc83e0:   00007f7564000f00 00007f756b8736a0
0x00007f7592fc83f0:   00007f7592fc84e0 00007f759d4768db
0x00007f7592fc8400:   00007f7500000050 00007f7564000f00
0x00007f7592fc8410:   00007f756b8736a0 00007f7592fc98d8
0x00007f7592fc8420:   000000000000000e 00007f7564fa4b80
0x00007f7592fc8430:   00007f7592fc9a40 00007f7592fc9a58
0x00007f7592fc8440:   00007f75980e0180 00007f7500000004
0x00007f7592fc8450:   00007f7500001e70 0000005092fc9b30
0x00007f7592fc8460:   00007f7592fc9874 00000821ffffffff
0x00007f7592fc8470:   00007f7592fc84e0 00007f759d16c3bc
0x00007f7592fc8480:   0000000000000000 00007f756b8736a0
0x00007f7592fc8490:   00007f756a3de360 ffffffff0000001d 

Instructions: (pc=0x00007f759d47367a)
0x00007f759d47365a:   ff 75 2b 4c 89 e7 e8 6b bb 08 00 4c 8b 28 49 89
0x00007f759d47366a:   c6 4d 85 ed 74 25 e8 ab 58 13 00 49 39 c5 74 1b
0x00007f759d47367a:   49 8b 45 00 49 89 06 0f 1f 80 00 00 00 00 4c 89
0x00007f759d47368a:   e7 e8 b0 bb 08 00 e9 e6 fe ff ff 4d 89 2e eb ee 

Register to memory mapping:

RAX=0xffffffffffffffff is an unknown value
RBX=0x0000000000000001 is an unknown value
RCX=0x0000000000000001 is an unknown value
RDX=0x00007f759d091630: <offset 0x246630> in /usr/lib/jvm/java-6-openjdk-amd64/jre/lib/amd64/server/libjvm.so at 0x00007f759ce4b000
RSP=0x00007f7592fc82a0 is pointing into the stack for thread: 0x00007f75980e9000
RBP=0x00007f7592fc8360 is pointing into the stack for thread: 0x00007f75980e9000
RSI=0x0000000000000000 is an unknown value
RDI=0x00007f7594b9b010 [CodeBlob (0x00007f7594b9b010)]
Framesize: 14
R8 =0x0000000000000003 is an unknown value
R9 =0x00000000bfffffff is an unknown value
R10=0x00000000ffffffff is an unknown value
R11=0x0000000000000821 is an unknown value
R12=0x00007f7592fc8310 is pointing into the stack for thread: 0x00007f75980e9000
R13=0x00007f75280fbb08 is an unknown value
R14=0x00007f7594b9b010 [CodeBlob (0x00007f7594b9b010)]
Framesize: 14
R15=0x00007f756b8736a0 is an unknown value


Stack: [0x00007f7592eca000,0x00007f7592fcb000],  sp=0x00007f7592fc82a0,  free space=1016k
Native frames: (J=compiled Java code, j=interpreted, Vv=VM code, C=native code)
V  [libjvm.so+0x62867a]  nmethod::fix_oop_relocations(unsigned char*, unsigned char*, bool)+0x14a
V  [libjvm.so+0x62b5b1]  nmethod::nmethod(methodOopDesc*, int, int, int, CodeOffsets*, int, DebugInformationRecorder*, Dependencies*, CodeBuffer*, int, OopMapSet*, ExceptionHandlerTable*, ImplicitExceptionTable*, AbstractCompiler*, int)+0x291
V  [libjvm.so+0x62b8db]  nmethod::new_nmethod(methodHandle, int, int, CodeOffsets*, int, DebugInformationRecorder*, Dependencies*, CodeBuffer*, int, OopMapSet*, ExceptionHandlerTable*, ImplicitExceptionTable*, AbstractCompiler*, int)+0x15b
V  [libjvm.so+0x3217e4]  ciEnv::register_method(ciMethod*, int, CodeOffsets*, int, CodeBuffer*, int, OopMapSet*, ExceptionHandlerTable*, ImplicitExceptionTable*, AbstractCompiler*, int, bool, bool)+0x404
V  [libjvm.so+0x37cb50]  Compile::Compile(ciEnv*, C2Compiler*, ciMethod*, int, bool, bool)+0xbe0
V  [libjvm.so+0x306250]  C2Compiler::compile_method(ciEnv*, ciMethod*, int)+0xe0
V  [libjvm.so+0x381133]  CompileBroker::invoke_compiler_on_method(CompileTask*)+0x2a3
V  [libjvm.so+0x381a7b]  CompileBroker::compiler_thread_loop()+0x45b
V  [libjvm.so+0x74c0d8]  JavaThread::thread_main_inner()+0x58
V  [libjvm.so+0x64bbf2]  java_start(Thread*)+0x112


Current CompileTask:
C2: 692557 2081      com.springsource.loaded.Utils.collapseStackToArray(Lsl/org/objectweb/asm/MethodVisitor;Ljava/lang/String;)I (355 bytes)


---------------  P R O C E S S  ---------------

Java Threads: ( => current thread )
  0x00007f75580c2800 JavaThread "FileSystemWatcher: files=#20 cl=groovy.lang.GroovyClassLoader@6f37534b" daemon [_thread_blocked, id=15274, stack(0x00007f758b70c000,0x00007f758b80d000)]
  0x00007f755810c800 JavaThread "FileSystemWatcher: files=#20 cl=groovy.lang.GroovyClassLoader@694b3397" daemon [_thread_blocked, id=15225, stack(0x00007f75906b9000,0x00007f75907ba000)]
  0x00007f753c009800 JavaThread "http-bio-8080-exec-10" daemon [_thread_blocked, id=15212, stack(0x00007f75891e2000,0x00007f75892e3000)]
  0x00007f757800d000 JavaThread "http-bio-8080-exec-9" daemon [_thread_blocked, id=15210, stack(0x00007f75892e3000,0x00007f75893e4000)]
  0x00007f756c009800 JavaThread "http-bio-8080-exec-8" daemon [_thread_blocked, id=15207, stack(0x00007f75893e4000,0x00007f75894e5000)]
  0x00007f7560083000 JavaThread "http-bio-8080-exec-7" daemon [_thread_blocked, id=15202, stack(0x00007f75894e5000,0x00007f75895e6000)]
  0x00007f7554007000 JavaThread "http-bio-8080-exec-6" daemon [_thread_blocked, id=15201, stack(0x00007f75895e6000,0x00007f75896e7000)]
  0x00007f753c007800 JavaThread "http-bio-8080-exec-5" daemon [_thread_blocked, id=15193, stack(0x00007f75896e7000,0x00007f75897e8000)]
  0x00007f753c006000 JavaThread "http-bio-8080-exec-4" daemon [_thread_blocked, id=15192, stack(0x00007f75897e8000,0x00007f75898e9000)]
  0x00007f753c004800 JavaThread "http-bio-8080-exec-3" daemon [_thread_blocked, id=15191, stack(0x00007f75898e9000,0x00007f75899ea000)]
  0x00007f753c003000 JavaThread "http-bio-8080-exec-2" daemon [_thread_blocked, id=15190, stack(0x00007f75899ea000,0x00007f7589aeb000)]
  0x00007f753c001800 JavaThread "http-bio-8080-exec-1" daemon [_thread_blocked, id=15189, stack(0x00007f7589aeb000,0x00007f7589bec000)]
  0x00007f75989ef800 JavaThread "Thread-12" daemon [_thread_blocked, id=15153, stack(0x00007f7589bec000,0x00007f7589ced000)]
  0x00007f7598879800 JavaThread "Thread-11" [_thread_in_native, id=15152, stack(0x00007f7589ced000,0x00007f7589dee000)]
  0x00007f7598893000 JavaThread "http-bio-8080-AsyncTimeout" daemon [_thread_blocked, id=15151, stack(0x00007f7589dee000,0x00007f7589eef000)]
  0x00007f7598022800 JavaThread "http-bio-8080-Acceptor-0" daemon [_thread_in_native, id=15150, stack(0x00007f7589eef000,0x00007f7589ff0000)]
  0x00007f7598025800 JavaThread "ContainerBackgroundProcessor[StandardEngine[Tomcat]]" daemon [_thread_blocked, id=15149, stack(0x00007f7589ff0000,0x00007f758a0f1000)]
  0x00007f7524514800 JavaThread "DefaultPluginScheduler_QuartzSchedulerThread" [_thread_blocked, id=15143, stack(0x00007f758a0f1000,0x00007f758a1f2000)]
  0x00007f75242b2000 JavaThread "DefaultPluginScheduler_Worker-10" [_thread_blocked, id=15142, stack(0x00007f758a1f2000,0x00007f758a2f3000)]
  0x00007f7524356000 JavaThread "DefaultPluginScheduler_Worker-9" [_thread_blocked, id=15141, stack(0x00007f758a2f3000,0x00007f758a3f4000)]
  0x00007f752440e800 JavaThread "DefaultPluginScheduler_Worker-8" [_thread_blocked, id=15140, stack(0x00007f758a3f4000,0x00007f758a4f5000)]
  0x00007f7524343000 JavaThread "DefaultPluginScheduler_Worker-7" [_thread_blocked, id=15139, stack(0x00007f758a4f5000,0x00007f758a5f6000)]
  0x00007f752425f000 JavaThread "DefaultPluginScheduler_Worker-6" [_thread_blocked, id=15138, stack(0x00007f758a5f6000,0x00007f758a6f7000)]
  0x00007f75244eb000 JavaThread "DefaultPluginScheduler_Worker-5" [_thread_blocked, id=15137, stack(0x00007f758a6f7000,0x00007f758a7f8000)]
  0x00007f75244c4000 JavaThread "DefaultPluginScheduler_Worker-4" [_thread_blocked, id=15136, stack(0x00007f758a7f8000,0x00007f758a8f9000)]
  0x00007f752429c800 JavaThread "DefaultPluginScheduler_Worker-3" [_thread_blocked, id=15135, stack(0x00007f758a8f9000,0x00007f758a9fa000)]
  0x00007f75244d5000 JavaThread "DefaultPluginScheduler_Worker-2" [_thread_blocked, id=15134, stack(0x00007f758a9fa000,0x00007f758aafb000)]
  0x00007f75242e9000 JavaThread "DefaultPluginScheduler_Worker-1" [_thread_blocked, id=15133, stack(0x00007f758aafb000,0x00007f758abfc000)]
  0x00007f75245b5000 JavaThread "org.hibernate.cache.StandardQueryCache.data" daemon [_thread_blocked, id=15132, stack(0x00007f758abfc000,0x00007f758acfd000)]
  0x00007f75242af000 JavaThread "org.hibernate.cache.UpdateTimestampsCache.data" daemon [_thread_blocked, id=15131, stack(0x00007f758acfd000,0x00007f758adfe000)]
  0x00007f752448c000 JavaThread "org.greens.VoterContactManager.SecRole.data" daemon [_thread_blocked, id=15130, stack(0x00007f758adfe000,0x00007f758aeff000)]
  0x00007f752423e800 JavaThread "net.sf.ehcache.CacheManager@6727d1b4" daemon [_thread_blocked, id=15129, stack(0x00007f758aeff000,0x00007f758b000000)]
  0x00007f7598534000 JavaThread "pool-4-thread-5" [_thread_blocked, id=15126, stack(0x00007f758b207000,0x00007f758b308000)]
  0x00007f75985ba800 JavaThread "pool-4-thread-4" [_thread_blocked, id=15125, stack(0x00007f758b308000,0x00007f758b409000)]
  0x00007f75985ba000 JavaThread "pool-4-thread-3" [_thread_blocked, id=15124, stack(0x00007f758b409000,0x00007f758b50a000)]
  0x00007f759896f800 JavaThread "pool-4-thread-2" [_thread_blocked, id=15123, stack(0x00007f758b50a000,0x00007f758b60b000)]
  0x00007f759896e800 JavaThread "pool-4-thread-1" [_thread_blocked, id=15122, stack(0x00007f758b60b000,0x00007f758b70c000)]
  0x00007f7598779800 JavaThread "pool-3-thread-5" [_thread_blocked, id=15120, stack(0x00007f75900b3000,0x00007f75901b4000)]
  0x00007f7598731800 JavaThread "pool-3-thread-4" [_thread_blocked, id=15119, stack(0x00007f75901b4000,0x00007f75902b5000)]
  0x00007f7598776000 JavaThread "pool-3-thread-3" [_thread_blocked, id=15118, stack(0x00007f75902b5000,0x00007f75903b6000)]
  0x00007f75983b2800 JavaThread "pool-3-thread-2" [_thread_blocked, id=15117, stack(0x00007f75903b6000,0x00007f75904b7000)]
  0x00007f759876f000 JavaThread "pool-3-thread-1" [_thread_blocked, id=15116, stack(0x00007f75904b7000,0x00007f75905b8000)]
  0x00007f7598d49000 JavaThread "FileSystemWatcher: files=#523 cl=java.net.URLClassLoader@132f4538" daemon [_thread_blocked, id=15115, stack(0x00007f75905b8000,0x00007f75906b9000)]
  0x00007f7598cd8000 JavaThread "pool-2-thread-1" [_thread_blocked, id=15113, stack(0x00007f7590de1000,0x00007f7590ee2000)]
  0x00007f7598ce7800 JavaThread "Synchronizer (Spring UAA/1.0.1)" daemon [_thread_blocked, id=15112, stack(0x00007f7590ee2000,0x00007f7590fe3000)]
  0x00007f7598851800 JavaThread "Timer-0" daemon [_thread_blocked, id=15111, stack(0x00007f75929ac000,0x00007f7592aad000)]
  0x00007f75980e3000 JavaThread "Low Memory Detector" daemon [_thread_blocked, id=15103, stack(0x00007f7592dc9000,0x00007f7592eca000)]
=>0x00007f75980e9000 JavaThread "C2 CompilerThread1" daemon [_thread_in_vm, id=15102, stack(0x00007f7592eca000,0x00007f7592fcb000)]
  0x00007f75980ea800 JavaThread "C2 CompilerThread0" daemon [_thread_in_native, id=15101, stack(0x00007f7592fcb000,0x00007f75930cc000)]
  0x00007f759808c000 JavaThread "Signal Dispatcher" daemon [_thread_blocked, id=15100, stack(0x00007f759312a000,0x00007f759322b000)]
  0x00007f7598079800 JavaThread "Finalizer" daemon [_thread_blocked, id=15099, stack(0x00007f7593a06000,0x00007f7593b07000)]
  0x00007f7598077800 JavaThread "Reference Handler" daemon [_thread_blocked, id=15098, stack(0x00007f7593b07000,0x00007f7593c08000)]
  0x00007f7598009800 JavaThread "main" [_thread_blocked, id=15092, stack(0x00007f759e707000,0x00007f759e808000)]

Other Threads:
  0x00007f7598071000 VMThread [stack: 0x00007f758b80d000,0x00007f758b90e000] [id=15097]
  0x00007f75980ed800 WatcherThread [stack: 0x00007f7592cc8000,0x00007f7592dc9000] [id=15104]

VM state:not at safepoint (normal execution)

VM Mutex/Monitor currently owned by a thread:  ([mutex/lock_event])
[0x00007f7598005400] CodeCache_lock - owner thread: 0x00007f75980e9000
[0x00007f7598006a80] Compile_lock - owner thread: 0x00007f75980e9000
[0x00007f7598006b80] MethodCompileQueue_lock - owner thread: 0x00007f75980e9000

Heap
 PSYoungGen      total 248768K, used 43343K [0x00000000f0000000, 0x0000000100000000, 0x0000000100000000)
  eden space 235392K, 15% used [0x00000000f0000000,0x00000000f23c89d0,0x00000000fe5e0000)
  from space 13376K, 50% used [0x00000000fe5e0000,0x00000000fec6b358,0x00000000ff2f0000)
  to   space 13312K, 0% used [0x00000000ff300000,0x00000000ff300000,0x0000000100000000)
 PSOldGen        total 524288K, used 238784K [0x00000000d0000000, 0x00000000f0000000, 0x00000000f0000000)
  object space 524288K, 45% used [0x00000000d0000000,0x00000000de930298,0x00000000f0000000)
 PSPermGen       total 262144K, used 131258K [0x00000000c0000000, 0x00000000d0000000, 0x00000000d0000000)
  object space 262144K, 50% used [0x00000000c0000000,0x00000000c802ea08,0x00000000d0000000)

Code Cache  [0x00007f759438d000, 0x00007f7594c2d000, 0x00007f759738d000)
 total_blobs=2547 nmethods=1840 adapters=656 free_code_cache=41489216 largest_free_block=66624

Dynamic libraries:
00400000-00409000 r-xp 00000000 08:02 397963                             /usr/lib/jvm/java-6-openjdk-amd64/jre/bin/java
00608000-00609000 r--p 00008000 08:02 397963                             /usr/lib/jvm/java-6-openjdk-amd64/jre/bin/java
00609000-0060a000 rw-p 00009000 08:02 397963                             /usr/lib/jvm/java-6-openjdk-amd64/jre/bin/java
00fa4000-00fc5000 rw-p 00000000 00:00 0                                  [heap]
c0000000-100000000 rw-p 00000000 00:00 0 
7f7504000000-7f75044de000 rw-p 00000000 00:00 0 
7f75044de000-7f7508000000 ---p 00000000 00:00 0 
7f750c000000-7f750c094000 rw-p 00000000 00:00 0 
7f750c094000-7f7510000000 ---p 00000000 00:00 0 
7f7510000000-7f7510021000 rw-p 00000000 00:00 0 
7f7510021000-7f7514000000 ---p 00000000 00:00 0 
7f7514000000-7f7514021000 rw-p 00000000 00:00 0 
7f7514021000-7f7518000000 ---p 00000000 00:00 0 
7f7518000000-7f7518021000 rw-p 00000000 00:00 0 
7f7518021000-7f751c000000 ---p 00000000 00:00 0 
7f751c000000-7f751c021000 rw-p 00000000 00:00 0 
7f751c021000-7f7520000000 ---p 00000000 00:00 0 
7f7520000000-7f7520021000 rw-p 00000000 00:00 0 
7f7520021000-7f7524000000 ---p 00000000 00:00 0 
7f7524000000-7f7524ac2000 rw-p 00000000 00:00 0 
7f7524ac2000-7f7528000000 ---p 00000000 00:00 0 
7f7528000000-7f7528021000 rw-p 00000000 00:00 0 
7f7528021000-7f752c000000 ---p 00000000 00:00 0 
7f752c000000-7f752c021000 rw-p 00000000 00:00 0 
7f752c021000-7f7530000000 ---p 00000000 00:00 0 
7f7530000000-7f7530040000 rw-p 00000000 00:00 0 
7f7530040000-7f7534000000 ---p 00000000 00:00 0 
7f7534000000-7f753407b000 rw-p 00000000 00:00 0 
7f753407b000-7f7538000000 ---p 00000000 00:00 0 
7f7538000000-7f7538021000 rw-p 00000000 00:00 0 
7f7538021000-7f753c000000 ---p 00000000 00:00 0 
7f753c000000-7f753c028000 rw-p 00000000 00:00 0 
7f753c028000-7f7540000000 ---p 00000000 00:00 0 
7f7540000000-7f7540021000 rw-p 00000000 00:00 0 
7f7540021000-7f7544000000 ---p 00000000 00:00 0 
7f7544000000-7f75455c2000 rw-p 00000000 00:00 0 
7f75455c2000-7f7548000000 ---p 00000000 00:00 0 
7f7548000000-7f7548021000 rw-p 00000000 00:00 0 
7f7548021000-7f754c000000 ---p 00000000 00:00 0 
7f754c000000-7f754c074000 rw-p 00000000 00:00 0 
7f754c074000-7f7550000000 ---p 00000000 00:00 0 
7f7554000000-7f7554021000 rw-p 00000000 00:00 0 
7f7554021000-7f7558000000 ---p 00000000 00:00 0 
7f7558000000-7f7558337000 rw-p 00000000 00:00 0 
7f7558337000-7f755c000000 ---p 00000000 00:00 0 
7f755c000000-7f755c021000 rw-p 00000000 00:00 0 
7f755c021000-7f7560000000 ---p 00000000 00:00 0 
7f7560000000-7f75600ac000 rw-p 00000000 00:00 0 
7f75600ac000-7f7564000000 ---p 00000000 00:00 0 
7f7564000000-7f7567e67000 rw-p 00000000 00:00 0 
7f7567e67000-7f7568000000 ---p 00000000 00:00 0 
7f7568000000-7f756c000000 rw-p 00000000 00:00 0 
7f756c000000-7f756c021000 rw-p 00000000 00:00 0 
7f756c021000-7f7570000000 ---p 00000000 00:00 0 
7f7570000000-7f7570021000 rw-p 00000000 00:00 0 
7f7570021000-7f7574000000 ---p 00000000 00:00 0 
7f7574000000-7f75743b5000 rw-p 00000000 00:00 0 
7f75743b5000-7f7578000000 ---p 00000000 00:00 0 
7f7578000000-7f7578021000 rw-p 00000000 00:00 0 
7f7578021000-7f757c000000 ---p 00000000 00:00 0 
7f757c000000-7f757c04f000 rw-p 00000000 00:00 0 
7f757c04f000-7f7580000000 ---p 00000000 00:00 0 
7f7580000000-7f7580035000 rw-p 00000000 00:00 0 
7f7580035000-7f7584000000 ---p 00000000 00:00 0 
7f7584000000-7f7584041000 rw-p 00000000 00:00 0 
7f7584041000-7f7588000000 ---p 00000000 00:00 0 
7f75891e2000-7f75891e5000 ---p 00000000 00:00 0 
7f75891e5000-7f75892e3000 rw-p 00000000 00:00 0 
7f75892e3000-7f75892e6000 ---p 00000000 00:00 0 
7f75892e6000-7f75893e4000 rw-p 00000000 00:00 0 
7f75893e4000-7f75893e7000 ---p 00000000 00:00 0 
7f75893e7000-7f75894e5000 rw-p 00000000 00:00 0 
7f75894e5000-7f75894e8000 ---p 00000000 00:00 0 
7f75894e8000-7f75895e6000 rw-p 00000000 00:00 0 
7f75895e6000-7f75895e9000 ---p 00000000 00:00 0 
7f75895e9000-7f75896e7000 rw-p 00000000 00:00 0 
7f75896e7000-7f75896ea000 ---p 00000000 00:00 0 
7f75896ea000-7f75897e8000 rw-p 00000000 00:00 0 
7f75897e8000-7f75897eb000 ---p 00000000 00:00 0 
7f75897eb000-7f75898e9000 rw-p 00000000 00:00 0 
7f75898e9000-7f75898ec000 ---p 00000000 00:00 0 
7f75898ec000-7f75899ea000 rw-p 00000000 00:00 0 
7f75899ea000-7f75899ed000 ---p 00000000 00:00 0 
7f75899ed000-7f7589aeb000 rw-p 00000000 00:00 0 
7f7589aeb000-7f7589aee000 ---p 00000000 00:00 0 
7f7589aee000-7f7589bec000 rw-p 00000000 00:00 0 
7f7589bec000-7f7589bef000 ---p 00000000 00:00 0 
7f7589bef000-7f7589ced000 rw-p 00000000 00:00 0 
7f7589ced000-7f7589cf0000 ---p 00000000 00:00 0 
7f7589cf0000-7f7589dee000 rw-p 00000000 00:00 0 
7f7589dee000-7f7589df1000 ---p 00000000 00:00 0 
7f7589df1000-7f7589eef000 rw-p 00000000 00:00 0 
7f7589eef000-7f7589ef2000 ---p 00000000 00:00 0 
7f7589ef2000-7f7589ff0000 rw-p 00000000 00:00 0 
7f7589ff0000-7f7589ff3000 ---p 00000000 00:00 0 
7f7589ff3000-7f758a0f1000 rw-p 00000000 00:00 0 
7f758a0f1000-7f758a0f4000 ---p 00000000 00:00 0 
7f758a0f4000-7f758a1f2000 rw-p 00000000 00:00 0 
7f758a1f2000-7f758a1f5000 ---p 00000000 00:00 0 
7f758a1f5000-7f758a2f3000 rw-p 00000000 00:00 0 
7f758a2f3000-7f758a2f6000 ---p 00000000 00:00 0 
7f758a2f6000-7f758a3f4000 rw-p 00000000 00:00 0 
7f758a3f4000-7f758a3f7000 ---p 00000000 00:00 0 
7f758a3f7000-7f758a4f5000 rw-p 00000000 00:00 0 
7f758a4f5000-7f758a4f8000 ---p 00000000 00:00 0 
7f758a4f8000-7f758a5f6000 rw-p 00000000 00:00 0 
7f758a5f6000-7f758a5f9000 ---p 00000000 00:00 0 
7f758a5f9000-7f758a6f7000 rw-p 00000000 00:00 0 
7f758a6f7000-7f758a6fa000 ---p 00000000 00:00 0 
7f758a6fa000-7f758a7f8000 rw-p 00000000 00:00 0 
7f758a7f8000-7f758a7fb000 ---p 00000000 00:00 0 
7f758a7fb000-7f758a8f9000 rw-p 00000000 00:00 0 
7f758a8f9000-7f758a8fc000 ---p 00000000 00:00 0 
7f758a8fc000-7f758a9fa000 rw-p 00000000 00:00 0 
7f758a9fa000-7f758a9fd000 ---p 00000000 00:00 0 
7f758a9fd000-7f758aafb000 rw-p 00000000 00:00 0 
7f758aafb000-7f758aafe000 ---p 00000000 00:00 0 
7f758aafe000-7f758abfc000 rw-p 00000000 00:00 0 
7f758abfc000-7f758abff000 ---p 00000000 00:00 0 
7f758abff000-7f758acfd000 rw-p 00000000 00:00 0 
7f758acfd000-7f758ad00000 ---p 00000000 00:00 0 
7f758ad00000-7f758adfe000 rw-p 00000000 00:00 0 
7f758adfe000-7f758ae01000 ---p 00000000 00:00 0 
7f758ae01000-7f758aeff000 rw-p 00000000 00:00 0 
7f758aeff000-7f758af02000 ---p 00000000 00:00 0 
7f758af02000-7f758b000000 rw-p 00000000 00:00 0 
7f758b000000-7f758b006000 r-xp 00000000 08:02 18747991                   /usr/lib/jvm/java-6-openjdk-amd64/jre/lib/amd64/libmanagement.so
7f758b006000-7f758b205000 ---p 00006000 08:02 18747991                   /usr/lib/jvm/java-6-openjdk-amd64/jre/lib/amd64/libmanagement.so
7f758b205000-7f758b206000 r--p 00005000 08:02 18747991                   /usr/lib/jvm/java-6-openjdk-amd64/jre/lib/amd64/libmanagement.so
7f758b206000-7f758b207000 rw-p 00006000 08:02 18747991                   /usr/lib/jvm/java-6-openjdk-amd64/jre/lib/amd64/libmanagement.so
7f758b207000-7f758b20a000 ---p 00000000 00:00 0 
7f758b20a000-7f758b308000 rw-p 00000000 00:00 0 
7f758b308000-7f758b30b000 ---p 00000000 00:00 0 
7f758b30b000-7f758b409000 rw-p 00000000 00:00 0 
7f758b409000-7f758b40c000 ---p 00000000 00:00 0 
7f758b40c000-7f758b50a000 rw-p 00000000 00:00 0 
7f758b50a000-7f758b50d000 ---p 00000000 00:00 0 
7f758b50d000-7f758b60b000 rw-p 00000000 00:00 0 
7f758b60b000-7f758b60e000 ---p 00000000 00:00 0 
7f758b60e000-7f758b70c000 rw-p 00000000 00:00 0 
7f758b70c000-7f758b70f000 ---p 00000000 00:00 0 
7f758b70f000-7f758b80d000 rw-p 00000000 00:00 0 
7f758b80d000-7f758b80e000 ---p 00000000 00:00 0 
7f758b80e000-7f758be46000 rw-p 00000000 00:00 0 
7f758be46000-7f758bfd8000 r--s 037bf000 08:02 18616443                   /usr/lib/jvm/java-6-openjdk-amd64/jre/lib/rt.jar
7f758bfd8000-7f758c000000 rw-p 00000000 00:00 0 
7f758c000000-7f758c05f000 rw-p 00000000 00:00 0 
7f758c05f000-7f7590000000 ---p 00000000 00:00 0 
7f75900b3000-7f75900b6000 ---p 00000000 00:00 0 
7f75900b6000-7f75901b4000 rw-p 00000000 00:00 0 
7f75901b4000-7f75901b7000 ---p 00000000 00:00 0 
7f75901b7000-7f75902b5000 rw-p 00000000 00:00 0 
7f75902b5000-7f75902b8000 ---p 00000000 00:00 0 
7f75902b8000-7f75903b6000 rw-p 00000000 00:00 0 
7f75903b6000-7f75903b9000 ---p 00000000 00:00 0 
7f75903b9000-7f75904b7000 rw-p 00000000 00:00 0 
7f75904b7000-7f75904ba000 ---p 00000000 00:00 0 
7f75904ba000-7f75905b8000 rw-p 00000000 00:00 0 
7f75905b8000-7f75905bb000 ---p 00000000 00:00 0 
7f75905bb000-7f75906b9000 rw-p 00000000 00:00 0 
7f75906b9000-7f75906bc000 ---p 00000000 00:00 0 
7f75906bc000-7f75907ba000 rw-p 00000000 00:00 0 
7f75907ba000-7f75907d2000 r-xp 00000000 08:02 16256582                   /lib/x86_64-linux-gnu/libresolv-2.15.so
7f75907d2000-7f75909d2000 ---p 00018000 08:02 16256582                   /lib/x86_64-linux-gnu/libresolv-2.15.so
7f75909d2000-7f75909d3000 r--p 00018000 08:02 16256582                   /lib/x86_64-linux-gnu/libresolv-2.15.so
7f75909d3000-7f75909d4000 rw-p 00019000 08:02 16256582                   /lib/x86_64-linux-gnu/libresolv-2.15.so
7f75909d4000-7f75909d6000 rw-p 00000000 00:00 0 
7f75909d6000-7f75909dd000 r-xp 00000000 08:02 16256547                   /lib/x86_64-linux-gnu/libnss_dns-2.15.so
7f75909dd000-7f7590bdc000 ---p 00007000 08:02 16256547                   /lib/x86_64-linux-gnu/libnss_dns-2.15.so
7f7590bdc000-7f7590bdd000 r--p 00006000 08:02 16256547                   /lib/x86_64-linux-gnu/libnss_dns-2.15.so
7f7590bdd000-7f7590bde000 rw-p 00007000 08:02 16256547                   /lib/x86_64-linux-gnu/libnss_dns-2.15.so
7f7590bde000-7f7590be0000 r-xp 00000000 08:02 16252982                   /lib/libnss_mdns4_minimal.so.2
7f7590be0000-7f7590ddf000 ---p 00002000 08:02 16252982                   /lib/libnss_mdns4_minimal.so.2
7f7590ddf000-7f7590de0000 r--p 00001000 08:02 16252982                   /lib/libnss_mdns4_minimal.so.2
7f7590de0000-7f7590de1000 rw-p 00002000 08:02 16252982                   /lib/libnss_mdns4_minimal.so.2
7f7590de1000-7f7590de4000 ---p 00000000 00:00 0 
7f7590de4000-7f7590ee2000 rw-p 00000000 00:00 0 
7f7590ee2000-7f7590ee5000 ---p 00000000 00:00 0 
7f7590ee5000-7f7590fe3000 rw-p 00000000 00:00 0 
7f7590fe3000-7f7591040000 r-xp 00000000 08:02 16651114                   /usr/lib/x86_64-linux-gnu/nss/libfreebl3.so
7f7591040000-7f759123f000 ---p 0005d000 08:02 16651114                   /usr/lib/x86_64-linux-gnu/nss/libfreebl3.so
7f759123f000-7f7591241000 r--p 0005c000 08:02 16651114                   /usr/lib/x86_64-linux-gnu/nss/libfreebl3.so
7f7591241000-7f7591242000 rw-p 0005e000 08:02 16651114                   /usr/lib/x86_64-linux-gnu/nss/libfreebl3.so
7f7591242000-7f7591246000 rw-p 00000000 00:00 0 
7f7591246000-7f75912e4000 r-xp 00000000 08:02 16131587                   /usr/lib/x86_64-linux-gnu/libsqlite3.so.0.8.6
7f75912e4000-7f75914e4000 ---p 0009e000 08:02 16131587                   /usr/lib/x86_64-linux-gnu/libsqlite3.so.0.8.6
7f75914e4000-7f75914e6000 r--p 0009e000 08:02 16131587                   /usr/lib/x86_64-linux-gnu/libsqlite3.so.0.8.6
7f75914e6000-7f75914e8000 rw-p 000a0000 08:02 16131587                   /usr/lib/x86_64-linux-gnu/libsqlite3.so.0.8.6
7f75914e8000-7f75914e9000 rw-p 00000000 00:00 0 
7f75914e9000-7f7591522000 r-xp 00000000 08:02 16651117                   /usr/lib/x86_64-linux-gnu/nss/libsoftokn3.so
7f7591522000-7f7591721000 ---p 00039000 08:02 16651117                   /usr/lib/x86_64-linux-gnu/nss/libsoftokn3.so
7f7591721000-7f7591723000 r--p 00038000 08:02 16651117                   /usr/lib/x86_64-linux-gnu/nss/libsoftokn3.so
7f7591723000-7f7591724000 rw-p 0003a000 08:02 16651117                   /usr/lib/x86_64-linux-gnu/nss/libsoftokn3.so
7f7591724000-7f759175e000 r-xp 00000000 08:02 16127779                   /usr/lib/x86_64-linux-gnu/libnspr4.so
7f759175e000-7f759195d000 ---p 0003a000 08:02 16127779                   /usr/lib/x86_64-linux-gnu/libnspr4.so
7f759195d000-7f759195e000 r--p 00039000 08:02 16127779                   /usr/lib/x86_64-linux-gnu/libnspr4.so
7f759195e000-7f7591960000 rw-p 0003a000 08:02 16127779                   /usr/lib/x86_64-linux-gnu/libnspr4.so
7f7591960000-7f7591962000 rw-p 00000000 00:00 0 
7f7591962000-7f7591965000 r-xp 00000000 08:02 16127775                   /usr/lib/x86_64-linux-gnu/libplds4.so
7f7591965000-7f7591b64000 ---p 00003000 08:02 16127775                   /usr/lib/x86_64-linux-gnu/libplds4.so
7f7591b64000-7f7591b65000 r--p 00002000 08:02 16127775                   /usr/lib/x86_64-linux-gnu/libplds4.so
7f7591b65000-7f7591b66000 rw-p 00003000 08:02 16127775                   /usr/lib/x86_64-linux-gnu/libplds4.so
7f7591b66000-7f7591b6a000 r-xp 00000000 08:02 16127777                   /usr/lib/x86_64-linux-gnu/libplc4.so
7f7591b6a000-7f7591d69000 ---p 00004000 08:02 16127777                   /usr/lib/x86_64-linux-gnu/libplc4.so
7f7591d69000-7f7591d6a000 r--p 00003000 08:02 16127777                   /usr/lib/x86_64-linux-gnu/libplc4.so
7f7591d6a000-7f7591d6b000 rw-p 00004000 08:02 16127777                   /usr/lib/x86_64-linux-gnu/libplc4.so
7f7591d6b000-7f7591d87000 r-xp 00000000 08:02 16123808                   /usr/lib/x86_64-linux-gnu/libnssutil3.so
7f7591d87000-7f7591f87000 ---p 0001c000 08:02 16123808                   /usr/lib/x86_64-linux-gnu/libnssutil3.so
7f7591f87000-7f7591f8d000 r--p 0001c000 08:02 16123808                   /usr/lib/x86_64-linux-gnu/libnssutil3.so
7f7591f8d000-7f7591f8e000 rw-p 00022000 08:02 16123808                   /usr/lib/x86_64-linux-gnu/libnssutil3.so
7f7591f8e000-7f759208c000 r-xp 00000000 08:02 16122488                   /usr/lib/x86_64-linux-gnu/libnss3.so
7f759208c000-7f759228b000 ---p 000fe000 08:02 16122488                   /usr/lib/x86_64-linux-gnu/libnss3.so
7f759228b000-7f7592290000 r--p 000fd000 08:02 16122488                   /usr/lib/x86_64-linux-gnu/libnss3.so
7f7592290000-7f7592292000 rw-p 00102000 08:02 16122488                   /usr/lib/x86_64-linux-gnu/libnss3.so
7f7592292000-7f7592294000 rw-p 00000000 00:00 0 
7f75922a6000-7f75922b4000 r--s 00351000 08:02 18489869                   /usr/lib/jvm/java-6-openjdk-common/jre/lib/charsets.jar
7f75922b4000-7f75922c2000 r-xp 00000000 08:02 18747997                   /usr/lib/jvm/java-6-openjdk-amd64/jre/lib/amd64/libj2pkcs11.so
7f75922c2000-7f75924c2000 ---p 0000e000 08:02 18747997                   /usr/lib/jvm/java-6-openjdk-amd64/jre/lib/amd64/libj2pkcs11.so
7f75924c2000-7f75924c3000 r--p 0000e000 08:02 18747997                   /usr/lib/jvm/java-6-openjdk-amd64/jre/lib/amd64/libj2pkcs11.so
7f75924c3000-7f75924c4000 rw-p 0000f000 08:02 18747997                   /usr/lib/jvm/java-6-openjdk-amd64/jre/lib/amd64/libj2pkcs11.so
7f75924c4000-7f75924c6000 r--s 00013000 08:02 18489868                   /usr/lib/jvm/java-6-openjdk-common/jre/lib/jce.jar
7f75924cf000-7f75924dd000 r--s 00351000 08:02 18489869                   /usr/lib/jvm/java-6-openjdk-common/jre/lib/charsets.jar
7f75924dd000-7f75924e1000 r--s 0002f000 08:02 4722137                    /home/jam/.grails/ivy-cache/org.grails/grails-test/jars/grails-test-2.1.1.jar
7f75924e1000-7f75924e7000 r--s 0006c000 08:02 4722135                    /home/jam/.grails/ivy-cache/org.grails/grails-plugin-testing/jars/grails-plugin-testing-2.1.1.jar
7f75924e7000-7f75924e8000 r--s 00002000 08:02 5636284                    /home/jam/.grails/ivy-cache/org.hibernate/hibernate-ehcache/jars/hibernate-ehcache-3.6.10.Final.jar
7f75924e8000-7f75924ed000 r--s 00048000 08:02 5636282                    /home/jam/.grails/ivy-cache/dom4j/dom4j/jars/dom4j-1.6.1.jar
7f75924ed000-7f75924f2000 r--s 00068000 08:02 5636280                    /home/jam/.grails/ivy-cache/antlr/antlr/jars/antlr-2.7.7.jar
7f75924f2000-7f75924fb000 r--s 00098000 08:02 5636278                    /home/jam/.grails/ivy-cache/org.javassist/javassist/jars/javassist-3.16.1-GA.jar
7f75924fb000-7f75924fe000 r--s 00009000 08:02 5636286                    /home/jam/.grails/ivy-cache/javax.validation/validation-api/jars/validation-api-1.0.0.GA.jar
7f75924fe000-7f7592505000 r--s 00040000 08:02 5636276                    /home/jam/.grails/ivy-cache/org.hibernate/hibernate-validator/jars/hibernate-validator-4.1.0.Final.jar
7f7592505000-7f7592508000 r--s 0000f000 08:02 5636274                    /home/jam/.grails/ivy-cache/org.hibernate/hibernate-commons-annotations/jars/hibernate-commons-annotations-3.2.0.Final.jar
7f7592508000-7f759253a000 r--s 002c9000 08:02 5636272                    /home/jam/.grails/ivy-cache/org.hibernate/hibernate-core/jars/hibernate-core-3.6.10.Final.jar
7f759253a000-7f759254b000 r--s 000d2000 08:02 5636617                    /home/jam/.grails/ivy-cache/org.liquibase/liquibase-core/jars/liquibase-core-2.0.5.jar
7f759254b000-7f7592554000 r--s 00080000 08:02 5767285                    /home/jam/.grails/ivy-cache/org.quartz-scheduler/quartz/jars/quartz-2.1.5.jar
7f7592554000-7f759255b000 r--s 00035000 08:02 4851541                    /home/jam/.grails/ivy-cache/org.springframework.security/spring-security-web/jars/spring-security-web-3.0.7.RELEASE.jar
7f759255b000-7f7592565000 r--s 00043000 08:02 4851538                    /home/jam/.grails/ivy-cache/org.springframework.security/spring-security-core/jars/spring-security-core-3.0.7.RELEASE.jar
7f7592565000-7f7592566000 r--s 00004000 08:02 5637614                    /home/jam/.grails/ivy-cache/net.sf.opencsv/opencsv/jars/opencsv-2.3.jar
7f7592566000-7f759256c000 r--s 0007e000 08:02 5637426                    /home/jam/.grails/ivy-cache/postgresql/postgresql/jars/postgresql-9.0-801.jdbc4.jar
7f759256c000-7f7592573000 r--s 000bd000 08:02 4722926                    /home/jam/.grails/ivy-cache/mysql/mysql-connector-java/jars/mysql-connector-java-5.1.20.jar
7f7592573000-7f7592575000 r--s 00000000 08:02 4722133                    /home/jam/.grails/ivy-cache/org.slf4j/jul-to-slf4j/jars/jul-to-slf4j-1.6.2.jar
7f7592575000-7f7592577000 r--s 00003000 08:02 4722131                    /home/jam/.grails/ivy-cache/org.slf4j/jcl-over-slf4j/jars/jcl-over-slf4j-1.6.2.jar
7f7592577000-7f7592580000 r--s 0006d000 08:02 4722129                    /home/jam/.grails/ivy-cache/log4j/log4j/bundles/log4j-1.2.16.jar
7f7592580000-7f7592595000 r--s 000e3000 08:02 4722127                    /home/jam/.grails/ivy-cache/net.sf.ehcache/ehcache-core/jars/ehcache-core-2.4.6.jar
7f7592595000-7f7592597000 r--s 00005000 08:02 4722125                    /home/jam/.grails/ivy-cache/xpp3/xpp3_min/jars/xpp3_min-1.1.4c.jar
7f7592597000-7f7592599000 r--s 00004000 08:02 4722123                    /home/jam/.grails/ivy-cache/javax.servlet/jstl/jars/jstl-1.1.2.jar
7f7592599000-7f75925a3000 r--s 0012c000 08:02 4722121                    /home/jam/.grails/ivy-cache/com.h2database/h2/jars/h2-1.3.164.jar
7f75925a3000-7f75925a6000 r--s 00016000 08:02 4722119                    /home/jam/.grails/ivy-cache/commons-pool/commons-pool/jars/commons-pool-1.5.6.jar
7f75925a6000-7f75925a9000 r--s 00025000 08:02 4722117                    /home/jam/.grails/ivy-cache/commons-dbcp/commons-dbcp/jars/commons-dbcp-1.4.jar
7f75925a9000-7f75925ab000 r--s 0000e000 08:02 4722115                    /home/jam/.grails/ivy-cache/oro/oro/jars/oro-2.0.8.jar
7f75925ab000-7f75925ad000 r--s 0000d000 08:02 4722113                    /home/jam/.grails/ivy-cache/commons-fileupload/commons-fileupload/jars/commons-fileupload-1.2.2.jar
7f75925ad000-7f75925ae000 r--s 0000a000 08:02 4722111                    /home/jam/.grails/ivy-cache/asm/asm/jars/asm-3.1.jar
7f75925ae000-7f75925b5000 r--s 0003e000 08:02 4722109                    /home/jam/.grails/ivy-cache/cglib/cglib/jars/cglib-2.2.jar
7f75925b5000-7f75925b9000 r--s 00019000 08:02 4722107                    /home/jam/.grails/ivy-cache/org.aspectj/aspectjrt/jars/aspectjrt-1.6.10.jar
7f75925b9000-7f75925cf000 r--s 00184000 08:02 4722105                    /home/jam/.grails/ivy-cache/org.aspectj/aspectjweaver/jars/aspectjweaver-1.6.10.jar
7f75925cf000-7f75925d6000 r--s 00056000 08:02 4722103                    /home/jam/.grails/ivy-cache/org.grails/grails-datastore-simple/jars/grails-datastore-simple-1.1.0.RELEASE.jar
7f75925d6000-7f75925df000 r--s 00044000 08:02 4722101                    /home/jam/.grails/ivy-cache/org.grails/grails-datastore-core/jars/grails-datastore-core-1.1.0.RELEASE.jar
7f75925df000-7f75925e4000 r--s 0004c000 08:02 4722099                    /home/jam/.grails/ivy-cache/org.grails/grails-datastore-gorm/jars/grails-datastore-gorm-1.1.0.RELEASE.jar
7f75925e4000-7f75925ef000 r--s 00082000 08:02 4722097                    /home/jam/.grails/ivy-cache/org.springframework/spring-webmvc/jars/spring-webmvc-3.1.2.RELEASE.jar
7f75925ef000-7f75925fb000 r--s 0007a000 08:02 4722095                    /home/jam/.grails/ivy-cache/org.springframework/spring-web/jars/spring-web-3.1.2.RELEASE.jar
7f75925fb000-7f7592602000 r--s 00035000 08:02 4722093                    /home/jam/.grails/ivy-cache/org.springframework/spring-tx/jars/spring-tx-3.1.2.RELEASE.jar
7f7592602000-7f759260b000 r--s 00054000 08:02 4722091                    /home/jam/.grails/ivy-cache/org.springframework/spring-orm/jars/spring-orm-3.1.2.RELEASE.jar
7f759260b000-7f7592610000 r--s 0002c000 08:02 4722089                    /home/jam/.grails/ivy-cache/org.springframework/spring-jms/jars/spring-jms-3.1.2.RELEASE.jar
7f7592610000-7f759261a000 r--s 00059000 08:02 4722087                    /home/jam/.grails/ivy-cache/org.springframework/spring-jdbc/jars/spring-jdbc-3.1.2.RELEASE.jar
7f759261a000-7f759261e000 r--s 00027000 08:02 4722085                    /home/jam/.grails/ivy-cache/org.springframework/spring-expression/jars/spring-expression-3.1.2.RELEASE.jar
7f759261e000-7f7592621000 r--s 00018000 08:02 4722083                    /home/jam/.grails/ivy-cache/org.springframework/spring-context-support/jars/spring-context-support-3.1.2.RELEASE.jar
7f7592621000-7f7592636000 r--s 000b7000 08:02 4722081                    /home/jam/.grails/ivy-cache/org.springframework/spring-context/jars/spring-context-3.1.2.RELEASE.jar
7f7592636000-7f7592642000 r--s 00085000 08:02 4722079                    /home/jam/.grails/ivy-cache/org.springframework/spring-beans/jars/spring-beans-3.1.2.RELEASE.jar
7f7592642000-7f7592643000 r--s 0000c000 08:02 4722077                    /home/jam/.grails/ivy-cache/org.springframework/spring-asm/jars/spring-asm-3.1.2.RELEASE.jar
7f7592643000-7f7592645000 r--s 0000b000 08:02 4722075                    /home/jam/.grails/ivy-cache/org.springframework/spring-aspects/jars/spring-aspects-3.1.2.RELEASE.jar
7f7592645000-7f759264e000 r--s 00049000 08:02 4722073                    /home/jam/.grails/ivy-cache/org.springframework/spring-aop/jars/spring-aop-3.1.2.RELEASE.jar
7f759264e000-7f7592658000 r--s 00064000 08:02 4722071                    /home/jam/.grails/ivy-cache/org.springframework/spring-core/jars/spring-core-3.1.2.RELEASE.jar
7f7592658000-7f759265a000 r--s 00008000 08:02 4722069                    /home/jam/.grails/ivy-cache/org.grails/grails-plugin-validation/jars/grails-plugin-validation-2.1.1.jar
7f759265a000-7f759265d000 r--s 0001c000 08:02 4722067                    /home/jam/.grails/ivy-cache/org.grails/grails-plugin-url-mappings/jars/grails-plugin-url-mappings-2.1.1.jar
7f759265d000-7f759265f000 r--s 0000f000 08:02 4722065                    /home/jam/.grails/ivy-cache/org.grails/grails-plugin-mimetypes/jars/grails-plugin-mimetypes-2.1.1.jar
7f759265f000-7f7592661000 r--s 00005000 08:02 4722063                    /home/jam/.grails/ivy-cache/org.grails/grails-plugin-servlets/jars/grails-plugin-servlets-2.1.1.jar
7f7592661000-7f7592662000 r--s 00008000 08:02 4722061                    /home/jam/.grails/ivy-cache/org.grails/grails-plugin-services/jars/grails-plugin-services-2.1.1.jar
7f7592662000-7f7592664000 r--s 00006000 08:02 4722059                    /home/jam/.grails/ivy-cache/org.grails/grails-plugin-scaffolding/jars/grails-plugin-scaffolding-2.1.1.jar
7f7592664000-7f7592666000 r--s 0000e000 08:02 4722057                    /home/jam/.grails/ivy-cache/org.grails/grails-plugin-log4j/jars/grails-plugin-log4j-2.1.1.jar
7f7592666000-7f7592668000 r--s 00005000 08:02 4722055                    /home/jam/.grails/ivy-cache/org.grails/grails-plugin-i18n/jars/grails-plugin-i18n-2.1.1.jar
7f7592668000-7f759266f000 r--s 0006d000 08:02 4722053                    /home/jam/.grails/ivy-cache/org.grails/grails-plugin-gsp/jars/grails-plugin-gsp-2.1.1.jar
7f759266f000-7f7592671000 r--s 0000e000 08:02 4722051                    /home/jam/.grails/ivy-cache/org.grails/grails-plugin-filters/jars/grails-plugin-filters-2.1.1.jar
7f7592671000-7f7592673000 r--s 00009000 08:02 4722049                    /home/jam/.grails/ivy-cache/org.grails/grails-plugin-datasource/jars/grails-plugin-datasource-2.1.1.jar
7f7592673000-7f7592677000 r--s 00024000 08:02 4722047                    /home/jam/.grails/ivy-cache/org.grails/grails-plugin-converters/jars/grails-plugin-converters-2.1.1.jar
7f7592677000-7f759267a000 r--s 00019000 08:02 4722045                    /home/jam/.grails/ivy-cache/org.grails/grails-plugin-domain-class/jars/grails-plugin-domain-class-2.1.1.jar
7f759267a000-7f759267e000 r--s 00028000 08:02 4722043                    /home/jam/.grails/ivy-cache/org.grails/grails-plugin-controllers/jars/grails-plugin-controllers-2.1.1.jar
7f759267e000-7f7592680000 r--s 00015000 08:02 4722041                    /home/jam/.grails/ivy-cache/org.grails/grails-plugin-codecs/jars/grails-plugin-codecs-2.1.1.jar
7f7592680000-7f7592681000 r--s 00000000 08:02 4722039                    /home/jam/.grails/ivy-cache/org.grails/grails-logging/jars/grails-logging-2.1.1.jar
7f7592681000-7f7592683000 r--s 00009000 08:02 4722037                    /home/jam/.grails/ivy-cache/org.grails/grails-spring/jars/grails-spring-2.1.1.jar
7f7592683000-7f759268d000 r--s 0008a000 08:02 4722035                    /home/jam/.grails/ivy-cache/org.grails/grails-hibernate/jars/grails-hibernate-2.1.1.jar
7f759268d000-7f759268f000 r--s 00009000 08:02 4722033                    /home/jam/.grails/ivy-cache/org.grails/grails-crud/jars/grails-crud-2.1.1.jar
7f759268f000-7f7592695000 r--s 00027000 08:02 4722031                    /home/jam/.grails/ivy-cache/opensymphony/sitemesh/jars/sitemesh-2.4.jar
7f7592695000-7f759269a000 r--s 00015000 08:02 4722029                    /home/jam/.grails/ivy-cache/org.hibernate.javax.persistence/hibernate-jpa-2.0-api/jars/hibernate-jpa-2.0-api-1.0.1.Final.jar
7f759269a000-7f759269b000 r--s 00003000 08:02 4722027                    /home/jam/.grails/ivy-cache/javax.transaction/jta/jars/jta-1.1.jar
7f759269b000-7f75926a0000 r--s 00041000 08:02 4722025                    /home/jam/.grails/ivy-cache/commons-lang/commons-lang/jars/commons-lang-2.6.jar
7f75926a0000-7f75926a3000 r--s 00025000 08:02 4722023                    /home/jam/.grails/ivy-cache/commons-io/commons-io/jars/commons-io-2.1.jar
7f75926a3000-7f75926b1000 r--s 0007f000 08:02 4722021                    /home/jam/.grails/ivy-cache/commons-collections/commons-collections/jars/commons-collections-3.2.1.jar
7f75926b1000-7f75926b3000 r--s 00010000 08:02 4722019                    /home/jam/.grails/ivy-cache/commons-codec/commons-codec/jars/commons-codec-1.5.jar
7f75926b3000-7f75926b5000 r--s 00000000 08:02 4722017                    /home/jam/.grails/ivy-cache/aopalliance/aopalliance/jars/aopalliance-1.0.jar
7f75926b5000-7f75926b8000 r--s 0001f000 08:02 4722015                    /home/jam/.grails/ivy-cache/commons-validator/commons-validator/jars/commons-validator-1.3.1.jar
7f75926b8000-7f75926bb000 r--s 00019000 08:02 4722013                    /home/jam/.grails/ivy-cache/commons-el/commons-el/jars/commons-el-1.0.jar
7f75926bb000-7f75926c0000 r--s 00034000 08:02 4722011                    /home/jam/.grails/ivy-cache/commons-beanutils/commons-beanutils/jars/commons-beanutils-1.8.3.jar
7f75926c0000-7f759271e000 r--s 00592000 08:02 4722009                    /home/jam/.grails/ivy-cache/org.codehaus.groovy/groovy-all/jars/groovy-all-1.8.8.jar
7f759271e000-7f7592720000 r--s 0000d000 08:02 5508471                    /home/jam/.grails/ivy-cache/org.grails/grails-plugin-tomcat/jars/grails-plugin-tomcat-2.1.1.jar
7f7592720000-7f7592730000 r--s 0019c000 08:02 5508469                    /home/jam/.grails/ivy-cache/org.eclipse.jdt.core.compiler/ecj/jars/ecj-3.7.2.jar
7f7592730000-7f7592732000 r--s 00008000 08:02 5508467                    /home/jam/.grails/ivy-cache/org.apache.tomcat.embed/tomcat-embed-logging-juli/jars/tomcat-embed-logging-juli-7.0.30.jar
7f7592732000-7f7592734000 r--s 00013000 08:02 4721761                    /home/jam/.grails/ivy-cache/org.apache.tomcat.embed/tomcat-embed-logging-log4j/jars/tomcat-embed-logging-log4j-7.0.30.jar
7f7592734000-7f759273f000 r--s 000b6000 08:02 4721759                    /home/jam/.grails/ivy-cache/org.apache.tomcat.embed/tomcat-embed-jasper/jars/tomcat-embed-jasper-7.0.30.jar
7f759273f000-7f7592761000 r--s 00254000 08:02 4721757                    /home/jam/.grails/ivy-cache/org.apache.tomcat.embed/tomcat-embed-core/jars/tomcat-embed-core-7.0.30.jar
7f7592761000-7f7592763000 r--s 0000c000 08:02 5508465                    /home/jam/.grails/ivy-cache/org.apache.tomcat/tomcat-catalina-ant/jars/tomcat-catalina-ant-7.0.30.jar
7f7592763000-7f7592764000 r--s 00001000 08:02 4721467                    /home/jam/.grails/ivy-cache/org.apache.ant/ant-trax/jars/ant-trax-1.7.1.jar
7f7592764000-7f7592766000 r--s 00017000 08:02 4721465                    /home/jam/.grails/ivy-cache/org.apache.ant/ant-junit/jars/ant-junit-1.8.2.jar
7f7592766000-7f7592768000 r--s 00002000 08:02 4721463                    /home/jam/.grails/ivy-cache/org.apache.ant/ant-launcher/jars/ant-launcher-1.8.2.jar
7f7592768000-7f7592786000 r--s 001bb000 08:02 4721461                    /home/jam/.grails/ivy-cache/org.apache.ant/ant/jars/ant-1.8.2.jar
7f7592786000-7f759278d000 r--s 00037000 08:02 4721459                    /home/jam/.grails/ivy-cache/junit/junit/jars/junit-4.10.jar
7f759278d000-7f7592790000 r--s 0000b000 08:02 4721456                    /home/jam/.grails/ivy-cache/com.googlecode.concurrentlinkedhashmap/concurrentlinkedhashmap-lru/jars/concurrentlinkedhashmap-lru-1.2_jdk5.jar
7f7592790000-7f7592796000 r--s 00033000 08:02 4721454                    /home/jam/.grails/ivy-cache/org.springframework/spring-test/jars/spring-test-3.1.2.RELEASE.jar
7f7592796000-7f75927ab000 r-xp 00000000 08:02 18747986                   /usr/lib/jvm/java-6-openjdk-amd64/jre/lib/amd64/libnet.so
7f75927ab000-7f75929aa000 ---p 00015000 08:02 18747986                   /usr/lib/jvm/java-6-openjdk-amd64/jre/lib/amd64/libnet.so
7f75929aa000-7f75929ab000 r--p 00014000 08:02 18747986                   /usr/lib/jvm/java-6-openjdk-amd64/jre/lib/amd64/libnet.so
7f75929ab000-7f75929ac000 rw-p 00015000 08:02 18747986                   /usr/lib/jvm/java-6-openjdk-amd64/jre/lib/amd64/libnet.so
7f75929ac000-7f75929af000 ---p 00000000 00:00 0 
7f75929af000-7f7592aad000 rw-p 00000000 00:00 0 
7f7592aae000-7f7592ab0000 r--s 00005000 08:02 4721452                    /home/jam/.grails/ivy-cache/org.slf4j/slf4j-api/jars/slf4j-api-1.6.2.jar
7f7592ab0000-7f7592abd000 r--s 000b7000 08:02 4721450                    /home/jam/.grails/ivy-cache/org.grails/grails-web/jars/grails-web-2.1.1.jar
7f7592abd000-7f7592ac0000 r--s 00026000 08:02 4721448                    /home/jam/.grails/ivy-cache/org.grails/grails-resources/jars/grails-resources-2.1.1.jar
7f7592ac0000-7f7592ace000 r--s 000b5000 08:02 4721446                    /home/jam/.grails/ivy-cache/org.grails/grails-core/jars/grails-core-2.1.1.jar
7f7592ace000-7f7592ad9000 r--s 000fe000 08:02 4721444                    /home/jam/.grails/ivy-cache/org.grails/grails-scripts/jars/grails-scripts-2.1.1.jar
7f7592ad9000-7f7592ae2000 r--s 000a8000 08:02 4721442                    /home/jam/.grails/ivy-cache/org.grails/grails-bootstrap/jars/grails-bootstrap-2.1.1.jar
7f7592ae2000-7f7592ae5000 r--s 00044000 08:02 4721440                    /home/jam/.grails/ivy-cache/org.grails/grails-docs/jars/grails-docs-2.1.1.jar
7f7592ae5000-7f7592ae8000 r--s 00041000 08:02 4721438                    /home/jam/.grails/ivy-cache/xalan/serializer/jars/serializer-2.7.1.jar
7f7592ae8000-7f7592aeb000 r--s 000cf000 08:02 4721436                    /home/jam/.grails/ivy-cache/net.java.dev.jna/jna/jars/jna-3.2.3.jar
7f7592aeb000-7f7592aed000 r--s 00008000 08:02 4721434                    /home/jam/.grails/ivy-cache/org.fusesource.jansi/jansi/jars/jansi-1.2.1.jar
7f7592aed000-7f7592afc000 r--s 000d9000 08:02 4721424                    /home/jam/.grails/ivy-cache/org.apache.ivy/ivy/jars/ivy-2.2.0.jar
7f7592afc000-7f7592afe000 r--s 00015000 08:02 4721422                    /home/jam/.grails/ivy-cache/jline/jline/jars/jline-1.0.jar
7f7592afe000-7f7592b23000 r--s 00172000 08:02 4721397                    /home/jam/.grails/ivy-cache/org.bouncycastle/bcprov-jdk15/jars/bcprov-jdk15-1.45.jar
7f7592b23000-7f7592b28000 r--s 00024000 08:02 4721394                    /home/jam/.grails/ivy-cache/org.bouncycastle/bcpg-jdk15/jars/bcpg-jdk15-1.45.jar
7f7592b28000-7f7592b29000 r--s 00003000 08:02 4721392                    /home/jam/.grails/ivy-cache/com.googlecode.json-simple/json-simple/jars/json-simple-1.1.jar
7f7592b29000-7f7592b2f000 r--s 00068000 08:02 4721389                    /home/jam/.grails/ivy-cache/com.google.protobuf/protobuf-java/jars/protobuf-java-2.4.1.jar
7f7592b2f000-7f7592b44000 r-xp 00000000 08:02 8650927                    /tmp/jna8717285830308671515.tmp
7f7592b44000-7f7592c43000 ---p 00015000 08:02 8650927                    /tmp/jna8717285830308671515.tmp
7f7592c43000-7f7592c45000 rw-p 00014000 08:02 8650927                    /tmp/jna8717285830308671515.tmp
7f7592c45000-7f7592ca5000 r--s 00d92000 08:02 18877160                   /usr/lib/jvm/java-6-openjdk-amd64/lib/tools.jar
7f7592ca5000-7f7592caa000 r--s 00050000 08:02 4587551                    /home/jam/Applications/grails-2.1.1/lib/org.codehaus.gant/gant_groovy1.8/jars/gant_groovy1.8-1.9.6.jar
7f7592caa000-7f7592cc8000 r--s 001bb000 08:02 15997849                   /home/jam/Applications/grails-2.1.1/lib/org.apache.ant/ant/jars/ant-1.8.2.jar
7f7592cc8000-7f7592cc9000 ---p 00000000 00:00 0 
7f7592cc9000-7f7592dc9000 rw-p 00000000 00:00 0 
7f7592dc9000-7f7592dcc000 ---p 00000000 00:00 0 
7f7592dcc000-7f7592eca000 rw-p 00000000 00:00 0 
7f7592eca000-7f7592ecd000 ---p 00000000 00:00 0 
7f7592ecd000-7f7592fcb000 rw-p 00000000 00:00 0 
7f7592fcb000-7f7592fce000 ---p 00000000 00:00 0 
7f7592fce000-7f75930cc000 rw-p 00000000 00:00 0 
7f75930cc000-7f759312a000 r--s 00592000 08:02 4587821                    /home/jam/Applications/grails-2.1.1/lib/org.codehaus.groovy/groovy-all/jars/groovy-all-1.8.8.jar
7f759312a000-7f759312d000 ---p 00000000 00:00 0 
7f759312d000-7f759322b000 rw-p 00000000 00:00 0 
7f759322b000-7f7593a06000 r--p 00000000 08:02 16128286                   /usr/lib/locale/locale-archive
7f7593a06000-7f7593a09000 ---p 00000000 00:00 0 
7f7593a09000-7f7593b07000 rw-p 00000000 00:00 0 
7f7593b07000-7f7593b0a000 ---p 00000000 00:00 0 
7f7593b0a000-7f7593c08000 rw-p 00000000 00:00 0 
7f7593c08000-7f7593c09000 ---p 00000000 00:00 0 
7f7593c09000-7f7593d09000 rw-p 00000000 00:00 0 
7f7593d09000-7f7593d0a000 ---p 00000000 00:00 0 
7f7593d0a000-7f7593e0a000 rw-p 00000000 00:00 0 
7f7593e0a000-7f7593e0b000 ---p 00000000 00:00 0 
7f7593e0b000-7f7593f0b000 rw-p 00000000 00:00 0 
7f7593f0b000-7f7593f0c000 ---p 00000000 00:00 0 
7f7593f0c000-7f759420c000 rw-p 00000000 00:00 0 
7f759420c000-7f759438d000 rw-p 00000000 00:00 0 
7f759438d000-7f7594c2d000 rwxp 00000000 00:00 0 
7f7594c2d000-7f759738d000 rw-p 00000000 00:00 0 
7f759738d000-7f7597394000 r-xp 00000000 08:02 18748006                   /usr/lib/jvm/java-6-openjdk-amd64/jre/lib/amd64/libzip.so
7f7597394000-7f7597593000 ---p 00007000 08:02 18748006                   /usr/lib/jvm/java-6-openjdk-amd64/jre/lib/amd64/libzip.so
7f7597593000-7f7597594000 r--p 00006000 08:02 18748006                   /usr/lib/jvm/java-6-openjdk-amd64/jre/lib/amd64/libzip.so
7f7597594000-7f7597595000 rw-p 00007000 08:02 18748006                   /usr/lib/jvm/java-6-openjdk-amd64/jre/lib/amd64/libzip.so
7f7597595000-7f75975a1000 r-xp 00000000 08:02 16256549                   /lib/x86_64-linux-gnu/libnss_files-2.15.so
7f75975a1000-7f75977a0000 ---p 0000c000 08:02 16256549                   /lib/x86_64-linux-gnu/libnss_files-2.15.so
7f75977a0000-7f75977a1000 r--p 0000b000 08:02 16256549                   /lib/x86_64-linux-gnu/libnss_files-2.15.so
7f75977a1000-7f75977a2000 rw-p 0000c000 08:02 16256549                   /lib/x86_64-linux-gnu/libnss_files-2.15.so
7f75977a2000-7f75977ac000 r-xp 00000000 08:02 16256553                   /lib/x86_64-linux-gnu/libnss_nis-2.15.so
7f75977ac000-7f75979ac000 ---p 0000a000 08:02 16256553                   /lib/x86_64-linux-gnu/libnss_nis-2.15.so
7f75979ac000-7f75979ad000 r--p 0000a000 08:02 16256553                   /lib/x86_64-linux-gnu/libnss_nis-2.15.so
7f75979ad000-7f75979ae000 rw-p 0000b000 08:02 16256553                   /lib/x86_64-linux-gnu/libnss_nis-2.15.so
7f75979ae000-7f75979c5000 r-xp 00000000 08:02 16256543                   /lib/x86_64-linux-gnu/libnsl-2.15.so
7f75979c5000-7f7597bc4000 ---p 00017000 08:02 16256543                   /lib/x86_64-linux-gnu/libnsl-2.15.so
7f7597bc4000-7f7597bc5000 r--p 00016000 08:02 16256543                   /lib/x86_64-linux-gnu/libnsl-2.15.so
7f7597bc5000-7f7597bc6000 rw-p 00017000 08:02 16256543                   /lib/x86_64-linux-gnu/libnsl-2.15.so
7f7597bc6000-7f7597bc8000 rw-p 00000000 00:00 0 
7f7597bc8000-7f7597bd0000 r-xp 00000000 08:02 16256545                   /lib/x86_64-linux-gnu/libnss_compat-2.15.so
7f7597bd0000-7f7597dcf000 ---p 00008000 08:02 16256545                   /lib/x86_64-linux-gnu/libnss_compat-2.15.so
7f7597dcf000-7f7597dd0000 r--p 00007000 08:02 16256545                   /lib/x86_64-linux-gnu/libnss_compat-2.15.so
7f7597dd0000-7f7597dd1000 rw-p 00008000 08:02 16256545                   /lib/x86_64-linux-gnu/libnss_compat-2.15.so
7f7597dd1000-7f7597dfd000 r-xp 00000000 08:02 18747994                   /usr/lib/jvm/java-6-openjdk-amd64/jre/lib/amd64/libjava.so
7f7597dfd000-7f7597ffc000 ---p 0002c000 08:02 18747994                   /usr/lib/jvm/java-6-openjdk-amd64/jre/lib/amd64/libjava.so
7f7597ffc000-7f7597ffd000 r--p 0002b000 08:02 18747994                   /usr/lib/jvm/java-6-openjdk-amd64/jre/lib/amd64/libjava.so
7f7597ffd000-7f7598000000 rw-p 0002c000 08:02 18747994                   /usr/lib/jvm/java-6-openjdk-amd64/jre/lib/amd64/libjava.so
7f7598000000-7f7598d5b000 rw-p 00000000 00:00 0 
7f7598d5b000-7f759c000000 ---p 00000000 00:00 0 
7f759c001000-7f759c004000 r--s 0001a000 08:02 4721386                    /home/jam/.grails/ivy-cache/org.springframework.uaa/org.springframework.uaa.client/bundles/org.springframework.uaa.client-1.0.1.RELEASE.jar
7f759c004000-7f759c013000 r--s 000d9000 08:02 3933556                    /home/jam/Applications/grails-2.1.1/lib/org.apache.ivy/ivy/jars/ivy-2.2.0.jar
7f759c013000-7f759c015000 r--s 00009000 08:02 15730918                   /home/jam/Applications/grails-2.1.1/lib/commons-cli/commons-cli/jars/commons-cli-1.2.jar
7f759c015000-7f759c018000 r--s 000cf000 08:02 15997829                   /home/jam/Applications/grails-2.1.1/lib/net.java.dev.jna/jna/jars/jna-3.2.3.jar
7f759c018000-7f759c021000 r-xp 00000000 08:02 18747976                   /usr/lib/jvm/java-6-openjdk-amd64/jre/lib/amd64/libinstrument.so
7f759c021000-7f759c221000 ---p 00009000 08:02 18747976                   /usr/lib/jvm/java-6-openjdk-amd64/jre/lib/amd64/libinstrument.so
7f759c221000-7f759c222000 r--p 00009000 08:02 18747976                   /usr/lib/jvm/java-6-openjdk-amd64/jre/lib/amd64/libinstrument.so
7f759c222000-7f759c223000 rw-p 0000a000 08:02 18747976                   /usr/lib/jvm/java-6-openjdk-amd64/jre/lib/amd64/libinstrument.so
7f759c223000-7f759c231000 r-xp 00000000 08:02 18747993                   /usr/lib/jvm/java-6-openjdk-amd64/jre/lib/amd64/libverify.so
7f759c231000-7f759c430000 ---p 0000e000 08:02 18747993                   /usr/lib/jvm/java-6-openjdk-amd64/jre/lib/amd64/libverify.so
7f759c430000-7f759c432000 r--p 0000d000 08:02 18747993                   /usr/lib/jvm/java-6-openjdk-amd64/jre/lib/amd64/libverify.so
7f759c432000-7f759c433000 rw-p 0000f000 08:02 18747993                   /usr/lib/jvm/java-6-openjdk-amd64/jre/lib/amd64/libverify.so
7f759c433000-7f759c43a000 r-xp 00000000 08:02 16256584                   /lib/x86_64-linux-gnu/librt-2.15.so
7f759c43a000-7f759c639000 ---p 00007000 08:02 16256584                   /lib/x86_64-linux-gnu/librt-2.15.so
7f759c639000-7f759c63a000 r--p 00006000 08:02 16256584                   /lib/x86_64-linux-gnu/librt-2.15.so
7f759c63a000-7f759c63b000 rw-p 00007000 08:02 16256584                   /lib/x86_64-linux-gnu/librt-2.15.so
7f759c63b000-7f759c650000 r-xp 00000000 08:02 16256519                   /lib/x86_64-linux-gnu/libgcc_s.so.1
7f759c650000-7f759c84f000 ---p 00015000 08:02 16256519                   /lib/x86_64-linux-gnu/libgcc_s.so.1
7f759c84f000-7f759c850000 r--p 00014000 08:02 16256519                   /lib/x86_64-linux-gnu/libgcc_s.so.1
7f759c850000-7f759c851000 rw-p 00015000 08:02 16256519                   /lib/x86_64-linux-gnu/libgcc_s.so.1
7f759c851000-7f759c94a000 r-xp 00000000 08:02 16256530                   /lib/x86_64-linux-gnu/libm-2.15.so
7f759c94a000-7f759cb49000 ---p 000f9000 08:02 16256530                   /lib/x86_64-linux-gnu/libm-2.15.so
7f759cb49000-7f759cb4a000 r--p 000f8000 08:02 16256530                   /lib/x86_64-linux-gnu/libm-2.15.so
7f759cb4a000-7f759cb4b000 rw-p 000f9000 08:02 16256530                   /lib/x86_64-linux-gnu/libm-2.15.so
7f759cb4b000-7f759cc2d000 r-xp 00000000 08:02 16129397                   /usr/lib/x86_64-linux-gnu/libstdc++.so.6.0.16
7f759cc2d000-7f759ce2c000 ---p 000e2000 08:02 16129397                   /usr/lib/x86_64-linux-gnu/libstdc++.so.6.0.16
7f759ce2c000-7f759ce34000 r--p 000e1000 08:02 16129397                   /usr/lib/x86_64-linux-gnu/libstdc++.so.6.0.16
7f759ce34000-7f759ce36000 rw-p 000e9000 08:02 16129397                   /usr/lib/x86_64-linux-gnu/libstdc++.so.6.0.16
7f759ce36000-7f759ce4b000 rw-p 00000000 00:00 0 
7f759ce4b000-7f759d74f000 r-xp 00000000 08:02 18877146                   /usr/lib/jvm/java-6-openjdk-amd64/jre/lib/amd64/server/libjvm.so
7f759d74f000-7f759d94f000 ---p 00904000 08:02 18877146                   /usr/lib/jvm/java-6-openjdk-amd64/jre/lib/amd64/server/libjvm.so
7f759d94f000-7f759d9cf000 r--p 00904000 08:02 18877146                   /usr/lib/jvm/java-6-openjdk-amd64/jre/lib/amd64/server/libjvm.so
7f759d9cf000-7f759d9ea000 rw-p 00984000 08:02 18877146                   /usr/lib/jvm/java-6-openjdk-amd64/jre/lib/amd64/server/libjvm.so
7f759d9ea000-7f759da13000 rw-p 00000000 00:00 0 
7f759da13000-7f759da29000 r-xp 00000000 08:02 16256609                   /lib/x86_64-linux-gnu/libz.so.1.2.3.4
7f759da29000-7f759dc28000 ---p 00016000 08:02 16256609                   /lib/x86_64-linux-gnu/libz.so.1.2.3.4
7f759dc28000-7f759dc29000 r--p 00015000 08:02 16256609                   /lib/x86_64-linux-gnu/libz.so.1.2.3.4
7f759dc29000-7f759dc2a000 rw-p 00016000 08:02 16256609                   /lib/x86_64-linux-gnu/libz.so.1.2.3.4
7f759dc2a000-7f759dddd000 r-xp 00000000 08:02 16256498                   /lib/x86_64-linux-gnu/libc-2.15.so
7f759dddd000-7f759dfdc000 ---p 001b3000 08:02 16256498                   /lib/x86_64-linux-gnu/libc-2.15.so
7f759dfdc000-7f759dfe0000 r--p 001b2000 08:02 16256498                   /lib/x86_64-linux-gnu/libc-2.15.so
7f759dfe0000-7f759dfe2000 rw-p 001b6000 08:02 16256498                   /lib/x86_64-linux-gnu/libc-2.15.so
7f759dfe2000-7f759dfe7000 rw-p 00000000 00:00 0 
7f759dfe7000-7f759dfe9000 r-xp 00000000 08:02 16256511                   /lib/x86_64-linux-gnu/libdl-2.15.so
7f759dfe9000-7f759e1e9000 ---p 00002000 08:02 16256511                   /lib/x86_64-linux-gnu/libdl-2.15.so
7f759e1e9000-7f759e1ea000 r--p 00002000 08:02 16256511                   /lib/x86_64-linux-gnu/libdl-2.15.so
7f759e1ea000-7f759e1eb000 rw-p 00003000 08:02 16256511                   /lib/x86_64-linux-gnu/libdl-2.15.so
7f759e1eb000-7f759e1ef000 r-xp 00000000 08:02 18747978                   /usr/lib/jvm/java-6-openjdk-amd64/jre/lib/amd64/jli/libjli.so
7f759e1ef000-7f759e3ee000 ---p 00004000 08:02 18747978                   /usr/lib/jvm/java-6-openjdk-amd64/jre/lib/amd64/jli/libjli.so
7f759e3ee000-7f759e3ef000 r--p 00003000 08:02 18747978                   /usr/lib/jvm/java-6-openjdk-amd64/jre/lib/amd64/jli/libjli.so
7f759e3ef000-7f759e3f0000 rw-p 00004000 08:02 18747978                   /usr/lib/jvm/java-6-openjdk-amd64/jre/lib/amd64/jli/libjli.so
7f759e3f0000-7f759e408000 r-xp 00000000 08:02 16256578                   /lib/x86_64-linux-gnu/libpthread-2.15.so
7f759e408000-7f759e607000 ---p 00018000 08:02 16256578                   /lib/x86_64-linux-gnu/libpthread-2.15.so
7f759e607000-7f759e608000 r--p 00017000 08:02 16256578                   /lib/x86_64-linux-gnu/libpthread-2.15.so
7f759e608000-7f759e609000 rw-p 00018000 08:02 16256578                   /lib/x86_64-linux-gnu/libpthread-2.15.so
7f759e609000-7f759e60d000 rw-p 00000000 00:00 0 
7f759e60d000-7f759e62f000 r-xp 00000000 08:02 16256478                   /lib/x86_64-linux-gnu/ld-2.15.so
7f759e630000-7f759e637000 r--s 000fb000 08:02 18489889                   /usr/lib/jvm/java-6-openjdk-common/jre/lib/resources.jar
7f759e637000-7f759e63e000 r--s 00067000 08:02 15730908                   /home/jam/Applications/grails-2.1.1/lib/com.springsource.springloaded/springloaded-core/jars/springloaded-core-1.0.6.jar
7f759e63e000-7f759e647000 r--s 000a8000 08:02 15731003                   /home/jam/Applications/grails-2.1.1/dist/grails-bootstrap-2.1.1.jar
7f759e647000-7f759e66a000 rw-p 00000000 00:00 0 
7f759e66a000-7f759e707000 rw-p 00000000 00:00 0 
7f759e707000-7f759e70a000 ---p 00000000 00:00 0 
7f759e70a000-7f759e80d000 rw-p 00000000 00:00 0 
7f759e80d000-7f759e80f000 r--s 00008000 08:02 4587896                    /home/jam/Applications/grails-2.1.1/lib/org.fusesource.jansi/jansi/jars/jansi-1.2.1.jar
7f759e80f000-7f759e811000 r--s 00015000 08:02 15862296                   /home/jam/Applications/grails-2.1.1/lib/jline/jline/jars/jline-1.0.jar
7f759e811000-7f759e814000 r--s 0007d000 08:02 18489867                   /usr/lib/jvm/java-6-openjdk-common/jre/lib/jsse.jar
7f759e814000-7f759e818000 r--s 00038000 08:02 18489882                   /usr/lib/jvm/java-6-openjdk-common/jre/lib/ext/sunpkcs11.jar
7f759e818000-7f759e81b000 r--s 00031000 08:02 18489884                   /usr/lib/jvm/java-6-openjdk-common/jre/lib/ext/sunjce_provider.jar
7f759e81b000-7f759e81c000 r--s 00007000 08:02 16651090                   /usr/share/java/java-atk-wrapper.jar
7f759e81c000-7f759e81f000 r--s 00077000 08:02 18489883                   /usr/lib/jvm/java-6-openjdk-common/jre/lib/ext/localedata.jar
7f759e81f000-7f759e821000 r--s 00001000 08:02 18489885                   /usr/lib/jvm/java-6-openjdk-common/jre/lib/ext/dnsns.jar
7f759e821000-7f759e823000 r--s 0000f000 08:02 18489886                   /usr/lib/jvm/java-6-openjdk-common/jre/lib/ext/pulse-java.jar
7f759e823000-7f759e82b000 rw-s 00000000 08:02 8650897                    /tmp/hsperfdata_jam/15080
7f759e82b000-7f759e82c000 rw-p 00000000 00:00 0 
7f759e82c000-7f759e82d000 r--p 00000000 00:00 0 
7f759e82d000-7f759e82f000 rw-p 00000000 00:00 0 
7f759e82f000-7f759e830000 r--p 00022000 08:02 16256478                   /lib/x86_64-linux-gnu/ld-2.15.so
7f759e830000-7f759e832000 rw-p 00023000 08:02 16256478                   /lib/x86_64-linux-gnu/ld-2.15.so
7fff483f3000-7fff48414000 rw-p 00000000 00:00 0                          [stack]
7fff48440000-7fff48441000 r-xp 00000000 00:00 0                          [vdso]
ffffffffff600000-ffffffffff601000 r-xp 00000000 00:00 0                  [vsyscall]

VM Arguments:
jvm_args: -Xmx768M -Xms768M -XX:PermSize=256m -XX:MaxPermSize=256m -Dfile.encoding=UTF-8 -Dserver.port=8080 -Djline.WindowsTerminal.directConsole=false -javaagent:/home/jam/Applications/grails-2.1.1/lib/com.springsource.springloaded/springloaded-core/jars/springloaded-core-1.0.6.jar -Xverify:none -Dspringloaded=profile=grails;cacheDir=/home/jam/.grails/2.1.1/ -Dgrails.home=/home/jam/Applications/grails-2.1.1 -Dtools.jar=/usr/lib/jvm/default-java/lib/tools.jar 
java_command: org.codehaus.groovy.grails.cli.support.GrailsStarter --main org.codehaus.groovy.grails.cli.GrailsScriptRunner --conf /home/jam/Applications/grails-2.1.1/conf/groovy-starter.conf --classpath   run-app
Launcher Type: SUN_STANDARD

Environment Variables:
JAVA_HOME=/usr/lib/jvm/default-java
PATH=/usr/lib/lightdm/lightdm:/usr/local/sbin:/usr/local/bin:/usr/sbin:/usr/bin:/sbin:/bin:/usr/games
LD_LIBRARY_PATH=/usr/lib/jvm/java-6-openjdk-amd64/jre/lib/amd64/server:/usr/lib/jvm/java-6-openjdk-amd64/jre/lib/amd64:/usr/lib/jvm/java-6-openjdk-amd64/jre/../lib/amd64
SHELL=/bin/bash
DISPLAY=:0

Signal Handlers:
SIGSEGV: [libjvm.so+0x784310], sa_mask[0]=0x7ffbfeff, sa_flags=0x10000004
SIGBUS: [libjvm.so+0x784310], sa_mask[0]=0x7ffbfeff, sa_flags=0x10000004
SIGFPE: [libjvm.so+0x648580], sa_mask[0]=0x7ffbfeff, sa_flags=0x10000004
SIGPIPE: SIG_IGN, sa_mask[0]=0x00000000, sa_flags=0x00000000
SIGXFSZ: [libjvm.so+0x648580], sa_mask[0]=0x7ffbfeff, sa_flags=0x10000004
SIGILL: [libjvm.so+0x648580], sa_mask[0]=0x7ffbfeff, sa_flags=0x10000004
SIGUSR1: SIG_DFL, sa_mask[0]=0x00000000, sa_flags=0x00000000
SIGUSR2: [libjvm.so+0x648730], sa_mask[0]=0x00000004, sa_flags=0x10000004
SIGHUP: [libjvm.so+0x64b250], sa_mask[0]=0x7ffbfeff, sa_flags=0x10000004
SIGINT: SIG_IGN, sa_mask[0]=0x00000000, sa_flags=0x00000000
SIGTERM: [libjvm.so+0x64b250], sa_mask[0]=0x7ffbfeff, sa_flags=0x10000004
SIGQUIT: [libjvm.so+0x64b250], sa_mask[0]=0x7ffbfeff, sa_flags=0x10000004


---------------  S Y S T E M  ---------------

OS:Ubuntu 12.04 (precise)
uname:Linux 3.2.0-31-generic #50-Ubuntu SMP Fri Sep 7 16:16:45 UTC 2012 x86_64
libc:glibc 2.15 NPTL 2.15 
rlimit: STACK 8192k, CORE 0k, NPROC 59519, NOFILE 4096, AS infinity
load average:1.51 1.20 1.11

/proc/meminfo:
MemTotal:        7636272 kB
MemFree:          929880 kB
Buffers:          214080 kB
Cached:          2758328 kB
SwapCached:          540 kB
Active:          4254180 kB
Inactive:        1822368 kB
Active(anon):    2695880 kB
Inactive(anon):   416720 kB
Active(file):    1558300 kB
Inactive(file):  1405648 kB
Unevictable:          44 kB
Mlocked:              44 kB
SwapTotal:       7837776 kB
SwapFree:        7835252 kB
Dirty:               228 kB
Writeback:             0 kB
AnonPages:       3103672 kB
Mapped:           302252 kB
Shmem:              8472 kB
Slab:             210684 kB
SReclaimable:     171156 kB
SUnreclaim:        39528 kB
KernelStack:        5064 kB
PageTables:        52192 kB
NFS_Unstable:          0 kB
Bounce:                0 kB
WritebackTmp:          0 kB
CommitLimit:    11655912 kB
Committed_AS:    6609540 kB
VmallocTotal:   34359738367 kB
VmallocUsed:      135720 kB
VmallocChunk:   34359600352 kB
HardwareCorrupted:     0 kB
AnonHugePages:         0 kB
HugePages_Total:       0
HugePages_Free:        0
HugePages_Rsvd:        0
HugePages_Surp:        0
Hugepagesize:       2048 kB
DirectMap4k:      206848 kB
DirectMap2M:     3444736 kB
DirectMap1G:     4194304 kB


CPU:total 4 (4 cores per cpu, 1 threads per core) family 18 model 1 stepping 0, cmov, cx8, fxsr, mmx, sse, sse2, sse3, popcnt, mmxext, 3dnowpref, lzcnt, sse4a

Memory: 4k page, physical 7636272k(929880k free), swap 7837776k(7835252k free)

vm_info: OpenJDK 64-Bit Server VM (20.0-b12) for linux-amd64 JRE (1.6.0_24-b24), built on Sep  2 2012 19:50:47 by "buildd" with gcc 4.6.3

time: Sun Sep 23 11:01:37 2012
elapsed time: 692 seconds

