#
# A fatal error has been detected by the Java Runtime Environment:
#
#  SIGSEGV (0xb) at pc=0x00007f3e3942ab4f, pid=5629, tid=139905409099520
#
# JRE version: 6.0_24-b24
# Java VM: OpenJDK 64-Bit Server VM (20.0-b12 mixed mode linux-amd64 compressed oops)
# Derivative: IcedTea6 1.11.4
# Distribution: Ubuntu 12.04 LTS, package 6b24-1.11.4-1ubuntu0.12.04.1
# Problematic frame:
# J  org.springframework.util.AntPathMatcher.doMatch(Ljava/lang/String;Ljava/lang/String;ZLjava/util/Map;)Z
#
# If you would like to submit a bug report, please include
# instructions how to reproduce the bug and visit:
#   https://bugs.launchpad.net/ubuntu/+source/openjdk-6/
#

---------------  T H R E A D  ---------------

Current thread (0x00007f3e3c009800):  JavaThread "main" [_thread_in_Java, id=5642, stack(0x00007f3e44262000,0x00007f3e44363000)]

siginfo:si_signo=SIGSEGV: si_errno=0, si_code=1 (SEGV_MAPERR), si_addr=0xffffffffffffff8b

Registers:
RAX=0x00000000f7d922b8, RBX=0x00000000c000ef00, RCX=0x0000000000000000, RDX=0x0000000000000003
RSP=0x00007f3e443482f0, RBP=0x00000000f7d91ce0, RSI=0x00000000f7d91aa8, RDI=0x0000000000000014
R8 =0x000000000000000e, R9 =0x00000000f7d922f8, R10=0x0000000000000005, R11=0x00000000f7d92050
R12=0x0000000000000000, R13=0x00007f3e443482b0, R14=0x0000000000000004, R15=0x00007f3e3c009800
RIP=0x00007f3e3942ab4f, EFLAGS=0x0000000000010246, CSGSFS=0x0000000000000033, ERR=0x0000000000000005
  TRAPNO=0x000000000000000e

Top of Stack: (sp=0x00007f3e443482f0)
0x00007f3e443482f0:   ffffffffffffffff 00000000f7d90260
0x00007f3e44348300:   00000000f7d913e0 0000000b00000001
0x00007f3e44348310:   000000010000000b 0000000000000027
0x00007f3e44348320:   0000000000000020 000000000000000a
0x00007f3e44348330:   00000000fd926120 00000000f7d919e8
0x00007f3e44348340:   00000000f7d91c58 000000080000000a
0x00007f3e44348350:   00000000f7d922b8 00000000f7d91e80
0x00007f3e44348360:   f7d91aa800000010 00000000f7d91c98
0x00007f3e44348370:   0000000000000000 00000000f7d91e60
0x00007f3e44348380:   00000000f7d91e20 ffffffff00000000
0x00007f3e44348390:   00000000f7d913c0 00007f3e0000005a
0x00007f3e443483a0:   00000000f7d91dd0 00007f3e394b8ac0
0x00007f3e443483b0:   00007f3e00000003 00007f3e390059b3
0x00007f3e443483c0:   00007f3e44348440 00007f3e39005a82
0x00007f3e443483d0:   00007f3e39005a82 0000000000000000
0x00007f3e443483e0:   0000000000000001 00000000f7d913e0
0x00007f3e443483f0:   00000000f7d90260 00000000fd926120
0x00007f3e44348400:   00007f3e44348400 00000000c14acdfd
0x00007f3e44348410:   00007f3e44348460 00000000c14ae138
0x00007f3e44348420:   0000000000000000 00000000c14ace30
0x00007f3e44348430:   00007f3e443483d8 00007f3e44348450
0x00007f3e44348440:   00007f3e443484a8 00007f3e39005f5c
0x00007f3e44348450:   00000000f7d913e0 00000000f7d90260
0x00007f3e44348460:   00000000fd926120 00007f3e44348468
0x00007f3e44348470:   00000000c14a9b3c 00007f3e44348500
0x00007f3e44348480:   00000000c14aa070 0000000000000000
0x00007f3e44348490:   00000000c14a9bd8 00007f3e44348450
0x00007f3e443484a0:   00007f3e443484e8 00007f3e44348548
0x00007f3e443484b0:   00007f3e3900585a 00000000f7d913e0
0x00007f3e443484c0:   00000000f7d90898 0000000000000002
0x00007f3e443484d0:   0000000000000000 00000000f7d908b0
0x00007f3e443484e0:   00000000f7d90898 00000000f7d90370 

Instructions: (pc=0x00007f3e3942ab4f)
0x00007f3e3942ab2f:   54 24 60 41 c7 42 18 01 00 00 00 45 8b 52 30 45
0x00007f3e3942ab3f:   8b 5a 30 f2 0f 11 04 24 4c 8b 54 24 60 45 8b 52
0x00007f3e3942ab4f:   38 49 8b f3 4d 8b c2 48 8b 54 24 60 66 90 48 b8
0x00007f3e3942ab5f:   ff ff ff ff ff ff ff ff e8 b4 ce c0 ff 85 c0 0f 

Register to memory mapping:

RAX=0x00000000f7d922b8 is an oop
java.util.regex.Matcher 
 - klass: 'java/util/regex/Matcher'
RBX=0x00000000c000ef00 is an oop
{method} 
 - klass: {other class}
RCX=0x0000000000000000 is an unknown value
RDX=0x0000000000000003 is an unknown value
RSP=0x00007f3e443482f0 is pointing into the stack for thread: 0x00007f3e3c009800
RBP=0x00000000f7d91ce0 is an oop
[C 
 - klass: {type array char}
 - length: 16
RSI=0x00000000f7d91aa8 is an oop
java.lang.String 
 - klass: 'java/lang/String'
RDI=0x0000000000000014 is an unknown value
R8 =0x000000000000000e is an unknown value
R9 =0x00000000f7d922f8 is an oop
[I 
 - klass: {type array int}
 - length: 20
R10=0x0000000000000005 is an unknown value
R11=0x00000000f7d92050 is an oop
java.util.regex.Pattern$Slice 
 - klass: 'java/util/regex/Pattern$Slice'
R12=0x0000000000000000 is an unknown value
R13=0x00007f3e443482b0 is pointing into the stack for thread: 0x00007f3e3c009800
R14=0x0000000000000004 is an unknown value
R15=0x00007f3e3c009800 is a thread


Stack: [0x00007f3e44262000,0x00007f3e44363000],  sp=0x00007f3e443482f0,  free space=920k
Native frames: (J=compiled Java code, j=interpreted, Vv=VM code, C=native code)
J  org.springframework.util.AntPathMatcher.doMatch(Ljava/lang/String;Ljava/lang/String;ZLjava/util/Map;)Z


---------------  P R O C E S S  ---------------

Java Threads: ( => current thread )
  0x00007f3e3c478800 JavaThread "pool-4-thread-5" [_thread_blocked, id=5676, stack(0x00007f3e05155000,0x00007f3e05256000)]
  0x00007f3e3c477800 JavaThread "pool-4-thread-4" [_thread_blocked, id=5675, stack(0x00007f3e05256000,0x00007f3e05357000)]
  0x00007f3e3cb81800 JavaThread "pool-4-thread-3" [_thread_blocked, id=5674, stack(0x00007f3e05357000,0x00007f3e05458000)]
  0x00007f3e3c57e800 JavaThread "pool-4-thread-2" [_thread_blocked, id=5673, stack(0x00007f3e05559000,0x00007f3e0565a000)]
  0x00007f3e3cc39800 JavaThread "pool-4-thread-1" [_thread_blocked, id=5672, stack(0x00007f3e05458000,0x00007f3e05559000)]
  0x00007f3e3c61b800 JavaThread "pool-3-thread-5" [_thread_blocked, id=5670, stack(0x00007f3e0565a000,0x00007f3e0575b000)]
  0x00007f3e3cc2a000 JavaThread "pool-3-thread-4" [_thread_blocked, id=5669, stack(0x00007f3e0575b000,0x00007f3e0585c000)]
  0x00007f3e3c596000 JavaThread "pool-3-thread-3" [_thread_blocked, id=5668, stack(0x00007f3e0585c000,0x00007f3e0595d000)]
  0x00007f3e3cab5000 JavaThread "pool-3-thread-2" [_thread_blocked, id=5667, stack(0x00007f3e0595d000,0x00007f3e05a5e000)]
  0x00007f3e3c616000 JavaThread "pool-3-thread-1" [_thread_blocked, id=5666, stack(0x00007f3e05a5e000,0x00007f3e05b5f000)]
  0x00007f3e3c61e000 JavaThread "FileSystemWatcher: files=#46 cl=java.net.URLClassLoader@2eb80f1c" daemon [_thread_blocked, id=5665, stack(0x00007f3e05b5f000,0x00007f3e05c60000)]
  0x00007f3de8155000 JavaThread "Keep-Alive-Timer" daemon [_thread_blocked, id=5664, stack(0x00007f3e05c60000,0x00007f3e05d61000)]
  0x00007f3e3cc60000 JavaThread "pool-2-thread-1" [_thread_blocked, id=5663, stack(0x00007f3e06388000,0x00007f3e06489000)]
  0x00007f3e3cc47000 JavaThread "Synchronizer (Spring UAA/1.0.1)" daemon [_thread_blocked, id=5662, stack(0x00007f3e06489000,0x00007f3e0658a000)]
  0x00007f3e3c496800 JavaThread "Timer-0" daemon [_thread_blocked, id=5661, stack(0x00007f3e07ca8000,0x00007f3e07da9000)]
  0x00007f3e3c0e3800 JavaThread "Low Memory Detector" daemon [_thread_blocked, id=5653, stack(0x00007f3e3811e000,0x00007f3e3821f000)]
  0x00007f3e3c0e9000 JavaThread "C2 CompilerThread1" daemon [_thread_in_vm, id=5652, stack(0x00007f3e3821f000,0x00007f3e38320000)]
  0x00007f3e3c0ea800 JavaThread "C2 CompilerThread0" daemon [_thread_in_native, id=5651, stack(0x00007f3e38320000,0x00007f3e38421000)]
  0x00007f3e3c08c000 JavaThread "Signal Dispatcher" daemon [_thread_blocked, id=5650, stack(0x00007f3e38421000,0x00007f3e38522000)]
  0x00007f3e3c079800 JavaThread "Finalizer" daemon [_thread_blocked, id=5649, stack(0x00007f3e38cfd000,0x00007f3e38dfe000)]
  0x00007f3e3c077800 JavaThread "Reference Handler" daemon [_thread_blocked, id=5648, stack(0x00007f3e38dfe000,0x00007f3e38eff000)]
=>0x00007f3e3c009800 JavaThread "main" [_thread_in_Java, id=5642, stack(0x00007f3e44262000,0x00007f3e44363000)]

Other Threads:
  0x00007f3e3c071000 VMThread [stack: 0x00007f3e38eff000,0x00007f3e39000000] [id=5647]
  0x00007f3e3c0f5800 WatcherThread [stack: 0x00007f3e3801d000,0x00007f3e3811e000] [id=5654]

VM state:not at safepoint (normal execution)

VM Mutex/Monitor currently owned by a thread: None

Heap
 PSYoungGen      total 218048K, used 139730K [0x00000000f0000000, 0x0000000100000000, 0x0000000100000000)
  eden space 172736K, 74% used [0x00000000f0000000,0x00000000f7d93dd0,0x00000000fa8b0000)
  from space 45312K, 24% used [0x00000000fd3c0000,0x00000000fdea0ae0,0x0000000100000000)
  to   space 44096K, 0% used [0x00000000fa8b0000,0x00000000fa8b0000,0x00000000fd3c0000)
 PSOldGen        total 524288K, used 53105K [0x00000000d0000000, 0x00000000f0000000, 0x00000000f0000000)
  object space 524288K, 10% used [0x00000000d0000000,0x00000000d33dc548,0x00000000f0000000)
 PSPermGen       total 262144K, used 41506K [0x00000000c0000000, 0x00000000d0000000, 0x00000000d0000000)
  object space 262144K, 15% used [0x00000000c0000000,0x00000000c28889b8,0x00000000d0000000)

Code Cache  [0x00007f3e39000000, 0x00007f3e39540000, 0x00007f3e3c000000)
 total_blobs=1508 nmethods=948 adapters=513 free_code_cache=44951680 largest_free_block=35200

Dynamic libraries:
00400000-00409000 r-xp 00000000 08:02 397963                             /usr/lib/jvm/java-6-openjdk-amd64/jre/bin/java
00608000-00609000 r--p 00008000 08:02 397963                             /usr/lib/jvm/java-6-openjdk-amd64/jre/bin/java
00609000-0060a000 rw-p 00009000 08:02 397963                             /usr/lib/jvm/java-6-openjdk-amd64/jre/bin/java
00a35000-00a56000 rw-p 00000000 00:00 0                                  [heap]
c0000000-100000000 rw-p 00000000 00:00 0 
7f3db8000000-7f3db8021000 rw-p 00000000 00:00 0 
7f3db8021000-7f3dbc000000 ---p 00000000 00:00 0 
7f3dc0000000-7f3dc0021000 rw-p 00000000 00:00 0 
7f3dc0021000-7f3dc4000000 ---p 00000000 00:00 0 
7f3dc4000000-7f3dc4021000 rw-p 00000000 00:00 0 
7f3dc4021000-7f3dc8000000 ---p 00000000 00:00 0 
7f3dc8000000-7f3dc8021000 rw-p 00000000 00:00 0 
7f3dc8021000-7f3dcc000000 ---p 00000000 00:00 0 
7f3dcc000000-7f3dcc021000 rw-p 00000000 00:00 0 
7f3dcc021000-7f3dd0000000 ---p 00000000 00:00 0 
7f3dd0000000-7f3dd0021000 rw-p 00000000 00:00 0 
7f3dd0021000-7f3dd4000000 ---p 00000000 00:00 0 
7f3dd4000000-7f3dd4021000 rw-p 00000000 00:00 0 
7f3dd4021000-7f3dd8000000 ---p 00000000 00:00 0 
7f3dd8000000-7f3dd8021000 rw-p 00000000 00:00 0 
7f3dd8021000-7f3ddc000000 ---p 00000000 00:00 0 
7f3ddc000000-7f3ddc021000 rw-p 00000000 00:00 0 
7f3ddc021000-7f3de0000000 ---p 00000000 00:00 0 
7f3de0000000-7f3de0021000 rw-p 00000000 00:00 0 
7f3de0021000-7f3de4000000 ---p 00000000 00:00 0 
7f3de4000000-7f3de4021000 rw-p 00000000 00:00 0 
7f3de4021000-7f3de8000000 ---p 00000000 00:00 0 
7f3de8000000-7f3de8258000 rw-p 00000000 00:00 0 
7f3de8258000-7f3dec000000 ---p 00000000 00:00 0 
7f3dec000000-7f3dec021000 rw-p 00000000 00:00 0 
7f3dec021000-7f3df0000000 ---p 00000000 00:00 0 
7f3df0000000-7f3df0be3000 rw-p 00000000 00:00 0 
7f3df0be3000-7f3df4000000 ---p 00000000 00:00 0 
7f3df7dee000-7f3df7dfc000 r-xp 00000000 08:02 18747997                   /usr/lib/jvm/java-6-openjdk-amd64/jre/lib/amd64/libj2pkcs11.so
7f3df7dfc000-7f3df7ffc000 ---p 0000e000 08:02 18747997                   /usr/lib/jvm/java-6-openjdk-amd64/jre/lib/amd64/libj2pkcs11.so
7f3df7ffc000-7f3df7ffd000 r--p 0000e000 08:02 18747997                   /usr/lib/jvm/java-6-openjdk-amd64/jre/lib/amd64/libj2pkcs11.so
7f3df7ffd000-7f3df7ffe000 rw-p 0000f000 08:02 18747997                   /usr/lib/jvm/java-6-openjdk-amd64/jre/lib/amd64/libj2pkcs11.so
7f3df7ffe000-7f3df8000000 r--s 00013000 08:02 18489868                   /usr/lib/jvm/java-6-openjdk-common/jre/lib/jce.jar
7f3df8000000-7f3df9045000 rw-p 00000000 00:00 0 
7f3df9045000-7f3dfc000000 ---p 00000000 00:00 0 
7f3dfc000000-7f3dfc021000 rw-p 00000000 00:00 0 
7f3dfc021000-7f3e00000000 ---p 00000000 00:00 0 
7f3e00000000-7f3e00021000 rw-p 00000000 00:00 0 
7f3e00021000-7f3e04000000 ---p 00000000 00:00 0 
7f3e05155000-7f3e05158000 ---p 00000000 00:00 0 
7f3e05158000-7f3e05256000 rw-p 00000000 00:00 0 
7f3e05256000-7f3e05259000 ---p 00000000 00:00 0 
7f3e05259000-7f3e05357000 rw-p 00000000 00:00 0 
7f3e05357000-7f3e0535a000 ---p 00000000 00:00 0 
7f3e0535a000-7f3e05458000 rw-p 00000000 00:00 0 
7f3e05458000-7f3e0545b000 ---p 00000000 00:00 0 
7f3e0545b000-7f3e05559000 rw-p 00000000 00:00 0 
7f3e05559000-7f3e0555c000 ---p 00000000 00:00 0 
7f3e0555c000-7f3e0565a000 rw-p 00000000 00:00 0 
7f3e0565a000-7f3e0565d000 ---p 00000000 00:00 0 
7f3e0565d000-7f3e0575b000 rw-p 00000000 00:00 0 
7f3e0575b000-7f3e0575e000 ---p 00000000 00:00 0 
7f3e0575e000-7f3e0585c000 rw-p 00000000 00:00 0 
7f3e0585c000-7f3e0585f000 ---p 00000000 00:00 0 
7f3e0585f000-7f3e0595d000 rw-p 00000000 00:00 0 
7f3e0595d000-7f3e05960000 ---p 00000000 00:00 0 
7f3e05960000-7f3e05a5e000 rw-p 00000000 00:00 0 
7f3e05a5e000-7f3e05a61000 ---p 00000000 00:00 0 
7f3e05a61000-7f3e05b5f000 rw-p 00000000 00:00 0 
7f3e05b5f000-7f3e05b62000 ---p 00000000 00:00 0 
7f3e05b62000-7f3e05c60000 rw-p 00000000 00:00 0 
7f3e05c60000-7f3e05c63000 ---p 00000000 00:00 0 
7f3e05c63000-7f3e05d61000 rw-p 00000000 00:00 0 
7f3e05d61000-7f3e05d79000 r-xp 00000000 08:02 16256582                   /lib/x86_64-linux-gnu/libresolv-2.15.so
7f3e05d79000-7f3e05f79000 ---p 00018000 08:02 16256582                   /lib/x86_64-linux-gnu/libresolv-2.15.so
7f3e05f79000-7f3e05f7a000 r--p 00018000 08:02 16256582                   /lib/x86_64-linux-gnu/libresolv-2.15.so
7f3e05f7a000-7f3e05f7b000 rw-p 00019000 08:02 16256582                   /lib/x86_64-linux-gnu/libresolv-2.15.so
7f3e05f7b000-7f3e05f7d000 rw-p 00000000 00:00 0 
7f3e05f7d000-7f3e05f84000 r-xp 00000000 08:02 16256547                   /lib/x86_64-linux-gnu/libnss_dns-2.15.so
7f3e05f84000-7f3e06183000 ---p 00007000 08:02 16256547                   /lib/x86_64-linux-gnu/libnss_dns-2.15.so
7f3e06183000-7f3e06184000 r--p 00006000 08:02 16256547                   /lib/x86_64-linux-gnu/libnss_dns-2.15.so
7f3e06184000-7f3e06185000 rw-p 00007000 08:02 16256547                   /lib/x86_64-linux-gnu/libnss_dns-2.15.so
7f3e06185000-7f3e06187000 r-xp 00000000 08:02 16252982                   /lib/libnss_mdns4_minimal.so.2
7f3e06187000-7f3e06386000 ---p 00002000 08:02 16252982                   /lib/libnss_mdns4_minimal.so.2
7f3e06386000-7f3e06387000 r--p 00001000 08:02 16252982                   /lib/libnss_mdns4_minimal.so.2
7f3e06387000-7f3e06388000 rw-p 00002000 08:02 16252982                   /lib/libnss_mdns4_minimal.so.2
7f3e06388000-7f3e0638b000 ---p 00000000 00:00 0 
7f3e0638b000-7f3e06489000 rw-p 00000000 00:00 0 
7f3e06489000-7f3e0648c000 ---p 00000000 00:00 0 
7f3e0648c000-7f3e0658a000 rw-p 00000000 00:00 0 
7f3e0658a000-7f3e065e7000 r-xp 00000000 08:02 16651114                   /usr/lib/x86_64-linux-gnu/nss/libfreebl3.so
7f3e065e7000-7f3e067e6000 ---p 0005d000 08:02 16651114                   /usr/lib/x86_64-linux-gnu/nss/libfreebl3.so
7f3e067e6000-7f3e067e8000 r--p 0005c000 08:02 16651114                   /usr/lib/x86_64-linux-gnu/nss/libfreebl3.so
7f3e067e8000-7f3e067e9000 rw-p 0005e000 08:02 16651114                   /usr/lib/x86_64-linux-gnu/nss/libfreebl3.so
7f3e067e9000-7f3e067ed000 rw-p 00000000 00:00 0 
7f3e067ed000-7f3e0688b000 r-xp 00000000 08:02 16131587                   /usr/lib/x86_64-linux-gnu/libsqlite3.so.0.8.6
7f3e0688b000-7f3e06a8b000 ---p 0009e000 08:02 16131587                   /usr/lib/x86_64-linux-gnu/libsqlite3.so.0.8.6
7f3e06a8b000-7f3e06a8d000 r--p 0009e000 08:02 16131587                   /usr/lib/x86_64-linux-gnu/libsqlite3.so.0.8.6
7f3e06a8d000-7f3e06a8f000 rw-p 000a0000 08:02 16131587                   /usr/lib/x86_64-linux-gnu/libsqlite3.so.0.8.6
7f3e06a8f000-7f3e06a90000 rw-p 00000000 00:00 0 
7f3e06a90000-7f3e06ac9000 r-xp 00000000 08:02 16651117                   /usr/lib/x86_64-linux-gnu/nss/libsoftokn3.so
7f3e06ac9000-7f3e06cc8000 ---p 00039000 08:02 16651117                   /usr/lib/x86_64-linux-gnu/nss/libsoftokn3.so
7f3e06cc8000-7f3e06cca000 r--p 00038000 08:02 16651117                   /usr/lib/x86_64-linux-gnu/nss/libsoftokn3.so
7f3e06cca000-7f3e06ccb000 rw-p 0003a000 08:02 16651117                   /usr/lib/x86_64-linux-gnu/nss/libsoftokn3.so
7f3e06ccb000-7f3e06d05000 r-xp 00000000 08:02 16127779                   /usr/lib/x86_64-linux-gnu/libnspr4.so
7f3e06d05000-7f3e06f04000 ---p 0003a000 08:02 16127779                   /usr/lib/x86_64-linux-gnu/libnspr4.so
7f3e06f04000-7f3e06f05000 r--p 00039000 08:02 16127779                   /usr/lib/x86_64-linux-gnu/libnspr4.so
7f3e06f05000-7f3e06f07000 rw-p 0003a000 08:02 16127779                   /usr/lib/x86_64-linux-gnu/libnspr4.so
7f3e06f07000-7f3e06f09000 rw-p 00000000 00:00 0 
7f3e06f09000-7f3e06f0c000 r-xp 00000000 08:02 16127775                   /usr/lib/x86_64-linux-gnu/libplds4.so
7f3e06f0c000-7f3e0710b000 ---p 00003000 08:02 16127775                   /usr/lib/x86_64-linux-gnu/libplds4.so
7f3e0710b000-7f3e0710c000 r--p 00002000 08:02 16127775                   /usr/lib/x86_64-linux-gnu/libplds4.so
7f3e0710c000-7f3e0710d000 rw-p 00003000 08:02 16127775                   /usr/lib/x86_64-linux-gnu/libplds4.so
7f3e0710d000-7f3e07111000 r-xp 00000000 08:02 16127777                   /usr/lib/x86_64-linux-gnu/libplc4.so
7f3e07111000-7f3e07310000 ---p 00004000 08:02 16127777                   /usr/lib/x86_64-linux-gnu/libplc4.so
7f3e07310000-7f3e07311000 r--p 00003000 08:02 16127777                   /usr/lib/x86_64-linux-gnu/libplc4.so
7f3e07311000-7f3e07312000 rw-p 00004000 08:02 16127777                   /usr/lib/x86_64-linux-gnu/libplc4.so
7f3e07312000-7f3e0732e000 r-xp 00000000 08:02 16123808                   /usr/lib/x86_64-linux-gnu/libnssutil3.so
7f3e0732e000-7f3e0752e000 ---p 0001c000 08:02 16123808                   /usr/lib/x86_64-linux-gnu/libnssutil3.so
7f3e0752e000-7f3e07534000 r--p 0001c000 08:02 16123808                   /usr/lib/x86_64-linux-gnu/libnssutil3.so
7f3e07534000-7f3e07535000 rw-p 00022000 08:02 16123808                   /usr/lib/x86_64-linux-gnu/libnssutil3.so
7f3e07535000-7f3e07633000 r-xp 00000000 08:02 16122488                   /usr/lib/x86_64-linux-gnu/libnss3.so
7f3e07633000-7f3e07832000 ---p 000fe000 08:02 16122488                   /usr/lib/x86_64-linux-gnu/libnss3.so
7f3e07832000-7f3e07837000 r--p 000fd000 08:02 16122488                   /usr/lib/x86_64-linux-gnu/libnss3.so
7f3e07837000-7f3e07839000 rw-p 00102000 08:02 16122488                   /usr/lib/x86_64-linux-gnu/libnss3.so
7f3e07839000-7f3e0783b000 rw-p 00000000 00:00 0 
7f3e07869000-7f3e0786d000 r--s 0002f000 08:02 4722137                    /home/jam/.grails/ivy-cache/org.grails/grails-test/jars/grails-test-2.1.1.jar
7f3e0786d000-7f3e07873000 r--s 0006c000 08:02 4722135                    /home/jam/.grails/ivy-cache/org.grails/grails-plugin-testing/jars/grails-plugin-testing-2.1.1.jar
7f3e07873000-7f3e07874000 r--s 00002000 08:02 5636284                    /home/jam/.grails/ivy-cache/org.hibernate/hibernate-ehcache/jars/hibernate-ehcache-3.6.10.Final.jar
7f3e07874000-7f3e07879000 r--s 00048000 08:02 5636282                    /home/jam/.grails/ivy-cache/dom4j/dom4j/jars/dom4j-1.6.1.jar
7f3e07879000-7f3e0787e000 r--s 00068000 08:02 5636280                    /home/jam/.grails/ivy-cache/antlr/antlr/jars/antlr-2.7.7.jar
7f3e0787e000-7f3e07887000 r--s 00098000 08:02 5636278                    /home/jam/.grails/ivy-cache/org.javassist/javassist/jars/javassist-3.16.1-GA.jar
7f3e07887000-7f3e0788a000 r--s 00009000 08:02 5636286                    /home/jam/.grails/ivy-cache/javax.validation/validation-api/jars/validation-api-1.0.0.GA.jar
7f3e0788a000-7f3e07891000 r--s 00040000 08:02 5636276                    /home/jam/.grails/ivy-cache/org.hibernate/hibernate-validator/jars/hibernate-validator-4.1.0.Final.jar
7f3e07891000-7f3e07894000 r--s 0000f000 08:02 5636274                    /home/jam/.grails/ivy-cache/org.hibernate/hibernate-commons-annotations/jars/hibernate-commons-annotations-3.2.0.Final.jar
7f3e07894000-7f3e078c6000 r--s 002c9000 08:02 5636272                    /home/jam/.grails/ivy-cache/org.hibernate/hibernate-core/jars/hibernate-core-3.6.10.Final.jar
7f3e078c6000-7f3e078d7000 r--s 000d2000 08:02 5636617                    /home/jam/.grails/ivy-cache/org.liquibase/liquibase-core/jars/liquibase-core-2.0.5.jar
7f3e078d7000-7f3e078de000 r--s 000bd000 08:02 4722926                    /home/jam/.grails/ivy-cache/mysql/mysql-connector-java/jars/mysql-connector-java-5.1.20.jar
7f3e078de000-7f3e078e0000 r--s 00000000 08:02 4722133                    /home/jam/.grails/ivy-cache/org.slf4j/jul-to-slf4j/jars/jul-to-slf4j-1.6.2.jar
7f3e078e0000-7f3e078e2000 r--s 00003000 08:02 4722131                    /home/jam/.grails/ivy-cache/org.slf4j/jcl-over-slf4j/jars/jcl-over-slf4j-1.6.2.jar
7f3e078e2000-7f3e078eb000 r--s 0006d000 08:02 4722129                    /home/jam/.grails/ivy-cache/log4j/log4j/bundles/log4j-1.2.16.jar
7f3e078eb000-7f3e07900000 r--s 000e3000 08:02 4722127                    /home/jam/.grails/ivy-cache/net.sf.ehcache/ehcache-core/jars/ehcache-core-2.4.6.jar
7f3e07900000-7f3e07902000 r--s 00005000 08:02 4722125                    /home/jam/.grails/ivy-cache/xpp3/xpp3_min/jars/xpp3_min-1.1.4c.jar
7f3e07902000-7f3e07904000 r--s 00004000 08:02 4722123                    /home/jam/.grails/ivy-cache/javax.servlet/jstl/jars/jstl-1.1.2.jar
7f3e07904000-7f3e0790e000 r--s 0012c000 08:02 4722121                    /home/jam/.grails/ivy-cache/com.h2database/h2/jars/h2-1.3.164.jar
7f3e0790e000-7f3e07911000 r--s 00016000 08:02 4722119                    /home/jam/.grails/ivy-cache/commons-pool/commons-pool/jars/commons-pool-1.5.6.jar
7f3e07911000-7f3e07914000 r--s 00025000 08:02 4722117                    /home/jam/.grails/ivy-cache/commons-dbcp/commons-dbcp/jars/commons-dbcp-1.4.jar
7f3e07914000-7f3e07916000 r--s 0000e000 08:02 4722115                    /home/jam/.grails/ivy-cache/oro/oro/jars/oro-2.0.8.jar
7f3e07916000-7f3e07918000 r--s 0000d000 08:02 4722113                    /home/jam/.grails/ivy-cache/commons-fileupload/commons-fileupload/jars/commons-fileupload-1.2.2.jar
7f3e07918000-7f3e07919000 r--s 0000a000 08:02 4722111                    /home/jam/.grails/ivy-cache/asm/asm/jars/asm-3.1.jar
7f3e07919000-7f3e07920000 r--s 0003e000 08:02 4722109                    /home/jam/.grails/ivy-cache/cglib/cglib/jars/cglib-2.2.jar
7f3e07920000-7f3e07924000 r--s 00019000 08:02 4722107                    /home/jam/.grails/ivy-cache/org.aspectj/aspectjrt/jars/aspectjrt-1.6.10.jar
7f3e07924000-7f3e0793a000 r--s 00184000 08:02 4722105                    /home/jam/.grails/ivy-cache/org.aspectj/aspectjweaver/jars/aspectjweaver-1.6.10.jar
7f3e0793a000-7f3e07941000 r--s 00056000 08:02 4722103                    /home/jam/.grails/ivy-cache/org.grails/grails-datastore-simple/jars/grails-datastore-simple-1.1.0.RELEASE.jar
7f3e07941000-7f3e0794a000 r--s 00044000 08:02 4722101                    /home/jam/.grails/ivy-cache/org.grails/grails-datastore-core/jars/grails-datastore-core-1.1.0.RELEASE.jar
7f3e0794a000-7f3e0794f000 r--s 0004c000 08:02 4722099                    /home/jam/.grails/ivy-cache/org.grails/grails-datastore-gorm/jars/grails-datastore-gorm-1.1.0.RELEASE.jar
7f3e0794f000-7f3e0795a000 r--s 00082000 08:02 4722097                    /home/jam/.grails/ivy-cache/org.springframework/spring-webmvc/jars/spring-webmvc-3.1.2.RELEASE.jar
7f3e0795a000-7f3e07966000 r--s 0007a000 08:02 4722095                    /home/jam/.grails/ivy-cache/org.springframework/spring-web/jars/spring-web-3.1.2.RELEASE.jar
7f3e07966000-7f3e0796d000 r--s 00035000 08:02 4722093                    /home/jam/.grails/ivy-cache/org.springframework/spring-tx/jars/spring-tx-3.1.2.RELEASE.jar
7f3e0796d000-7f3e07976000 r--s 00054000 08:02 4722091                    /home/jam/.grails/ivy-cache/org.springframework/spring-orm/jars/spring-orm-3.1.2.RELEASE.jar
7f3e07976000-7f3e0797b000 r--s 0002c000 08:02 4722089                    /home/jam/.grails/ivy-cache/org.springframework/spring-jms/jars/spring-jms-3.1.2.RELEASE.jar
7f3e0797b000-7f3e07985000 r--s 00059000 08:02 4722087                    /home/jam/.grails/ivy-cache/org.springframework/spring-jdbc/jars/spring-jdbc-3.1.2.RELEASE.jar
7f3e07985000-7f3e07989000 r--s 00027000 08:02 4722085                    /home/jam/.grails/ivy-cache/org.springframework/spring-expression/jars/spring-expression-3.1.2.RELEASE.jar
7f3e07989000-7f3e0798c000 r--s 00018000 08:02 4722083                    /home/jam/.grails/ivy-cache/org.springframework/spring-context-support/jars/spring-context-support-3.1.2.RELEASE.jar
7f3e0798c000-7f3e079a1000 r--s 000b7000 08:02 4722081                    /home/jam/.grails/ivy-cache/org.springframework/spring-context/jars/spring-context-3.1.2.RELEASE.jar
7f3e079a1000-7f3e079ad000 r--s 00085000 08:02 4722079                    /home/jam/.grails/ivy-cache/org.springframework/spring-beans/jars/spring-beans-3.1.2.RELEASE.jar
7f3e079ad000-7f3e079ae000 r--s 0000c000 08:02 4722077                    /home/jam/.grails/ivy-cache/org.springframework/spring-asm/jars/spring-asm-3.1.2.RELEASE.jar
7f3e079ae000-7f3e079b0000 r--s 0000b000 08:02 4722075                    /home/jam/.grails/ivy-cache/org.springframework/spring-aspects/jars/spring-aspects-3.1.2.RELEASE.jar
7f3e079b0000-7f3e079b9000 r--s 00049000 08:02 4722073                    /home/jam/.grails/ivy-cache/org.springframework/spring-aop/jars/spring-aop-3.1.2.RELEASE.jar
7f3e079b9000-7f3e079c3000 r--s 00064000 08:02 4722071                    /home/jam/.grails/ivy-cache/org.springframework/spring-core/jars/spring-core-3.1.2.RELEASE.jar
7f3e079c3000-7f3e079c5000 r--s 00008000 08:02 4722069                    /home/jam/.grails/ivy-cache/org.grails/grails-plugin-validation/jars/grails-plugin-validation-2.1.1.jar
7f3e079c5000-7f3e079c8000 r--s 0001c000 08:02 4722067                    /home/jam/.grails/ivy-cache/org.grails/grails-plugin-url-mappings/jars/grails-plugin-url-mappings-2.1.1.jar
7f3e079c8000-7f3e079ca000 r--s 0000f000 08:02 4722065                    /home/jam/.grails/ivy-cache/org.grails/grails-plugin-mimetypes/jars/grails-plugin-mimetypes-2.1.1.jar
7f3e079ca000-7f3e079cc000 r--s 00005000 08:02 4722063                    /home/jam/.grails/ivy-cache/org.grails/grails-plugin-servlets/jars/grails-plugin-servlets-2.1.1.jar
7f3e079cc000-7f3e079cd000 r--s 00008000 08:02 4722061                    /home/jam/.grails/ivy-cache/org.grails/grails-plugin-services/jars/grails-plugin-services-2.1.1.jar
7f3e079cd000-7f3e079cf000 r--s 00006000 08:02 4722059                    /home/jam/.grails/ivy-cache/org.grails/grails-plugin-scaffolding/jars/grails-plugin-scaffolding-2.1.1.jar
7f3e079cf000-7f3e079d1000 r--s 0000e000 08:02 4722057                    /home/jam/.grails/ivy-cache/org.grails/grails-plugin-log4j/jars/grails-plugin-log4j-2.1.1.jar
7f3e079d1000-7f3e079d3000 r--s 00005000 08:02 4722055                    /home/jam/.grails/ivy-cache/org.grails/grails-plugin-i18n/jars/grails-plugin-i18n-2.1.1.jar
7f3e079d3000-7f3e079da000 r--s 0006d000 08:02 4722053                    /home/jam/.grails/ivy-cache/org.grails/grails-plugin-gsp/jars/grails-plugin-gsp-2.1.1.jar
7f3e079da000-7f3e079dc000 r--s 0000e000 08:02 4722051                    /home/jam/.grails/ivy-cache/org.grails/grails-plugin-filters/jars/grails-plugin-filters-2.1.1.jar
7f3e079dc000-7f3e079de000 r--s 00009000 08:02 4722049                    /home/jam/.grails/ivy-cache/org.grails/grails-plugin-datasource/jars/grails-plugin-datasource-2.1.1.jar
7f3e079de000-7f3e079e2000 r--s 00024000 08:02 4722047                    /home/jam/.grails/ivy-cache/org.grails/grails-plugin-converters/jars/grails-plugin-converters-2.1.1.jar
7f3e079e2000-7f3e079e5000 r--s 00019000 08:02 4722045                    /home/jam/.grails/ivy-cache/org.grails/grails-plugin-domain-class/jars/grails-plugin-domain-class-2.1.1.jar
7f3e079e5000-7f3e079e9000 r--s 00028000 08:02 4722043                    /home/jam/.grails/ivy-cache/org.grails/grails-plugin-controllers/jars/grails-plugin-controllers-2.1.1.jar
7f3e079e9000-7f3e079eb000 r--s 00009000 08:02 4722037                    /home/jam/.grails/ivy-cache/org.grails/grails-spring/jars/grails-spring-2.1.1.jar
7f3e079eb000-7f3e079f5000 r--s 0008a000 08:02 4722035                    /home/jam/.grails/ivy-cache/org.grails/grails-hibernate/jars/grails-hibernate-2.1.1.jar
7f3e079f5000-7f3e079f7000 r--s 00009000 08:02 4722033                    /home/jam/.grails/ivy-cache/org.grails/grails-crud/jars/grails-crud-2.1.1.jar
7f3e079f7000-7f3e079fd000 r--s 00027000 08:02 4722031                    /home/jam/.grails/ivy-cache/opensymphony/sitemesh/jars/sitemesh-2.4.jar
7f3e079fd000-7f3e07a02000 r--s 00041000 08:02 4722025                    /home/jam/.grails/ivy-cache/commons-lang/commons-lang/jars/commons-lang-2.6.jar
7f3e07a02000-7f3e07a05000 r--s 00025000 08:02 4722023                    /home/jam/.grails/ivy-cache/commons-io/commons-io/jars/commons-io-2.1.jar
7f3e07a05000-7f3e07a13000 r--s 0007f000 08:02 4722021                    /home/jam/.grails/ivy-cache/commons-collections/commons-collections/jars/commons-collections-3.2.1.jar
7f3e07a13000-7f3e07a15000 r--s 00010000 08:02 4722019                    /home/jam/.grails/ivy-cache/commons-codec/commons-codec/jars/commons-codec-1.5.jar
7f3e07a15000-7f3e07a17000 r--s 00000000 08:02 4722017                    /home/jam/.grails/ivy-cache/aopalliance/aopalliance/jars/aopalliance-1.0.jar
7f3e07a17000-7f3e07a1a000 r--s 0001f000 08:02 4722015                    /home/jam/.grails/ivy-cache/commons-validator/commons-validator/jars/commons-validator-1.3.1.jar
7f3e07a1a000-7f3e07a1d000 r--s 00019000 08:02 4722013                    /home/jam/.grails/ivy-cache/commons-el/commons-el/jars/commons-el-1.0.jar
7f3e07a1d000-7f3e07a22000 r--s 00034000 08:02 4722011                    /home/jam/.grails/ivy-cache/commons-beanutils/commons-beanutils/jars/commons-beanutils-1.8.3.jar
7f3e07a22000-7f3e07a80000 r--s 00592000 08:02 4722009                    /home/jam/.grails/ivy-cache/org.codehaus.groovy/groovy-all/jars/groovy-all-1.8.8.jar
7f3e07a80000-7f3e07a82000 r--s 0000d000 08:02 5508471                    /home/jam/.grails/ivy-cache/org.grails/grails-plugin-tomcat/jars/grails-plugin-tomcat-2.1.1.jar
7f3e07a82000-7f3e07a92000 r--s 0019c000 08:02 5508469                    /home/jam/.grails/ivy-cache/org.eclipse.jdt.core.compiler/ecj/jars/ecj-3.7.2.jar
7f3e07a92000-7f3e07aa7000 r-xp 00000000 08:02 18747986                   /usr/lib/jvm/java-6-openjdk-amd64/jre/lib/amd64/libnet.so
7f3e07aa7000-7f3e07ca6000 ---p 00015000 08:02 18747986                   /usr/lib/jvm/java-6-openjdk-amd64/jre/lib/amd64/libnet.so
7f3e07ca6000-7f3e07ca7000 r--p 00014000 08:02 18747986                   /usr/lib/jvm/java-6-openjdk-amd64/jre/lib/amd64/libnet.so
7f3e07ca7000-7f3e07ca8000 rw-p 00015000 08:02 18747986                   /usr/lib/jvm/java-6-openjdk-amd64/jre/lib/amd64/libnet.so
7f3e07ca8000-7f3e07cab000 ---p 00000000 00:00 0 
7f3e07cab000-7f3e07da9000 rw-p 00000000 00:00 0 
7f3e07da9000-7f3e07dab000 r--s 00015000 08:02 4722041                    /home/jam/.grails/ivy-cache/org.grails/grails-plugin-codecs/jars/grails-plugin-codecs-2.1.1.jar
7f3e07dab000-7f3e07db0000 r--s 00015000 08:02 4722029                    /home/jam/.grails/ivy-cache/org.hibernate.javax.persistence/hibernate-jpa-2.0-api/jars/hibernate-jpa-2.0-api-1.0.1.Final.jar
7f3e07db0000-7f3e07db2000 r--s 00008000 08:02 5508467                    /home/jam/.grails/ivy-cache/org.apache.tomcat.embed/tomcat-embed-logging-juli/jars/tomcat-embed-logging-juli-7.0.30.jar
7f3e07db2000-7f3e07db4000 r--s 00013000 08:02 4721761                    /home/jam/.grails/ivy-cache/org.apache.tomcat.embed/tomcat-embed-logging-log4j/jars/tomcat-embed-logging-log4j-7.0.30.jar
7f3e07db4000-7f3e07dbf000 r--s 000b6000 08:02 4721759                    /home/jam/.grails/ivy-cache/org.apache.tomcat.embed/tomcat-embed-jasper/jars/tomcat-embed-jasper-7.0.30.jar
7f3e07dbf000-7f3e07de1000 r--s 00254000 08:02 4721757                    /home/jam/.grails/ivy-cache/org.apache.tomcat.embed/tomcat-embed-core/jars/tomcat-embed-core-7.0.30.jar
7f3e07de1000-7f3e07de3000 r--s 0000c000 08:02 5508465                    /home/jam/.grails/ivy-cache/org.apache.tomcat/tomcat-catalina-ant/jars/tomcat-catalina-ant-7.0.30.jar
7f3e07de3000-7f3e07de4000 r--s 00001000 08:02 4721467                    /home/jam/.grails/ivy-cache/org.apache.ant/ant-trax/jars/ant-trax-1.7.1.jar
7f3e07de4000-7f3e07de6000 r--s 00017000 08:02 4721465                    /home/jam/.grails/ivy-cache/org.apache.ant/ant-junit/jars/ant-junit-1.8.2.jar
7f3e07de6000-7f3e07de8000 r--s 00002000 08:02 4721463                    /home/jam/.grails/ivy-cache/org.apache.ant/ant-launcher/jars/ant-launcher-1.8.2.jar
7f3e07de8000-7f3e07e06000 r--s 001bb000 08:02 4721461                    /home/jam/.grails/ivy-cache/org.apache.ant/ant/jars/ant-1.8.2.jar
7f3e07e06000-7f3e07e0d000 r--s 00037000 08:02 4721459                    /home/jam/.grails/ivy-cache/junit/junit/jars/junit-4.10.jar
7f3e07e0d000-7f3e07e10000 r--s 0000b000 08:02 4721456                    /home/jam/.grails/ivy-cache/com.googlecode.concurrentlinkedhashmap/concurrentlinkedhashmap-lru/jars/concurrentlinkedhashmap-lru-1.2_jdk5.jar
7f3e07e10000-7f3e07e16000 r--s 00033000 08:02 4721454                    /home/jam/.grails/ivy-cache/org.springframework/spring-test/jars/spring-test-3.1.2.RELEASE.jar
7f3e07e16000-7f3e07e18000 r--s 00005000 08:02 4721452                    /home/jam/.grails/ivy-cache/org.slf4j/slf4j-api/jars/slf4j-api-1.6.2.jar
7f3e07e18000-7f3e07e25000 r--s 000b7000 08:02 4721450                    /home/jam/.grails/ivy-cache/org.grails/grails-web/jars/grails-web-2.1.1.jar
7f3e07e25000-7f3e07e33000 r--s 000b5000 08:02 4721446                    /home/jam/.grails/ivy-cache/org.grails/grails-core/jars/grails-core-2.1.1.jar
7f3e07e33000-7f3e07e3e000 r--s 000fe000 08:02 4721444                    /home/jam/.grails/ivy-cache/org.grails/grails-scripts/jars/grails-scripts-2.1.1.jar
7f3e07e3e000-7f3e07e47000 r--s 000a8000 08:02 4721442                    /home/jam/.grails/ivy-cache/org.grails/grails-bootstrap/jars/grails-bootstrap-2.1.1.jar
7f3e07e47000-7f3e07e6c000 r--s 00172000 08:02 4721397                    /home/jam/.grails/ivy-cache/org.bouncycastle/bcprov-jdk15/jars/bcprov-jdk15-1.45.jar
7f3e07e6c000-7f3e07e81000 r-xp 00000000 08:02 8650853                    /tmp/jna2842104304749150934.tmp
7f3e07e81000-7f3e07f80000 ---p 00015000 08:02 8650853                    /tmp/jna2842104304749150934.tmp
7f3e07f80000-7f3e07f82000 rw-p 00014000 08:02 8650853                    /tmp/jna2842104304749150934.tmp
7f3e07f82000-7f3e07fe2000 r--s 00d92000 08:02 18877160                   /usr/lib/jvm/java-6-openjdk-amd64/lib/tools.jar
7f3e07fe2000-7f3e08000000 r--s 001bb000 08:02 15997849                   /home/jam/Applications/grails-2.1.1/lib/org.apache.ant/ant/jars/ant-1.8.2.jar
7f3e08000000-7f3e08021000 rw-p 00000000 00:00 0 
7f3e08021000-7f3e0c000000 ---p 00000000 00:00 0 
7f3e0c000000-7f3e0c021000 rw-p 00000000 00:00 0 
7f3e0c021000-7f3e10000000 ---p 00000000 00:00 0 
7f3e10000000-7f3e13ffd000 rw-p 00000000 00:00 0 
7f3e13ffd000-7f3e14000000 ---p 00000000 00:00 0 
7f3e14000000-7f3e17fd1000 rw-p 00000000 00:00 0 
7f3e17fd1000-7f3e18000000 ---p 00000000 00:00 0 
7f3e18000000-7f3e18021000 rw-p 00000000 00:00 0 
7f3e18021000-7f3e1c000000 ---p 00000000 00:00 0 
7f3e1c000000-7f3e1c021000 rw-p 00000000 00:00 0 
7f3e1c021000-7f3e20000000 ---p 00000000 00:00 0 
7f3e20000000-7f3e20141000 rw-p 00000000 00:00 0 
7f3e20141000-7f3e24000000 ---p 00000000 00:00 0 
7f3e24000000-7f3e24021000 rw-p 00000000 00:00 0 
7f3e24021000-7f3e28000000 ---p 00000000 00:00 0 
7f3e28000000-7f3e28021000 rw-p 00000000 00:00 0 
7f3e28021000-7f3e2c000000 ---p 00000000 00:00 0 
7f3e2c000000-7f3e2c021000 rw-p 00000000 00:00 0 
7f3e2c021000-7f3e30000000 ---p 00000000 00:00 0 
7f3e30000000-7f3e30021000 rw-p 00000000 00:00 0 
7f3e30021000-7f3e34000000 ---p 00000000 00:00 0 
7f3e34000000-7f3e34021000 rw-p 00000000 00:00 0 
7f3e34021000-7f3e38000000 ---p 00000000 00:00 0 
7f3e38000000-7f3e38001000 r--s 00000000 08:02 4722039                    /home/jam/.grails/ivy-cache/org.grails/grails-logging/jars/grails-logging-2.1.1.jar
7f3e38001000-7f3e38004000 r--s 00026000 08:02 4721448                    /home/jam/.grails/ivy-cache/org.grails/grails-resources/jars/grails-resources-2.1.1.jar
7f3e38004000-7f3e38007000 r--s 00044000 08:02 4721440                    /home/jam/.grails/ivy-cache/org.grails/grails-docs/jars/grails-docs-2.1.1.jar
7f3e38007000-7f3e3800a000 r--s 00041000 08:02 4721438                    /home/jam/.grails/ivy-cache/xalan/serializer/jars/serializer-2.7.1.jar
7f3e3800a000-7f3e3800d000 r--s 000cf000 08:02 4721436                    /home/jam/.grails/ivy-cache/net.java.dev.jna/jna/jars/jna-3.2.3.jar
7f3e3800d000-7f3e3800f000 r--s 00009000 08:02 15730918                   /home/jam/Applications/grails-2.1.1/lib/commons-cli/commons-cli/jars/commons-cli-1.2.jar
7f3e3800f000-7f3e38012000 r--s 000cf000 08:02 15997829                   /home/jam/Applications/grails-2.1.1/lib/net.java.dev.jna/jna/jars/jna-3.2.3.jar
7f3e38012000-7f3e38014000 r--s 00008000 08:02 4587896                    /home/jam/Applications/grails-2.1.1/lib/org.fusesource.jansi/jansi/jars/jansi-1.2.1.jar
7f3e38014000-7f3e38016000 r--s 00015000 08:02 15862296                   /home/jam/Applications/grails-2.1.1/lib/jline/jline/jars/jline-1.0.jar
7f3e38016000-7f3e3801d000 r--s 000fb000 08:02 18489889                   /usr/lib/jvm/java-6-openjdk-common/jre/lib/resources.jar
7f3e3801d000-7f3e3801e000 ---p 00000000 00:00 0 
7f3e3801e000-7f3e3811e000 rw-p 00000000 00:00 0 
7f3e3811e000-7f3e38121000 ---p 00000000 00:00 0 
7f3e38121000-7f3e3821f000 rw-p 00000000 00:00 0 
7f3e3821f000-7f3e38222000 ---p 00000000 00:00 0 
7f3e38222000-7f3e38320000 rw-p 00000000 00:00 0 
7f3e38320000-7f3e38323000 ---p 00000000 00:00 0 
7f3e38323000-7f3e38421000 rw-p 00000000 00:00 0 
7f3e38421000-7f3e38424000 ---p 00000000 00:00 0 
7f3e38424000-7f3e38522000 rw-p 00000000 00:00 0 
7f3e38522000-7f3e38cfd000 r--p 00000000 08:02 16128286                   /usr/lib/locale/locale-archive
7f3e38cfd000-7f3e38d00000 ---p 00000000 00:00 0 
7f3e38d00000-7f3e38dfe000 rw-p 00000000 00:00 0 
7f3e38dfe000-7f3e38e01000 ---p 00000000 00:00 0 
7f3e38e01000-7f3e38eff000 rw-p 00000000 00:00 0 
7f3e38eff000-7f3e38f00000 ---p 00000000 00:00 0 
7f3e38f00000-7f3e39000000 rw-p 00000000 00:00 0 
7f3e39000000-7f3e39540000 rwxp 00000000 00:00 0 
7f3e39540000-7f3e3ccd1000 rw-p 00000000 00:00 0 
7f3e3ccd1000-7f3e40000000 ---p 00000000 00:00 0 
7f3e40000000-7f3e40002000 r--s 00008000 08:02 4721434                    /home/jam/.grails/ivy-cache/org.fusesource.jansi/jansi/jars/jansi-1.2.1.jar
7f3e40002000-7f3e40011000 r--s 000d9000 08:02 4721424                    /home/jam/.grails/ivy-cache/org.apache.ivy/ivy/jars/ivy-2.2.0.jar
7f3e40011000-7f3e40013000 r--s 00015000 08:02 4721422                    /home/jam/.grails/ivy-cache/jline/jline/jars/jline-1.0.jar
7f3e40013000-7f3e40018000 r--s 00024000 08:02 4721394                    /home/jam/.grails/ivy-cache/org.bouncycastle/bcpg-jdk15/jars/bcpg-jdk15-1.45.jar
7f3e40018000-7f3e4001b000 r--s 0007d000 08:02 18489867                   /usr/lib/jvm/java-6-openjdk-common/jre/lib/jsse.jar
7f3e4001b000-7f3e40022000 r--s 00067000 08:02 15730908                   /home/jam/Applications/grails-2.1.1/lib/com.springsource.springloaded/springloaded-core/jars/springloaded-core-1.0.6.jar
7f3e40022000-7f3e4002b000 r--s 000a8000 08:02 15731003                   /home/jam/Applications/grails-2.1.1/dist/grails-bootstrap-2.1.1.jar
7f3e4002b000-7f3e40089000 r--s 00592000 08:02 4587821                    /home/jam/Applications/grails-2.1.1/lib/org.codehaus.groovy/groovy-all/jars/groovy-all-1.8.8.jar
7f3e40089000-7f3e405c1000 rw-p 00000000 00:00 0 
7f3e405c1000-7f3e40753000 r--s 037bf000 08:02 18616443                   /usr/lib/jvm/java-6-openjdk-amd64/jre/lib/rt.jar
7f3e40753000-7f3e4077b000 rw-p 00000000 00:00 0 
7f3e4077b000-7f3e4077c000 ---p 00000000 00:00 0 
7f3e4077c000-7f3e4087c000 rw-p 00000000 00:00 0 
7f3e4087c000-7f3e4087d000 ---p 00000000 00:00 0 
7f3e4087d000-7f3e4097d000 rw-p 00000000 00:00 0 
7f3e4097d000-7f3e4097e000 ---p 00000000 00:00 0 
7f3e4097e000-7f3e40a7e000 rw-p 00000000 00:00 0 
7f3e40a7e000-7f3e40a7f000 ---p 00000000 00:00 0 
7f3e40a7f000-7f3e40d7f000 rw-p 00000000 00:00 0 
7f3e40d7f000-7f3e40f00000 rw-p 00000000 00:00 0 
7f3e40f00000-7f3e40f07000 r-xp 00000000 08:02 18748006                   /usr/lib/jvm/java-6-openjdk-amd64/jre/lib/amd64/libzip.so
7f3e40f07000-7f3e41106000 ---p 00007000 08:02 18748006                   /usr/lib/jvm/java-6-openjdk-amd64/jre/lib/amd64/libzip.so
7f3e41106000-7f3e41107000 r--p 00006000 08:02 18748006                   /usr/lib/jvm/java-6-openjdk-amd64/jre/lib/amd64/libzip.so
7f3e41107000-7f3e41108000 rw-p 00007000 08:02 18748006                   /usr/lib/jvm/java-6-openjdk-amd64/jre/lib/amd64/libzip.so
7f3e41108000-7f3e41114000 r-xp 00000000 08:02 16256549                   /lib/x86_64-linux-gnu/libnss_files-2.15.so
7f3e41114000-7f3e41313000 ---p 0000c000 08:02 16256549                   /lib/x86_64-linux-gnu/libnss_files-2.15.so
7f3e41313000-7f3e41314000 r--p 0000b000 08:02 16256549                   /lib/x86_64-linux-gnu/libnss_files-2.15.so
7f3e41314000-7f3e41315000 rw-p 0000c000 08:02 16256549                   /lib/x86_64-linux-gnu/libnss_files-2.15.so
7f3e41315000-7f3e4131f000 r-xp 00000000 08:02 16256553                   /lib/x86_64-linux-gnu/libnss_nis-2.15.so
7f3e4131f000-7f3e4151f000 ---p 0000a000 08:02 16256553                   /lib/x86_64-linux-gnu/libnss_nis-2.15.so
7f3e4151f000-7f3e41520000 r--p 0000a000 08:02 16256553                   /lib/x86_64-linux-gnu/libnss_nis-2.15.so
7f3e41520000-7f3e41521000 rw-p 0000b000 08:02 16256553                   /lib/x86_64-linux-gnu/libnss_nis-2.15.so
7f3e41521000-7f3e41538000 r-xp 00000000 08:02 16256543                   /lib/x86_64-linux-gnu/libnsl-2.15.so
7f3e41538000-7f3e41737000 ---p 00017000 08:02 16256543                   /lib/x86_64-linux-gnu/libnsl-2.15.so
7f3e41737000-7f3e41738000 r--p 00016000 08:02 16256543                   /lib/x86_64-linux-gnu/libnsl-2.15.so
7f3e41738000-7f3e41739000 rw-p 00017000 08:02 16256543                   /lib/x86_64-linux-gnu/libnsl-2.15.so
7f3e41739000-7f3e4173b000 rw-p 00000000 00:00 0 
7f3e4173b000-7f3e41743000 r-xp 00000000 08:02 16256545                   /lib/x86_64-linux-gnu/libnss_compat-2.15.so
7f3e41743000-7f3e41942000 ---p 00008000 08:02 16256545                   /lib/x86_64-linux-gnu/libnss_compat-2.15.so
7f3e41942000-7f3e41943000 r--p 00007000 08:02 16256545                   /lib/x86_64-linux-gnu/libnss_compat-2.15.so
7f3e41943000-7f3e41944000 rw-p 00008000 08:02 16256545                   /lib/x86_64-linux-gnu/libnss_compat-2.15.so
7f3e41944000-7f3e4194d000 r-xp 00000000 08:02 18747976                   /usr/lib/jvm/java-6-openjdk-amd64/jre/lib/amd64/libinstrument.so
7f3e4194d000-7f3e41b4d000 ---p 00009000 08:02 18747976                   /usr/lib/jvm/java-6-openjdk-amd64/jre/lib/amd64/libinstrument.so
7f3e41b4d000-7f3e41b4e000 r--p 00009000 08:02 18747976                   /usr/lib/jvm/java-6-openjdk-amd64/jre/lib/amd64/libinstrument.so
7f3e41b4e000-7f3e41b4f000 rw-p 0000a000 08:02 18747976                   /usr/lib/jvm/java-6-openjdk-amd64/jre/lib/amd64/libinstrument.so
7f3e41b4f000-7f3e41b7b000 r-xp 00000000 08:02 18747994                   /usr/lib/jvm/java-6-openjdk-amd64/jre/lib/amd64/libjava.so
7f3e41b7b000-7f3e41d7a000 ---p 0002c000 08:02 18747994                   /usr/lib/jvm/java-6-openjdk-amd64/jre/lib/amd64/libjava.so
7f3e41d7a000-7f3e41d7b000 r--p 0002b000 08:02 18747994                   /usr/lib/jvm/java-6-openjdk-amd64/jre/lib/amd64/libjava.so
7f3e41d7b000-7f3e41d7e000 rw-p 0002c000 08:02 18747994                   /usr/lib/jvm/java-6-openjdk-amd64/jre/lib/amd64/libjava.so
7f3e41d7e000-7f3e41d8c000 r-xp 00000000 08:02 18747993                   /usr/lib/jvm/java-6-openjdk-amd64/jre/lib/amd64/libverify.so
7f3e41d8c000-7f3e41f8b000 ---p 0000e000 08:02 18747993                   /usr/lib/jvm/java-6-openjdk-amd64/jre/lib/amd64/libverify.so
7f3e41f8b000-7f3e41f8d000 r--p 0000d000 08:02 18747993                   /usr/lib/jvm/java-6-openjdk-amd64/jre/lib/amd64/libverify.so
7f3e41f8d000-7f3e41f8e000 rw-p 0000f000 08:02 18747993                   /usr/lib/jvm/java-6-openjdk-amd64/jre/lib/amd64/libverify.so
7f3e41f8e000-7f3e41f95000 r-xp 00000000 08:02 16256584                   /lib/x86_64-linux-gnu/librt-2.15.so
7f3e41f95000-7f3e42194000 ---p 00007000 08:02 16256584                   /lib/x86_64-linux-gnu/librt-2.15.so
7f3e42194000-7f3e42195000 r--p 00006000 08:02 16256584                   /lib/x86_64-linux-gnu/librt-2.15.so
7f3e42195000-7f3e42196000 rw-p 00007000 08:02 16256584                   /lib/x86_64-linux-gnu/librt-2.15.so
7f3e42196000-7f3e421ab000 r-xp 00000000 08:02 16256519                   /lib/x86_64-linux-gnu/libgcc_s.so.1
7f3e421ab000-7f3e423aa000 ---p 00015000 08:02 16256519                   /lib/x86_64-linux-gnu/libgcc_s.so.1
7f3e423aa000-7f3e423ab000 r--p 00014000 08:02 16256519                   /lib/x86_64-linux-gnu/libgcc_s.so.1
7f3e423ab000-7f3e423ac000 rw-p 00015000 08:02 16256519                   /lib/x86_64-linux-gnu/libgcc_s.so.1
7f3e423ac000-7f3e424a5000 r-xp 00000000 08:02 16256530                   /lib/x86_64-linux-gnu/libm-2.15.so
7f3e424a5000-7f3e426a4000 ---p 000f9000 08:02 16256530                   /lib/x86_64-linux-gnu/libm-2.15.so
7f3e426a4000-7f3e426a5000 r--p 000f8000 08:02 16256530                   /lib/x86_64-linux-gnu/libm-2.15.so
7f3e426a5000-7f3e426a6000 rw-p 000f9000 08:02 16256530                   /lib/x86_64-linux-gnu/libm-2.15.so
7f3e426a6000-7f3e42788000 r-xp 00000000 08:02 16129397                   /usr/lib/x86_64-linux-gnu/libstdc++.so.6.0.16
7f3e42788000-7f3e42987000 ---p 000e2000 08:02 16129397                   /usr/lib/x86_64-linux-gnu/libstdc++.so.6.0.16
7f3e42987000-7f3e4298f000 r--p 000e1000 08:02 16129397                   /usr/lib/x86_64-linux-gnu/libstdc++.so.6.0.16
7f3e4298f000-7f3e42991000 rw-p 000e9000 08:02 16129397                   /usr/lib/x86_64-linux-gnu/libstdc++.so.6.0.16
7f3e42991000-7f3e429a6000 rw-p 00000000 00:00 0 
7f3e429a6000-7f3e432aa000 r-xp 00000000 08:02 18877146                   /usr/lib/jvm/java-6-openjdk-amd64/jre/lib/amd64/server/libjvm.so
7f3e432aa000-7f3e434aa000 ---p 00904000 08:02 18877146                   /usr/lib/jvm/java-6-openjdk-amd64/jre/lib/amd64/server/libjvm.so
7f3e434aa000-7f3e4352a000 r--p 00904000 08:02 18877146                   /usr/lib/jvm/java-6-openjdk-amd64/jre/lib/amd64/server/libjvm.so
7f3e4352a000-7f3e43545000 rw-p 00984000 08:02 18877146                   /usr/lib/jvm/java-6-openjdk-amd64/jre/lib/amd64/server/libjvm.so
7f3e43545000-7f3e4356e000 rw-p 00000000 00:00 0 
7f3e4356e000-7f3e43584000 r-xp 00000000 08:02 16256609                   /lib/x86_64-linux-gnu/libz.so.1.2.3.4
7f3e43584000-7f3e43783000 ---p 00016000 08:02 16256609                   /lib/x86_64-linux-gnu/libz.so.1.2.3.4
7f3e43783000-7f3e43784000 r--p 00015000 08:02 16256609                   /lib/x86_64-linux-gnu/libz.so.1.2.3.4
7f3e43784000-7f3e43785000 rw-p 00016000 08:02 16256609                   /lib/x86_64-linux-gnu/libz.so.1.2.3.4
7f3e43785000-7f3e43938000 r-xp 00000000 08:02 16256498                   /lib/x86_64-linux-gnu/libc-2.15.so
7f3e43938000-7f3e43b37000 ---p 001b3000 08:02 16256498                   /lib/x86_64-linux-gnu/libc-2.15.so
7f3e43b37000-7f3e43b3b000 r--p 001b2000 08:02 16256498                   /lib/x86_64-linux-gnu/libc-2.15.so
7f3e43b3b000-7f3e43b3d000 rw-p 001b6000 08:02 16256498                   /lib/x86_64-linux-gnu/libc-2.15.so
7f3e43b3d000-7f3e43b42000 rw-p 00000000 00:00 0 
7f3e43b42000-7f3e43b44000 r-xp 00000000 08:02 16256511                   /lib/x86_64-linux-gnu/libdl-2.15.so
7f3e43b44000-7f3e43d44000 ---p 00002000 08:02 16256511                   /lib/x86_64-linux-gnu/libdl-2.15.so
7f3e43d44000-7f3e43d45000 r--p 00002000 08:02 16256511                   /lib/x86_64-linux-gnu/libdl-2.15.so
7f3e43d45000-7f3e43d46000 rw-p 00003000 08:02 16256511                   /lib/x86_64-linux-gnu/libdl-2.15.so
7f3e43d46000-7f3e43d4a000 r-xp 00000000 08:02 18747978                   /usr/lib/jvm/java-6-openjdk-amd64/jre/lib/amd64/jli/libjli.so
7f3e43d4a000-7f3e43f49000 ---p 00004000 08:02 18747978                   /usr/lib/jvm/java-6-openjdk-amd64/jre/lib/amd64/jli/libjli.so
7f3e43f49000-7f3e43f4a000 r--p 00003000 08:02 18747978                   /usr/lib/jvm/java-6-openjdk-amd64/jre/lib/amd64/jli/libjli.so
7f3e43f4a000-7f3e43f4b000 rw-p 00004000 08:02 18747978                   /usr/lib/jvm/java-6-openjdk-amd64/jre/lib/amd64/jli/libjli.so
7f3e43f4b000-7f3e43f63000 r-xp 00000000 08:02 16256578                   /lib/x86_64-linux-gnu/libpthread-2.15.so
7f3e43f63000-7f3e44162000 ---p 00018000 08:02 16256578                   /lib/x86_64-linux-gnu/libpthread-2.15.so
7f3e44162000-7f3e44163000 r--p 00017000 08:02 16256578                   /lib/x86_64-linux-gnu/libpthread-2.15.so
7f3e44163000-7f3e44164000 rw-p 00018000 08:02 16256578                   /lib/x86_64-linux-gnu/libpthread-2.15.so
7f3e44164000-7f3e44168000 rw-p 00000000 00:00 0 
7f3e44168000-7f3e4418a000 r-xp 00000000 08:02 16256478                   /lib/x86_64-linux-gnu/ld-2.15.so
7f3e4418a000-7f3e44190000 r--s 00068000 08:02 4721389                    /home/jam/.grails/ivy-cache/com.google.protobuf/protobuf-java/jars/protobuf-java-2.4.1.jar
7f3e44190000-7f3e44193000 r--s 0001a000 08:02 4721386                    /home/jam/.grails/ivy-cache/org.springframework.uaa/org.springframework.uaa.client/bundles/org.springframework.uaa.client-1.0.1.RELEASE.jar
7f3e44193000-7f3e441a2000 r--s 000d9000 08:02 3933556                    /home/jam/Applications/grails-2.1.1/lib/org.apache.ivy/ivy/jars/ivy-2.2.0.jar
7f3e441a2000-7f3e441b7000 rw-p 00000000 00:00 0 
7f3e441b7000-7f3e44262000 rw-p 00000000 00:00 0 
7f3e44262000-7f3e44265000 ---p 00000000 00:00 0 
7f3e44265000-7f3e44368000 rw-p 00000000 00:00 0 
7f3e44368000-7f3e44369000 r--s 00003000 08:02 4722027                    /home/jam/.grails/ivy-cache/javax.transaction/jta/jars/jta-1.1.jar
7f3e44369000-7f3e4436a000 r--s 00003000 08:02 4721392                    /home/jam/.grails/ivy-cache/com.googlecode.json-simple/json-simple/jars/json-simple-1.1.jar
7f3e4436a000-7f3e4436f000 r--s 00050000 08:02 4587551                    /home/jam/Applications/grails-2.1.1/lib/org.codehaus.gant/gant_groovy1.8/jars/gant_groovy1.8-1.9.6.jar
7f3e4436f000-7f3e44373000 r--s 00038000 08:02 18489882                   /usr/lib/jvm/java-6-openjdk-common/jre/lib/ext/sunpkcs11.jar
7f3e44373000-7f3e44376000 r--s 00031000 08:02 18489884                   /usr/lib/jvm/java-6-openjdk-common/jre/lib/ext/sunjce_provider.jar
7f3e44376000-7f3e44377000 r--s 00007000 08:02 16651090                   /usr/share/java/java-atk-wrapper.jar
7f3e44377000-7f3e4437a000 r--s 00077000 08:02 18489883                   /usr/lib/jvm/java-6-openjdk-common/jre/lib/ext/localedata.jar
7f3e4437a000-7f3e4437c000 r--s 00001000 08:02 18489885                   /usr/lib/jvm/java-6-openjdk-common/jre/lib/ext/dnsns.jar
7f3e4437c000-7f3e4437e000 r--s 0000f000 08:02 18489886                   /usr/lib/jvm/java-6-openjdk-common/jre/lib/ext/pulse-java.jar
7f3e4437e000-7f3e44386000 rw-s 00000000 08:02 8650852                    /tmp/hsperfdata_jam/5629
7f3e44386000-7f3e44387000 rw-p 00000000 00:00 0 
7f3e44387000-7f3e44388000 r--p 00000000 00:00 0 
7f3e44388000-7f3e4438a000 rw-p 00000000 00:00 0 
7f3e4438a000-7f3e4438b000 r--p 00022000 08:02 16256478                   /lib/x86_64-linux-gnu/ld-2.15.so
7f3e4438b000-7f3e4438d000 rw-p 00023000 08:02 16256478                   /lib/x86_64-linux-gnu/ld-2.15.so
7fff82b86000-7fff82ba7000 rw-p 00000000 00:00 0                          [stack]
7fff82bff000-7fff82c00000 r-xp 00000000 00:00 0                          [vdso]
ffffffffff600000-ffffffffff601000 r-xp 00000000 00:00 0                  [vsyscall]

VM Arguments:
jvm_args: -Xmx768M -Xms768M -XX:PermSize=256m -XX:MaxPermSize=256m -Dfile.encoding=UTF-8 -Dserver.port=8080 -Djline.WindowsTerminal.directConsole=false -javaagent:/home/jam/Applications/grails-2.1.1/lib/com.springsource.springloaded/springloaded-core/jars/springloaded-core-1.0.6.jar -Xverify:none -Dspringloaded=profile=grails;cacheDir=/home/jam/.grails/2.1.1/ -Dgrails.home=/home/jam/Applications/grails-2.1.1 -Dtools.jar=/usr/lib/jvm/default-java/lib/tools.jar 
java_command: org.codehaus.groovy.grails.cli.support.GrailsStarter --main org.codehaus.groovy.grails.cli.GrailsScriptRunner --conf /home/jam/Applications/grails-2.1.1/conf/groovy-starter.conf --classpath   run-app
Launcher Type: SUN_STANDARD

Environment Variables:
JAVA_HOME=/usr/lib/jvm/default-java
PATH=/usr/lib/lightdm/lightdm:/usr/local/sbin:/usr/local/bin:/usr/sbin:/usr/bin:/sbin:/bin:/usr/games
LD_LIBRARY_PATH=/usr/lib/jvm/java-6-openjdk-amd64/jre/lib/amd64/server:/usr/lib/jvm/java-6-openjdk-amd64/jre/lib/amd64:/usr/lib/jvm/java-6-openjdk-amd64/jre/../lib/amd64
SHELL=/bin/bash
DISPLAY=:0.0

Signal Handlers:
SIGSEGV: [libjvm.so+0x784310], sa_mask[0]=0x7ffbfeff, sa_flags=0x10000004
SIGBUS: [libjvm.so+0x784310], sa_mask[0]=0x7ffbfeff, sa_flags=0x10000004
SIGFPE: [libjvm.so+0x648580], sa_mask[0]=0x7ffbfeff, sa_flags=0x10000004
SIGPIPE: SIG_IGN, sa_mask[0]=0x00000000, sa_flags=0x00000000
SIGXFSZ: [libjvm.so+0x648580], sa_mask[0]=0x7ffbfeff, sa_flags=0x10000004
SIGILL: [libjvm.so+0x648580], sa_mask[0]=0x7ffbfeff, sa_flags=0x10000004
SIGUSR1: SIG_DFL, sa_mask[0]=0x00000000, sa_flags=0x00000000
SIGUSR2: [libjvm.so+0x648730], sa_mask[0]=0x00000004, sa_flags=0x10000004
SIGHUP: [libjvm.so+0x64b250], sa_mask[0]=0x7ffbfeff, sa_flags=0x10000004
SIGINT: SIG_IGN, sa_mask[0]=0x00000000, sa_flags=0x00000000
SIGTERM: [libjvm.so+0x64b250], sa_mask[0]=0x7ffbfeff, sa_flags=0x10000004
SIGQUIT: [libjvm.so+0x64b250], sa_mask[0]=0x7ffbfeff, sa_flags=0x10000004


---------------  S Y S T E M  ---------------

OS:Ubuntu 12.04 (precise)
uname:Linux 3.2.0-30-generic #48-Ubuntu SMP Fri Aug 24 16:52:48 UTC 2012 x86_64
libc:glibc 2.15 NPTL 2.15 
rlimit: STACK 8192k, CORE 0k, NPROC 59519, NOFILE 4096, AS infinity
load average:1.48 1.15 1.01

/proc/meminfo:
MemTotal:        7636272 kB
MemFree:         3629928 kB
Buffers:          171944 kB
Cached:          1159380 kB
SwapCached:            0 kB
Active:          2725788 kB
Inactive:         808128 kB
Active(anon):    2203400 kB
Inactive(anon):     9712 kB
Active(file):     522388 kB
Inactive(file):   798416 kB
Unevictable:          44 kB
Mlocked:              44 kB
SwapTotal:       7837776 kB
SwapFree:        7837776 kB
Dirty:               332 kB
Writeback:             0 kB
AnonPages:       2202552 kB
Mapped:           300604 kB
Shmem:             10532 kB
Slab:             104220 kB
SReclaimable:      70568 kB
SUnreclaim:        33652 kB
KernelStack:        4408 kB
PageTables:        44084 kB
NFS_Unstable:          0 kB
Bounce:                0 kB
WritebackTmp:          0 kB
CommitLimit:    11655912 kB
Committed_AS:    5809212 kB
VmallocTotal:   34359738367 kB
VmallocUsed:      135768 kB
VmallocChunk:   34359600452 kB
HardwareCorrupted:     0 kB
AnonHugePages:         0 kB
HugePages_Total:       0
HugePages_Free:        0
HugePages_Rsvd:        0
HugePages_Surp:        0
Hugepagesize:       2048 kB
DirectMap4k:      182272 kB
DirectMap2M:     4517888 kB
DirectMap1G:     3145728 kB


CPU:total 4 (4 cores per cpu, 1 threads per core) family 18 model 1 stepping 0, cmov, cx8, fxsr, mmx, sse, sse2, sse3, popcnt, mmxext, 3dnowpref, lzcnt, sse4a

Memory: 4k page, physical 7636272k(3629928k free), swap 7837776k(7837776k free)

vm_info: OpenJDK 64-Bit Server VM (20.0-b12) for linux-amd64 JRE (1.6.0_24-b24), built on Sep  2 2012 19:50:47 by "buildd" with gcc 4.6.3

time: Sat Sep 15 00:08:34 2012
elapsed time: 17 seconds

