#
# A fatal error has been detected by the Java Runtime Environment:
#
#  SIGSEGV (0xb) at pc=0x00007fe7451ba7cc, pid=17566, tid=140631473366784
#
# JRE version: 6.0_24-b24
# Java VM: OpenJDK 64-Bit Server VM (20.0-b12 mixed mode linux-amd64 compressed oops)
# Derivative: IcedTea6 1.11.4
# Distribution: Ubuntu 12.04 LTS, package 6b24-1.11.4-1ubuntu0.12.04.1
# Problematic frame:
# J  org.codehaus.groovy.reflection.CachedMethod.compareTo(Ljava/lang/Object;)I
#
# If you would like to submit a bug report, please include
# instructions how to reproduce the bug and visit:
#   https://bugs.launchpad.net/ubuntu/+source/openjdk-6/
#

---------------  T H R E A D  ---------------

Current thread (0x00007fe748009800):  JavaThread "main" [_thread_in_Java, id=17578, stack(0x00007fe750f3a000,0x00007fe75103b000)]

siginfo:si_signo=SIGSEGV: si_errno=0, si_code=1 (SEGV_MAPERR), si_addr=0xfffffffffffc06ec

Registers:
RAX=0x00000000fb0f1b80, RBX=0x00000000fb0f1b80, RCX=0x0000000000000000, RDX=0x00000000fb0eef70
RSP=0x00007fe7510370f0, RBP=0x00000000fb0f1b48, RSI=0x0000000000000000, RDI=0x00007fe74d3d7000
R8 =0x0000000000000003, R9 =0x0000000000000002, R10=0x00000000fb0f1b80, R11=0x00000000fe17d9e0
R12=0x0000000000000000, R13=0x00007fe745186140, R14=0x00000000fb0f1b48, R15=0x00007fe748009800
RIP=0x00007fe7451ba7cc, EFLAGS=0x0000000000010297, CSGSFS=0x0000000000000033, ERR=0x0000000000000005
  TRAPNO=0x000000000000000e

Top of Stack: (sp=0x00007fe7510370f0)
0x00007fe7510370f0:   00000000c012b7b0 00007fe751037150
0x00007fe751037100:   00000000c0133a18 00000000fb0eef70
0x00007fe751037110:   00000000c012b800 0000000000000000
0x00007fe751037120:   00007fe751037140 00007fe751037198
0x00007fe751037130:   00007fe751037198 00007fe745005e48
0x00007fe751037140:   00007fe745005e48 00000000fb0eef70
0x00007fe751037150:   00000000fb0eef30 00007fe751037158
0x00007fe751037160:   00000000c012b55c 00007fe751037200
0x00007fe751037170:   00000000c0133a18 00000000c09f9ba8
0x00007fe751037180:   00000000c012b6f0 00007fe751037148
0x00007fe751037190:   00007fe7510371e0 00007fe751037248
0x00007fe7510371a0:   00007fe74500585a 0000000000000000
0x00007fe7510371b0:   0000000000000000 0000000000000000
0x00007fe7510371c0:   0000000000000000 0000000000000006
0x00007fe7510371d0:   0000000000000006 0000000000000005
0x00007fe7510371e0:   0000000000000000 0000000000000009
0x00007fe7510371f0:   0000000000000004 00000000fb0f1840
0x00007fe751037200:   00000000fb0f15b0 00007fe751037208
0x00007fe751037210:   00000000c012b5a5 00007fe7510372b0
0x00007fe751037220:   00000000c0133a18 00000000c09f9c28
0x00007fe751037230:   00000000c012b6f0 00007fe7510371e0
0x00007fe751037240:   00007fe751037290 00007fe7510372f8
0x00007fe751037250:   00007fe74500585a 0000000000000000
0x00007fe751037260:   0000000000000000 0000000000000000
0x00007fe751037270:   0000000000000004 0000000000000009
0x00007fe751037280:   0000000000000000 0000000000000009
0x00007fe751037290:   0000000000000000 0000000000000009
0x00007fe7510372a0:   0000000000000000 00000000fb0f15b0
0x00007fe7510372b0:   00000000fb0f1840 00007fe7510372b8
0x00007fe7510372c0:   00000000c012b59a 00007fe751037360
0x00007fe7510372d0:   00000000c0133a18 00000000c09f9c18
0x00007fe7510372e0:   00000000c012b6f0 00007fe751037290 

Instructions: (pc=0x00007fe7451ba7cc)
0x00007fe7451ba7ac:   b7 04 57 0f b7 0c 56 2b c1 75 08 48 ff c2 75 ef
0x00007fe7451ba7bc:   58 eb 01 59 85 c0 74 10 44 8b c8 e9 0e fc ff ff
0x00007fe7451ba7cc:   45 2b 88 e9 06 fc ff ff 41 ff c3 45 3b d9 0f 85
0x00007fe7451ba7dc:   17 ff ff ff be 89 00 00 00 66 90 e8 b4 c6 e7 ff 

Register to memory mapping:

RAX=0x00000000fb0f1b80 is an oop
[Lorg.codehaus.groovy.reflection.CachedClass; 
 - klass: 'org/codehaus/groovy/reflection/CachedClass'[]
 - length: 3
RBX=0x00000000fb0f1b80 is an oop
[Lorg.codehaus.groovy.reflection.CachedClass; 
 - klass: 'org/codehaus/groovy/reflection/CachedClass'[]
 - length: 3
RCX=0x0000000000000000 is an unknown value
RDX=0x00000000fb0eef70 is an oop
org.codehaus.groovy.reflection.CachedMethod 
 - klass: 'org/codehaus/groovy/reflection/CachedMethod'
RSP=0x00007fe7510370f0 is pointing into the stack for thread: 0x00007fe748009800
RBP=0x00000000fb0f1b48 is an oop
[Lorg.codehaus.groovy.reflection.CachedClass; 
 - klass: 'org/codehaus/groovy/reflection/CachedClass'[]
 - length: 2
RSI=0x0000000000000000 is an unknown value
RDI=0x00007fe74d3d7000 is an unknown value
R8 =0x0000000000000003 is an unknown value
R9 =0x0000000000000002 is an unknown value
R10=0x00000000fb0f1b80 is an oop
[Lorg.codehaus.groovy.reflection.CachedClass; 
 - klass: 'org/codehaus/groovy/reflection/CachedClass'[]
 - length: 3
R11=0x00000000fe17d9e0 is an oop
org.codehaus.groovy.reflection.stdclasses.BooleanCachedClass 
 - klass: 'org/codehaus/groovy/reflection/stdclasses/BooleanCachedClass'
R12=0x0000000000000000 is an unknown value
R13=0x00007fe745185d10 [CodeBlob (0x00007fe745185d10)]
Framesize: 12
R14=0x00000000fb0f1b48 is an oop
[Lorg.codehaus.groovy.reflection.CachedClass; 
 - klass: 'org/codehaus/groovy/reflection/CachedClass'[]
 - length: 2
R15=0x00007fe748009800 is a thread


Stack: [0x00007fe750f3a000,0x00007fe75103b000],  sp=0x00007fe7510370f0,  free space=1012k
Native frames: (J=compiled Java code, j=interpreted, Vv=VM code, C=native code)
J  org.codehaus.groovy.reflection.CachedMethod.compareTo(Ljava/lang/Object;)I


---------------  P R O C E S S  ---------------

Java Threads: ( => current thread )
  0x00007fe7480e3800 JavaThread "Low Memory Detector" daemon [_thread_blocked, id=17589, stack(0x00007fe744dfe000,0x00007fe744eff000)]
  0x00007fe7480e9000 JavaThread "C2 CompilerThread1" daemon [_thread_in_native, id=17588, stack(0x00007fe744eff000,0x00007fe745000000)]
  0x00007fe7480ea800 JavaThread "C2 CompilerThread0" daemon [_thread_in_native, id=17587, stack(0x00007fe74c01b000,0x00007fe74c11c000)]
  0x00007fe74808c000 JavaThread "Signal Dispatcher" daemon [_thread_blocked, id=17586, stack(0x00007fe74c182000,0x00007fe74c283000)]
  0x00007fe748079800 JavaThread "Finalizer" daemon [_thread_blocked, id=17585, stack(0x00007fe74ca5e000,0x00007fe74cb5f000)]
  0x00007fe748077800 JavaThread "Reference Handler" daemon [_thread_blocked, id=17584, stack(0x00007fe74cb5f000,0x00007fe74cc60000)]
=>0x00007fe748009800 JavaThread "main" [_thread_in_Java, id=17578, stack(0x00007fe750f3a000,0x00007fe75103b000)]

Other Threads:
  0x00007fe748071000 VMThread [stack: 0x00007fe74cc60000,0x00007fe74cd61000] [id=17583]
  0x00007fe7480ed800 WatcherThread [stack: 0x00007fe744cfd000,0x00007fe744dfe000] [id=17590]

VM state:not at safepoint (normal execution)

VM Mutex/Monitor currently owned by a thread: None

Heap
 PSYoungGen      total 229376K, used 186197K [0x00000000f0000000, 0x0000000100000000, 0x0000000100000000)
  eden space 196608K, 92% used [0x00000000f0000000,0x00000000fb18d248,0x00000000fc000000)
  from space 32768K, 13% used [0x00000000fe000000,0x00000000fe4484c0,0x0000000100000000)
  to   space 32768K, 0% used [0x00000000fc000000,0x00000000fc000000,0x00000000fe000000)
 PSOldGen        total 524288K, used 0K [0x00000000d0000000, 0x00000000f0000000, 0x00000000f0000000)
  object space 524288K, 0% used [0x00000000d0000000,0x00000000d0000000,0x00000000f0000000)
 PSPermGen       total 262144K, used 15661K [0x00000000c0000000, 0x00000000d0000000, 0x00000000d0000000)
  object space 262144K, 5% used [0x00000000c0000000,0x00000000c0f4b640,0x00000000d0000000)

Code Cache  [0x00007fe745000000, 0x00007fe745270000, 0x00007fe748000000)
 total_blobs=579 nmethods=103 adapters=430 free_code_cache=48364096 largest_free_block=11520

Dynamic libraries:
00400000-00409000 r-xp 00000000 08:02 397963                             /usr/lib/jvm/java-6-openjdk-amd64/jre/bin/java
00608000-00609000 r--p 00008000 08:02 397963                             /usr/lib/jvm/java-6-openjdk-amd64/jre/bin/java
00609000-0060a000 rw-p 00009000 08:02 397963                             /usr/lib/jvm/java-6-openjdk-amd64/jre/bin/java
012ff000-01320000 rw-p 00000000 00:00 0                                  [heap]
c0000000-100000000 rw-p 00000000 00:00 0 
7fe700000000-7fe700021000 rw-p 00000000 00:00 0 
7fe700021000-7fe704000000 ---p 00000000 00:00 0 
7fe708000000-7fe708021000 rw-p 00000000 00:00 0 
7fe708021000-7fe70c000000 ---p 00000000 00:00 0 
7fe70c000000-7fe70c021000 rw-p 00000000 00:00 0 
7fe70c021000-7fe710000000 ---p 00000000 00:00 0 
7fe710000000-7fe712a86000 rw-p 00000000 00:00 0 
7fe712a86000-7fe714000000 ---p 00000000 00:00 0 
7fe714000000-7fe7166cb000 rw-p 00000000 00:00 0 
7fe7166cb000-7fe718000000 ---p 00000000 00:00 0 
7fe718000000-7fe718021000 rw-p 00000000 00:00 0 
7fe718021000-7fe71c000000 ---p 00000000 00:00 0 
7fe71c000000-7fe71c021000 rw-p 00000000 00:00 0 
7fe71c021000-7fe720000000 ---p 00000000 00:00 0 
7fe720000000-7fe720021000 rw-p 00000000 00:00 0 
7fe720021000-7fe724000000 ---p 00000000 00:00 0 
7fe724000000-7fe724021000 rw-p 00000000 00:00 0 
7fe724021000-7fe728000000 ---p 00000000 00:00 0 
7fe728000000-7fe728021000 rw-p 00000000 00:00 0 
7fe728021000-7fe72c000000 ---p 00000000 00:00 0 
7fe730000000-7fe730021000 rw-p 00000000 00:00 0 
7fe730021000-7fe734000000 ---p 00000000 00:00 0 
7fe738000000-7fe738021000 rw-p 00000000 00:00 0 
7fe738021000-7fe73c000000 ---p 00000000 00:00 0 
7fe740000000-7fe740021000 rw-p 00000000 00:00 0 
7fe740021000-7fe744000000 ---p 00000000 00:00 0 
7fe744a03000-7fe744a06000 ---p 00000000 00:00 0 
7fe744a06000-7fe744b04000 rw-p 00000000 00:00 0 
7fe744b45000-7fe744b5a000 r-xp 00000000 08:02 8650881                    /tmp/jna8737468107637150447.tmp
7fe744b5a000-7fe744c59000 ---p 00015000 08:02 8650881                    /tmp/jna8737468107637150447.tmp
7fe744c59000-7fe744c5b000 rw-p 00014000 08:02 8650881                    /tmp/jna8737468107637150447.tmp
7fe744c5b000-7fe744cbb000 r--s 00d92000 08:02 18877160                   /usr/lib/jvm/java-6-openjdk-amd64/lib/tools.jar
7fe744cbb000-7fe744cc0000 r--s 00050000 08:02 4587551                    /home/jam/Applications/grails-2.1.1/lib/org.codehaus.gant/gant_groovy1.8/jars/gant_groovy1.8-1.9.6.jar
7fe744cc0000-7fe744cde000 r--s 001bb000 08:02 15997849                   /home/jam/Applications/grails-2.1.1/lib/org.apache.ant/ant/jars/ant-1.8.2.jar
7fe744cde000-7fe744ced000 r--s 000d9000 08:02 3933556                    /home/jam/Applications/grails-2.1.1/lib/org.apache.ivy/ivy/jars/ivy-2.2.0.jar
7fe744ced000-7fe744cef000 r--s 00009000 08:02 15730918                   /home/jam/Applications/grails-2.1.1/lib/commons-cli/commons-cli/jars/commons-cli-1.2.jar
7fe744cef000-7fe744cf2000 r--s 000cf000 08:02 15997829                   /home/jam/Applications/grails-2.1.1/lib/net.java.dev.jna/jna/jars/jna-3.2.3.jar
7fe744cf2000-7fe744cf4000 r--s 00008000 08:02 4587896                    /home/jam/Applications/grails-2.1.1/lib/org.fusesource.jansi/jansi/jars/jansi-1.2.1.jar
7fe744cf4000-7fe744cf6000 r--s 00015000 08:02 15862296                   /home/jam/Applications/grails-2.1.1/lib/jline/jline/jars/jline-1.0.jar
7fe744cf6000-7fe744cfd000 r--s 000fb000 08:02 18489889                   /usr/lib/jvm/java-6-openjdk-common/jre/lib/resources.jar
7fe744cfd000-7fe744cfe000 ---p 00000000 00:00 0 
7fe744cfe000-7fe744dfe000 rw-p 00000000 00:00 0 
7fe744dfe000-7fe744e01000 ---p 00000000 00:00 0 
7fe744e01000-7fe744eff000 rw-p 00000000 00:00 0 
7fe744eff000-7fe744f02000 ---p 00000000 00:00 0 
7fe744f02000-7fe745000000 rw-p 00000000 00:00 0 
7fe745000000-7fe745270000 rwxp 00000000 00:00 0 
7fe745270000-7fe7487a5000 rw-p 00000000 00:00 0 
7fe7487a5000-7fe74c000000 ---p 00000000 00:00 0 
7fe74c01b000-7fe74c01e000 ---p 00000000 00:00 0 
7fe74c01e000-7fe74c11c000 rw-p 00000000 00:00 0 
7fe74c11c000-7fe74c17a000 r--s 00592000 08:02 4587821                    /home/jam/Applications/grails-2.1.1/lib/org.codehaus.groovy/groovy-all/jars/groovy-all-1.8.8.jar
7fe74c17a000-7fe74c17b000 r--s 00007000 08:02 16651090                   /usr/share/java/java-atk-wrapper.jar
7fe74c17b000-7fe74c17e000 r--s 00077000 08:02 18489883                   /usr/lib/jvm/java-6-openjdk-common/jre/lib/ext/localedata.jar
7fe74c17e000-7fe74c180000 r--s 00001000 08:02 18489885                   /usr/lib/jvm/java-6-openjdk-common/jre/lib/ext/dnsns.jar
7fe74c180000-7fe74c182000 r--s 0000f000 08:02 18489886                   /usr/lib/jvm/java-6-openjdk-common/jre/lib/ext/pulse-java.jar
7fe74c182000-7fe74c185000 ---p 00000000 00:00 0 
7fe74c185000-7fe74c283000 rw-p 00000000 00:00 0 
7fe74c283000-7fe74ca5e000 r--p 00000000 08:02 16128286                   /usr/lib/locale/locale-archive
7fe74ca5e000-7fe74ca61000 ---p 00000000 00:00 0 
7fe74ca61000-7fe74cb5f000 rw-p 00000000 00:00 0 
7fe74cb5f000-7fe74cb62000 ---p 00000000 00:00 0 
7fe74cb62000-7fe74cc60000 rw-p 00000000 00:00 0 
7fe74cc60000-7fe74cc61000 ---p 00000000 00:00 0 
7fe74cc61000-7fe74d299000 rw-p 00000000 00:00 0 
7fe74d299000-7fe74d42b000 r--s 037bf000 08:02 18616443                   /usr/lib/jvm/java-6-openjdk-amd64/jre/lib/rt.jar
7fe74d42b000-7fe74d453000 rw-p 00000000 00:00 0 
7fe74d453000-7fe74d454000 ---p 00000000 00:00 0 
7fe74d454000-7fe74d554000 rw-p 00000000 00:00 0 
7fe74d554000-7fe74d555000 ---p 00000000 00:00 0 
7fe74d555000-7fe74d655000 rw-p 00000000 00:00 0 
7fe74d655000-7fe74d656000 ---p 00000000 00:00 0 
7fe74d656000-7fe74d756000 rw-p 00000000 00:00 0 
7fe74d756000-7fe74d757000 ---p 00000000 00:00 0 
7fe74d757000-7fe74da57000 rw-p 00000000 00:00 0 
7fe74da57000-7fe74dbd8000 rw-p 00000000 00:00 0 
7fe74dbd8000-7fe74dbdf000 r-xp 00000000 08:02 18748006                   /usr/lib/jvm/java-6-openjdk-amd64/jre/lib/amd64/libzip.so
7fe74dbdf000-7fe74ddde000 ---p 00007000 08:02 18748006                   /usr/lib/jvm/java-6-openjdk-amd64/jre/lib/amd64/libzip.so
7fe74ddde000-7fe74dddf000 r--p 00006000 08:02 18748006                   /usr/lib/jvm/java-6-openjdk-amd64/jre/lib/amd64/libzip.so
7fe74dddf000-7fe74dde0000 rw-p 00007000 08:02 18748006                   /usr/lib/jvm/java-6-openjdk-amd64/jre/lib/amd64/libzip.so
7fe74dde0000-7fe74ddec000 r-xp 00000000 08:02 16256549                   /lib/x86_64-linux-gnu/libnss_files-2.15.so
7fe74ddec000-7fe74dfeb000 ---p 0000c000 08:02 16256549                   /lib/x86_64-linux-gnu/libnss_files-2.15.so
7fe74dfeb000-7fe74dfec000 r--p 0000b000 08:02 16256549                   /lib/x86_64-linux-gnu/libnss_files-2.15.so
7fe74dfec000-7fe74dfed000 rw-p 0000c000 08:02 16256549                   /lib/x86_64-linux-gnu/libnss_files-2.15.so
7fe74dfed000-7fe74dff7000 r-xp 00000000 08:02 16256553                   /lib/x86_64-linux-gnu/libnss_nis-2.15.so
7fe74dff7000-7fe74e1f7000 ---p 0000a000 08:02 16256553                   /lib/x86_64-linux-gnu/libnss_nis-2.15.so
7fe74e1f7000-7fe74e1f8000 r--p 0000a000 08:02 16256553                   /lib/x86_64-linux-gnu/libnss_nis-2.15.so
7fe74e1f8000-7fe74e1f9000 rw-p 0000b000 08:02 16256553                   /lib/x86_64-linux-gnu/libnss_nis-2.15.so
7fe74e1f9000-7fe74e210000 r-xp 00000000 08:02 16256543                   /lib/x86_64-linux-gnu/libnsl-2.15.so
7fe74e210000-7fe74e40f000 ---p 00017000 08:02 16256543                   /lib/x86_64-linux-gnu/libnsl-2.15.so
7fe74e40f000-7fe74e410000 r--p 00016000 08:02 16256543                   /lib/x86_64-linux-gnu/libnsl-2.15.so
7fe74e410000-7fe74e411000 rw-p 00017000 08:02 16256543                   /lib/x86_64-linux-gnu/libnsl-2.15.so
7fe74e411000-7fe74e413000 rw-p 00000000 00:00 0 
7fe74e413000-7fe74e41b000 r-xp 00000000 08:02 16256545                   /lib/x86_64-linux-gnu/libnss_compat-2.15.so
7fe74e41b000-7fe74e61a000 ---p 00008000 08:02 16256545                   /lib/x86_64-linux-gnu/libnss_compat-2.15.so
7fe74e61a000-7fe74e61b000 r--p 00007000 08:02 16256545                   /lib/x86_64-linux-gnu/libnss_compat-2.15.so
7fe74e61b000-7fe74e61c000 rw-p 00008000 08:02 16256545                   /lib/x86_64-linux-gnu/libnss_compat-2.15.so
7fe74e61c000-7fe74e625000 r-xp 00000000 08:02 18747976                   /usr/lib/jvm/java-6-openjdk-amd64/jre/lib/amd64/libinstrument.so
7fe74e625000-7fe74e825000 ---p 00009000 08:02 18747976                   /usr/lib/jvm/java-6-openjdk-amd64/jre/lib/amd64/libinstrument.so
7fe74e825000-7fe74e826000 r--p 00009000 08:02 18747976                   /usr/lib/jvm/java-6-openjdk-amd64/jre/lib/amd64/libinstrument.so
7fe74e826000-7fe74e827000 rw-p 0000a000 08:02 18747976                   /usr/lib/jvm/java-6-openjdk-amd64/jre/lib/amd64/libinstrument.so
7fe74e827000-7fe74e853000 r-xp 00000000 08:02 18747994                   /usr/lib/jvm/java-6-openjdk-amd64/jre/lib/amd64/libjava.so
7fe74e853000-7fe74ea52000 ---p 0002c000 08:02 18747994                   /usr/lib/jvm/java-6-openjdk-amd64/jre/lib/amd64/libjava.so
7fe74ea52000-7fe74ea53000 r--p 0002b000 08:02 18747994                   /usr/lib/jvm/java-6-openjdk-amd64/jre/lib/amd64/libjava.so
7fe74ea53000-7fe74ea56000 rw-p 0002c000 08:02 18747994                   /usr/lib/jvm/java-6-openjdk-amd64/jre/lib/amd64/libjava.so
7fe74ea56000-7fe74ea64000 r-xp 00000000 08:02 18747993                   /usr/lib/jvm/java-6-openjdk-amd64/jre/lib/amd64/libverify.so
7fe74ea64000-7fe74ec63000 ---p 0000e000 08:02 18747993                   /usr/lib/jvm/java-6-openjdk-amd64/jre/lib/amd64/libverify.so
7fe74ec63000-7fe74ec65000 r--p 0000d000 08:02 18747993                   /usr/lib/jvm/java-6-openjdk-amd64/jre/lib/amd64/libverify.so
7fe74ec65000-7fe74ec66000 rw-p 0000f000 08:02 18747993                   /usr/lib/jvm/java-6-openjdk-amd64/jre/lib/amd64/libverify.so
7fe74ec66000-7fe74ec6d000 r-xp 00000000 08:02 16256584                   /lib/x86_64-linux-gnu/librt-2.15.so
7fe74ec6d000-7fe74ee6c000 ---p 00007000 08:02 16256584                   /lib/x86_64-linux-gnu/librt-2.15.so
7fe74ee6c000-7fe74ee6d000 r--p 00006000 08:02 16256584                   /lib/x86_64-linux-gnu/librt-2.15.so
7fe74ee6d000-7fe74ee6e000 rw-p 00007000 08:02 16256584                   /lib/x86_64-linux-gnu/librt-2.15.so
7fe74ee6e000-7fe74ee83000 r-xp 00000000 08:02 16256519                   /lib/x86_64-linux-gnu/libgcc_s.so.1
7fe74ee83000-7fe74f082000 ---p 00015000 08:02 16256519                   /lib/x86_64-linux-gnu/libgcc_s.so.1
7fe74f082000-7fe74f083000 r--p 00014000 08:02 16256519                   /lib/x86_64-linux-gnu/libgcc_s.so.1
7fe74f083000-7fe74f084000 rw-p 00015000 08:02 16256519                   /lib/x86_64-linux-gnu/libgcc_s.so.1
7fe74f084000-7fe74f17d000 r-xp 00000000 08:02 16256530                   /lib/x86_64-linux-gnu/libm-2.15.so
7fe74f17d000-7fe74f37c000 ---p 000f9000 08:02 16256530                   /lib/x86_64-linux-gnu/libm-2.15.so
7fe74f37c000-7fe74f37d000 r--p 000f8000 08:02 16256530                   /lib/x86_64-linux-gnu/libm-2.15.so
7fe74f37d000-7fe74f37e000 rw-p 000f9000 08:02 16256530                   /lib/x86_64-linux-gnu/libm-2.15.so
7fe74f37e000-7fe74f460000 r-xp 00000000 08:02 16129397                   /usr/lib/x86_64-linux-gnu/libstdc++.so.6.0.16
7fe74f460000-7fe74f65f000 ---p 000e2000 08:02 16129397                   /usr/lib/x86_64-linux-gnu/libstdc++.so.6.0.16
7fe74f65f000-7fe74f667000 r--p 000e1000 08:02 16129397                   /usr/lib/x86_64-linux-gnu/libstdc++.so.6.0.16
7fe74f667000-7fe74f669000 rw-p 000e9000 08:02 16129397                   /usr/lib/x86_64-linux-gnu/libstdc++.so.6.0.16
7fe74f669000-7fe74f67e000 rw-p 00000000 00:00 0 
7fe74f67e000-7fe74ff82000 r-xp 00000000 08:02 18877146                   /usr/lib/jvm/java-6-openjdk-amd64/jre/lib/amd64/server/libjvm.so
7fe74ff82000-7fe750182000 ---p 00904000 08:02 18877146                   /usr/lib/jvm/java-6-openjdk-amd64/jre/lib/amd64/server/libjvm.so
7fe750182000-7fe750202000 r--p 00904000 08:02 18877146                   /usr/lib/jvm/java-6-openjdk-amd64/jre/lib/amd64/server/libjvm.so
7fe750202000-7fe75021d000 rw-p 00984000 08:02 18877146                   /usr/lib/jvm/java-6-openjdk-amd64/jre/lib/amd64/server/libjvm.so
7fe75021d000-7fe750246000 rw-p 00000000 00:00 0 
7fe750246000-7fe75025c000 r-xp 00000000 08:02 16256609                   /lib/x86_64-linux-gnu/libz.so.1.2.3.4
7fe75025c000-7fe75045b000 ---p 00016000 08:02 16256609                   /lib/x86_64-linux-gnu/libz.so.1.2.3.4
7fe75045b000-7fe75045c000 r--p 00015000 08:02 16256609                   /lib/x86_64-linux-gnu/libz.so.1.2.3.4
7fe75045c000-7fe75045d000 rw-p 00016000 08:02 16256609                   /lib/x86_64-linux-gnu/libz.so.1.2.3.4
7fe75045d000-7fe750610000 r-xp 00000000 08:02 16256498                   /lib/x86_64-linux-gnu/libc-2.15.so
7fe750610000-7fe75080f000 ---p 001b3000 08:02 16256498                   /lib/x86_64-linux-gnu/libc-2.15.so
7fe75080f000-7fe750813000 r--p 001b2000 08:02 16256498                   /lib/x86_64-linux-gnu/libc-2.15.so
7fe750813000-7fe750815000 rw-p 001b6000 08:02 16256498                   /lib/x86_64-linux-gnu/libc-2.15.so
7fe750815000-7fe75081a000 rw-p 00000000 00:00 0 
7fe75081a000-7fe75081c000 r-xp 00000000 08:02 16256511                   /lib/x86_64-linux-gnu/libdl-2.15.so
7fe75081c000-7fe750a1c000 ---p 00002000 08:02 16256511                   /lib/x86_64-linux-gnu/libdl-2.15.so
7fe750a1c000-7fe750a1d000 r--p 00002000 08:02 16256511                   /lib/x86_64-linux-gnu/libdl-2.15.so
7fe750a1d000-7fe750a1e000 rw-p 00003000 08:02 16256511                   /lib/x86_64-linux-gnu/libdl-2.15.so
7fe750a1e000-7fe750a22000 r-xp 00000000 08:02 18747978                   /usr/lib/jvm/java-6-openjdk-amd64/jre/lib/amd64/jli/libjli.so
7fe750a22000-7fe750c21000 ---p 00004000 08:02 18747978                   /usr/lib/jvm/java-6-openjdk-amd64/jre/lib/amd64/jli/libjli.so
7fe750c21000-7fe750c22000 r--p 00003000 08:02 18747978                   /usr/lib/jvm/java-6-openjdk-amd64/jre/lib/amd64/jli/libjli.so
7fe750c22000-7fe750c23000 rw-p 00004000 08:02 18747978                   /usr/lib/jvm/java-6-openjdk-amd64/jre/lib/amd64/jli/libjli.so
7fe750c23000-7fe750c3b000 r-xp 00000000 08:02 16256578                   /lib/x86_64-linux-gnu/libpthread-2.15.so
7fe750c3b000-7fe750e3a000 ---p 00018000 08:02 16256578                   /lib/x86_64-linux-gnu/libpthread-2.15.so
7fe750e3a000-7fe750e3b000 r--p 00017000 08:02 16256578                   /lib/x86_64-linux-gnu/libpthread-2.15.so
7fe750e3b000-7fe750e3c000 rw-p 00018000 08:02 16256578                   /lib/x86_64-linux-gnu/libpthread-2.15.so
7fe750e3c000-7fe750e40000 rw-p 00000000 00:00 0 
7fe750e40000-7fe750e62000 r-xp 00000000 08:02 16256478                   /lib/x86_64-linux-gnu/ld-2.15.so
7fe750e70000-7fe750e73000 r--s 0007d000 08:02 18489867                   /usr/lib/jvm/java-6-openjdk-common/jre/lib/jsse.jar
7fe750e73000-7fe750e7a000 r--s 00067000 08:02 15730908                   /home/jam/Applications/grails-2.1.1/lib/com.springsource.springloaded/springloaded-core/jars/springloaded-core-1.0.6.jar
7fe750e7a000-7fe750e84000 rw-p 00000000 00:00 0 
7fe750e84000-7fe750f3a000 rw-p 00000000 00:00 0 
7fe750f3a000-7fe750f3d000 ---p 00000000 00:00 0 
7fe750f3d000-7fe751040000 rw-p 00000000 00:00 0 
7fe751046000-7fe75104f000 r--s 000a8000 08:02 15731003                   /home/jam/Applications/grails-2.1.1/dist/grails-bootstrap-2.1.1.jar
7fe75104f000-7fe751053000 r--s 00038000 08:02 18489882                   /usr/lib/jvm/java-6-openjdk-common/jre/lib/ext/sunpkcs11.jar
7fe751053000-7fe751056000 r--s 00031000 08:02 18489884                   /usr/lib/jvm/java-6-openjdk-common/jre/lib/ext/sunjce_provider.jar
7fe751056000-7fe75105e000 rw-s 00000000 08:02 8650880                    /tmp/hsperfdata_jam/17566
7fe75105e000-7fe75105f000 rw-p 00000000 00:00 0 
7fe75105f000-7fe751060000 r--p 00000000 00:00 0 
7fe751060000-7fe751062000 rw-p 00000000 00:00 0 
7fe751062000-7fe751063000 r--p 00022000 08:02 16256478                   /lib/x86_64-linux-gnu/ld-2.15.so
7fe751063000-7fe751065000 rw-p 00023000 08:02 16256478                   /lib/x86_64-linux-gnu/ld-2.15.so
7fffe6e53000-7fffe6e74000 rw-p 00000000 00:00 0                          [stack]
7fffe6fff000-7fffe7000000 r-xp 00000000 00:00 0                          [vdso]
ffffffffff600000-ffffffffff601000 r-xp 00000000 00:00 0                  [vsyscall]

VM Arguments:
jvm_args: -Xmx768M -Xms768M -XX:PermSize=256m -XX:MaxPermSize=256m -Dfile.encoding=UTF-8 -Dserver.port=8080 -Djline.WindowsTerminal.directConsole=false -javaagent:/home/jam/Applications/grails-2.1.1/lib/com.springsource.springloaded/springloaded-core/jars/springloaded-core-1.0.6.jar -Xverify:none -Dspringloaded=profile=grails;cacheDir=/home/jam/.grails/2.1.1/ -Dgrails.home=/home/jam/Applications/grails-2.1.1 -Dtools.jar=/usr/lib/jvm/default-java/lib/tools.jar 
java_command: org.codehaus.groovy.grails.cli.support.GrailsStarter --main org.codehaus.groovy.grails.cli.GrailsScriptRunner --conf /home/jam/Applications/grails-2.1.1/conf/groovy-starter.conf --classpath   run-app
Launcher Type: SUN_STANDARD

Environment Variables:
JAVA_HOME=/usr/lib/jvm/default-java
PATH=/usr/lib/lightdm/lightdm:/usr/local/sbin:/usr/local/bin:/usr/sbin:/usr/bin:/sbin:/bin:/usr/games
LD_LIBRARY_PATH=/usr/lib/jvm/java-6-openjdk-amd64/jre/lib/amd64/server:/usr/lib/jvm/java-6-openjdk-amd64/jre/lib/amd64:/usr/lib/jvm/java-6-openjdk-amd64/jre/../lib/amd64
SHELL=/bin/bash
DISPLAY=:0

Signal Handlers:
SIGSEGV: [libjvm.so+0x784310], sa_mask[0]=0x7ffbfeff, sa_flags=0x10000004
SIGBUS: [libjvm.so+0x784310], sa_mask[0]=0x7ffbfeff, sa_flags=0x10000004
SIGFPE: [libjvm.so+0x648580], sa_mask[0]=0x7ffbfeff, sa_flags=0x10000004
SIGPIPE: [libjvm.so+0x648580], sa_mask[0]=0x7ffbfeff, sa_flags=0x10000004
SIGXFSZ: [libjvm.so+0x648580], sa_mask[0]=0x7ffbfeff, sa_flags=0x10000004
SIGILL: [libjvm.so+0x648580], sa_mask[0]=0x7ffbfeff, sa_flags=0x10000004
SIGUSR1: SIG_DFL, sa_mask[0]=0x00000000, sa_flags=0x00000000
SIGUSR2: [libjvm.so+0x648730], sa_mask[0]=0x00000004, sa_flags=0x10000004
SIGHUP: [libjvm.so+0x64b250], sa_mask[0]=0x7ffbfeff, sa_flags=0x10000004
SIGINT: SIG_IGN, sa_mask[0]=0x00000000, sa_flags=0x00000000
SIGTERM: [libjvm.so+0x64b250], sa_mask[0]=0x7ffbfeff, sa_flags=0x10000004
SIGQUIT: [libjvm.so+0x64b250], sa_mask[0]=0x7ffbfeff, sa_flags=0x10000004


---------------  S Y S T E M  ---------------

OS:Ubuntu 12.04 (precise)
uname:Linux 3.2.0-30-generic #48-Ubuntu SMP Fri Aug 24 16:52:48 UTC 2012 x86_64
libc:glibc 2.15 NPTL 2.15 
rlimit: STACK 8192k, CORE 0k, NPROC 59519, NOFILE 4096, AS infinity
load average:0.80 1.34 1.53

/proc/meminfo:
MemTotal:        7636272 kB
MemFree:          651352 kB
Buffers:           32596 kB
Cached:           707820 kB
SwapCached:         4980 kB
Active:          3172376 kB
Inactive:         965632 kB
Active(anon):    2822288 kB
Inactive(anon):   613920 kB
Active(file):     350088 kB
Inactive(file):   351712 kB
Unevictable:         116 kB
Mlocked:             116 kB
SwapTotal:       7837776 kB
SwapFree:        7794844 kB
Dirty:             16984 kB
Writeback:             0 kB
AnonPages:       3393428 kB
Mapped:          2468128 kB
Shmem:             38616 kB
Slab:             202596 kB
SReclaimable:     141600 kB
SUnreclaim:        60996 kB
KernelStack:        5528 kB
PageTables:        67444 kB
NFS_Unstable:          0 kB
Bounce:                0 kB
WritebackTmp:          0 kB
CommitLimit:    11655912 kB
Committed_AS:   11178456 kB
VmallocTotal:   34359738367 kB
VmallocUsed:      141232 kB
VmallocChunk:   34359594992 kB
HardwareCorrupted:     0 kB
AnonHugePages:         0 kB
HugePages_Total:       0
HugePages_Free:        0
HugePages_Rsvd:        0
HugePages_Surp:        0
Hugepagesize:       2048 kB
DirectMap4k:      247808 kB
DirectMap2M:     5500928 kB
DirectMap1G:     2097152 kB


CPU:total 4 (4 cores per cpu, 1 threads per core) family 18 model 1 stepping 0, cmov, cx8, fxsr, mmx, sse, sse2, sse3, popcnt, mmxext, 3dnowpref, lzcnt, sse4a

Memory: 4k page, physical 7636272k(651352k free), swap 7837776k(7794844k free)

vm_info: OpenJDK 64-Bit Server VM (20.0-b12) for linux-amd64 JRE (1.6.0_24-b24), built on Sep  2 2012 19:50:47 by "buildd" with gcc 4.6.3

time: Thu Sep 13 18:11:01 2012
elapsed time: 2 seconds

