#
# A fatal error has been detected by the Java Runtime Environment:
#
#  SIGSEGV (0xb) at pc=0x00007f6360b04590, pid=9634, tid=140064490174208
#
# JRE version: 6.0_24-b24
# Java VM: OpenJDK 64-Bit Server VM (20.0-b12 mixed mode linux-amd64 compressed oops)
# Derivative: IcedTea6 1.11.4
# Distribution: Ubuntu 12.04 LTS, package 6b24-1.11.4-1ubuntu0.12.04.1
# Problematic frame:
# J  org.hibernate.type.EntityType.getIdentifier(Ljava/lang/Object;Lorg/hibernate/engine/SessionImplementor;)Ljava/lang/Object;
#
# If you would like to submit a bug report, please include
# instructions how to reproduce the bug and visit:
#   https://bugs.launchpad.net/ubuntu/+source/openjdk-6/
#

---------------  T H R E A D  ---------------

Current thread (0x00007f62cc4a2000):  JavaThread "DefaultPluginScheduler_Worker-1" [_thread_in_Java, id=9690, stack(0x00007f634e1eb000,0x00007f634e2ec000)]

siginfo:si_signo=SIGSEGV: si_errno=0, si_code=1 (SEGV_MAPERR), si_addr=0x00000026c000071c

Registers:
RAX=0x00000000c2f2b6b0, RBX=0x00000000df1a3c18, RCX=0x00000000e3a89180, RDX=0x00000000e40c9008
RSP=0x00007f634e2e8138, RBP=0x00007f634e2e8208, RSI=0x00000000c4804b40, RDI=0x00000026c0000710
R8 =0x00000000c4804b40, R9 =0x00000000c5589448, R10=0x00000000c4804b40, R11=0x0000000000000001
R12=0x0000000000000000, R13=0x00007f634e2e81b0, R14=0x00007f634e2e8240, R15=0x00007f62cc4a2000
RIP=0x00007f6360b04590, EFLAGS=0x0000000000010283, CSGSFS=0x0000000000000033, ERR=0x0000000000000004
  TRAPNO=0x000000000000000e

Top of Stack: (sp=0x00007f634e2e8138)
0x00007f634e2e8138:   00000000c2f2b6b0 00007f63c4804b40
0x00007f634e2e8148:   00000000e40c9008 00000000e3a89180
0x00007f634e2e8158:   00007f634e2e8158 00000000e40c9008
0x00007f634e2e8168:   00007f634e2e81c0 00000000c55ba740
0x00007f634e2e8178:   00000000c76048f0 00000000c55b7af0
0x00007f634e2e8188:   0000000000000000 00007f634e2e8208
0x00007f634e2e8198:   00007f635fd6f9b3 00007f635fd6fa82
0x00007f634e2e81a8:   00007f635fd6f9b3 00000000e3a89180
0x00007f634e2e81b8:   00000000e40c9008 00000000df1a3c18
0x00007f634e2e81c8:   00007f634e2e81c8 00000000c55b4f0c
0x00007f634e2e81d8:   00007f634e2e8240 00000000c55bb1c8
0x00007f634e2e81e8:   00000000c76047a8 00000000c55b4f78
0x00007f634e2e81f8:   00007f634e2e81b0 00007f634e2e8228
0x00007f634e2e8208:   00007f634e2e8288 00007f635fd6fa82
0x00007f634e2e8218:   0000000000000000 00000000e44c9378
0x00007f634e2e8228:   00000000e3a89180 00000000e40c9008
0x00007f634e2e8238:   00000000e44c9008 00000000df1a3c18
0x00007f634e2e8248:   00007f634e2e8248 00000000c55b5044
0x00007f634e2e8258:   00007f634e2e82c8 00000000c55bb1c8
0x00007f634e2e8268:   00000000c76044d0 00000000c55b50e8
0x00007f634e2e8278:   00007f634e2e8228 00007f634e2e82d0
0x00007f634e2e8288:   00000000e44c9008 00007f63601d0620
0x00007f634e2e8298:   0000000000000000 0000000000000000
0x00007f634e2e82a8:   0000000000000000 0000000000000000
0x00007f634e2e82b8:   0000000000000000 0000000000000000
0x00007f634e2e82c8:   0000000000000000 00000000fb420b20
0x00007f634e2e82d8:   0000000000000015 0000000000000000
0x00007f634e2e82e8:   0000000000000000 0000000000000007
0x00007f634e2e82f8:   00000000e44d2350 00000000df1ac7e0
0x00007f634e2e8308:   00000000e3a89180 00000000df1a1810
0x00007f634e2e8318:   0000000000000000 00007f62cc0b3758
0x00007f634e2e8328:   00007f634e2e8328 00007f62cc4a2000 

Instructions: (pc=0x00007f6360b04590)
0x00007f6360b04570:   48 85 c0 0f 84 60 03 00 00 48 83 c4 50 5d 85 05
0x00007f6360b04580:   7c 0a 7e 09 c3 49 8b f2 50 48 8b c0 48 8b 7e 28
0x00007f6360b04590:   8b 4f 0c 48 83 c7 10 85 c0 f2 af 58 0f 85 04 00
0x00007f6360b045a0:   00 00 48 89 46 20 74 bb 4c 8b 54 24 10 45 8b 5a 

Register to memory mapping:

RAX=0x00000000c2f2b6b0 is an oop
{instance class} 
 - klass: {other class}
RBX=0x00000000df1a3c18 is an oop
org.hibernate.type.ManyToOneType 
 - klass: 'org/hibernate/type/ManyToOneType'
RCX=0x00000000e3a89180 is an oop
org.hibernate.impl.SessionImpl 
 - klass: 'org/hibernate/impl/SessionImpl'
RDX=0x00000000e40c9008 is an oop
org.hibernate.engine.EntityKey 
 - klass: 'org/hibernate/engine/EntityKey'
RSP=0x00007f634e2e8138 is pointing into the stack for thread: 0x00007f62cc4a2000
RBP=0x00007f634e2e8208 is pointing into the stack for thread: 0x00007f62cc4a2000
RSI=0x00000000c4804b40 is an oop
java.lang.String 
 - klass: 'java/lang/String'
RDI=0x00000026c0000710 is an unknown value
R8 =0x00000000c4804b40 is an oop
java.lang.String 
 - klass: 'java/lang/String'
R9 =0x00000000c5589448 is an oop
{instance class} 
 - klass: {other class}
R10=0x00000000c4804b40 is an oop
java.lang.String 
 - klass: 'java/lang/String'
R11=0x0000000000000001 is an unknown value
R12=0x0000000000000000 is an unknown value
R13=0x00007f634e2e81b0 is pointing into the stack for thread: 0x00007f62cc4a2000
R14=0x00007f634e2e8240 is pointing into the stack for thread: 0x00007f62cc4a2000
R15=0x00007f62cc4a2000 is a thread


Stack: [0x00007f634e1eb000,0x00007f634e2ec000],  sp=0x00007f634e2e8138,  free space=1012k
Native frames: (J=compiled Java code, j=interpreted, Vv=VM code, C=native code)
J  org.hibernate.type.EntityType.getIdentifier(Ljava/lang/Object;Lorg/hibernate/engine/SessionImplementor;)Ljava/lang/Object;
j  org.hibernate.type.ManyToOneType.isDirty(Ljava/lang/Object;Ljava/lang/Object;[ZLorg/hibernate/engine/SessionImplementor;)Z+12


---------------  P R O C E S S  ---------------

Java Threads: ( => current thread )
  0x00007f634002c800 JavaThread "http-bio-8080-exec-10" daemon [_thread_blocked, id=9764, stack(0x00007f634c8d2000,0x00007f634c9d3000)]
  0x00007f635002f000 JavaThread "http-bio-8080-exec-9" daemon [_thread_blocked, id=9763, stack(0x00007f634c9d3000,0x00007f634cad4000)]
  0x00007f632c816000 JavaThread "http-bio-8080-exec-8" daemon [_thread_blocked, id=9760, stack(0x00007f634cad4000,0x00007f634cbd5000)]
  0x00007f632000d800 JavaThread "http-bio-8080-exec-7" daemon [_thread_blocked, id=9759, stack(0x00007f634cbd5000,0x00007f634ccd6000)]
  0x00007f6310067000 JavaThread "http-bio-8080-exec-6" daemon [_thread_blocked, id=9752, stack(0x00007f634ccd6000,0x00007f634cdd7000)]
  0x00007f6310065000 JavaThread "http-bio-8080-exec-5" daemon [_thread_blocked, id=9751, stack(0x00007f634cdd7000,0x00007f634ced8000)]
  0x00007f6310096800 JavaThread "http-bio-8080-exec-4" daemon [_thread_blocked, id=9750, stack(0x00007f634ced8000,0x00007f634cfd9000)]
  0x00007f6310095000 JavaThread "http-bio-8080-exec-3" daemon [_thread_blocked, id=9749, stack(0x00007f634cfd9000,0x00007f634d0da000)]
  0x00007f631000d000 JavaThread "http-bio-8080-exec-2" daemon [_thread_blocked, id=9748, stack(0x00007f634d0da000,0x00007f634d1db000)]
  0x00007f6310063000 JavaThread "http-bio-8080-exec-1" daemon [_thread_blocked, id=9747, stack(0x00007f634d1db000,0x00007f634d2dc000)]
  0x00007f636430d800 JavaThread "Thread-14" daemon [_thread_blocked, id=9712, stack(0x00007f634d2dc000,0x00007f634d3dd000)]
  0x00007f6364a7c800 JavaThread "Thread-13" [_thread_in_native, id=9711, stack(0x00007f634d3dd000,0x00007f634d4de000)]
  0x00007f636449e000 JavaThread "http-bio-8080-AsyncTimeout" daemon [_thread_blocked, id=9710, stack(0x00007f634d4de000,0x00007f634d5df000)]
  0x00007f6364823800 JavaThread "http-bio-8080-Acceptor-0" daemon [_thread_in_native, id=9709, stack(0x00007f634d5df000,0x00007f634d6e0000)]
  0x00007f6364c53000 JavaThread "ContainerBackgroundProcessor[StandardEngine[Tomcat]]" daemon [_thread_blocked, id=9708, stack(0x00007f634d6e0000,0x00007f634d7e1000)]
  0x00007f62cc7f8800 JavaThread "DefaultPluginScheduler_QuartzSchedulerThread" [_thread_blocked, id=9700, stack(0x00007f634d7e1000,0x00007f634d8e2000)]
  0x00007f62cc3b1000 JavaThread "DefaultPluginScheduler_Worker-10" [_thread_blocked, id=9699, stack(0x00007f634d8e2000,0x00007f634d9e3000)]
  0x00007f62cc0b0000 JavaThread "DefaultPluginScheduler_Worker-9" [_thread_blocked, id=9698, stack(0x00007f634d9e3000,0x00007f634dae4000)]
  0x00007f62cc142800 JavaThread "DefaultPluginScheduler_Worker-8" [_thread_blocked, id=9697, stack(0x00007f634dae4000,0x00007f634dbe5000)]
  0x00007f62cc482800 JavaThread "DefaultPluginScheduler_Worker-7" [_thread_blocked, id=9696, stack(0x00007f634dbe5000,0x00007f634dce6000)]
  0x00007f62cc84f000 JavaThread "DefaultPluginScheduler_Worker-6" [_thread_blocked, id=9695, stack(0x00007f634dce6000,0x00007f634dde7000)]
  0x00007f62cc03a800 JavaThread "DefaultPluginScheduler_Worker-5" [_thread_blocked, id=9694, stack(0x00007f634dde7000,0x00007f634dee8000)]
  0x00007f62cc4af000 JavaThread "DefaultPluginScheduler_Worker-4" [_thread_blocked, id=9693, stack(0x00007f634dee8000,0x00007f634dfe9000)]
  0x00007f62cc165000 JavaThread "DefaultPluginScheduler_Worker-3" [_thread_blocked, id=9692, stack(0x00007f634dfe9000,0x00007f634e0ea000)]
  0x00007f62cc28b800 JavaThread "DefaultPluginScheduler_Worker-2" [_thread_blocked, id=9691, stack(0x00007f634e0ea000,0x00007f634e1eb000)]
=>0x00007f62cc4a2000 JavaThread "DefaultPluginScheduler_Worker-1" [_thread_in_Java, id=9690, stack(0x00007f634e1eb000,0x00007f634e2ec000)]
  0x00007f62cc3df000 JavaThread "org.hibernate.cache.StandardQueryCache.data" daemon [_thread_blocked, id=9689, stack(0x00007f634e2ec000,0x00007f634e3ed000)]
  0x00007f62cc4c6000 JavaThread "org.hibernate.cache.UpdateTimestampsCache.data" daemon [_thread_blocked, id=9688, stack(0x00007f634e3ed000,0x00007f634e4ee000)]
  0x00007f62cc2b7800 JavaThread "org.greens.VoterContactManager.SecRole.data" daemon [_thread_blocked, id=9687, stack(0x00007f634e4ee000,0x00007f634e5ef000)]
  0x00007f62cc31d000 JavaThread "net.sf.ehcache.CacheManager@21300751" daemon [_thread_blocked, id=9686, stack(0x00007f634e5ef000,0x00007f634e6f0000)]
  0x00007f63648c4000 JavaThread "pool-4-thread-5" [_thread_blocked, id=9683, stack(0x00007f634ed02000,0x00007f634ee03000)]
  0x00007f636450f800 JavaThread "pool-4-thread-4" [_thread_blocked, id=9682, stack(0x00007f634ee03000,0x00007f634ef04000)]
  0x00007f63645e9800 JavaThread "pool-4-thread-3" [_thread_blocked, id=9681, stack(0x00007f634ef04000,0x00007f634f005000)]
  0x00007f6364a4e000 JavaThread "pool-4-thread-2" [_thread_blocked, id=9680, stack(0x00007f634f005000,0x00007f634f106000)]
  0x00007f63649d0800 JavaThread "pool-4-thread-1" [_thread_blocked, id=9679, stack(0x00007f634f106000,0x00007f634f207000)]
  0x00007f63649d3800 JavaThread "pool-3-thread-5" [_thread_blocked, id=9677, stack(0x00007f634f207000,0x00007f634f308000)]
  0x00007f6364c01000 JavaThread "pool-3-thread-4" [_thread_blocked, id=9676, stack(0x00007f634f308000,0x00007f634f409000)]
  0x00007f6364295800 JavaThread "pool-3-thread-3" [_thread_blocked, id=9675, stack(0x00007f634f409000,0x00007f634f50a000)]
  0x00007f6364c0c800 JavaThread "pool-3-thread-2" [_thread_blocked, id=9674, stack(0x00007f634f50a000,0x00007f634f60b000)]
  0x00007f63641fa000 JavaThread "pool-3-thread-1" [_thread_blocked, id=9673, stack(0x00007f634f7d7000,0x00007f634f8d8000)]
  0x00007f63642bd000 JavaThread "FileSystemWatcher: files=#3 cl=groovy.lang.GroovyClassLoader@79a705d7" daemon [_thread_blocked, id=9672, stack(0x00007f634f8d8000,0x00007f634f9d9000)]
  0x00007f6364b04000 JavaThread "FileSystemWatcher: files=#538 cl=java.net.URLClassLoader@215cc135" daemon [_thread_blocked, id=9671, stack(0x00007f635c0a9000,0x00007f635c1aa000)]
  0x00007f6364afc800 JavaThread "FileSystemWatcher: files=#18 cl=groovy.lang.GroovyClassLoader@1ae2f8c1" daemon [_thread_blocked, id=9670, stack(0x00007f634f60b000,0x00007f634f70c000)]
  0x00007f6364402000 JavaThread "pool-2-thread-1" [_thread_blocked, id=9668, stack(0x00007f635c1aa000,0x00007f635c2ab000)]
  0x00007f636440d800 JavaThread "Synchronizer (Spring UAA/1.0.1)" daemon [_thread_blocked, id=9667, stack(0x00007f635c2ab000,0x00007f635c3ac000)]
  0x00007f6364a95000 JavaThread "Timer-0" daemon [_thread_blocked, id=9666, stack(0x00007f635dd77000,0x00007f635de78000)]
  0x00007f63640e3800 JavaThread "Low Memory Detector" daemon [_thread_blocked, id=9658, stack(0x00007f635e18f000,0x00007f635e290000)]
  0x00007f63640e9000 JavaThread "C2 CompilerThread1" daemon [_thread_blocked, id=9657, stack(0x00007f635e290000,0x00007f635e391000)]
  0x00007f63640ea800 JavaThread "C2 CompilerThread0" daemon [_thread_blocked, id=9656, stack(0x00007f635e391000,0x00007f635e492000)]
  0x00007f636408c000 JavaThread "Signal Dispatcher" daemon [_thread_blocked, id=9655, stack(0x00007f635e4f0000,0x00007f635e5f1000)]
  0x00007f6364079800 JavaThread "Finalizer" daemon [_thread_blocked, id=9654, stack(0x00007f635edcc000,0x00007f635eecd000)]
  0x00007f6364077800 JavaThread "Reference Handler" daemon [_thread_blocked, id=9653, stack(0x00007f633feff000,0x00007f6340000000)]
  0x00007f6364009800 JavaThread "main" [_thread_blocked, id=9647, stack(0x00007f636a1c0000,0x00007f636a2c1000)]

Other Threads:
  0x00007f6364071000 VMThread [stack: 0x00007f635eecd000,0x00007f635efce000] [id=9652]
  0x00007f63640f5800 WatcherThread [stack: 0x00007f635e08e000,0x00007f635e18f000] [id=9659]

VM state:not at safepoint (normal execution)

VM Mutex/Monitor currently owned by a thread: None

Heap
 PSYoungGen      total 259584K, used 187095K [0x00000000f0000000, 0x0000000100000000, 0x0000000100000000)
  eden space 257024K, 72% used [0x00000000f0000000,0x00000000fb4ff640,0x00000000ffb00000)
  from space 2560K, 68% used [0x00000000ffb00000,0x00000000ffcb6898,0x00000000ffd80000)
  to   space 2496K, 0% used [0x00000000ffd90000,0x00000000ffd90000,0x0000000100000000)
 PSOldGen        total 524288K, used 335895K [0x00000000d0000000, 0x00000000f0000000, 0x00000000f0000000)
  object space 524288K, 64% used [0x00000000d0000000,0x00000000e4805de8,0x00000000f0000000)
 PSPermGen       total 262144K, used 133131K [0x00000000c0000000, 0x00000000d0000000, 0x00000000d0000000)
  object space 262144K, 50% used [0x00000000c0000000,0x00000000c8202f08,0x00000000d0000000)

Code Cache  [0x00007f635fd6a000, 0x00007f6360cfa000, 0x00007f6362d6a000)
 total_blobs=4168 nmethods=3449 adapters=671 free_code_cache=34175232 largest_free_block=9600

Dynamic libraries:
00400000-00409000 r-xp 00000000 08:02 397963                             /usr/lib/jvm/java-6-openjdk-amd64/jre/bin/java
00608000-00609000 r--p 00008000 08:02 397963                             /usr/lib/jvm/java-6-openjdk-amd64/jre/bin/java
00609000-0060a000 rw-p 00009000 08:02 397963                             /usr/lib/jvm/java-6-openjdk-amd64/jre/bin/java
00d2e000-00d4f000 rw-p 00000000 00:00 0                                  [heap]
c0000000-100000000 rw-p 00000000 00:00 0 
7f62c8000000-7f62c8021000 rw-p 00000000 00:00 0 
7f62c8021000-7f62cc000000 ---p 00000000 00:00 0 
7f62cc000000-7f62ccbda000 rw-p 00000000 00:00 0 
7f62ccbda000-7f62d0000000 ---p 00000000 00:00 0 
7f62d0000000-7f62d0077000 rw-p 00000000 00:00 0 
7f62d0077000-7f62d4000000 ---p 00000000 00:00 0 
7f62d4000000-7f62d4021000 rw-p 00000000 00:00 0 
7f62d4021000-7f62d8000000 ---p 00000000 00:00 0 
7f62d8000000-7f62d8021000 rw-p 00000000 00:00 0 
7f62d8021000-7f62dc000000 ---p 00000000 00:00 0 
7f62dc000000-7f62dc021000 rw-p 00000000 00:00 0 
7f62dc021000-7f62e0000000 ---p 00000000 00:00 0 
7f62e0000000-7f62e0021000 rw-p 00000000 00:00 0 
7f62e0021000-7f62e4000000 ---p 00000000 00:00 0 
7f62e4000000-7f62e4021000 rw-p 00000000 00:00 0 
7f62e4021000-7f62e8000000 ---p 00000000 00:00 0 
7f62e8000000-7f62e8021000 rw-p 00000000 00:00 0 
7f62e8021000-7f62ec000000 ---p 00000000 00:00 0 
7f62ec000000-7f62ec021000 rw-p 00000000 00:00 0 
7f62ec021000-7f62f0000000 ---p 00000000 00:00 0 
7f62f0000000-7f62f0021000 rw-p 00000000 00:00 0 
7f62f0021000-7f62f4000000 ---p 00000000 00:00 0 
7f62f4000000-7f62f4021000 rw-p 00000000 00:00 0 
7f62f4021000-7f62f8000000 ---p 00000000 00:00 0 
7f62f8000000-7f62f8021000 rw-p 00000000 00:00 0 
7f62f8021000-7f62fc000000 ---p 00000000 00:00 0 
7f6300000000-7f6303fff000 rw-p 00000000 00:00 0 
7f6303fff000-7f6304000000 ---p 00000000 00:00 0 
7f6304000000-7f63065ac000 rw-p 00000000 00:00 0 
7f63065ac000-7f6308000000 ---p 00000000 00:00 0 
7f6308000000-7f6308021000 rw-p 00000000 00:00 0 
7f6308021000-7f630c000000 ---p 00000000 00:00 0 
7f630c000000-7f6310000000 rw-p 00000000 00:00 0 
7f6310000000-7f63100d9000 rw-p 00000000 00:00 0 
7f63100d9000-7f6314000000 ---p 00000000 00:00 0 
7f6314000000-7f6314021000 rw-p 00000000 00:00 0 
7f6314021000-7f6318000000 ---p 00000000 00:00 0 
7f6318000000-7f6318021000 rw-p 00000000 00:00 0 
7f6318021000-7f631c000000 ---p 00000000 00:00 0 
7f631c000000-7f631c04a000 rw-p 00000000 00:00 0 
7f631c04a000-7f6320000000 ---p 00000000 00:00 0 
7f6320000000-7f6320021000 rw-p 00000000 00:00 0 
7f6320021000-7f6324000000 ---p 00000000 00:00 0 
7f6324000000-7f6324021000 rw-p 00000000 00:00 0 
7f6324021000-7f6328000000 ---p 00000000 00:00 0 
7f6328000000-7f632bfd4000 rw-p 00000000 00:00 0 
7f632bfd4000-7f632c000000 ---p 00000000 00:00 0 
7f632c000000-7f632ff34000 rw-p 00000000 00:00 0 
7f632ff34000-7f6330000000 ---p 00000000 00:00 0 
7f6330000000-7f6330021000 rw-p 00000000 00:00 0 
7f6330021000-7f6334000000 ---p 00000000 00:00 0 
7f6334000000-7f6334068000 rw-p 00000000 00:00 0 
7f6334068000-7f6338000000 ---p 00000000 00:00 0 
7f6338000000-7f63382b1000 rw-p 00000000 00:00 0 
7f63382b1000-7f633c000000 ---p 00000000 00:00 0 
7f633feff000-7f633ff02000 ---p 00000000 00:00 0 
7f633ff02000-7f6340000000 rw-p 00000000 00:00 0 
7f6340000000-7f634004e000 rw-p 00000000 00:00 0 
7f634004e000-7f6344000000 ---p 00000000 00:00 0 
7f6348000000-7f63488f7000 rw-p 00000000 00:00 0 
7f63488f7000-7f634c000000 ---p 00000000 00:00 0 
7f634c8d2000-7f634c8d5000 ---p 00000000 00:00 0 
7f634c8d5000-7f634c9d3000 rw-p 00000000 00:00 0 
7f634c9d3000-7f634c9d6000 ---p 00000000 00:00 0 
7f634c9d6000-7f634cad4000 rw-p 00000000 00:00 0 
7f634cad4000-7f634cad7000 ---p 00000000 00:00 0 
7f634cad7000-7f634cbd5000 rw-p 00000000 00:00 0 
7f634cbd5000-7f634cbd8000 ---p 00000000 00:00 0 
7f634cbd8000-7f634ccd6000 rw-p 00000000 00:00 0 
7f634ccd6000-7f634ccd9000 ---p 00000000 00:00 0 
7f634ccd9000-7f634cdd7000 rw-p 00000000 00:00 0 
7f634cdd7000-7f634cdda000 ---p 00000000 00:00 0 
7f634cdda000-7f634ced8000 rw-p 00000000 00:00 0 
7f634ced8000-7f634cedb000 ---p 00000000 00:00 0 
7f634cedb000-7f634cfd9000 rw-p 00000000 00:00 0 
7f634cfd9000-7f634cfdc000 ---p 00000000 00:00 0 
7f634cfdc000-7f634d0da000 rw-p 00000000 00:00 0 
7f634d0da000-7f634d0dd000 ---p 00000000 00:00 0 
7f634d0dd000-7f634d1db000 rw-p 00000000 00:00 0 
7f634d1db000-7f634d1de000 ---p 00000000 00:00 0 
7f634d1de000-7f634d2dc000 rw-p 00000000 00:00 0 
7f634d2dc000-7f634d2df000 ---p 00000000 00:00 0 
7f634d2df000-7f634d3dd000 rw-p 00000000 00:00 0 
7f634d3dd000-7f634d3e0000 ---p 00000000 00:00 0 
7f634d3e0000-7f634d4de000 rw-p 00000000 00:00 0 
7f634d4de000-7f634d4e1000 ---p 00000000 00:00 0 
7f634d4e1000-7f634d5df000 rw-p 00000000 00:00 0 
7f634d5df000-7f634d5e2000 ---p 00000000 00:00 0 
7f634d5e2000-7f634d6e0000 rw-p 00000000 00:00 0 
7f634d6e0000-7f634d6e3000 ---p 00000000 00:00 0 
7f634d6e3000-7f634d7e1000 rw-p 00000000 00:00 0 
7f634d7e1000-7f634d7e4000 ---p 00000000 00:00 0 
7f634d7e4000-7f634d8e2000 rw-p 00000000 00:00 0 
7f634d8e2000-7f634d8e5000 ---p 00000000 00:00 0 
7f634d8e5000-7f634d9e3000 rw-p 00000000 00:00 0 
7f634d9e3000-7f634d9e6000 ---p 00000000 00:00 0 
7f634d9e6000-7f634dae4000 rw-p 00000000 00:00 0 
7f634dae4000-7f634dae7000 ---p 00000000 00:00 0 
7f634dae7000-7f634dbe5000 rw-p 00000000 00:00 0 
7f634dbe5000-7f634dbe8000 ---p 00000000 00:00 0 
7f634dbe8000-7f634dce6000 rw-p 00000000 00:00 0 
7f634dce6000-7f634dce9000 ---p 00000000 00:00 0 
7f634dce9000-7f634dde7000 rw-p 00000000 00:00 0 
7f634dde7000-7f634ddea000 ---p 00000000 00:00 0 
7f634ddea000-7f634dee8000 rw-p 00000000 00:00 0 
7f634dee8000-7f634deeb000 ---p 00000000 00:00 0 
7f634deeb000-7f634dfe9000 rw-p 00000000 00:00 0 
7f634dfe9000-7f634dfec000 ---p 00000000 00:00 0 
7f634dfec000-7f634e0ea000 rw-p 00000000 00:00 0 
7f634e0ea000-7f634e0ed000 ---p 00000000 00:00 0 
7f634e0ed000-7f634e1eb000 rw-p 00000000 00:00 0 
7f634e1eb000-7f634e1ee000 ---p 00000000 00:00 0 
7f634e1ee000-7f634e2ec000 rw-p 00000000 00:00 0 
7f634e2ec000-7f634e2ef000 ---p 00000000 00:00 0 
7f634e2ef000-7f634e3ed000 rw-p 00000000 00:00 0 
7f634e3ed000-7f634e3f0000 ---p 00000000 00:00 0 
7f634e3f0000-7f634e4ee000 rw-p 00000000 00:00 0 
7f634e4ee000-7f634e4f1000 ---p 00000000 00:00 0 
7f634e4f1000-7f634e5ef000 rw-p 00000000 00:00 0 
7f634e5ef000-7f634e5f2000 ---p 00000000 00:00 0 
7f634e5f2000-7f634e6f0000 rw-p 00000000 00:00 0 
7f634e6f0000-7f634e6f3000 ---p 00000000 00:00 0 
7f634e6f3000-7f634e7f1000 rw-p 00000000 00:00 0 
7f634e7f1000-7f634e7f4000 ---p 00000000 00:00 0 
7f634e7f4000-7f634e8f2000 rw-p 00000000 00:00 0 
7f634e8f2000-7f634e8f8000 r-xp 00000000 08:02 18747991                   /usr/lib/jvm/java-6-openjdk-amd64/jre/lib/amd64/libmanagement.so
7f634e8f8000-7f634eaf7000 ---p 00006000 08:02 18747991                   /usr/lib/jvm/java-6-openjdk-amd64/jre/lib/amd64/libmanagement.so
7f634eaf7000-7f634eaf8000 r--p 00005000 08:02 18747991                   /usr/lib/jvm/java-6-openjdk-amd64/jre/lib/amd64/libmanagement.so
7f634eaf8000-7f634eaf9000 rw-p 00006000 08:02 18747991                   /usr/lib/jvm/java-6-openjdk-amd64/jre/lib/amd64/libmanagement.so
7f634eaf9000-7f634eb01000 r-xp 00000000 08:02 18747982                   /usr/lib/jvm/java-6-openjdk-amd64/jre/lib/amd64/libnio.so
7f634eb01000-7f634ed00000 ---p 00008000 08:02 18747982                   /usr/lib/jvm/java-6-openjdk-amd64/jre/lib/amd64/libnio.so
7f634ed00000-7f634ed01000 r--p 00007000 08:02 18747982                   /usr/lib/jvm/java-6-openjdk-amd64/jre/lib/amd64/libnio.so
7f634ed01000-7f634ed02000 rw-p 00008000 08:02 18747982                   /usr/lib/jvm/java-6-openjdk-amd64/jre/lib/amd64/libnio.so
7f634ed02000-7f634ed05000 ---p 00000000 00:00 0 
7f634ed05000-7f634ee03000 rw-p 00000000 00:00 0 
7f634ee03000-7f634ee06000 ---p 00000000 00:00 0 
7f634ee06000-7f634ef04000 rw-p 00000000 00:00 0 
7f634ef04000-7f634ef07000 ---p 00000000 00:00 0 
7f634ef07000-7f634f005000 rw-p 00000000 00:00 0 
7f634f005000-7f634f008000 ---p 00000000 00:00 0 
7f634f008000-7f634f106000 rw-p 00000000 00:00 0 
7f634f106000-7f634f109000 ---p 00000000 00:00 0 
7f634f109000-7f634f207000 rw-p 00000000 00:00 0 
7f634f207000-7f634f20a000 ---p 00000000 00:00 0 
7f634f20a000-7f634f308000 rw-p 00000000 00:00 0 
7f634f308000-7f634f30b000 ---p 00000000 00:00 0 
7f634f30b000-7f634f409000 rw-p 00000000 00:00 0 
7f634f409000-7f634f40c000 ---p 00000000 00:00 0 
7f634f40c000-7f634f50a000 rw-p 00000000 00:00 0 
7f634f50a000-7f634f50d000 ---p 00000000 00:00 0 
7f634f50d000-7f634f60b000 rw-p 00000000 00:00 0 
7f634f60b000-7f634f60e000 ---p 00000000 00:00 0 
7f634f60e000-7f634f70c000 rw-p 00000000 00:00 0 
7f634f7d7000-7f634f7da000 ---p 00000000 00:00 0 
7f634f7da000-7f634f8d8000 rw-p 00000000 00:00 0 
7f634f8d8000-7f634f8db000 ---p 00000000 00:00 0 
7f634f8db000-7f634f9d9000 rw-p 00000000 00:00 0 
7f634f9d9000-7f634f9f1000 r-xp 00000000 08:02 16256582                   /lib/x86_64-linux-gnu/libresolv-2.15.so
7f634f9f1000-7f634fbf1000 ---p 00018000 08:02 16256582                   /lib/x86_64-linux-gnu/libresolv-2.15.so
7f634fbf1000-7f634fbf2000 r--p 00018000 08:02 16256582                   /lib/x86_64-linux-gnu/libresolv-2.15.so
7f634fbf2000-7f634fbf3000 rw-p 00019000 08:02 16256582                   /lib/x86_64-linux-gnu/libresolv-2.15.so
7f634fbf3000-7f634fbf5000 rw-p 00000000 00:00 0 
7f634fbf5000-7f634fbfc000 r-xp 00000000 08:02 16256547                   /lib/x86_64-linux-gnu/libnss_dns-2.15.so
7f634fbfc000-7f634fdfb000 ---p 00007000 08:02 16256547                   /lib/x86_64-linux-gnu/libnss_dns-2.15.so
7f634fdfb000-7f634fdfc000 r--p 00006000 08:02 16256547                   /lib/x86_64-linux-gnu/libnss_dns-2.15.so
7f634fdfc000-7f634fdfd000 rw-p 00007000 08:02 16256547                   /lib/x86_64-linux-gnu/libnss_dns-2.15.so
7f634fdfd000-7f634fdff000 r-xp 00000000 08:02 16252982                   /lib/libnss_mdns4_minimal.so.2
7f634fdff000-7f634fffe000 ---p 00002000 08:02 16252982                   /lib/libnss_mdns4_minimal.so.2
7f634fffe000-7f634ffff000 r--p 00001000 08:02 16252982                   /lib/libnss_mdns4_minimal.so.2
7f634ffff000-7f6350000000 rw-p 00002000 08:02 16252982                   /lib/libnss_mdns4_minimal.so.2
7f6350000000-7f6350084000 rw-p 00000000 00:00 0 
7f6350084000-7f6354000000 ---p 00000000 00:00 0 
7f6354000000-7f6354021000 rw-p 00000000 00:00 0 
7f6354021000-7f6358000000 ---p 00000000 00:00 0 
7f6358000000-7f6358048000 rw-p 00000000 00:00 0 
7f6358048000-7f635c000000 ---p 00000000 00:00 0 
7f635c0a9000-7f635c0ac000 ---p 00000000 00:00 0 
7f635c0ac000-7f635c1aa000 rw-p 00000000 00:00 0 
7f635c1aa000-7f635c1ad000 ---p 00000000 00:00 0 
7f635c1ad000-7f635c2ab000 rw-p 00000000 00:00 0 
7f635c2ab000-7f635c2ae000 ---p 00000000 00:00 0 
7f635c2ae000-7f635c3ac000 rw-p 00000000 00:00 0 
7f635c3ac000-7f635c409000 r-xp 00000000 08:02 16651114                   /usr/lib/x86_64-linux-gnu/nss/libfreebl3.so
7f635c409000-7f635c608000 ---p 0005d000 08:02 16651114                   /usr/lib/x86_64-linux-gnu/nss/libfreebl3.so
7f635c608000-7f635c60a000 r--p 0005c000 08:02 16651114                   /usr/lib/x86_64-linux-gnu/nss/libfreebl3.so
7f635c60a000-7f635c60b000 rw-p 0005e000 08:02 16651114                   /usr/lib/x86_64-linux-gnu/nss/libfreebl3.so
7f635c60b000-7f635c60f000 rw-p 00000000 00:00 0 
7f635c60f000-7f635c6ad000 r-xp 00000000 08:02 16131587                   /usr/lib/x86_64-linux-gnu/libsqlite3.so.0.8.6
7f635c6ad000-7f635c8ad000 ---p 0009e000 08:02 16131587                   /usr/lib/x86_64-linux-gnu/libsqlite3.so.0.8.6
7f635c8ad000-7f635c8af000 r--p 0009e000 08:02 16131587                   /usr/lib/x86_64-linux-gnu/libsqlite3.so.0.8.6
7f635c8af000-7f635c8b1000 rw-p 000a0000 08:02 16131587                   /usr/lib/x86_64-linux-gnu/libsqlite3.so.0.8.6
7f635c8b1000-7f635c8b2000 rw-p 00000000 00:00 0 
7f635c8b2000-7f635c8eb000 r-xp 00000000 08:02 16651117                   /usr/lib/x86_64-linux-gnu/nss/libsoftokn3.so
7f635c8eb000-7f635caea000 ---p 00039000 08:02 16651117                   /usr/lib/x86_64-linux-gnu/nss/libsoftokn3.so
7f635caea000-7f635caec000 r--p 00038000 08:02 16651117                   /usr/lib/x86_64-linux-gnu/nss/libsoftokn3.so
7f635caec000-7f635caed000 rw-p 0003a000 08:02 16651117                   /usr/lib/x86_64-linux-gnu/nss/libsoftokn3.so
7f635caed000-7f635cb27000 r-xp 00000000 08:02 16127779                   /usr/lib/x86_64-linux-gnu/libnspr4.so
7f635cb27000-7f635cd26000 ---p 0003a000 08:02 16127779                   /usr/lib/x86_64-linux-gnu/libnspr4.so
7f635cd26000-7f635cd27000 r--p 00039000 08:02 16127779                   /usr/lib/x86_64-linux-gnu/libnspr4.so
7f635cd27000-7f635cd29000 rw-p 0003a000 08:02 16127779                   /usr/lib/x86_64-linux-gnu/libnspr4.so
7f635cd29000-7f635cd2b000 rw-p 00000000 00:00 0 
7f635cd2b000-7f635cd2e000 r-xp 00000000 08:02 16127775                   /usr/lib/x86_64-linux-gnu/libplds4.so
7f635cd2e000-7f635cf2d000 ---p 00003000 08:02 16127775                   /usr/lib/x86_64-linux-gnu/libplds4.so
7f635cf2d000-7f635cf2e000 r--p 00002000 08:02 16127775                   /usr/lib/x86_64-linux-gnu/libplds4.so
7f635cf2e000-7f635cf2f000 rw-p 00003000 08:02 16127775                   /usr/lib/x86_64-linux-gnu/libplds4.so
7f635cf2f000-7f635cf33000 r-xp 00000000 08:02 16127777                   /usr/lib/x86_64-linux-gnu/libplc4.so
7f635cf33000-7f635d132000 ---p 00004000 08:02 16127777                   /usr/lib/x86_64-linux-gnu/libplc4.so
7f635d132000-7f635d133000 r--p 00003000 08:02 16127777                   /usr/lib/x86_64-linux-gnu/libplc4.so
7f635d133000-7f635d134000 rw-p 00004000 08:02 16127777                   /usr/lib/x86_64-linux-gnu/libplc4.so
7f635d134000-7f635d150000 r-xp 00000000 08:02 16123808                   /usr/lib/x86_64-linux-gnu/libnssutil3.so
7f635d150000-7f635d350000 ---p 0001c000 08:02 16123808                   /usr/lib/x86_64-linux-gnu/libnssutil3.so
7f635d350000-7f635d356000 r--p 0001c000 08:02 16123808                   /usr/lib/x86_64-linux-gnu/libnssutil3.so
7f635d356000-7f635d357000 rw-p 00022000 08:02 16123808                   /usr/lib/x86_64-linux-gnu/libnssutil3.so
7f635d357000-7f635d455000 r-xp 00000000 08:02 16122488                   /usr/lib/x86_64-linux-gnu/libnss3.so
7f635d455000-7f635d654000 ---p 000fe000 08:02 16122488                   /usr/lib/x86_64-linux-gnu/libnss3.so
7f635d654000-7f635d659000 r--p 000fd000 08:02 16122488                   /usr/lib/x86_64-linux-gnu/libnss3.so
7f635d659000-7f635d65b000 rw-p 00102000 08:02 16122488                   /usr/lib/x86_64-linux-gnu/libnss3.so
7f635d65b000-7f635d65d000 rw-p 00000000 00:00 0 
7f635d66f000-7f635d67d000 r--s 00351000 08:02 18489869                   /usr/lib/jvm/java-6-openjdk-common/jre/lib/charsets.jar
7f635d67d000-7f635d68b000 r-xp 00000000 08:02 18747997                   /usr/lib/jvm/java-6-openjdk-amd64/jre/lib/amd64/libj2pkcs11.so
7f635d68b000-7f635d88b000 ---p 0000e000 08:02 18747997                   /usr/lib/jvm/java-6-openjdk-amd64/jre/lib/amd64/libj2pkcs11.so
7f635d88b000-7f635d88c000 r--p 0000e000 08:02 18747997                   /usr/lib/jvm/java-6-openjdk-amd64/jre/lib/amd64/libj2pkcs11.so
7f635d88c000-7f635d88d000 rw-p 0000f000 08:02 18747997                   /usr/lib/jvm/java-6-openjdk-amd64/jre/lib/amd64/libj2pkcs11.so
7f635d88d000-7f635d88f000 r--s 00013000 08:02 18489868                   /usr/lib/jvm/java-6-openjdk-common/jre/lib/jce.jar
7f635d898000-7f635d8a6000 r--s 00351000 08:02 18489869                   /usr/lib/jvm/java-6-openjdk-common/jre/lib/charsets.jar
7f635d8a6000-7f635d8aa000 r--s 0002f000 08:02 4722137                    /home/jam/.grails/ivy-cache/org.grails/grails-test/jars/grails-test-2.1.1.jar
7f635d8aa000-7f635d8b0000 r--s 0006c000 08:02 4722135                    /home/jam/.grails/ivy-cache/org.grails/grails-plugin-testing/jars/grails-plugin-testing-2.1.1.jar
7f635d8b0000-7f635d8b1000 r--s 00002000 08:02 5636284                    /home/jam/.grails/ivy-cache/org.hibernate/hibernate-ehcache/jars/hibernate-ehcache-3.6.10.Final.jar
7f635d8b1000-7f635d8b6000 r--s 00048000 08:02 5636282                    /home/jam/.grails/ivy-cache/dom4j/dom4j/jars/dom4j-1.6.1.jar
7f635d8b6000-7f635d8bb000 r--s 00068000 08:02 5636280                    /home/jam/.grails/ivy-cache/antlr/antlr/jars/antlr-2.7.7.jar
7f635d8bb000-7f635d8c4000 r--s 00098000 08:02 5636278                    /home/jam/.grails/ivy-cache/org.javassist/javassist/jars/javassist-3.16.1-GA.jar
7f635d8c4000-7f635d8c7000 r--s 00009000 08:02 5636286                    /home/jam/.grails/ivy-cache/javax.validation/validation-api/jars/validation-api-1.0.0.GA.jar
7f635d8c7000-7f635d8ce000 r--s 00040000 08:02 5636276                    /home/jam/.grails/ivy-cache/org.hibernate/hibernate-validator/jars/hibernate-validator-4.1.0.Final.jar
7f635d8ce000-7f635d8d1000 r--s 0000f000 08:02 5636274                    /home/jam/.grails/ivy-cache/org.hibernate/hibernate-commons-annotations/jars/hibernate-commons-annotations-3.2.0.Final.jar
7f635d8d1000-7f635d903000 r--s 002c9000 08:02 5636272                    /home/jam/.grails/ivy-cache/org.hibernate/hibernate-core/jars/hibernate-core-3.6.10.Final.jar
7f635d903000-7f635d914000 r--s 000d2000 08:02 5636617                    /home/jam/.grails/ivy-cache/org.liquibase/liquibase-core/jars/liquibase-core-2.0.5.jar
7f635d914000-7f635d91d000 r--s 00080000 08:02 5767285                    /home/jam/.grails/ivy-cache/org.quartz-scheduler/quartz/jars/quartz-2.1.5.jar
7f635d91d000-7f635d924000 r--s 00035000 08:02 4851541                    /home/jam/.grails/ivy-cache/org.springframework.security/spring-security-web/jars/spring-security-web-3.0.7.RELEASE.jar
7f635d924000-7f635d92e000 r--s 00043000 08:02 4851538                    /home/jam/.grails/ivy-cache/org.springframework.security/spring-security-core/jars/spring-security-core-3.0.7.RELEASE.jar
7f635d92e000-7f635d92f000 r--s 00004000 08:02 5637614                    /home/jam/.grails/ivy-cache/net.sf.opencsv/opencsv/jars/opencsv-2.3.jar
7f635d92f000-7f635d935000 r--s 0007e000 08:02 5637426                    /home/jam/.grails/ivy-cache/postgresql/postgresql/jars/postgresql-9.0-801.jdbc4.jar
7f635d935000-7f635d93c000 r--s 000bd000 08:02 4722926                    /home/jam/.grails/ivy-cache/mysql/mysql-connector-java/jars/mysql-connector-java-5.1.20.jar
7f635d93c000-7f635d93e000 r--s 00000000 08:02 4722133                    /home/jam/.grails/ivy-cache/org.slf4j/jul-to-slf4j/jars/jul-to-slf4j-1.6.2.jar
7f635d93e000-7f635d940000 r--s 00003000 08:02 4722131                    /home/jam/.grails/ivy-cache/org.slf4j/jcl-over-slf4j/jars/jcl-over-slf4j-1.6.2.jar
7f635d940000-7f635d949000 r--s 0006d000 08:02 4722129                    /home/jam/.grails/ivy-cache/log4j/log4j/bundles/log4j-1.2.16.jar
7f635d949000-7f635d95e000 r--s 000e3000 08:02 4722127                    /home/jam/.grails/ivy-cache/net.sf.ehcache/ehcache-core/jars/ehcache-core-2.4.6.jar
7f635d95e000-7f635d960000 r--s 00005000 08:02 4722125                    /home/jam/.grails/ivy-cache/xpp3/xpp3_min/jars/xpp3_min-1.1.4c.jar
7f635d960000-7f635d962000 r--s 00004000 08:02 4722123                    /home/jam/.grails/ivy-cache/javax.servlet/jstl/jars/jstl-1.1.2.jar
7f635d962000-7f635d96c000 r--s 0012c000 08:02 4722121                    /home/jam/.grails/ivy-cache/com.h2database/h2/jars/h2-1.3.164.jar
7f635d96c000-7f635d96f000 r--s 00016000 08:02 4722119                    /home/jam/.grails/ivy-cache/commons-pool/commons-pool/jars/commons-pool-1.5.6.jar
7f635d96f000-7f635d972000 r--s 00025000 08:02 4722117                    /home/jam/.grails/ivy-cache/commons-dbcp/commons-dbcp/jars/commons-dbcp-1.4.jar
7f635d972000-7f635d974000 r--s 0000e000 08:02 4722115                    /home/jam/.grails/ivy-cache/oro/oro/jars/oro-2.0.8.jar
7f635d974000-7f635d976000 r--s 0000d000 08:02 4722113                    /home/jam/.grails/ivy-cache/commons-fileupload/commons-fileupload/jars/commons-fileupload-1.2.2.jar
7f635d976000-7f635d977000 r--s 0000a000 08:02 4722111                    /home/jam/.grails/ivy-cache/asm/asm/jars/asm-3.1.jar
7f635d977000-7f635d97e000 r--s 0003e000 08:02 4722109                    /home/jam/.grails/ivy-cache/cglib/cglib/jars/cglib-2.2.jar
7f635d97e000-7f635d982000 r--s 00019000 08:02 4722107                    /home/jam/.grails/ivy-cache/org.aspectj/aspectjrt/jars/aspectjrt-1.6.10.jar
7f635d982000-7f635d998000 r--s 00184000 08:02 4722105                    /home/jam/.grails/ivy-cache/org.aspectj/aspectjweaver/jars/aspectjweaver-1.6.10.jar
7f635d998000-7f635d99f000 r--s 00056000 08:02 4722103                    /home/jam/.grails/ivy-cache/org.grails/grails-datastore-simple/jars/grails-datastore-simple-1.1.0.RELEASE.jar
7f635d99f000-7f635d9a8000 r--s 00044000 08:02 4722101                    /home/jam/.grails/ivy-cache/org.grails/grails-datastore-core/jars/grails-datastore-core-1.1.0.RELEASE.jar
7f635d9a8000-7f635d9ad000 r--s 0004c000 08:02 4722099                    /home/jam/.grails/ivy-cache/org.grails/grails-datastore-gorm/jars/grails-datastore-gorm-1.1.0.RELEASE.jar
7f635d9ad000-7f635d9b8000 r--s 00082000 08:02 4722097                    /home/jam/.grails/ivy-cache/org.springframework/spring-webmvc/jars/spring-webmvc-3.1.2.RELEASE.jar
7f635d9b8000-7f635d9c4000 r--s 0007a000 08:02 4722095                    /home/jam/.grails/ivy-cache/org.springframework/spring-web/jars/spring-web-3.1.2.RELEASE.jar
7f635d9c4000-7f635d9cb000 r--s 00035000 08:02 4722093                    /home/jam/.grails/ivy-cache/org.springframework/spring-tx/jars/spring-tx-3.1.2.RELEASE.jar
7f635d9cb000-7f635d9d4000 r--s 00054000 08:02 4722091                    /home/jam/.grails/ivy-cache/org.springframework/spring-orm/jars/spring-orm-3.1.2.RELEASE.jar
7f635d9d4000-7f635d9d9000 r--s 0002c000 08:02 4722089                    /home/jam/.grails/ivy-cache/org.springframework/spring-jms/jars/spring-jms-3.1.2.RELEASE.jar
7f635d9d9000-7f635d9e3000 r--s 00059000 08:02 4722087                    /home/jam/.grails/ivy-cache/org.springframework/spring-jdbc/jars/spring-jdbc-3.1.2.RELEASE.jar
7f635d9e3000-7f635d9e7000 r--s 00027000 08:02 4722085                    /home/jam/.grails/ivy-cache/org.springframework/spring-expression/jars/spring-expression-3.1.2.RELEASE.jar
7f635d9e7000-7f635d9ea000 r--s 00018000 08:02 4722083                    /home/jam/.grails/ivy-cache/org.springframework/spring-context-support/jars/spring-context-support-3.1.2.RELEASE.jar
7f635d9ea000-7f635d9ff000 r--s 000b7000 08:02 4722081                    /home/jam/.grails/ivy-cache/org.springframework/spring-context/jars/spring-context-3.1.2.RELEASE.jar
7f635d9ff000-7f635da0b000 r--s 00085000 08:02 4722079                    /home/jam/.grails/ivy-cache/org.springframework/spring-beans/jars/spring-beans-3.1.2.RELEASE.jar
7f635da0b000-7f635da0c000 r--s 0000c000 08:02 4722077                    /home/jam/.grails/ivy-cache/org.springframework/spring-asm/jars/spring-asm-3.1.2.RELEASE.jar
7f635da0c000-7f635da0e000 r--s 0000b000 08:02 4722075                    /home/jam/.grails/ivy-cache/org.springframework/spring-aspects/jars/spring-aspects-3.1.2.RELEASE.jar
7f635da0e000-7f635da17000 r--s 00049000 08:02 4722073                    /home/jam/.grails/ivy-cache/org.springframework/spring-aop/jars/spring-aop-3.1.2.RELEASE.jar
7f635da17000-7f635da21000 r--s 00064000 08:02 4722071                    /home/jam/.grails/ivy-cache/org.springframework/spring-core/jars/spring-core-3.1.2.RELEASE.jar
7f635da21000-7f635da23000 r--s 00008000 08:02 4722069                    /home/jam/.grails/ivy-cache/org.grails/grails-plugin-validation/jars/grails-plugin-validation-2.1.1.jar
7f635da23000-7f635da26000 r--s 0001c000 08:02 4722067                    /home/jam/.grails/ivy-cache/org.grails/grails-plugin-url-mappings/jars/grails-plugin-url-mappings-2.1.1.jar
7f635da26000-7f635da28000 r--s 0000f000 08:02 4722065                    /home/jam/.grails/ivy-cache/org.grails/grails-plugin-mimetypes/jars/grails-plugin-mimetypes-2.1.1.jar
7f635da28000-7f635da2a000 r--s 00005000 08:02 4722063                    /home/jam/.grails/ivy-cache/org.grails/grails-plugin-servlets/jars/grails-plugin-servlets-2.1.1.jar
7f635da2a000-7f635da2b000 r--s 00008000 08:02 4722061                    /home/jam/.grails/ivy-cache/org.grails/grails-plugin-services/jars/grails-plugin-services-2.1.1.jar
7f635da2b000-7f635da2d000 r--s 00006000 08:02 4722059                    /home/jam/.grails/ivy-cache/org.grails/grails-plugin-scaffolding/jars/grails-plugin-scaffolding-2.1.1.jar
7f635da2d000-7f635da2f000 r--s 0000e000 08:02 4722057                    /home/jam/.grails/ivy-cache/org.grails/grails-plugin-log4j/jars/grails-plugin-log4j-2.1.1.jar
7f635da2f000-7f635da31000 r--s 00005000 08:02 4722055                    /home/jam/.grails/ivy-cache/org.grails/grails-plugin-i18n/jars/grails-plugin-i18n-2.1.1.jar
7f635da31000-7f635da38000 r--s 0006d000 08:02 4722053                    /home/jam/.grails/ivy-cache/org.grails/grails-plugin-gsp/jars/grails-plugin-gsp-2.1.1.jar
7f635da38000-7f635da3a000 r--s 0000e000 08:02 4722051                    /home/jam/.grails/ivy-cache/org.grails/grails-plugin-filters/jars/grails-plugin-filters-2.1.1.jar
7f635da3a000-7f635da3c000 r--s 00009000 08:02 4722049                    /home/jam/.grails/ivy-cache/org.grails/grails-plugin-datasource/jars/grails-plugin-datasource-2.1.1.jar
7f635da3c000-7f635da40000 r--s 00024000 08:02 4722047                    /home/jam/.grails/ivy-cache/org.grails/grails-plugin-converters/jars/grails-plugin-converters-2.1.1.jar
7f635da40000-7f635da43000 r--s 00019000 08:02 4722045                    /home/jam/.grails/ivy-cache/org.grails/grails-plugin-domain-class/jars/grails-plugin-domain-class-2.1.1.jar
7f635da43000-7f635da47000 r--s 00028000 08:02 4722043                    /home/jam/.grails/ivy-cache/org.grails/grails-plugin-controllers/jars/grails-plugin-controllers-2.1.1.jar
7f635da47000-7f635da49000 r--s 00015000 08:02 4722041                    /home/jam/.grails/ivy-cache/org.grails/grails-plugin-codecs/jars/grails-plugin-codecs-2.1.1.jar
7f635da49000-7f635da4a000 r--s 00000000 08:02 4722039                    /home/jam/.grails/ivy-cache/org.grails/grails-logging/jars/grails-logging-2.1.1.jar
7f635da4a000-7f635da4c000 r--s 00009000 08:02 4722037                    /home/jam/.grails/ivy-cache/org.grails/grails-spring/jars/grails-spring-2.1.1.jar
7f635da4c000-7f635da56000 r--s 0008a000 08:02 4722035                    /home/jam/.grails/ivy-cache/org.grails/grails-hibernate/jars/grails-hibernate-2.1.1.jar
7f635da56000-7f635da58000 r--s 00009000 08:02 4722033                    /home/jam/.grails/ivy-cache/org.grails/grails-crud/jars/grails-crud-2.1.1.jar
7f635da58000-7f635da5e000 r--s 00027000 08:02 4722031                    /home/jam/.grails/ivy-cache/opensymphony/sitemesh/jars/sitemesh-2.4.jar
7f635da5e000-7f635da63000 r--s 00015000 08:02 4722029                    /home/jam/.grails/ivy-cache/org.hibernate.javax.persistence/hibernate-jpa-2.0-api/jars/hibernate-jpa-2.0-api-1.0.1.Final.jar
7f635da63000-7f635da64000 r--s 00003000 08:02 4722027                    /home/jam/.grails/ivy-cache/javax.transaction/jta/jars/jta-1.1.jar
7f635da64000-7f635da69000 r--s 00041000 08:02 4722025                    /home/jam/.grails/ivy-cache/commons-lang/commons-lang/jars/commons-lang-2.6.jar
7f635da69000-7f635da6c000 r--s 00025000 08:02 4722023                    /home/jam/.grails/ivy-cache/commons-io/commons-io/jars/commons-io-2.1.jar
7f635da6c000-7f635da7a000 r--s 0007f000 08:02 4722021                    /home/jam/.grails/ivy-cache/commons-collections/commons-collections/jars/commons-collections-3.2.1.jar
7f635da7a000-7f635da7c000 r--s 00010000 08:02 4722019                    /home/jam/.grails/ivy-cache/commons-codec/commons-codec/jars/commons-codec-1.5.jar
7f635da7c000-7f635da7e000 r--s 00000000 08:02 4722017                    /home/jam/.grails/ivy-cache/aopalliance/aopalliance/jars/aopalliance-1.0.jar
7f635da7e000-7f635da81000 r--s 0001f000 08:02 4722015                    /home/jam/.grails/ivy-cache/commons-validator/commons-validator/jars/commons-validator-1.3.1.jar
7f635da81000-7f635da84000 r--s 00019000 08:02 4722013                    /home/jam/.grails/ivy-cache/commons-el/commons-el/jars/commons-el-1.0.jar
7f635da84000-7f635da89000 r--s 00034000 08:02 4722011                    /home/jam/.grails/ivy-cache/commons-beanutils/commons-beanutils/jars/commons-beanutils-1.8.3.jar
7f635da89000-7f635dae7000 r--s 00592000 08:02 4722009                    /home/jam/.grails/ivy-cache/org.codehaus.groovy/groovy-all/jars/groovy-all-1.8.8.jar
7f635dae7000-7f635dae9000 r--s 0000d000 08:02 5508471                    /home/jam/.grails/ivy-cache/org.grails/grails-plugin-tomcat/jars/grails-plugin-tomcat-2.1.1.jar
7f635dae9000-7f635daf9000 r--s 0019c000 08:02 5508469                    /home/jam/.grails/ivy-cache/org.eclipse.jdt.core.compiler/ecj/jars/ecj-3.7.2.jar
7f635daf9000-7f635dafb000 r--s 00008000 08:02 5508467                    /home/jam/.grails/ivy-cache/org.apache.tomcat.embed/tomcat-embed-logging-juli/jars/tomcat-embed-logging-juli-7.0.30.jar
7f635dafb000-7f635dafd000 r--s 00013000 08:02 4721761                    /home/jam/.grails/ivy-cache/org.apache.tomcat.embed/tomcat-embed-logging-log4j/jars/tomcat-embed-logging-log4j-7.0.30.jar
7f635dafd000-7f635db08000 r--s 000b6000 08:02 4721759                    /home/jam/.grails/ivy-cache/org.apache.tomcat.embed/tomcat-embed-jasper/jars/tomcat-embed-jasper-7.0.30.jar
7f635db08000-7f635db2a000 r--s 00254000 08:02 4721757                    /home/jam/.grails/ivy-cache/org.apache.tomcat.embed/tomcat-embed-core/jars/tomcat-embed-core-7.0.30.jar
7f635db2a000-7f635db2c000 r--s 0000c000 08:02 5508465                    /home/jam/.grails/ivy-cache/org.apache.tomcat/tomcat-catalina-ant/jars/tomcat-catalina-ant-7.0.30.jar
7f635db2c000-7f635db2d000 r--s 00001000 08:02 4721467                    /home/jam/.grails/ivy-cache/org.apache.ant/ant-trax/jars/ant-trax-1.7.1.jar
7f635db2d000-7f635db2f000 r--s 00017000 08:02 4721465                    /home/jam/.grails/ivy-cache/org.apache.ant/ant-junit/jars/ant-junit-1.8.2.jar
7f635db2f000-7f635db31000 r--s 00002000 08:02 4721463                    /home/jam/.grails/ivy-cache/org.apache.ant/ant-launcher/jars/ant-launcher-1.8.2.jar
7f635db31000-7f635db4f000 r--s 001bb000 08:02 4721461                    /home/jam/.grails/ivy-cache/org.apache.ant/ant/jars/ant-1.8.2.jar
7f635db4f000-7f635db56000 r--s 00037000 08:02 4721459                    /home/jam/.grails/ivy-cache/junit/junit/jars/junit-4.10.jar
7f635db56000-7f635db59000 r--s 0000b000 08:02 4721456                    /home/jam/.grails/ivy-cache/com.googlecode.concurrentlinkedhashmap/concurrentlinkedhashmap-lru/jars/concurrentlinkedhashmap-lru-1.2_jdk5.jar
7f635db59000-7f635db5f000 r--s 00033000 08:02 4721454                    /home/jam/.grails/ivy-cache/org.springframework/spring-test/jars/spring-test-3.1.2.RELEASE.jar
7f635db5f000-7f635db61000 r--s 00005000 08:02 4721452                    /home/jam/.grails/ivy-cache/org.slf4j/slf4j-api/jars/slf4j-api-1.6.2.jar
7f635db61000-7f635db76000 r-xp 00000000 08:02 18747986                   /usr/lib/jvm/java-6-openjdk-amd64/jre/lib/amd64/libnet.so
7f635db76000-7f635dd75000 ---p 00015000 08:02 18747986                   /usr/lib/jvm/java-6-openjdk-amd64/jre/lib/amd64/libnet.so
7f635dd75000-7f635dd76000 r--p 00014000 08:02 18747986                   /usr/lib/jvm/java-6-openjdk-amd64/jre/lib/amd64/libnet.so
7f635dd76000-7f635dd77000 rw-p 00015000 08:02 18747986                   /usr/lib/jvm/java-6-openjdk-amd64/jre/lib/amd64/libnet.so
7f635dd77000-7f635dd7a000 ---p 00000000 00:00 0 
7f635dd7a000-7f635de78000 rw-p 00000000 00:00 0 
7f635de78000-7f635de85000 r--s 000b7000 08:02 4721450                    /home/jam/.grails/ivy-cache/org.grails/grails-web/jars/grails-web-2.1.1.jar
7f635de85000-7f635de88000 r--s 00026000 08:02 4721448                    /home/jam/.grails/ivy-cache/org.grails/grails-resources/jars/grails-resources-2.1.1.jar
7f635de88000-7f635de96000 r--s 000b5000 08:02 4721446                    /home/jam/.grails/ivy-cache/org.grails/grails-core/jars/grails-core-2.1.1.jar
7f635de96000-7f635dea1000 r--s 000fe000 08:02 4721444                    /home/jam/.grails/ivy-cache/org.grails/grails-scripts/jars/grails-scripts-2.1.1.jar
7f635dea1000-7f635deaa000 r--s 000a8000 08:02 4721442                    /home/jam/.grails/ivy-cache/org.grails/grails-bootstrap/jars/grails-bootstrap-2.1.1.jar
7f635deaa000-7f635dead000 r--s 00044000 08:02 4721440                    /home/jam/.grails/ivy-cache/org.grails/grails-docs/jars/grails-docs-2.1.1.jar
7f635dead000-7f635deb0000 r--s 00041000 08:02 4721438                    /home/jam/.grails/ivy-cache/xalan/serializer/jars/serializer-2.7.1.jar
7f635deb0000-7f635deb3000 r--s 000cf000 08:02 4721436                    /home/jam/.grails/ivy-cache/net.java.dev.jna/jna/jars/jna-3.2.3.jar
7f635deb3000-7f635deb5000 r--s 00008000 08:02 4721434                    /home/jam/.grails/ivy-cache/org.fusesource.jansi/jansi/jars/jansi-1.2.1.jar
7f635deb5000-7f635dec4000 r--s 000d9000 08:02 4721424                    /home/jam/.grails/ivy-cache/org.apache.ivy/ivy/jars/ivy-2.2.0.jar
7f635dec4000-7f635dec6000 r--s 00015000 08:02 4721422                    /home/jam/.grails/ivy-cache/jline/jline/jars/jline-1.0.jar
7f635dec6000-7f635deeb000 r--s 00172000 08:02 4721397                    /home/jam/.grails/ivy-cache/org.bouncycastle/bcprov-jdk15/jars/bcprov-jdk15-1.45.jar
7f635deeb000-7f635def0000 r--s 00024000 08:02 4721394                    /home/jam/.grails/ivy-cache/org.bouncycastle/bcpg-jdk15/jars/bcpg-jdk15-1.45.jar
7f635def0000-7f635def1000 r--s 00003000 08:02 4721392                    /home/jam/.grails/ivy-cache/com.googlecode.json-simple/json-simple/jars/json-simple-1.1.jar
7f635def1000-7f635def7000 r--s 00068000 08:02 4721389                    /home/jam/.grails/ivy-cache/com.google.protobuf/protobuf-java/jars/protobuf-java-2.4.1.jar
7f635def7000-7f635defa000 r--s 0001a000 08:02 4721386                    /home/jam/.grails/ivy-cache/org.springframework.uaa/org.springframework.uaa.client/bundles/org.springframework.uaa.client-1.0.1.RELEASE.jar
7f635defa000-7f635df0f000 r-xp 00000000 08:02 8650898                    /tmp/jna1519200511122515500.tmp
7f635df0f000-7f635e00e000 ---p 00015000 08:02 8650898                    /tmp/jna1519200511122515500.tmp
7f635e00e000-7f635e010000 rw-p 00014000 08:02 8650898                    /tmp/jna1519200511122515500.tmp
7f635e010000-7f635e070000 r--s 00d92000 08:02 18877160                   /usr/lib/jvm/java-6-openjdk-amd64/lib/tools.jar
7f635e070000-7f635e08e000 r--s 001bb000 08:02 15997849                   /home/jam/Applications/grails-2.1.1/lib/org.apache.ant/ant/jars/ant-1.8.2.jar
7f635e08e000-7f635e08f000 ---p 00000000 00:00 0 
7f635e08f000-7f635e18f000 rw-p 00000000 00:00 0 
7f635e18f000-7f635e192000 ---p 00000000 00:00 0 
7f635e192000-7f635e290000 rw-p 00000000 00:00 0 
7f635e290000-7f635e293000 ---p 00000000 00:00 0 
7f635e293000-7f635e391000 rw-p 00000000 00:00 0 
7f635e391000-7f635e394000 ---p 00000000 00:00 0 
7f635e394000-7f635e492000 rw-p 00000000 00:00 0 
7f635e492000-7f635e4f0000 r--s 00592000 08:02 4587821                    /home/jam/Applications/grails-2.1.1/lib/org.codehaus.groovy/groovy-all/jars/groovy-all-1.8.8.jar
7f635e4f0000-7f635e4f3000 ---p 00000000 00:00 0 
7f635e4f3000-7f635e5f1000 rw-p 00000000 00:00 0 
7f635e5f1000-7f635edcc000 r--p 00000000 08:02 16128286                   /usr/lib/locale/locale-archive
7f635edcc000-7f635edcf000 ---p 00000000 00:00 0 
7f635edcf000-7f635eecd000 rw-p 00000000 00:00 0 
7f635eecd000-7f635eece000 ---p 00000000 00:00 0 
7f635eece000-7f635f4d3000 rw-p 00000000 00:00 0 
7f635f4d3000-7f635f665000 r--s 037bf000 08:02 18616443                   /usr/lib/jvm/java-6-openjdk-amd64/jre/lib/rt.jar
7f635f665000-7f635f666000 ---p 00000000 00:00 0 
7f635f666000-7f635f766000 rw-p 00000000 00:00 0 
7f635f766000-7f635f767000 ---p 00000000 00:00 0 
7f635f767000-7f635f867000 rw-p 00000000 00:00 0 
7f635f867000-7f635f868000 ---p 00000000 00:00 0 
7f635f868000-7f635f968000 rw-p 00000000 00:00 0 
7f635f968000-7f635f969000 ---p 00000000 00:00 0 
7f635f969000-7f635fbe9000 rw-p 00000000 00:00 0 
7f635fbe9000-7f635fd6a000 rw-p 00000000 00:00 0 
7f635fd6a000-7f6360cfa000 rwxp 00000000 00:00 0 
7f6360cfa000-7f6362d6a000 rw-p 00000000 00:00 0 
7f6362d6a000-7f6362d71000 r-xp 00000000 08:02 18748006                   /usr/lib/jvm/java-6-openjdk-amd64/jre/lib/amd64/libzip.so
7f6362d71000-7f6362f70000 ---p 00007000 08:02 18748006                   /usr/lib/jvm/java-6-openjdk-amd64/jre/lib/amd64/libzip.so
7f6362f70000-7f6362f71000 r--p 00006000 08:02 18748006                   /usr/lib/jvm/java-6-openjdk-amd64/jre/lib/amd64/libzip.so
7f6362f71000-7f6362f72000 rw-p 00007000 08:02 18748006                   /usr/lib/jvm/java-6-openjdk-amd64/jre/lib/amd64/libzip.so
7f6362f72000-7f6362f7e000 r-xp 00000000 08:02 16256549                   /lib/x86_64-linux-gnu/libnss_files-2.15.so
7f6362f7e000-7f636317d000 ---p 0000c000 08:02 16256549                   /lib/x86_64-linux-gnu/libnss_files-2.15.so
7f636317d000-7f636317e000 r--p 0000b000 08:02 16256549                   /lib/x86_64-linux-gnu/libnss_files-2.15.so
7f636317e000-7f636317f000 rw-p 0000c000 08:02 16256549                   /lib/x86_64-linux-gnu/libnss_files-2.15.so
7f636317f000-7f6363189000 r-xp 00000000 08:02 16256553                   /lib/x86_64-linux-gnu/libnss_nis-2.15.so
7f6363189000-7f6363389000 ---p 0000a000 08:02 16256553                   /lib/x86_64-linux-gnu/libnss_nis-2.15.so
7f6363389000-7f636338a000 r--p 0000a000 08:02 16256553                   /lib/x86_64-linux-gnu/libnss_nis-2.15.so
7f636338a000-7f636338b000 rw-p 0000b000 08:02 16256553                   /lib/x86_64-linux-gnu/libnss_nis-2.15.so
7f636338b000-7f63633a2000 r-xp 00000000 08:02 16256543                   /lib/x86_64-linux-gnu/libnsl-2.15.so
7f63633a2000-7f63635a1000 ---p 00017000 08:02 16256543                   /lib/x86_64-linux-gnu/libnsl-2.15.so
7f63635a1000-7f63635a2000 r--p 00016000 08:02 16256543                   /lib/x86_64-linux-gnu/libnsl-2.15.so
7f63635a2000-7f63635a3000 rw-p 00017000 08:02 16256543                   /lib/x86_64-linux-gnu/libnsl-2.15.so
7f63635a3000-7f63635a5000 rw-p 00000000 00:00 0 
7f63635a5000-7f63635ad000 r-xp 00000000 08:02 16256545                   /lib/x86_64-linux-gnu/libnss_compat-2.15.so
7f63635ad000-7f63637ac000 ---p 00008000 08:02 16256545                   /lib/x86_64-linux-gnu/libnss_compat-2.15.so
7f63637ac000-7f63637ad000 r--p 00007000 08:02 16256545                   /lib/x86_64-linux-gnu/libnss_compat-2.15.so
7f63637ad000-7f63637ae000 rw-p 00008000 08:02 16256545                   /lib/x86_64-linux-gnu/libnss_compat-2.15.so
7f63637ae000-7f63637b7000 r-xp 00000000 08:02 18747976                   /usr/lib/jvm/java-6-openjdk-amd64/jre/lib/amd64/libinstrument.so
7f63637b7000-7f63639b7000 ---p 00009000 08:02 18747976                   /usr/lib/jvm/java-6-openjdk-amd64/jre/lib/amd64/libinstrument.so
7f63639b7000-7f63639b8000 r--p 00009000 08:02 18747976                   /usr/lib/jvm/java-6-openjdk-amd64/jre/lib/amd64/libinstrument.so
7f63639b8000-7f63639b9000 rw-p 0000a000 08:02 18747976                   /usr/lib/jvm/java-6-openjdk-amd64/jre/lib/amd64/libinstrument.so
7f63639b9000-7f63639e5000 r-xp 00000000 08:02 18747994                   /usr/lib/jvm/java-6-openjdk-amd64/jre/lib/amd64/libjava.so
7f63639e5000-7f6363be4000 ---p 0002c000 08:02 18747994                   /usr/lib/jvm/java-6-openjdk-amd64/jre/lib/amd64/libjava.so
7f6363be4000-7f6363be5000 r--p 0002b000 08:02 18747994                   /usr/lib/jvm/java-6-openjdk-amd64/jre/lib/amd64/libjava.so
7f6363be5000-7f6363be8000 rw-p 0002c000 08:02 18747994                   /usr/lib/jvm/java-6-openjdk-amd64/jre/lib/amd64/libjava.so
7f6363be8000-7f6363bf6000 r-xp 00000000 08:02 18747993                   /usr/lib/jvm/java-6-openjdk-amd64/jre/lib/amd64/libverify.so
7f6363bf6000-7f6363df5000 ---p 0000e000 08:02 18747993                   /usr/lib/jvm/java-6-openjdk-amd64/jre/lib/amd64/libverify.so
7f6363df5000-7f6363df7000 r--p 0000d000 08:02 18747993                   /usr/lib/jvm/java-6-openjdk-amd64/jre/lib/amd64/libverify.so
7f6363df7000-7f6363df8000 rw-p 0000f000 08:02 18747993                   /usr/lib/jvm/java-6-openjdk-amd64/jre/lib/amd64/libverify.so
7f6363df8000-7f6363dff000 r-xp 00000000 08:02 16256584                   /lib/x86_64-linux-gnu/librt-2.15.so
7f6363dff000-7f6363ffe000 ---p 00007000 08:02 16256584                   /lib/x86_64-linux-gnu/librt-2.15.so
7f6363ffe000-7f6363fff000 r--p 00006000 08:02 16256584                   /lib/x86_64-linux-gnu/librt-2.15.so
7f6363fff000-7f6364000000 rw-p 00007000 08:02 16256584                   /lib/x86_64-linux-gnu/librt-2.15.so
7f6364000000-7f6364e27000 rw-p 00000000 00:00 0 
7f6364e27000-7f6368000000 ---p 00000000 00:00 0 
7f6368000000-7f6368005000 r--s 00050000 08:02 4587551                    /home/jam/Applications/grails-2.1.1/lib/org.codehaus.gant/gant_groovy1.8/jars/gant_groovy1.8-1.9.6.jar
7f6368005000-7f6368014000 r--s 000d9000 08:02 3933556                    /home/jam/Applications/grails-2.1.1/lib/org.apache.ivy/ivy/jars/ivy-2.2.0.jar
7f6368014000-7f6368016000 r--s 00009000 08:02 15730918                   /home/jam/Applications/grails-2.1.1/lib/commons-cli/commons-cli/jars/commons-cli-1.2.jar
7f6368016000-7f6368019000 r--s 000cf000 08:02 15997829                   /home/jam/Applications/grails-2.1.1/lib/net.java.dev.jna/jna/jars/jna-3.2.3.jar
7f6368019000-7f63680f4000 rw-p 00000000 00:00 0 
7f63680f4000-7f6368109000 r-xp 00000000 08:02 16256519                   /lib/x86_64-linux-gnu/libgcc_s.so.1
7f6368109000-7f6368308000 ---p 00015000 08:02 16256519                   /lib/x86_64-linux-gnu/libgcc_s.so.1
7f6368308000-7f6368309000 r--p 00014000 08:02 16256519                   /lib/x86_64-linux-gnu/libgcc_s.so.1
7f6368309000-7f636830a000 rw-p 00015000 08:02 16256519                   /lib/x86_64-linux-gnu/libgcc_s.so.1
7f636830a000-7f6368403000 r-xp 00000000 08:02 16256530                   /lib/x86_64-linux-gnu/libm-2.15.so
7f6368403000-7f6368602000 ---p 000f9000 08:02 16256530                   /lib/x86_64-linux-gnu/libm-2.15.so
7f6368602000-7f6368603000 r--p 000f8000 08:02 16256530                   /lib/x86_64-linux-gnu/libm-2.15.so
7f6368603000-7f6368604000 rw-p 000f9000 08:02 16256530                   /lib/x86_64-linux-gnu/libm-2.15.so
7f6368604000-7f63686e6000 r-xp 00000000 08:02 16129397                   /usr/lib/x86_64-linux-gnu/libstdc++.so.6.0.16
7f63686e6000-7f63688e5000 ---p 000e2000 08:02 16129397                   /usr/lib/x86_64-linux-gnu/libstdc++.so.6.0.16
7f63688e5000-7f63688ed000 r--p 000e1000 08:02 16129397                   /usr/lib/x86_64-linux-gnu/libstdc++.so.6.0.16
7f63688ed000-7f63688ef000 rw-p 000e9000 08:02 16129397                   /usr/lib/x86_64-linux-gnu/libstdc++.so.6.0.16
7f63688ef000-7f6368904000 rw-p 00000000 00:00 0 
7f6368904000-7f6369208000 r-xp 00000000 08:02 18877146                   /usr/lib/jvm/java-6-openjdk-amd64/jre/lib/amd64/server/libjvm.so
7f6369208000-7f6369408000 ---p 00904000 08:02 18877146                   /usr/lib/jvm/java-6-openjdk-amd64/jre/lib/amd64/server/libjvm.so
7f6369408000-7f6369488000 r--p 00904000 08:02 18877146                   /usr/lib/jvm/java-6-openjdk-amd64/jre/lib/amd64/server/libjvm.so
7f6369488000-7f63694a3000 rw-p 00984000 08:02 18877146                   /usr/lib/jvm/java-6-openjdk-amd64/jre/lib/amd64/server/libjvm.so
7f63694a3000-7f63694cc000 rw-p 00000000 00:00 0 
7f63694cc000-7f63694e2000 r-xp 00000000 08:02 16256609                   /lib/x86_64-linux-gnu/libz.so.1.2.3.4
7f63694e2000-7f63696e1000 ---p 00016000 08:02 16256609                   /lib/x86_64-linux-gnu/libz.so.1.2.3.4
7f63696e1000-7f63696e2000 r--p 00015000 08:02 16256609                   /lib/x86_64-linux-gnu/libz.so.1.2.3.4
7f63696e2000-7f63696e3000 rw-p 00016000 08:02 16256609                   /lib/x86_64-linux-gnu/libz.so.1.2.3.4
7f63696e3000-7f6369896000 r-xp 00000000 08:02 16256498                   /lib/x86_64-linux-gnu/libc-2.15.so
7f6369896000-7f6369a95000 ---p 001b3000 08:02 16256498                   /lib/x86_64-linux-gnu/libc-2.15.so
7f6369a95000-7f6369a99000 r--p 001b2000 08:02 16256498                   /lib/x86_64-linux-gnu/libc-2.15.so
7f6369a99000-7f6369a9b000 rw-p 001b6000 08:02 16256498                   /lib/x86_64-linux-gnu/libc-2.15.so
7f6369a9b000-7f6369aa0000 rw-p 00000000 00:00 0 
7f6369aa0000-7f6369aa2000 r-xp 00000000 08:02 16256511                   /lib/x86_64-linux-gnu/libdl-2.15.so
7f6369aa2000-7f6369ca2000 ---p 00002000 08:02 16256511                   /lib/x86_64-linux-gnu/libdl-2.15.so
7f6369ca2000-7f6369ca3000 r--p 00002000 08:02 16256511                   /lib/x86_64-linux-gnu/libdl-2.15.so
7f6369ca3000-7f6369ca4000 rw-p 00003000 08:02 16256511                   /lib/x86_64-linux-gnu/libdl-2.15.so
7f6369ca4000-7f6369ca8000 r-xp 00000000 08:02 18747978                   /usr/lib/jvm/java-6-openjdk-amd64/jre/lib/amd64/jli/libjli.so
7f6369ca8000-7f6369ea7000 ---p 00004000 08:02 18747978                   /usr/lib/jvm/java-6-openjdk-amd64/jre/lib/amd64/jli/libjli.so
7f6369ea7000-7f6369ea8000 r--p 00003000 08:02 18747978                   /usr/lib/jvm/java-6-openjdk-amd64/jre/lib/amd64/jli/libjli.so
7f6369ea8000-7f6369ea9000 rw-p 00004000 08:02 18747978                   /usr/lib/jvm/java-6-openjdk-amd64/jre/lib/amd64/jli/libjli.so
7f6369ea9000-7f6369ec1000 r-xp 00000000 08:02 16256578                   /lib/x86_64-linux-gnu/libpthread-2.15.so
7f6369ec1000-7f636a0c0000 ---p 00018000 08:02 16256578                   /lib/x86_64-linux-gnu/libpthread-2.15.so
7f636a0c0000-7f636a0c1000 r--p 00017000 08:02 16256578                   /lib/x86_64-linux-gnu/libpthread-2.15.so
7f636a0c1000-7f636a0c2000 rw-p 00018000 08:02 16256578                   /lib/x86_64-linux-gnu/libpthread-2.15.so
7f636a0c2000-7f636a0c6000 rw-p 00000000 00:00 0 
7f636a0c6000-7f636a0e8000 r-xp 00000000 08:02 16256478                   /lib/x86_64-linux-gnu/ld-2.15.so
7f636a0e9000-7f636a0f0000 r--s 000fb000 08:02 18489889                   /usr/lib/jvm/java-6-openjdk-common/jre/lib/resources.jar
7f636a0f0000-7f636a0f7000 r--s 00067000 08:02 15730908                   /home/jam/Applications/grails-2.1.1/lib/com.springsource.springloaded/springloaded-core/jars/springloaded-core-1.0.6.jar
7f636a0f7000-7f636a100000 r--s 000a8000 08:02 15731003                   /home/jam/Applications/grails-2.1.1/dist/grails-bootstrap-2.1.1.jar
7f636a100000-7f636a13f000 rw-p 00000000 00:00 0 
7f636a13f000-7f636a1c0000 rw-p 00000000 00:00 0 
7f636a1c0000-7f636a1c3000 ---p 00000000 00:00 0 
7f636a1c3000-7f636a2c6000 rw-p 00000000 00:00 0 
7f636a2c6000-7f636a2c8000 r--s 00008000 08:02 4587896                    /home/jam/Applications/grails-2.1.1/lib/org.fusesource.jansi/jansi/jars/jansi-1.2.1.jar
7f636a2c8000-7f636a2ca000 r--s 00015000 08:02 15862296                   /home/jam/Applications/grails-2.1.1/lib/jline/jline/jars/jline-1.0.jar
7f636a2ca000-7f636a2cd000 r--s 0007d000 08:02 18489867                   /usr/lib/jvm/java-6-openjdk-common/jre/lib/jsse.jar
7f636a2cd000-7f636a2d1000 r--s 00038000 08:02 18489882                   /usr/lib/jvm/java-6-openjdk-common/jre/lib/ext/sunpkcs11.jar
7f636a2d1000-7f636a2d4000 r--s 00031000 08:02 18489884                   /usr/lib/jvm/java-6-openjdk-common/jre/lib/ext/sunjce_provider.jar
7f636a2d4000-7f636a2d5000 r--s 00007000 08:02 16651090                   /usr/share/java/java-atk-wrapper.jar
7f636a2d5000-7f636a2d8000 r--s 00077000 08:02 18489883                   /usr/lib/jvm/java-6-openjdk-common/jre/lib/ext/localedata.jar
7f636a2d8000-7f636a2da000 r--s 00001000 08:02 18489885                   /usr/lib/jvm/java-6-openjdk-common/jre/lib/ext/dnsns.jar
7f636a2da000-7f636a2dc000 r--s 0000f000 08:02 18489886                   /usr/lib/jvm/java-6-openjdk-common/jre/lib/ext/pulse-java.jar
7f636a2dc000-7f636a2e4000 rw-s 00000000 08:02 8650897                    /tmp/hsperfdata_jam/9634
7f636a2e4000-7f636a2e5000 rw-p 00000000 00:00 0 
7f636a2e5000-7f636a2e6000 r--p 00000000 00:00 0 
7f636a2e6000-7f636a2e8000 rw-p 00000000 00:00 0 
7f636a2e8000-7f636a2e9000 r--p 00022000 08:02 16256478                   /lib/x86_64-linux-gnu/ld-2.15.so
7f636a2e9000-7f636a2eb000 rw-p 00023000 08:02 16256478                   /lib/x86_64-linux-gnu/ld-2.15.so
7fff625b6000-7fff625d7000 rw-p 00000000 00:00 0                          [stack]
7fff625ff000-7fff62600000 r-xp 00000000 00:00 0                          [vdso]
ffffffffff600000-ffffffffff601000 r-xp 00000000 00:00 0                  [vsyscall]

VM Arguments:
jvm_args: -Xmx768M -Xms768M -XX:PermSize=256m -XX:MaxPermSize=256m -Dfile.encoding=UTF-8 -Dserver.port=8080 -Djline.WindowsTerminal.directConsole=false -javaagent:/home/jam/Applications/grails-2.1.1/lib/com.springsource.springloaded/springloaded-core/jars/springloaded-core-1.0.6.jar -Xverify:none -Dspringloaded=profile=grails;cacheDir=/home/jam/.grails/2.1.1/ -Dgrails.home=/home/jam/Applications/grails-2.1.1 -Dtools.jar=/usr/lib/jvm/default-java/lib/tools.jar 
java_command: org.codehaus.groovy.grails.cli.support.GrailsStarter --main org.codehaus.groovy.grails.cli.GrailsScriptRunner --conf /home/jam/Applications/grails-2.1.1/conf/groovy-starter.conf --classpath   run-app
Launcher Type: SUN_STANDARD

Environment Variables:
JAVA_HOME=/usr/lib/jvm/default-java
PATH=/usr/lib/lightdm/lightdm:/usr/local/sbin:/usr/local/bin:/usr/sbin:/usr/bin:/sbin:/bin:/usr/games
LD_LIBRARY_PATH=/usr/lib/jvm/java-6-openjdk-amd64/jre/lib/amd64/server:/usr/lib/jvm/java-6-openjdk-amd64/jre/lib/amd64:/usr/lib/jvm/java-6-openjdk-amd64/jre/../lib/amd64
SHELL=/bin/bash
DISPLAY=:0

Signal Handlers:
SIGSEGV: [libjvm.so+0x784310], sa_mask[0]=0x7ffbfeff, sa_flags=0x10000004
SIGBUS: [libjvm.so+0x784310], sa_mask[0]=0x7ffbfeff, sa_flags=0x10000004
SIGFPE: [libjvm.so+0x648580], sa_mask[0]=0x7ffbfeff, sa_flags=0x10000004
SIGPIPE: SIG_IGN, sa_mask[0]=0x00000000, sa_flags=0x00000000
SIGXFSZ: [libjvm.so+0x648580], sa_mask[0]=0x7ffbfeff, sa_flags=0x10000004
SIGILL: [libjvm.so+0x648580], sa_mask[0]=0x7ffbfeff, sa_flags=0x10000004
SIGUSR1: SIG_DFL, sa_mask[0]=0x00000000, sa_flags=0x00000000
SIGUSR2: [libjvm.so+0x648730], sa_mask[0]=0x00000004, sa_flags=0x10000004
SIGHUP: [libjvm.so+0x64b250], sa_mask[0]=0x7ffbfeff, sa_flags=0x10000004
SIGINT: SIG_IGN, sa_mask[0]=0x00000000, sa_flags=0x00000000
SIGTERM: [libjvm.so+0x64b250], sa_mask[0]=0x7ffbfeff, sa_flags=0x10000004
SIGQUIT: [libjvm.so+0x64b250], sa_mask[0]=0x7ffbfeff, sa_flags=0x10000004


---------------  S Y S T E M  ---------------

OS:Ubuntu 12.04 (precise)
uname:Linux 3.2.0-31-generic #50-Ubuntu SMP Fri Sep 7 16:16:45 UTC 2012 x86_64
libc:glibc 2.15 NPTL 2.15 
rlimit: STACK 8192k, CORE 0k, NPROC 59519, NOFILE 4096, AS infinity
load average:2.00 1.63 1.08

/proc/meminfo:
MemTotal:        7636272 kB
MemFree:         1199392 kB
Buffers:          171068 kB
Cached:          2522500 kB
SwapCached:            0 kB
Active:          4491768 kB
Inactive:        1396516 kB
Active(anon):    3195572 kB
Inactive(anon):     7348 kB
Active(file):    1296196 kB
Inactive(file):  1389168 kB
Unevictable:          44 kB
Mlocked:              44 kB
SwapTotal:       7837776 kB
SwapFree:        7837776 kB
Dirty:               364 kB
Writeback:             0 kB
AnonPages:       3194784 kB
Mapped:           300900 kB
Shmem:              8180 kB
Slab:             134340 kB
SReclaimable:      94788 kB
SUnreclaim:        39552 kB
KernelStack:        4952 kB
PageTables:        54036 kB
NFS_Unstable:          0 kB
Bounce:                0 kB
WritebackTmp:          0 kB
CommitLimit:    11655912 kB
Committed_AS:    6843340 kB
VmallocTotal:   34359738367 kB
VmallocUsed:      135720 kB
VmallocChunk:   34359600352 kB
HardwareCorrupted:     0 kB
AnonHugePages:         0 kB
HugePages_Total:       0
HugePages_Free:        0
HugePages_Rsvd:        0
HugePages_Surp:        0
Hugepagesize:       2048 kB
DirectMap4k:      206848 kB
DirectMap2M:     3444736 kB
DirectMap1G:     4194304 kB


CPU:total 4 (4 cores per cpu, 1 threads per core) family 18 model 1 stepping 0, cmov, cx8, fxsr, mmx, sse, sse2, sse3, popcnt, mmxext, 3dnowpref, lzcnt, sse4a

Memory: 4k page, physical 7636272k(1199392k free), swap 7837776k(7837776k free)

vm_info: OpenJDK 64-Bit Server VM (20.0-b12) for linux-amd64 JRE (1.6.0_24-b24), built on Sep  2 2012 19:50:47 by "buildd" with gcc 4.6.3

time: Sat Sep 22 22:36:29 2012
elapsed time: 553 seconds

