#
# A fatal error has been detected by the Java Runtime Environment:
#
#  SIGSEGV (0xb) at pc=0x00000000c13eaed0, pid=7672, tid=140160285198080
#
# JRE version: 6.0_24-b24
# Java VM: OpenJDK 64-Bit Server VM (20.0-b12 mixed mode linux-amd64 compressed oops)
# Derivative: IcedTea6 1.11.4
# Distribution: Ubuntu 12.04 LTS, package 6b24-1.11.4-1ubuntu0.12.04.1
# Problematic frame:
# C  0x00000000c13eaed0
#
# If you would like to submit a bug report, please include
# instructions how to reproduce the bug and visit:
#   https://bugs.launchpad.net/ubuntu/+source/openjdk-6/
#

---------------  T H R E A D  ---------------

Current thread (0x00007f7994008000):  JavaThread "main" [_thread_in_Java, id=7684, stack(0x00007f799bf2c000,0x00007f799c02d000)]

siginfo:si_signo=SIGSEGV: si_errno=0, si_code=2 (SEGV_ACCERR), si_addr=0x00000000c13eaed0

Registers:
RAX=0x0000000000000000, RBX=0x00000000c065a3b0, RCX=0x00000000f17828a8, RDX=0x00007f799100f5a0
RSP=0x00007f799c029050, RBP=0x00000000c0922058, RSI=0x00000000f17828a8, RDI=0x00007f7994008d90
R8 =0x0000000000000000, R9 =0x00007f7994008e08, R10=0x00000000c0551360, R11=0x0000000000000000
R12=0x0000000000000000, R13=0x00007f799c029068, R14=0x0000000000000000, R15=0x00007f7994008000
RIP=0x00000000c13eaed0, EFLAGS=0x0000000000010246, CSGSFS=0x0000000000000033, ERR=0x0000000000000015
  TRAPNO=0x000000000000000e

Top of Stack: (sp=0x00007f799c029050)
0x00007f799c029050:   00007f799c0290c0 00007f79910059b3
0x00007f799c029060:   00007f79910059b3 00000000f17828a8
0x00007f799c029070:   00000000fa726750 00000000fa726750
0x00007f799c029080:   00007f799c029080 00000000c0660646
0x00007f799c029090:   00007f799c0290d8 00000000c0925e78
0x00007f799c0290a0:   0000000000000000 00000000c0660698
0x00007f799c0290b0:   00007f799c029068 00007f799c0290d8
0x00007f799c0290c0:   00007f799c029128 00007f79910059b3
0x00007f799c0290d0:   0000000000000000 00000000f17828a8
0x00007f799c0290e0:   00000000fa7266a8 00007f799c0290e8
0x00007f799c0290f0:   00000000c0bfe342 00007f799c029148
0x00007f799c029100:   00000000c0d39360 0000000000000000
0x00007f799c029110:   00000000c0bfe378 00007f799c0290d8
0x00007f799c029120:   00007f799c029138 00007f799c029198
0x00007f799c029130:   00007f799100585a 00000000fa725fd8
0x00007f799c029140:   00000000f2513900 00000000fa7266a8
0x00007f799c029150:   00000000fa7266a8 00007f799c029158
0x00007f799c029160:   00000000c0c5dda4 00007f799c0291d8
0x00007f799c029170:   00000000c0ca5240 0000000000000000
0x00007f799c029180:   00000000c0c5de18 00007f799c029138
0x00007f799c029190:   00007f799c0291d0 00007f799c029220
0x00007f799c0291a0:   00007f79910059b3 0000000000000000
0x00007f799c0291b0:   00000000fa725fd8 00000000fa725498
0x00007f799c0291c0:   00000000f2513900 00000000fa722730
0x00007f799c0291d0:   00000000fa725648 00000000fa71e2b8
0x00007f799c0291e0:   00007f799c0291e0 00000000c0c5a215
0x00007f799c0291f0:   00007f799c029250 00000000c0ca5240
0x00007f799c029200:   0000000000000000 00000000c0c5a560
0x00007f799c029210:   00007f799c0291d0 00007f799c029248
0x00007f799c029220:   00007f799c029298 00007f79910059b3
0x00007f799c029230:   0000000000000000 0000000000000000
0x00007f799c029240:   0000000000000031 00000000fa725648 

Instructions: (pc=0x00000000c13eaed0)
0x00000000c13eaeb0:   00 00 00 00 00 00 00 00 03 00 40 00 00 00 00 00
0x00000000c13eaec0:   0e 00 00 00 00 00 00 00 18 00 00 00 00 00 00 00
0x00000000c13eaed0:   00 00 00 00 00 00 00 00 09 00 00 00 00 00 00 00
0x00000000c13eaee0:   01 00 00 00 00 00 00 00 00 00 00 00 00 00 00 00 

Register to memory mapping:

RAX=0x0000000000000000 is an unknown value
RBX=0x00000000c065a3b0 is an oop
{method} 
 - klass: {other class}
RCX=0x00000000f17828a8 is an oop
org.codehaus.groovy.ast.ClassNode 
 - klass: 'org/codehaus/groovy/ast/ClassNode'
RDX=0x00007f799100f5a0 is an Interpreter codelet
method entry point (kind = zerolocals)  [0x00007f799100f5a0, 0x00007f799100f880]  736 bytes
RSP=0x00007f799c029050 is pointing into the stack for thread: 0x00007f7994008000
RBP=0x00000000c0922058 is an oop
{constant pool cache} 
 - klass: {other class}
RSI=0x00000000f17828a8 is an oop
org.codehaus.groovy.ast.ClassNode 
 - klass: 'org/codehaus/groovy/ast/ClassNode'
RDI=0x00007f7994008d90 is an unknown value
R8 =0x0000000000000000 is an unknown value
R9 =0x00007f7994008e08 is an unknown value
R10=0x00000000c0551360 is an oop
java.lang.String 
 - klass: 'java/lang/String'
R11=0x0000000000000000 is an unknown value
R12=0x0000000000000000 is an unknown value
R13=0x00007f799c029068 is pointing into the stack for thread: 0x00007f7994008000
R14=0x0000000000000000 is an unknown value
R15=0x00007f7994008000 is a thread


Stack: [0x00007f799bf2c000,0x00007f799c02d000],  sp=0x00007f799c029050,  free space=1012k
Native frames: (J=compiled Java code, j=interpreted, Vv=VM code, C=native code)
C  0x00000000c13eaed0


---------------  P R O C E S S  ---------------

Java Threads: ( => current thread )
  0x00007f799409e000 JavaThread "Low Memory Detector" daemon [_thread_blocked, id=7695, stack(0x00007f799001d000,0x00007f799011e000)]
  0x00007f799409c000 JavaThread "C2 CompilerThread1" daemon [_thread_in_native, id=7694, stack(0x00007f799011e000,0x00007f799021f000)]
  0x00007f7994099000 JavaThread "C2 CompilerThread0" daemon [_thread_in_native, id=7693, stack(0x00007f799021f000,0x00007f7990320000)]
  0x00007f799408b000 JavaThread "Signal Dispatcher" daemon [_thread_blocked, id=7692, stack(0x00007f7990320000,0x00007f7990421000)]
  0x00007f7994078800 JavaThread "Finalizer" daemon [_thread_blocked, id=7691, stack(0x00007f7990bfc000,0x00007f7990cfd000)]
  0x00007f7994076800 JavaThread "Reference Handler" daemon [_thread_blocked, id=7690, stack(0x00007f7990cfd000,0x00007f7990dfe000)]
=>0x00007f7994008000 JavaThread "main" [_thread_in_Java, id=7684, stack(0x00007f799bf2c000,0x00007f799c02d000)]

Other Threads:
  0x00007f799406f800 VMThread [stack: 0x00007f7990dfe000,0x00007f7990eff000] [id=7689]
  0x00007f79940a1000 WatcherThread [stack: 0x00007f798beff000,0x00007f798c000000] [id=7696]

VM state:not at safepoint (normal execution)

VM Mutex/Monitor currently owned by a thread: None

Heap
 PSYoungGen      total 229376K, used 173149K [0x00000000f0000000, 0x0000000100000000, 0x0000000100000000)
  eden space 196608K, 88% used [0x00000000f0000000,0x00000000fa917550,0x00000000fc000000)
  from space 32768K, 0% used [0x00000000fe000000,0x00000000fe000000,0x0000000100000000)
  to   space 32768K, 0% used [0x00000000fc000000,0x00000000fc000000,0x00000000fe000000)
 PSOldGen        total 524288K, used 0K [0x00000000d0000000, 0x00000000f0000000, 0x00000000f0000000)
  object space 524288K, 0% used [0x00000000d0000000,0x00000000d0000000,0x00000000f0000000)
 PSPermGen       total 262144K, used 24923K [0x00000000c0000000, 0x00000000d0000000, 0x00000000d0000000)
  object space 262144K, 9% used [0x00000000c0000000,0x00000000c1856fa8,0x00000000d0000000)

Code Cache  [0x00007f7991000000, 0x00007f7991330000, 0x00007f7994000000)
 total_blobs=938 nmethods=434 adapters=458 free_code_cache=47082560 largest_free_block=15040

Dynamic libraries:
00400000-00409000 r-xp 00000000 08:02 397963                             /usr/lib/jvm/java-6-openjdk-amd64/jre/bin/java
00608000-00609000 r--p 00008000 08:02 397963                             /usr/lib/jvm/java-6-openjdk-amd64/jre/bin/java
00609000-0060a000 rw-p 00009000 08:02 397963                             /usr/lib/jvm/java-6-openjdk-amd64/jre/bin/java
01937000-01958000 rw-p 00000000 00:00 0                                  [heap]
c0000000-100000000 rw-p 00000000 00:00 0 
7f794c000000-7f794dede000 rw-p 00000000 00:00 0 
7f794dede000-7f7950000000 ---p 00000000 00:00 0 
7f7950000000-7f79518be000 rw-p 00000000 00:00 0 
7f79518be000-7f7954000000 ---p 00000000 00:00 0 
7f7954000000-7f7954021000 rw-p 00000000 00:00 0 
7f7954021000-7f7958000000 ---p 00000000 00:00 0 
7f7958000000-7f7958021000 rw-p 00000000 00:00 0 
7f7958021000-7f795c000000 ---p 00000000 00:00 0 
7f795c000000-7f795fffb000 rw-p 00000000 00:00 0 
7f795fffb000-7f7960000000 ---p 00000000 00:00 0 
7f7960000000-7f7960021000 rw-p 00000000 00:00 0 
7f7960021000-7f7964000000 ---p 00000000 00:00 0 
7f7964000000-7f7964021000 rw-p 00000000 00:00 0 
7f7964021000-7f7968000000 ---p 00000000 00:00 0 
7f7968000000-7f796bffc000 rw-p 00000000 00:00 0 
7f796bffc000-7f796c000000 ---p 00000000 00:00 0 
7f796c000000-7f796c021000 rw-p 00000000 00:00 0 
7f796c021000-7f7970000000 ---p 00000000 00:00 0 
7f7970000000-7f7970021000 rw-p 00000000 00:00 0 
7f7970021000-7f7974000000 ---p 00000000 00:00 0 
7f7974000000-7f7974021000 rw-p 00000000 00:00 0 
7f7974021000-7f7978000000 ---p 00000000 00:00 0 
7f7978000000-7f7978021000 rw-p 00000000 00:00 0 
7f7978021000-7f797c000000 ---p 00000000 00:00 0 
7f797c000000-7f797c021000 rw-p 00000000 00:00 0 
7f797c021000-7f7980000000 ---p 00000000 00:00 0 
7f7984000000-7f7984021000 rw-p 00000000 00:00 0 
7f7984021000-7f7988000000 ---p 00000000 00:00 0 
7f798b51a000-7f798b51d000 r--s 00012000 08:02 5508286                    /home/jam/.grails/ivy-cache/org.grails.plugins/database-migration/zips/database-migration-1.1.zip
7f798b73a000-7f798b73b000 r--s 00000000 08:02 5508261                    /home/jam/.grails/ivy-cache/org.grails.plugins/tomcat/zips/tomcat-2.1.1.zip
7f798b73b000-7f798b73e000 r--s 00012000 08:02 5508284                    /home/jam/.grails/ivy-cache/org.grails.plugins/resources/zips/resources-1.1.6.zip
7f798b73e000-7f798b741000 r--s 0002d000 08:02 5508282                    /home/jam/.grails/ivy-cache/org.grails.plugins/jquery/zips/jquery-1.8.0.zip
7f798b741000-7f798b742000 r--s 00001000 08:02 5508280                    /home/jam/.grails/ivy-cache/org.grails.plugins/hibernate/zips/hibernate-2.1.1.zip
7f798b742000-7f798b746000 r--s 0002f000 08:02 4722137                    /home/jam/.grails/ivy-cache/org.grails/grails-test/jars/grails-test-2.1.1.jar
7f798b746000-7f798b74c000 r--s 0006c000 08:02 4722135                    /home/jam/.grails/ivy-cache/org.grails/grails-plugin-testing/jars/grails-plugin-testing-2.1.1.jar
7f798b74c000-7f798b74d000 r--s 00002000 08:02 5636284                    /home/jam/.grails/ivy-cache/org.hibernate/hibernate-ehcache/jars/hibernate-ehcache-3.6.10.Final.jar
7f798b74d000-7f798b752000 r--s 00048000 08:02 5636282                    /home/jam/.grails/ivy-cache/dom4j/dom4j/jars/dom4j-1.6.1.jar
7f798b752000-7f798b757000 r--s 00068000 08:02 5636280                    /home/jam/.grails/ivy-cache/antlr/antlr/jars/antlr-2.7.7.jar
7f798b757000-7f798b760000 r--s 00098000 08:02 5636278                    /home/jam/.grails/ivy-cache/org.javassist/javassist/jars/javassist-3.16.1-GA.jar
7f798b760000-7f798b763000 r--s 00009000 08:02 5636286                    /home/jam/.grails/ivy-cache/javax.validation/validation-api/jars/validation-api-1.0.0.GA.jar
7f798b763000-7f798b76a000 r--s 00040000 08:02 5636276                    /home/jam/.grails/ivy-cache/org.hibernate/hibernate-validator/jars/hibernate-validator-4.1.0.Final.jar
7f798b76a000-7f798b76d000 r--s 0000f000 08:02 5636274                    /home/jam/.grails/ivy-cache/org.hibernate/hibernate-commons-annotations/jars/hibernate-commons-annotations-3.2.0.Final.jar
7f798b76d000-7f798b79f000 r--s 002c9000 08:02 5636272                    /home/jam/.grails/ivy-cache/org.hibernate/hibernate-core/jars/hibernate-core-3.6.10.Final.jar
7f798b79f000-7f798b7b0000 r--s 000d2000 08:02 5636617                    /home/jam/.grails/ivy-cache/org.liquibase/liquibase-core/jars/liquibase-core-2.0.5.jar
7f798b7b0000-7f798b7b7000 r--s 000bd000 08:02 4722926                    /home/jam/.grails/ivy-cache/mysql/mysql-connector-java/jars/mysql-connector-java-5.1.20.jar
7f798b7b7000-7f798b7b9000 r--s 00000000 08:02 4722133                    /home/jam/.grails/ivy-cache/org.slf4j/jul-to-slf4j/jars/jul-to-slf4j-1.6.2.jar
7f798b7b9000-7f798b7bb000 r--s 00003000 08:02 4722131                    /home/jam/.grails/ivy-cache/org.slf4j/jcl-over-slf4j/jars/jcl-over-slf4j-1.6.2.jar
7f798b7bb000-7f798b7c4000 r--s 0006d000 08:02 4722129                    /home/jam/.grails/ivy-cache/log4j/log4j/bundles/log4j-1.2.16.jar
7f798b7c4000-7f798b7d9000 r--s 000e3000 08:02 4722127                    /home/jam/.grails/ivy-cache/net.sf.ehcache/ehcache-core/jars/ehcache-core-2.4.6.jar
7f798b7d9000-7f798b7db000 r--s 00005000 08:02 4722125                    /home/jam/.grails/ivy-cache/xpp3/xpp3_min/jars/xpp3_min-1.1.4c.jar
7f798b7db000-7f798b7dd000 r--s 00004000 08:02 4722123                    /home/jam/.grails/ivy-cache/javax.servlet/jstl/jars/jstl-1.1.2.jar
7f798b7dd000-7f798b7e7000 r--s 0012c000 08:02 4722121                    /home/jam/.grails/ivy-cache/com.h2database/h2/jars/h2-1.3.164.jar
7f798b7e7000-7f798b7ea000 r--s 00016000 08:02 4722119                    /home/jam/.grails/ivy-cache/commons-pool/commons-pool/jars/commons-pool-1.5.6.jar
7f798b7ea000-7f798b7ed000 r--s 00025000 08:02 4722117                    /home/jam/.grails/ivy-cache/commons-dbcp/commons-dbcp/jars/commons-dbcp-1.4.jar
7f798b7ed000-7f798b7ef000 r--s 0000e000 08:02 4722115                    /home/jam/.grails/ivy-cache/oro/oro/jars/oro-2.0.8.jar
7f798b7ef000-7f798b7f1000 r--s 0000d000 08:02 4722113                    /home/jam/.grails/ivy-cache/commons-fileupload/commons-fileupload/jars/commons-fileupload-1.2.2.jar
7f798b7f1000-7f798b7f2000 r--s 0000a000 08:02 4722111                    /home/jam/.grails/ivy-cache/asm/asm/jars/asm-3.1.jar
7f798b7f2000-7f798b7f9000 r--s 0003e000 08:02 4722109                    /home/jam/.grails/ivy-cache/cglib/cglib/jars/cglib-2.2.jar
7f798b7f9000-7f798b7fd000 r--s 00019000 08:02 4722107                    /home/jam/.grails/ivy-cache/org.aspectj/aspectjrt/jars/aspectjrt-1.6.10.jar
7f798b7fd000-7f798b813000 r--s 00184000 08:02 4722105                    /home/jam/.grails/ivy-cache/org.aspectj/aspectjweaver/jars/aspectjweaver-1.6.10.jar
7f798b813000-7f798b81a000 r--s 00056000 08:02 4722103                    /home/jam/.grails/ivy-cache/org.grails/grails-datastore-simple/jars/grails-datastore-simple-1.1.0.RELEASE.jar
7f798b81a000-7f798b823000 r--s 00044000 08:02 4722101                    /home/jam/.grails/ivy-cache/org.grails/grails-datastore-core/jars/grails-datastore-core-1.1.0.RELEASE.jar
7f798b823000-7f798b838000 r-xp 00000000 08:02 18747986                   /usr/lib/jvm/java-6-openjdk-amd64/jre/lib/amd64/libnet.so
7f798b838000-7f798ba37000 ---p 00015000 08:02 18747986                   /usr/lib/jvm/java-6-openjdk-amd64/jre/lib/amd64/libnet.so
7f798ba37000-7f798ba38000 r--p 00014000 08:02 18747986                   /usr/lib/jvm/java-6-openjdk-amd64/jre/lib/amd64/libnet.so
7f798ba38000-7f798ba39000 rw-p 00015000 08:02 18747986                   /usr/lib/jvm/java-6-openjdk-amd64/jre/lib/amd64/libnet.so
7f798ba39000-7f798ba3b000 r--s 0000f000 08:02 5508278                    /home/jam/.grails/ivy-cache/org.grails.plugins/cache/zips/cache-1.0.0.zip
7f798ba3b000-7f798ba40000 r--s 0004c000 08:02 4722099                    /home/jam/.grails/ivy-cache/org.grails/grails-datastore-gorm/jars/grails-datastore-gorm-1.1.0.RELEASE.jar
7f798ba40000-7f798ba4b000 r--s 00082000 08:02 4722097                    /home/jam/.grails/ivy-cache/org.springframework/spring-webmvc/jars/spring-webmvc-3.1.2.RELEASE.jar
7f798ba4b000-7f798ba57000 r--s 0007a000 08:02 4722095                    /home/jam/.grails/ivy-cache/org.springframework/spring-web/jars/spring-web-3.1.2.RELEASE.jar
7f798ba57000-7f798ba5e000 r--s 00035000 08:02 4722093                    /home/jam/.grails/ivy-cache/org.springframework/spring-tx/jars/spring-tx-3.1.2.RELEASE.jar
7f798ba5e000-7f798ba67000 r--s 00054000 08:02 4722091                    /home/jam/.grails/ivy-cache/org.springframework/spring-orm/jars/spring-orm-3.1.2.RELEASE.jar
7f798ba67000-7f798ba6c000 r--s 0002c000 08:02 4722089                    /home/jam/.grails/ivy-cache/org.springframework/spring-jms/jars/spring-jms-3.1.2.RELEASE.jar
7f798ba6c000-7f798ba76000 r--s 00059000 08:02 4722087                    /home/jam/.grails/ivy-cache/org.springframework/spring-jdbc/jars/spring-jdbc-3.1.2.RELEASE.jar
7f798ba76000-7f798ba7a000 r--s 00027000 08:02 4722085                    /home/jam/.grails/ivy-cache/org.springframework/spring-expression/jars/spring-expression-3.1.2.RELEASE.jar
7f798ba7a000-7f798ba7d000 r--s 00018000 08:02 4722083                    /home/jam/.grails/ivy-cache/org.springframework/spring-context-support/jars/spring-context-support-3.1.2.RELEASE.jar
7f798ba7d000-7f798ba92000 r--s 000b7000 08:02 4722081                    /home/jam/.grails/ivy-cache/org.springframework/spring-context/jars/spring-context-3.1.2.RELEASE.jar
7f798ba92000-7f798ba9e000 r--s 00085000 08:02 4722079                    /home/jam/.grails/ivy-cache/org.springframework/spring-beans/jars/spring-beans-3.1.2.RELEASE.jar
7f798ba9e000-7f798ba9f000 r--s 0000c000 08:02 4722077                    /home/jam/.grails/ivy-cache/org.springframework/spring-asm/jars/spring-asm-3.1.2.RELEASE.jar
7f798ba9f000-7f798baa1000 r--s 0000b000 08:02 4722075                    /home/jam/.grails/ivy-cache/org.springframework/spring-aspects/jars/spring-aspects-3.1.2.RELEASE.jar
7f798baa1000-7f798baaa000 r--s 00049000 08:02 4722073                    /home/jam/.grails/ivy-cache/org.springframework/spring-aop/jars/spring-aop-3.1.2.RELEASE.jar
7f798baaa000-7f798bab4000 r--s 00064000 08:02 4722071                    /home/jam/.grails/ivy-cache/org.springframework/spring-core/jars/spring-core-3.1.2.RELEASE.jar
7f798bab4000-7f798bab6000 r--s 00008000 08:02 4722069                    /home/jam/.grails/ivy-cache/org.grails/grails-plugin-validation/jars/grails-plugin-validation-2.1.1.jar
7f798bab6000-7f798bab9000 r--s 0001c000 08:02 4722067                    /home/jam/.grails/ivy-cache/org.grails/grails-plugin-url-mappings/jars/grails-plugin-url-mappings-2.1.1.jar
7f798bab9000-7f798babb000 r--s 0000f000 08:02 4722065                    /home/jam/.grails/ivy-cache/org.grails/grails-plugin-mimetypes/jars/grails-plugin-mimetypes-2.1.1.jar
7f798babb000-7f798babd000 r--s 00005000 08:02 4722063                    /home/jam/.grails/ivy-cache/org.grails/grails-plugin-servlets/jars/grails-plugin-servlets-2.1.1.jar
7f798babd000-7f798babe000 r--s 00008000 08:02 4722061                    /home/jam/.grails/ivy-cache/org.grails/grails-plugin-services/jars/grails-plugin-services-2.1.1.jar
7f798babe000-7f798bac0000 r--s 00006000 08:02 4722059                    /home/jam/.grails/ivy-cache/org.grails/grails-plugin-scaffolding/jars/grails-plugin-scaffolding-2.1.1.jar
7f798bac0000-7f798bac2000 r--s 0000e000 08:02 4722057                    /home/jam/.grails/ivy-cache/org.grails/grails-plugin-log4j/jars/grails-plugin-log4j-2.1.1.jar
7f798bac2000-7f798bac4000 r--s 00005000 08:02 4722055                    /home/jam/.grails/ivy-cache/org.grails/grails-plugin-i18n/jars/grails-plugin-i18n-2.1.1.jar
7f798bac4000-7f798bacb000 r--s 0006d000 08:02 4722053                    /home/jam/.grails/ivy-cache/org.grails/grails-plugin-gsp/jars/grails-plugin-gsp-2.1.1.jar
7f798bacb000-7f798bacd000 r--s 0000e000 08:02 4722051                    /home/jam/.grails/ivy-cache/org.grails/grails-plugin-filters/jars/grails-plugin-filters-2.1.1.jar
7f798bacd000-7f798bacf000 r--s 00009000 08:02 4722049                    /home/jam/.grails/ivy-cache/org.grails/grails-plugin-datasource/jars/grails-plugin-datasource-2.1.1.jar
7f798bacf000-7f798bad3000 r--s 00024000 08:02 4722047                    /home/jam/.grails/ivy-cache/org.grails/grails-plugin-converters/jars/grails-plugin-converters-2.1.1.jar
7f798bad3000-7f798bad6000 r--s 00019000 08:02 4722045                    /home/jam/.grails/ivy-cache/org.grails/grails-plugin-domain-class/jars/grails-plugin-domain-class-2.1.1.jar
7f798bad6000-7f798bada000 r--s 00028000 08:02 4722043                    /home/jam/.grails/ivy-cache/org.grails/grails-plugin-controllers/jars/grails-plugin-controllers-2.1.1.jar
7f798bada000-7f798badc000 r--s 00015000 08:02 4722041                    /home/jam/.grails/ivy-cache/org.grails/grails-plugin-codecs/jars/grails-plugin-codecs-2.1.1.jar
7f798badc000-7f798badd000 r--s 00000000 08:02 4722039                    /home/jam/.grails/ivy-cache/org.grails/grails-logging/jars/grails-logging-2.1.1.jar
7f798badd000-7f798badf000 r--s 00009000 08:02 4722037                    /home/jam/.grails/ivy-cache/org.grails/grails-spring/jars/grails-spring-2.1.1.jar
7f798badf000-7f798bae9000 r--s 0008a000 08:02 4722035                    /home/jam/.grails/ivy-cache/org.grails/grails-hibernate/jars/grails-hibernate-2.1.1.jar
7f798bae9000-7f798baeb000 r--s 00009000 08:02 4722033                    /home/jam/.grails/ivy-cache/org.grails/grails-crud/jars/grails-crud-2.1.1.jar
7f798baeb000-7f798baf1000 r--s 00027000 08:02 4722031                    /home/jam/.grails/ivy-cache/opensymphony/sitemesh/jars/sitemesh-2.4.jar
7f798baf1000-7f798baf6000 r--s 00015000 08:02 4722029                    /home/jam/.grails/ivy-cache/org.hibernate.javax.persistence/hibernate-jpa-2.0-api/jars/hibernate-jpa-2.0-api-1.0.1.Final.jar
7f798baf6000-7f798baf7000 r--s 00003000 08:02 4722027                    /home/jam/.grails/ivy-cache/javax.transaction/jta/jars/jta-1.1.jar
7f798baf7000-7f798bafc000 r--s 00041000 08:02 4722025                    /home/jam/.grails/ivy-cache/commons-lang/commons-lang/jars/commons-lang-2.6.jar
7f798bafc000-7f798baff000 r--s 00025000 08:02 4722023                    /home/jam/.grails/ivy-cache/commons-io/commons-io/jars/commons-io-2.1.jar
7f798baff000-7f798bb0d000 r--s 0007f000 08:02 4722021                    /home/jam/.grails/ivy-cache/commons-collections/commons-collections/jars/commons-collections-3.2.1.jar
7f798bb0d000-7f798bb0f000 r--s 00010000 08:02 4722019                    /home/jam/.grails/ivy-cache/commons-codec/commons-codec/jars/commons-codec-1.5.jar
7f798bb0f000-7f798bb11000 r--s 00000000 08:02 4722017                    /home/jam/.grails/ivy-cache/aopalliance/aopalliance/jars/aopalliance-1.0.jar
7f798bb11000-7f798bb14000 r--s 0001f000 08:02 4722015                    /home/jam/.grails/ivy-cache/commons-validator/commons-validator/jars/commons-validator-1.3.1.jar
7f798bb14000-7f798bb17000 r--s 00019000 08:02 4722013                    /home/jam/.grails/ivy-cache/commons-el/commons-el/jars/commons-el-1.0.jar
7f798bb17000-7f798bb1c000 r--s 00034000 08:02 4722011                    /home/jam/.grails/ivy-cache/commons-beanutils/commons-beanutils/jars/commons-beanutils-1.8.3.jar
7f798bb1c000-7f798bb7a000 r--s 00592000 08:02 4722009                    /home/jam/.grails/ivy-cache/org.codehaus.groovy/groovy-all/jars/groovy-all-1.8.8.jar
7f798bb7a000-7f798bb7c000 r--s 0000d000 08:02 5508471                    /home/jam/.grails/ivy-cache/org.grails/grails-plugin-tomcat/jars/grails-plugin-tomcat-2.1.1.jar
7f798bb7c000-7f798bb8c000 r--s 0019c000 08:02 5508469                    /home/jam/.grails/ivy-cache/org.eclipse.jdt.core.compiler/ecj/jars/ecj-3.7.2.jar
7f798bb8c000-7f798bb8e000 r--s 00008000 08:02 5508467                    /home/jam/.grails/ivy-cache/org.apache.tomcat.embed/tomcat-embed-logging-juli/jars/tomcat-embed-logging-juli-7.0.30.jar
7f798bb8e000-7f798bb90000 r--s 00013000 08:02 4721761                    /home/jam/.grails/ivy-cache/org.apache.tomcat.embed/tomcat-embed-logging-log4j/jars/tomcat-embed-logging-log4j-7.0.30.jar
7f798bb90000-7f798bb9b000 r--s 000b6000 08:02 4721759                    /home/jam/.grails/ivy-cache/org.apache.tomcat.embed/tomcat-embed-jasper/jars/tomcat-embed-jasper-7.0.30.jar
7f798bb9b000-7f798bbbd000 r--s 00254000 08:02 4721757                    /home/jam/.grails/ivy-cache/org.apache.tomcat.embed/tomcat-embed-core/jars/tomcat-embed-core-7.0.30.jar
7f798bbbd000-7f798bbbf000 r--s 0000c000 08:02 5508465                    /home/jam/.grails/ivy-cache/org.apache.tomcat/tomcat-catalina-ant/jars/tomcat-catalina-ant-7.0.30.jar
7f798bbbf000-7f798bbc0000 r--s 00001000 08:02 4721467                    /home/jam/.grails/ivy-cache/org.apache.ant/ant-trax/jars/ant-trax-1.7.1.jar
7f798bbc0000-7f798bbc2000 r--s 00017000 08:02 4721465                    /home/jam/.grails/ivy-cache/org.apache.ant/ant-junit/jars/ant-junit-1.8.2.jar
7f798bbc2000-7f798bbc4000 r--s 00002000 08:02 4721463                    /home/jam/.grails/ivy-cache/org.apache.ant/ant-launcher/jars/ant-launcher-1.8.2.jar
7f798bbc4000-7f798bbe2000 r--s 001bb000 08:02 4721461                    /home/jam/.grails/ivy-cache/org.apache.ant/ant/jars/ant-1.8.2.jar
7f798bbe2000-7f798bbe9000 r--s 00037000 08:02 4721459                    /home/jam/.grails/ivy-cache/junit/junit/jars/junit-4.10.jar
7f798bbe9000-7f798bbec000 r--s 0000b000 08:02 4721456                    /home/jam/.grails/ivy-cache/com.googlecode.concurrentlinkedhashmap/concurrentlinkedhashmap-lru/jars/concurrentlinkedhashmap-lru-1.2_jdk5.jar
7f798bbec000-7f798bbf2000 r--s 00033000 08:02 4721454                    /home/jam/.grails/ivy-cache/org.springframework/spring-test/jars/spring-test-3.1.2.RELEASE.jar
7f798bbf2000-7f798bbf4000 r--s 00005000 08:02 4721452                    /home/jam/.grails/ivy-cache/org.slf4j/slf4j-api/jars/slf4j-api-1.6.2.jar
7f798bbf4000-7f798bc01000 r--s 000b7000 08:02 4721450                    /home/jam/.grails/ivy-cache/org.grails/grails-web/jars/grails-web-2.1.1.jar
7f798bc01000-7f798bc04000 r--s 00026000 08:02 4721448                    /home/jam/.grails/ivy-cache/org.grails/grails-resources/jars/grails-resources-2.1.1.jar
7f798bc04000-7f798bc12000 r--s 000b5000 08:02 4721446                    /home/jam/.grails/ivy-cache/org.grails/grails-core/jars/grails-core-2.1.1.jar
7f798bc12000-7f798bc1d000 r--s 000fe000 08:02 4721444                    /home/jam/.grails/ivy-cache/org.grails/grails-scripts/jars/grails-scripts-2.1.1.jar
7f798bc1d000-7f798bc26000 r--s 000a8000 08:02 4721442                    /home/jam/.grails/ivy-cache/org.grails/grails-bootstrap/jars/grails-bootstrap-2.1.1.jar
7f798bc26000-7f798bc29000 r--s 00044000 08:02 4721440                    /home/jam/.grails/ivy-cache/org.grails/grails-docs/jars/grails-docs-2.1.1.jar
7f798bc29000-7f798bc2c000 r--s 00041000 08:02 4721438                    /home/jam/.grails/ivy-cache/xalan/serializer/jars/serializer-2.7.1.jar
7f798bc2c000-7f798bc2f000 r--s 000cf000 08:02 4721436                    /home/jam/.grails/ivy-cache/net.java.dev.jna/jna/jars/jna-3.2.3.jar
7f798bc2f000-7f798bc31000 r--s 00008000 08:02 4721434                    /home/jam/.grails/ivy-cache/org.fusesource.jansi/jansi/jars/jansi-1.2.1.jar
7f798bc31000-7f798bc40000 r--s 000d9000 08:02 4721424                    /home/jam/.grails/ivy-cache/org.apache.ivy/ivy/jars/ivy-2.2.0.jar
7f798bc40000-7f798bc65000 r--s 00172000 08:02 4721397                    /home/jam/.grails/ivy-cache/org.bouncycastle/bcprov-jdk15/jars/bcprov-jdk15-1.45.jar
7f798bc65000-7f798bc6a000 r--s 00024000 08:02 4721394                    /home/jam/.grails/ivy-cache/org.bouncycastle/bcpg-jdk15/jars/bcpg-jdk15-1.45.jar
7f798bc6a000-7f798bc6d000 ---p 00000000 00:00 0 
7f798bc6d000-7f798bd6b000 rw-p 00000000 00:00 0 
7f798bd6b000-7f798bd80000 r-xp 00000000 08:02 8650866                    /tmp/jna7662493374433548661.tmp
7f798bd80000-7f798be7f000 ---p 00015000 08:02 8650866                    /tmp/jna7662493374433548661.tmp
7f798be7f000-7f798be81000 rw-p 00014000 08:02 8650866                    /tmp/jna7662493374433548661.tmp
7f798be81000-7f798bee1000 r--s 00d92000 08:02 18877160                   /usr/lib/jvm/java-6-openjdk-amd64/lib/tools.jar
7f798bee1000-7f798beff000 r--s 001bb000 08:02 15997849                   /home/jam/Applications/grails-2.1.1/lib/org.apache.ant/ant/jars/ant-1.8.2.jar
7f798beff000-7f798bf00000 ---p 00000000 00:00 0 
7f798bf00000-7f798c000000 rw-p 00000000 00:00 0 
7f798c000000-7f798c021000 rw-p 00000000 00:00 0 
7f798c021000-7f7990000000 ---p 00000000 00:00 0 
7f7990000000-7f7990001000 r--s 00003000 08:02 4721392                    /home/jam/.grails/ivy-cache/com.googlecode.json-simple/json-simple/jars/json-simple-1.1.jar
7f7990001000-7f7990007000 r--s 00068000 08:02 4721389                    /home/jam/.grails/ivy-cache/com.google.protobuf/protobuf-java/jars/protobuf-java-2.4.1.jar
7f7990007000-7f799000e000 r--s 000fb000 08:02 18489889                   /usr/lib/jvm/java-6-openjdk-common/jre/lib/resources.jar
7f799000e000-7f799001d000 r--s 000d9000 08:02 3933556                    /home/jam/Applications/grails-2.1.1/lib/org.apache.ivy/ivy/jars/ivy-2.2.0.jar
7f799001d000-7f7990020000 ---p 00000000 00:00 0 
7f7990020000-7f799011e000 rw-p 00000000 00:00 0 
7f799011e000-7f7990121000 ---p 00000000 00:00 0 
7f7990121000-7f799021f000 rw-p 00000000 00:00 0 
7f799021f000-7f7990222000 ---p 00000000 00:00 0 
7f7990222000-7f7990320000 rw-p 00000000 00:00 0 
7f7990320000-7f7990323000 ---p 00000000 00:00 0 
7f7990323000-7f7990421000 rw-p 00000000 00:00 0 
7f7990421000-7f7990bfc000 r--p 00000000 08:02 16128286                   /usr/lib/locale/locale-archive
7f7990bfc000-7f7990bff000 ---p 00000000 00:00 0 
7f7990bff000-7f7990cfd000 rw-p 00000000 00:00 0 
7f7990cfd000-7f7990d00000 ---p 00000000 00:00 0 
7f7990d00000-7f7990dfe000 rw-p 00000000 00:00 0 
7f7990dfe000-7f7990dff000 ---p 00000000 00:00 0 
7f7990dff000-7f7991000000 rw-p 00000000 00:00 0 
7f7991000000-7f7991330000 rwxp 00000000 00:00 0 
7f7991330000-7f7995937000 rw-p 00000000 00:00 0 
7f7995937000-7f7998000000 ---p 00000000 00:00 0 
7f7998000000-7f7998001000 r--s 00002000 08:02 5508549                    /home/jam/.grails/ivy-cache/org.grails.plugins/webxml/zips/webxml-1.4.1.zip
7f7998001000-7f799805f000 r--s 00592000 08:02 4587821                    /home/jam/Applications/grails-2.1.1/lib/org.codehaus.groovy/groovy-all/jars/groovy-all-1.8.8.jar
7f799805f000-7f7998496000 rw-p 00000000 00:00 0 
7f7998496000-7f7998628000 r--s 037bf000 08:02 18616443                   /usr/lib/jvm/java-6-openjdk-amd64/jre/lib/rt.jar
7f7998628000-7f7998650000 rw-p 00000000 00:00 0 
7f7998650000-7f7998651000 ---p 00000000 00:00 0 
7f7998651000-7f7998751000 rw-p 00000000 00:00 0 
7f7998751000-7f7998752000 ---p 00000000 00:00 0 
7f7998752000-7f7998852000 rw-p 00000000 00:00 0 
7f7998852000-7f7998853000 ---p 00000000 00:00 0 
7f7998853000-7f7998953000 rw-p 00000000 00:00 0 
7f7998953000-7f7998954000 ---p 00000000 00:00 0 
7f7998954000-7f7998c54000 rw-p 00000000 00:00 0 
7f7998c54000-7f7998dd5000 rw-p 00000000 00:00 0 
7f7998dd5000-7f7998ddc000 r-xp 00000000 08:02 18748006                   /usr/lib/jvm/java-6-openjdk-amd64/jre/lib/amd64/libzip.so
7f7998ddc000-7f7998fdb000 ---p 00007000 08:02 18748006                   /usr/lib/jvm/java-6-openjdk-amd64/jre/lib/amd64/libzip.so
7f7998fdb000-7f7998fdc000 r--p 00006000 08:02 18748006                   /usr/lib/jvm/java-6-openjdk-amd64/jre/lib/amd64/libzip.so
7f7998fdc000-7f7998fdd000 rw-p 00007000 08:02 18748006                   /usr/lib/jvm/java-6-openjdk-amd64/jre/lib/amd64/libzip.so
7f7998fdd000-7f7998fe9000 r-xp 00000000 08:02 16256549                   /lib/x86_64-linux-gnu/libnss_files-2.15.so
7f7998fe9000-7f79991e8000 ---p 0000c000 08:02 16256549                   /lib/x86_64-linux-gnu/libnss_files-2.15.so
7f79991e8000-7f79991e9000 r--p 0000b000 08:02 16256549                   /lib/x86_64-linux-gnu/libnss_files-2.15.so
7f79991e9000-7f79991ea000 rw-p 0000c000 08:02 16256549                   /lib/x86_64-linux-gnu/libnss_files-2.15.so
7f79991ea000-7f79991f4000 r-xp 00000000 08:02 16256553                   /lib/x86_64-linux-gnu/libnss_nis-2.15.so
7f79991f4000-7f79993f4000 ---p 0000a000 08:02 16256553                   /lib/x86_64-linux-gnu/libnss_nis-2.15.so
7f79993f4000-7f79993f5000 r--p 0000a000 08:02 16256553                   /lib/x86_64-linux-gnu/libnss_nis-2.15.so
7f79993f5000-7f79993f6000 rw-p 0000b000 08:02 16256553                   /lib/x86_64-linux-gnu/libnss_nis-2.15.so
7f79993f6000-7f799940d000 r-xp 00000000 08:02 16256543                   /lib/x86_64-linux-gnu/libnsl-2.15.so
7f799940d000-7f799960c000 ---p 00017000 08:02 16256543                   /lib/x86_64-linux-gnu/libnsl-2.15.so
7f799960c000-7f799960d000 r--p 00016000 08:02 16256543                   /lib/x86_64-linux-gnu/libnsl-2.15.so
7f799960d000-7f799960e000 rw-p 00017000 08:02 16256543                   /lib/x86_64-linux-gnu/libnsl-2.15.so
7f799960e000-7f7999610000 rw-p 00000000 00:00 0 
7f7999610000-7f7999618000 r-xp 00000000 08:02 16256545                   /lib/x86_64-linux-gnu/libnss_compat-2.15.so
7f7999618000-7f7999817000 ---p 00008000 08:02 16256545                   /lib/x86_64-linux-gnu/libnss_compat-2.15.so
7f7999817000-7f7999818000 r--p 00007000 08:02 16256545                   /lib/x86_64-linux-gnu/libnss_compat-2.15.so
7f7999818000-7f7999819000 rw-p 00008000 08:02 16256545                   /lib/x86_64-linux-gnu/libnss_compat-2.15.so
7f7999819000-7f7999845000 r-xp 00000000 08:02 18747994                   /usr/lib/jvm/java-6-openjdk-amd64/jre/lib/amd64/libjava.so
7f7999845000-7f7999a44000 ---p 0002c000 08:02 18747994                   /usr/lib/jvm/java-6-openjdk-amd64/jre/lib/amd64/libjava.so
7f7999a44000-7f7999a45000 r--p 0002b000 08:02 18747994                   /usr/lib/jvm/java-6-openjdk-amd64/jre/lib/amd64/libjava.so
7f7999a45000-7f7999a48000 rw-p 0002c000 08:02 18747994                   /usr/lib/jvm/java-6-openjdk-amd64/jre/lib/amd64/libjava.so
7f7999a48000-7f7999a56000 r-xp 00000000 08:02 18747993                   /usr/lib/jvm/java-6-openjdk-amd64/jre/lib/amd64/libverify.so
7f7999a56000-7f7999c55000 ---p 0000e000 08:02 18747993                   /usr/lib/jvm/java-6-openjdk-amd64/jre/lib/amd64/libverify.so
7f7999c55000-7f7999c57000 r--p 0000d000 08:02 18747993                   /usr/lib/jvm/java-6-openjdk-amd64/jre/lib/amd64/libverify.so
7f7999c57000-7f7999c58000 rw-p 0000f000 08:02 18747993                   /usr/lib/jvm/java-6-openjdk-amd64/jre/lib/amd64/libverify.so
7f7999c58000-7f7999c5f000 r-xp 00000000 08:02 16256584                   /lib/x86_64-linux-gnu/librt-2.15.so
7f7999c5f000-7f7999e5e000 ---p 00007000 08:02 16256584                   /lib/x86_64-linux-gnu/librt-2.15.so
7f7999e5e000-7f7999e5f000 r--p 00006000 08:02 16256584                   /lib/x86_64-linux-gnu/librt-2.15.so
7f7999e5f000-7f7999e60000 rw-p 00007000 08:02 16256584                   /lib/x86_64-linux-gnu/librt-2.15.so
7f7999e60000-7f7999e75000 r-xp 00000000 08:02 16256519                   /lib/x86_64-linux-gnu/libgcc_s.so.1
7f7999e75000-7f799a074000 ---p 00015000 08:02 16256519                   /lib/x86_64-linux-gnu/libgcc_s.so.1
7f799a074000-7f799a075000 r--p 00014000 08:02 16256519                   /lib/x86_64-linux-gnu/libgcc_s.so.1
7f799a075000-7f799a076000 rw-p 00015000 08:02 16256519                   /lib/x86_64-linux-gnu/libgcc_s.so.1
7f799a076000-7f799a16f000 r-xp 00000000 08:02 16256530                   /lib/x86_64-linux-gnu/libm-2.15.so
7f799a16f000-7f799a36e000 ---p 000f9000 08:02 16256530                   /lib/x86_64-linux-gnu/libm-2.15.so
7f799a36e000-7f799a36f000 r--p 000f8000 08:02 16256530                   /lib/x86_64-linux-gnu/libm-2.15.so
7f799a36f000-7f799a370000 rw-p 000f9000 08:02 16256530                   /lib/x86_64-linux-gnu/libm-2.15.so
7f799a370000-7f799a452000 r-xp 00000000 08:02 16129397                   /usr/lib/x86_64-linux-gnu/libstdc++.so.6.0.16
7f799a452000-7f799a651000 ---p 000e2000 08:02 16129397                   /usr/lib/x86_64-linux-gnu/libstdc++.so.6.0.16
7f799a651000-7f799a659000 r--p 000e1000 08:02 16129397                   /usr/lib/x86_64-linux-gnu/libstdc++.so.6.0.16
7f799a659000-7f799a65b000 rw-p 000e9000 08:02 16129397                   /usr/lib/x86_64-linux-gnu/libstdc++.so.6.0.16
7f799a65b000-7f799a670000 rw-p 00000000 00:00 0 
7f799a670000-7f799af74000 r-xp 00000000 08:02 18877146                   /usr/lib/jvm/java-6-openjdk-amd64/jre/lib/amd64/server/libjvm.so
7f799af74000-7f799b174000 ---p 00904000 08:02 18877146                   /usr/lib/jvm/java-6-openjdk-amd64/jre/lib/amd64/server/libjvm.so
7f799b174000-7f799b1f4000 r--p 00904000 08:02 18877146                   /usr/lib/jvm/java-6-openjdk-amd64/jre/lib/amd64/server/libjvm.so
7f799b1f4000-7f799b20f000 rw-p 00984000 08:02 18877146                   /usr/lib/jvm/java-6-openjdk-amd64/jre/lib/amd64/server/libjvm.so
7f799b20f000-7f799b238000 rw-p 00000000 00:00 0 
7f799b238000-7f799b24e000 r-xp 00000000 08:02 16256609                   /lib/x86_64-linux-gnu/libz.so.1.2.3.4
7f799b24e000-7f799b44d000 ---p 00016000 08:02 16256609                   /lib/x86_64-linux-gnu/libz.so.1.2.3.4
7f799b44d000-7f799b44e000 r--p 00015000 08:02 16256609                   /lib/x86_64-linux-gnu/libz.so.1.2.3.4
7f799b44e000-7f799b44f000 rw-p 00016000 08:02 16256609                   /lib/x86_64-linux-gnu/libz.so.1.2.3.4
7f799b44f000-7f799b602000 r-xp 00000000 08:02 16256498                   /lib/x86_64-linux-gnu/libc-2.15.so
7f799b602000-7f799b801000 ---p 001b3000 08:02 16256498                   /lib/x86_64-linux-gnu/libc-2.15.so
7f799b801000-7f799b805000 r--p 001b2000 08:02 16256498                   /lib/x86_64-linux-gnu/libc-2.15.so
7f799b805000-7f799b807000 rw-p 001b6000 08:02 16256498                   /lib/x86_64-linux-gnu/libc-2.15.so
7f799b807000-7f799b80c000 rw-p 00000000 00:00 0 
7f799b80c000-7f799b80e000 r-xp 00000000 08:02 16256511                   /lib/x86_64-linux-gnu/libdl-2.15.so
7f799b80e000-7f799ba0e000 ---p 00002000 08:02 16256511                   /lib/x86_64-linux-gnu/libdl-2.15.so
7f799ba0e000-7f799ba0f000 r--p 00002000 08:02 16256511                   /lib/x86_64-linux-gnu/libdl-2.15.so
7f799ba0f000-7f799ba10000 rw-p 00003000 08:02 16256511                   /lib/x86_64-linux-gnu/libdl-2.15.so
7f799ba10000-7f799ba14000 r-xp 00000000 08:02 18747978                   /usr/lib/jvm/java-6-openjdk-amd64/jre/lib/amd64/jli/libjli.so
7f799ba14000-7f799bc13000 ---p 00004000 08:02 18747978                   /usr/lib/jvm/java-6-openjdk-amd64/jre/lib/amd64/jli/libjli.so
7f799bc13000-7f799bc14000 r--p 00003000 08:02 18747978                   /usr/lib/jvm/java-6-openjdk-amd64/jre/lib/amd64/jli/libjli.so
7f799bc14000-7f799bc15000 rw-p 00004000 08:02 18747978                   /usr/lib/jvm/java-6-openjdk-amd64/jre/lib/amd64/jli/libjli.so
7f799bc15000-7f799bc2d000 r-xp 00000000 08:02 16256578                   /lib/x86_64-linux-gnu/libpthread-2.15.so
7f799bc2d000-7f799be2c000 ---p 00018000 08:02 16256578                   /lib/x86_64-linux-gnu/libpthread-2.15.so
7f799be2c000-7f799be2d000 r--p 00017000 08:02 16256578                   /lib/x86_64-linux-gnu/libpthread-2.15.so
7f799be2d000-7f799be2e000 rw-p 00018000 08:02 16256578                   /lib/x86_64-linux-gnu/libpthread-2.15.so
7f799be2e000-7f799be32000 rw-p 00000000 00:00 0 
7f799be32000-7f799be54000 r-xp 00000000 08:02 16256478                   /lib/x86_64-linux-gnu/ld-2.15.so
7f799be54000-7f799be56000 r--s 00015000 08:02 4721422                    /home/jam/.grails/ivy-cache/jline/jline/jars/jline-1.0.jar
7f799be56000-7f799be59000 r--s 0001a000 08:02 4721386                    /home/jam/.grails/ivy-cache/org.springframework.uaa/org.springframework.uaa.client/bundles/org.springframework.uaa.client-1.0.1.RELEASE.jar
7f799be59000-7f799be5e000 r--s 00050000 08:02 4587551                    /home/jam/Applications/grails-2.1.1/lib/org.codehaus.gant/gant_groovy1.8/jars/gant_groovy1.8-1.9.6.jar
7f799be5e000-7f799be60000 r--s 00009000 08:02 15730918                   /home/jam/Applications/grails-2.1.1/lib/commons-cli/commons-cli/jars/commons-cli-1.2.jar
7f799be60000-7f799be63000 r--s 000cf000 08:02 15997829                   /home/jam/Applications/grails-2.1.1/lib/net.java.dev.jna/jna/jars/jna-3.2.3.jar
7f799be63000-7f799be6c000 r--s 000a8000 08:02 15731003                   /home/jam/Applications/grails-2.1.1/dist/grails-bootstrap-2.1.1.jar
7f799be6c000-7f799be79000 rw-p 00000000 00:00 0 
7f799be79000-7f799bf2c000 rw-p 00000000 00:00 0 
7f799bf2c000-7f799bf2f000 ---p 00000000 00:00 0 
7f799bf2f000-7f799c032000 rw-p 00000000 00:00 0 
7f799c032000-7f799c034000 r--s 00008000 08:02 4587896                    /home/jam/Applications/grails-2.1.1/lib/org.fusesource.jansi/jansi/jars/jansi-1.2.1.jar
7f799c034000-7f799c036000 r--s 00015000 08:02 15862296                   /home/jam/Applications/grails-2.1.1/lib/jline/jline/jars/jline-1.0.jar
7f799c036000-7f799c039000 r--s 0007d000 08:02 18489867                   /usr/lib/jvm/java-6-openjdk-common/jre/lib/jsse.jar
7f799c039000-7f799c03d000 r--s 00038000 08:02 18489882                   /usr/lib/jvm/java-6-openjdk-common/jre/lib/ext/sunpkcs11.jar
7f799c03d000-7f799c040000 r--s 00031000 08:02 18489884                   /usr/lib/jvm/java-6-openjdk-common/jre/lib/ext/sunjce_provider.jar
7f799c040000-7f799c041000 r--s 00007000 08:02 16651090                   /usr/share/java/java-atk-wrapper.jar
7f799c041000-7f799c044000 r--s 00077000 08:02 18489883                   /usr/lib/jvm/java-6-openjdk-common/jre/lib/ext/localedata.jar
7f799c044000-7f799c046000 r--s 00001000 08:02 18489885                   /usr/lib/jvm/java-6-openjdk-common/jre/lib/ext/dnsns.jar
7f799c046000-7f799c048000 r--s 0000f000 08:02 18489886                   /usr/lib/jvm/java-6-openjdk-common/jre/lib/ext/pulse-java.jar
7f799c048000-7f799c050000 rw-s 00000000 08:02 8650865                    /tmp/hsperfdata_jam/7672
7f799c050000-7f799c051000 rw-p 00000000 00:00 0 
7f799c051000-7f799c052000 r--p 00000000 00:00 0 
7f799c052000-7f799c054000 rw-p 00000000 00:00 0 
7f799c054000-7f799c055000 r--p 00022000 08:02 16256478                   /lib/x86_64-linux-gnu/ld-2.15.so
7f799c055000-7f799c057000 rw-p 00023000 08:02 16256478                   /lib/x86_64-linux-gnu/ld-2.15.so
7fff3cc48000-7fff3cc69000 rw-p 00000000 00:00 0                          [stack]
7fff3cdff000-7fff3ce00000 r-xp 00000000 00:00 0                          [vdso]
ffffffffff600000-ffffffffff601000 r-xp 00000000 00:00 0                  [vsyscall]

VM Arguments:
jvm_args: -Xmx768M -Xms768M -XX:PermSize=256m -XX:MaxPermSize=256m -Dfile.encoding=UTF-8 -Djline.WindowsTerminal.directConsole=false -Dgrails.home=/home/jam/Applications/grails-2.1.1 -Dtools.jar=/usr/lib/jvm/default-java/lib/tools.jar 
java_command: org.codehaus.groovy.grails.cli.support.GrailsStarter --main org.codehaus.groovy.grails.cli.GrailsScriptRunner --conf /home/jam/Applications/grails-2.1.1/conf/groovy-starter.conf --classpath   create-domain-class org.greens.VoterContactManager.FloridaHistory
Launcher Type: SUN_STANDARD

Environment Variables:
JAVA_HOME=/usr/lib/jvm/default-java
PATH=/usr/lib/lightdm/lightdm:/usr/local/sbin:/usr/local/bin:/usr/sbin:/usr/bin:/sbin:/bin:/usr/games
LD_LIBRARY_PATH=/usr/lib/jvm/java-6-openjdk-amd64/jre/lib/amd64/server:/usr/lib/jvm/java-6-openjdk-amd64/jre/lib/amd64:/usr/lib/jvm/java-6-openjdk-amd64/jre/../lib/amd64
SHELL=/bin/bash
DISPLAY=:0

Signal Handlers:
SIGSEGV: [libjvm.so+0x784310], sa_mask[0]=0x7ffbfeff, sa_flags=0x10000004
SIGBUS: [libjvm.so+0x784310], sa_mask[0]=0x7ffbfeff, sa_flags=0x10000004
SIGFPE: [libjvm.so+0x648580], sa_mask[0]=0x7ffbfeff, sa_flags=0x10000004
SIGPIPE: [libjvm.so+0x648580], sa_mask[0]=0x7ffbfeff, sa_flags=0x10000004
SIGXFSZ: [libjvm.so+0x648580], sa_mask[0]=0x7ffbfeff, sa_flags=0x10000004
SIGILL: [libjvm.so+0x648580], sa_mask[0]=0x7ffbfeff, sa_flags=0x10000004
SIGUSR1: SIG_DFL, sa_mask[0]=0x00000000, sa_flags=0x00000000
SIGUSR2: [libjvm.so+0x648730], sa_mask[0]=0x00000004, sa_flags=0x10000004
SIGHUP: [libjvm.so+0x64b250], sa_mask[0]=0x7ffbfeff, sa_flags=0x10000004
SIGINT: SIG_IGN, sa_mask[0]=0x00000000, sa_flags=0x00000000
SIGTERM: [libjvm.so+0x64b250], sa_mask[0]=0x7ffbfeff, sa_flags=0x10000004
SIGQUIT: [libjvm.so+0x64b250], sa_mask[0]=0x7ffbfeff, sa_flags=0x10000004


---------------  S Y S T E M  ---------------

OS:Ubuntu 12.04 (precise)
uname:Linux 3.2.0-30-generic #48-Ubuntu SMP Fri Aug 24 16:52:48 UTC 2012 x86_64
libc:glibc 2.15 NPTL 2.15 
rlimit: STACK 8192k, CORE 0k, NPROC 59519, NOFILE 4096, AS infinity
load average:52.55 52.43 52.46

/proc/meminfo:
MemTotal:        7636272 kB
MemFree:         3289196 kB
Buffers:          142744 kB
Cached:          1189816 kB
SwapCached:            0 kB
Active:          3078008 kB
Inactive:         741276 kB
Active(anon):    2487528 kB
Inactive(anon):    11188 kB
Active(file):     590480 kB
Inactive(file):   730088 kB
Unevictable:         100 kB
Mlocked:             100 kB
SwapTotal:       7837776 kB
SwapFree:        7837776 kB
Dirty:               236 kB
Writeback:             0 kB
AnonPages:       2480584 kB
Mapped:           279864 kB
Shmem:             11996 kB
Slab:             110192 kB
SReclaimable:      72472 kB
SUnreclaim:        37720 kB
KernelStack:        5336 kB
PageTables:        48368 kB
NFS_Unstable:          0 kB
Bounce:                0 kB
WritebackTmp:          0 kB
CommitLimit:    11655912 kB
Committed_AS:    6215780 kB
VmallocTotal:   34359738367 kB
VmallocUsed:      135768 kB
VmallocChunk:   34359600468 kB
HardwareCorrupted:     0 kB
AnonHugePages:         0 kB
HugePages_Total:       0
HugePages_Free:        0
HugePages_Rsvd:        0
HugePages_Surp:        0
Hugepagesize:       2048 kB
DirectMap4k:      294912 kB
DirectMap2M:     6502400 kB
DirectMap1G:     1048576 kB


CPU:total 4 (4 cores per cpu, 1 threads per core) family 18 model 1 stepping 0, cmov, cx8, fxsr, mmx, sse, sse2, sse3, popcnt, mmxext, 3dnowpref, lzcnt, sse4a

Memory: 4k page, physical 7636272k(3289196k free), swap 7837776k(7837776k free)

vm_info: OpenJDK 64-Bit Server VM (20.0-b12) for linux-amd64 JRE (1.6.0_24-b24), built on Sep  2 2012 19:50:47 by "buildd" with gcc 4.6.3

time: Fri Sep 14 22:22:55 2012
elapsed time: 8 seconds

