#
# A fatal error has been detected by the Java Runtime Environment:
#
#  SIGSEGV (0xb) at pc=0x00007f549a53878b, pid=11747, tid=140001185621760
#
# JRE version: 6.0_24-b24
# Java VM: OpenJDK 64-Bit Server VM (20.0-b12 mixed mode linux-amd64 compressed oops)
# Derivative: IcedTea6 1.11.4
# Distribution: Ubuntu 12.04 LTS, package 6b24-1.11.4-1ubuntu0.12.04.1
# Problematic frame:
# V  [libjvm.so+0x69b78b]  PSPromotionManager::copy_to_survivor_space(oopDesc*)+0xeb
#
# If you would like to submit a bug report, please include
# instructions how to reproduce the bug and visit:
#   https://bugs.launchpad.net/ubuntu/+source/openjdk-6/
#

---------------  T H R E A D  ---------------

Current thread (0x00007f5494016000):  GCTaskThread [stack: 0x00007f5490dfe000,0x00007f5490eff000] [id=11762]

siginfo:si_signo=SIGSEGV: si_errno=0, si_code=1 (SEGV_MAPERR), si_addr=0x0000000000000018

Registers:
RAX=0x00007f549aa2f7f0, RBX=0x00000000f30c1a90, RCX=0x0000000000000000, RDX=0x0000000000000000
RSP=0x00007f5490efdae0, RBP=0x00007f5490efdb50, RSI=0x0000000000000001, RDI=0x00007f549406eb80
R8 =0x00000000f0000000, R9 =0x00007f549aa43f2a, R10=0x006f006c0074006e, R11=0x00000000000017e0
R12=0x00000000ff7173cc, R13=0x0000000000000000, R14=0x00007f549406eb80, R15=0x00007f549406ec00
RIP=0x00007f549a53878b, EFLAGS=0x0000000000010246, CSGSFS=0x0000000000000033, ERR=0x0000000000000004
  TRAPNO=0x000000000000000e

Top of Stack: (sp=0x00007f5490efdae0)
0x00007f5490efdae0:   00007f5490efdb30 00007f549406eb88
0x00007f5490efdaf0:   00007f549aa43f2a 0000000000000000
0x00007f5490efdb00:   00000000ff712968 0000000000001000
0x00007f5490efdb10:   00000000d0e921c0 0000000000000400
0x00007f5490efdb20:   0000000000000000 00007f549406eb80
0x00007f5490efdb30:   00000000ff7173cc 00007f549aa2f7f0
0x00007f5490efdb40:   0000000000000000 00007f549406ec00
0x00007f5490efdb50:   00007f5490efdbe0 00007f549a539718
0x00007f5490efdb60:   00007f5490efdbc0 00007f549406ebf0
0x00007f5490efdb70:   0000000000000000 00000000d0205f90
0x00007f5490efdb80:   00007f549406eb80 00000000c12e8270
0x00007f5490efdb90:   00007f5490efdbe0 00007f549a31fb02
0x00007f5490efdba0:   00007f5490efdbe0 00000000d034f868
0x00007f5490efdbb0:   00007f5494013d60 00007f549400f7d0
0x00007f5490efdbc0:   00007f5498277a7d 00007f5498277a81
0x00007f5490efdbd0:   00007f549400f510 00000000d034fa08
0x00007f5490efdbe0:   00007f5490efdc90 00007f549a1ac396
0x00007f5490efdbf0:   00007f5494013d40 0000000000000000
0x00007f5490efdc00:   0000000000000000 00007f549400f7d0
0x00007f5490efdc10:   00000000d034fa08 00000000d0afe1a0
0x00007f5490efdc20:   00007f5498277a00 00000000d0350008
0x00007f5490efdc30:   00007f549827b7f1 00007f549406eb80
0x00007f5490efdc40:   00007f5498277a00 00007f5498277a7d
0x00007f5490efdc50:   00007f5498277a81 00007f549aa43f2a
0x00007f5490efdc60:   00007f5494013d40 00007f549406eb80
0x00007f5490efdc70:   00007f549401dd50 00007f549aa43d4e
0x00007f5490efdc80:   0000000000000000 00007f549a6785ad
0x00007f5490efdc90:   00007f5490efdcb0 00007f549a53bd87
0x00007f5490efdca0:   00007f5494016000 00007f549401dd50
0x00007f5490efdcb0:   00007f5490efdd80 00007f549a2d4247
0x00007f5490efdcc0:   00007f5494016a28 00007f5494016650
0x00007f5490efdcd0:   00007f5494016640 00007f5494016610 

Instructions: (pc=0x00007f549a53878b)
0x00007f549a53876b:   ff 49 89 c4 eb 72 0f 1f 80 00 00 00 00 48 8b 05
0x00007f549a53877b:   09 00 4e 00 8b 53 08 8b 48 08 48 d3 e2 48 03 10
0x00007f549a53878b:   8b 4a 18 83 f9 00 0f 8f 62 ff ff ff 0f 85 e3 00
0x00007f549a53879b:   00 00 48 8b 42 10 48 8d 7a 10 4c 89 4d a0 48 89 

Register to memory mapping:

RAX=0x00007f549aa2f7f0: <offset 0xb927f0> in /usr/lib/jvm/java-6-openjdk-amd64/jre/lib/amd64/server/libjvm.so at 0x00007f5499e9d000
RBX=0x00000000f30c1a90 is an unknown value
RCX=0x0000000000000000 is an unknown value
RDX=0x0000000000000000 is an unknown value
RSP=0x00007f5490efdae0 is an unknown value
RBP=0x00007f5490efdb50 is an unknown value
RSI=0x0000000000000001 is an unknown value
RDI=0x00007f549406eb80 is an unknown value
R8 =0x00000000f0000000 is an oop
[B 
 - klass: {type array byte}
 - length: 10000000
R9 =0x00007f549aa43f2a: <offset 0xba6f2a> in /usr/lib/jvm/java-6-openjdk-amd64/jre/lib/amd64/server/libjvm.so at 0x00007f5499e9d000
R10=0x006f006c0074006e is an unknown value
R11=0x00000000000017e0 is an unknown value
R12=0x00000000ff7173cc is an unknown value
R13=0x0000000000000000 is an unknown value
R14=0x00007f549406eb80 is an unknown value
R15=0x00007f549406ec00 is an unknown value


Stack: [0x00007f5490dfe000,0x00007f5490eff000],  sp=0x00007f5490efdae0,  free space=1022k
Native frames: (J=compiled Java code, j=interpreted, Vv=VM code, C=native code)
V  [libjvm.so+0x69b78b]  PSPromotionManager::copy_to_survivor_space(oopDesc*)+0xeb
V  [libjvm.so+0x69c718]  PSPromotionManager::drain_stacks_depth(bool)+0x638
V  [libjvm.so+0x30f396]  CardTableExtension::scavenge_contents_parallel(ObjectStartArray*, MutableSpace*, HeapWord*, PSPromotionManager*, unsigned int)+0x946
V  [libjvm.so+0x69ed87]  OldToYoungRootsTask::do_it(GCTaskManager*, unsigned int)+0x47
V  [libjvm.so+0x437247]  GCTaskThread::run()+0x107
V  [libjvm.so+0x64bbf2]  java_start(Thread*)+0x112


---------------  P R O C E S S  ---------------

Java Threads: ( => current thread )
  0x00007f54946e1000 JavaThread "pool-3-thread-5" [_thread_blocked, id=11788, stack(0x00007f5488939000,0x00007f5488a3a000)]
  0x00007f5494d6b800 JavaThread "pool-3-thread-4" [_thread_blocked, id=11787, stack(0x00007f5488a3a000,0x00007f5488b3b000)]
  0x00007f5494bba000 JavaThread "pool-3-thread-3" [_thread_blocked, id=11786, stack(0x00007f5488b3b000,0x00007f5488c3c000)]
  0x00007f5494643800 JavaThread "pool-3-thread-2" [_thread_blocked, id=11785, stack(0x00007f5488c3c000,0x00007f5488d3d000)]
  0x00007f5494654800 JavaThread "pool-3-thread-1" [_thread_blocked, id=11784, stack(0x00007f5488d3d000,0x00007f5488e3e000)]
  0x00007f5494772800 JavaThread "FileSystemWatcher: files=#14 cl=java.net.URLClassLoader@70cf68af" daemon [_thread_blocked, id=11783, stack(0x00007f5488e3e000,0x00007f5488f3f000)]
  0x00007f5440018000 JavaThread "Keep-Alive-Timer" daemon [_thread_blocked, id=11782, stack(0x00007f5488f3f000,0x00007f5489040000)]
  0x00007f5494d1b000 JavaThread "pool-2-thread-1" [_thread_blocked, id=11781, stack(0x00007f5489667000,0x00007f5489768000)]
  0x00007f5494cf4800 JavaThread "Synchronizer (Spring UAA/1.0.1)" daemon [_thread_blocked, id=11780, stack(0x00007f5489768000,0x00007f5489869000)]
  0x00007f54944a8800 JavaThread "Timer-0" daemon [_thread_blocked, id=11779, stack(0x00007f548b1ca000,0x00007f548b2cb000)]
  0x00007f54940e3800 JavaThread "Low Memory Detector" daemon [_thread_blocked, id=11771, stack(0x00007f548b623000,0x00007f548b724000)]
  0x00007f54940e9000 JavaThread "C2 CompilerThread1" daemon [_thread_blocked, id=11770, stack(0x00007f548b724000,0x00007f548b825000)]
  0x00007f54940ea800 JavaThread "C2 CompilerThread0" daemon [_thread_blocked, id=11769, stack(0x00007f5490002000,0x00007f5490103000)]
  0x00007f549408c000 JavaThread "Signal Dispatcher" daemon [_thread_blocked, id=11768, stack(0x00007f5490161000,0x00007f5490262000)]
  0x00007f5494079800 JavaThread "Finalizer" daemon [_thread_blocked, id=11767, stack(0x00007f5490262000,0x00007f5490363000)]
  0x00007f5494077800 JavaThread "Reference Handler" daemon [_thread_blocked, id=11766, stack(0x00007f5490363000,0x00007f5490464000)]
  0x00007f5494009800 JavaThread "main" [_thread_blocked, id=11760, stack(0x00007f549b759000,0x00007f549b85a000)]

Other Threads:
  0x00007f5494071000 VMThread [stack: 0x00007f5490464000,0x00007f5490565000] [id=11765]
  0x00007f54940ed800 WatcherThread [stack: 0x00007f548b522000,0x00007f548b623000] [id=11772]

=>0x00007f5494016000 (exited) GCTaskThread [stack: 0x00007f5490dfe000,0x00007f5490eff000] [id=11762]

VM state:at safepoint (normal execution)

VM Mutex/Monitor currently owned by a thread:  ([mutex/lock_event])
[0x00007f5494006080] Threads_lock - owner thread: 0x00007f5494071000
[0x00007f5494006580] Heap_lock - owner thread: 0x00007f54946e1000

Heap
 PSYoungGen      total 223168K, used 214787K [0x00000000f0000000, 0x0000000100000000, 0x0000000100000000)
  eden space 199808K, 95% used [0x00000000f0000000,0x00000000fbaf18d0,0x00000000fc320000)
  from space 23360K, 99% used [0x00000000fc320000,0x00000000fd9ef638,0x00000000fd9f0000)
  to   space 33728K, 95% used [0x00000000fdf10000,0x00000000ffea7fc8,0x0000000100000000)
 PSOldGen        total 524288K, used 19471K [0x00000000d0000000, 0x00000000f0000000, 0x00000000f0000000)
  object space 524288K, 3% used [0x00000000d0000000,0x00000000d1305f38,0x00000000f0000000)
 PSPermGen       total 262144K, used 35147K [0x00000000c0000000, 0x00000000d0000000, 0x00000000d0000000)
  object space 262144K, 13% used [0x00000000c0000000,0x00000000c2252cf0,0x00000000d0000000)

Code Cache  [0x00007f5491000000, 0x00007f54914a0000, 0x00007f5494000000)
 total_blobs=1266 nmethods=711 adapters=509 free_code_cache=45733056 largest_free_block=165696

Dynamic libraries:
00400000-00409000 r-xp 00000000 08:02 397963                             /usr/lib/jvm/java-6-openjdk-amd64/jre/bin/java
00608000-00609000 r--p 00008000 08:02 397963                             /usr/lib/jvm/java-6-openjdk-amd64/jre/bin/java
00609000-0060a000 rw-p 00009000 08:02 397963                             /usr/lib/jvm/java-6-openjdk-amd64/jre/bin/java
00963000-00984000 rw-p 00000000 00:00 0                                  [heap]
c0000000-100000000 rw-p 00000000 00:00 0 
7f541c000000-7f541c021000 rw-p 00000000 00:00 0 
7f541c021000-7f5420000000 ---p 00000000 00:00 0 
7f5424000000-7f5424021000 rw-p 00000000 00:00 0 
7f5424021000-7f5428000000 ---p 00000000 00:00 0 
7f5428000000-7f5428021000 rw-p 00000000 00:00 0 
7f5428021000-7f542c000000 ---p 00000000 00:00 0 
7f542c000000-7f542c021000 rw-p 00000000 00:00 0 
7f542c021000-7f5430000000 ---p 00000000 00:00 0 
7f5430000000-7f5430021000 rw-p 00000000 00:00 0 
7f5430021000-7f5434000000 ---p 00000000 00:00 0 
7f5434000000-7f5434021000 rw-p 00000000 00:00 0 
7f5434021000-7f5438000000 ---p 00000000 00:00 0 
7f5438000000-7f5438021000 rw-p 00000000 00:00 0 
7f5438021000-7f543c000000 ---p 00000000 00:00 0 
7f543c000000-7f543c021000 rw-p 00000000 00:00 0 
7f543c021000-7f5440000000 ---p 00000000 00:00 0 
7f5440000000-7f544006b000 rw-p 00000000 00:00 0 
7f544006b000-7f5444000000 ---p 00000000 00:00 0 
7f5444000000-7f54451e9000 rw-p 00000000 00:00 0 
7f54451e9000-7f5448000000 ---p 00000000 00:00 0 
7f5448000000-7f54489ea000 rw-p 00000000 00:00 0 
7f54489ea000-7f544c000000 ---p 00000000 00:00 0 
7f544c000000-7f544c021000 rw-p 00000000 00:00 0 
7f544c021000-7f5450000000 ---p 00000000 00:00 0 
7f5450000000-7f5450021000 rw-p 00000000 00:00 0 
7f5450021000-7f5454000000 ---p 00000000 00:00 0 
7f5454000000-7f5457fcf000 rw-p 00000000 00:00 0 
7f5457fcf000-7f5458000000 ---p 00000000 00:00 0 
7f545c000000-7f545ffef000 rw-p 00000000 00:00 0 
7f545ffef000-7f5460000000 ---p 00000000 00:00 0 
7f5460000000-7f5460021000 rw-p 00000000 00:00 0 
7f5460021000-7f5464000000 ---p 00000000 00:00 0 
7f5464000000-7f5464021000 rw-p 00000000 00:00 0 
7f5464021000-7f5468000000 ---p 00000000 00:00 0 
7f5468000000-7f5468021000 rw-p 00000000 00:00 0 
7f5468021000-7f546c000000 ---p 00000000 00:00 0 
7f546c000000-7f546c039000 rw-p 00000000 00:00 0 
7f546c039000-7f5470000000 ---p 00000000 00:00 0 
7f5470000000-7f5470021000 rw-p 00000000 00:00 0 
7f5470021000-7f5474000000 ---p 00000000 00:00 0 
7f5474000000-7f5474021000 rw-p 00000000 00:00 0 
7f5474021000-7f5478000000 ---p 00000000 00:00 0 
7f547c000000-7f547c203000 rw-p 00000000 00:00 0 
7f547c203000-7f5480000000 ---p 00000000 00:00 0 
7f5484000000-7f5484021000 rw-p 00000000 00:00 0 
7f5484021000-7f5488000000 ---p 00000000 00:00 0 
7f5488939000-7f548893c000 ---p 00000000 00:00 0 
7f548893c000-7f5488a3a000 rw-p 00000000 00:00 0 
7f5488a3a000-7f5488a3d000 ---p 00000000 00:00 0 
7f5488a3d000-7f5488b3b000 rw-p 00000000 00:00 0 
7f5488b3b000-7f5488b3e000 ---p 00000000 00:00 0 
7f5488b3e000-7f5488c3c000 rw-p 00000000 00:00 0 
7f5488c3c000-7f5488c3f000 ---p 00000000 00:00 0 
7f5488c3f000-7f5488d3d000 rw-p 00000000 00:00 0 
7f5488d3d000-7f5488d40000 ---p 00000000 00:00 0 
7f5488d40000-7f5488e3e000 rw-p 00000000 00:00 0 
7f5488e3e000-7f5488e41000 ---p 00000000 00:00 0 
7f5488e41000-7f5488f3f000 rw-p 00000000 00:00 0 
7f5488f3f000-7f5488f42000 ---p 00000000 00:00 0 
7f5488f42000-7f5489040000 rw-p 00000000 00:00 0 
7f5489040000-7f5489058000 r-xp 00000000 08:02 16256582                   /lib/x86_64-linux-gnu/libresolv-2.15.so
7f5489058000-7f5489258000 ---p 00018000 08:02 16256582                   /lib/x86_64-linux-gnu/libresolv-2.15.so
7f5489258000-7f5489259000 r--p 00018000 08:02 16256582                   /lib/x86_64-linux-gnu/libresolv-2.15.so
7f5489259000-7f548925a000 rw-p 00019000 08:02 16256582                   /lib/x86_64-linux-gnu/libresolv-2.15.so
7f548925a000-7f548925c000 rw-p 00000000 00:00 0 
7f548925c000-7f5489263000 r-xp 00000000 08:02 16256547                   /lib/x86_64-linux-gnu/libnss_dns-2.15.so
7f5489263000-7f5489462000 ---p 00007000 08:02 16256547                   /lib/x86_64-linux-gnu/libnss_dns-2.15.so
7f5489462000-7f5489463000 r--p 00006000 08:02 16256547                   /lib/x86_64-linux-gnu/libnss_dns-2.15.so
7f5489463000-7f5489464000 rw-p 00007000 08:02 16256547                   /lib/x86_64-linux-gnu/libnss_dns-2.15.so
7f5489464000-7f5489466000 r-xp 00000000 08:02 16252982                   /lib/libnss_mdns4_minimal.so.2
7f5489466000-7f5489665000 ---p 00002000 08:02 16252982                   /lib/libnss_mdns4_minimal.so.2
7f5489665000-7f5489666000 r--p 00001000 08:02 16252982                   /lib/libnss_mdns4_minimal.so.2
7f5489666000-7f5489667000 rw-p 00002000 08:02 16252982                   /lib/libnss_mdns4_minimal.so.2
7f5489667000-7f548966a000 ---p 00000000 00:00 0 
7f548966a000-7f5489768000 rw-p 00000000 00:00 0 
7f5489768000-7f548976b000 ---p 00000000 00:00 0 
7f548976b000-7f5489869000 rw-p 00000000 00:00 0 
7f5489869000-7f54898c6000 r-xp 00000000 08:02 16651114                   /usr/lib/x86_64-linux-gnu/nss/libfreebl3.so
7f54898c6000-7f5489ac5000 ---p 0005d000 08:02 16651114                   /usr/lib/x86_64-linux-gnu/nss/libfreebl3.so
7f5489ac5000-7f5489ac7000 r--p 0005c000 08:02 16651114                   /usr/lib/x86_64-linux-gnu/nss/libfreebl3.so
7f5489ac7000-7f5489ac8000 rw-p 0005e000 08:02 16651114                   /usr/lib/x86_64-linux-gnu/nss/libfreebl3.so
7f5489ac8000-7f5489acc000 rw-p 00000000 00:00 0 
7f5489acc000-7f5489b6a000 r-xp 00000000 08:02 16131587                   /usr/lib/x86_64-linux-gnu/libsqlite3.so.0.8.6
7f5489b6a000-7f5489d6a000 ---p 0009e000 08:02 16131587                   /usr/lib/x86_64-linux-gnu/libsqlite3.so.0.8.6
7f5489d6a000-7f5489d6c000 r--p 0009e000 08:02 16131587                   /usr/lib/x86_64-linux-gnu/libsqlite3.so.0.8.6
7f5489d6c000-7f5489d6e000 rw-p 000a0000 08:02 16131587                   /usr/lib/x86_64-linux-gnu/libsqlite3.so.0.8.6
7f5489d6e000-7f5489d6f000 rw-p 00000000 00:00 0 
7f5489d6f000-7f5489da8000 r-xp 00000000 08:02 16651117                   /usr/lib/x86_64-linux-gnu/nss/libsoftokn3.so
7f5489da8000-7f5489fa7000 ---p 00039000 08:02 16651117                   /usr/lib/x86_64-linux-gnu/nss/libsoftokn3.so
7f5489fa7000-7f5489fa9000 r--p 00038000 08:02 16651117                   /usr/lib/x86_64-linux-gnu/nss/libsoftokn3.so
7f5489fa9000-7f5489faa000 rw-p 0003a000 08:02 16651117                   /usr/lib/x86_64-linux-gnu/nss/libsoftokn3.so
7f5489faa000-7f5489fe4000 r-xp 00000000 08:02 16127779                   /usr/lib/x86_64-linux-gnu/libnspr4.so
7f5489fe4000-7f548a1e3000 ---p 0003a000 08:02 16127779                   /usr/lib/x86_64-linux-gnu/libnspr4.so
7f548a1e3000-7f548a1e4000 r--p 00039000 08:02 16127779                   /usr/lib/x86_64-linux-gnu/libnspr4.so
7f548a1e4000-7f548a1e6000 rw-p 0003a000 08:02 16127779                   /usr/lib/x86_64-linux-gnu/libnspr4.so
7f548a1e6000-7f548a1e8000 rw-p 00000000 00:00 0 
7f548a1e8000-7f548a1eb000 r-xp 00000000 08:02 16127775                   /usr/lib/x86_64-linux-gnu/libplds4.so
7f548a1eb000-7f548a3ea000 ---p 00003000 08:02 16127775                   /usr/lib/x86_64-linux-gnu/libplds4.so
7f548a3ea000-7f548a3eb000 r--p 00002000 08:02 16127775                   /usr/lib/x86_64-linux-gnu/libplds4.so
7f548a3eb000-7f548a3ec000 rw-p 00003000 08:02 16127775                   /usr/lib/x86_64-linux-gnu/libplds4.so
7f548a3ec000-7f548a3f0000 r-xp 00000000 08:02 16127777                   /usr/lib/x86_64-linux-gnu/libplc4.so
7f548a3f0000-7f548a5ef000 ---p 00004000 08:02 16127777                   /usr/lib/x86_64-linux-gnu/libplc4.so
7f548a5ef000-7f548a5f0000 r--p 00003000 08:02 16127777                   /usr/lib/x86_64-linux-gnu/libplc4.so
7f548a5f0000-7f548a5f1000 rw-p 00004000 08:02 16127777                   /usr/lib/x86_64-linux-gnu/libplc4.so
7f548a5f1000-7f548a60d000 r-xp 00000000 08:02 16123808                   /usr/lib/x86_64-linux-gnu/libnssutil3.so
7f548a60d000-7f548a80d000 ---p 0001c000 08:02 16123808                   /usr/lib/x86_64-linux-gnu/libnssutil3.so
7f548a80d000-7f548a813000 r--p 0001c000 08:02 16123808                   /usr/lib/x86_64-linux-gnu/libnssutil3.so
7f548a813000-7f548a814000 rw-p 00022000 08:02 16123808                   /usr/lib/x86_64-linux-gnu/libnssutil3.so
7f548a814000-7f548a912000 r-xp 00000000 08:02 16122488                   /usr/lib/x86_64-linux-gnu/libnss3.so
7f548a912000-7f548ab11000 ---p 000fe000 08:02 16122488                   /usr/lib/x86_64-linux-gnu/libnss3.so
7f548ab11000-7f548ab16000 r--p 000fd000 08:02 16122488                   /usr/lib/x86_64-linux-gnu/libnss3.so
7f548ab16000-7f548ab18000 rw-p 00102000 08:02 16122488                   /usr/lib/x86_64-linux-gnu/libnss3.so
7f548ab18000-7f548ab1a000 rw-p 00000000 00:00 0 
7f548ab3a000-7f548ab48000 r-xp 00000000 08:02 18747997                   /usr/lib/jvm/java-6-openjdk-amd64/jre/lib/amd64/libj2pkcs11.so
7f548ab48000-7f548ad48000 ---p 0000e000 08:02 18747997                   /usr/lib/jvm/java-6-openjdk-amd64/jre/lib/amd64/libj2pkcs11.so
7f548ad48000-7f548ad49000 r--p 0000e000 08:02 18747997                   /usr/lib/jvm/java-6-openjdk-amd64/jre/lib/amd64/libj2pkcs11.so
7f548ad49000-7f548ad4a000 rw-p 0000f000 08:02 18747997                   /usr/lib/jvm/java-6-openjdk-amd64/jre/lib/amd64/libj2pkcs11.so
7f548ad4a000-7f548ad4c000 r--s 00013000 08:02 18489868                   /usr/lib/jvm/java-6-openjdk-common/jre/lib/jce.jar
7f548ad5a000-7f548ad5e000 r--s 0002f000 08:02 4722137                    /home/jam/.grails/ivy-cache/org.grails/grails-test/jars/grails-test-2.1.1.jar
7f548ad5e000-7f548ad64000 r--s 0006c000 08:02 4722135                    /home/jam/.grails/ivy-cache/org.grails/grails-plugin-testing/jars/grails-plugin-testing-2.1.1.jar
7f548ad64000-7f548ad65000 r--s 00002000 08:02 5636284                    /home/jam/.grails/ivy-cache/org.hibernate/hibernate-ehcache/jars/hibernate-ehcache-3.6.10.Final.jar
7f548ad65000-7f548ad6a000 r--s 00048000 08:02 5636282                    /home/jam/.grails/ivy-cache/dom4j/dom4j/jars/dom4j-1.6.1.jar
7f548ad6a000-7f548ad6f000 r--s 00068000 08:02 5636280                    /home/jam/.grails/ivy-cache/antlr/antlr/jars/antlr-2.7.7.jar
7f548ad6f000-7f548ad78000 r--s 00098000 08:02 5636278                    /home/jam/.grails/ivy-cache/org.javassist/javassist/jars/javassist-3.16.1-GA.jar
7f548ad78000-7f548ad7b000 r--s 00009000 08:02 5636286                    /home/jam/.grails/ivy-cache/javax.validation/validation-api/jars/validation-api-1.0.0.GA.jar
7f548ad7b000-7f548ad82000 r--s 00040000 08:02 5636276                    /home/jam/.grails/ivy-cache/org.hibernate/hibernate-validator/jars/hibernate-validator-4.1.0.Final.jar
7f548ad82000-7f548ad85000 r--s 0000f000 08:02 5636274                    /home/jam/.grails/ivy-cache/org.hibernate/hibernate-commons-annotations/jars/hibernate-commons-annotations-3.2.0.Final.jar
7f548ad85000-7f548adb7000 r--s 002c9000 08:02 5636272                    /home/jam/.grails/ivy-cache/org.hibernate/hibernate-core/jars/hibernate-core-3.6.10.Final.jar
7f548adb7000-7f548adc8000 r--s 000d2000 08:02 5636617                    /home/jam/.grails/ivy-cache/org.liquibase/liquibase-core/jars/liquibase-core-2.0.5.jar
7f548adc8000-7f548adce000 r--s 0007e000 08:02 5637426                    /home/jam/.grails/ivy-cache/postgresql/postgresql/jars/postgresql-9.0-801.jdbc4.jar
7f548adce000-7f548add5000 r--s 000bd000 08:02 4722926                    /home/jam/.grails/ivy-cache/mysql/mysql-connector-java/jars/mysql-connector-java-5.1.20.jar
7f548add5000-7f548add7000 r--s 00000000 08:02 4722133                    /home/jam/.grails/ivy-cache/org.slf4j/jul-to-slf4j/jars/jul-to-slf4j-1.6.2.jar
7f548add7000-7f548add9000 r--s 00003000 08:02 4722131                    /home/jam/.grails/ivy-cache/org.slf4j/jcl-over-slf4j/jars/jcl-over-slf4j-1.6.2.jar
7f548add9000-7f548ade2000 r--s 0006d000 08:02 4722129                    /home/jam/.grails/ivy-cache/log4j/log4j/bundles/log4j-1.2.16.jar
7f548ade2000-7f548adf7000 r--s 000e3000 08:02 4722127                    /home/jam/.grails/ivy-cache/net.sf.ehcache/ehcache-core/jars/ehcache-core-2.4.6.jar
7f548adf7000-7f548adf9000 r--s 00005000 08:02 4722125                    /home/jam/.grails/ivy-cache/xpp3/xpp3_min/jars/xpp3_min-1.1.4c.jar
7f548adf9000-7f548adfb000 r--s 00004000 08:02 4722123                    /home/jam/.grails/ivy-cache/javax.servlet/jstl/jars/jstl-1.1.2.jar
7f548adfb000-7f548ae05000 r--s 0012c000 08:02 4722121                    /home/jam/.grails/ivy-cache/com.h2database/h2/jars/h2-1.3.164.jar
7f548ae05000-7f548ae08000 r--s 00016000 08:02 4722119                    /home/jam/.grails/ivy-cache/commons-pool/commons-pool/jars/commons-pool-1.5.6.jar
7f548ae08000-7f548ae0b000 r--s 00025000 08:02 4722117                    /home/jam/.grails/ivy-cache/commons-dbcp/commons-dbcp/jars/commons-dbcp-1.4.jar
7f548ae0b000-7f548ae0d000 r--s 0000e000 08:02 4722115                    /home/jam/.grails/ivy-cache/oro/oro/jars/oro-2.0.8.jar
7f548ae0d000-7f548ae0f000 r--s 0000d000 08:02 4722113                    /home/jam/.grails/ivy-cache/commons-fileupload/commons-fileupload/jars/commons-fileupload-1.2.2.jar
7f548ae0f000-7f548ae10000 r--s 0000a000 08:02 4722111                    /home/jam/.grails/ivy-cache/asm/asm/jars/asm-3.1.jar
7f548ae10000-7f548ae17000 r--s 0003e000 08:02 4722109                    /home/jam/.grails/ivy-cache/cglib/cglib/jars/cglib-2.2.jar
7f548ae17000-7f548ae1b000 r--s 00019000 08:02 4722107                    /home/jam/.grails/ivy-cache/org.aspectj/aspectjrt/jars/aspectjrt-1.6.10.jar
7f548ae1b000-7f548ae31000 r--s 00184000 08:02 4722105                    /home/jam/.grails/ivy-cache/org.aspectj/aspectjweaver/jars/aspectjweaver-1.6.10.jar
7f548ae31000-7f548ae38000 r--s 00056000 08:02 4722103                    /home/jam/.grails/ivy-cache/org.grails/grails-datastore-simple/jars/grails-datastore-simple-1.1.0.RELEASE.jar
7f548ae38000-7f548ae41000 r--s 00044000 08:02 4722101                    /home/jam/.grails/ivy-cache/org.grails/grails-datastore-core/jars/grails-datastore-core-1.1.0.RELEASE.jar
7f548ae41000-7f548ae46000 r--s 0004c000 08:02 4722099                    /home/jam/.grails/ivy-cache/org.grails/grails-datastore-gorm/jars/grails-datastore-gorm-1.1.0.RELEASE.jar
7f548ae46000-7f548ae51000 r--s 00082000 08:02 4722097                    /home/jam/.grails/ivy-cache/org.springframework/spring-webmvc/jars/spring-webmvc-3.1.2.RELEASE.jar
7f548ae51000-7f548ae5d000 r--s 0007a000 08:02 4722095                    /home/jam/.grails/ivy-cache/org.springframework/spring-web/jars/spring-web-3.1.2.RELEASE.jar
7f548ae5d000-7f548ae64000 r--s 00035000 08:02 4722093                    /home/jam/.grails/ivy-cache/org.springframework/spring-tx/jars/spring-tx-3.1.2.RELEASE.jar
7f548ae64000-7f548ae6d000 r--s 00054000 08:02 4722091                    /home/jam/.grails/ivy-cache/org.springframework/spring-orm/jars/spring-orm-3.1.2.RELEASE.jar
7f548ae6d000-7f548ae72000 r--s 0002c000 08:02 4722089                    /home/jam/.grails/ivy-cache/org.springframework/spring-jms/jars/spring-jms-3.1.2.RELEASE.jar
7f548ae72000-7f548ae7c000 r--s 00059000 08:02 4722087                    /home/jam/.grails/ivy-cache/org.springframework/spring-jdbc/jars/spring-jdbc-3.1.2.RELEASE.jar
7f548ae7c000-7f548ae80000 r--s 00027000 08:02 4722085                    /home/jam/.grails/ivy-cache/org.springframework/spring-expression/jars/spring-expression-3.1.2.RELEASE.jar
7f548ae80000-7f548ae83000 r--s 00018000 08:02 4722083                    /home/jam/.grails/ivy-cache/org.springframework/spring-context-support/jars/spring-context-support-3.1.2.RELEASE.jar
7f548ae83000-7f548ae98000 r--s 000b7000 08:02 4722081                    /home/jam/.grails/ivy-cache/org.springframework/spring-context/jars/spring-context-3.1.2.RELEASE.jar
7f548ae98000-7f548aea4000 r--s 00085000 08:02 4722079                    /home/jam/.grails/ivy-cache/org.springframework/spring-beans/jars/spring-beans-3.1.2.RELEASE.jar
7f548aea4000-7f548aea5000 r--s 0000c000 08:02 4722077                    /home/jam/.grails/ivy-cache/org.springframework/spring-asm/jars/spring-asm-3.1.2.RELEASE.jar
7f548aea5000-7f548aea7000 r--s 0000b000 08:02 4722075                    /home/jam/.grails/ivy-cache/org.springframework/spring-aspects/jars/spring-aspects-3.1.2.RELEASE.jar
7f548aea7000-7f548aeb0000 r--s 00049000 08:02 4722073                    /home/jam/.grails/ivy-cache/org.springframework/spring-aop/jars/spring-aop-3.1.2.RELEASE.jar
7f548aeb0000-7f548aeba000 r--s 00064000 08:02 4722071                    /home/jam/.grails/ivy-cache/org.springframework/spring-core/jars/spring-core-3.1.2.RELEASE.jar
7f548aeba000-7f548aebc000 r--s 00008000 08:02 4722069                    /home/jam/.grails/ivy-cache/org.grails/grails-plugin-validation/jars/grails-plugin-validation-2.1.1.jar
7f548aebc000-7f548aebf000 r--s 0001c000 08:02 4722067                    /home/jam/.grails/ivy-cache/org.grails/grails-plugin-url-mappings/jars/grails-plugin-url-mappings-2.1.1.jar
7f548aebf000-7f548aec1000 r--s 0000f000 08:02 4722065                    /home/jam/.grails/ivy-cache/org.grails/grails-plugin-mimetypes/jars/grails-plugin-mimetypes-2.1.1.jar
7f548aec1000-7f548aec3000 r--s 00005000 08:02 4722063                    /home/jam/.grails/ivy-cache/org.grails/grails-plugin-servlets/jars/grails-plugin-servlets-2.1.1.jar
7f548aec3000-7f548aec4000 r--s 00008000 08:02 4722061                    /home/jam/.grails/ivy-cache/org.grails/grails-plugin-services/jars/grails-plugin-services-2.1.1.jar
7f548aec4000-7f548aec6000 r--s 00006000 08:02 4722059                    /home/jam/.grails/ivy-cache/org.grails/grails-plugin-scaffolding/jars/grails-plugin-scaffolding-2.1.1.jar
7f548aec6000-7f548aec8000 r--s 0000e000 08:02 4722057                    /home/jam/.grails/ivy-cache/org.grails/grails-plugin-log4j/jars/grails-plugin-log4j-2.1.1.jar
7f548aec8000-7f548aeca000 r--s 00005000 08:02 4722055                    /home/jam/.grails/ivy-cache/org.grails/grails-plugin-i18n/jars/grails-plugin-i18n-2.1.1.jar
7f548aeca000-7f548aed1000 r--s 0006d000 08:02 4722053                    /home/jam/.grails/ivy-cache/org.grails/grails-plugin-gsp/jars/grails-plugin-gsp-2.1.1.jar
7f548aed1000-7f548aed3000 r--s 0000e000 08:02 4722051                    /home/jam/.grails/ivy-cache/org.grails/grails-plugin-filters/jars/grails-plugin-filters-2.1.1.jar
7f548aed3000-7f548aed5000 r--s 00009000 08:02 4722049                    /home/jam/.grails/ivy-cache/org.grails/grails-plugin-datasource/jars/grails-plugin-datasource-2.1.1.jar
7f548aed5000-7f548aed9000 r--s 00024000 08:02 4722047                    /home/jam/.grails/ivy-cache/org.grails/grails-plugin-converters/jars/grails-plugin-converters-2.1.1.jar
7f548aed9000-7f548aedc000 r--s 00019000 08:02 4722045                    /home/jam/.grails/ivy-cache/org.grails/grails-plugin-domain-class/jars/grails-plugin-domain-class-2.1.1.jar
7f548aedc000-7f548aee0000 r--s 00028000 08:02 4722043                    /home/jam/.grails/ivy-cache/org.grails/grails-plugin-controllers/jars/grails-plugin-controllers-2.1.1.jar
7f548aee0000-7f548aee2000 r--s 00015000 08:02 4722041                    /home/jam/.grails/ivy-cache/org.grails/grails-plugin-codecs/jars/grails-plugin-codecs-2.1.1.jar
7f548aee2000-7f548aee3000 r--s 00000000 08:02 4722039                    /home/jam/.grails/ivy-cache/org.grails/grails-logging/jars/grails-logging-2.1.1.jar
7f548aee3000-7f548aee5000 r--s 00009000 08:02 4722037                    /home/jam/.grails/ivy-cache/org.grails/grails-spring/jars/grails-spring-2.1.1.jar
7f548aee5000-7f548aeef000 r--s 0008a000 08:02 4722035                    /home/jam/.grails/ivy-cache/org.grails/grails-hibernate/jars/grails-hibernate-2.1.1.jar
7f548aeef000-7f548aef1000 r--s 00009000 08:02 4722033                    /home/jam/.grails/ivy-cache/org.grails/grails-crud/jars/grails-crud-2.1.1.jar
7f548aef1000-7f548aef7000 r--s 00027000 08:02 4722031                    /home/jam/.grails/ivy-cache/opensymphony/sitemesh/jars/sitemesh-2.4.jar
7f548aef7000-7f548aefc000 r--s 00015000 08:02 4722029                    /home/jam/.grails/ivy-cache/org.hibernate.javax.persistence/hibernate-jpa-2.0-api/jars/hibernate-jpa-2.0-api-1.0.1.Final.jar
7f548aefc000-7f548af01000 r--s 00041000 08:02 4722025                    /home/jam/.grails/ivy-cache/commons-lang/commons-lang/jars/commons-lang-2.6.jar
7f548af01000-7f548af04000 r--s 00025000 08:02 4722023                    /home/jam/.grails/ivy-cache/commons-io/commons-io/jars/commons-io-2.1.jar
7f548af04000-7f548af12000 r--s 0007f000 08:02 4722021                    /home/jam/.grails/ivy-cache/commons-collections/commons-collections/jars/commons-collections-3.2.1.jar
7f548af12000-7f548af14000 r--s 00010000 08:02 4722019                    /home/jam/.grails/ivy-cache/commons-codec/commons-codec/jars/commons-codec-1.5.jar
7f548af14000-7f548af16000 r--s 00000000 08:02 4722017                    /home/jam/.grails/ivy-cache/aopalliance/aopalliance/jars/aopalliance-1.0.jar
7f548af16000-7f548af19000 r--s 0001f000 08:02 4722015                    /home/jam/.grails/ivy-cache/commons-validator/commons-validator/jars/commons-validator-1.3.1.jar
7f548af19000-7f548af77000 r--s 00592000 08:02 4722009                    /home/jam/.grails/ivy-cache/org.codehaus.groovy/groovy-all/jars/groovy-all-1.8.8.jar
7f548af77000-7f548af87000 r--s 0019c000 08:02 5508469                    /home/jam/.grails/ivy-cache/org.eclipse.jdt.core.compiler/ecj/jars/ecj-3.7.2.jar
7f548af87000-7f548af92000 r--s 000b6000 08:02 4721759                    /home/jam/.grails/ivy-cache/org.apache.tomcat.embed/tomcat-embed-jasper/jars/tomcat-embed-jasper-7.0.30.jar
7f548af92000-7f548afb4000 r--s 00254000 08:02 4721757                    /home/jam/.grails/ivy-cache/org.apache.tomcat.embed/tomcat-embed-core/jars/tomcat-embed-core-7.0.30.jar
7f548afb4000-7f548afc9000 r-xp 00000000 08:02 18747986                   /usr/lib/jvm/java-6-openjdk-amd64/jre/lib/amd64/libnet.so
7f548afc9000-7f548b1c8000 ---p 00015000 08:02 18747986                   /usr/lib/jvm/java-6-openjdk-amd64/jre/lib/amd64/libnet.so
7f548b1c8000-7f548b1c9000 r--p 00014000 08:02 18747986                   /usr/lib/jvm/java-6-openjdk-amd64/jre/lib/amd64/libnet.so
7f548b1c9000-7f548b1ca000 rw-p 00015000 08:02 18747986                   /usr/lib/jvm/java-6-openjdk-amd64/jre/lib/amd64/libnet.so
7f548b1ca000-7f548b1cd000 ---p 00000000 00:00 0 
7f548b1cd000-7f548b2cb000 rw-p 00000000 00:00 0 
7f548b2cb000-7f548b2ce000 r--s 00019000 08:02 4722013                    /home/jam/.grails/ivy-cache/commons-el/commons-el/jars/commons-el-1.0.jar
7f548b2ce000-7f548b2d3000 r--s 00034000 08:02 4722011                    /home/jam/.grails/ivy-cache/commons-beanutils/commons-beanutils/jars/commons-beanutils-1.8.3.jar
7f548b2d3000-7f548b2d5000 r--s 0000d000 08:02 5508471                    /home/jam/.grails/ivy-cache/org.grails/grails-plugin-tomcat/jars/grails-plugin-tomcat-2.1.1.jar
7f548b2d5000-7f548b2d7000 r--s 0000c000 08:02 5508465                    /home/jam/.grails/ivy-cache/org.apache.tomcat/tomcat-catalina-ant/jars/tomcat-catalina-ant-7.0.30.jar
7f548b2d7000-7f548b2d8000 r--s 00001000 08:02 4721467                    /home/jam/.grails/ivy-cache/org.apache.ant/ant-trax/jars/ant-trax-1.7.1.jar
7f548b2d8000-7f548b2da000 r--s 00017000 08:02 4721465                    /home/jam/.grails/ivy-cache/org.apache.ant/ant-junit/jars/ant-junit-1.8.2.jar
7f548b2da000-7f548b2dc000 r--s 00002000 08:02 4721463                    /home/jam/.grails/ivy-cache/org.apache.ant/ant-launcher/jars/ant-launcher-1.8.2.jar
7f548b2dc000-7f548b2fa000 r--s 001bb000 08:02 4721461                    /home/jam/.grails/ivy-cache/org.apache.ant/ant/jars/ant-1.8.2.jar
7f548b2fa000-7f548b301000 r--s 00037000 08:02 4721459                    /home/jam/.grails/ivy-cache/junit/junit/jars/junit-4.10.jar
7f548b301000-7f548b304000 r--s 0000b000 08:02 4721456                    /home/jam/.grails/ivy-cache/com.googlecode.concurrentlinkedhashmap/concurrentlinkedhashmap-lru/jars/concurrentlinkedhashmap-lru-1.2_jdk5.jar
7f548b304000-7f548b30a000 r--s 00033000 08:02 4721454                    /home/jam/.grails/ivy-cache/org.springframework/spring-test/jars/spring-test-3.1.2.RELEASE.jar
7f548b30a000-7f548b30c000 r--s 00005000 08:02 4721452                    /home/jam/.grails/ivy-cache/org.slf4j/slf4j-api/jars/slf4j-api-1.6.2.jar
7f548b30c000-7f548b319000 r--s 000b7000 08:02 4721450                    /home/jam/.grails/ivy-cache/org.grails/grails-web/jars/grails-web-2.1.1.jar
7f548b319000-7f548b31c000 r--s 00026000 08:02 4721448                    /home/jam/.grails/ivy-cache/org.grails/grails-resources/jars/grails-resources-2.1.1.jar
7f548b31c000-7f548b32a000 r--s 000b5000 08:02 4721446                    /home/jam/.grails/ivy-cache/org.grails/grails-core/jars/grails-core-2.1.1.jar
7f548b32a000-7f548b335000 r--s 000fe000 08:02 4721444                    /home/jam/.grails/ivy-cache/org.grails/grails-scripts/jars/grails-scripts-2.1.1.jar
7f548b335000-7f548b33e000 r--s 000a8000 08:02 4721442                    /home/jam/.grails/ivy-cache/org.grails/grails-bootstrap/jars/grails-bootstrap-2.1.1.jar
7f548b33e000-7f548b341000 r--s 00044000 08:02 4721440                    /home/jam/.grails/ivy-cache/org.grails/grails-docs/jars/grails-docs-2.1.1.jar
7f548b341000-7f548b344000 r--s 00041000 08:02 4721438                    /home/jam/.grails/ivy-cache/xalan/serializer/jars/serializer-2.7.1.jar
7f548b344000-7f548b347000 r--s 000cf000 08:02 4721436                    /home/jam/.grails/ivy-cache/net.java.dev.jna/jna/jars/jna-3.2.3.jar
7f548b347000-7f548b349000 r--s 00008000 08:02 4721434                    /home/jam/.grails/ivy-cache/org.fusesource.jansi/jansi/jars/jansi-1.2.1.jar
7f548b349000-7f548b358000 r--s 000d9000 08:02 4721424                    /home/jam/.grails/ivy-cache/org.apache.ivy/ivy/jars/ivy-2.2.0.jar
7f548b358000-7f548b35a000 r--s 00015000 08:02 4721422                    /home/jam/.grails/ivy-cache/jline/jline/jars/jline-1.0.jar
7f548b35a000-7f548b37f000 r--s 00172000 08:02 4721397                    /home/jam/.grails/ivy-cache/org.bouncycastle/bcprov-jdk15/jars/bcprov-jdk15-1.45.jar
7f548b37f000-7f548b384000 r--s 00024000 08:02 4721394                    /home/jam/.grails/ivy-cache/org.bouncycastle/bcpg-jdk15/jars/bcpg-jdk15-1.45.jar
7f548b384000-7f548b385000 r--s 00003000 08:02 4721392                    /home/jam/.grails/ivy-cache/com.googlecode.json-simple/json-simple/jars/json-simple-1.1.jar
7f548b385000-7f548b38b000 r--s 00068000 08:02 4721389                    /home/jam/.grails/ivy-cache/com.google.protobuf/protobuf-java/jars/protobuf-java-2.4.1.jar
7f548b38b000-7f548b38e000 r--s 0001a000 08:02 4721386                    /home/jam/.grails/ivy-cache/org.springframework.uaa/org.springframework.uaa.client/bundles/org.springframework.uaa.client-1.0.1.RELEASE.jar
7f548b38e000-7f548b3a3000 r-xp 00000000 08:02 8650868                    /tmp/jna7350032717167927586.tmp
7f548b3a3000-7f548b4a2000 ---p 00015000 08:02 8650868                    /tmp/jna7350032717167927586.tmp
7f548b4a2000-7f548b4a4000 rw-p 00014000 08:02 8650868                    /tmp/jna7350032717167927586.tmp
7f548b4a4000-7f548b504000 r--s 00d92000 08:02 18877160                   /usr/lib/jvm/java-6-openjdk-amd64/lib/tools.jar
7f548b504000-7f548b522000 r--s 001bb000 08:02 15997849                   /home/jam/Applications/grails-2.1.1/lib/org.apache.ant/ant/jars/ant-1.8.2.jar
7f548b522000-7f548b523000 ---p 00000000 00:00 0 
7f548b523000-7f548b623000 rw-p 00000000 00:00 0 
7f548b623000-7f548b626000 ---p 00000000 00:00 0 
7f548b626000-7f548b724000 rw-p 00000000 00:00 0 
7f548b724000-7f548b727000 ---p 00000000 00:00 0 
7f548b727000-7f548b825000 rw-p 00000000 00:00 0 
7f548b825000-7f548c000000 r--p 00000000 08:02 16128286                   /usr/lib/locale/locale-archive
7f548c000000-7f548c02f000 rw-p 00000000 00:00 0 
7f548c02f000-7f5490000000 ---p 00000000 00:00 0 
7f5490000000-7f5490002000 r--s 00008000 08:02 5508467                    /home/jam/.grails/ivy-cache/org.apache.tomcat.embed/tomcat-embed-logging-juli/jars/tomcat-embed-logging-juli-7.0.30.jar
7f5490002000-7f5490005000 ---p 00000000 00:00 0 
7f5490005000-7f5490103000 rw-p 00000000 00:00 0 
7f5490103000-7f5490161000 r--s 00592000 08:02 4587821                    /home/jam/Applications/grails-2.1.1/lib/org.codehaus.groovy/groovy-all/jars/groovy-all-1.8.8.jar
7f5490161000-7f5490164000 ---p 00000000 00:00 0 
7f5490164000-7f5490262000 rw-p 00000000 00:00 0 
7f5490262000-7f5490265000 ---p 00000000 00:00 0 
7f5490265000-7f5490363000 rw-p 00000000 00:00 0 
7f5490363000-7f5490366000 ---p 00000000 00:00 0 
7f5490366000-7f5490464000 rw-p 00000000 00:00 0 
7f5490464000-7f5490465000 ---p 00000000 00:00 0 
7f5490465000-7f5490a6a000 rw-p 00000000 00:00 0 
7f5490a6a000-7f5490bfc000 r--s 037bf000 08:02 18616443                   /usr/lib/jvm/java-6-openjdk-amd64/jre/lib/rt.jar
7f5490bfc000-7f5490bfd000 ---p 00000000 00:00 0 
7f5490bfd000-7f5490cfd000 rw-p 00000000 00:00 0 
7f5490cfd000-7f5490cfe000 ---p 00000000 00:00 0 
7f5490cfe000-7f5490dfe000 rw-p 00000000 00:00 0 
7f5490dfe000-7f5490dff000 ---p 00000000 00:00 0 
7f5490dff000-7f5490eff000 rw-p 00000000 00:00 0 
7f5490eff000-7f5490f00000 ---p 00000000 00:00 0 
7f5490f00000-7f5491000000 rw-p 00000000 00:00 0 
7f5491000000-7f54914a0000 rwxp 00000000 00:00 0 
7f54914a0000-7f5494da4000 rw-p 00000000 00:00 0 
7f5494da4000-7f5498000000 ---p 00000000 00:00 0 
7f5498000000-7f5498002000 r--s 00013000 08:02 4721761                    /home/jam/.grails/ivy-cache/org.apache.tomcat.embed/tomcat-embed-logging-log4j/jars/tomcat-embed-logging-log4j-7.0.30.jar
7f5498002000-7f5498007000 r--s 00050000 08:02 4587551                    /home/jam/Applications/grails-2.1.1/lib/org.codehaus.gant/gant_groovy1.8/jars/gant_groovy1.8-1.9.6.jar
7f5498007000-7f5498016000 r--s 000d9000 08:02 3933556                    /home/jam/Applications/grails-2.1.1/lib/org.apache.ivy/ivy/jars/ivy-2.2.0.jar
7f5498016000-7f5498018000 r--s 00009000 08:02 15730918                   /home/jam/Applications/grails-2.1.1/lib/commons-cli/commons-cli/jars/commons-cli-1.2.jar
7f5498018000-7f549801b000 r--s 000cf000 08:02 15997829                   /home/jam/Applications/grails-2.1.1/lib/net.java.dev.jna/jna/jars/jna-3.2.3.jar
7f549801b000-7f5498276000 rw-p 00000000 00:00 0 
7f5498276000-7f54983f7000 rw-p 00000000 00:00 0 
7f54983f7000-7f54983fe000 r-xp 00000000 08:02 18748006                   /usr/lib/jvm/java-6-openjdk-amd64/jre/lib/amd64/libzip.so
7f54983fe000-7f54985fd000 ---p 00007000 08:02 18748006                   /usr/lib/jvm/java-6-openjdk-amd64/jre/lib/amd64/libzip.so
7f54985fd000-7f54985fe000 r--p 00006000 08:02 18748006                   /usr/lib/jvm/java-6-openjdk-amd64/jre/lib/amd64/libzip.so
7f54985fe000-7f54985ff000 rw-p 00007000 08:02 18748006                   /usr/lib/jvm/java-6-openjdk-amd64/jre/lib/amd64/libzip.so
7f54985ff000-7f549860b000 r-xp 00000000 08:02 16256549                   /lib/x86_64-linux-gnu/libnss_files-2.15.so
7f549860b000-7f549880a000 ---p 0000c000 08:02 16256549                   /lib/x86_64-linux-gnu/libnss_files-2.15.so
7f549880a000-7f549880b000 r--p 0000b000 08:02 16256549                   /lib/x86_64-linux-gnu/libnss_files-2.15.so
7f549880b000-7f549880c000 rw-p 0000c000 08:02 16256549                   /lib/x86_64-linux-gnu/libnss_files-2.15.so
7f549880c000-7f5498816000 r-xp 00000000 08:02 16256553                   /lib/x86_64-linux-gnu/libnss_nis-2.15.so
7f5498816000-7f5498a16000 ---p 0000a000 08:02 16256553                   /lib/x86_64-linux-gnu/libnss_nis-2.15.so
7f5498a16000-7f5498a17000 r--p 0000a000 08:02 16256553                   /lib/x86_64-linux-gnu/libnss_nis-2.15.so
7f5498a17000-7f5498a18000 rw-p 0000b000 08:02 16256553                   /lib/x86_64-linux-gnu/libnss_nis-2.15.so
7f5498a18000-7f5498a2f000 r-xp 00000000 08:02 16256543                   /lib/x86_64-linux-gnu/libnsl-2.15.so
7f5498a2f000-7f5498c2e000 ---p 00017000 08:02 16256543                   /lib/x86_64-linux-gnu/libnsl-2.15.so
7f5498c2e000-7f5498c2f000 r--p 00016000 08:02 16256543                   /lib/x86_64-linux-gnu/libnsl-2.15.so
7f5498c2f000-7f5498c30000 rw-p 00017000 08:02 16256543                   /lib/x86_64-linux-gnu/libnsl-2.15.so
7f5498c30000-7f5498c32000 rw-p 00000000 00:00 0 
7f5498c32000-7f5498c3a000 r-xp 00000000 08:02 16256545                   /lib/x86_64-linux-gnu/libnss_compat-2.15.so
7f5498c3a000-7f5498e39000 ---p 00008000 08:02 16256545                   /lib/x86_64-linux-gnu/libnss_compat-2.15.so
7f5498e39000-7f5498e3a000 r--p 00007000 08:02 16256545                   /lib/x86_64-linux-gnu/libnss_compat-2.15.so
7f5498e3a000-7f5498e3b000 rw-p 00008000 08:02 16256545                   /lib/x86_64-linux-gnu/libnss_compat-2.15.so
7f5498e3b000-7f5498e44000 r-xp 00000000 08:02 18747976                   /usr/lib/jvm/java-6-openjdk-amd64/jre/lib/amd64/libinstrument.so
7f5498e44000-7f5499044000 ---p 00009000 08:02 18747976                   /usr/lib/jvm/java-6-openjdk-amd64/jre/lib/amd64/libinstrument.so
7f5499044000-7f5499045000 r--p 00009000 08:02 18747976                   /usr/lib/jvm/java-6-openjdk-amd64/jre/lib/amd64/libinstrument.so
7f5499045000-7f5499046000 rw-p 0000a000 08:02 18747976                   /usr/lib/jvm/java-6-openjdk-amd64/jre/lib/amd64/libinstrument.so
7f5499046000-7f5499072000 r-xp 00000000 08:02 18747994                   /usr/lib/jvm/java-6-openjdk-amd64/jre/lib/amd64/libjava.so
7f5499072000-7f5499271000 ---p 0002c000 08:02 18747994                   /usr/lib/jvm/java-6-openjdk-amd64/jre/lib/amd64/libjava.so
7f5499271000-7f5499272000 r--p 0002b000 08:02 18747994                   /usr/lib/jvm/java-6-openjdk-amd64/jre/lib/amd64/libjava.so
7f5499272000-7f5499275000 rw-p 0002c000 08:02 18747994                   /usr/lib/jvm/java-6-openjdk-amd64/jre/lib/amd64/libjava.so
7f5499275000-7f5499283000 r-xp 00000000 08:02 18747993                   /usr/lib/jvm/java-6-openjdk-amd64/jre/lib/amd64/libverify.so
7f5499283000-7f5499482000 ---p 0000e000 08:02 18747993                   /usr/lib/jvm/java-6-openjdk-amd64/jre/lib/amd64/libverify.so
7f5499482000-7f5499484000 r--p 0000d000 08:02 18747993                   /usr/lib/jvm/java-6-openjdk-amd64/jre/lib/amd64/libverify.so
7f5499484000-7f5499485000 rw-p 0000f000 08:02 18747993                   /usr/lib/jvm/java-6-openjdk-amd64/jre/lib/amd64/libverify.so
7f5499485000-7f549948c000 r-xp 00000000 08:02 16256584                   /lib/x86_64-linux-gnu/librt-2.15.so
7f549948c000-7f549968b000 ---p 00007000 08:02 16256584                   /lib/x86_64-linux-gnu/librt-2.15.so
7f549968b000-7f549968c000 r--p 00006000 08:02 16256584                   /lib/x86_64-linux-gnu/librt-2.15.so
7f549968c000-7f549968d000 rw-p 00007000 08:02 16256584                   /lib/x86_64-linux-gnu/librt-2.15.so
7f549968d000-7f54996a2000 r-xp 00000000 08:02 16256519                   /lib/x86_64-linux-gnu/libgcc_s.so.1
7f54996a2000-7f54998a1000 ---p 00015000 08:02 16256519                   /lib/x86_64-linux-gnu/libgcc_s.so.1
7f54998a1000-7f54998a2000 r--p 00014000 08:02 16256519                   /lib/x86_64-linux-gnu/libgcc_s.so.1
7f54998a2000-7f54998a3000 rw-p 00015000 08:02 16256519                   /lib/x86_64-linux-gnu/libgcc_s.so.1
7f54998a3000-7f549999c000 r-xp 00000000 08:02 16256530                   /lib/x86_64-linux-gnu/libm-2.15.so
7f549999c000-7f5499b9b000 ---p 000f9000 08:02 16256530                   /lib/x86_64-linux-gnu/libm-2.15.so
7f5499b9b000-7f5499b9c000 r--p 000f8000 08:02 16256530                   /lib/x86_64-linux-gnu/libm-2.15.so
7f5499b9c000-7f5499b9d000 rw-p 000f9000 08:02 16256530                   /lib/x86_64-linux-gnu/libm-2.15.so
7f5499b9d000-7f5499c7f000 r-xp 00000000 08:02 16129397                   /usr/lib/x86_64-linux-gnu/libstdc++.so.6.0.16
7f5499c7f000-7f5499e7e000 ---p 000e2000 08:02 16129397                   /usr/lib/x86_64-linux-gnu/libstdc++.so.6.0.16
7f5499e7e000-7f5499e86000 r--p 000e1000 08:02 16129397                   /usr/lib/x86_64-linux-gnu/libstdc++.so.6.0.16
7f5499e86000-7f5499e88000 rw-p 000e9000 08:02 16129397                   /usr/lib/x86_64-linux-gnu/libstdc++.so.6.0.16
7f5499e88000-7f5499e9d000 rw-p 00000000 00:00 0 
7f5499e9d000-7f549a7a1000 r-xp 00000000 08:02 18877146                   /usr/lib/jvm/java-6-openjdk-amd64/jre/lib/amd64/server/libjvm.so
7f549a7a1000-7f549a9a1000 ---p 00904000 08:02 18877146                   /usr/lib/jvm/java-6-openjdk-amd64/jre/lib/amd64/server/libjvm.so
7f549a9a1000-7f549aa21000 r--p 00904000 08:02 18877146                   /usr/lib/jvm/java-6-openjdk-amd64/jre/lib/amd64/server/libjvm.so
7f549aa21000-7f549aa3c000 rw-p 00984000 08:02 18877146                   /usr/lib/jvm/java-6-openjdk-amd64/jre/lib/amd64/server/libjvm.so
7f549aa3c000-7f549aa65000 rw-p 00000000 00:00 0 
7f549aa65000-7f549aa7b000 r-xp 00000000 08:02 16256609                   /lib/x86_64-linux-gnu/libz.so.1.2.3.4
7f549aa7b000-7f549ac7a000 ---p 00016000 08:02 16256609                   /lib/x86_64-linux-gnu/libz.so.1.2.3.4
7f549ac7a000-7f549ac7b000 r--p 00015000 08:02 16256609                   /lib/x86_64-linux-gnu/libz.so.1.2.3.4
7f549ac7b000-7f549ac7c000 rw-p 00016000 08:02 16256609                   /lib/x86_64-linux-gnu/libz.so.1.2.3.4
7f549ac7c000-7f549ae2f000 r-xp 00000000 08:02 16256498                   /lib/x86_64-linux-gnu/libc-2.15.so
7f549ae2f000-7f549b02e000 ---p 001b3000 08:02 16256498                   /lib/x86_64-linux-gnu/libc-2.15.so
7f549b02e000-7f549b032000 r--p 001b2000 08:02 16256498                   /lib/x86_64-linux-gnu/libc-2.15.so
7f549b032000-7f549b034000 rw-p 001b6000 08:02 16256498                   /lib/x86_64-linux-gnu/libc-2.15.so
7f549b034000-7f549b039000 rw-p 00000000 00:00 0 
7f549b039000-7f549b03b000 r-xp 00000000 08:02 16256511                   /lib/x86_64-linux-gnu/libdl-2.15.so
7f549b03b000-7f549b23b000 ---p 00002000 08:02 16256511                   /lib/x86_64-linux-gnu/libdl-2.15.so
7f549b23b000-7f549b23c000 r--p 00002000 08:02 16256511                   /lib/x86_64-linux-gnu/libdl-2.15.so
7f549b23c000-7f549b23d000 rw-p 00003000 08:02 16256511                   /lib/x86_64-linux-gnu/libdl-2.15.so
7f549b23d000-7f549b241000 r-xp 00000000 08:02 18747978                   /usr/lib/jvm/java-6-openjdk-amd64/jre/lib/amd64/jli/libjli.so
7f549b241000-7f549b440000 ---p 00004000 08:02 18747978                   /usr/lib/jvm/java-6-openjdk-amd64/jre/lib/amd64/jli/libjli.so
7f549b440000-7f549b441000 r--p 00003000 08:02 18747978                   /usr/lib/jvm/java-6-openjdk-amd64/jre/lib/amd64/jli/libjli.so
7f549b441000-7f549b442000 rw-p 00004000 08:02 18747978                   /usr/lib/jvm/java-6-openjdk-amd64/jre/lib/amd64/jli/libjli.so
7f549b442000-7f549b45a000 r-xp 00000000 08:02 16256578                   /lib/x86_64-linux-gnu/libpthread-2.15.so
7f549b45a000-7f549b659000 ---p 00018000 08:02 16256578                   /lib/x86_64-linux-gnu/libpthread-2.15.so
7f549b659000-7f549b65a000 r--p 00017000 08:02 16256578                   /lib/x86_64-linux-gnu/libpthread-2.15.so
7f549b65a000-7f549b65b000 rw-p 00018000 08:02 16256578                   /lib/x86_64-linux-gnu/libpthread-2.15.so
7f549b65b000-7f549b65f000 rw-p 00000000 00:00 0 
7f549b65f000-7f549b681000 r-xp 00000000 08:02 16256478                   /lib/x86_64-linux-gnu/ld-2.15.so
7f549b681000-7f549b682000 r--s 00003000 08:02 4722027                    /home/jam/.grails/ivy-cache/javax.transaction/jta/jars/jta-1.1.jar
7f549b682000-7f549b689000 r--s 000fb000 08:02 18489889                   /usr/lib/jvm/java-6-openjdk-common/jre/lib/resources.jar
7f549b689000-7f549b690000 r--s 00067000 08:02 15730908                   /home/jam/Applications/grails-2.1.1/lib/com.springsource.springloaded/springloaded-core/jars/springloaded-core-1.0.6.jar
7f549b690000-7f549b699000 r--s 000a8000 08:02 15731003                   /home/jam/Applications/grails-2.1.1/dist/grails-bootstrap-2.1.1.jar
7f549b699000-7f549b6ac000 rw-p 00000000 00:00 0 
7f549b6ac000-7f549b759000 rw-p 00000000 00:00 0 
7f549b759000-7f549b75c000 ---p 00000000 00:00 0 
7f549b75c000-7f549b85f000 rw-p 00000000 00:00 0 
7f549b85f000-7f549b861000 r--s 00008000 08:02 4587896                    /home/jam/Applications/grails-2.1.1/lib/org.fusesource.jansi/jansi/jars/jansi-1.2.1.jar
7f549b861000-7f549b863000 r--s 00015000 08:02 15862296                   /home/jam/Applications/grails-2.1.1/lib/jline/jline/jars/jline-1.0.jar
7f549b863000-7f549b866000 r--s 0007d000 08:02 18489867                   /usr/lib/jvm/java-6-openjdk-common/jre/lib/jsse.jar
7f549b866000-7f549b86a000 r--s 00038000 08:02 18489882                   /usr/lib/jvm/java-6-openjdk-common/jre/lib/ext/sunpkcs11.jar
7f549b86a000-7f549b86d000 r--s 00031000 08:02 18489884                   /usr/lib/jvm/java-6-openjdk-common/jre/lib/ext/sunjce_provider.jar
7f549b86d000-7f549b86e000 r--s 00007000 08:02 16651090                   /usr/share/java/java-atk-wrapper.jar
7f549b86e000-7f549b871000 r--s 00077000 08:02 18489883                   /usr/lib/jvm/java-6-openjdk-common/jre/lib/ext/localedata.jar
7f549b871000-7f549b873000 r--s 00001000 08:02 18489885                   /usr/lib/jvm/java-6-openjdk-common/jre/lib/ext/dnsns.jar
7f549b873000-7f549b875000 r--s 0000f000 08:02 18489886                   /usr/lib/jvm/java-6-openjdk-common/jre/lib/ext/pulse-java.jar
7f549b875000-7f549b87d000 rw-s 00000000 08:02 8650867                    /tmp/hsperfdata_jam/11747
7f549b87d000-7f549b87e000 rw-p 00000000 00:00 0 
7f549b87e000-7f549b87f000 ---p 00000000 00:00 0 
7f549b87f000-7f549b881000 rw-p 00000000 00:00 0 
7f549b881000-7f549b882000 r--p 00022000 08:02 16256478                   /lib/x86_64-linux-gnu/ld-2.15.so
7f549b882000-7f549b884000 rw-p 00023000 08:02 16256478                   /lib/x86_64-linux-gnu/ld-2.15.so
7fff13c96000-7fff13cb7000 rw-p 00000000 00:00 0                          [stack]
7fff13dff000-7fff13e00000 r-xp 00000000 00:00 0                          [vdso]
ffffffffff600000-ffffffffff601000 r-xp 00000000 00:00 0                  [vsyscall]

VM Arguments:
jvm_args: -Xmx768M -Xms768M -XX:PermSize=256m -XX:MaxPermSize=256m -Dfile.encoding=UTF-8 -Dserver.port=8080 -Djline.WindowsTerminal.directConsole=false -javaagent:/home/jam/Applications/grails-2.1.1/lib/com.springsource.springloaded/springloaded-core/jars/springloaded-core-1.0.6.jar -Xverify:none -Dspringloaded=profile=grails;cacheDir=/home/jam/.grails/2.1.1/ -Dgrails.home=/home/jam/Applications/grails-2.1.1 -Dtools.jar=/usr/lib/jvm/default-java/lib/tools.jar 
java_command: org.codehaus.groovy.grails.cli.support.GrailsStarter --main org.codehaus.groovy.grails.cli.GrailsScriptRunner --conf /home/jam/Applications/grails-2.1.1/conf/groovy-starter.conf --classpath   run-app
Launcher Type: SUN_STANDARD

Environment Variables:
JAVA_HOME=/usr/lib/jvm/default-java
PATH=/usr/lib/lightdm/lightdm:/usr/local/sbin:/usr/local/bin:/usr/sbin:/usr/bin:/sbin:/bin:/usr/games
LD_LIBRARY_PATH=/usr/lib/jvm/java-6-openjdk-amd64/jre/lib/amd64/server:/usr/lib/jvm/java-6-openjdk-amd64/jre/lib/amd64:/usr/lib/jvm/java-6-openjdk-amd64/jre/../lib/amd64
SHELL=/bin/bash
DISPLAY=:0.0

Signal Handlers:
SIGSEGV: [libjvm.so+0x784310], sa_mask[0]=0x7ffbfeff, sa_flags=0x10000004
SIGBUS: [libjvm.so+0x784310], sa_mask[0]=0x7ffbfeff, sa_flags=0x10000004
SIGFPE: [libjvm.so+0x648580], sa_mask[0]=0x7ffbfeff, sa_flags=0x10000004
SIGPIPE: SIG_IGN, sa_mask[0]=0x00000000, sa_flags=0x00000000
SIGXFSZ: [libjvm.so+0x648580], sa_mask[0]=0x7ffbfeff, sa_flags=0x10000004
SIGILL: [libjvm.so+0x648580], sa_mask[0]=0x7ffbfeff, sa_flags=0x10000004
SIGUSR1: SIG_DFL, sa_mask[0]=0x00000000, sa_flags=0x00000000
SIGUSR2: [libjvm.so+0x648730], sa_mask[0]=0x00000004, sa_flags=0x10000004
SIGHUP: [libjvm.so+0x64b250], sa_mask[0]=0x7ffbfeff, sa_flags=0x10000004
SIGINT: SIG_IGN, sa_mask[0]=0x00000000, sa_flags=0x00000000
SIGTERM: [libjvm.so+0x64b250], sa_mask[0]=0x7ffbfeff, sa_flags=0x10000004
SIGQUIT: [libjvm.so+0x64b250], sa_mask[0]=0x7ffbfeff, sa_flags=0x10000004


---------------  S Y S T E M  ---------------

OS:Ubuntu 12.04 (precise)
uname:Linux 3.2.0-30-generic #48-Ubuntu SMP Fri Aug 24 16:52:48 UTC 2012 x86_64
libc:glibc 2.15 NPTL 2.15 
rlimit: STACK 8192k, CORE 0k, NPROC 59519, NOFILE 4096, AS infinity
load average:1.17 0.91 0.76

/proc/meminfo:
MemTotal:        7636272 kB
MemFree:         1924656 kB
Buffers:          318528 kB
Cached:          2128576 kB
SwapCached:            0 kB
Active:          3614576 kB
Inactive:        1447556 kB
Active(anon):    2615960 kB
Inactive(anon):    10524 kB
Active(file):     998616 kB
Inactive(file):  1437032 kB
Unevictable:          44 kB
Mlocked:              44 kB
SwapTotal:       7837776 kB
SwapFree:        7837776 kB
Dirty:               468 kB
Writeback:             8 kB
AnonPages:       2615052 kB
Mapped:           346028 kB
Shmem:             11460 kB
Slab:             201540 kB
SReclaimable:     163844 kB
SUnreclaim:        37696 kB
KernelStack:        4840 kB
PageTables:        52388 kB
NFS_Unstable:          0 kB
Bounce:                0 kB
WritebackTmp:          0 kB
CommitLimit:    11655912 kB
Committed_AS:    6814320 kB
VmallocTotal:   34359738367 kB
VmallocUsed:      135768 kB
VmallocChunk:   34359600452 kB
HardwareCorrupted:     0 kB
AnonHugePages:         0 kB
HugePages_Total:       0
HugePages_Free:        0
HugePages_Rsvd:        0
HugePages_Surp:        0
Hugepagesize:       2048 kB
DirectMap4k:      438272 kB
DirectMap2M:     7407616 kB
DirectMap1G:           0 kB


CPU:total 4 (4 cores per cpu, 1 threads per core) family 18 model 1 stepping 0, cmov, cx8, fxsr, mmx, sse, sse2, sse3, popcnt, mmxext, 3dnowpref, lzcnt, sse4a

Memory: 4k page, physical 7636272k(1924656k free), swap 7837776k(7837776k free)

vm_info: OpenJDK 64-Bit Server VM (20.0-b12) for linux-amd64 JRE (1.6.0_24-b24), built on Sep  2 2012 19:50:47 by "buildd" with gcc 4.6.3

time: Sat Sep 15 15:06:30 2012
elapsed time: 14 seconds

