#
# A fatal error has been detected by the Java Runtime Environment:
#
#  Internal Error (signature.cpp:67), pid=15279, tid=140553903134464
#  fatal error: expecting (
#
# JRE version: 6.0_24-b24
# Java VM: OpenJDK 64-Bit Server VM (20.0-b12 mixed mode linux-amd64 compressed oops)
# Derivative: IcedTea6 1.11.4
# Distribution: Ubuntu 12.04 LTS, package 6b24-1.11.4-1ubuntu0.12.04.1
# If you would like to submit a bug report, please include
# instructions how to reproduce the bug and visit:
#   https://bugs.launchpad.net/ubuntu/+source/openjdk-6/
#

---------------  T H R E A D  ---------------

Current thread (0x00007fd4fc001000):  JavaThread "localhost-startStop-1" daemon [_thread_in_vm, id=15327, stack(0x00007fd54167d000,0x00007fd54177e000)]

Stack: [0x00007fd54167d000,0x00007fd54177e000],  sp=0x00007fd541776080,  free space=996k
Native frames: (J=compiled Java code, j=interpreted, Vv=VM code, C=native code)
V  [libjvm.so+0x7836d5]  VMError::report(outputStream*)+0x1255
V  [libjvm.so+0x783959]  VMError::report_and_die()+0x169
V  [libjvm.so+0x3bb18a]  report_vm_error(char const*, int, char const*, char const*)+0x4a
V  [libjvm.so+0x6d84e5]  SignatureIterator::expect(char)+0x65
V  [libjvm.so+0x6d8672]  SignatureIterator::iterate_parameters()+0x22
V  [libjvm.so+0x616f8f]  methodOopDesc::compute_size_of_parameters(Thread*)+0x8f
V  [libjvm.so+0x34bead]  ClassFileParser::parse_method(constantPoolHandle, bool, AccessFlags*, typeArrayHandle*, typeArrayHandle*, typeArrayHandle*, Thread*)+0x1b5d
V  [libjvm.so+0x34d06a]  ClassFileParser::parse_methods(constantPoolHandle, bool, AccessFlags*, bool*, objArrayOopDesc**, objArrayOopDesc**, objArrayOopDesc**, Thread*)+0x3ea
V  [libjvm.so+0x3508d8]  ClassFileParser::parseClassFile(symbolHandle, Handle, Handle, KlassHandle, GrowableArray<Handle>*, symbolHandle&, bool, Thread*)+0x8c8
V  [libjvm.so+0x7194d7]  SystemDictionary::resolve_from_stream(symbolHandle, Handle, Handle, ClassFileStream*, bool, Thread*)+0xe7
V  [libjvm.so+0x4e5c40]  jvm_define_class_common(JNIEnv_*, char const*, _jobject*, signed char const*, int, _jobject*, char const*, unsigned char, Thread*)+0x220
V  [libjvm.so+0x4e6e89]  JVM_DefineClassWithSource+0xa9
C  [libjava.so+0x10f3a]  Java_java_lang_ClassLoader_defineClass1+0x29a
j  java.lang.ClassLoader.defineClass1(Ljava/lang/String;[BIILjava/security/ProtectionDomain;Ljava/lang/String;)Ljava/lang/Class;+0
j  java.lang.ClassLoader.defineClass(Ljava/lang/String;[BIILjava/security/ProtectionDomain;)Ljava/lang/Class;+30
j  java.lang.ClassLoader.defineClass(Ljava/lang/String;[BII)Ljava/lang/Class;+7
j  sun.reflect.GeneratedMethodAccessor157.invoke(Ljava/lang/Object;[Ljava/lang/Object;)Ljava/lang/Object;+212

Java frames: (J=compiled Java code, j=interpreted, Vv=VM code)
j  java.lang.ClassLoader.defineClass1(Ljava/lang/String;[BIILjava/security/ProtectionDomain;Ljava/lang/String;)Ljava/lang/Class;+0
j  java.lang.ClassLoader.defineClass(Ljava/lang/String;[BIILjava/security/ProtectionDomain;)Ljava/lang/Class;+30
j  java.lang.ClassLoader.defineClass(Ljava/lang/String;[BII)Ljava/lang/Class;+7
j  sun.reflect.GeneratedMethodAccessor157.invoke(Ljava/lang/Object;[Ljava/lang/Object;)Ljava/lang/Object;+212
J  java.lang.reflect.Method.invoke(Ljava/lang/Object;[Ljava/lang/Object;)Ljava/lang/Object;
j  com.springsource.loaded.TypeRegistry.defineClass(Ljava/lang/String;[BZ)Ljava/lang/Class;+165
j  com.springsource.loaded.ReloadableType.rewriteCallSitesAndDefine()V+38
j  com.springsource.loaded.ReloadableType.<init>(Ljava/lang/String;[BILcom/springsource/loaded/TypeRegistry;Lcom/springsource/loaded/TypeDescriptor;)V+167
j  com.springsource.loaded.TypeRegistry.addType(Ljava/lang/String;[B)Lcom/springsource/loaded/ReloadableType;+103
J  com.springsource.loaded.agent.SpringLoadedPreProcessor.preProcess(Ljava/lang/ClassLoader;Ljava/lang/String;Ljava/security/ProtectionDomain;[B)[B
J  sun.instrument.TransformerManager.transform(Ljava/lang/ClassLoader;Ljava/lang/String;Ljava/lang/Class;Ljava/security/ProtectionDomain;[B)[B
j  sun.instrument.InstrumentationImpl.transform(Ljava/lang/ClassLoader;Ljava/lang/String;Ljava/lang/Class;Ljava/security/ProtectionDomain;[BZ)[B+34
v  ~StubRoutines::call_stub
j  java.lang.ClassLoader.defineClass1(Ljava/lang/String;[BIILjava/security/ProtectionDomain;Ljava/lang/String;)Ljava/lang/Class;+0
j  java.lang.ClassLoader.defineClass(Ljava/lang/String;[BIILjava/security/ProtectionDomain;)Ljava/lang/Class;+30
j  java.security.SecureClassLoader.defineClass(Ljava/lang/String;[BIILjava/security/CodeSource;)Ljava/lang/Class;+27
j  java.net.URLClassLoader.defineClass(Ljava/lang/String;Lsun/misc/Resource;)Ljava/lang/Class;+253
J  java.net.URLClassLoader$1.run()Ljava/lang/Object;
v  ~StubRoutines::call_stub
J  java.security.AccessController.doPrivileged(Ljava/security/PrivilegedExceptionAction;Ljava/security/AccessControlContext;)Ljava/lang/Object;
J  java.net.URLClassLoader.findClass(Ljava/lang/String;)Ljava/lang/Class;
J  java.lang.ClassLoader.loadClass(Ljava/lang/String;Z)Ljava/lang/Class;
J  java.lang.ClassLoader.loadClass(Ljava/lang/String;)Ljava/lang/Class;
v  ~StubRoutines::call_stub
j  org.grails.plugin.resource.ResourceTagLib.<init>()V+272
v  ~StubRoutines::call_stub
j  sun.reflect.NativeConstructorAccessorImpl.newInstance0(Ljava/lang/reflect/Constructor;[Ljava/lang/Object;)Ljava/lang/Object;+0
j  sun.reflect.NativeConstructorAccessorImpl.newInstance([Ljava/lang/Object;)Ljava/lang/Object;+72
J  sun.reflect.DelegatingConstructorAccessorImpl.newInstance([Ljava/lang/Object;)Ljava/lang/Object;
j  java.lang.reflect.Constructor.newInstance([Ljava/lang/Object;)Ljava/lang/Object;+92
J  com.springsource.loaded.ri.ReflectiveInterceptor.jlrConstructorNewInstance(Ljava/lang/reflect/Constructor;[Ljava/lang/Object;)Ljava/lang/Object;
j  org.springframework.beans.BeanUtils.instantiateClass(Ljava/lang/reflect/Constructor;[Ljava/lang/Object;)Ljava/lang/Object;+12
j  org.codehaus.groovy.grails.commons.spring.ReloadAwareAutowireCapableBeanFactory$1.instantiate(Lorg/springframework/beans/factory/support/RootBeanDefinition;Ljava/lang/String;Lorg/springframework/beans/factory/BeanFactory;)Ljava/lang/Object;+72
j  org.springframework.beans.factory.support.AbstractAutowireCapableBeanFactory.instantiateBean(Ljava/lang/String;Lorg/springframework/beans/factory/support/RootBeanDefinition;)Lorg/springframework/beans/BeanWrapper;+40
j  org.springframework.beans.factory.support.AbstractAutowireCapableBeanFactory.createBeanInstance(Ljava/lang/String;Lorg/springframework/beans/factory/support/RootBeanDefinition;[Ljava/lang/Object;)Lorg/springframework/beans/BeanWrapper;+203
j  org.springframework.beans.factory.support.AbstractAutowireCapableBeanFactory.doCreateBean(Ljava/lang/String;Lorg/springframework/beans/factory/support/RootBeanDefinition;[Ljava/lang/Object;)Ljava/lang/Object;+34
j  org.codehaus.groovy.grails.commons.spring.ReloadAwareAutowireCapableBeanFactory.doCreateBean(Ljava/lang/String;Lorg/springframework/beans/factory/support/RootBeanDefinition;[Ljava/lang/Object;)Ljava/lang/Object;+19
j  org.springframework.beans.factory.support.AbstractAutowireCapableBeanFactory.createBean(Ljava/lang/String;Lorg/springframework/beans/factory/support/RootBeanDefinition;[Ljava/lang/Object;)Ljava/lang/Object;+122
j  org.springframework.beans.factory.support.AbstractBeanFactory$1.getObject()Ljava/lang/Object;+16
j  org.springframework.beans.factory.support.DefaultSingletonBeanRegistry.getSingleton(Ljava/lang/String;Lorg/springframework/beans/factory/ObjectFactory;)Ljava/lang/Object;+126
j  org.springframework.beans.factory.support.AbstractBeanFactory.doGetBean(Ljava/lang/String;Ljava/lang/Class;[Ljava/lang/Object;Z)Ljava/lang/Object;+307
j  org.springframework.beans.factory.support.AbstractBeanFactory.getBean(Ljava/lang/String;)Ljava/lang/Object;+5
j  org.springframework.context.support.AbstractApplicationContext.getBean(Ljava/lang/String;)Ljava/lang/Object;+5
j  org.codehaus.groovy.grails.web.pages.TagLibraryLookup.putTagLib(Ljava/util/Map;Ljava/lang/String;Lorg/codehaus/groovy/grails/commons/GrailsTagLibClass;)V+12
j  org.codehaus.groovy.grails.web.pages.TagLibraryLookup.registerTagLib(Lorg/codehaus/groovy/grails/commons/GrailsTagLibClass;)V+155
j  org.codehaus.groovy.grails.web.pages.TagLibraryLookup.registerTagLibraries()V+38
j  org.codehaus.groovy.grails.web.pages.TagLibraryLookup.afterPropertiesSet()V+16
j  org.springframework.beans.factory.support.AbstractAutowireCapableBeanFactory.invokeInitMethods(Ljava/lang/String;Ljava/lang/Object;Lorg/springframework/beans/factory/support/RootBeanDefinition;)V+107
j  org.springframework.beans.factory.support.AbstractAutowireCapableBeanFactory.initializeBean(Ljava/lang/String;Ljava/lang/Object;Lorg/springframework/beans/factory/support/RootBeanDefinition;)Ljava/lang/Object;+61
j  org.springframework.beans.factory.support.AbstractAutowireCapableBeanFactory.doCreateBean(Ljava/lang/String;Lorg/springframework/beans/factory/support/RootBeanDefinition;[Ljava/lang/Object;)Ljava/lang/Object;+230
j  org.codehaus.groovy.grails.commons.spring.ReloadAwareAutowireCapableBeanFactory.doCreateBean(Ljava/lang/String;Lorg/springframework/beans/factory/support/RootBeanDefinition;[Ljava/lang/Object;)Ljava/lang/Object;+19
j  org.springframework.beans.factory.support.AbstractAutowireCapableBeanFactory.createBean(Ljava/lang/String;Lorg/springframework/beans/factory/support/RootBeanDefinition;[Ljava/lang/Object;)Ljava/lang/Object;+122
j  org.springframework.beans.factory.support.AbstractBeanFactory$1.getObject()Ljava/lang/Object;+16
j  org.springframework.beans.factory.support.DefaultSingletonBeanRegistry.getSingleton(Ljava/lang/String;Lorg/springframework/beans/factory/ObjectFactory;)Ljava/lang/Object;+126
j  org.springframework.beans.factory.support.AbstractBeanFactory.doGetBean(Ljava/lang/String;Ljava/lang/Class;[Ljava/lang/Object;Z)Ljava/lang/Object;+307
j  org.springframework.beans.factory.support.AbstractBeanFactory.getBean(Ljava/lang/String;)Ljava/lang/Object;+5
j  org.springframework.beans.factory.support.DefaultListableBeanFactory.findAutowireCandidates(Ljava/lang/String;Ljava/lang/Class;Lorg/springframework/beans/factory/config/DependencyDescriptor;)Ljava/util/Map;+169
j  org.springframework.beans.factory.support.DefaultListableBeanFactory.doResolveDependency(Lorg/springframework/beans/factory/config/DependencyDescriptor;Ljava/lang/Class;Ljava/lang/String;Ljava/util/Set;Lorg/springframework/beans/TypeConverter;)Ljava/lang/Object;+636
j  org.springframework.beans.factory.support.DefaultListableBeanFactory.resolveDependency(Lorg/springframework/beans/factory/config/DependencyDescriptor;Ljava/lang/String;Ljava/util/Set;Lorg/springframework/beans/TypeConverter;)Ljava/lang/Object;+70
j  org.springframework.beans.factory.annotation.AutowiredAnnotationBeanPostProcessor$AutowiredMethodElement.inject(Ljava/lang/Object;Ljava/lang/String;Lorg/springframework/beans/PropertyValues;)V+152
j  org.springframework.beans.factory.annotation.InjectionMetadata.inject(Ljava/lang/Object;Ljava/lang/String;Lorg/springframework/beans/PropertyValues;)V+94
j  org.springframework.beans.factory.annotation.AutowiredAnnotationBeanPostProcessor.postProcessPropertyValues(Lorg/springframework/beans/PropertyValues;[Ljava/beans/PropertyDescriptor;Ljava/lang/Object;Ljava/lang/String;)Lorg/springframework/beans/PropertyValues;+16
j  org.springframework.beans.factory.support.AbstractAutowireCapableBeanFactory.populateBean(Ljava/lang/String;Lorg/springframework/beans/factory/support/AbstractBeanDefinition;Lorg/springframework/beans/BeanWrapper;)V+295
j  org.springframework.beans.factory.support.AbstractAutowireCapableBeanFactory.doCreateBean(Ljava/lang/String;Lorg/springframework/beans/factory/support/RootBeanDefinition;[Ljava/lang/Object;)Ljava/lang/Object;+217
j  org.codehaus.groovy.grails.commons.spring.ReloadAwareAutowireCapableBeanFactory.doCreateBean(Ljava/lang/String;Lorg/springframework/beans/factory/support/RootBeanDefinition;[Ljava/lang/Object;)Ljava/lang/Object;+19
j  org.springframework.beans.factory.support.AbstractAutowireCapableBeanFactory.createBean(Ljava/lang/String;Lorg/springframework/beans/factory/support/RootBeanDefinition;[Ljava/lang/Object;)Ljava/lang/Object;+122
j  org.springframework.beans.factory.support.AbstractBeanFactory$1.getObject()Ljava/lang/Object;+16
j  org.springframework.beans.factory.support.DefaultSingletonBeanRegistry.getSingleton(Ljava/lang/String;Lorg/springframework/beans/factory/ObjectFactory;)Ljava/lang/Object;+126
j  org.springframework.beans.factory.support.AbstractBeanFactory.doGetBean(Ljava/lang/String;Ljava/lang/Class;[Ljava/lang/Object;Z)Ljava/lang/Object;+307
j  org.springframework.beans.factory.support.AbstractBeanFactory.getBean(Ljava/lang/String;)Ljava/lang/Object;+5
j  org.springframework.beans.factory.support.DefaultListableBeanFactory.preInstantiateSingletons()V+230
j  org.springframework.context.support.AbstractApplicationContext.finishBeanFactoryInitialization(Lorg/springframework/beans/factory/config/ConfigurableListableBeanFactory;)V+62
j  org.springframework.context.support.AbstractApplicationContext.refresh()V+54
j  org.codehaus.groovy.grails.commons.spring.DefaultRuntimeSpringConfiguration.getApplicationContext()Lorg/springframework/context/ApplicationContext;+35
j  org.codehaus.groovy.grails.commons.spring.GrailsRuntimeConfigurator.configure(Ljavax/servlet/ServletContext;Z)Lorg/springframework/web/context/WebApplicationContext;+206
j  org.codehaus.groovy.grails.commons.spring.GrailsRuntimeConfigurator.configure(Ljavax/servlet/ServletContext;)Lorg/springframework/web/context/WebApplicationContext;+3
j  org.codehaus.groovy.grails.web.context.GrailsConfigUtils.configureWebApplicationContext(Ljavax/servlet/ServletContext;Lorg/springframework/web/context/WebApplicationContext;)Lorg/springframework/web/context/WebApplicationContext;+140
j  org.codehaus.groovy.grails.web.context.GrailsContextLoader.initWebApplicationContext(Ljavax/servlet/ServletContext;)Lorg/springframework/web/context/WebApplicationContext;+121
j  org.springframework.web.context.ContextLoaderListener.contextInitialized(Ljavax/servlet/ServletContextEvent;)V+28
j  org.apache.catalina.core.StandardContext.listenerStart()Z+530
j  org.apache.catalina.core.StandardContext.startInternal()V+1187
j  org.apache.catalina.util.LifecycleBase.start()V+210
j  org.apache.catalina.core.ContainerBase$StartChild.call()Ljava/lang/Void;+4
j  org.apache.catalina.core.ContainerBase$StartChild.call()Ljava/lang/Object;+1
j  java.util.concurrent.FutureTask$Sync.innerRun()V+29
j  java.util.concurrent.FutureTask.run()V+4
j  java.util.concurrent.ThreadPoolExecutor.runWorker(Ljava/util/concurrent/ThreadPoolExecutor$Worker;)V+46
j  java.util.concurrent.ThreadPoolExecutor$Worker.run()V+5
j  java.lang.Thread.run()V+11
v  ~StubRoutines::call_stub

---------------  P R O C E S S  ---------------

Java Threads: ( => current thread )
  0x00007fd4e846d000 JavaThread "org.hibernate.cache.StandardQueryCache.data" daemon [_thread_blocked, id=15332, stack(0x00007fd540b6d000,0x00007fd540c6e000)]
  0x00007fd4e87d3000 JavaThread "org.hibernate.cache.UpdateTimestampsCache.data" daemon [_thread_blocked, id=15331, stack(0x00007fd540c6e000,0x00007fd540d6f000)]
  0x00007fd4e8380000 JavaThread "org.greens.VoterContactManager.SecRole.data" daemon [_thread_blocked, id=15330, stack(0x00007fd540d6f000,0x00007fd540e70000)]
  0x00007fd4e802b000 JavaThread "net.sf.ehcache.CacheManager@6727d1b4" daemon [_thread_blocked, id=15329, stack(0x00007fd540e70000,0x00007fd540f71000)]
=>0x00007fd4fc001000 JavaThread "localhost-startStop-1" daemon [_thread_in_vm, id=15327, stack(0x00007fd54167d000,0x00007fd54177e000)]
  0x00007fd54c410800 JavaThread "Tomcat-startStop-1" daemon [_thread_blocked, id=15326, stack(0x00007fd541d84000,0x00007fd541e85000)]
  0x00007fd54cc52000 JavaThread "pool-4-thread-5" [_thread_blocked, id=15325, stack(0x00007fd541178000,0x00007fd541279000)]
  0x00007fd54c6f1800 JavaThread "pool-4-thread-4" [_thread_blocked, id=15324, stack(0x00007fd541279000,0x00007fd54137a000)]
  0x00007fd54c44d000 JavaThread "pool-4-thread-3" [_thread_blocked, id=15323, stack(0x00007fd54137a000,0x00007fd54147b000)]
  0x00007fd54cb85800 JavaThread "pool-4-thread-2" [_thread_blocked, id=15322, stack(0x00007fd54147b000,0x00007fd54157c000)]
  0x00007fd54c843000 JavaThread "pool-4-thread-1" [_thread_blocked, id=15321, stack(0x00007fd54157c000,0x00007fd54167d000)]
  0x00007fd54c8b1800 JavaThread "pool-3-thread-5" [_thread_blocked, id=15319, stack(0x00007fd54177e000,0x00007fd54187f000)]
  0x00007fd54c4a8000 JavaThread "pool-3-thread-4" [_thread_blocked, id=15318, stack(0x00007fd54187f000,0x00007fd541980000)]
  0x00007fd54cbec800 JavaThread "pool-3-thread-3" [_thread_blocked, id=15317, stack(0x00007fd541980000,0x00007fd541a81000)]
  0x00007fd54cbec000 JavaThread "pool-3-thread-2" [_thread_blocked, id=15316, stack(0x00007fd541a81000,0x00007fd541b82000)]
  0x00007fd54cc06800 JavaThread "pool-3-thread-1" [_thread_blocked, id=15315, stack(0x00007fd541b82000,0x00007fd541c83000)]
  0x00007fd54c77c800 JavaThread "FileSystemWatcher: files=#352 cl=java.net.URLClassLoader@f1a47df" daemon [_thread_blocked, id=15314, stack(0x00007fd541c83000,0x00007fd541d84000)]
  0x00007fd54cb73800 JavaThread "pool-2-thread-1" [_thread_blocked, id=15312, stack(0x00007fd5424ac000,0x00007fd5425ad000)]
  0x00007fd54cb82800 JavaThread "Synchronizer (Spring UAA/1.0.1)" daemon [_thread_blocked, id=15311, stack(0x00007fd5425ad000,0x00007fd5426ae000)]
  0x00007fd54c90d000 JavaThread "Timer-0" daemon [_thread_blocked, id=15310, stack(0x00007fd5480a9000,0x00007fd5481aa000)]
  0x00007fd54c0e3800 JavaThread "Low Memory Detector" daemon [_thread_blocked, id=15302, stack(0x00007fd548421000,0x00007fd548522000)]
  0x00007fd54c0e9000 JavaThread "C2 CompilerThread1" daemon [_thread_in_native, id=15301, stack(0x00007fd548522000,0x00007fd548623000)]
  0x00007fd54c0ea800 JavaThread "C2 CompilerThread0" daemon [_thread_blocked, id=15300, stack(0x00007fd548623000,0x00007fd548724000)]
  0x00007fd54c08c000 JavaThread "Signal Dispatcher" daemon [_thread_blocked, id=15299, stack(0x00007fd548724000,0x00007fd548825000)]
  0x00007fd54c079800 JavaThread "Finalizer" daemon [_thread_blocked, id=15298, stack(0x00007fd5500e6000,0x00007fd5501e7000)]
  0x00007fd54c077800 JavaThread "Reference Handler" daemon [_thread_blocked, id=15297, stack(0x00007fd5501e7000,0x00007fd5502e8000)]
  0x00007fd54c009800 JavaThread "main" [_thread_blocked, id=15291, stack(0x00007fd5545c2000,0x00007fd5546c3000)]

Other Threads:
  0x00007fd54c071000 VMThread [stack: 0x00007fd5502e8000,0x00007fd5503e9000] [id=15296]
  0x00007fd54c0ed800 WatcherThread [stack: 0x00007fd548320000,0x00007fd548421000] [id=15303]

VM state:not at safepoint (normal execution)

VM Mutex/Monitor currently owned by a thread: None

Heap
 PSYoungGen      total 232832K, used 206915K [0x00000000f0000000, 0x0000000100000000, 0x0000000100000000)
  eden space 204864K, 98% used [0x00000000f0000000,0x00000000fc5b9280,0x00000000fc810000)
  from space 27968K, 15% used [0x00000000fc810000,0x00000000fcc67c18,0x00000000fe360000)
  to   space 26496K, 0% used [0x00000000fe620000,0x00000000fe620000,0x0000000100000000)
 PSOldGen        total 524288K, used 147257K [0x00000000d0000000, 0x00000000f0000000, 0x00000000f0000000)
  object space 524288K, 28% used [0x00000000d0000000,0x00000000d8fce4f0,0x00000000f0000000)
 PSPermGen       total 262144K, used 91182K [0x00000000c0000000, 0x00000000d0000000, 0x00000000d0000000)
  object space 262144K, 34% used [0x00000000c0000000,0x00000000c590b9c8,0x00000000d0000000)

Code Cache  [0x00007fd549000000, 0x00007fd549730000, 0x00007fd54c000000)
 total_blobs=2058 nmethods=1406 adapters=604 free_code_cache=42918656 largest_free_block=41280

Dynamic libraries:
00400000-00409000 r-xp 00000000 08:02 397963                             /usr/lib/jvm/java-6-openjdk-amd64/jre/bin/java
00608000-00609000 r--p 00008000 08:02 397963                             /usr/lib/jvm/java-6-openjdk-amd64/jre/bin/java
00609000-0060a000 rw-p 00009000 08:02 397963                             /usr/lib/jvm/java-6-openjdk-amd64/jre/bin/java
01f0a000-01f2b000 rw-p 00000000 00:00 0                                  [heap]
c0000000-100000000 rw-p 00000000 00:00 0 
7fd4c4000000-7fd4c4021000 rw-p 00000000 00:00 0 
7fd4c4021000-7fd4c8000000 ---p 00000000 00:00 0 
7fd4cc000000-7fd4cc021000 rw-p 00000000 00:00 0 
7fd4cc021000-7fd4d0000000 ---p 00000000 00:00 0 
7fd4d0000000-7fd4d0021000 rw-p 00000000 00:00 0 
7fd4d0021000-7fd4d4000000 ---p 00000000 00:00 0 
7fd4d4000000-7fd4d4021000 rw-p 00000000 00:00 0 
7fd4d4021000-7fd4d8000000 ---p 00000000 00:00 0 
7fd4d8000000-7fd4d8021000 rw-p 00000000 00:00 0 
7fd4d8021000-7fd4dc000000 ---p 00000000 00:00 0 
7fd4dc000000-7fd4dc021000 rw-p 00000000 00:00 0 
7fd4dc021000-7fd4e0000000 ---p 00000000 00:00 0 
7fd4e0000000-7fd4e0021000 rw-p 00000000 00:00 0 
7fd4e0021000-7fd4e4000000 ---p 00000000 00:00 0 
7fd4e4000000-7fd4e4021000 rw-p 00000000 00:00 0 
7fd4e4021000-7fd4e8000000 ---p 00000000 00:00 0 
7fd4e8000000-7fd4e88fb000 rw-p 00000000 00:00 0 
7fd4e88fb000-7fd4ec000000 ---p 00000000 00:00 0 
7fd4ec000000-7fd4ec021000 rw-p 00000000 00:00 0 
7fd4ec021000-7fd4f0000000 ---p 00000000 00:00 0 
7fd4f0000000-7fd4f0026000 rw-p 00000000 00:00 0 
7fd4f0026000-7fd4f4000000 ---p 00000000 00:00 0 
7fd4f4000000-7fd4f4021000 rw-p 00000000 00:00 0 
7fd4f4021000-7fd4f8000000 ---p 00000000 00:00 0 
7fd4f8000000-7fd4f8021000 rw-p 00000000 00:00 0 
7fd4f8021000-7fd4fc000000 ---p 00000000 00:00 0 
7fd4fc000000-7fd4fc021000 rw-p 00000000 00:00 0 
7fd4fc021000-7fd500000000 ---p 00000000 00:00 0 
7fd500000000-7fd500021000 rw-p 00000000 00:00 0 
7fd500021000-7fd504000000 ---p 00000000 00:00 0 
7fd504000000-7fd504021000 rw-p 00000000 00:00 0 
7fd504021000-7fd508000000 ---p 00000000 00:00 0 
7fd508000000-7fd508071000 rw-p 00000000 00:00 0 
7fd508071000-7fd50c000000 ---p 00000000 00:00 0 
7fd50c000000-7fd50c021000 rw-p 00000000 00:00 0 
7fd50c021000-7fd510000000 ---p 00000000 00:00 0 
7fd510000000-7fd510021000 rw-p 00000000 00:00 0 
7fd510021000-7fd514000000 ---p 00000000 00:00 0 
7fd514000000-7fd517ba8000 rw-p 00000000 00:00 0 
7fd517ba8000-7fd518000000 ---p 00000000 00:00 0 
7fd518000000-7fd518021000 rw-p 00000000 00:00 0 
7fd518021000-7fd51c000000 ---p 00000000 00:00 0 
7fd51c000000-7fd51c021000 rw-p 00000000 00:00 0 
7fd51c021000-7fd520000000 ---p 00000000 00:00 0 
7fd520000000-7fd523486000 rw-p 00000000 00:00 0 
7fd523486000-7fd524000000 ---p 00000000 00:00 0 
7fd524000000-7fd524021000 rw-p 00000000 00:00 0 
7fd524021000-7fd528000000 ---p 00000000 00:00 0 
7fd528000000-7fd528021000 rw-p 00000000 00:00 0 
7fd528021000-7fd52c000000 ---p 00000000 00:00 0 
7fd52c000000-7fd52c025000 rw-p 00000000 00:00 0 
7fd52c025000-7fd530000000 ---p 00000000 00:00 0 
7fd530000000-7fd530389000 rw-p 00000000 00:00 0 
7fd530389000-7fd534000000 ---p 00000000 00:00 0 
7fd534000000-7fd534023000 rw-p 00000000 00:00 0 
7fd534023000-7fd538000000 ---p 00000000 00:00 0 
7fd53c000000-7fd53c02d000 rw-p 00000000 00:00 0 
7fd53c02d000-7fd540000000 ---p 00000000 00:00 0 
7fd540b6d000-7fd540b70000 ---p 00000000 00:00 0 
7fd540b70000-7fd540c6e000 rw-p 00000000 00:00 0 
7fd540c6e000-7fd540c71000 ---p 00000000 00:00 0 
7fd540c71000-7fd540d6f000 rw-p 00000000 00:00 0 
7fd540d6f000-7fd540d72000 ---p 00000000 00:00 0 
7fd540d72000-7fd540e70000 rw-p 00000000 00:00 0 
7fd540e70000-7fd540e73000 ---p 00000000 00:00 0 
7fd540e73000-7fd540f71000 rw-p 00000000 00:00 0 
7fd540f71000-7fd540f77000 r-xp 00000000 08:02 18747991                   /usr/lib/jvm/java-6-openjdk-amd64/jre/lib/amd64/libmanagement.so
7fd540f77000-7fd541176000 ---p 00006000 08:02 18747991                   /usr/lib/jvm/java-6-openjdk-amd64/jre/lib/amd64/libmanagement.so
7fd541176000-7fd541177000 r--p 00005000 08:02 18747991                   /usr/lib/jvm/java-6-openjdk-amd64/jre/lib/amd64/libmanagement.so
7fd541177000-7fd541178000 rw-p 00006000 08:02 18747991                   /usr/lib/jvm/java-6-openjdk-amd64/jre/lib/amd64/libmanagement.so
7fd541178000-7fd54117b000 ---p 00000000 00:00 0 
7fd54117b000-7fd541279000 rw-p 00000000 00:00 0 
7fd541279000-7fd54127c000 ---p 00000000 00:00 0 
7fd54127c000-7fd54137a000 rw-p 00000000 00:00 0 
7fd54137a000-7fd54137d000 ---p 00000000 00:00 0 
7fd54137d000-7fd54147b000 rw-p 00000000 00:00 0 
7fd54147b000-7fd54147e000 ---p 00000000 00:00 0 
7fd54147e000-7fd54157c000 rw-p 00000000 00:00 0 
7fd54157c000-7fd54157f000 ---p 00000000 00:00 0 
7fd54157f000-7fd54167d000 rw-p 00000000 00:00 0 
7fd54167d000-7fd541680000 ---p 00000000 00:00 0 
7fd541680000-7fd54177e000 rw-p 00000000 00:00 0 
7fd54177e000-7fd541781000 ---p 00000000 00:00 0 
7fd541781000-7fd54187f000 rw-p 00000000 00:00 0 
7fd54187f000-7fd541882000 ---p 00000000 00:00 0 
7fd541882000-7fd541980000 rw-p 00000000 00:00 0 
7fd541980000-7fd541983000 ---p 00000000 00:00 0 
7fd541983000-7fd541a81000 rw-p 00000000 00:00 0 
7fd541a81000-7fd541a84000 ---p 00000000 00:00 0 
7fd541a84000-7fd541b82000 rw-p 00000000 00:00 0 
7fd541b82000-7fd541b85000 ---p 00000000 00:00 0 
7fd541b85000-7fd541c83000 rw-p 00000000 00:00 0 
7fd541c83000-7fd541c86000 ---p 00000000 00:00 0 
7fd541c86000-7fd541d84000 rw-p 00000000 00:00 0 
7fd541d84000-7fd541d87000 ---p 00000000 00:00 0 
7fd541d87000-7fd541e85000 rw-p 00000000 00:00 0 
7fd541e85000-7fd541e9d000 r-xp 00000000 08:02 16256582                   /lib/x86_64-linux-gnu/libresolv-2.15.so
7fd541e9d000-7fd54209d000 ---p 00018000 08:02 16256582                   /lib/x86_64-linux-gnu/libresolv-2.15.so
7fd54209d000-7fd54209e000 r--p 00018000 08:02 16256582                   /lib/x86_64-linux-gnu/libresolv-2.15.so
7fd54209e000-7fd54209f000 rw-p 00019000 08:02 16256582                   /lib/x86_64-linux-gnu/libresolv-2.15.so
7fd54209f000-7fd5420a1000 rw-p 00000000 00:00 0 
7fd5420a1000-7fd5420a8000 r-xp 00000000 08:02 16256547                   /lib/x86_64-linux-gnu/libnss_dns-2.15.so
7fd5420a8000-7fd5422a7000 ---p 00007000 08:02 16256547                   /lib/x86_64-linux-gnu/libnss_dns-2.15.so
7fd5422a7000-7fd5422a8000 r--p 00006000 08:02 16256547                   /lib/x86_64-linux-gnu/libnss_dns-2.15.so
7fd5422a8000-7fd5422a9000 rw-p 00007000 08:02 16256547                   /lib/x86_64-linux-gnu/libnss_dns-2.15.so
7fd5422a9000-7fd5422ab000 r-xp 00000000 08:02 16252982                   /lib/libnss_mdns4_minimal.so.2
7fd5422ab000-7fd5424aa000 ---p 00002000 08:02 16252982                   /lib/libnss_mdns4_minimal.so.2
7fd5424aa000-7fd5424ab000 r--p 00001000 08:02 16252982                   /lib/libnss_mdns4_minimal.so.2
7fd5424ab000-7fd5424ac000 rw-p 00002000 08:02 16252982                   /lib/libnss_mdns4_minimal.so.2
7fd5424ac000-7fd5424af000 ---p 00000000 00:00 0 
7fd5424af000-7fd5425ad000 rw-p 00000000 00:00 0 
7fd5425ad000-7fd5425b0000 ---p 00000000 00:00 0 
7fd5425b0000-7fd5426ae000 rw-p 00000000 00:00 0 
7fd5426ae000-7fd54270b000 r-xp 00000000 08:02 16651114                   /usr/lib/x86_64-linux-gnu/nss/libfreebl3.so
7fd54270b000-7fd54290a000 ---p 0005d000 08:02 16651114                   /usr/lib/x86_64-linux-gnu/nss/libfreebl3.so
7fd54290a000-7fd54290c000 r--p 0005c000 08:02 16651114                   /usr/lib/x86_64-linux-gnu/nss/libfreebl3.so
7fd54290c000-7fd54290d000 rw-p 0005e000 08:02 16651114                   /usr/lib/x86_64-linux-gnu/nss/libfreebl3.so
7fd54290d000-7fd542911000 rw-p 00000000 00:00 0 
7fd542911000-7fd5429af000 r-xp 00000000 08:02 16131587                   /usr/lib/x86_64-linux-gnu/libsqlite3.so.0.8.6
7fd5429af000-7fd542baf000 ---p 0009e000 08:02 16131587                   /usr/lib/x86_64-linux-gnu/libsqlite3.so.0.8.6
7fd542baf000-7fd542bb1000 r--p 0009e000 08:02 16131587                   /usr/lib/x86_64-linux-gnu/libsqlite3.so.0.8.6
7fd542bb1000-7fd542bb3000 rw-p 000a0000 08:02 16131587                   /usr/lib/x86_64-linux-gnu/libsqlite3.so.0.8.6
7fd542bb3000-7fd542bb4000 rw-p 00000000 00:00 0 
7fd542bb4000-7fd542bed000 r-xp 00000000 08:02 16651117                   /usr/lib/x86_64-linux-gnu/nss/libsoftokn3.so
7fd542bed000-7fd542dec000 ---p 00039000 08:02 16651117                   /usr/lib/x86_64-linux-gnu/nss/libsoftokn3.so
7fd542dec000-7fd542dee000 r--p 00038000 08:02 16651117                   /usr/lib/x86_64-linux-gnu/nss/libsoftokn3.so
7fd542dee000-7fd542def000 rw-p 0003a000 08:02 16651117                   /usr/lib/x86_64-linux-gnu/nss/libsoftokn3.so
7fd542def000-7fd542e29000 r-xp 00000000 08:02 16127779                   /usr/lib/x86_64-linux-gnu/libnspr4.so
7fd542e29000-7fd543028000 ---p 0003a000 08:02 16127779                   /usr/lib/x86_64-linux-gnu/libnspr4.so
7fd543028000-7fd543029000 r--p 00039000 08:02 16127779                   /usr/lib/x86_64-linux-gnu/libnspr4.so
7fd543029000-7fd54302b000 rw-p 0003a000 08:02 16127779                   /usr/lib/x86_64-linux-gnu/libnspr4.so
7fd54302b000-7fd54302d000 rw-p 00000000 00:00 0 
7fd54302d000-7fd543030000 r-xp 00000000 08:02 16127775                   /usr/lib/x86_64-linux-gnu/libplds4.so
7fd543030000-7fd54322f000 ---p 00003000 08:02 16127775                   /usr/lib/x86_64-linux-gnu/libplds4.so
7fd54322f000-7fd543230000 r--p 00002000 08:02 16127775                   /usr/lib/x86_64-linux-gnu/libplds4.so
7fd543230000-7fd543231000 rw-p 00003000 08:02 16127775                   /usr/lib/x86_64-linux-gnu/libplds4.so
7fd543231000-7fd543235000 r-xp 00000000 08:02 16127777                   /usr/lib/x86_64-linux-gnu/libplc4.so
7fd543235000-7fd543434000 ---p 00004000 08:02 16127777                   /usr/lib/x86_64-linux-gnu/libplc4.so
7fd543434000-7fd543435000 r--p 00003000 08:02 16127777                   /usr/lib/x86_64-linux-gnu/libplc4.so
7fd543435000-7fd543436000 rw-p 00004000 08:02 16127777                   /usr/lib/x86_64-linux-gnu/libplc4.so
7fd543436000-7fd543452000 r-xp 00000000 08:02 16123808                   /usr/lib/x86_64-linux-gnu/libnssutil3.so
7fd543452000-7fd543652000 ---p 0001c000 08:02 16123808                   /usr/lib/x86_64-linux-gnu/libnssutil3.so
7fd543652000-7fd543658000 r--p 0001c000 08:02 16123808                   /usr/lib/x86_64-linux-gnu/libnssutil3.so
7fd543658000-7fd543659000 rw-p 00022000 08:02 16123808                   /usr/lib/x86_64-linux-gnu/libnssutil3.so
7fd543659000-7fd543757000 r-xp 00000000 08:02 16122488                   /usr/lib/x86_64-linux-gnu/libnss3.so
7fd543757000-7fd543956000 ---p 000fe000 08:02 16122488                   /usr/lib/x86_64-linux-gnu/libnss3.so
7fd543956000-7fd54395b000 r--p 000fd000 08:02 16122488                   /usr/lib/x86_64-linux-gnu/libnss3.so
7fd54395b000-7fd54395d000 rw-p 00102000 08:02 16122488                   /usr/lib/x86_64-linux-gnu/libnss3.so
7fd54395d000-7fd54395f000 rw-p 00000000 00:00 0 
7fd54397f000-7fd54398d000 r-xp 00000000 08:02 18747997                   /usr/lib/jvm/java-6-openjdk-amd64/jre/lib/amd64/libj2pkcs11.so
7fd54398d000-7fd543b8d000 ---p 0000e000 08:02 18747997                   /usr/lib/jvm/java-6-openjdk-amd64/jre/lib/amd64/libj2pkcs11.so
7fd543b8d000-7fd543b8e000 r--p 0000e000 08:02 18747997                   /usr/lib/jvm/java-6-openjdk-amd64/jre/lib/amd64/libj2pkcs11.so
7fd543b8e000-7fd543b8f000 rw-p 0000f000 08:02 18747997                   /usr/lib/jvm/java-6-openjdk-amd64/jre/lib/amd64/libj2pkcs11.so
7fd543b8f000-7fd543b91000 r--s 00013000 08:02 18489868                   /usr/lib/jvm/java-6-openjdk-common/jre/lib/jce.jar
7fd543ba8000-7fd543bac000 r--s 0002f000 08:02 4722137                    /home/jam/.grails/ivy-cache/org.grails/grails-test/jars/grails-test-2.1.1.jar
7fd543bac000-7fd543bb2000 r--s 0006c000 08:02 4722135                    /home/jam/.grails/ivy-cache/org.grails/grails-plugin-testing/jars/grails-plugin-testing-2.1.1.jar
7fd543bb2000-7fd543bb3000 r--s 00002000 08:02 5636284                    /home/jam/.grails/ivy-cache/org.hibernate/hibernate-ehcache/jars/hibernate-ehcache-3.6.10.Final.jar
7fd543bb3000-7fd543bb8000 r--s 00048000 08:02 5636282                    /home/jam/.grails/ivy-cache/dom4j/dom4j/jars/dom4j-1.6.1.jar
7fd543bb8000-7fd543bbd000 r--s 00068000 08:02 5636280                    /home/jam/.grails/ivy-cache/antlr/antlr/jars/antlr-2.7.7.jar
7fd543bbd000-7fd543bc6000 r--s 00098000 08:02 5636278                    /home/jam/.grails/ivy-cache/org.javassist/javassist/jars/javassist-3.16.1-GA.jar
7fd543bc6000-7fd543bc9000 r--s 00009000 08:02 5636286                    /home/jam/.grails/ivy-cache/javax.validation/validation-api/jars/validation-api-1.0.0.GA.jar
7fd543bc9000-7fd543bd0000 r--s 00040000 08:02 5636276                    /home/jam/.grails/ivy-cache/org.hibernate/hibernate-validator/jars/hibernate-validator-4.1.0.Final.jar
7fd543bd0000-7fd543bd3000 r--s 0000f000 08:02 5636274                    /home/jam/.grails/ivy-cache/org.hibernate/hibernate-commons-annotations/jars/hibernate-commons-annotations-3.2.0.Final.jar
7fd543bd3000-7fd543c05000 r--s 002c9000 08:02 5636272                    /home/jam/.grails/ivy-cache/org.hibernate/hibernate-core/jars/hibernate-core-3.6.10.Final.jar
7fd543c05000-7fd543c16000 r--s 000d2000 08:02 5636617                    /home/jam/.grails/ivy-cache/org.liquibase/liquibase-core/jars/liquibase-core-2.0.5.jar
7fd543c16000-7fd543c1f000 r--s 00080000 08:02 5767285                    /home/jam/.grails/ivy-cache/org.quartz-scheduler/quartz/jars/quartz-2.1.5.jar
7fd543c1f000-7fd543c26000 r--s 00035000 08:02 4851541                    /home/jam/.grails/ivy-cache/org.springframework.security/spring-security-web/jars/spring-security-web-3.0.7.RELEASE.jar
7fd543c26000-7fd543c30000 r--s 00043000 08:02 4851538                    /home/jam/.grails/ivy-cache/org.springframework.security/spring-security-core/jars/spring-security-core-3.0.7.RELEASE.jar
7fd543c30000-7fd543c31000 r--s 00004000 08:02 5637614                    /home/jam/.grails/ivy-cache/net.sf.opencsv/opencsv/jars/opencsv-2.3.jar
7fd543c31000-7fd543c37000 r--s 0007e000 08:02 5637426                    /home/jam/.grails/ivy-cache/postgresql/postgresql/jars/postgresql-9.0-801.jdbc4.jar
7fd543c37000-7fd543c3e000 r--s 000bd000 08:02 4722926                    /home/jam/.grails/ivy-cache/mysql/mysql-connector-java/jars/mysql-connector-java-5.1.20.jar
7fd543c3e000-7fd543c40000 r--s 00000000 08:02 4722133                    /home/jam/.grails/ivy-cache/org.slf4j/jul-to-slf4j/jars/jul-to-slf4j-1.6.2.jar
7fd543c40000-7fd543c42000 r--s 00003000 08:02 4722131                    /home/jam/.grails/ivy-cache/org.slf4j/jcl-over-slf4j/jars/jcl-over-slf4j-1.6.2.jar
7fd543c42000-7fd543c4b000 r--s 0006d000 08:02 4722129                    /home/jam/.grails/ivy-cache/log4j/log4j/bundles/log4j-1.2.16.jar
7fd543c4b000-7fd543c60000 r--s 000e3000 08:02 4722127                    /home/jam/.grails/ivy-cache/net.sf.ehcache/ehcache-core/jars/ehcache-core-2.4.6.jar
7fd543c60000-7fd543c62000 r--s 00005000 08:02 4722125                    /home/jam/.grails/ivy-cache/xpp3/xpp3_min/jars/xpp3_min-1.1.4c.jar
7fd543c62000-7fd543c64000 r--s 00004000 08:02 4722123                    /home/jam/.grails/ivy-cache/javax.servlet/jstl/jars/jstl-1.1.2.jar
7fd543c64000-7fd543c6e000 r--s 0012c000 08:02 4722121                    /home/jam/.grails/ivy-cache/com.h2database/h2/jars/h2-1.3.164.jar
7fd543c6e000-7fd543c71000 r--s 00016000 08:02 4722119                    /home/jam/.grails/ivy-cache/commons-pool/commons-pool/jars/commons-pool-1.5.6.jar
7fd543c71000-7fd543c74000 r--s 00025000 08:02 4722117                    /home/jam/.grails/ivy-cache/commons-dbcp/commons-dbcp/jars/commons-dbcp-1.4.jar
7fd543c74000-7fd543c76000 r--s 0000e000 08:02 4722115                    /home/jam/.grails/ivy-cache/oro/oro/jars/oro-2.0.8.jar
7fd543c76000-7fd543c78000 r--s 0000d000 08:02 4722113                    /home/jam/.grails/ivy-cache/commons-fileupload/commons-fileupload/jars/commons-fileupload-1.2.2.jar
7fd543c78000-7fd543c79000 r--s 0000a000 08:02 4722111                    /home/jam/.grails/ivy-cache/asm/asm/jars/asm-3.1.jar
7fd543c79000-7fd543c80000 r--s 0003e000 08:02 4722109                    /home/jam/.grails/ivy-cache/cglib/cglib/jars/cglib-2.2.jar
7fd543c80000-7fd543c84000 r--s 00019000 08:02 4722107                    /home/jam/.grails/ivy-cache/org.aspectj/aspectjrt/jars/aspectjrt-1.6.10.jar
7fd543c84000-7fd543c9a000 r--s 00184000 08:02 4722105                    /home/jam/.grails/ivy-cache/org.aspectj/aspectjweaver/jars/aspectjweaver-1.6.10.jar
7fd543c9a000-7fd543ca1000 r--s 00056000 08:02 4722103                    /home/jam/.grails/ivy-cache/org.grails/grails-datastore-simple/jars/grails-datastore-simple-1.1.0.RELEASE.jar
7fd543ca1000-7fd543caa000 r--s 00044000 08:02 4722101                    /home/jam/.grails/ivy-cache/org.grails/grails-datastore-core/jars/grails-datastore-core-1.1.0.RELEASE.jar
7fd543caa000-7fd543caf000 r--s 0004c000 08:02 4722099                    /home/jam/.grails/ivy-cache/org.grails/grails-datastore-gorm/jars/grails-datastore-gorm-1.1.0.RELEASE.jar
7fd543caf000-7fd543cba000 r--s 00082000 08:02 4722097                    /home/jam/.grails/ivy-cache/org.springframework/spring-webmvc/jars/spring-webmvc-3.1.2.RELEASE.jar
7fd543cba000-7fd543cc6000 r--s 0007a000 08:02 4722095                    /home/jam/.grails/ivy-cache/org.springframework/spring-web/jars/spring-web-3.1.2.RELEASE.jar
7fd543cc6000-7fd543ccd000 r--s 00035000 08:02 4722093                    /home/jam/.grails/ivy-cache/org.springframework/spring-tx/jars/spring-tx-3.1.2.RELEASE.jar
7fd543ccd000-7fd543cd6000 r--s 00054000 08:02 4722091                    /home/jam/.grails/ivy-cache/org.springframework/spring-orm/jars/spring-orm-3.1.2.RELEASE.jar
7fd543cd6000-7fd543cdb000 r--s 0002c000 08:02 4722089                    /home/jam/.grails/ivy-cache/org.springframework/spring-jms/jars/spring-jms-3.1.2.RELEASE.jar
7fd543cdb000-7fd543ce5000 r--s 00059000 08:02 4722087                    /home/jam/.grails/ivy-cache/org.springframework/spring-jdbc/jars/spring-jdbc-3.1.2.RELEASE.jar
7fd543ce5000-7fd543ce9000 r--s 00027000 08:02 4722085                    /home/jam/.grails/ivy-cache/org.springframework/spring-expression/jars/spring-expression-3.1.2.RELEASE.jar
7fd543ce9000-7fd543cec000 r--s 00018000 08:02 4722083                    /home/jam/.grails/ivy-cache/org.springframework/spring-context-support/jars/spring-context-support-3.1.2.RELEASE.jar
7fd543cec000-7fd543d01000 r--s 000b7000 08:02 4722081                    /home/jam/.grails/ivy-cache/org.springframework/spring-context/jars/spring-context-3.1.2.RELEASE.jar
7fd543d01000-7fd543d0d000 r--s 00085000 08:02 4722079                    /home/jam/.grails/ivy-cache/org.springframework/spring-beans/jars/spring-beans-3.1.2.RELEASE.jar
7fd543d0d000-7fd543d0e000 r--s 0000c000 08:02 4722077                    /home/jam/.grails/ivy-cache/org.springframework/spring-asm/jars/spring-asm-3.1.2.RELEASE.jar
7fd543d0e000-7fd543d10000 r--s 0000b000 08:02 4722075                    /home/jam/.grails/ivy-cache/org.springframework/spring-aspects/jars/spring-aspects-3.1.2.RELEASE.jar
7fd543d10000-7fd543d19000 r--s 00049000 08:02 4722073                    /home/jam/.grails/ivy-cache/org.springframework/spring-aop/jars/spring-aop-3.1.2.RELEASE.jar
7fd543d19000-7fd543d23000 r--s 00064000 08:02 4722071                    /home/jam/.grails/ivy-cache/org.springframework/spring-core/jars/spring-core-3.1.2.RELEASE.jar
7fd543d23000-7fd543d25000 r--s 00008000 08:02 4722069                    /home/jam/.grails/ivy-cache/org.grails/grails-plugin-validation/jars/grails-plugin-validation-2.1.1.jar
7fd543d25000-7fd543d28000 r--s 0001c000 08:02 4722067                    /home/jam/.grails/ivy-cache/org.grails/grails-plugin-url-mappings/jars/grails-plugin-url-mappings-2.1.1.jar
7fd543d28000-7fd543d2a000 r--s 0000f000 08:02 4722065                    /home/jam/.grails/ivy-cache/org.grails/grails-plugin-mimetypes/jars/grails-plugin-mimetypes-2.1.1.jar
7fd543d2a000-7fd543d2c000 r--s 00005000 08:02 4722063                    /home/jam/.grails/ivy-cache/org.grails/grails-plugin-servlets/jars/grails-plugin-servlets-2.1.1.jar
7fd543d2c000-7fd543d2d000 r--s 00008000 08:02 4722061                    /home/jam/.grails/ivy-cache/org.grails/grails-plugin-services/jars/grails-plugin-services-2.1.1.jar
7fd543d2d000-7fd543d2f000 r--s 00006000 08:02 4722059                    /home/jam/.grails/ivy-cache/org.grails/grails-plugin-scaffolding/jars/grails-plugin-scaffolding-2.1.1.jar
7fd543d2f000-7fd543d31000 r--s 0000e000 08:02 4722057                    /home/jam/.grails/ivy-cache/org.grails/grails-plugin-log4j/jars/grails-plugin-log4j-2.1.1.jar
7fd543d31000-7fd543d33000 r--s 00005000 08:02 4722055                    /home/jam/.grails/ivy-cache/org.grails/grails-plugin-i18n/jars/grails-plugin-i18n-2.1.1.jar
7fd543d33000-7fd543d3a000 r--s 0006d000 08:02 4722053                    /home/jam/.grails/ivy-cache/org.grails/grails-plugin-gsp/jars/grails-plugin-gsp-2.1.1.jar
7fd543d3a000-7fd543d3c000 r--s 0000e000 08:02 4722051                    /home/jam/.grails/ivy-cache/org.grails/grails-plugin-filters/jars/grails-plugin-filters-2.1.1.jar
7fd543d3c000-7fd543d3e000 r--s 00009000 08:02 4722049                    /home/jam/.grails/ivy-cache/org.grails/grails-plugin-datasource/jars/grails-plugin-datasource-2.1.1.jar
7fd543d3e000-7fd543d42000 r--s 00024000 08:02 4722047                    /home/jam/.grails/ivy-cache/org.grails/grails-plugin-converters/jars/grails-plugin-converters-2.1.1.jar
7fd543d42000-7fd543d45000 r--s 00019000 08:02 4722045                    /home/jam/.grails/ivy-cache/org.grails/grails-plugin-domain-class/jars/grails-plugin-domain-class-2.1.1.jar
7fd543d45000-7fd543d49000 r--s 00028000 08:02 4722043                    /home/jam/.grails/ivy-cache/org.grails/grails-plugin-controllers/jars/grails-plugin-controllers-2.1.1.jar
7fd543d49000-7fd543d4b000 r--s 00015000 08:02 4722041                    /home/jam/.grails/ivy-cache/org.grails/grails-plugin-codecs/jars/grails-plugin-codecs-2.1.1.jar
7fd543d4b000-7fd543d55000 r--s 0008a000 08:02 4722035                    /home/jam/.grails/ivy-cache/org.grails/grails-hibernate/jars/grails-hibernate-2.1.1.jar
7fd543d55000-7fd543d5a000 r--s 00041000 08:02 4722025                    /home/jam/.grails/ivy-cache/commons-lang/commons-lang/jars/commons-lang-2.6.jar
7fd543d5a000-7fd543d5d000 r--s 00025000 08:02 4722023                    /home/jam/.grails/ivy-cache/commons-io/commons-io/jars/commons-io-2.1.jar
7fd543d5d000-7fd543d6b000 r--s 0007f000 08:02 4722021                    /home/jam/.grails/ivy-cache/commons-collections/commons-collections/jars/commons-collections-3.2.1.jar
7fd543d6b000-7fd543d6d000 r--s 00010000 08:02 4722019                    /home/jam/.grails/ivy-cache/commons-codec/commons-codec/jars/commons-codec-1.5.jar
7fd543d6d000-7fd543d6f000 r--s 00000000 08:02 4722017                    /home/jam/.grails/ivy-cache/aopalliance/aopalliance/jars/aopalliance-1.0.jar
7fd543d6f000-7fd543d72000 r--s 0001f000 08:02 4722015                    /home/jam/.grails/ivy-cache/commons-validator/commons-validator/jars/commons-validator-1.3.1.jar
7fd543d72000-7fd543d75000 r--s 00019000 08:02 4722013                    /home/jam/.grails/ivy-cache/commons-el/commons-el/jars/commons-el-1.0.jar
7fd543d75000-7fd543d7a000 r--s 00034000 08:02 4722011                    /home/jam/.grails/ivy-cache/commons-beanutils/commons-beanutils/jars/commons-beanutils-1.8.3.jar
7fd543d7a000-7fd543dd8000 r--s 00592000 08:02 4722009                    /home/jam/.grails/ivy-cache/org.codehaus.groovy/groovy-all/jars/groovy-all-1.8.8.jar
7fd543dd8000-7fd543dda000 r--s 0000d000 08:02 5508471                    /home/jam/.grails/ivy-cache/org.grails/grails-plugin-tomcat/jars/grails-plugin-tomcat-2.1.1.jar
7fd543dda000-7fd543dea000 r--s 0019c000 08:02 5508469                    /home/jam/.grails/ivy-cache/org.eclipse.jdt.core.compiler/ecj/jars/ecj-3.7.2.jar
7fd543dea000-7fd543dff000 r-xp 00000000 08:02 18747986                   /usr/lib/jvm/java-6-openjdk-amd64/jre/lib/amd64/libnet.so
7fd543dff000-7fd543ffe000 ---p 00015000 08:02 18747986                   /usr/lib/jvm/java-6-openjdk-amd64/jre/lib/amd64/libnet.so
7fd543ffe000-7fd543fff000 r--p 00014000 08:02 18747986                   /usr/lib/jvm/java-6-openjdk-amd64/jre/lib/amd64/libnet.so
7fd543fff000-7fd544000000 rw-p 00015000 08:02 18747986                   /usr/lib/jvm/java-6-openjdk-amd64/jre/lib/amd64/libnet.so
7fd544000000-7fd544021000 rw-p 00000000 00:00 0 
7fd544021000-7fd548000000 ---p 00000000 00:00 0 
7fd548000000-7fd548002000 r--s 00009000 08:02 4722037                    /home/jam/.grails/ivy-cache/org.grails/grails-spring/jars/grails-spring-2.1.1.jar
7fd548002000-7fd548004000 r--s 00009000 08:02 4722033                    /home/jam/.grails/ivy-cache/org.grails/grails-crud/jars/grails-crud-2.1.1.jar
7fd548004000-7fd54800a000 r--s 00027000 08:02 4722031                    /home/jam/.grails/ivy-cache/opensymphony/sitemesh/jars/sitemesh-2.4.jar
7fd54800a000-7fd54800f000 r--s 00015000 08:02 4722029                    /home/jam/.grails/ivy-cache/org.hibernate.javax.persistence/hibernate-jpa-2.0-api/jars/hibernate-jpa-2.0-api-1.0.1.Final.jar
7fd54800f000-7fd548011000 r--s 00008000 08:02 5508467                    /home/jam/.grails/ivy-cache/org.apache.tomcat.embed/tomcat-embed-logging-juli/jars/tomcat-embed-logging-juli-7.0.30.jar
7fd548011000-7fd548013000 r--s 00013000 08:02 4721761                    /home/jam/.grails/ivy-cache/org.apache.tomcat.embed/tomcat-embed-logging-log4j/jars/tomcat-embed-logging-log4j-7.0.30.jar
7fd548013000-7fd54801e000 r--s 000b6000 08:02 4721759                    /home/jam/.grails/ivy-cache/org.apache.tomcat.embed/tomcat-embed-jasper/jars/tomcat-embed-jasper-7.0.30.jar
7fd54801e000-7fd548040000 r--s 00254000 08:02 4721757                    /home/jam/.grails/ivy-cache/org.apache.tomcat.embed/tomcat-embed-core/jars/tomcat-embed-core-7.0.30.jar
7fd548040000-7fd548042000 r--s 0000c000 08:02 5508465                    /home/jam/.grails/ivy-cache/org.apache.tomcat/tomcat-catalina-ant/jars/tomcat-catalina-ant-7.0.30.jar
7fd548042000-7fd548043000 r--s 00001000 08:02 4721467                    /home/jam/.grails/ivy-cache/org.apache.ant/ant-trax/jars/ant-trax-1.7.1.jar
7fd548043000-7fd548045000 r--s 00017000 08:02 4721465                    /home/jam/.grails/ivy-cache/org.apache.ant/ant-junit/jars/ant-junit-1.8.2.jar
7fd548045000-7fd548047000 r--s 00002000 08:02 4721463                    /home/jam/.grails/ivy-cache/org.apache.ant/ant-launcher/jars/ant-launcher-1.8.2.jar
7fd548047000-7fd548065000 r--s 001bb000 08:02 4721461                    /home/jam/.grails/ivy-cache/org.apache.ant/ant/jars/ant-1.8.2.jar
7fd548065000-7fd54806c000 r--s 00037000 08:02 4721459                    /home/jam/.grails/ivy-cache/junit/junit/jars/junit-4.10.jar
7fd54806c000-7fd54806f000 r--s 0000b000 08:02 4721456                    /home/jam/.grails/ivy-cache/com.googlecode.concurrentlinkedhashmap/concurrentlinkedhashmap-lru/jars/concurrentlinkedhashmap-lru-1.2_jdk5.jar
7fd54806f000-7fd548075000 r--s 00033000 08:02 4721454                    /home/jam/.grails/ivy-cache/org.springframework/spring-test/jars/spring-test-3.1.2.RELEASE.jar
7fd548075000-7fd548077000 r--s 00005000 08:02 4721452                    /home/jam/.grails/ivy-cache/org.slf4j/slf4j-api/jars/slf4j-api-1.6.2.jar
7fd548077000-7fd548084000 r--s 000b7000 08:02 4721450                    /home/jam/.grails/ivy-cache/org.grails/grails-web/jars/grails-web-2.1.1.jar
7fd548084000-7fd548087000 r--s 00026000 08:02 4721448                    /home/jam/.grails/ivy-cache/org.grails/grails-resources/jars/grails-resources-2.1.1.jar
7fd548087000-7fd548095000 r--s 000b5000 08:02 4721446                    /home/jam/.grails/ivy-cache/org.grails/grails-core/jars/grails-core-2.1.1.jar
7fd548095000-7fd5480a0000 r--s 000fe000 08:02 4721444                    /home/jam/.grails/ivy-cache/org.grails/grails-scripts/jars/grails-scripts-2.1.1.jar
7fd5480a0000-7fd5480a9000 r--s 000a8000 08:02 4721442                    /home/jam/.grails/ivy-cache/org.grails/grails-bootstrap/jars/grails-bootstrap-2.1.1.jar
7fd5480a9000-7fd5480ac000 ---p 00000000 00:00 0 
7fd5480ac000-7fd5481aa000 rw-p 00000000 00:00 0 
7fd5481aa000-7fd5481bf000 r-xp 00000000 08:02 8650931                    /tmp/jna1949981032954669262.tmp
7fd5481bf000-7fd5482be000 ---p 00015000 08:02 8650931                    /tmp/jna1949981032954669262.tmp
7fd5482be000-7fd5482c0000 rw-p 00014000 08:02 8650931                    /tmp/jna1949981032954669262.tmp
7fd5482c0000-7fd548320000 r--s 00d92000 08:02 18877160                   /usr/lib/jvm/java-6-openjdk-amd64/lib/tools.jar
7fd548320000-7fd548321000 ---p 00000000 00:00 0 
7fd548321000-7fd548421000 rw-p 00000000 00:00 0 
7fd548421000-7fd548424000 ---p 00000000 00:00 0 
7fd548424000-7fd548522000 rw-p 00000000 00:00 0 
7fd548522000-7fd548525000 ---p 00000000 00:00 0 
7fd548525000-7fd548623000 rw-p 00000000 00:00 0 
7fd548623000-7fd548626000 ---p 00000000 00:00 0 
7fd548626000-7fd548724000 rw-p 00000000 00:00 0 
7fd548724000-7fd548727000 ---p 00000000 00:00 0 
7fd548727000-7fd548825000 rw-p 00000000 00:00 0 
7fd548825000-7fd549000000 r--p 00000000 08:02 16128286                   /usr/lib/locale/locale-archive
7fd549000000-7fd549730000 rwxp 00000000 00:00 0 
7fd549730000-7fd54cc60000 rw-p 00000000 00:00 0 
7fd54cc60000-7fd550000000 ---p 00000000 00:00 0 
7fd550000000-7fd550001000 r--s 00000000 08:02 4722039                    /home/jam/.grails/ivy-cache/org.grails/grails-logging/jars/grails-logging-2.1.1.jar
7fd550001000-7fd550004000 r--s 00044000 08:02 4721440                    /home/jam/.grails/ivy-cache/org.grails/grails-docs/jars/grails-docs-2.1.1.jar
7fd550004000-7fd550007000 r--s 00041000 08:02 4721438                    /home/jam/.grails/ivy-cache/xalan/serializer/jars/serializer-2.7.1.jar
7fd550007000-7fd55000a000 r--s 000cf000 08:02 4721436                    /home/jam/.grails/ivy-cache/net.java.dev.jna/jna/jars/jna-3.2.3.jar
7fd55000a000-7fd55000c000 r--s 00008000 08:02 4721434                    /home/jam/.grails/ivy-cache/org.fusesource.jansi/jansi/jars/jansi-1.2.1.jar
7fd55000c000-7fd55001b000 r--s 000d9000 08:02 4721424                    /home/jam/.grails/ivy-cache/org.apache.ivy/ivy/jars/ivy-2.2.0.jar
7fd55001b000-7fd55001d000 r--s 00015000 08:02 4721422                    /home/jam/.grails/ivy-cache/jline/jline/jars/jline-1.0.jar
7fd55001d000-7fd550042000 r--s 00172000 08:02 4721397                    /home/jam/.grails/ivy-cache/org.bouncycastle/bcprov-jdk15/jars/bcprov-jdk15-1.45.jar
7fd550042000-7fd550047000 r--s 00024000 08:02 4721394                    /home/jam/.grails/ivy-cache/org.bouncycastle/bcpg-jdk15/jars/bcpg-jdk15-1.45.jar
7fd550047000-7fd550048000 r--s 00003000 08:02 4721392                    /home/jam/.grails/ivy-cache/com.googlecode.json-simple/json-simple/jars/json-simple-1.1.jar
7fd550048000-7fd55004e000 r--s 00068000 08:02 4721389                    /home/jam/.grails/ivy-cache/com.google.protobuf/protobuf-java/jars/protobuf-java-2.4.1.jar
7fd55004e000-7fd550051000 r--s 0001a000 08:02 4721386                    /home/jam/.grails/ivy-cache/org.springframework.uaa/org.springframework.uaa.client/bundles/org.springframework.uaa.client-1.0.1.RELEASE.jar
7fd550051000-7fd550056000 r--s 00050000 08:02 4587551                    /home/jam/Applications/grails-2.1.1/lib/org.codehaus.gant/gant_groovy1.8/jars/gant_groovy1.8-1.9.6.jar
7fd550056000-7fd550074000 r--s 001bb000 08:02 15997849                   /home/jam/Applications/grails-2.1.1/lib/org.apache.ant/ant/jars/ant-1.8.2.jar
7fd550074000-7fd550083000 r--s 000d9000 08:02 3933556                    /home/jam/Applications/grails-2.1.1/lib/org.apache.ivy/ivy/jars/ivy-2.2.0.jar
7fd550083000-7fd550085000 r--s 00009000 08:02 15730918                   /home/jam/Applications/grails-2.1.1/lib/commons-cli/commons-cli/jars/commons-cli-1.2.jar
7fd550085000-7fd550088000 r--s 000cf000 08:02 15997829                   /home/jam/Applications/grails-2.1.1/lib/net.java.dev.jna/jna/jars/jna-3.2.3.jar
7fd550088000-7fd5500e6000 r--s 00592000 08:02 4587821                    /home/jam/Applications/grails-2.1.1/lib/org.codehaus.groovy/groovy-all/jars/groovy-all-1.8.8.jar
7fd5500e6000-7fd5500e9000 ---p 00000000 00:00 0 
7fd5500e9000-7fd5501e7000 rw-p 00000000 00:00 0 
7fd5501e7000-7fd5501ea000 ---p 00000000 00:00 0 
7fd5501ea000-7fd5502e8000 rw-p 00000000 00:00 0 
7fd5502e8000-7fd5502e9000 ---p 00000000 00:00 0 
7fd5502e9000-7fd550921000 rw-p 00000000 00:00 0 
7fd550921000-7fd550ab3000 r--s 037bf000 08:02 18616443                   /usr/lib/jvm/java-6-openjdk-amd64/jre/lib/rt.jar
7fd550ab3000-7fd550adb000 rw-p 00000000 00:00 0 
7fd550adb000-7fd550adc000 ---p 00000000 00:00 0 
7fd550adc000-7fd550bdc000 rw-p 00000000 00:00 0 
7fd550bdc000-7fd550bdd000 ---p 00000000 00:00 0 
7fd550bdd000-7fd550cdd000 rw-p 00000000 00:00 0 
7fd550cdd000-7fd550cde000 ---p 00000000 00:00 0 
7fd550cde000-7fd550dde000 rw-p 00000000 00:00 0 
7fd550dde000-7fd550ddf000 ---p 00000000 00:00 0 
7fd550ddf000-7fd5510df000 rw-p 00000000 00:00 0 
7fd5510df000-7fd551260000 rw-p 00000000 00:00 0 
7fd551260000-7fd551267000 r-xp 00000000 08:02 18748006                   /usr/lib/jvm/java-6-openjdk-amd64/jre/lib/amd64/libzip.so
7fd551267000-7fd551466000 ---p 00007000 08:02 18748006                   /usr/lib/jvm/java-6-openjdk-amd64/jre/lib/amd64/libzip.so
7fd551466000-7fd551467000 r--p 00006000 08:02 18748006                   /usr/lib/jvm/java-6-openjdk-amd64/jre/lib/amd64/libzip.so
7fd551467000-7fd551468000 rw-p 00007000 08:02 18748006                   /usr/lib/jvm/java-6-openjdk-amd64/jre/lib/amd64/libzip.so
7fd551468000-7fd551474000 r-xp 00000000 08:02 16256549                   /lib/x86_64-linux-gnu/libnss_files-2.15.so
7fd551474000-7fd551673000 ---p 0000c000 08:02 16256549                   /lib/x86_64-linux-gnu/libnss_files-2.15.so
7fd551673000-7fd551674000 r--p 0000b000 08:02 16256549                   /lib/x86_64-linux-gnu/libnss_files-2.15.so
7fd551674000-7fd551675000 rw-p 0000c000 08:02 16256549                   /lib/x86_64-linux-gnu/libnss_files-2.15.so
7fd551675000-7fd55167f000 r-xp 00000000 08:02 16256553                   /lib/x86_64-linux-gnu/libnss_nis-2.15.so
7fd55167f000-7fd55187f000 ---p 0000a000 08:02 16256553                   /lib/x86_64-linux-gnu/libnss_nis-2.15.so
7fd55187f000-7fd551880000 r--p 0000a000 08:02 16256553                   /lib/x86_64-linux-gnu/libnss_nis-2.15.so
7fd551880000-7fd551881000 rw-p 0000b000 08:02 16256553                   /lib/x86_64-linux-gnu/libnss_nis-2.15.so
7fd551881000-7fd551898000 r-xp 00000000 08:02 16256543                   /lib/x86_64-linux-gnu/libnsl-2.15.so
7fd551898000-7fd551a97000 ---p 00017000 08:02 16256543                   /lib/x86_64-linux-gnu/libnsl-2.15.so
7fd551a97000-7fd551a98000 r--p 00016000 08:02 16256543                   /lib/x86_64-linux-gnu/libnsl-2.15.so
7fd551a98000-7fd551a99000 rw-p 00017000 08:02 16256543                   /lib/x86_64-linux-gnu/libnsl-2.15.so
7fd551a99000-7fd551a9b000 rw-p 00000000 00:00 0 
7fd551a9b000-7fd551aa3000 r-xp 00000000 08:02 16256545                   /lib/x86_64-linux-gnu/libnss_compat-2.15.so
7fd551aa3000-7fd551ca2000 ---p 00008000 08:02 16256545                   /lib/x86_64-linux-gnu/libnss_compat-2.15.so
7fd551ca2000-7fd551ca3000 r--p 00007000 08:02 16256545                   /lib/x86_64-linux-gnu/libnss_compat-2.15.so
7fd551ca3000-7fd551ca4000 rw-p 00008000 08:02 16256545                   /lib/x86_64-linux-gnu/libnss_compat-2.15.so
7fd551ca4000-7fd551cad000 r-xp 00000000 08:02 18747976                   /usr/lib/jvm/java-6-openjdk-amd64/jre/lib/amd64/libinstrument.so
7fd551cad000-7fd551ead000 ---p 00009000 08:02 18747976                   /usr/lib/jvm/java-6-openjdk-amd64/jre/lib/amd64/libinstrument.so
7fd551ead000-7fd551eae000 r--p 00009000 08:02 18747976                   /usr/lib/jvm/java-6-openjdk-amd64/jre/lib/amd64/libinstrument.so
7fd551eae000-7fd551eaf000 rw-p 0000a000 08:02 18747976                   /usr/lib/jvm/java-6-openjdk-amd64/jre/lib/amd64/libinstrument.so
7fd551eaf000-7fd551edb000 r-xp 00000000 08:02 18747994                   /usr/lib/jvm/java-6-openjdk-amd64/jre/lib/amd64/libjava.so
7fd551edb000-7fd5520da000 ---p 0002c000 08:02 18747994                   /usr/lib/jvm/java-6-openjdk-amd64/jre/lib/amd64/libjava.so
7fd5520da000-7fd5520db000 r--p 0002b000 08:02 18747994                   /usr/lib/jvm/java-6-openjdk-amd64/jre/lib/amd64/libjava.so
7fd5520db000-7fd5520de000 rw-p 0002c000 08:02 18747994                   /usr/lib/jvm/java-6-openjdk-amd64/jre/lib/amd64/libjava.so
7fd5520de000-7fd5520ec000 r-xp 00000000 08:02 18747993                   /usr/lib/jvm/java-6-openjdk-amd64/jre/lib/amd64/libverify.so
7fd5520ec000-7fd5522eb000 ---p 0000e000 08:02 18747993                   /usr/lib/jvm/java-6-openjdk-amd64/jre/lib/amd64/libverify.so
7fd5522eb000-7fd5522ed000 r--p 0000d000 08:02 18747993                   /usr/lib/jvm/java-6-openjdk-amd64/jre/lib/amd64/libverify.so
7fd5522ed000-7fd5522ee000 rw-p 0000f000 08:02 18747993                   /usr/lib/jvm/java-6-openjdk-amd64/jre/lib/amd64/libverify.so
7fd5522ee000-7fd5522f5000 r-xp 00000000 08:02 16256584                   /lib/x86_64-linux-gnu/librt-2.15.so
7fd5522f5000-7fd5524f4000 ---p 00007000 08:02 16256584                   /lib/x86_64-linux-gnu/librt-2.15.so
7fd5524f4000-7fd5524f5000 r--p 00006000 08:02 16256584                   /lib/x86_64-linux-gnu/librt-2.15.so
7fd5524f5000-7fd5524f6000 rw-p 00007000 08:02 16256584                   /lib/x86_64-linux-gnu/librt-2.15.so
7fd5524f6000-7fd55250b000 r-xp 00000000 08:02 16256519                   /lib/x86_64-linux-gnu/libgcc_s.so.1
7fd55250b000-7fd55270a000 ---p 00015000 08:02 16256519                   /lib/x86_64-linux-gnu/libgcc_s.so.1
7fd55270a000-7fd55270b000 r--p 00014000 08:02 16256519                   /lib/x86_64-linux-gnu/libgcc_s.so.1
7fd55270b000-7fd55270c000 rw-p 00015000 08:02 16256519                   /lib/x86_64-linux-gnu/libgcc_s.so.1
7fd55270c000-7fd552805000 r-xp 00000000 08:02 16256530                   /lib/x86_64-linux-gnu/libm-2.15.so
7fd552805000-7fd552a04000 ---p 000f9000 08:02 16256530                   /lib/x86_64-linux-gnu/libm-2.15.so
7fd552a04000-7fd552a05000 r--p 000f8000 08:02 16256530                   /lib/x86_64-linux-gnu/libm-2.15.so
7fd552a05000-7fd552a06000 rw-p 000f9000 08:02 16256530                   /lib/x86_64-linux-gnu/libm-2.15.so
7fd552a06000-7fd552ae8000 r-xp 00000000 08:02 16129397                   /usr/lib/x86_64-linux-gnu/libstdc++.so.6.0.16
7fd552ae8000-7fd552ce7000 ---p 000e2000 08:02 16129397                   /usr/lib/x86_64-linux-gnu/libstdc++.so.6.0.16
7fd552ce7000-7fd552cef000 r--p 000e1000 08:02 16129397                   /usr/lib/x86_64-linux-gnu/libstdc++.so.6.0.16
7fd552cef000-7fd552cf1000 rw-p 000e9000 08:02 16129397                   /usr/lib/x86_64-linux-gnu/libstdc++.so.6.0.16
7fd552cf1000-7fd552d06000 rw-p 00000000 00:00 0 
7fd552d06000-7fd55360a000 r-xp 00000000 08:02 18877146                   /usr/lib/jvm/java-6-openjdk-amd64/jre/lib/amd64/server/libjvm.so
7fd55360a000-7fd55380a000 ---p 00904000 08:02 18877146                   /usr/lib/jvm/java-6-openjdk-amd64/jre/lib/amd64/server/libjvm.so
7fd55380a000-7fd55388a000 r--p 00904000 08:02 18877146                   /usr/lib/jvm/java-6-openjdk-amd64/jre/lib/amd64/server/libjvm.so
7fd55388a000-7fd5538a5000 rw-p 00984000 08:02 18877146                   /usr/lib/jvm/java-6-openjdk-amd64/jre/lib/amd64/server/libjvm.so
7fd5538a5000-7fd5538ce000 rw-p 00000000 00:00 0 
7fd5538ce000-7fd5538e4000 r-xp 00000000 08:02 16256609                   /lib/x86_64-linux-gnu/libz.so.1.2.3.4
7fd5538e4000-7fd553ae3000 ---p 00016000 08:02 16256609                   /lib/x86_64-linux-gnu/libz.so.1.2.3.4
7fd553ae3000-7fd553ae4000 r--p 00015000 08:02 16256609                   /lib/x86_64-linux-gnu/libz.so.1.2.3.4
7fd553ae4000-7fd553ae5000 rw-p 00016000 08:02 16256609                   /lib/x86_64-linux-gnu/libz.so.1.2.3.4
7fd553ae5000-7fd553c98000 r-xp 00000000 08:02 16256498                   /lib/x86_64-linux-gnu/libc-2.15.so
7fd553c98000-7fd553e97000 ---p 001b3000 08:02 16256498                   /lib/x86_64-linux-gnu/libc-2.15.so
7fd553e97000-7fd553e9b000 r--p 001b2000 08:02 16256498                   /lib/x86_64-linux-gnu/libc-2.15.so
7fd553e9b000-7fd553e9d000 rw-p 001b6000 08:02 16256498                   /lib/x86_64-linux-gnu/libc-2.15.so
7fd553e9d000-7fd553ea2000 rw-p 00000000 00:00 0 
7fd553ea2000-7fd553ea4000 r-xp 00000000 08:02 16256511                   /lib/x86_64-linux-gnu/libdl-2.15.so
7fd553ea4000-7fd5540a4000 ---p 00002000 08:02 16256511                   /lib/x86_64-linux-gnu/libdl-2.15.so
7fd5540a4000-7fd5540a5000 r--p 00002000 08:02 16256511                   /lib/x86_64-linux-gnu/libdl-2.15.so
7fd5540a5000-7fd5540a6000 rw-p 00003000 08:02 16256511                   /lib/x86_64-linux-gnu/libdl-2.15.so
7fd5540a6000-7fd5540aa000 r-xp 00000000 08:02 18747978                   /usr/lib/jvm/java-6-openjdk-amd64/jre/lib/amd64/jli/libjli.so
7fd5540aa000-7fd5542a9000 ---p 00004000 08:02 18747978                   /usr/lib/jvm/java-6-openjdk-amd64/jre/lib/amd64/jli/libjli.so
7fd5542a9000-7fd5542aa000 r--p 00003000 08:02 18747978                   /usr/lib/jvm/java-6-openjdk-amd64/jre/lib/amd64/jli/libjli.so
7fd5542aa000-7fd5542ab000 rw-p 00004000 08:02 18747978                   /usr/lib/jvm/java-6-openjdk-amd64/jre/lib/amd64/jli/libjli.so
7fd5542ab000-7fd5542c3000 r-xp 00000000 08:02 16256578                   /lib/x86_64-linux-gnu/libpthread-2.15.so
7fd5542c3000-7fd5544c2000 ---p 00018000 08:02 16256578                   /lib/x86_64-linux-gnu/libpthread-2.15.so
7fd5544c2000-7fd5544c3000 r--p 00017000 08:02 16256578                   /lib/x86_64-linux-gnu/libpthread-2.15.so
7fd5544c3000-7fd5544c4000 rw-p 00018000 08:02 16256578                   /lib/x86_64-linux-gnu/libpthread-2.15.so
7fd5544c4000-7fd5544c8000 rw-p 00000000 00:00 0 
7fd5544c8000-7fd5544ea000 r-xp 00000000 08:02 16256478                   /lib/x86_64-linux-gnu/ld-2.15.so
7fd5544ea000-7fd5544eb000 r--s 00003000 08:02 4722027                    /home/jam/.grails/ivy-cache/javax.transaction/jta/jars/jta-1.1.jar
7fd5544eb000-7fd5544f2000 r--s 000fb000 08:02 18489889                   /usr/lib/jvm/java-6-openjdk-common/jre/lib/resources.jar
7fd5544f2000-7fd5544f9000 r--s 00067000 08:02 15730908                   /home/jam/Applications/grails-2.1.1/lib/com.springsource.springloaded/springloaded-core/jars/springloaded-core-1.0.6.jar
7fd5544f9000-7fd554502000 r--s 000a8000 08:02 15731003                   /home/jam/Applications/grails-2.1.1/dist/grails-bootstrap-2.1.1.jar
7fd554502000-7fd55451f000 rw-p 00000000 00:00 0 
7fd55451f000-7fd5545c2000 rw-p 00000000 00:00 0 
7fd5545c2000-7fd5545c5000 ---p 00000000 00:00 0 
7fd5545c5000-7fd5546c8000 rw-p 00000000 00:00 0 
7fd5546c8000-7fd5546ca000 r--s 00008000 08:02 4587896                    /home/jam/Applications/grails-2.1.1/lib/org.fusesource.jansi/jansi/jars/jansi-1.2.1.jar
7fd5546ca000-7fd5546cc000 r--s 00015000 08:02 15862296                   /home/jam/Applications/grails-2.1.1/lib/jline/jline/jars/jline-1.0.jar
7fd5546cc000-7fd5546cf000 r--s 0007d000 08:02 18489867                   /usr/lib/jvm/java-6-openjdk-common/jre/lib/jsse.jar
7fd5546cf000-7fd5546d3000 r--s 00038000 08:02 18489882                   /usr/lib/jvm/java-6-openjdk-common/jre/lib/ext/sunpkcs11.jar
7fd5546d3000-7fd5546d6000 r--s 00031000 08:02 18489884                   /usr/lib/jvm/java-6-openjdk-common/jre/lib/ext/sunjce_provider.jar
7fd5546d6000-7fd5546d7000 r--s 00007000 08:02 16651090                   /usr/share/java/java-atk-wrapper.jar
7fd5546d7000-7fd5546da000 r--s 00077000 08:02 18489883                   /usr/lib/jvm/java-6-openjdk-common/jre/lib/ext/localedata.jar
7fd5546da000-7fd5546dc000 r--s 00001000 08:02 18489885                   /usr/lib/jvm/java-6-openjdk-common/jre/lib/ext/dnsns.jar
7fd5546dc000-7fd5546de000 r--s 0000f000 08:02 18489886                   /usr/lib/jvm/java-6-openjdk-common/jre/lib/ext/pulse-java.jar
7fd5546de000-7fd5546e6000 rw-s 00000000 08:02 8650897                    /tmp/hsperfdata_jam/15279
7fd5546e6000-7fd5546e7000 rw-p 00000000 00:00 0 
7fd5546e7000-7fd5546e8000 r--p 00000000 00:00 0 
7fd5546e8000-7fd5546ea000 rw-p 00000000 00:00 0 
7fd5546ea000-7fd5546eb000 r--p 00022000 08:02 16256478                   /lib/x86_64-linux-gnu/ld-2.15.so
7fd5546eb000-7fd5546ed000 rw-p 00023000 08:02 16256478                   /lib/x86_64-linux-gnu/ld-2.15.so
7fffb70a0000-7fffb70c1000 rw-p 00000000 00:00 0                          [stack]
7fffb71ff000-7fffb7200000 r-xp 00000000 00:00 0                          [vdso]
ffffffffff600000-ffffffffff601000 r-xp 00000000 00:00 0                  [vsyscall]

VM Arguments:
jvm_args: -Xmx768M -Xms768M -XX:PermSize=256m -XX:MaxPermSize=256m -Dfile.encoding=UTF-8 -Dserver.port=8080 -Djline.WindowsTerminal.directConsole=false -javaagent:/home/jam/Applications/grails-2.1.1/lib/com.springsource.springloaded/springloaded-core/jars/springloaded-core-1.0.6.jar -Xverify:none -Dspringloaded=profile=grails;cacheDir=/home/jam/.grails/2.1.1/ -Dgrails.home=/home/jam/Applications/grails-2.1.1 -Dtools.jar=/usr/lib/jvm/default-java/lib/tools.jar 
java_command: org.codehaus.groovy.grails.cli.support.GrailsStarter --main org.codehaus.groovy.grails.cli.GrailsScriptRunner --conf /home/jam/Applications/grails-2.1.1/conf/groovy-starter.conf --classpath   run-app
Launcher Type: SUN_STANDARD

Environment Variables:
JAVA_HOME=/usr/lib/jvm/default-java
PATH=/usr/lib/lightdm/lightdm:/usr/local/sbin:/usr/local/bin:/usr/sbin:/usr/bin:/sbin:/bin:/usr/games
LD_LIBRARY_PATH=/usr/lib/jvm/java-6-openjdk-amd64/jre/lib/amd64/server:/usr/lib/jvm/java-6-openjdk-amd64/jre/lib/amd64:/usr/lib/jvm/java-6-openjdk-amd64/jre/../lib/amd64
SHELL=/bin/bash
DISPLAY=:0

Signal Handlers:
SIGSEGV: [libjvm.so+0x784310], sa_mask[0]=0x7ffbfeff, sa_flags=0x10000004
SIGBUS: [libjvm.so+0x784310], sa_mask[0]=0x7ffbfeff, sa_flags=0x10000004
SIGFPE: [libjvm.so+0x648580], sa_mask[0]=0x7ffbfeff, sa_flags=0x10000004
SIGPIPE: SIG_IGN, sa_mask[0]=0x00000000, sa_flags=0x00000000
SIGXFSZ: [libjvm.so+0x648580], sa_mask[0]=0x7ffbfeff, sa_flags=0x10000004
SIGILL: [libjvm.so+0x648580], sa_mask[0]=0x7ffbfeff, sa_flags=0x10000004
SIGUSR1: SIG_DFL, sa_mask[0]=0x00000000, sa_flags=0x00000000
SIGUSR2: [libjvm.so+0x648730], sa_mask[0]=0x00000004, sa_flags=0x10000004
SIGHUP: [libjvm.so+0x64b250], sa_mask[0]=0x7ffbfeff, sa_flags=0x10000004
SIGINT: SIG_IGN, sa_mask[0]=0x00000000, sa_flags=0x00000000
SIGTERM: [libjvm.so+0x64b250], sa_mask[0]=0x7ffbfeff, sa_flags=0x10000004
SIGQUIT: [libjvm.so+0x64b250], sa_mask[0]=0x7ffbfeff, sa_flags=0x10000004


---------------  S Y S T E M  ---------------

OS:Ubuntu 12.04 (precise)
uname:Linux 3.2.0-31-generic #50-Ubuntu SMP Fri Sep 7 16:16:45 UTC 2012 x86_64
libc:glibc 2.15 NPTL 2.15 
rlimit: STACK 8192k, CORE 0k, NPROC 59519, NOFILE 4096, AS infinity
load average:3.60 2.22 1.49

/proc/meminfo:
MemTotal:        7636272 kB
MemFree:         1484300 kB
Buffers:          214184 kB
Cached:          2409944 kB
SwapCached:          540 kB
Active:          4028388 kB
Inactive:        1499048 kB
Active(anon):    2495060 kB
Inactive(anon):   416920 kB
Active(file):    1533328 kB
Inactive(file):  1082128 kB
Unevictable:          44 kB
Mlocked:              44 kB
SwapTotal:       7837776 kB
SwapFree:        7835252 kB
Dirty:             11608 kB
Writeback:             0 kB
AnonPages:       2902656 kB
Mapped:           302124 kB
Shmem:              8672 kB
Slab:             205580 kB
SReclaimable:     166152 kB
SUnreclaim:        39428 kB
KernelStack:        4776 kB
PageTables:        51740 kB
NFS_Unstable:          0 kB
Bounce:                0 kB
WritebackTmp:          0 kB
CommitLimit:    11655912 kB
Committed_AS:    6507224 kB
VmallocTotal:   34359738367 kB
VmallocUsed:      135720 kB
VmallocChunk:   34359600352 kB
HardwareCorrupted:     0 kB
AnonHugePages:         0 kB
HugePages_Total:       0
HugePages_Free:        0
HugePages_Rsvd:        0
HugePages_Surp:        0
Hugepagesize:       2048 kB
DirectMap4k:      206848 kB
DirectMap2M:     3444736 kB
DirectMap1G:     4194304 kB


CPU:total 4 (4 cores per cpu, 1 threads per core) family 18 model 1 stepping 0, cmov, cx8, fxsr, mmx, sse, sse2, sse3, popcnt, mmxext, 3dnowpref, lzcnt, sse4a

Memory: 4k page, physical 7636272k(1484300k free), swap 7837776k(7835252k free)

vm_info: OpenJDK 64-Bit Server VM (20.0-b12) for linux-amd64 JRE (1.6.0_24-b24), built on Sep  2 2012 19:50:47 by "buildd" with gcc 4.6.3

time: Sun Sep 23 11:02:56 2012
elapsed time: 39 seconds

