#
# A fatal error has been detected by the Java Runtime Environment:
#
#  SIGSEGV (0xb) at pc=0x00007fb13442a1ed, pid=10561, tid=140398873671424
#
# JRE version: 6.0_24-b24
# Java VM: OpenJDK 64-Bit Server VM (20.0-b12 mixed mode linux-amd64 compressed oops)
# Derivative: IcedTea6 1.11.4
# Distribution: Ubuntu 12.04 LTS, package 6b24-1.11.4-1ubuntu0.12.04.1
# Problematic frame:
# J  java.util.WeakHashMap.get(Ljava/lang/Object;)Ljava/lang/Object;
#
# If you would like to submit a bug report, please include
# instructions how to reproduce the bug and visit:
#   https://bugs.launchpad.net/ubuntu/+source/openjdk-6/
#

---------------  T H R E A D  ---------------

Current thread (0x00007fb124024000):  JavaThread "http-bio-8080-exec-10" daemon [_thread_in_Java, id=10685, stack(0x00007fb128edf000,0x00007fb128fe0000)]

siginfo:si_signo=SIGSEGV: si_errno=0, si_code=1 (SEGV_MAPERR), si_addr=0x0000000000000015

Registers:
RAX=0x00007fb1346d3860, RBX=0x00000000c040ee20, RCX=0x000000000000004c, RDX=0x000000000000000d
RSP=0x00007fb128fda8c0, RBP=0x00000000d080b070, RSI=0x00000000d080b070, RDI=0x00007fb13462f24c
R8 =0x00007fb13e489000, R9 =0x00000000c000c910, R10=0x00000000c03a6500, R11=0x00000000d080b070
R12=0x0000000000000000, R13=0x00007fb128fda980, R14=0x00007fb128fda978, R15=0x00007fb124024000
RIP=0x00007fb13442a1ed, EFLAGS=0x0000000000010202, CSGSFS=0x0000000000000033, ERR=0x0000000000000004
  TRAPNO=0x000000000000000e

Top of Stack: (sp=0x00007fb128fda8c0)
0x00007fb128fda8c0:   00007fb128fda8c0 0000000000000000
0x00007fb128fda8d0:   00007fb128fda920 00000000c00c9968
0x00007fb128fda8e0:   00007fb124024000 000000000000000d
0x00007fb128fda8f0:   00007fb128fda980 0000000000000000
0x00007fb128fda900:   00007fb128fda920 000000000000000d
0x00007fb128fda910:   000000000000000d 00007fb1346d389c
0x00007fb128fda920:   00007fb13462f24c 000000000000000d
0x00007fb128fda930:   00007fb128fda970 00007fb128fda960
0x00007fb128fda940:   00000000c040ee20 0000000000000007
0x00007fb128fda950:   000000000000004c 00007fb1346d3860
0x00007fb128fda960:   00007fb128fda980 0000000000000202
0x00007fb128fda970:   00000000fa321380 00007fb13462f260
0x00007fb128fda980:   00000000c379e108 00000000d6b4e058
0x00007fb128fda990:   0000000c00000001 00000000fa319420
0x00007fb128fda9a0:   00000000fa319528 00007fb10000001b
0x00007fb128fda9b0:   00000000fa321380 00007fb128fdaab8
0x00007fb128fda9c0:   00007fb128fdab18 00007fb128fdaad0
0x00007fb128fda9d0:   00007fb128fdaa40 00007fb1341879b3
0x00007fb128fda9e0:   0000000000000000 00007fb1341879b3
0x00007fb128fda9f0:   00000000f94cb938 00000000d6b4e058
0x00007fb128fdaa00:   00007fb128fdaa00 00000000c3f3917a
0x00007fb128fdaa10:   00007fb128fdaa60 00000000c3f3a4f8
0x00007fb128fdaa20:   0000000000000000 00000000c3f391b8
0x00007fb128fdaa30:   00007fb128fda9f0 00007fb128fdaa58
0x00007fb128fdaa40:   00007fb128fdaaa8 00007fb13418785a
0x00007fb128fdaa50:   0000000000000000 00000000f94cb938
0x00007fb128fdaa60:   00000000d6b4e058 00007fb128fdaa68
0x00007fb128fdaa70:   00000000c3f39061 00007fb128fdaad0
0x00007fb128fdaa80:   00000000c3f3a4f8 0000000000000000
0x00007fb128fdaa90:   00000000c3f390b8 00007fb128fdaa58
0x00007fb128fdaaa0:   00007fb128fdaab8 00007fb128fdab18
0x00007fb128fdaab0:   00007fb134187d34 0000000000000000 

Instructions: (pc=0x00007fb13442a1ed)
0x00007fb13442a1cd:   66 66 90 89 84 24 00 a0 ff ff 55 48 83 ec 50 48
0x00007fb13442a1dd:   8b ee 48 85 d2 0f 84 5b 04 00 00 48 89 54 24 28
0x00007fb13442a1ed:   44 8b 5a 08 44 89 5c 24 30 4d 8b 93 38 02 00 00
0x00007fb13442a1fd:   49 bb 48 83 00 c0 00 00 00 00 4d 3b d3 0f 85 87 

Register to memory mapping:

RAX=0x00007fb1346d33d0 [CodeBlob (0x00007fb1346d33d0)]
Framesize: 12
RBX=0x00000000c040ee20 is an oop
{method} 
 - klass: {other class}
RCX=0x000000000000004c is an unknown value
RDX=0x000000000000000d is an unknown value
RSP=0x00007fb128fda8c0 is pointing into the stack for thread: 0x00007fb124024000
RBP=0x00000000d080b070 is an oop
java.util.WeakHashMap 
 - klass: 'java/util/WeakHashMap'
RSI=0x00000000d080b070 is an oop
java.util.WeakHashMap 
 - klass: 'java/util/WeakHashMap'
RDI=0x00007fb13462e7d0 [CodeBlob (0x00007fb13462e7d0)]
Framesize: 12
R8 =0x00007fb13e489000 is an unknown value
R9 =0x00000000c000c910 is an oop
{instance class} 
 - klass: {other class}
R10=0x00000000c03a6500 is an oop
{instance class} 
 - klass: {other class}
R11=0x00000000d080b070 is an oop
java.util.WeakHashMap 
 - klass: 'java/util/WeakHashMap'
R12=0x0000000000000000 is an unknown value
R13=0x00007fb128fda980 is pointing into the stack for thread: 0x00007fb124024000
R14=0x00007fb128fda978 is pointing into the stack for thread: 0x00007fb124024000
R15=0x00007fb124024000 is a thread


Stack: [0x00007fb128edf000,0x00007fb128fe0000],  sp=0x00007fb128fda8c0,  free space=1006k
Native frames: (J=compiled Java code, j=interpreted, Vv=VM code, C=native code)
J  java.util.WeakHashMap.get(Ljava/lang/Object;)Ljava/lang/Object;


---------------  P R O C E S S  ---------------

Java Threads: ( => current thread )
=>0x00007fb124024000 JavaThread "http-bio-8080-exec-10" daemon [_thread_in_Java, id=10685, stack(0x00007fb128edf000,0x00007fb128fe0000)]
  0x00007fb11824d800 JavaThread "http-bio-8080-exec-9" daemon [_thread_blocked, id=10684, stack(0x00007fb128fe0000,0x00007fb1290e1000)]
  0x00007fb0f438c000 JavaThread "http-bio-8080-exec-8" daemon [_thread_blocked, id=10683, stack(0x00007fb1290e1000,0x00007fb1291e2000)]
  0x00007fb100045800 JavaThread "http-bio-8080-exec-7" daemon [_thread_blocked, id=10682, stack(0x00007fb1291e2000,0x00007fb1292e3000)]
  0x00007fb0e4013800 JavaThread "http-bio-8080-exec-6" daemon [_thread_in_native, id=10678, stack(0x00007fb1292e3000,0x00007fb1293e4000)]
  0x00007fb0e4011800 JavaThread "http-bio-8080-exec-5" daemon [_thread_in_native, id=10677, stack(0x00007fb1293e4000,0x00007fb1294e5000)]
  0x00007fb0e400f800 JavaThread "http-bio-8080-exec-4" daemon [_thread_in_native, id=10673, stack(0x00007fb1294e5000,0x00007fb1295e6000)]
  0x00007fb0e400e000 JavaThread "http-bio-8080-exec-3" daemon [_thread_in_native, id=10672, stack(0x00007fb1295e6000,0x00007fb1296e7000)]
  0x00007fb0e4004000 JavaThread "http-bio-8080-exec-2" daemon [_thread_blocked, id=10671, stack(0x00007fb1296e7000,0x00007fb1297e8000)]
  0x00007fb0e4003000 JavaThread "http-bio-8080-exec-1" daemon [_thread_in_native, id=10670, stack(0x00007fb1297e8000,0x00007fb1298e9000)]
  0x00007fb1388d8000 JavaThread "Thread-13" daemon [_thread_blocked, id=10636, stack(0x00007fb1298e9000,0x00007fb1299ea000)]
  0x00007fb13898c800 JavaThread "Thread-12" [_thread_in_native, id=10634, stack(0x00007fb1299ea000,0x00007fb129aeb000)]
  0x00007fb1388be800 JavaThread "http-bio-8080-AsyncTimeout" daemon [_thread_blocked, id=10633, stack(0x00007fb129aeb000,0x00007fb129bec000)]
  0x00007fb1385ae000 JavaThread "http-bio-8080-Acceptor-0" daemon [_thread_in_native, id=10632, stack(0x00007fb129bec000,0x00007fb129ced000)]
  0x00007fb13857d000 JavaThread "ContainerBackgroundProcessor[StandardEngine[Tomcat]]" daemon [_thread_blocked, id=10631, stack(0x00007fb129ced000,0x00007fb129dee000)]
  0x00007fb0c4941800 JavaThread "DefaultPluginScheduler_QuartzSchedulerThread" [_thread_blocked, id=10625, stack(0x00007fb129dee000,0x00007fb129eef000)]
  0x00007fb0c48b1000 JavaThread "DefaultPluginScheduler_Worker-10" [_thread_blocked, id=10624, stack(0x00007fb129eef000,0x00007fb129ff0000)]
  0x00007fb0c474b000 JavaThread "DefaultPluginScheduler_Worker-9" [_thread_blocked, id=10623, stack(0x00007fb129ff0000,0x00007fb12a0f1000)]
  0x00007fb0c4237000 JavaThread "DefaultPluginScheduler_Worker-8" [_thread_blocked, id=10622, stack(0x00007fb12a0f1000,0x00007fb12a1f2000)]
  0x00007fb0c47c3800 JavaThread "DefaultPluginScheduler_Worker-7" [_thread_blocked, id=10621, stack(0x00007fb12a1f2000,0x00007fb12a2f3000)]
  0x00007fb0c42ba800 JavaThread "DefaultPluginScheduler_Worker-6" [_thread_blocked, id=10620, stack(0x00007fb12a2f3000,0x00007fb12a3f4000)]
  0x00007fb0c495a000 JavaThread "DefaultPluginScheduler_Worker-5" [_thread_blocked, id=10619, stack(0x00007fb12a3f4000,0x00007fb12a4f5000)]
  0x00007fb0c4904800 JavaThread "DefaultPluginScheduler_Worker-4" [_thread_blocked, id=10618, stack(0x00007fb12a4f5000,0x00007fb12a5f6000)]
  0x00007fb0c48ef000 JavaThread "DefaultPluginScheduler_Worker-3" [_thread_blocked, id=10617, stack(0x00007fb12a5f6000,0x00007fb12a6f7000)]
  0x00007fb0c493a000 JavaThread "DefaultPluginScheduler_Worker-2" [_thread_blocked, id=10616, stack(0x00007fb12a6f7000,0x00007fb12a7f8000)]
  0x00007fb0c486b800 JavaThread "DefaultPluginScheduler_Worker-1" [_thread_blocked, id=10615, stack(0x00007fb12a7f8000,0x00007fb12a8f9000)]
  0x00007fb0c4651000 JavaThread "org.hibernate.cache.StandardQueryCache.data" daemon [_thread_blocked, id=10614, stack(0x00007fb12a8f9000,0x00007fb12a9fa000)]
  0x00007fb0c423d800 JavaThread "org.hibernate.cache.UpdateTimestampsCache.data" daemon [_thread_blocked, id=10613, stack(0x00007fb12a9fa000,0x00007fb12aafb000)]
  0x00007fb0c4137800 JavaThread "org.greens.VoterContactManager.SecRole.data" daemon [_thread_blocked, id=10612, stack(0x00007fb12aafb000,0x00007fb12abfc000)]
  0x00007fb0c4029800 JavaThread "net.sf.ehcache.CacheManager@470276f2" daemon [_thread_blocked, id=10611, stack(0x00007fb12abfc000,0x00007fb12acfd000)]
  0x00007fb138a9c000 JavaThread "pool-4-thread-5" [_thread_blocked, id=10608, stack(0x00007fb12af04000,0x00007fb12b005000)]
  0x00007fb138d03800 JavaThread "pool-4-thread-4" [_thread_blocked, id=10607, stack(0x00007fb12b005000,0x00007fb12b106000)]
  0x00007fb138275800 JavaThread "pool-4-thread-3" [_thread_blocked, id=10606, stack(0x00007fb12b106000,0x00007fb12b207000)]
  0x00007fb138c6e800 JavaThread "pool-4-thread-2" [_thread_blocked, id=10605, stack(0x00007fb12b207000,0x00007fb12b308000)]
  0x00007fb138918000 JavaThread "pool-4-thread-1" [_thread_blocked, id=10604, stack(0x00007fb12b308000,0x00007fb12b409000)]
  0x00007fb138443000 JavaThread "pool-3-thread-5" [_thread_blocked, id=10602, stack(0x00007fb12b50a000,0x00007fb12b60b000)]
  0x00007fb138c7e000 JavaThread "pool-3-thread-4" [_thread_blocked, id=10601, stack(0x00007fb12b60b000,0x00007fb12b70c000)]
  0x00007fb138c7d000 JavaThread "pool-3-thread-3" [_thread_blocked, id=10600, stack(0x00007fb1300f9000,0x00007fb1301fa000)]
  0x00007fb138d22000 JavaThread "pool-3-thread-2" [_thread_blocked, id=10599, stack(0x00007fb1301fa000,0x00007fb1302fb000)]
  0x00007fb138c8a800 JavaThread "pool-3-thread-1" [_thread_blocked, id=10598, stack(0x00007fb1302fb000,0x00007fb1303fc000)]
  0x00007fb138332800 JavaThread "FileSystemWatcher: files=#511 cl=java.net.URLClassLoader@16321e6" daemon [_thread_blocked, id=10597, stack(0x00007fb1303fc000,0x00007fb1304fd000)]
  0x00007fb1385dc000 JavaThread "FileSystemWatcher: files=#1 cl=groovy.lang.GroovyClassLoader@7d2f117" daemon [_thread_blocked, id=10596, stack(0x00007fb1304fd000,0x00007fb1305fe000)]
  0x00007fb138263000 JavaThread "pool-2-thread-1" [_thread_blocked, id=10594, stack(0x00007fb130d26000,0x00007fb130e27000)]
  0x00007fb138272000 JavaThread "Synchronizer (Spring UAA/1.0.1)" daemon [_thread_blocked, id=10593, stack(0x00007fb130e27000,0x00007fb130f28000)]
  0x00007fb1384b3000 JavaThread "Timer-0" daemon [_thread_blocked, id=10592, stack(0x00007fb1328f1000,0x00007fb1329f2000)]
  0x00007fb1380e3800 JavaThread "Low Memory Detector" daemon [_thread_blocked, id=10584, stack(0x00007fb132d1d000,0x00007fb132e1e000)]
  0x00007fb1380e9000 JavaThread "C2 CompilerThread1" daemon [_thread_blocked, id=10583, stack(0x00007fb132e1e000,0x00007fb132f1f000)]
  0x00007fb1380ea800 JavaThread "C2 CompilerThread0" daemon [_thread_blocked, id=10582, stack(0x00007fb132f1f000,0x00007fb133020000)]
  0x00007fb13808c000 JavaThread "Signal Dispatcher" daemon [_thread_blocked, id=10581, stack(0x00007fb133020000,0x00007fb133121000)]
  0x00007fb138079800 JavaThread "Finalizer" daemon [_thread_blocked, id=10580, stack(0x00007fb1338fc000,0x00007fb1339fd000)]
  0x00007fb138077800 JavaThread "Reference Handler" daemon [_thread_blocked, id=10579, stack(0x00007fb12b70c000,0x00007fb12b80d000)]
  0x00007fb138009800 JavaThread "main" [_thread_blocked, id=10573, stack(0x00007fb13e549000,0x00007fb13e64a000)]

Other Threads:
  0x00007fb138071000 VMThread [stack: 0x00007fb12b80d000,0x00007fb12b90e000] [id=10578]
  0x00007fb1380f5800 WatcherThread [stack: 0x00007fb132c1c000,0x00007fb132d1d000] [id=10585]

VM state:not at safepoint (normal execution)

VM Mutex/Monitor currently owned by a thread: None

Heap
 PSYoungGen      total 246528K, used 174035K [0x00000000f0000000, 0x0000000100000000, 0x0000000100000000)
  eden space 231936K, 72% used [0x00000000f0000000,0x00000000fa3595a0,0x00000000fe280000)
  from space 14592K, 46% used [0x00000000fe280000,0x00000000fe91b688,0x00000000ff0c0000)
  to   space 14336K, 0% used [0x00000000ff200000,0x00000000ff200000,0x0000000100000000)
 PSOldGen        total 524288K, used 212686K [0x00000000d0000000, 0x00000000f0000000, 0x00000000f0000000)
  object space 524288K, 40% used [0x00000000d0000000,0x00000000dcfb3a98,0x00000000f0000000)
 PSPermGen       total 262144K, used 120370K [0x00000000c0000000, 0x00000000d0000000, 0x00000000d0000000)
  object space 262144K, 45% used [0x00000000c0000000,0x00000000c758cae8,0x00000000d0000000)

Code Cache  [0x00007fb134182000, 0x00007fb1349d2000, 0x00007fb137182000)
 total_blobs=2424 nmethods=1729 adapters=647 free_code_cache=41807936 largest_free_block=26688

Dynamic libraries:
00400000-00409000 r-xp 00000000 08:02 397963                             /usr/lib/jvm/java-6-openjdk-amd64/jre/bin/java
00608000-00609000 r--p 00008000 08:02 397963                             /usr/lib/jvm/java-6-openjdk-amd64/jre/bin/java
00609000-0060a000 rw-p 00009000 08:02 397963                             /usr/lib/jvm/java-6-openjdk-amd64/jre/bin/java
010ec000-01110000 rw-p 00000000 00:00 0                                  [heap]
c0000000-100000000 rw-p 00000000 00:00 0 
7fb0a4000000-7fb0a673a000 rw-p 00000000 00:00 0 
7fb0a673a000-7fb0a8000000 ---p 00000000 00:00 0 
7fb0a8000000-7fb0a8fcf000 rw-p 00000000 00:00 0 
7fb0a8fcf000-7fb0ac000000 ---p 00000000 00:00 0 
7fb0ac000000-7fb0ac021000 rw-p 00000000 00:00 0 
7fb0ac021000-7fb0b0000000 ---p 00000000 00:00 0 
7fb0b4000000-7fb0b4021000 rw-p 00000000 00:00 0 
7fb0b4021000-7fb0b8000000 ---p 00000000 00:00 0 
7fb0b8000000-7fb0b8021000 rw-p 00000000 00:00 0 
7fb0b8021000-7fb0bc000000 ---p 00000000 00:00 0 
7fb0bc000000-7fb0bc021000 rw-p 00000000 00:00 0 
7fb0bc021000-7fb0c0000000 ---p 00000000 00:00 0 
7fb0c0000000-7fb0c0021000 rw-p 00000000 00:00 0 
7fb0c0021000-7fb0c4000000 ---p 00000000 00:00 0 
7fb0c4000000-7fb0c502d000 rw-p 00000000 00:00 0 
7fb0c502d000-7fb0c8000000 ---p 00000000 00:00 0 
7fb0c8000000-7fb0c8021000 rw-p 00000000 00:00 0 
7fb0c8021000-7fb0cc000000 ---p 00000000 00:00 0 
7fb0cc000000-7fb0cc021000 rw-p 00000000 00:00 0 
7fb0cc021000-7fb0d0000000 ---p 00000000 00:00 0 
7fb0d0000000-7fb0d0021000 rw-p 00000000 00:00 0 
7fb0d0021000-7fb0d4000000 ---p 00000000 00:00 0 
7fb0d4000000-7fb0d4021000 rw-p 00000000 00:00 0 
7fb0d4021000-7fb0d8000000 ---p 00000000 00:00 0 
7fb0d8000000-7fb0d8021000 rw-p 00000000 00:00 0 
7fb0d8021000-7fb0dc000000 ---p 00000000 00:00 0 
7fb0dc000000-7fb0dc021000 rw-p 00000000 00:00 0 
7fb0dc021000-7fb0e0000000 ---p 00000000 00:00 0 
7fb0e0000000-7fb0e0021000 rw-p 00000000 00:00 0 
7fb0e0021000-7fb0e4000000 ---p 00000000 00:00 0 
7fb0e4000000-7fb0e4021000 rw-p 00000000 00:00 0 
7fb0e4021000-7fb0e8000000 ---p 00000000 00:00 0 
7fb0e8000000-7fb0e8021000 rw-p 00000000 00:00 0 
7fb0e8021000-7fb0ec000000 ---p 00000000 00:00 0 
7fb0ec000000-7fb0ec021000 rw-p 00000000 00:00 0 
7fb0ec021000-7fb0f0000000 ---p 00000000 00:00 0 
7fb0f0000000-7fb0f009a000 rw-p 00000000 00:00 0 
7fb0f009a000-7fb0f4000000 ---p 00000000 00:00 0 
7fb0f4000000-7fb0f43c6000 rw-p 00000000 00:00 0 
7fb0f43c6000-7fb0f8000000 ---p 00000000 00:00 0 
7fb0f8000000-7fb0f8032000 rw-p 00000000 00:00 0 
7fb0f8032000-7fb0fc000000 ---p 00000000 00:00 0 
7fb0fc000000-7fb0ffffe000 rw-p 00000000 00:00 0 
7fb0ffffe000-7fb100000000 ---p 00000000 00:00 0 
7fb100000000-7fb10015b000 rw-p 00000000 00:00 0 
7fb10015b000-7fb104000000 ---p 00000000 00:00 0 
7fb104000000-7fb104027000 rw-p 00000000 00:00 0 
7fb104027000-7fb108000000 ---p 00000000 00:00 0 
7fb108000000-7fb10c000000 rw-p 00000000 00:00 0 
7fb10c000000-7fb10c021000 rw-p 00000000 00:00 0 
7fb10c021000-7fb110000000 ---p 00000000 00:00 0 
7fb110000000-7fb110027000 rw-p 00000000 00:00 0 
7fb110027000-7fb114000000 ---p 00000000 00:00 0 
7fb114000000-7fb11403d000 rw-p 00000000 00:00 0 
7fb11403d000-7fb118000000 ---p 00000000 00:00 0 
7fb118000000-7fb118255000 rw-p 00000000 00:00 0 
7fb118255000-7fb11c000000 ---p 00000000 00:00 0 
7fb11c000000-7fb11c037000 rw-p 00000000 00:00 0 
7fb11c037000-7fb120000000 ---p 00000000 00:00 0 
7fb124000000-7fb12402a000 rw-p 00000000 00:00 0 
7fb12402a000-7fb128000000 ---p 00000000 00:00 0 
7fb128edf000-7fb128ee2000 ---p 00000000 00:00 0 
7fb128ee2000-7fb128fe0000 rw-p 00000000 00:00 0 
7fb128fe0000-7fb128fe3000 ---p 00000000 00:00 0 
7fb128fe3000-7fb1290e1000 rw-p 00000000 00:00 0 
7fb1290e1000-7fb1290e4000 ---p 00000000 00:00 0 
7fb1290e4000-7fb1291e2000 rw-p 00000000 00:00 0 
7fb1291e2000-7fb1291e5000 ---p 00000000 00:00 0 
7fb1291e5000-7fb1292e3000 rw-p 00000000 00:00 0 
7fb1292e3000-7fb1292e6000 ---p 00000000 00:00 0 
7fb1292e6000-7fb1293e4000 rw-p 00000000 00:00 0 
7fb1293e4000-7fb1293e7000 ---p 00000000 00:00 0 
7fb1293e7000-7fb1294e5000 rw-p 00000000 00:00 0 
7fb1294e5000-7fb1294e8000 ---p 00000000 00:00 0 
7fb1294e8000-7fb1295e6000 rw-p 00000000 00:00 0 
7fb1295e6000-7fb1295e9000 ---p 00000000 00:00 0 
7fb1295e9000-7fb1296e7000 rw-p 00000000 00:00 0 
7fb1296e7000-7fb1296ea000 ---p 00000000 00:00 0 
7fb1296ea000-7fb1297e8000 rw-p 00000000 00:00 0 
7fb1297e8000-7fb1297eb000 ---p 00000000 00:00 0 
7fb1297eb000-7fb1298e9000 rw-p 00000000 00:00 0 
7fb1298e9000-7fb1298ec000 ---p 00000000 00:00 0 
7fb1298ec000-7fb1299ea000 rw-p 00000000 00:00 0 
7fb1299ea000-7fb1299ed000 ---p 00000000 00:00 0 
7fb1299ed000-7fb129aeb000 rw-p 00000000 00:00 0 
7fb129aeb000-7fb129aee000 ---p 00000000 00:00 0 
7fb129aee000-7fb129bec000 rw-p 00000000 00:00 0 
7fb129bec000-7fb129bef000 ---p 00000000 00:00 0 
7fb129bef000-7fb129ced000 rw-p 00000000 00:00 0 
7fb129ced000-7fb129cf0000 ---p 00000000 00:00 0 
7fb129cf0000-7fb129dee000 rw-p 00000000 00:00 0 
7fb129dee000-7fb129df1000 ---p 00000000 00:00 0 
7fb129df1000-7fb129eef000 rw-p 00000000 00:00 0 
7fb129eef000-7fb129ef2000 ---p 00000000 00:00 0 
7fb129ef2000-7fb129ff0000 rw-p 00000000 00:00 0 
7fb129ff0000-7fb129ff3000 ---p 00000000 00:00 0 
7fb129ff3000-7fb12a0f1000 rw-p 00000000 00:00 0 
7fb12a0f1000-7fb12a0f4000 ---p 00000000 00:00 0 
7fb12a0f4000-7fb12a1f2000 rw-p 00000000 00:00 0 
7fb12a1f2000-7fb12a1f5000 ---p 00000000 00:00 0 
7fb12a1f5000-7fb12a2f3000 rw-p 00000000 00:00 0 
7fb12a2f3000-7fb12a2f6000 ---p 00000000 00:00 0 
7fb12a2f6000-7fb12a3f4000 rw-p 00000000 00:00 0 
7fb12a3f4000-7fb12a3f7000 ---p 00000000 00:00 0 
7fb12a3f7000-7fb12a4f5000 rw-p 00000000 00:00 0 
7fb12a4f5000-7fb12a4f8000 ---p 00000000 00:00 0 
7fb12a4f8000-7fb12a5f6000 rw-p 00000000 00:00 0 
7fb12a5f6000-7fb12a5f9000 ---p 00000000 00:00 0 
7fb12a5f9000-7fb12a6f7000 rw-p 00000000 00:00 0 
7fb12a6f7000-7fb12a6fa000 ---p 00000000 00:00 0 
7fb12a6fa000-7fb12a7f8000 rw-p 00000000 00:00 0 
7fb12a7f8000-7fb12a7fb000 ---p 00000000 00:00 0 
7fb12a7fb000-7fb12a8f9000 rw-p 00000000 00:00 0 
7fb12a8f9000-7fb12a8fc000 ---p 00000000 00:00 0 
7fb12a8fc000-7fb12a9fa000 rw-p 00000000 00:00 0 
7fb12a9fa000-7fb12a9fd000 ---p 00000000 00:00 0 
7fb12a9fd000-7fb12aafb000 rw-p 00000000 00:00 0 
7fb12aafb000-7fb12aafe000 ---p 00000000 00:00 0 
7fb12aafe000-7fb12abfc000 rw-p 00000000 00:00 0 
7fb12abfc000-7fb12abff000 ---p 00000000 00:00 0 
7fb12abff000-7fb12acfd000 rw-p 00000000 00:00 0 
7fb12acfd000-7fb12ad03000 r-xp 00000000 08:02 18747991                   /usr/lib/jvm/java-6-openjdk-amd64/jre/lib/amd64/libmanagement.so
7fb12ad03000-7fb12af02000 ---p 00006000 08:02 18747991                   /usr/lib/jvm/java-6-openjdk-amd64/jre/lib/amd64/libmanagement.so
7fb12af02000-7fb12af03000 r--p 00005000 08:02 18747991                   /usr/lib/jvm/java-6-openjdk-amd64/jre/lib/amd64/libmanagement.so
7fb12af03000-7fb12af04000 rw-p 00006000 08:02 18747991                   /usr/lib/jvm/java-6-openjdk-amd64/jre/lib/amd64/libmanagement.so
7fb12af04000-7fb12af07000 ---p 00000000 00:00 0 
7fb12af07000-7fb12b005000 rw-p 00000000 00:00 0 
7fb12b005000-7fb12b008000 ---p 00000000 00:00 0 
7fb12b008000-7fb12b106000 rw-p 00000000 00:00 0 
7fb12b106000-7fb12b109000 ---p 00000000 00:00 0 
7fb12b109000-7fb12b207000 rw-p 00000000 00:00 0 
7fb12b207000-7fb12b20a000 ---p 00000000 00:00 0 
7fb12b20a000-7fb12b308000 rw-p 00000000 00:00 0 
7fb12b308000-7fb12b30b000 ---p 00000000 00:00 0 
7fb12b30b000-7fb12b409000 rw-p 00000000 00:00 0 
7fb12b409000-7fb12b40c000 ---p 00000000 00:00 0 
7fb12b40c000-7fb12b50a000 rw-p 00000000 00:00 0 
7fb12b50a000-7fb12b50d000 ---p 00000000 00:00 0 
7fb12b50d000-7fb12b60b000 rw-p 00000000 00:00 0 
7fb12b60b000-7fb12b60e000 ---p 00000000 00:00 0 
7fb12b60e000-7fb12b70c000 rw-p 00000000 00:00 0 
7fb12b70c000-7fb12b70f000 ---p 00000000 00:00 0 
7fb12b70f000-7fb12b80d000 rw-p 00000000 00:00 0 
7fb12b80d000-7fb12b80e000 ---p 00000000 00:00 0 
7fb12b80e000-7fb12be46000 rw-p 00000000 00:00 0 
7fb12be46000-7fb12bfd8000 r--s 037bf000 08:02 18616443                   /usr/lib/jvm/java-6-openjdk-amd64/jre/lib/rt.jar
7fb12bfd8000-7fb12c000000 rw-p 00000000 00:00 0 
7fb12c000000-7fb12c044000 rw-p 00000000 00:00 0 
7fb12c044000-7fb130000000 ---p 00000000 00:00 0 
7fb1300f9000-7fb1300fc000 ---p 00000000 00:00 0 
7fb1300fc000-7fb1301fa000 rw-p 00000000 00:00 0 
7fb1301fa000-7fb1301fd000 ---p 00000000 00:00 0 
7fb1301fd000-7fb1302fb000 rw-p 00000000 00:00 0 
7fb1302fb000-7fb1302fe000 ---p 00000000 00:00 0 
7fb1302fe000-7fb1303fc000 rw-p 00000000 00:00 0 
7fb1303fc000-7fb1303ff000 ---p 00000000 00:00 0 
7fb1303ff000-7fb1304fd000 rw-p 00000000 00:00 0 
7fb1304fd000-7fb130500000 ---p 00000000 00:00 0 
7fb130500000-7fb1305fe000 rw-p 00000000 00:00 0 
7fb1305fe000-7fb130601000 ---p 00000000 00:00 0 
7fb130601000-7fb1306ff000 rw-p 00000000 00:00 0 
7fb1306ff000-7fb130717000 r-xp 00000000 08:02 16256582                   /lib/x86_64-linux-gnu/libresolv-2.15.so
7fb130717000-7fb130917000 ---p 00018000 08:02 16256582                   /lib/x86_64-linux-gnu/libresolv-2.15.so
7fb130917000-7fb130918000 r--p 00018000 08:02 16256582                   /lib/x86_64-linux-gnu/libresolv-2.15.so
7fb130918000-7fb130919000 rw-p 00019000 08:02 16256582                   /lib/x86_64-linux-gnu/libresolv-2.15.so
7fb130919000-7fb13091b000 rw-p 00000000 00:00 0 
7fb13091b000-7fb130922000 r-xp 00000000 08:02 16256547                   /lib/x86_64-linux-gnu/libnss_dns-2.15.so
7fb130922000-7fb130b21000 ---p 00007000 08:02 16256547                   /lib/x86_64-linux-gnu/libnss_dns-2.15.so
7fb130b21000-7fb130b22000 r--p 00006000 08:02 16256547                   /lib/x86_64-linux-gnu/libnss_dns-2.15.so
7fb130b22000-7fb130b23000 rw-p 00007000 08:02 16256547                   /lib/x86_64-linux-gnu/libnss_dns-2.15.so
7fb130b23000-7fb130b25000 r-xp 00000000 08:02 16252982                   /lib/libnss_mdns4_minimal.so.2
7fb130b25000-7fb130d24000 ---p 00002000 08:02 16252982                   /lib/libnss_mdns4_minimal.so.2
7fb130d24000-7fb130d25000 r--p 00001000 08:02 16252982                   /lib/libnss_mdns4_minimal.so.2
7fb130d25000-7fb130d26000 rw-p 00002000 08:02 16252982                   /lib/libnss_mdns4_minimal.so.2
7fb130d26000-7fb130d29000 ---p 00000000 00:00 0 
7fb130d29000-7fb130e27000 rw-p 00000000 00:00 0 
7fb130e27000-7fb130e2a000 ---p 00000000 00:00 0 
7fb130e2a000-7fb130f28000 rw-p 00000000 00:00 0 
7fb130f28000-7fb130f85000 r-xp 00000000 08:02 16651114                   /usr/lib/x86_64-linux-gnu/nss/libfreebl3.so
7fb130f85000-7fb131184000 ---p 0005d000 08:02 16651114                   /usr/lib/x86_64-linux-gnu/nss/libfreebl3.so
7fb131184000-7fb131186000 r--p 0005c000 08:02 16651114                   /usr/lib/x86_64-linux-gnu/nss/libfreebl3.so
7fb131186000-7fb131187000 rw-p 0005e000 08:02 16651114                   /usr/lib/x86_64-linux-gnu/nss/libfreebl3.so
7fb131187000-7fb13118b000 rw-p 00000000 00:00 0 
7fb13118b000-7fb131229000 r-xp 00000000 08:02 16131587                   /usr/lib/x86_64-linux-gnu/libsqlite3.so.0.8.6
7fb131229000-7fb131429000 ---p 0009e000 08:02 16131587                   /usr/lib/x86_64-linux-gnu/libsqlite3.so.0.8.6
7fb131429000-7fb13142b000 r--p 0009e000 08:02 16131587                   /usr/lib/x86_64-linux-gnu/libsqlite3.so.0.8.6
7fb13142b000-7fb13142d000 rw-p 000a0000 08:02 16131587                   /usr/lib/x86_64-linux-gnu/libsqlite3.so.0.8.6
7fb13142d000-7fb13142e000 rw-p 00000000 00:00 0 
7fb13142e000-7fb131467000 r-xp 00000000 08:02 16651117                   /usr/lib/x86_64-linux-gnu/nss/libsoftokn3.so
7fb131467000-7fb131666000 ---p 00039000 08:02 16651117                   /usr/lib/x86_64-linux-gnu/nss/libsoftokn3.so
7fb131666000-7fb131668000 r--p 00038000 08:02 16651117                   /usr/lib/x86_64-linux-gnu/nss/libsoftokn3.so
7fb131668000-7fb131669000 rw-p 0003a000 08:02 16651117                   /usr/lib/x86_64-linux-gnu/nss/libsoftokn3.so
7fb131669000-7fb1316a3000 r-xp 00000000 08:02 16127779                   /usr/lib/x86_64-linux-gnu/libnspr4.so
7fb1316a3000-7fb1318a2000 ---p 0003a000 08:02 16127779                   /usr/lib/x86_64-linux-gnu/libnspr4.so
7fb1318a2000-7fb1318a3000 r--p 00039000 08:02 16127779                   /usr/lib/x86_64-linux-gnu/libnspr4.so
7fb1318a3000-7fb1318a5000 rw-p 0003a000 08:02 16127779                   /usr/lib/x86_64-linux-gnu/libnspr4.so
7fb1318a5000-7fb1318a7000 rw-p 00000000 00:00 0 
7fb1318a7000-7fb1318aa000 r-xp 00000000 08:02 16127775                   /usr/lib/x86_64-linux-gnu/libplds4.so
7fb1318aa000-7fb131aa9000 ---p 00003000 08:02 16127775                   /usr/lib/x86_64-linux-gnu/libplds4.so
7fb131aa9000-7fb131aaa000 r--p 00002000 08:02 16127775                   /usr/lib/x86_64-linux-gnu/libplds4.so
7fb131aaa000-7fb131aab000 rw-p 00003000 08:02 16127775                   /usr/lib/x86_64-linux-gnu/libplds4.so
7fb131aab000-7fb131aaf000 r-xp 00000000 08:02 16127777                   /usr/lib/x86_64-linux-gnu/libplc4.so
7fb131aaf000-7fb131cae000 ---p 00004000 08:02 16127777                   /usr/lib/x86_64-linux-gnu/libplc4.so
7fb131cae000-7fb131caf000 r--p 00003000 08:02 16127777                   /usr/lib/x86_64-linux-gnu/libplc4.so
7fb131caf000-7fb131cb0000 rw-p 00004000 08:02 16127777                   /usr/lib/x86_64-linux-gnu/libplc4.so
7fb131cb0000-7fb131ccc000 r-xp 00000000 08:02 16123808                   /usr/lib/x86_64-linux-gnu/libnssutil3.so
7fb131ccc000-7fb131ecc000 ---p 0001c000 08:02 16123808                   /usr/lib/x86_64-linux-gnu/libnssutil3.so
7fb131ecc000-7fb131ed2000 r--p 0001c000 08:02 16123808                   /usr/lib/x86_64-linux-gnu/libnssutil3.so
7fb131ed2000-7fb131ed3000 rw-p 00022000 08:02 16123808                   /usr/lib/x86_64-linux-gnu/libnssutil3.so
7fb131ed3000-7fb131fd1000 r-xp 00000000 08:02 16122488                   /usr/lib/x86_64-linux-gnu/libnss3.so
7fb131fd1000-7fb1321d0000 ---p 000fe000 08:02 16122488                   /usr/lib/x86_64-linux-gnu/libnss3.so
7fb1321d0000-7fb1321d5000 r--p 000fd000 08:02 16122488                   /usr/lib/x86_64-linux-gnu/libnss3.so
7fb1321d5000-7fb1321d7000 rw-p 00102000 08:02 16122488                   /usr/lib/x86_64-linux-gnu/libnss3.so
7fb1321d7000-7fb1321d9000 rw-p 00000000 00:00 0 
7fb1321eb000-7fb1321f9000 r--s 00351000 08:02 18489869                   /usr/lib/jvm/java-6-openjdk-common/jre/lib/charsets.jar
7fb1321f9000-7fb132207000 r-xp 00000000 08:02 18747997                   /usr/lib/jvm/java-6-openjdk-amd64/jre/lib/amd64/libj2pkcs11.so
7fb132207000-7fb132407000 ---p 0000e000 08:02 18747997                   /usr/lib/jvm/java-6-openjdk-amd64/jre/lib/amd64/libj2pkcs11.so
7fb132407000-7fb132408000 r--p 0000e000 08:02 18747997                   /usr/lib/jvm/java-6-openjdk-amd64/jre/lib/amd64/libj2pkcs11.so
7fb132408000-7fb132409000 rw-p 0000f000 08:02 18747997                   /usr/lib/jvm/java-6-openjdk-amd64/jre/lib/amd64/libj2pkcs11.so
7fb132409000-7fb13240b000 r--s 00013000 08:02 18489868                   /usr/lib/jvm/java-6-openjdk-common/jre/lib/jce.jar
7fb132414000-7fb132422000 r--s 00351000 08:02 18489869                   /usr/lib/jvm/java-6-openjdk-common/jre/lib/charsets.jar
7fb132422000-7fb132426000 r--s 0002f000 08:02 4722137                    /home/jam/.grails/ivy-cache/org.grails/grails-test/jars/grails-test-2.1.1.jar
7fb132426000-7fb13242c000 r--s 0006c000 08:02 4722135                    /home/jam/.grails/ivy-cache/org.grails/grails-plugin-testing/jars/grails-plugin-testing-2.1.1.jar
7fb13242c000-7fb13242d000 r--s 00002000 08:02 5636284                    /home/jam/.grails/ivy-cache/org.hibernate/hibernate-ehcache/jars/hibernate-ehcache-3.6.10.Final.jar
7fb13242d000-7fb132432000 r--s 00048000 08:02 5636282                    /home/jam/.grails/ivy-cache/dom4j/dom4j/jars/dom4j-1.6.1.jar
7fb132432000-7fb132437000 r--s 00068000 08:02 5636280                    /home/jam/.grails/ivy-cache/antlr/antlr/jars/antlr-2.7.7.jar
7fb132437000-7fb132440000 r--s 00098000 08:02 5636278                    /home/jam/.grails/ivy-cache/org.javassist/javassist/jars/javassist-3.16.1-GA.jar
7fb132440000-7fb132443000 r--s 00009000 08:02 5636286                    /home/jam/.grails/ivy-cache/javax.validation/validation-api/jars/validation-api-1.0.0.GA.jar
7fb132443000-7fb13244a000 r--s 00040000 08:02 5636276                    /home/jam/.grails/ivy-cache/org.hibernate/hibernate-validator/jars/hibernate-validator-4.1.0.Final.jar
7fb13244a000-7fb13244d000 r--s 0000f000 08:02 5636274                    /home/jam/.grails/ivy-cache/org.hibernate/hibernate-commons-annotations/jars/hibernate-commons-annotations-3.2.0.Final.jar
7fb13244d000-7fb13247f000 r--s 002c9000 08:02 5636272                    /home/jam/.grails/ivy-cache/org.hibernate/hibernate-core/jars/hibernate-core-3.6.10.Final.jar
7fb13247f000-7fb132490000 r--s 000d2000 08:02 5636617                    /home/jam/.grails/ivy-cache/org.liquibase/liquibase-core/jars/liquibase-core-2.0.5.jar
7fb132490000-7fb132499000 r--s 00080000 08:02 5767285                    /home/jam/.grails/ivy-cache/org.quartz-scheduler/quartz/jars/quartz-2.1.5.jar
7fb132499000-7fb1324a0000 r--s 00035000 08:02 4851541                    /home/jam/.grails/ivy-cache/org.springframework.security/spring-security-web/jars/spring-security-web-3.0.7.RELEASE.jar
7fb1324a0000-7fb1324aa000 r--s 00043000 08:02 4851538                    /home/jam/.grails/ivy-cache/org.springframework.security/spring-security-core/jars/spring-security-core-3.0.7.RELEASE.jar
7fb1324aa000-7fb1324ab000 r--s 00004000 08:02 5637614                    /home/jam/.grails/ivy-cache/net.sf.opencsv/opencsv/jars/opencsv-2.3.jar
7fb1324ab000-7fb1324b1000 r--s 0007e000 08:02 5637426                    /home/jam/.grails/ivy-cache/postgresql/postgresql/jars/postgresql-9.0-801.jdbc4.jar
7fb1324b1000-7fb1324b8000 r--s 000bd000 08:02 4722926                    /home/jam/.grails/ivy-cache/mysql/mysql-connector-java/jars/mysql-connector-java-5.1.20.jar
7fb1324b8000-7fb1324ba000 r--s 00000000 08:02 4722133                    /home/jam/.grails/ivy-cache/org.slf4j/jul-to-slf4j/jars/jul-to-slf4j-1.6.2.jar
7fb1324ba000-7fb1324bc000 r--s 00003000 08:02 4722131                    /home/jam/.grails/ivy-cache/org.slf4j/jcl-over-slf4j/jars/jcl-over-slf4j-1.6.2.jar
7fb1324bc000-7fb1324c5000 r--s 0006d000 08:02 4722129                    /home/jam/.grails/ivy-cache/log4j/log4j/bundles/log4j-1.2.16.jar
7fb1324c5000-7fb1324da000 r--s 000e3000 08:02 4722127                    /home/jam/.grails/ivy-cache/net.sf.ehcache/ehcache-core/jars/ehcache-core-2.4.6.jar
7fb1324da000-7fb1324dc000 r--s 00005000 08:02 4722125                    /home/jam/.grails/ivy-cache/xpp3/xpp3_min/jars/xpp3_min-1.1.4c.jar
7fb1324dc000-7fb1324de000 r--s 00004000 08:02 4722123                    /home/jam/.grails/ivy-cache/javax.servlet/jstl/jars/jstl-1.1.2.jar
7fb1324de000-7fb1324e8000 r--s 0012c000 08:02 4722121                    /home/jam/.grails/ivy-cache/com.h2database/h2/jars/h2-1.3.164.jar
7fb1324e8000-7fb1324eb000 r--s 00016000 08:02 4722119                    /home/jam/.grails/ivy-cache/commons-pool/commons-pool/jars/commons-pool-1.5.6.jar
7fb1324eb000-7fb1324ee000 r--s 00025000 08:02 4722117                    /home/jam/.grails/ivy-cache/commons-dbcp/commons-dbcp/jars/commons-dbcp-1.4.jar
7fb1324ee000-7fb1324f0000 r--s 0000e000 08:02 4722115                    /home/jam/.grails/ivy-cache/oro/oro/jars/oro-2.0.8.jar
7fb1324f0000-7fb1324f2000 r--s 0000d000 08:02 4722113                    /home/jam/.grails/ivy-cache/commons-fileupload/commons-fileupload/jars/commons-fileupload-1.2.2.jar
7fb1324f2000-7fb1324f3000 r--s 0000a000 08:02 4722111                    /home/jam/.grails/ivy-cache/asm/asm/jars/asm-3.1.jar
7fb1324f3000-7fb1324fa000 r--s 0003e000 08:02 4722109                    /home/jam/.grails/ivy-cache/cglib/cglib/jars/cglib-2.2.jar
7fb1324fa000-7fb1324fe000 r--s 00019000 08:02 4722107                    /home/jam/.grails/ivy-cache/org.aspectj/aspectjrt/jars/aspectjrt-1.6.10.jar
7fb1324fe000-7fb132514000 r--s 00184000 08:02 4722105                    /home/jam/.grails/ivy-cache/org.aspectj/aspectjweaver/jars/aspectjweaver-1.6.10.jar
7fb132514000-7fb13251b000 r--s 00056000 08:02 4722103                    /home/jam/.grails/ivy-cache/org.grails/grails-datastore-simple/jars/grails-datastore-simple-1.1.0.RELEASE.jar
7fb13251b000-7fb132524000 r--s 00044000 08:02 4722101                    /home/jam/.grails/ivy-cache/org.grails/grails-datastore-core/jars/grails-datastore-core-1.1.0.RELEASE.jar
7fb132524000-7fb132529000 r--s 0004c000 08:02 4722099                    /home/jam/.grails/ivy-cache/org.grails/grails-datastore-gorm/jars/grails-datastore-gorm-1.1.0.RELEASE.jar
7fb132529000-7fb132534000 r--s 00082000 08:02 4722097                    /home/jam/.grails/ivy-cache/org.springframework/spring-webmvc/jars/spring-webmvc-3.1.2.RELEASE.jar
7fb132534000-7fb132540000 r--s 0007a000 08:02 4722095                    /home/jam/.grails/ivy-cache/org.springframework/spring-web/jars/spring-web-3.1.2.RELEASE.jar
7fb132540000-7fb132547000 r--s 00035000 08:02 4722093                    /home/jam/.grails/ivy-cache/org.springframework/spring-tx/jars/spring-tx-3.1.2.RELEASE.jar
7fb132547000-7fb132550000 r--s 00054000 08:02 4722091                    /home/jam/.grails/ivy-cache/org.springframework/spring-orm/jars/spring-orm-3.1.2.RELEASE.jar
7fb132550000-7fb132555000 r--s 0002c000 08:02 4722089                    /home/jam/.grails/ivy-cache/org.springframework/spring-jms/jars/spring-jms-3.1.2.RELEASE.jar
7fb132555000-7fb13255f000 r--s 00059000 08:02 4722087                    /home/jam/.grails/ivy-cache/org.springframework/spring-jdbc/jars/spring-jdbc-3.1.2.RELEASE.jar
7fb13255f000-7fb132563000 r--s 00027000 08:02 4722085                    /home/jam/.grails/ivy-cache/org.springframework/spring-expression/jars/spring-expression-3.1.2.RELEASE.jar
7fb132563000-7fb132566000 r--s 00018000 08:02 4722083                    /home/jam/.grails/ivy-cache/org.springframework/spring-context-support/jars/spring-context-support-3.1.2.RELEASE.jar
7fb132566000-7fb13257b000 r--s 000b7000 08:02 4722081                    /home/jam/.grails/ivy-cache/org.springframework/spring-context/jars/spring-context-3.1.2.RELEASE.jar
7fb13257b000-7fb132587000 r--s 00085000 08:02 4722079                    /home/jam/.grails/ivy-cache/org.springframework/spring-beans/jars/spring-beans-3.1.2.RELEASE.jar
7fb132587000-7fb132588000 r--s 0000c000 08:02 4722077                    /home/jam/.grails/ivy-cache/org.springframework/spring-asm/jars/spring-asm-3.1.2.RELEASE.jar
7fb132588000-7fb13258a000 r--s 0000b000 08:02 4722075                    /home/jam/.grails/ivy-cache/org.springframework/spring-aspects/jars/spring-aspects-3.1.2.RELEASE.jar
7fb13258a000-7fb132593000 r--s 00049000 08:02 4722073                    /home/jam/.grails/ivy-cache/org.springframework/spring-aop/jars/spring-aop-3.1.2.RELEASE.jar
7fb132593000-7fb13259d000 r--s 00064000 08:02 4722071                    /home/jam/.grails/ivy-cache/org.springframework/spring-core/jars/spring-core-3.1.2.RELEASE.jar
7fb13259d000-7fb13259f000 r--s 00008000 08:02 4722069                    /home/jam/.grails/ivy-cache/org.grails/grails-plugin-validation/jars/grails-plugin-validation-2.1.1.jar
7fb13259f000-7fb1325a2000 r--s 0001c000 08:02 4722067                    /home/jam/.grails/ivy-cache/org.grails/grails-plugin-url-mappings/jars/grails-plugin-url-mappings-2.1.1.jar
7fb1325a2000-7fb1325a4000 r--s 0000f000 08:02 4722065                    /home/jam/.grails/ivy-cache/org.grails/grails-plugin-mimetypes/jars/grails-plugin-mimetypes-2.1.1.jar
7fb1325a4000-7fb1325a6000 r--s 00005000 08:02 4722063                    /home/jam/.grails/ivy-cache/org.grails/grails-plugin-servlets/jars/grails-plugin-servlets-2.1.1.jar
7fb1325a6000-7fb1325a7000 r--s 00008000 08:02 4722061                    /home/jam/.grails/ivy-cache/org.grails/grails-plugin-services/jars/grails-plugin-services-2.1.1.jar
7fb1325a7000-7fb1325a9000 r--s 00006000 08:02 4722059                    /home/jam/.grails/ivy-cache/org.grails/grails-plugin-scaffolding/jars/grails-plugin-scaffolding-2.1.1.jar
7fb1325a9000-7fb1325ab000 r--s 0000e000 08:02 4722057                    /home/jam/.grails/ivy-cache/org.grails/grails-plugin-log4j/jars/grails-plugin-log4j-2.1.1.jar
7fb1325ab000-7fb1325ad000 r--s 00005000 08:02 4722055                    /home/jam/.grails/ivy-cache/org.grails/grails-plugin-i18n/jars/grails-plugin-i18n-2.1.1.jar
7fb1325ad000-7fb1325b4000 r--s 0006d000 08:02 4722053                    /home/jam/.grails/ivy-cache/org.grails/grails-plugin-gsp/jars/grails-plugin-gsp-2.1.1.jar
7fb1325b4000-7fb1325b6000 r--s 0000e000 08:02 4722051                    /home/jam/.grails/ivy-cache/org.grails/grails-plugin-filters/jars/grails-plugin-filters-2.1.1.jar
7fb1325b6000-7fb1325b8000 r--s 00009000 08:02 4722049                    /home/jam/.grails/ivy-cache/org.grails/grails-plugin-datasource/jars/grails-plugin-datasource-2.1.1.jar
7fb1325b8000-7fb1325bc000 r--s 00024000 08:02 4722047                    /home/jam/.grails/ivy-cache/org.grails/grails-plugin-converters/jars/grails-plugin-converters-2.1.1.jar
7fb1325bc000-7fb1325bf000 r--s 00019000 08:02 4722045                    /home/jam/.grails/ivy-cache/org.grails/grails-plugin-domain-class/jars/grails-plugin-domain-class-2.1.1.jar
7fb1325bf000-7fb1325c3000 r--s 00028000 08:02 4722043                    /home/jam/.grails/ivy-cache/org.grails/grails-plugin-controllers/jars/grails-plugin-controllers-2.1.1.jar
7fb1325c3000-7fb1325c5000 r--s 00015000 08:02 4722041                    /home/jam/.grails/ivy-cache/org.grails/grails-plugin-codecs/jars/grails-plugin-codecs-2.1.1.jar
7fb1325c5000-7fb1325c6000 r--s 00000000 08:02 4722039                    /home/jam/.grails/ivy-cache/org.grails/grails-logging/jars/grails-logging-2.1.1.jar
7fb1325c6000-7fb1325c8000 r--s 00009000 08:02 4722037                    /home/jam/.grails/ivy-cache/org.grails/grails-spring/jars/grails-spring-2.1.1.jar
7fb1325c8000-7fb1325d2000 r--s 0008a000 08:02 4722035                    /home/jam/.grails/ivy-cache/org.grails/grails-hibernate/jars/grails-hibernate-2.1.1.jar
7fb1325d2000-7fb1325d4000 r--s 00009000 08:02 4722033                    /home/jam/.grails/ivy-cache/org.grails/grails-crud/jars/grails-crud-2.1.1.jar
7fb1325d4000-7fb1325da000 r--s 00027000 08:02 4722031                    /home/jam/.grails/ivy-cache/opensymphony/sitemesh/jars/sitemesh-2.4.jar
7fb1325da000-7fb1325df000 r--s 00015000 08:02 4722029                    /home/jam/.grails/ivy-cache/org.hibernate.javax.persistence/hibernate-jpa-2.0-api/jars/hibernate-jpa-2.0-api-1.0.1.Final.jar
7fb1325df000-7fb1325e0000 r--s 00003000 08:02 4722027                    /home/jam/.grails/ivy-cache/javax.transaction/jta/jars/jta-1.1.jar
7fb1325e0000-7fb1325e5000 r--s 00041000 08:02 4722025                    /home/jam/.grails/ivy-cache/commons-lang/commons-lang/jars/commons-lang-2.6.jar
7fb1325e5000-7fb1325e8000 r--s 00025000 08:02 4722023                    /home/jam/.grails/ivy-cache/commons-io/commons-io/jars/commons-io-2.1.jar
7fb1325e8000-7fb1325f6000 r--s 0007f000 08:02 4722021                    /home/jam/.grails/ivy-cache/commons-collections/commons-collections/jars/commons-collections-3.2.1.jar
7fb1325f6000-7fb1325f8000 r--s 00010000 08:02 4722019                    /home/jam/.grails/ivy-cache/commons-codec/commons-codec/jars/commons-codec-1.5.jar
7fb1325f8000-7fb1325fa000 r--s 00000000 08:02 4722017                    /home/jam/.grails/ivy-cache/aopalliance/aopalliance/jars/aopalliance-1.0.jar
7fb1325fa000-7fb1325fd000 r--s 0001f000 08:02 4722015                    /home/jam/.grails/ivy-cache/commons-validator/commons-validator/jars/commons-validator-1.3.1.jar
7fb1325fd000-7fb132600000 r--s 00019000 08:02 4722013                    /home/jam/.grails/ivy-cache/commons-el/commons-el/jars/commons-el-1.0.jar
7fb132600000-7fb132605000 r--s 00034000 08:02 4722011                    /home/jam/.grails/ivy-cache/commons-beanutils/commons-beanutils/jars/commons-beanutils-1.8.3.jar
7fb132605000-7fb132663000 r--s 00592000 08:02 4722009                    /home/jam/.grails/ivy-cache/org.codehaus.groovy/groovy-all/jars/groovy-all-1.8.8.jar
7fb132663000-7fb132665000 r--s 0000d000 08:02 5508471                    /home/jam/.grails/ivy-cache/org.grails/grails-plugin-tomcat/jars/grails-plugin-tomcat-2.1.1.jar
7fb132665000-7fb132675000 r--s 0019c000 08:02 5508469                    /home/jam/.grails/ivy-cache/org.eclipse.jdt.core.compiler/ecj/jars/ecj-3.7.2.jar
7fb132675000-7fb132677000 r--s 00008000 08:02 5508467                    /home/jam/.grails/ivy-cache/org.apache.tomcat.embed/tomcat-embed-logging-juli/jars/tomcat-embed-logging-juli-7.0.30.jar
7fb132677000-7fb132679000 r--s 00013000 08:02 4721761                    /home/jam/.grails/ivy-cache/org.apache.tomcat.embed/tomcat-embed-logging-log4j/jars/tomcat-embed-logging-log4j-7.0.30.jar
7fb132679000-7fb132684000 r--s 000b6000 08:02 4721759                    /home/jam/.grails/ivy-cache/org.apache.tomcat.embed/tomcat-embed-jasper/jars/tomcat-embed-jasper-7.0.30.jar
7fb132684000-7fb1326a6000 r--s 00254000 08:02 4721757                    /home/jam/.grails/ivy-cache/org.apache.tomcat.embed/tomcat-embed-core/jars/tomcat-embed-core-7.0.30.jar
7fb1326a6000-7fb1326a8000 r--s 0000c000 08:02 5508465                    /home/jam/.grails/ivy-cache/org.apache.tomcat/tomcat-catalina-ant/jars/tomcat-catalina-ant-7.0.30.jar
7fb1326a8000-7fb1326a9000 r--s 00001000 08:02 4721467                    /home/jam/.grails/ivy-cache/org.apache.ant/ant-trax/jars/ant-trax-1.7.1.jar
7fb1326a9000-7fb1326ab000 r--s 00017000 08:02 4721465                    /home/jam/.grails/ivy-cache/org.apache.ant/ant-junit/jars/ant-junit-1.8.2.jar
7fb1326ab000-7fb1326ad000 r--s 00002000 08:02 4721463                    /home/jam/.grails/ivy-cache/org.apache.ant/ant-launcher/jars/ant-launcher-1.8.2.jar
7fb1326ad000-7fb1326cb000 r--s 001bb000 08:02 4721461                    /home/jam/.grails/ivy-cache/org.apache.ant/ant/jars/ant-1.8.2.jar
7fb1326cb000-7fb1326d2000 r--s 00037000 08:02 4721459                    /home/jam/.grails/ivy-cache/junit/junit/jars/junit-4.10.jar
7fb1326d2000-7fb1326d5000 r--s 0000b000 08:02 4721456                    /home/jam/.grails/ivy-cache/com.googlecode.concurrentlinkedhashmap/concurrentlinkedhashmap-lru/jars/concurrentlinkedhashmap-lru-1.2_jdk5.jar
7fb1326d5000-7fb1326db000 r--s 00033000 08:02 4721454                    /home/jam/.grails/ivy-cache/org.springframework/spring-test/jars/spring-test-3.1.2.RELEASE.jar
7fb1326db000-7fb1326f0000 r-xp 00000000 08:02 18747986                   /usr/lib/jvm/java-6-openjdk-amd64/jre/lib/amd64/libnet.so
7fb1326f0000-7fb1328ef000 ---p 00015000 08:02 18747986                   /usr/lib/jvm/java-6-openjdk-amd64/jre/lib/amd64/libnet.so
7fb1328ef000-7fb1328f0000 r--p 00014000 08:02 18747986                   /usr/lib/jvm/java-6-openjdk-amd64/jre/lib/amd64/libnet.so
7fb1328f0000-7fb1328f1000 rw-p 00015000 08:02 18747986                   /usr/lib/jvm/java-6-openjdk-amd64/jre/lib/amd64/libnet.so
7fb1328f1000-7fb1328f4000 ---p 00000000 00:00 0 
7fb1328f4000-7fb1329f2000 rw-p 00000000 00:00 0 
7fb1329f3000-7fb132a00000 r--s 000b7000 08:02 4721450                    /home/jam/.grails/ivy-cache/org.grails/grails-web/jars/grails-web-2.1.1.jar
7fb132a00000-7fb132a03000 r--s 00026000 08:02 4721448                    /home/jam/.grails/ivy-cache/org.grails/grails-resources/jars/grails-resources-2.1.1.jar
7fb132a03000-7fb132a11000 r--s 000b5000 08:02 4721446                    /home/jam/.grails/ivy-cache/org.grails/grails-core/jars/grails-core-2.1.1.jar
7fb132a11000-7fb132a1c000 r--s 000fe000 08:02 4721444                    /home/jam/.grails/ivy-cache/org.grails/grails-scripts/jars/grails-scripts-2.1.1.jar
7fb132a1c000-7fb132a25000 r--s 000a8000 08:02 4721442                    /home/jam/.grails/ivy-cache/org.grails/grails-bootstrap/jars/grails-bootstrap-2.1.1.jar
7fb132a25000-7fb132a28000 r--s 00044000 08:02 4721440                    /home/jam/.grails/ivy-cache/org.grails/grails-docs/jars/grails-docs-2.1.1.jar
7fb132a28000-7fb132a2b000 r--s 00041000 08:02 4721438                    /home/jam/.grails/ivy-cache/xalan/serializer/jars/serializer-2.7.1.jar
7fb132a2b000-7fb132a2e000 r--s 000cf000 08:02 4721436                    /home/jam/.grails/ivy-cache/net.java.dev.jna/jna/jars/jna-3.2.3.jar
7fb132a2e000-7fb132a30000 r--s 00008000 08:02 4721434                    /home/jam/.grails/ivy-cache/org.fusesource.jansi/jansi/jars/jansi-1.2.1.jar
7fb132a30000-7fb132a3f000 r--s 000d9000 08:02 4721424                    /home/jam/.grails/ivy-cache/org.apache.ivy/ivy/jars/ivy-2.2.0.jar
7fb132a3f000-7fb132a41000 r--s 00015000 08:02 4721422                    /home/jam/.grails/ivy-cache/jline/jline/jars/jline-1.0.jar
7fb132a41000-7fb132a66000 r--s 00172000 08:02 4721397                    /home/jam/.grails/ivy-cache/org.bouncycastle/bcprov-jdk15/jars/bcprov-jdk15-1.45.jar
7fb132a66000-7fb132a6b000 r--s 00024000 08:02 4721394                    /home/jam/.grails/ivy-cache/org.bouncycastle/bcpg-jdk15/jars/bcpg-jdk15-1.45.jar
7fb132a6b000-7fb132a71000 r--s 00068000 08:02 4721389                    /home/jam/.grails/ivy-cache/com.google.protobuf/protobuf-java/jars/protobuf-java-2.4.1.jar
7fb132a71000-7fb132a74000 r--s 0001a000 08:02 4721386                    /home/jam/.grails/ivy-cache/org.springframework.uaa/org.springframework.uaa.client/bundles/org.springframework.uaa.client-1.0.1.RELEASE.jar
7fb132a74000-7fb132a89000 r-xp 00000000 08:02 8650899                    /tmp/jna1572817098658647401.tmp
7fb132a89000-7fb132b88000 ---p 00015000 08:02 8650899                    /tmp/jna1572817098658647401.tmp
7fb132b88000-7fb132b8a000 rw-p 00014000 08:02 8650899                    /tmp/jna1572817098658647401.tmp
7fb132b8a000-7fb132bea000 r--s 00d92000 08:02 18877160                   /usr/lib/jvm/java-6-openjdk-amd64/lib/tools.jar
7fb132bea000-7fb132bef000 r--s 00050000 08:02 4587551                    /home/jam/Applications/grails-2.1.1/lib/org.codehaus.gant/gant_groovy1.8/jars/gant_groovy1.8-1.9.6.jar
7fb132bef000-7fb132c0d000 r--s 001bb000 08:02 15997849                   /home/jam/Applications/grails-2.1.1/lib/org.apache.ant/ant/jars/ant-1.8.2.jar
7fb132c0d000-7fb132c1c000 r--s 000d9000 08:02 3933556                    /home/jam/Applications/grails-2.1.1/lib/org.apache.ivy/ivy/jars/ivy-2.2.0.jar
7fb132c1c000-7fb132c1d000 ---p 00000000 00:00 0 
7fb132c1d000-7fb132d1d000 rw-p 00000000 00:00 0 
7fb132d1d000-7fb132d20000 ---p 00000000 00:00 0 
7fb132d20000-7fb132e1e000 rw-p 00000000 00:00 0 
7fb132e1e000-7fb132e21000 ---p 00000000 00:00 0 
7fb132e21000-7fb132f1f000 rw-p 00000000 00:00 0 
7fb132f1f000-7fb132f22000 ---p 00000000 00:00 0 
7fb132f22000-7fb133020000 rw-p 00000000 00:00 0 
7fb133020000-7fb133023000 ---p 00000000 00:00 0 
7fb133023000-7fb133121000 rw-p 00000000 00:00 0 
7fb133121000-7fb1338fc000 r--p 00000000 08:02 16128286                   /usr/lib/locale/locale-archive
7fb1338fc000-7fb1338ff000 ---p 00000000 00:00 0 
7fb1338ff000-7fb1339fd000 rw-p 00000000 00:00 0 
7fb1339fd000-7fb1339fe000 ---p 00000000 00:00 0 
7fb1339fe000-7fb133afe000 rw-p 00000000 00:00 0 
7fb133afe000-7fb133aff000 ---p 00000000 00:00 0 
7fb133aff000-7fb133bff000 rw-p 00000000 00:00 0 
7fb133bff000-7fb133c00000 ---p 00000000 00:00 0 
7fb133c00000-7fb133d00000 rw-p 00000000 00:00 0 
7fb133d00000-7fb133d01000 ---p 00000000 00:00 0 
7fb133d01000-7fb134001000 rw-p 00000000 00:00 0 
7fb134001000-7fb134182000 rw-p 00000000 00:00 0 
7fb134182000-7fb1349d2000 rwxp 00000000 00:00 0 
7fb1349d2000-7fb137182000 rw-p 00000000 00:00 0 
7fb137182000-7fb137189000 r-xp 00000000 08:02 18748006                   /usr/lib/jvm/java-6-openjdk-amd64/jre/lib/amd64/libzip.so
7fb137189000-7fb137388000 ---p 00007000 08:02 18748006                   /usr/lib/jvm/java-6-openjdk-amd64/jre/lib/amd64/libzip.so
7fb137388000-7fb137389000 r--p 00006000 08:02 18748006                   /usr/lib/jvm/java-6-openjdk-amd64/jre/lib/amd64/libzip.so
7fb137389000-7fb13738a000 rw-p 00007000 08:02 18748006                   /usr/lib/jvm/java-6-openjdk-amd64/jre/lib/amd64/libzip.so
7fb13738a000-7fb137396000 r-xp 00000000 08:02 16256549                   /lib/x86_64-linux-gnu/libnss_files-2.15.so
7fb137396000-7fb137595000 ---p 0000c000 08:02 16256549                   /lib/x86_64-linux-gnu/libnss_files-2.15.so
7fb137595000-7fb137596000 r--p 0000b000 08:02 16256549                   /lib/x86_64-linux-gnu/libnss_files-2.15.so
7fb137596000-7fb137597000 rw-p 0000c000 08:02 16256549                   /lib/x86_64-linux-gnu/libnss_files-2.15.so
7fb137597000-7fb1375a1000 r-xp 00000000 08:02 16256553                   /lib/x86_64-linux-gnu/libnss_nis-2.15.so
7fb1375a1000-7fb1377a1000 ---p 0000a000 08:02 16256553                   /lib/x86_64-linux-gnu/libnss_nis-2.15.so
7fb1377a1000-7fb1377a2000 r--p 0000a000 08:02 16256553                   /lib/x86_64-linux-gnu/libnss_nis-2.15.so
7fb1377a2000-7fb1377a3000 rw-p 0000b000 08:02 16256553                   /lib/x86_64-linux-gnu/libnss_nis-2.15.so
7fb1377a3000-7fb1377ba000 r-xp 00000000 08:02 16256543                   /lib/x86_64-linux-gnu/libnsl-2.15.so
7fb1377ba000-7fb1379b9000 ---p 00017000 08:02 16256543                   /lib/x86_64-linux-gnu/libnsl-2.15.so
7fb1379b9000-7fb1379ba000 r--p 00016000 08:02 16256543                   /lib/x86_64-linux-gnu/libnsl-2.15.so
7fb1379ba000-7fb1379bb000 rw-p 00017000 08:02 16256543                   /lib/x86_64-linux-gnu/libnsl-2.15.so
7fb1379bb000-7fb1379bd000 rw-p 00000000 00:00 0 
7fb1379bd000-7fb1379c5000 r-xp 00000000 08:02 16256545                   /lib/x86_64-linux-gnu/libnss_compat-2.15.so
7fb1379c5000-7fb137bc4000 ---p 00008000 08:02 16256545                   /lib/x86_64-linux-gnu/libnss_compat-2.15.so
7fb137bc4000-7fb137bc5000 r--p 00007000 08:02 16256545                   /lib/x86_64-linux-gnu/libnss_compat-2.15.so
7fb137bc5000-7fb137bc6000 rw-p 00008000 08:02 16256545                   /lib/x86_64-linux-gnu/libnss_compat-2.15.so
7fb137bc6000-7fb137bcf000 r-xp 00000000 08:02 18747976                   /usr/lib/jvm/java-6-openjdk-amd64/jre/lib/amd64/libinstrument.so
7fb137bcf000-7fb137dcf000 ---p 00009000 08:02 18747976                   /usr/lib/jvm/java-6-openjdk-amd64/jre/lib/amd64/libinstrument.so
7fb137dcf000-7fb137dd0000 r--p 00009000 08:02 18747976                   /usr/lib/jvm/java-6-openjdk-amd64/jre/lib/amd64/libinstrument.so
7fb137dd0000-7fb137dd1000 rw-p 0000a000 08:02 18747976                   /usr/lib/jvm/java-6-openjdk-amd64/jre/lib/amd64/libinstrument.so
7fb137dd1000-7fb137dfd000 r-xp 00000000 08:02 18747994                   /usr/lib/jvm/java-6-openjdk-amd64/jre/lib/amd64/libjava.so
7fb137dfd000-7fb137ffc000 ---p 0002c000 08:02 18747994                   /usr/lib/jvm/java-6-openjdk-amd64/jre/lib/amd64/libjava.so
7fb137ffc000-7fb137ffd000 r--p 0002b000 08:02 18747994                   /usr/lib/jvm/java-6-openjdk-amd64/jre/lib/amd64/libjava.so
7fb137ffd000-7fb138000000 rw-p 0002c000 08:02 18747994                   /usr/lib/jvm/java-6-openjdk-amd64/jre/lib/amd64/libjava.so
7fb138000000-7fb138d61000 rw-p 00000000 00:00 0 
7fb138d61000-7fb13c000000 ---p 00000000 00:00 0 
7fb13c000000-7fb13c002000 r--s 00005000 08:02 4721452                    /home/jam/.grails/ivy-cache/org.slf4j/slf4j-api/jars/slf4j-api-1.6.2.jar
7fb13c002000-7fb13c004000 r--s 00009000 08:02 15730918                   /home/jam/Applications/grails-2.1.1/lib/commons-cli/commons-cli/jars/commons-cli-1.2.jar
7fb13c004000-7fb13c007000 r--s 000cf000 08:02 15997829                   /home/jam/Applications/grails-2.1.1/lib/net.java.dev.jna/jna/jars/jna-3.2.3.jar
7fb13c007000-7fb13c065000 r--s 00592000 08:02 4587821                    /home/jam/Applications/grails-2.1.1/lib/org.codehaus.groovy/groovy-all/jars/groovy-all-1.8.8.jar
7fb13c065000-7fb13c073000 r-xp 00000000 08:02 18747993                   /usr/lib/jvm/java-6-openjdk-amd64/jre/lib/amd64/libverify.so
7fb13c073000-7fb13c272000 ---p 0000e000 08:02 18747993                   /usr/lib/jvm/java-6-openjdk-amd64/jre/lib/amd64/libverify.so
7fb13c272000-7fb13c274000 r--p 0000d000 08:02 18747993                   /usr/lib/jvm/java-6-openjdk-amd64/jre/lib/amd64/libverify.so
7fb13c274000-7fb13c275000 rw-p 0000f000 08:02 18747993                   /usr/lib/jvm/java-6-openjdk-amd64/jre/lib/amd64/libverify.so
7fb13c275000-7fb13c27c000 r-xp 00000000 08:02 16256584                   /lib/x86_64-linux-gnu/librt-2.15.so
7fb13c27c000-7fb13c47b000 ---p 00007000 08:02 16256584                   /lib/x86_64-linux-gnu/librt-2.15.so
7fb13c47b000-7fb13c47c000 r--p 00006000 08:02 16256584                   /lib/x86_64-linux-gnu/librt-2.15.so
7fb13c47c000-7fb13c47d000 rw-p 00007000 08:02 16256584                   /lib/x86_64-linux-gnu/librt-2.15.so
7fb13c47d000-7fb13c492000 r-xp 00000000 08:02 16256519                   /lib/x86_64-linux-gnu/libgcc_s.so.1
7fb13c492000-7fb13c691000 ---p 00015000 08:02 16256519                   /lib/x86_64-linux-gnu/libgcc_s.so.1
7fb13c691000-7fb13c692000 r--p 00014000 08:02 16256519                   /lib/x86_64-linux-gnu/libgcc_s.so.1
7fb13c692000-7fb13c693000 rw-p 00015000 08:02 16256519                   /lib/x86_64-linux-gnu/libgcc_s.so.1
7fb13c693000-7fb13c78c000 r-xp 00000000 08:02 16256530                   /lib/x86_64-linux-gnu/libm-2.15.so
7fb13c78c000-7fb13c98b000 ---p 000f9000 08:02 16256530                   /lib/x86_64-linux-gnu/libm-2.15.so
7fb13c98b000-7fb13c98c000 r--p 000f8000 08:02 16256530                   /lib/x86_64-linux-gnu/libm-2.15.so
7fb13c98c000-7fb13c98d000 rw-p 000f9000 08:02 16256530                   /lib/x86_64-linux-gnu/libm-2.15.so
7fb13c98d000-7fb13ca6f000 r-xp 00000000 08:02 16129397                   /usr/lib/x86_64-linux-gnu/libstdc++.so.6.0.16
7fb13ca6f000-7fb13cc6e000 ---p 000e2000 08:02 16129397                   /usr/lib/x86_64-linux-gnu/libstdc++.so.6.0.16
7fb13cc6e000-7fb13cc76000 r--p 000e1000 08:02 16129397                   /usr/lib/x86_64-linux-gnu/libstdc++.so.6.0.16
7fb13cc76000-7fb13cc78000 rw-p 000e9000 08:02 16129397                   /usr/lib/x86_64-linux-gnu/libstdc++.so.6.0.16
7fb13cc78000-7fb13cc8d000 rw-p 00000000 00:00 0 
7fb13cc8d000-7fb13d591000 r-xp 00000000 08:02 18877146                   /usr/lib/jvm/java-6-openjdk-amd64/jre/lib/amd64/server/libjvm.so
7fb13d591000-7fb13d791000 ---p 00904000 08:02 18877146                   /usr/lib/jvm/java-6-openjdk-amd64/jre/lib/amd64/server/libjvm.so
7fb13d791000-7fb13d811000 r--p 00904000 08:02 18877146                   /usr/lib/jvm/java-6-openjdk-amd64/jre/lib/amd64/server/libjvm.so
7fb13d811000-7fb13d82c000 rw-p 00984000 08:02 18877146                   /usr/lib/jvm/java-6-openjdk-amd64/jre/lib/amd64/server/libjvm.so
7fb13d82c000-7fb13d855000 rw-p 00000000 00:00 0 
7fb13d855000-7fb13d86b000 r-xp 00000000 08:02 16256609                   /lib/x86_64-linux-gnu/libz.so.1.2.3.4
7fb13d86b000-7fb13da6a000 ---p 00016000 08:02 16256609                   /lib/x86_64-linux-gnu/libz.so.1.2.3.4
7fb13da6a000-7fb13da6b000 r--p 00015000 08:02 16256609                   /lib/x86_64-linux-gnu/libz.so.1.2.3.4
7fb13da6b000-7fb13da6c000 rw-p 00016000 08:02 16256609                   /lib/x86_64-linux-gnu/libz.so.1.2.3.4
7fb13da6c000-7fb13dc1f000 r-xp 00000000 08:02 16256498                   /lib/x86_64-linux-gnu/libc-2.15.so
7fb13dc1f000-7fb13de1e000 ---p 001b3000 08:02 16256498                   /lib/x86_64-linux-gnu/libc-2.15.so
7fb13de1e000-7fb13de22000 r--p 001b2000 08:02 16256498                   /lib/x86_64-linux-gnu/libc-2.15.so
7fb13de22000-7fb13de24000 rw-p 001b6000 08:02 16256498                   /lib/x86_64-linux-gnu/libc-2.15.so
7fb13de24000-7fb13de29000 rw-p 00000000 00:00 0 
7fb13de29000-7fb13de2b000 r-xp 00000000 08:02 16256511                   /lib/x86_64-linux-gnu/libdl-2.15.so
7fb13de2b000-7fb13e02b000 ---p 00002000 08:02 16256511                   /lib/x86_64-linux-gnu/libdl-2.15.so
7fb13e02b000-7fb13e02c000 r--p 00002000 08:02 16256511                   /lib/x86_64-linux-gnu/libdl-2.15.so
7fb13e02c000-7fb13e02d000 rw-p 00003000 08:02 16256511                   /lib/x86_64-linux-gnu/libdl-2.15.so
7fb13e02d000-7fb13e031000 r-xp 00000000 08:02 18747978                   /usr/lib/jvm/java-6-openjdk-amd64/jre/lib/amd64/jli/libjli.so
7fb13e031000-7fb13e230000 ---p 00004000 08:02 18747978                   /usr/lib/jvm/java-6-openjdk-amd64/jre/lib/amd64/jli/libjli.so
7fb13e230000-7fb13e231000 r--p 00003000 08:02 18747978                   /usr/lib/jvm/java-6-openjdk-amd64/jre/lib/amd64/jli/libjli.so
7fb13e231000-7fb13e232000 rw-p 00004000 08:02 18747978                   /usr/lib/jvm/java-6-openjdk-amd64/jre/lib/amd64/jli/libjli.so
7fb13e232000-7fb13e24a000 r-xp 00000000 08:02 16256578                   /lib/x86_64-linux-gnu/libpthread-2.15.so
7fb13e24a000-7fb13e449000 ---p 00018000 08:02 16256578                   /lib/x86_64-linux-gnu/libpthread-2.15.so
7fb13e449000-7fb13e44a000 r--p 00017000 08:02 16256578                   /lib/x86_64-linux-gnu/libpthread-2.15.so
7fb13e44a000-7fb13e44b000 rw-p 00018000 08:02 16256578                   /lib/x86_64-linux-gnu/libpthread-2.15.so
7fb13e44b000-7fb13e44f000 rw-p 00000000 00:00 0 
7fb13e44f000-7fb13e471000 r-xp 00000000 08:02 16256478                   /lib/x86_64-linux-gnu/ld-2.15.so
7fb13e471000-7fb13e472000 r--s 00003000 08:02 4721392                    /home/jam/.grails/ivy-cache/com.googlecode.json-simple/json-simple/jars/json-simple-1.1.jar
7fb13e472000-7fb13e479000 r--s 000fb000 08:02 18489889                   /usr/lib/jvm/java-6-openjdk-common/jre/lib/resources.jar
7fb13e479000-7fb13e480000 r--s 00067000 08:02 15730908                   /home/jam/Applications/grails-2.1.1/lib/com.springsource.springloaded/springloaded-core/jars/springloaded-core-1.0.6.jar
7fb13e480000-7fb13e489000 r--s 000a8000 08:02 15731003                   /home/jam/Applications/grails-2.1.1/dist/grails-bootstrap-2.1.1.jar
7fb13e489000-7fb13e4ab000 rw-p 00000000 00:00 0 
7fb13e4ab000-7fb13e549000 rw-p 00000000 00:00 0 
7fb13e549000-7fb13e54c000 ---p 00000000 00:00 0 
7fb13e54c000-7fb13e64f000 rw-p 00000000 00:00 0 
7fb13e64f000-7fb13e651000 r--s 00008000 08:02 4587896                    /home/jam/Applications/grails-2.1.1/lib/org.fusesource.jansi/jansi/jars/jansi-1.2.1.jar
7fb13e651000-7fb13e653000 r--s 00015000 08:02 15862296                   /home/jam/Applications/grails-2.1.1/lib/jline/jline/jars/jline-1.0.jar
7fb13e653000-7fb13e656000 r--s 0007d000 08:02 18489867                   /usr/lib/jvm/java-6-openjdk-common/jre/lib/jsse.jar
7fb13e656000-7fb13e65a000 r--s 00038000 08:02 18489882                   /usr/lib/jvm/java-6-openjdk-common/jre/lib/ext/sunpkcs11.jar
7fb13e65a000-7fb13e65d000 r--s 00031000 08:02 18489884                   /usr/lib/jvm/java-6-openjdk-common/jre/lib/ext/sunjce_provider.jar
7fb13e65d000-7fb13e65e000 r--s 00007000 08:02 16651090                   /usr/share/java/java-atk-wrapper.jar
7fb13e65e000-7fb13e661000 r--s 00077000 08:02 18489883                   /usr/lib/jvm/java-6-openjdk-common/jre/lib/ext/localedata.jar
7fb13e661000-7fb13e663000 r--s 00001000 08:02 18489885                   /usr/lib/jvm/java-6-openjdk-common/jre/lib/ext/dnsns.jar
7fb13e663000-7fb13e665000 r--s 0000f000 08:02 18489886                   /usr/lib/jvm/java-6-openjdk-common/jre/lib/ext/pulse-java.jar
7fb13e665000-7fb13e66d000 rw-s 00000000 08:02 8650897                    /tmp/hsperfdata_jam/10561
7fb13e66d000-7fb13e66e000 rw-p 00000000 00:00 0 
7fb13e66e000-7fb13e66f000 r--p 00000000 00:00 0 
7fb13e66f000-7fb13e671000 rw-p 00000000 00:00 0 
7fb13e671000-7fb13e672000 r--p 00022000 08:02 16256478                   /lib/x86_64-linux-gnu/ld-2.15.so
7fb13e672000-7fb13e674000 rw-p 00023000 08:02 16256478                   /lib/x86_64-linux-gnu/ld-2.15.so
7fff423a0000-7fff423c1000 rw-p 00000000 00:00 0                          [stack]
7fff423ff000-7fff42400000 r-xp 00000000 00:00 0                          [vdso]
ffffffffff600000-ffffffffff601000 r-xp 00000000 00:00 0                  [vsyscall]

VM Arguments:
jvm_args: -Xmx768M -Xms768M -XX:PermSize=256m -XX:MaxPermSize=256m -Dfile.encoding=UTF-8 -Dserver.port=8080 -Djline.WindowsTerminal.directConsole=false -javaagent:/home/jam/Applications/grails-2.1.1/lib/com.springsource.springloaded/springloaded-core/jars/springloaded-core-1.0.6.jar -Xverify:none -Dspringloaded=profile=grails;cacheDir=/home/jam/.grails/2.1.1/ -Dgrails.home=/home/jam/Applications/grails-2.1.1 -Dtools.jar=/usr/lib/jvm/default-java/lib/tools.jar 
java_command: org.codehaus.groovy.grails.cli.support.GrailsStarter --main org.codehaus.groovy.grails.cli.GrailsScriptRunner --conf /home/jam/Applications/grails-2.1.1/conf/groovy-starter.conf --classpath   run-app
Launcher Type: SUN_STANDARD

Environment Variables:
JAVA_HOME=/usr/lib/jvm/default-java
PATH=/usr/lib/lightdm/lightdm:/usr/local/sbin:/usr/local/bin:/usr/sbin:/usr/bin:/sbin:/bin:/usr/games
LD_LIBRARY_PATH=/usr/lib/jvm/java-6-openjdk-amd64/jre/lib/amd64/server:/usr/lib/jvm/java-6-openjdk-amd64/jre/lib/amd64:/usr/lib/jvm/java-6-openjdk-amd64/jre/../lib/amd64
SHELL=/bin/bash
DISPLAY=:0

Signal Handlers:
SIGSEGV: [libjvm.so+0x784310], sa_mask[0]=0x7ffbfeff, sa_flags=0x10000004
SIGBUS: [libjvm.so+0x784310], sa_mask[0]=0x7ffbfeff, sa_flags=0x10000004
SIGFPE: [libjvm.so+0x648580], sa_mask[0]=0x7ffbfeff, sa_flags=0x10000004
SIGPIPE: SIG_IGN, sa_mask[0]=0x00000000, sa_flags=0x00000000
SIGXFSZ: [libjvm.so+0x648580], sa_mask[0]=0x7ffbfeff, sa_flags=0x10000004
SIGILL: [libjvm.so+0x648580], sa_mask[0]=0x7ffbfeff, sa_flags=0x10000004
SIGUSR1: SIG_DFL, sa_mask[0]=0x00000000, sa_flags=0x00000000
SIGUSR2: [libjvm.so+0x648730], sa_mask[0]=0x00000004, sa_flags=0x10000004
SIGHUP: [libjvm.so+0x64b250], sa_mask[0]=0x7ffbfeff, sa_flags=0x10000004
SIGINT: SIG_IGN, sa_mask[0]=0x00000000, sa_flags=0x00000000
SIGTERM: [libjvm.so+0x64b250], sa_mask[0]=0x7ffbfeff, sa_flags=0x10000004
SIGQUIT: [libjvm.so+0x64b250], sa_mask[0]=0x7ffbfeff, sa_flags=0x10000004


---------------  S Y S T E M  ---------------

OS:Ubuntu 12.04 (precise)
uname:Linux 3.2.0-31-generic #50-Ubuntu SMP Fri Sep 7 16:16:45 UTC 2012 x86_64
libc:glibc 2.15 NPTL 2.15 
rlimit: STACK 8192k, CORE 0k, NPROC 59519, NOFILE 4096, AS infinity
load average:2.23 2.51 6.26

/proc/meminfo:
MemTotal:        7636272 kB
MemFree:          855384 kB
Buffers:          175856 kB
Cached:          3114132 kB
SwapCached:            0 kB
Active:          4269828 kB
Inactive:        1980828 kB
Active(anon):    2961496 kB
Inactive(anon):    11948 kB
Active(file):    1308332 kB
Inactive(file):  1968880 kB
Unevictable:          44 kB
Mlocked:              44 kB
SwapTotal:       7837776 kB
SwapFree:        7837776 kB
Dirty:               712 kB
Writeback:             0 kB
AnonPages:       2960780 kB
Mapped:           300220 kB
Shmem:             12780 kB
Slab:             131992 kB
SReclaimable:      92464 kB
SUnreclaim:        39528 kB
KernelStack:        4904 kB
PageTables:        52396 kB
NFS_Unstable:          0 kB
Bounce:                0 kB
WritebackTmp:          0 kB
CommitLimit:    11655912 kB
Committed_AS:    6770440 kB
VmallocTotal:   34359738367 kB
VmallocUsed:      135720 kB
VmallocChunk:   34359600352 kB
HardwareCorrupted:     0 kB
AnonHugePages:         0 kB
HugePages_Total:       0
HugePages_Free:        0
HugePages_Rsvd:        0
HugePages_Surp:        0
Hugepagesize:       2048 kB
DirectMap4k:      206848 kB
DirectMap2M:     3444736 kB
DirectMap1G:     4194304 kB


CPU:total 4 (4 cores per cpu, 1 threads per core) family 18 model 1 stepping 0, cmov, cx8, fxsr, mmx, sse, sse2, sse3, popcnt, mmxext, 3dnowpref, lzcnt, sse4a

Memory: 4k page, physical 7636272k(855384k free), swap 7837776k(7837776k free)

vm_info: OpenJDK 64-Bit Server VM (20.0-b12) for linux-amd64 JRE (1.6.0_24-b24), built on Sep  2 2012 19:50:47 by "buildd" with gcc 4.6.3

time: Sat Sep 22 22:59:41 2012
elapsed time: 74 seconds

