#
# A fatal error has been detected by the Java Runtime Environment:
#
#  SIGSEGV (0xb) at pc=0x00007f87a35ba78b, pid=5055, tid=140220487964416
#
# JRE version: 6.0_24-b24
# Java VM: OpenJDK 64-Bit Server VM (20.0-b12 mixed mode linux-amd64 compressed oops)
# Derivative: IcedTea6 1.11.4
# Distribution: Ubuntu 12.04 LTS, package 6b24-1.11.4-1ubuntu0.12.04.1
# Problematic frame:
# V  [libjvm.so+0x69b78b]  PSPromotionManager::copy_to_survivor_space(oopDesc*)+0xeb
#
# If you would like to submit a bug report, please include
# instructions how to reproduce the bug and visit:
#   https://bugs.launchpad.net/ubuntu/+source/openjdk-6/
#

---------------  T H R E A D  ---------------

Current thread (0x00007f879c071000):  VMThread [stack: 0x00007f87a0501000,0x00007f87a0602000] [id=5072]

siginfo:si_signo=SIGSEGV: si_errno=0, si_code=1 (SEGV_MAPERR), si_addr=0x0000000000000018

Registers:
RAX=0x00007f87a3ab17f0, RBX=0x00000000f50416e8, RCX=0x0000000000000000, RDX=0x0000000000000000
RSP=0x00007f87a0600510, RBP=0x00007f87a0600580, RSI=0x0000000000000001, RDI=0x00007f879c06ef40
R8 =0x00000000f0000000, R9 =0x00007f87a3ac5f2a, R10=0x0030003000300030, R11=0x0000000000000c78
R12=0x00000000ff15bcec, R13=0x00000000c00f8f28, R14=0x00007f879c06ef40, R15=0x00007f879c06efc0
RIP=0x00007f87a35ba78b, EFLAGS=0x0000000000010246, CSGSFS=0x0000000000000033, ERR=0x0000000000000004
  TRAPNO=0x000000000000000e

Top of Stack: (sp=0x00007f87a0600510)
0x00007f87a0600510:   00000000d0aac928 00007f879c06ef48
0x00007f87a0600520:   00007f87a3ac5f2a 00000000c6437800
0x00007f87a0600530:   00007f87a0600580 00007f87a33a1b02
0x00007f87a0600540:   00000000dcd82ad0 00000000ff15b858
0x00007f87a0600550:   00000000d0589fd8 00007f879c06ef40
0x00007f87a0600560:   00000000ff15bcec 00007f87a3ab17f0
0x00007f87a0600570:   0000000000000001 00007f879c06efc0
0x00007f87a0600580:   00007f87a0600610 00007f87a35bb6f8
0x00007f87a0600590:   00000000c00243f8 00007f879c06efb0
0x00007f87a06005a0:   00007f87a3ac5f2a 0000000000000000
0x00007f87a06005b0:   000000db00000000 0000000000001000
0x00007f87a06005c0:   00000000d0aac928 00000000c0424638
0x00007f87a06005d0:   00000000d0aac928 00000000ff0b0d34
0x00007f87a06005e0:   00007f87a3ab17f0 00007f87a06009d0
0x00007f87a06005f0:   0000000000000000 00000000c00ad4d8
0x00007f87a0600600:   00000000ff0b0d40 00000000ff0b0d28
0x00007f87a0600610:   00007f87a0600630 00007f87a35bdcda
0x00007f87a0600620:   0000000000000000 00007f87a06009a0
0x00007f87a0600630:   00007f87a06006a0 00007f87a35c201b
0x00007f87a0600640:   00007f87a06006a0 00007f8771da90a8
0x00007f87a0600650:   00007f8771da1a60 00007f87a06009d0
0x00007f87a0600660:   00007f8771da10c0 00007f879c0702a0
0x00007f87a0600670:   00007f879c05c310 00007f879c06e1a0
0x00007f87a0600680:   0000000000000002 00007f879c06e300
0x00007f87a0600690:   0000000000000000 00007f87a06009a0
0x00007f87a06006a0:   00007f87a0600730 00007f87a35c2759
0x00007f87a06006b0:   00007f879c071000 00007f879c071c00
0x00007f87a06006c0:   00007f879c06e2d0 00007f87a3acdc20
0x00007f87a06006d0:   00007f87a06006f0 00007fff935ffa1b
0x00007f87a06006e0:   00007f879c06e1a0 0000000000000000
0x00007f87a06006f0:   00007f87a0600710 00007f87a3568b93
0x00007f87a0600700:   00000000505e1c70 00007f879c06e1a0 

Instructions: (pc=0x00007f87a35ba78b)
0x00007f87a35ba76b:   ff 49 89 c4 eb 72 0f 1f 80 00 00 00 00 48 8b 05
0x00007f87a35ba77b:   09 00 4e 00 8b 53 08 8b 48 08 48 d3 e2 48 03 10
0x00007f87a35ba78b:   8b 4a 18 83 f9 00 0f 8f 62 ff ff ff 0f 85 e3 00
0x00007f87a35ba79b:   00 00 48 8b 42 10 48 8d 7a 10 4c 89 4d a0 48 89 

Register to memory mapping:

RAX=0x00007f87a3ab17f0: <offset 0xb927f0> in /usr/lib/jvm/java-6-openjdk-amd64/jre/lib/amd64/server/libjvm.so at 0x00007f87a2f1f000
RBX=0x00000000f50416e8 is an unknown value
RCX=0x0000000000000000 is an unknown value
RDX=0x0000000000000000 is an unknown value
RSP=0x00007f87a0600510 is an unknown value
RBP=0x00007f87a0600580 is an unknown value
RSI=0x0000000000000001 is an unknown value
RDI=0x00007f879c06ef40 is an unknown value
R8 =0x00000000f0000000 is an oop
org.hibernate.engine.Cascade 
 - klass: 'org/hibernate/engine/Cascade'
R9 =0x00007f87a3ac5f2a: <offset 0xba6f2a> in /usr/lib/jvm/java-6-openjdk-amd64/jre/lib/amd64/server/libjvm.so at 0x00007f87a2f1f000
R10=0x0030003000300030 is an unknown value
R11=0x0000000000000c78 is an unknown value
R12=0x00000000ff15bcec is an unknown value
R13=0x00000000c00f8f28 is an oop
{instance class} 
 - klass: {other class}
R14=0x00007f879c06ef40 is an unknown value
R15=0x00007f879c06efc0 is an unknown value


Stack: [0x00007f87a0501000,0x00007f87a0602000],  sp=0x00007f87a0600510,  free space=1021k
Native frames: (J=compiled Java code, j=interpreted, Vv=VM code, C=native code)
V  [libjvm.so+0x69b78b]  PSPromotionManager::copy_to_survivor_space(oopDesc*)+0xeb
V  [libjvm.so+0x69c6f8]  PSPromotionManager::drain_stacks_depth(bool)+0x618
V  [libjvm.so+0x69ecda]  PSEvacuateFollowersClosure::do_void()+0x1a
V  [libjvm.so+0x6a301b]  ReferenceProcessor::process_phase3(DiscoveredList&, bool, BoolObjectClosure*, OopClosure*, VoidClosure*)+0x15b
V  [libjvm.so+0x6a3759]  ReferenceProcessor::process_discovered_reflist(DiscoveredList*, ReferencePolicy*, bool, BoolObjectClosure*, OopClosure*, VoidClosure*, AbstractRefProcTaskExecutor*)+0x159
V  [libjvm.so+0x6a39c4]  ReferenceProcessor::process_discovered_references(BoolObjectClosure*, OopClosure*, VoidClosure*, AbstractRefProcTaskExecutor*)+0x114
V  [libjvm.so+0x69e05f]  PSScavenge::invoke_no_policy()+0xd3f
V  [libjvm.so+0x69e6f3]  PSScavenge::invoke()+0x43
V  [libjvm.so+0x662ebe]  ParallelScavengeHeap::failed_mem_allocate(unsigned long, bool)+0x8e
V  [libjvm.so+0x785276]  VM_ParallelGCFailedAllocation::doit()+0x96
V  [libjvm.so+0x788bac]  VM_Operation::evaluate()+0x4c
V  [libjvm.so+0x787d0a]  VMThread::evaluate_operation(VM_Operation*)+0x7a
V  [libjvm.so+0x787f29]  VMThread::loop()+0x149
V  [libjvm.so+0x788252]  VMThread::run()+0x72
V  [libjvm.so+0x64bbf2]  java_start(Thread*)+0x112

VM_Operation (0x00007f8791faf010): ParallelGCFailedAllocation, mode: safepoint, requested by thread 0x00007f879caf5800


---------------  P R O C E S S  ---------------

Java Threads: ( => current thread )
  0x00007f874401d000 JavaThread "http-bio-8080-exec-10" daemon [_thread_blocked, id=5178, stack(0x00007f879109d000,0x00007f879119e000)]
  0x00007f874401c000 JavaThread "http-bio-8080-exec-9" daemon [_thread_blocked, id=5177, stack(0x00007f87918aa000,0x00007f87919ab000)]
  0x00007f87600f7000 JavaThread "http-bio-8080-exec-8" daemon [_thread_blocked, id=5176, stack(0x00007f878b5f6000,0x00007f878b6f7000)]
  0x00007f875400d800 JavaThread "http-bio-8080-exec-7" daemon [_thread_blocked, id=5175, stack(0x00007f878b6f7000,0x00007f878b7f8000)]
  0x00007f874401a000 JavaThread "http-bio-8080-exec-6" daemon [_thread_blocked, id=5168, stack(0x00007f878b7f8000,0x00007f878b8f9000)]
  0x00007f8744018000 JavaThread "http-bio-8080-exec-5" daemon [_thread_blocked, id=5167, stack(0x00007f878b8f9000,0x00007f878b9fa000)]
  0x00007f8744016800 JavaThread "http-bio-8080-exec-4" daemon [_thread_blocked, id=5166, stack(0x00007f878b9fa000,0x00007f878bafb000)]
  0x00007f8744015000 JavaThread "http-bio-8080-exec-3" daemon [_thread_blocked, id=5165, stack(0x00007f878bafb000,0x00007f878bbfc000)]
  0x00007f8744013800 JavaThread "http-bio-8080-exec-2" daemon [_thread_blocked, id=5164, stack(0x00007f878bbfc000,0x00007f878bcfd000)]
  0x00007f8744012800 JavaThread "http-bio-8080-exec-1" daemon [_thread_blocked, id=5163, stack(0x00007f878bcfd000,0x00007f878bdfe000)]
  0x00007f879caf4000 JavaThread "Thread-12" daemon [_thread_blocked, id=5127, stack(0x00007f878bdfe000,0x00007f878beff000)]
  0x00007f879c248800 JavaThread "Thread-11" [_thread_in_native, id=5126, stack(0x00007f878beff000,0x00007f878c000000)]
  0x00007f879caf0800 JavaThread "http-bio-8080-AsyncTimeout" daemon [_thread_blocked, id=5125, stack(0x00007f879008d000,0x00007f879018e000)]
  0x00007f879ca64000 JavaThread "http-bio-8080-Acceptor-0" daemon [_thread_in_native, id=5124, stack(0x00007f879018e000,0x00007f879028f000)]
  0x00007f879c1f3000 JavaThread "ContainerBackgroundProcessor[StandardEngine[Tomcat]]" daemon [_thread_blocked, id=5123, stack(0x00007f879028f000,0x00007f8790390000)]
  0x00007f8720226000 JavaThread "DefaultPluginScheduler_QuartzSchedulerThread" [_thread_blocked, id=5117, stack(0x00007f8790390000,0x00007f8790491000)]
  0x00007f87200af000 JavaThread "DefaultPluginScheduler_Worker-10" [_thread_blocked, id=5116, stack(0x00007f8790491000,0x00007f8790592000)]
  0x00007f8720180800 JavaThread "DefaultPluginScheduler_Worker-9" [_thread_blocked, id=5115, stack(0x00007f8790592000,0x00007f8790693000)]
  0x00007f872091f000 JavaThread "DefaultPluginScheduler_Worker-8" [_thread_blocked, id=5114, stack(0x00007f8790693000,0x00007f8790794000)]
  0x00007f872097f800 JavaThread "DefaultPluginScheduler_Worker-7" [_thread_blocked, id=5113, stack(0x00007f8790794000,0x00007f8790895000)]
  0x00007f872002b000 JavaThread "DefaultPluginScheduler_Worker-6" [_thread_blocked, id=5112, stack(0x00007f8790895000,0x00007f8790996000)]
  0x00007f872077b800 JavaThread "DefaultPluginScheduler_Worker-5" [_thread_blocked, id=5111, stack(0x00007f8790996000,0x00007f8790a97000)]
  0x00007f8720094000 JavaThread "DefaultPluginScheduler_Worker-4" [_thread_blocked, id=5110, stack(0x00007f8790a97000,0x00007f8790b98000)]
  0x00007f87201cd000 JavaThread "DefaultPluginScheduler_Worker-3" [_thread_blocked, id=5109, stack(0x00007f8790b98000,0x00007f8790c99000)]
  0x00007f8720185800 JavaThread "DefaultPluginScheduler_Worker-2" [_thread_blocked, id=5108, stack(0x00007f8790c99000,0x00007f8790d9a000)]
  0x00007f8720231800 JavaThread "DefaultPluginScheduler_Worker-1" [_thread_blocked, id=5107, stack(0x00007f8790d9a000,0x00007f8790e9b000)]
  0x00007f87208ec000 JavaThread "org.hibernate.cache.StandardQueryCache.data" daemon [_thread_blocked, id=5106, stack(0x00007f8790e9b000,0x00007f8790f9c000)]
  0x00007f87209a1000 JavaThread "org.hibernate.cache.UpdateTimestampsCache.data" daemon [_thread_blocked, id=5105, stack(0x00007f8790f9c000,0x00007f879109d000)]
  0x00007f87200d4000 JavaThread "net.sf.ehcache.CacheManager@4a72add8" daemon [_thread_blocked, id=5104, stack(0x00007f8791fb1000,0x00007f87920b2000)]
  0x00007f879c890000 JavaThread "pool-4-thread-5" [_thread_blocked, id=5101, stack(0x00007f87913a5000,0x00007f87914a6000)]
  0x00007f879c7cd800 JavaThread "pool-4-thread-4" [_thread_blocked, id=5100, stack(0x00007f87914a6000,0x00007f87915a7000)]
  0x00007f879c59e000 JavaThread "pool-4-thread-3" [_thread_blocked, id=5099, stack(0x00007f87915a7000,0x00007f87916a8000)]
  0x00007f879c59d800 JavaThread "pool-4-thread-2" [_thread_blocked, id=5098, stack(0x00007f87916a8000,0x00007f87917a9000)]
  0x00007f879c317800 JavaThread "pool-4-thread-1" [_thread_blocked, id=5097, stack(0x00007f87917a9000,0x00007f87918aa000)]
  0x00007f879c1f4000 JavaThread "pool-3-thread-5" [_thread_blocked, id=5095, stack(0x00007f87919ab000,0x00007f8791aac000)]
  0x00007f879cc1d800 JavaThread "pool-3-thread-4" [_thread_blocked, id=5094, stack(0x00007f8791aac000,0x00007f8791bad000)]
  0x00007f879c1e4000 JavaThread "pool-3-thread-3" [_thread_blocked, id=5093, stack(0x00007f8791bad000,0x00007f8791cae000)]
  0x00007f879cb55800 JavaThread "pool-3-thread-2" [_thread_blocked, id=5092, stack(0x00007f8791cae000,0x00007f8791daf000)]
  0x00007f879c4a3800 JavaThread "pool-3-thread-1" [_thread_blocked, id=5091, stack(0x00007f8791daf000,0x00007f8791eb0000)]
  0x00007f879caf5800 JavaThread "FileSystemWatcher: files=#403 cl=java.net.URLClassLoader@69a18ee2" daemon [_thread_blocked, id=5090, stack(0x00007f8791eb0000,0x00007f8791fb1000)]
  0x00007f879cbcf800 JavaThread "pool-2-thread-1" [_thread_blocked, id=5088, stack(0x00007f87926d9000,0x00007f87927da000)]
  0x00007f879cbcb800 JavaThread "Synchronizer (Spring UAA/1.0.1)" daemon [_thread_blocked, id=5087, stack(0x00007f87927da000,0x00007f87928db000)]
  0x00007f879c715000 JavaThread "Timer-0" daemon [_thread_blocked, id=5086, stack(0x00007f8798248000,0x00007f8798349000)]
  0x00007f879c0e3800 JavaThread "Low Memory Detector" daemon [_thread_blocked, id=5078, stack(0x00007f8798623000,0x00007f8798724000)]
  0x00007f879c0e9000 JavaThread "C2 CompilerThread1" daemon [_thread_blocked, id=5077, stack(0x00007f8798724000,0x00007f8798825000)]
  0x00007f879c0ea800 JavaThread "C2 CompilerThread0" daemon [_thread_blocked, id=5076, stack(0x00007f87a009f000,0x00007f87a01a0000)]
  0x00007f879c08c000 JavaThread "Signal Dispatcher" daemon [_thread_blocked, id=5075, stack(0x00007f87a01fe000,0x00007f87a02ff000)]
  0x00007f879c079800 JavaThread "Finalizer" daemon [_thread_blocked, id=5074, stack(0x00007f87a02ff000,0x00007f87a0400000)]
  0x00007f879c077800 JavaThread "Reference Handler" daemon [_thread_blocked, id=5073, stack(0x00007f87a0400000,0x00007f87a0501000)]
  0x00007f879c009800 JavaThread "main" [_thread_blocked, id=5067, stack(0x00007f87a47db000,0x00007f87a48dc000)]

Other Threads:
=>0x00007f879c071000 VMThread [stack: 0x00007f87a0501000,0x00007f87a0602000] [id=5072]
  0x00007f879c0ed800 WatcherThread [stack: 0x00007f8798522000,0x00007f8798623000] [id=5079]

VM state:at safepoint (normal execution)

VM Mutex/Monitor currently owned by a thread:  ([mutex/lock_event])
[0x00007f879c006080] Threads_lock - owner thread: 0x00007f879c071000
[0x00007f879c006580] Heap_lock - owner thread: 0x00007f879caf5800

Heap
 PSYoungGen      total 254400K, used 248880K [0x00000000f0000000, 0x0000000100000000, 0x0000000100000000)
  eden space 246336K, 100% used [0x00000000f0000000,0x00000000ff090000,0x00000000ff090000)
  from space 8064K, 31% used [0x00000000ff820000,0x00000000ffa9c010,0x0000000100000000)
  to   space 7744K, 10% used [0x00000000ff090000,0x00000000ff160000,0x00000000ff820000)
 PSOldGen        total 524288K, used 210450K [0x00000000d0000000, 0x00000000f0000000, 0x00000000f0000000)
  object space 524288K, 40% used [0x00000000d0000000,0x00000000dcd84ad0,0x00000000f0000000)
 PSPermGen       total 262144K, used 117589K [0x00000000c0000000, 0x00000000d0000000, 0x00000000d0000000)
  object space 262144K, 44% used [0x00000000c0000000,0x00000000c72d5440,0x00000000d0000000)

Code Cache  [0x00007f8799000000, 0x00007f8799a00000, 0x00007f879c000000)
 total_blobs=3108 nmethods=2406 adapters=654 free_code_cache=39971136 largest_free_block=9408

Dynamic libraries:
00400000-00409000 r-xp 00000000 08:02 397963                             /usr/lib/jvm/java-6-openjdk-amd64/jre/bin/java
00608000-00609000 r--p 00008000 08:02 397963                             /usr/lib/jvm/java-6-openjdk-amd64/jre/bin/java
00609000-0060a000 rw-p 00009000 08:02 397963                             /usr/lib/jvm/java-6-openjdk-amd64/jre/bin/java
00801000-00822000 rw-p 00000000 00:00 0                                  [heap]
c0000000-100000000 rw-p 00000000 00:00 0 
7f8714000000-7f871404a000 rw-p 00000000 00:00 0 
7f871404a000-7f8718000000 ---p 00000000 00:00 0 
7f8718000000-7f8718e9e000 rw-p 00000000 00:00 0 
7f8718e9e000-7f871c000000 ---p 00000000 00:00 0 
7f871c000000-7f871c021000 rw-p 00000000 00:00 0 
7f871c021000-7f8720000000 ---p 00000000 00:00 0 
7f8720000000-7f8720f7b000 rw-p 00000000 00:00 0 
7f8720f7b000-7f8724000000 ---p 00000000 00:00 0 
7f8724000000-7f8724021000 rw-p 00000000 00:00 0 
7f8724021000-7f8728000000 ---p 00000000 00:00 0 
7f8728000000-7f8728021000 rw-p 00000000 00:00 0 
7f8728021000-7f872c000000 ---p 00000000 00:00 0 
7f872c000000-7f872c021000 rw-p 00000000 00:00 0 
7f872c021000-7f8730000000 ---p 00000000 00:00 0 
7f8730000000-7f8730021000 rw-p 00000000 00:00 0 
7f8730021000-7f8734000000 ---p 00000000 00:00 0 
7f8734000000-7f8734021000 rw-p 00000000 00:00 0 
7f8734021000-7f8738000000 ---p 00000000 00:00 0 
7f8738000000-7f8738021000 rw-p 00000000 00:00 0 
7f8738021000-7f873c000000 ---p 00000000 00:00 0 
7f873c000000-7f873c021000 rw-p 00000000 00:00 0 
7f873c021000-7f8740000000 ---p 00000000 00:00 0 
7f8740000000-7f8740021000 rw-p 00000000 00:00 0 
7f8740021000-7f8744000000 ---p 00000000 00:00 0 
7f8744000000-7f8744021000 rw-p 00000000 00:00 0 
7f8744021000-7f8748000000 ---p 00000000 00:00 0 
7f8748000000-7f8748021000 rw-p 00000000 00:00 0 
7f8748021000-7f874c000000 ---p 00000000 00:00 0 
7f874c000000-7f874c021000 rw-p 00000000 00:00 0 
7f874c021000-7f8750000000 ---p 00000000 00:00 0 
7f8750000000-7f8750021000 rw-p 00000000 00:00 0 
7f8750021000-7f8754000000 ---p 00000000 00:00 0 
7f8754000000-7f8754021000 rw-p 00000000 00:00 0 
7f8754021000-7f8758000000 ---p 00000000 00:00 0 
7f8758000000-7f8758218000 rw-p 00000000 00:00 0 
7f8758218000-7f875c000000 ---p 00000000 00:00 0 
7f875c000000-7f875c021000 rw-p 00000000 00:00 0 
7f875c021000-7f8760000000 ---p 00000000 00:00 0 
7f8760000000-7f8760100000 rw-p 00000000 00:00 0 
7f8760100000-7f8764000000 ---p 00000000 00:00 0 
7f8764000000-7f8767fd5000 rw-p 00000000 00:00 0 
7f8767fd5000-7f8768000000 ---p 00000000 00:00 0 
7f8768000000-7f8768021000 rw-p 00000000 00:00 0 
7f8768021000-7f876c000000 ---p 00000000 00:00 0 
7f876c000000-7f876c021000 rw-p 00000000 00:00 0 
7f876c021000-7f8770000000 ---p 00000000 00:00 0 
7f8770000000-7f8773eb4000 rw-p 00000000 00:00 0 
7f8773eb4000-7f8774000000 ---p 00000000 00:00 0 
7f8774000000-7f8774021000 rw-p 00000000 00:00 0 
7f8774021000-7f8778000000 ---p 00000000 00:00 0 
7f8778000000-7f8778548000 rw-p 00000000 00:00 0 
7f8778548000-7f877c000000 ---p 00000000 00:00 0 
7f877c000000-7f877c041000 rw-p 00000000 00:00 0 
7f877c041000-7f8780000000 ---p 00000000 00:00 0 
7f8780000000-7f87801f9000 rw-p 00000000 00:00 0 
7f87801f9000-7f8784000000 ---p 00000000 00:00 0 
7f8784000000-7f878405c000 rw-p 00000000 00:00 0 
7f878405c000-7f8788000000 ---p 00000000 00:00 0 
7f878b5f6000-7f878b5f9000 ---p 00000000 00:00 0 
7f878b5f9000-7f878b6f7000 rw-p 00000000 00:00 0 
7f878b6f7000-7f878b6fa000 ---p 00000000 00:00 0 
7f878b6fa000-7f878b7f8000 rw-p 00000000 00:00 0 
7f878b7f8000-7f878b7fb000 ---p 00000000 00:00 0 
7f878b7fb000-7f878b8f9000 rw-p 00000000 00:00 0 
7f878b8f9000-7f878b8fc000 ---p 00000000 00:00 0 
7f878b8fc000-7f878b9fa000 rw-p 00000000 00:00 0 
7f878b9fa000-7f878b9fd000 ---p 00000000 00:00 0 
7f878b9fd000-7f878bafb000 rw-p 00000000 00:00 0 
7f878bafb000-7f878bafe000 ---p 00000000 00:00 0 
7f878bafe000-7f878bbfc000 rw-p 00000000 00:00 0 
7f878bbfc000-7f878bbff000 ---p 00000000 00:00 0 
7f878bbff000-7f878bcfd000 rw-p 00000000 00:00 0 
7f878bcfd000-7f878bd00000 ---p 00000000 00:00 0 
7f878bd00000-7f878bdfe000 rw-p 00000000 00:00 0 
7f878bdfe000-7f878be01000 ---p 00000000 00:00 0 
7f878be01000-7f878beff000 rw-p 00000000 00:00 0 
7f878beff000-7f878bf02000 ---p 00000000 00:00 0 
7f878bf02000-7f878c000000 rw-p 00000000 00:00 0 
7f878c000000-7f878c02d000 rw-p 00000000 00:00 0 
7f878c02d000-7f8790000000 ---p 00000000 00:00 0 
7f879008d000-7f8790090000 ---p 00000000 00:00 0 
7f8790090000-7f879018e000 rw-p 00000000 00:00 0 
7f879018e000-7f8790191000 ---p 00000000 00:00 0 
7f8790191000-7f879028f000 rw-p 00000000 00:00 0 
7f879028f000-7f8790292000 ---p 00000000 00:00 0 
7f8790292000-7f8790390000 rw-p 00000000 00:00 0 
7f8790390000-7f8790393000 ---p 00000000 00:00 0 
7f8790393000-7f8790491000 rw-p 00000000 00:00 0 
7f8790491000-7f8790494000 ---p 00000000 00:00 0 
7f8790494000-7f8790592000 rw-p 00000000 00:00 0 
7f8790592000-7f8790595000 ---p 00000000 00:00 0 
7f8790595000-7f8790693000 rw-p 00000000 00:00 0 
7f8790693000-7f8790696000 ---p 00000000 00:00 0 
7f8790696000-7f8790794000 rw-p 00000000 00:00 0 
7f8790794000-7f8790797000 ---p 00000000 00:00 0 
7f8790797000-7f8790895000 rw-p 00000000 00:00 0 
7f8790895000-7f8790898000 ---p 00000000 00:00 0 
7f8790898000-7f8790996000 rw-p 00000000 00:00 0 
7f8790996000-7f8790999000 ---p 00000000 00:00 0 
7f8790999000-7f8790a97000 rw-p 00000000 00:00 0 
7f8790a97000-7f8790a9a000 ---p 00000000 00:00 0 
7f8790a9a000-7f8790b98000 rw-p 00000000 00:00 0 
7f8790b98000-7f8790b9b000 ---p 00000000 00:00 0 
7f8790b9b000-7f8790c99000 rw-p 00000000 00:00 0 
7f8790c99000-7f8790c9c000 ---p 00000000 00:00 0 
7f8790c9c000-7f8790d9a000 rw-p 00000000 00:00 0 
7f8790d9a000-7f8790d9d000 ---p 00000000 00:00 0 
7f8790d9d000-7f8790e9b000 rw-p 00000000 00:00 0 
7f8790e9b000-7f8790e9e000 ---p 00000000 00:00 0 
7f8790e9e000-7f8790f9c000 rw-p 00000000 00:00 0 
7f8790f9c000-7f8790f9f000 ---p 00000000 00:00 0 
7f8790f9f000-7f879109d000 rw-p 00000000 00:00 0 
7f879109d000-7f87910a0000 ---p 00000000 00:00 0 
7f87910a0000-7f879119e000 rw-p 00000000 00:00 0 
7f879119e000-7f87911a4000 r-xp 00000000 08:02 18747991                   /usr/lib/jvm/java-6-openjdk-amd64/jre/lib/amd64/libmanagement.so
7f87911a4000-7f87913a3000 ---p 00006000 08:02 18747991                   /usr/lib/jvm/java-6-openjdk-amd64/jre/lib/amd64/libmanagement.so
7f87913a3000-7f87913a4000 r--p 00005000 08:02 18747991                   /usr/lib/jvm/java-6-openjdk-amd64/jre/lib/amd64/libmanagement.so
7f87913a4000-7f87913a5000 rw-p 00006000 08:02 18747991                   /usr/lib/jvm/java-6-openjdk-amd64/jre/lib/amd64/libmanagement.so
7f87913a5000-7f87913a8000 ---p 00000000 00:00 0 
7f87913a8000-7f87914a6000 rw-p 00000000 00:00 0 
7f87914a6000-7f87914a9000 ---p 00000000 00:00 0 
7f87914a9000-7f87915a7000 rw-p 00000000 00:00 0 
7f87915a7000-7f87915aa000 ---p 00000000 00:00 0 
7f87915aa000-7f87916a8000 rw-p 00000000 00:00 0 
7f87916a8000-7f87916ab000 ---p 00000000 00:00 0 
7f87916ab000-7f87917a9000 rw-p 00000000 00:00 0 
7f87917a9000-7f87917ac000 ---p 00000000 00:00 0 
7f87917ac000-7f87918aa000 rw-p 00000000 00:00 0 
7f87918aa000-7f87918ad000 ---p 00000000 00:00 0 
7f87918ad000-7f87919ab000 rw-p 00000000 00:00 0 
7f87919ab000-7f87919ae000 ---p 00000000 00:00 0 
7f87919ae000-7f8791aac000 rw-p 00000000 00:00 0 
7f8791aac000-7f8791aaf000 ---p 00000000 00:00 0 
7f8791aaf000-7f8791bad000 rw-p 00000000 00:00 0 
7f8791bad000-7f8791bb0000 ---p 00000000 00:00 0 
7f8791bb0000-7f8791cae000 rw-p 00000000 00:00 0 
7f8791cae000-7f8791cb1000 ---p 00000000 00:00 0 
7f8791cb1000-7f8791daf000 rw-p 00000000 00:00 0 
7f8791daf000-7f8791db2000 ---p 00000000 00:00 0 
7f8791db2000-7f8791eb0000 rw-p 00000000 00:00 0 
7f8791eb0000-7f8791eb3000 ---p 00000000 00:00 0 
7f8791eb3000-7f8791fb1000 rw-p 00000000 00:00 0 
7f8791fb1000-7f8791fb4000 ---p 00000000 00:00 0 
7f8791fb4000-7f87920b2000 rw-p 00000000 00:00 0 
7f87920b2000-7f87920ca000 r-xp 00000000 08:02 16256582                   /lib/x86_64-linux-gnu/libresolv-2.15.so
7f87920ca000-7f87922ca000 ---p 00018000 08:02 16256582                   /lib/x86_64-linux-gnu/libresolv-2.15.so
7f87922ca000-7f87922cb000 r--p 00018000 08:02 16256582                   /lib/x86_64-linux-gnu/libresolv-2.15.so
7f87922cb000-7f87922cc000 rw-p 00019000 08:02 16256582                   /lib/x86_64-linux-gnu/libresolv-2.15.so
7f87922cc000-7f87922ce000 rw-p 00000000 00:00 0 
7f87922ce000-7f87922d5000 r-xp 00000000 08:02 16256547                   /lib/x86_64-linux-gnu/libnss_dns-2.15.so
7f87922d5000-7f87924d4000 ---p 00007000 08:02 16256547                   /lib/x86_64-linux-gnu/libnss_dns-2.15.so
7f87924d4000-7f87924d5000 r--p 00006000 08:02 16256547                   /lib/x86_64-linux-gnu/libnss_dns-2.15.so
7f87924d5000-7f87924d6000 rw-p 00007000 08:02 16256547                   /lib/x86_64-linux-gnu/libnss_dns-2.15.so
7f87924d6000-7f87924d8000 r-xp 00000000 08:02 16252982                   /lib/libnss_mdns4_minimal.so.2
7f87924d8000-7f87926d7000 ---p 00002000 08:02 16252982                   /lib/libnss_mdns4_minimal.so.2
7f87926d7000-7f87926d8000 r--p 00001000 08:02 16252982                   /lib/libnss_mdns4_minimal.so.2
7f87926d8000-7f87926d9000 rw-p 00002000 08:02 16252982                   /lib/libnss_mdns4_minimal.so.2
7f87926d9000-7f87926dc000 ---p 00000000 00:00 0 
7f87926dc000-7f87927da000 rw-p 00000000 00:00 0 
7f87927da000-7f87927dd000 ---p 00000000 00:00 0 
7f87927dd000-7f87928db000 rw-p 00000000 00:00 0 
7f87928db000-7f8792938000 r-xp 00000000 08:02 16651114                   /usr/lib/x86_64-linux-gnu/nss/libfreebl3.so
7f8792938000-7f8792b37000 ---p 0005d000 08:02 16651114                   /usr/lib/x86_64-linux-gnu/nss/libfreebl3.so
7f8792b37000-7f8792b39000 r--p 0005c000 08:02 16651114                   /usr/lib/x86_64-linux-gnu/nss/libfreebl3.so
7f8792b39000-7f8792b3a000 rw-p 0005e000 08:02 16651114                   /usr/lib/x86_64-linux-gnu/nss/libfreebl3.so
7f8792b3a000-7f8792b3e000 rw-p 00000000 00:00 0 
7f8792b3e000-7f8792bdc000 r-xp 00000000 08:02 16131587                   /usr/lib/x86_64-linux-gnu/libsqlite3.so.0.8.6
7f8792bdc000-7f8792ddc000 ---p 0009e000 08:02 16131587                   /usr/lib/x86_64-linux-gnu/libsqlite3.so.0.8.6
7f8792ddc000-7f8792dde000 r--p 0009e000 08:02 16131587                   /usr/lib/x86_64-linux-gnu/libsqlite3.so.0.8.6
7f8792dde000-7f8792de0000 rw-p 000a0000 08:02 16131587                   /usr/lib/x86_64-linux-gnu/libsqlite3.so.0.8.6
7f8792de0000-7f8792de1000 rw-p 00000000 00:00 0 
7f8792de1000-7f8792e1a000 r-xp 00000000 08:02 16651117                   /usr/lib/x86_64-linux-gnu/nss/libsoftokn3.so
7f8792e1a000-7f8793019000 ---p 00039000 08:02 16651117                   /usr/lib/x86_64-linux-gnu/nss/libsoftokn3.so
7f8793019000-7f879301b000 r--p 00038000 08:02 16651117                   /usr/lib/x86_64-linux-gnu/nss/libsoftokn3.so
7f879301b000-7f879301c000 rw-p 0003a000 08:02 16651117                   /usr/lib/x86_64-linux-gnu/nss/libsoftokn3.so
7f879301c000-7f8793056000 r-xp 00000000 08:02 16127779                   /usr/lib/x86_64-linux-gnu/libnspr4.so
7f8793056000-7f8793255000 ---p 0003a000 08:02 16127779                   /usr/lib/x86_64-linux-gnu/libnspr4.so
7f8793255000-7f8793256000 r--p 00039000 08:02 16127779                   /usr/lib/x86_64-linux-gnu/libnspr4.so
7f8793256000-7f8793258000 rw-p 0003a000 08:02 16127779                   /usr/lib/x86_64-linux-gnu/libnspr4.so
7f8793258000-7f879325a000 rw-p 00000000 00:00 0 
7f879325a000-7f879325d000 r-xp 00000000 08:02 16127775                   /usr/lib/x86_64-linux-gnu/libplds4.so
7f879325d000-7f879345c000 ---p 00003000 08:02 16127775                   /usr/lib/x86_64-linux-gnu/libplds4.so
7f879345c000-7f879345d000 r--p 00002000 08:02 16127775                   /usr/lib/x86_64-linux-gnu/libplds4.so
7f879345d000-7f879345e000 rw-p 00003000 08:02 16127775                   /usr/lib/x86_64-linux-gnu/libplds4.so
7f879345e000-7f8793462000 r-xp 00000000 08:02 16127777                   /usr/lib/x86_64-linux-gnu/libplc4.so
7f8793462000-7f8793661000 ---p 00004000 08:02 16127777                   /usr/lib/x86_64-linux-gnu/libplc4.so
7f8793661000-7f8793662000 r--p 00003000 08:02 16127777                   /usr/lib/x86_64-linux-gnu/libplc4.so
7f8793662000-7f8793663000 rw-p 00004000 08:02 16127777                   /usr/lib/x86_64-linux-gnu/libplc4.so
7f8793663000-7f879367f000 r-xp 00000000 08:02 16123808                   /usr/lib/x86_64-linux-gnu/libnssutil3.so
7f879367f000-7f879387f000 ---p 0001c000 08:02 16123808                   /usr/lib/x86_64-linux-gnu/libnssutil3.so
7f879387f000-7f8793885000 r--p 0001c000 08:02 16123808                   /usr/lib/x86_64-linux-gnu/libnssutil3.so
7f8793885000-7f8793886000 rw-p 00022000 08:02 16123808                   /usr/lib/x86_64-linux-gnu/libnssutil3.so
7f8793886000-7f8793984000 r-xp 00000000 08:02 16122488                   /usr/lib/x86_64-linux-gnu/libnss3.so
7f8793984000-7f8793b83000 ---p 000fe000 08:02 16122488                   /usr/lib/x86_64-linux-gnu/libnss3.so
7f8793b83000-7f8793b88000 r--p 000fd000 08:02 16122488                   /usr/lib/x86_64-linux-gnu/libnss3.so
7f8793b88000-7f8793b8a000 rw-p 00102000 08:02 16122488                   /usr/lib/x86_64-linux-gnu/libnss3.so
7f8793b8a000-7f8793b8c000 rw-p 00000000 00:00 0 
7f8793b9e000-7f8793bac000 r--s 00351000 08:02 18489869                   /usr/lib/jvm/java-6-openjdk-common/jre/lib/charsets.jar
7f8793bac000-7f8793bba000 r-xp 00000000 08:02 18747997                   /usr/lib/jvm/java-6-openjdk-amd64/jre/lib/amd64/libj2pkcs11.so
7f8793bba000-7f8793dba000 ---p 0000e000 08:02 18747997                   /usr/lib/jvm/java-6-openjdk-amd64/jre/lib/amd64/libj2pkcs11.so
7f8793dba000-7f8793dbb000 r--p 0000e000 08:02 18747997                   /usr/lib/jvm/java-6-openjdk-amd64/jre/lib/amd64/libj2pkcs11.so
7f8793dbb000-7f8793dbc000 rw-p 0000f000 08:02 18747997                   /usr/lib/jvm/java-6-openjdk-amd64/jre/lib/amd64/libj2pkcs11.so
7f8793dbc000-7f8793dbe000 r--s 00013000 08:02 18489868                   /usr/lib/jvm/java-6-openjdk-common/jre/lib/jce.jar
7f8793dc2000-7f8793dd0000 r--s 00351000 08:02 18489869                   /usr/lib/jvm/java-6-openjdk-common/jre/lib/charsets.jar
7f8793dd0000-7f8793dd4000 r--s 0002f000 08:02 4722137                    /home/jam/.grails/ivy-cache/org.grails/grails-test/jars/grails-test-2.1.1.jar
7f8793dd4000-7f8793dda000 r--s 0006c000 08:02 4722135                    /home/jam/.grails/ivy-cache/org.grails/grails-plugin-testing/jars/grails-plugin-testing-2.1.1.jar
7f8793dda000-7f8793ddb000 r--s 00002000 08:02 5636284                    /home/jam/.grails/ivy-cache/org.hibernate/hibernate-ehcache/jars/hibernate-ehcache-3.6.10.Final.jar
7f8793ddb000-7f8793de0000 r--s 00048000 08:02 5636282                    /home/jam/.grails/ivy-cache/dom4j/dom4j/jars/dom4j-1.6.1.jar
7f8793de0000-7f8793de5000 r--s 00068000 08:02 5636280                    /home/jam/.grails/ivy-cache/antlr/antlr/jars/antlr-2.7.7.jar
7f8793de5000-7f8793dee000 r--s 00098000 08:02 5636278                    /home/jam/.grails/ivy-cache/org.javassist/javassist/jars/javassist-3.16.1-GA.jar
7f8793dee000-7f8793df1000 r--s 00009000 08:02 5636286                    /home/jam/.grails/ivy-cache/javax.validation/validation-api/jars/validation-api-1.0.0.GA.jar
7f8793df1000-7f8793df8000 r--s 00040000 08:02 5636276                    /home/jam/.grails/ivy-cache/org.hibernate/hibernate-validator/jars/hibernate-validator-4.1.0.Final.jar
7f8793df8000-7f8793dfb000 r--s 0000f000 08:02 5636274                    /home/jam/.grails/ivy-cache/org.hibernate/hibernate-commons-annotations/jars/hibernate-commons-annotations-3.2.0.Final.jar
7f8793dfb000-7f8793e2d000 r--s 002c9000 08:02 5636272                    /home/jam/.grails/ivy-cache/org.hibernate/hibernate-core/jars/hibernate-core-3.6.10.Final.jar
7f8793e2d000-7f8793e3e000 r--s 000d2000 08:02 5636617                    /home/jam/.grails/ivy-cache/org.liquibase/liquibase-core/jars/liquibase-core-2.0.5.jar
7f8793e3e000-7f8793e47000 r--s 00080000 08:02 5767285                    /home/jam/.grails/ivy-cache/org.quartz-scheduler/quartz/jars/quartz-2.1.5.jar
7f8793e47000-7f8793e48000 r--s 00004000 08:02 5637614                    /home/jam/.grails/ivy-cache/net.sf.opencsv/opencsv/jars/opencsv-2.3.jar
7f8793e48000-7f8793e4e000 r--s 0007e000 08:02 5637426                    /home/jam/.grails/ivy-cache/postgresql/postgresql/jars/postgresql-9.0-801.jdbc4.jar
7f8793e4e000-7f8793e55000 r--s 000bd000 08:02 4722926                    /home/jam/.grails/ivy-cache/mysql/mysql-connector-java/jars/mysql-connector-java-5.1.20.jar
7f8793e55000-7f8793e57000 r--s 00000000 08:02 4722133                    /home/jam/.grails/ivy-cache/org.slf4j/jul-to-slf4j/jars/jul-to-slf4j-1.6.2.jar
7f8793e57000-7f8793e59000 r--s 00003000 08:02 4722131                    /home/jam/.grails/ivy-cache/org.slf4j/jcl-over-slf4j/jars/jcl-over-slf4j-1.6.2.jar
7f8793e59000-7f8793e62000 r--s 0006d000 08:02 4722129                    /home/jam/.grails/ivy-cache/log4j/log4j/bundles/log4j-1.2.16.jar
7f8793e62000-7f8793e77000 r--s 000e3000 08:02 4722127                    /home/jam/.grails/ivy-cache/net.sf.ehcache/ehcache-core/jars/ehcache-core-2.4.6.jar
7f8793e77000-7f8793e79000 r--s 00005000 08:02 4722125                    /home/jam/.grails/ivy-cache/xpp3/xpp3_min/jars/xpp3_min-1.1.4c.jar
7f8793e79000-7f8793e7b000 r--s 00004000 08:02 4722123                    /home/jam/.grails/ivy-cache/javax.servlet/jstl/jars/jstl-1.1.2.jar
7f8793e7b000-7f8793e85000 r--s 0012c000 08:02 4722121                    /home/jam/.grails/ivy-cache/com.h2database/h2/jars/h2-1.3.164.jar
7f8793e85000-7f8793e88000 r--s 00016000 08:02 4722119                    /home/jam/.grails/ivy-cache/commons-pool/commons-pool/jars/commons-pool-1.5.6.jar
7f8793e88000-7f8793e8b000 r--s 00025000 08:02 4722117                    /home/jam/.grails/ivy-cache/commons-dbcp/commons-dbcp/jars/commons-dbcp-1.4.jar
7f8793e8b000-7f8793e8d000 r--s 0000e000 08:02 4722115                    /home/jam/.grails/ivy-cache/oro/oro/jars/oro-2.0.8.jar
7f8793e8d000-7f8793e8f000 r--s 0000d000 08:02 4722113                    /home/jam/.grails/ivy-cache/commons-fileupload/commons-fileupload/jars/commons-fileupload-1.2.2.jar
7f8793e8f000-7f8793e90000 r--s 0000a000 08:02 4722111                    /home/jam/.grails/ivy-cache/asm/asm/jars/asm-3.1.jar
7f8793e90000-7f8793e97000 r--s 0003e000 08:02 4722109                    /home/jam/.grails/ivy-cache/cglib/cglib/jars/cglib-2.2.jar
7f8793e97000-7f8793e9b000 r--s 00019000 08:02 4722107                    /home/jam/.grails/ivy-cache/org.aspectj/aspectjrt/jars/aspectjrt-1.6.10.jar
7f8793e9b000-7f8793eb1000 r--s 00184000 08:02 4722105                    /home/jam/.grails/ivy-cache/org.aspectj/aspectjweaver/jars/aspectjweaver-1.6.10.jar
7f8793eb1000-7f8793eb8000 r--s 00056000 08:02 4722103                    /home/jam/.grails/ivy-cache/org.grails/grails-datastore-simple/jars/grails-datastore-simple-1.1.0.RELEASE.jar
7f8793eb8000-7f8793ec1000 r--s 00044000 08:02 4722101                    /home/jam/.grails/ivy-cache/org.grails/grails-datastore-core/jars/grails-datastore-core-1.1.0.RELEASE.jar
7f8793ec1000-7f8793ec6000 r--s 0004c000 08:02 4722099                    /home/jam/.grails/ivy-cache/org.grails/grails-datastore-gorm/jars/grails-datastore-gorm-1.1.0.RELEASE.jar
7f8793ec6000-7f8793ed1000 r--s 00082000 08:02 4722097                    /home/jam/.grails/ivy-cache/org.springframework/spring-webmvc/jars/spring-webmvc-3.1.2.RELEASE.jar
7f8793ed1000-7f8793edd000 r--s 0007a000 08:02 4722095                    /home/jam/.grails/ivy-cache/org.springframework/spring-web/jars/spring-web-3.1.2.RELEASE.jar
7f8793edd000-7f8793ee4000 r--s 00035000 08:02 4722093                    /home/jam/.grails/ivy-cache/org.springframework/spring-tx/jars/spring-tx-3.1.2.RELEASE.jar
7f8793ee4000-7f8793eed000 r--s 00054000 08:02 4722091                    /home/jam/.grails/ivy-cache/org.springframework/spring-orm/jars/spring-orm-3.1.2.RELEASE.jar
7f8793eed000-7f8793ef2000 r--s 0002c000 08:02 4722089                    /home/jam/.grails/ivy-cache/org.springframework/spring-jms/jars/spring-jms-3.1.2.RELEASE.jar
7f8793ef2000-7f8793efc000 r--s 00059000 08:02 4722087                    /home/jam/.grails/ivy-cache/org.springframework/spring-jdbc/jars/spring-jdbc-3.1.2.RELEASE.jar
7f8793efc000-7f8793f00000 r--s 00027000 08:02 4722085                    /home/jam/.grails/ivy-cache/org.springframework/spring-expression/jars/spring-expression-3.1.2.RELEASE.jar
7f8793f00000-7f8793f03000 r--s 00018000 08:02 4722083                    /home/jam/.grails/ivy-cache/org.springframework/spring-context-support/jars/spring-context-support-3.1.2.RELEASE.jar
7f8793f03000-7f8793f18000 r--s 000b7000 08:02 4722081                    /home/jam/.grails/ivy-cache/org.springframework/spring-context/jars/spring-context-3.1.2.RELEASE.jar
7f8793f18000-7f8793f24000 r--s 00085000 08:02 4722079                    /home/jam/.grails/ivy-cache/org.springframework/spring-beans/jars/spring-beans-3.1.2.RELEASE.jar
7f8793f24000-7f8793f25000 r--s 0000c000 08:02 4722077                    /home/jam/.grails/ivy-cache/org.springframework/spring-asm/jars/spring-asm-3.1.2.RELEASE.jar
7f8793f25000-7f8793f27000 r--s 0000b000 08:02 4722075                    /home/jam/.grails/ivy-cache/org.springframework/spring-aspects/jars/spring-aspects-3.1.2.RELEASE.jar
7f8793f27000-7f8793f30000 r--s 00049000 08:02 4722073                    /home/jam/.grails/ivy-cache/org.springframework/spring-aop/jars/spring-aop-3.1.2.RELEASE.jar
7f8793f30000-7f8793f3a000 r--s 00064000 08:02 4722071                    /home/jam/.grails/ivy-cache/org.springframework/spring-core/jars/spring-core-3.1.2.RELEASE.jar
7f8793f3a000-7f8793f3c000 r--s 00008000 08:02 4722069                    /home/jam/.grails/ivy-cache/org.grails/grails-plugin-validation/jars/grails-plugin-validation-2.1.1.jar
7f8793f3c000-7f8793f3f000 r--s 0001c000 08:02 4722067                    /home/jam/.grails/ivy-cache/org.grails/grails-plugin-url-mappings/jars/grails-plugin-url-mappings-2.1.1.jar
7f8793f3f000-7f8793f41000 r--s 0000f000 08:02 4722065                    /home/jam/.grails/ivy-cache/org.grails/grails-plugin-mimetypes/jars/grails-plugin-mimetypes-2.1.1.jar
7f8793f41000-7f8793f43000 r--s 00005000 08:02 4722063                    /home/jam/.grails/ivy-cache/org.grails/grails-plugin-servlets/jars/grails-plugin-servlets-2.1.1.jar
7f8793f43000-7f8793f44000 r--s 00008000 08:02 4722061                    /home/jam/.grails/ivy-cache/org.grails/grails-plugin-services/jars/grails-plugin-services-2.1.1.jar
7f8793f44000-7f8793f46000 r--s 00006000 08:02 4722059                    /home/jam/.grails/ivy-cache/org.grails/grails-plugin-scaffolding/jars/grails-plugin-scaffolding-2.1.1.jar
7f8793f46000-7f8793f48000 r--s 0000e000 08:02 4722057                    /home/jam/.grails/ivy-cache/org.grails/grails-plugin-log4j/jars/grails-plugin-log4j-2.1.1.jar
7f8793f48000-7f8793f4a000 r--s 00005000 08:02 4722055                    /home/jam/.grails/ivy-cache/org.grails/grails-plugin-i18n/jars/grails-plugin-i18n-2.1.1.jar
7f8793f4a000-7f8793f51000 r--s 0006d000 08:02 4722053                    /home/jam/.grails/ivy-cache/org.grails/grails-plugin-gsp/jars/grails-plugin-gsp-2.1.1.jar
7f8793f51000-7f8793f53000 r--s 0000e000 08:02 4722051                    /home/jam/.grails/ivy-cache/org.grails/grails-plugin-filters/jars/grails-plugin-filters-2.1.1.jar
7f8793f53000-7f8793f55000 r--s 00009000 08:02 4722049                    /home/jam/.grails/ivy-cache/org.grails/grails-plugin-datasource/jars/grails-plugin-datasource-2.1.1.jar
7f8793f55000-7f8793f59000 r--s 00024000 08:02 4722047                    /home/jam/.grails/ivy-cache/org.grails/grails-plugin-converters/jars/grails-plugin-converters-2.1.1.jar
7f8793f59000-7f8793f5c000 r--s 00019000 08:02 4722045                    /home/jam/.grails/ivy-cache/org.grails/grails-plugin-domain-class/jars/grails-plugin-domain-class-2.1.1.jar
7f8793f5c000-7f8793f60000 r--s 00028000 08:02 4722043                    /home/jam/.grails/ivy-cache/org.grails/grails-plugin-controllers/jars/grails-plugin-controllers-2.1.1.jar
7f8793f60000-7f8793f62000 r--s 00015000 08:02 4722041                    /home/jam/.grails/ivy-cache/org.grails/grails-plugin-codecs/jars/grails-plugin-codecs-2.1.1.jar
7f8793f62000-7f8793f63000 r--s 00000000 08:02 4722039                    /home/jam/.grails/ivy-cache/org.grails/grails-logging/jars/grails-logging-2.1.1.jar
7f8793f63000-7f8793f65000 r--s 00009000 08:02 4722037                    /home/jam/.grails/ivy-cache/org.grails/grails-spring/jars/grails-spring-2.1.1.jar
7f8793f65000-7f8793f6f000 r--s 0008a000 08:02 4722035                    /home/jam/.grails/ivy-cache/org.grails/grails-hibernate/jars/grails-hibernate-2.1.1.jar
7f8793f6f000-7f8793f71000 r--s 00009000 08:02 4722033                    /home/jam/.grails/ivy-cache/org.grails/grails-crud/jars/grails-crud-2.1.1.jar
7f8793f71000-7f8793f77000 r--s 00027000 08:02 4722031                    /home/jam/.grails/ivy-cache/opensymphony/sitemesh/jars/sitemesh-2.4.jar
7f8793f77000-7f8793f7c000 r--s 00015000 08:02 4722029                    /home/jam/.grails/ivy-cache/org.hibernate.javax.persistence/hibernate-jpa-2.0-api/jars/hibernate-jpa-2.0-api-1.0.1.Final.jar
7f8793f7c000-7f8793f7d000 r--s 00003000 08:02 4722027                    /home/jam/.grails/ivy-cache/javax.transaction/jta/jars/jta-1.1.jar
7f8793f7d000-7f8793f82000 r--s 00041000 08:02 4722025                    /home/jam/.grails/ivy-cache/commons-lang/commons-lang/jars/commons-lang-2.6.jar
7f8793f82000-7f8793f85000 r--s 00025000 08:02 4722023                    /home/jam/.grails/ivy-cache/commons-io/commons-io/jars/commons-io-2.1.jar
7f8793f85000-7f8793f93000 r--s 0007f000 08:02 4722021                    /home/jam/.grails/ivy-cache/commons-collections/commons-collections/jars/commons-collections-3.2.1.jar
7f8793f93000-7f8793f95000 r--s 00010000 08:02 4722019                    /home/jam/.grails/ivy-cache/commons-codec/commons-codec/jars/commons-codec-1.5.jar
7f8793f95000-7f8793f97000 r--s 00000000 08:02 4722017                    /home/jam/.grails/ivy-cache/aopalliance/aopalliance/jars/aopalliance-1.0.jar
7f8793f97000-7f8793f9a000 r--s 0001f000 08:02 4722015                    /home/jam/.grails/ivy-cache/commons-validator/commons-validator/jars/commons-validator-1.3.1.jar
7f8793f9a000-7f8793f9d000 r--s 00019000 08:02 4722013                    /home/jam/.grails/ivy-cache/commons-el/commons-el/jars/commons-el-1.0.jar
7f8793f9d000-7f8793fa2000 r--s 00034000 08:02 4722011                    /home/jam/.grails/ivy-cache/commons-beanutils/commons-beanutils/jars/commons-beanutils-1.8.3.jar
7f8793fa2000-7f8794000000 r--s 00592000 08:02 4722009                    /home/jam/.grails/ivy-cache/org.codehaus.groovy/groovy-all/jars/groovy-all-1.8.8.jar
7f8794000000-7f8794040000 rw-p 00000000 00:00 0 
7f8794040000-7f8798000000 ---p 00000000 00:00 0 
7f8798000000-7f8798010000 r--s 0019c000 08:02 5508469                    /home/jam/.grails/ivy-cache/org.eclipse.jdt.core.compiler/ecj/jars/ecj-3.7.2.jar
7f8798010000-7f8798032000 r--s 00254000 08:02 4721757                    /home/jam/.grails/ivy-cache/org.apache.tomcat.embed/tomcat-embed-core/jars/tomcat-embed-core-7.0.30.jar
7f8798032000-7f8798047000 r-xp 00000000 08:02 18747986                   /usr/lib/jvm/java-6-openjdk-amd64/jre/lib/amd64/libnet.so
7f8798047000-7f8798246000 ---p 00015000 08:02 18747986                   /usr/lib/jvm/java-6-openjdk-amd64/jre/lib/amd64/libnet.so
7f8798246000-7f8798247000 r--p 00014000 08:02 18747986                   /usr/lib/jvm/java-6-openjdk-amd64/jre/lib/amd64/libnet.so
7f8798247000-7f8798248000 rw-p 00015000 08:02 18747986                   /usr/lib/jvm/java-6-openjdk-amd64/jre/lib/amd64/libnet.so
7f8798248000-7f879824b000 ---p 00000000 00:00 0 
7f879824b000-7f8798349000 rw-p 00000000 00:00 0 
7f879834b000-7f879834d000 r--s 0000d000 08:02 5508471                    /home/jam/.grails/ivy-cache/org.grails/grails-plugin-tomcat/jars/grails-plugin-tomcat-2.1.1.jar
7f879834d000-7f879834f000 r--s 00008000 08:02 5508467                    /home/jam/.grails/ivy-cache/org.apache.tomcat.embed/tomcat-embed-logging-juli/jars/tomcat-embed-logging-juli-7.0.30.jar
7f879834f000-7f8798351000 r--s 00013000 08:02 4721761                    /home/jam/.grails/ivy-cache/org.apache.tomcat.embed/tomcat-embed-logging-log4j/jars/tomcat-embed-logging-log4j-7.0.30.jar
7f8798351000-7f879835c000 r--s 000b6000 08:02 4721759                    /home/jam/.grails/ivy-cache/org.apache.tomcat.embed/tomcat-embed-jasper/jars/tomcat-embed-jasper-7.0.30.jar
7f879835c000-7f879835e000 r--s 0000c000 08:02 5508465                    /home/jam/.grails/ivy-cache/org.apache.tomcat/tomcat-catalina-ant/jars/tomcat-catalina-ant-7.0.30.jar
7f879835e000-7f879835f000 r--s 00001000 08:02 4721467                    /home/jam/.grails/ivy-cache/org.apache.ant/ant-trax/jars/ant-trax-1.7.1.jar
7f879835f000-7f8798361000 r--s 00017000 08:02 4721465                    /home/jam/.grails/ivy-cache/org.apache.ant/ant-junit/jars/ant-junit-1.8.2.jar
7f8798361000-7f8798363000 r--s 00002000 08:02 4721463                    /home/jam/.grails/ivy-cache/org.apache.ant/ant-launcher/jars/ant-launcher-1.8.2.jar
7f8798363000-7f8798381000 r--s 001bb000 08:02 4721461                    /home/jam/.grails/ivy-cache/org.apache.ant/ant/jars/ant-1.8.2.jar
7f8798381000-7f8798388000 r--s 00037000 08:02 4721459                    /home/jam/.grails/ivy-cache/junit/junit/jars/junit-4.10.jar
7f8798388000-7f879838b000 r--s 0000b000 08:02 4721456                    /home/jam/.grails/ivy-cache/com.googlecode.concurrentlinkedhashmap/concurrentlinkedhashmap-lru/jars/concurrentlinkedhashmap-lru-1.2_jdk5.jar
7f879838b000-7f8798391000 r--s 00033000 08:02 4721454                    /home/jam/.grails/ivy-cache/org.springframework/spring-test/jars/spring-test-3.1.2.RELEASE.jar
7f8798391000-7f8798393000 r--s 00005000 08:02 4721452                    /home/jam/.grails/ivy-cache/org.slf4j/slf4j-api/jars/slf4j-api-1.6.2.jar
7f8798393000-7f87983a0000 r--s 000b7000 08:02 4721450                    /home/jam/.grails/ivy-cache/org.grails/grails-web/jars/grails-web-2.1.1.jar
7f87983a0000-7f87983a3000 r--s 00026000 08:02 4721448                    /home/jam/.grails/ivy-cache/org.grails/grails-resources/jars/grails-resources-2.1.1.jar
7f87983a3000-7f87983b1000 r--s 000b5000 08:02 4721446                    /home/jam/.grails/ivy-cache/org.grails/grails-core/jars/grails-core-2.1.1.jar
7f87983b1000-7f87983bc000 r--s 000fe000 08:02 4721444                    /home/jam/.grails/ivy-cache/org.grails/grails-scripts/jars/grails-scripts-2.1.1.jar
7f87983bc000-7f87983c5000 r--s 000a8000 08:02 4721442                    /home/jam/.grails/ivy-cache/org.grails/grails-bootstrap/jars/grails-bootstrap-2.1.1.jar
7f87983c5000-7f87983c8000 r--s 00044000 08:02 4721440                    /home/jam/.grails/ivy-cache/org.grails/grails-docs/jars/grails-docs-2.1.1.jar
7f87983c8000-7f87983cb000 r--s 00041000 08:02 4721438                    /home/jam/.grails/ivy-cache/xalan/serializer/jars/serializer-2.7.1.jar
7f87983cb000-7f87983ce000 r--s 000cf000 08:02 4721436                    /home/jam/.grails/ivy-cache/net.java.dev.jna/jna/jars/jna-3.2.3.jar
7f87983ce000-7f87983d0000 r--s 00008000 08:02 4721434                    /home/jam/.grails/ivy-cache/org.fusesource.jansi/jansi/jars/jansi-1.2.1.jar
7f87983d0000-7f87983df000 r--s 000d9000 08:02 4721424                    /home/jam/.grails/ivy-cache/org.apache.ivy/ivy/jars/ivy-2.2.0.jar
7f87983df000-7f87983e1000 r--s 00015000 08:02 4721422                    /home/jam/.grails/ivy-cache/jline/jline/jars/jline-1.0.jar
7f87983e1000-7f8798406000 r--s 00172000 08:02 4721397                    /home/jam/.grails/ivy-cache/org.bouncycastle/bcprov-jdk15/jars/bcprov-jdk15-1.45.jar
7f8798406000-7f879840c000 r--s 00068000 08:02 4721389                    /home/jam/.grails/ivy-cache/com.google.protobuf/protobuf-java/jars/protobuf-java-2.4.1.jar
7f879840c000-7f8798421000 r-xp 00000000 08:02 8650847                    /tmp/jna5407154906989526104.tmp
7f8798421000-7f8798520000 ---p 00015000 08:02 8650847                    /tmp/jna5407154906989526104.tmp
7f8798520000-7f8798522000 rw-p 00014000 08:02 8650847                    /tmp/jna5407154906989526104.tmp
7f8798522000-7f8798523000 ---p 00000000 00:00 0 
7f8798523000-7f8798623000 rw-p 00000000 00:00 0 
7f8798623000-7f8798626000 ---p 00000000 00:00 0 
7f8798626000-7f8798724000 rw-p 00000000 00:00 0 
7f8798724000-7f8798727000 ---p 00000000 00:00 0 
7f8798727000-7f8798825000 rw-p 00000000 00:00 0 
7f8798825000-7f8799000000 r--p 00000000 08:02 16128286                   /usr/lib/locale/locale-archive
7f8799000000-7f8799a00000 rwxp 00000000 00:00 0 
7f8799a00000-7f879cc3d000 rw-p 00000000 00:00 0 
7f879cc3d000-7f87a0000000 ---p 00000000 00:00 0 
7f87a0000000-7f87a0005000 r--s 00024000 08:02 4721394                    /home/jam/.grails/ivy-cache/org.bouncycastle/bcpg-jdk15/jars/bcpg-jdk15-1.45.jar
7f87a0005000-7f87a0008000 r--s 0001a000 08:02 4721386                    /home/jam/.grails/ivy-cache/org.springframework.uaa/org.springframework.uaa.client/bundles/org.springframework.uaa.client-1.0.1.RELEASE.jar
7f87a0008000-7f87a0068000 r--s 00d92000 08:02 18877160                   /usr/lib/jvm/java-6-openjdk-amd64/lib/tools.jar
7f87a0068000-7f87a006d000 r--s 00050000 08:02 4587551                    /home/jam/Applications/grails-2.1.1/lib/org.codehaus.gant/gant_groovy1.8/jars/gant_groovy1.8-1.9.6.jar
7f87a006d000-7f87a008b000 r--s 001bb000 08:02 15997849                   /home/jam/Applications/grails-2.1.1/lib/org.apache.ant/ant/jars/ant-1.8.2.jar
7f87a008b000-7f87a009a000 r--s 000d9000 08:02 3933556                    /home/jam/Applications/grails-2.1.1/lib/org.apache.ivy/ivy/jars/ivy-2.2.0.jar
7f87a009a000-7f87a009c000 r--s 00009000 08:02 15730918                   /home/jam/Applications/grails-2.1.1/lib/commons-cli/commons-cli/jars/commons-cli-1.2.jar
7f87a009c000-7f87a009f000 r--s 000cf000 08:02 15997829                   /home/jam/Applications/grails-2.1.1/lib/net.java.dev.jna/jna/jars/jna-3.2.3.jar
7f87a009f000-7f87a00a2000 ---p 00000000 00:00 0 
7f87a00a2000-7f87a01a0000 rw-p 00000000 00:00 0 
7f87a01a0000-7f87a01fe000 r--s 00592000 08:02 4587821                    /home/jam/Applications/grails-2.1.1/lib/org.codehaus.groovy/groovy-all/jars/groovy-all-1.8.8.jar
7f87a01fe000-7f87a0201000 ---p 00000000 00:00 0 
7f87a0201000-7f87a02ff000 rw-p 00000000 00:00 0 
7f87a02ff000-7f87a0302000 ---p 00000000 00:00 0 
7f87a0302000-7f87a0400000 rw-p 00000000 00:00 0 
7f87a0400000-7f87a0403000 ---p 00000000 00:00 0 
7f87a0403000-7f87a0501000 rw-p 00000000 00:00 0 
7f87a0501000-7f87a0502000 ---p 00000000 00:00 0 
7f87a0502000-7f87a0b3a000 rw-p 00000000 00:00 0 
7f87a0b3a000-7f87a0ccc000 r--s 037bf000 08:02 18616443                   /usr/lib/jvm/java-6-openjdk-amd64/jre/lib/rt.jar
7f87a0ccc000-7f87a0cf4000 rw-p 00000000 00:00 0 
7f87a0cf4000-7f87a0cf5000 ---p 00000000 00:00 0 
7f87a0cf5000-7f87a0df5000 rw-p 00000000 00:00 0 
7f87a0df5000-7f87a0df6000 ---p 00000000 00:00 0 
7f87a0df6000-7f87a0ef6000 rw-p 00000000 00:00 0 
7f87a0ef6000-7f87a0ef7000 ---p 00000000 00:00 0 
7f87a0ef7000-7f87a0ff7000 rw-p 00000000 00:00 0 
7f87a0ff7000-7f87a0ff8000 ---p 00000000 00:00 0 
7f87a0ff8000-7f87a12f8000 rw-p 00000000 00:00 0 
7f87a12f8000-7f87a1479000 rw-p 00000000 00:00 0 
7f87a1479000-7f87a1480000 r-xp 00000000 08:02 18748006                   /usr/lib/jvm/java-6-openjdk-amd64/jre/lib/amd64/libzip.so
7f87a1480000-7f87a167f000 ---p 00007000 08:02 18748006                   /usr/lib/jvm/java-6-openjdk-amd64/jre/lib/amd64/libzip.so
7f87a167f000-7f87a1680000 r--p 00006000 08:02 18748006                   /usr/lib/jvm/java-6-openjdk-amd64/jre/lib/amd64/libzip.so
7f87a1680000-7f87a1681000 rw-p 00007000 08:02 18748006                   /usr/lib/jvm/java-6-openjdk-amd64/jre/lib/amd64/libzip.so
7f87a1681000-7f87a168d000 r-xp 00000000 08:02 16256549                   /lib/x86_64-linux-gnu/libnss_files-2.15.so
7f87a168d000-7f87a188c000 ---p 0000c000 08:02 16256549                   /lib/x86_64-linux-gnu/libnss_files-2.15.so
7f87a188c000-7f87a188d000 r--p 0000b000 08:02 16256549                   /lib/x86_64-linux-gnu/libnss_files-2.15.so
7f87a188d000-7f87a188e000 rw-p 0000c000 08:02 16256549                   /lib/x86_64-linux-gnu/libnss_files-2.15.so
7f87a188e000-7f87a1898000 r-xp 00000000 08:02 16256553                   /lib/x86_64-linux-gnu/libnss_nis-2.15.so
7f87a1898000-7f87a1a98000 ---p 0000a000 08:02 16256553                   /lib/x86_64-linux-gnu/libnss_nis-2.15.so
7f87a1a98000-7f87a1a99000 r--p 0000a000 08:02 16256553                   /lib/x86_64-linux-gnu/libnss_nis-2.15.so
7f87a1a99000-7f87a1a9a000 rw-p 0000b000 08:02 16256553                   /lib/x86_64-linux-gnu/libnss_nis-2.15.so
7f87a1a9a000-7f87a1ab1000 r-xp 00000000 08:02 16256543                   /lib/x86_64-linux-gnu/libnsl-2.15.so
7f87a1ab1000-7f87a1cb0000 ---p 00017000 08:02 16256543                   /lib/x86_64-linux-gnu/libnsl-2.15.so
7f87a1cb0000-7f87a1cb1000 r--p 00016000 08:02 16256543                   /lib/x86_64-linux-gnu/libnsl-2.15.so
7f87a1cb1000-7f87a1cb2000 rw-p 00017000 08:02 16256543                   /lib/x86_64-linux-gnu/libnsl-2.15.so
7f87a1cb2000-7f87a1cb4000 rw-p 00000000 00:00 0 
7f87a1cb4000-7f87a1cbc000 r-xp 00000000 08:02 16256545                   /lib/x86_64-linux-gnu/libnss_compat-2.15.so
7f87a1cbc000-7f87a1ebb000 ---p 00008000 08:02 16256545                   /lib/x86_64-linux-gnu/libnss_compat-2.15.so
7f87a1ebb000-7f87a1ebc000 r--p 00007000 08:02 16256545                   /lib/x86_64-linux-gnu/libnss_compat-2.15.so
7f87a1ebc000-7f87a1ebd000 rw-p 00008000 08:02 16256545                   /lib/x86_64-linux-gnu/libnss_compat-2.15.so
7f87a1ebd000-7f87a1ec6000 r-xp 00000000 08:02 18747976                   /usr/lib/jvm/java-6-openjdk-amd64/jre/lib/amd64/libinstrument.so
7f87a1ec6000-7f87a20c6000 ---p 00009000 08:02 18747976                   /usr/lib/jvm/java-6-openjdk-amd64/jre/lib/amd64/libinstrument.so
7f87a20c6000-7f87a20c7000 r--p 00009000 08:02 18747976                   /usr/lib/jvm/java-6-openjdk-amd64/jre/lib/amd64/libinstrument.so
7f87a20c7000-7f87a20c8000 rw-p 0000a000 08:02 18747976                   /usr/lib/jvm/java-6-openjdk-amd64/jre/lib/amd64/libinstrument.so
7f87a20c8000-7f87a20f4000 r-xp 00000000 08:02 18747994                   /usr/lib/jvm/java-6-openjdk-amd64/jre/lib/amd64/libjava.so
7f87a20f4000-7f87a22f3000 ---p 0002c000 08:02 18747994                   /usr/lib/jvm/java-6-openjdk-amd64/jre/lib/amd64/libjava.so
7f87a22f3000-7f87a22f4000 r--p 0002b000 08:02 18747994                   /usr/lib/jvm/java-6-openjdk-amd64/jre/lib/amd64/libjava.so
7f87a22f4000-7f87a22f7000 rw-p 0002c000 08:02 18747994                   /usr/lib/jvm/java-6-openjdk-amd64/jre/lib/amd64/libjava.so
7f87a22f7000-7f87a2305000 r-xp 00000000 08:02 18747993                   /usr/lib/jvm/java-6-openjdk-amd64/jre/lib/amd64/libverify.so
7f87a2305000-7f87a2504000 ---p 0000e000 08:02 18747993                   /usr/lib/jvm/java-6-openjdk-amd64/jre/lib/amd64/libverify.so
7f87a2504000-7f87a2506000 r--p 0000d000 08:02 18747993                   /usr/lib/jvm/java-6-openjdk-amd64/jre/lib/amd64/libverify.so
7f87a2506000-7f87a2507000 rw-p 0000f000 08:02 18747993                   /usr/lib/jvm/java-6-openjdk-amd64/jre/lib/amd64/libverify.so
7f87a2507000-7f87a250e000 r-xp 00000000 08:02 16256584                   /lib/x86_64-linux-gnu/librt-2.15.so
7f87a250e000-7f87a270d000 ---p 00007000 08:02 16256584                   /lib/x86_64-linux-gnu/librt-2.15.so
7f87a270d000-7f87a270e000 r--p 00006000 08:02 16256584                   /lib/x86_64-linux-gnu/librt-2.15.so
7f87a270e000-7f87a270f000 rw-p 00007000 08:02 16256584                   /lib/x86_64-linux-gnu/librt-2.15.so
7f87a270f000-7f87a2724000 r-xp 00000000 08:02 16256519                   /lib/x86_64-linux-gnu/libgcc_s.so.1
7f87a2724000-7f87a2923000 ---p 00015000 08:02 16256519                   /lib/x86_64-linux-gnu/libgcc_s.so.1
7f87a2923000-7f87a2924000 r--p 00014000 08:02 16256519                   /lib/x86_64-linux-gnu/libgcc_s.so.1
7f87a2924000-7f87a2925000 rw-p 00015000 08:02 16256519                   /lib/x86_64-linux-gnu/libgcc_s.so.1
7f87a2925000-7f87a2a1e000 r-xp 00000000 08:02 16256530                   /lib/x86_64-linux-gnu/libm-2.15.so
7f87a2a1e000-7f87a2c1d000 ---p 000f9000 08:02 16256530                   /lib/x86_64-linux-gnu/libm-2.15.so
7f87a2c1d000-7f87a2c1e000 r--p 000f8000 08:02 16256530                   /lib/x86_64-linux-gnu/libm-2.15.so
7f87a2c1e000-7f87a2c1f000 rw-p 000f9000 08:02 16256530                   /lib/x86_64-linux-gnu/libm-2.15.so
7f87a2c1f000-7f87a2d01000 r-xp 00000000 08:02 16129397                   /usr/lib/x86_64-linux-gnu/libstdc++.so.6.0.16
7f87a2d01000-7f87a2f00000 ---p 000e2000 08:02 16129397                   /usr/lib/x86_64-linux-gnu/libstdc++.so.6.0.16
7f87a2f00000-7f87a2f08000 r--p 000e1000 08:02 16129397                   /usr/lib/x86_64-linux-gnu/libstdc++.so.6.0.16
7f87a2f08000-7f87a2f0a000 rw-p 000e9000 08:02 16129397                   /usr/lib/x86_64-linux-gnu/libstdc++.so.6.0.16
7f87a2f0a000-7f87a2f1f000 rw-p 00000000 00:00 0 
7f87a2f1f000-7f87a3823000 r-xp 00000000 08:02 18877146                   /usr/lib/jvm/java-6-openjdk-amd64/jre/lib/amd64/server/libjvm.so
7f87a3823000-7f87a3a23000 ---p 00904000 08:02 18877146                   /usr/lib/jvm/java-6-openjdk-amd64/jre/lib/amd64/server/libjvm.so
7f87a3a23000-7f87a3aa3000 r--p 00904000 08:02 18877146                   /usr/lib/jvm/java-6-openjdk-amd64/jre/lib/amd64/server/libjvm.so
7f87a3aa3000-7f87a3abe000 rw-p 00984000 08:02 18877146                   /usr/lib/jvm/java-6-openjdk-amd64/jre/lib/amd64/server/libjvm.so
7f87a3abe000-7f87a3ae7000 rw-p 00000000 00:00 0 
7f87a3ae7000-7f87a3afd000 r-xp 00000000 08:02 16256609                   /lib/x86_64-linux-gnu/libz.so.1.2.3.4
7f87a3afd000-7f87a3cfc000 ---p 00016000 08:02 16256609                   /lib/x86_64-linux-gnu/libz.so.1.2.3.4
7f87a3cfc000-7f87a3cfd000 r--p 00015000 08:02 16256609                   /lib/x86_64-linux-gnu/libz.so.1.2.3.4
7f87a3cfd000-7f87a3cfe000 rw-p 00016000 08:02 16256609                   /lib/x86_64-linux-gnu/libz.so.1.2.3.4
7f87a3cfe000-7f87a3eb1000 r-xp 00000000 08:02 16256498                   /lib/x86_64-linux-gnu/libc-2.15.so
7f87a3eb1000-7f87a40b0000 ---p 001b3000 08:02 16256498                   /lib/x86_64-linux-gnu/libc-2.15.so
7f87a40b0000-7f87a40b4000 r--p 001b2000 08:02 16256498                   /lib/x86_64-linux-gnu/libc-2.15.so
7f87a40b4000-7f87a40b6000 rw-p 001b6000 08:02 16256498                   /lib/x86_64-linux-gnu/libc-2.15.so
7f87a40b6000-7f87a40bb000 rw-p 00000000 00:00 0 
7f87a40bb000-7f87a40bd000 r-xp 00000000 08:02 16256511                   /lib/x86_64-linux-gnu/libdl-2.15.so
7f87a40bd000-7f87a42bd000 ---p 00002000 08:02 16256511                   /lib/x86_64-linux-gnu/libdl-2.15.so
7f87a42bd000-7f87a42be000 r--p 00002000 08:02 16256511                   /lib/x86_64-linux-gnu/libdl-2.15.so
7f87a42be000-7f87a42bf000 rw-p 00003000 08:02 16256511                   /lib/x86_64-linux-gnu/libdl-2.15.so
7f87a42bf000-7f87a42c3000 r-xp 00000000 08:02 18747978                   /usr/lib/jvm/java-6-openjdk-amd64/jre/lib/amd64/jli/libjli.so
7f87a42c3000-7f87a44c2000 ---p 00004000 08:02 18747978                   /usr/lib/jvm/java-6-openjdk-amd64/jre/lib/amd64/jli/libjli.so
7f87a44c2000-7f87a44c3000 r--p 00003000 08:02 18747978                   /usr/lib/jvm/java-6-openjdk-amd64/jre/lib/amd64/jli/libjli.so
7f87a44c3000-7f87a44c4000 rw-p 00004000 08:02 18747978                   /usr/lib/jvm/java-6-openjdk-amd64/jre/lib/amd64/jli/libjli.so
7f87a44c4000-7f87a44dc000 r-xp 00000000 08:02 16256578                   /lib/x86_64-linux-gnu/libpthread-2.15.so
7f87a44dc000-7f87a46db000 ---p 00018000 08:02 16256578                   /lib/x86_64-linux-gnu/libpthread-2.15.so
7f87a46db000-7f87a46dc000 r--p 00017000 08:02 16256578                   /lib/x86_64-linux-gnu/libpthread-2.15.so
7f87a46dc000-7f87a46dd000 rw-p 00018000 08:02 16256578                   /lib/x86_64-linux-gnu/libpthread-2.15.so
7f87a46dd000-7f87a46e1000 rw-p 00000000 00:00 0 
7f87a46e1000-7f87a4703000 r-xp 00000000 08:02 16256478                   /lib/x86_64-linux-gnu/ld-2.15.so
7f87a4703000-7f87a4704000 r--s 00003000 08:02 4721392                    /home/jam/.grails/ivy-cache/com.googlecode.json-simple/json-simple/jars/json-simple-1.1.jar
7f87a4704000-7f87a470b000 r--s 000fb000 08:02 18489889                   /usr/lib/jvm/java-6-openjdk-common/jre/lib/resources.jar
7f87a470b000-7f87a4712000 r--s 00067000 08:02 15730908                   /home/jam/Applications/grails-2.1.1/lib/com.springsource.springloaded/springloaded-core/jars/springloaded-core-1.0.6.jar
7f87a4712000-7f87a471b000 r--s 000a8000 08:02 15731003                   /home/jam/Applications/grails-2.1.1/dist/grails-bootstrap-2.1.1.jar
7f87a471b000-7f87a4743000 rw-p 00000000 00:00 0 
7f87a4743000-7f87a47db000 rw-p 00000000 00:00 0 
7f87a47db000-7f87a47de000 ---p 00000000 00:00 0 
7f87a47de000-7f87a48e1000 rw-p 00000000 00:00 0 
7f87a48e1000-7f87a48e3000 r--s 00008000 08:02 4587896                    /home/jam/Applications/grails-2.1.1/lib/org.fusesource.jansi/jansi/jars/jansi-1.2.1.jar
7f87a48e3000-7f87a48e5000 r--s 00015000 08:02 15862296                   /home/jam/Applications/grails-2.1.1/lib/jline/jline/jars/jline-1.0.jar
7f87a48e5000-7f87a48e8000 r--s 0007d000 08:02 18489867                   /usr/lib/jvm/java-6-openjdk-common/jre/lib/jsse.jar
7f87a48e8000-7f87a48ec000 r--s 00038000 08:02 18489882                   /usr/lib/jvm/java-6-openjdk-common/jre/lib/ext/sunpkcs11.jar
7f87a48ec000-7f87a48ef000 r--s 00031000 08:02 18489884                   /usr/lib/jvm/java-6-openjdk-common/jre/lib/ext/sunjce_provider.jar
7f87a48ef000-7f87a48f0000 r--s 00007000 08:02 16651090                   /usr/share/java/java-atk-wrapper.jar
7f87a48f0000-7f87a48f3000 r--s 00077000 08:02 18489883                   /usr/lib/jvm/java-6-openjdk-common/jre/lib/ext/localedata.jar
7f87a48f3000-7f87a48f5000 r--s 00001000 08:02 18489885                   /usr/lib/jvm/java-6-openjdk-common/jre/lib/ext/dnsns.jar
7f87a48f5000-7f87a48f7000 r--s 0000f000 08:02 18489886                   /usr/lib/jvm/java-6-openjdk-common/jre/lib/ext/pulse-java.jar
7f87a48f7000-7f87a48ff000 rw-s 00000000 08:02 8650795                    /tmp/hsperfdata_jam/5055
7f87a48ff000-7f87a4900000 rw-p 00000000 00:00 0 
7f87a4900000-7f87a4901000 ---p 00000000 00:00 0 
7f87a4901000-7f87a4903000 rw-p 00000000 00:00 0 
7f87a4903000-7f87a4904000 r--p 00022000 08:02 16256478                   /lib/x86_64-linux-gnu/ld-2.15.so
7f87a4904000-7f87a4906000 rw-p 00023000 08:02 16256478                   /lib/x86_64-linux-gnu/ld-2.15.so
7fff9359e000-7fff935bf000 rw-p 00000000 00:00 0                          [stack]
7fff935ff000-7fff93600000 r-xp 00000000 00:00 0                          [vdso]
ffffffffff600000-ffffffffff601000 r-xp 00000000 00:00 0                  [vsyscall]

VM Arguments:
jvm_args: -Xmx768M -Xms768M -XX:PermSize=256m -XX:MaxPermSize=256m -Dfile.encoding=UTF-8 -Dserver.port=8080 -Djline.WindowsTerminal.directConsole=false -javaagent:/home/jam/Applications/grails-2.1.1/lib/com.springsource.springloaded/springloaded-core/jars/springloaded-core-1.0.6.jar -Xverify:none -Dspringloaded=profile=grails;cacheDir=/home/jam/.grails/2.1.1/ -Dgrails.home=/home/jam/Applications/grails-2.1.1 -Dtools.jar=/usr/lib/jvm/default-java/lib/tools.jar 
java_command: org.codehaus.groovy.grails.cli.support.GrailsStarter --main org.codehaus.groovy.grails.cli.GrailsScriptRunner --conf /home/jam/Applications/grails-2.1.1/conf/groovy-starter.conf --classpath   run-app
Launcher Type: SUN_STANDARD

Environment Variables:
JAVA_HOME=/usr/lib/jvm/default-java
PATH=/usr/lib/lightdm/lightdm:/usr/local/sbin:/usr/local/bin:/usr/sbin:/usr/bin:/sbin:/bin:/usr/games
LD_LIBRARY_PATH=/usr/lib/jvm/java-6-openjdk-amd64/jre/lib/amd64/server:/usr/lib/jvm/java-6-openjdk-amd64/jre/lib/amd64:/usr/lib/jvm/java-6-openjdk-amd64/jre/../lib/amd64
SHELL=/bin/bash
DISPLAY=:0

Signal Handlers:
SIGSEGV: [libjvm.so+0x784310], sa_mask[0]=0x7ffbfeff, sa_flags=0x10000004
SIGBUS: [libjvm.so+0x784310], sa_mask[0]=0x7ffbfeff, sa_flags=0x10000004
SIGFPE: [libjvm.so+0x648580], sa_mask[0]=0x7ffbfeff, sa_flags=0x10000004
SIGPIPE: SIG_IGN, sa_mask[0]=0x00000000, sa_flags=0x00000000
SIGXFSZ: [libjvm.so+0x648580], sa_mask[0]=0x7ffbfeff, sa_flags=0x10000004
SIGILL: [libjvm.so+0x648580], sa_mask[0]=0x7ffbfeff, sa_flags=0x10000004
SIGUSR1: SIG_DFL, sa_mask[0]=0x00000000, sa_flags=0x00000000
SIGUSR2: [libjvm.so+0x648730], sa_mask[0]=0x00000004, sa_flags=0x10000004
SIGHUP: [libjvm.so+0x64b250], sa_mask[0]=0x7ffbfeff, sa_flags=0x10000004
SIGINT: SIG_IGN, sa_mask[0]=0x00000000, sa_flags=0x00000000
SIGTERM: [libjvm.so+0x64b250], sa_mask[0]=0x7ffbfeff, sa_flags=0x10000004
SIGQUIT: [libjvm.so+0x64b250], sa_mask[0]=0x7ffbfeff, sa_flags=0x10000004


---------------  S Y S T E M  ---------------

OS:Ubuntu 12.04 (precise)
uname:Linux 3.2.0-31-generic #50-Ubuntu SMP Fri Sep 7 16:16:45 UTC 2012 x86_64
libc:glibc 2.15 NPTL 2.15 
rlimit: STACK 8192k, CORE 0k, NPROC 59519, NOFILE 4096, AS infinity
load average:0.00 0.27 0.41

/proc/meminfo:
MemTotal:        7636272 kB
MemFree:         2405780 kB
Buffers:          145136 kB
Cached:          2124296 kB
SwapCached:            0 kB
Active:          3422664 kB
Inactive:        1303188 kB
Active(anon):    2457552 kB
Inactive(anon):     7808 kB
Active(file):     965112 kB
Inactive(file):  1295380 kB
Unevictable:          44 kB
Mlocked:              44 kB
SwapTotal:       7837776 kB
SwapFree:        7837776 kB
Dirty:                24 kB
Writeback:             0 kB
AnonPages:       2456816 kB
Mapped:           255500 kB
Shmem:              8732 kB
Slab:             115388 kB
SReclaimable:      80564 kB
SUnreclaim:        34824 kB
KernelStack:        4456 kB
PageTables:        46760 kB
NFS_Unstable:          0 kB
Bounce:                0 kB
WritebackTmp:          0 kB
CommitLimit:    11655912 kB
Committed_AS:    5922792 kB
VmallocTotal:   34359738367 kB
VmallocUsed:      135720 kB
VmallocChunk:   34359600352 kB
HardwareCorrupted:     0 kB
AnonHugePages:         0 kB
HugePages_Total:       0
HugePages_Free:        0
HugePages_Rsvd:        0
HugePages_Surp:        0
Hugepagesize:       2048 kB
DirectMap4k:      206848 kB
DirectMap2M:     3444736 kB
DirectMap1G:     4194304 kB


CPU:total 4 (4 cores per cpu, 1 threads per core) family 18 model 1 stepping 0, cmov, cx8, fxsr, mmx, sse, sse2, sse3, popcnt, mmxext, 3dnowpref, lzcnt, sse4a

Memory: 4k page, physical 7636272k(2405780k free), swap 7837776k(7837776k free)

vm_info: OpenJDK 64-Bit Server VM (20.0-b12) for linux-amd64 JRE (1.6.0_24-b24), built on Sep  2 2012 19:50:47 by "buildd" with gcc 4.6.3

time: Sat Sep 22 16:15:44 2012
elapsed time: 643 seconds

