#
# A fatal error has been detected by the Java Runtime Environment:
#
#  SIGSEGV (0xb) at pc=0x00007ff45b4d778b, pid=12967, tid=140687440951040
#
# JRE version: 6.0_24-b24
# Java VM: OpenJDK 64-Bit Server VM (20.0-b12 mixed mode linux-amd64 compressed oops)
# Derivative: IcedTea6 1.11.4
# Distribution: Ubuntu 12.04 LTS, package 6b24-1.11.4-1ubuntu0.12.04.1
# Problematic frame:
# V  [libjvm.so+0x69b78b]  PSPromotionManager::copy_to_survivor_space(oopDesc*)+0xeb
#
# If you would like to submit a bug report, please include
# instructions how to reproduce the bug and visit:
#   https://bugs.launchpad.net/ubuntu/+source/openjdk-6/
#

---------------  T H R E A D  ---------------

Current thread (0x00007ff454016000):  GCTaskThread [stack: 0x00007ff458e13000,0x00007ff458f14000] [id=12981]

siginfo:si_signo=SIGSEGV: si_errno=0, si_code=1 (SEGV_MAPERR), si_addr=0x0000000000000018

Registers:
RAX=0x00007ff45b9ce7f0, RBX=0x00000000f2b55a98, RCX=0x0000000000000000, RDX=0x0000000000000000
RSP=0x00007ff458f128e0, RBP=0x00007ff458f12950, RSI=0x0000000000000001, RDI=0x00007ff45406eb80
R8 =0x00000000f0000000, R9 =0x00007ff45b9e2f2a, R10=0x0000000000000000, R11=0x00000000000005a0
R12=0x00000000fe40b93c, R13=0x0000000000000000, R14=0x00007ff45406eb80, R15=0x00007ff45406ec00
RIP=0x00007ff45b4d778b, EFLAGS=0x0000000000010246, CSGSFS=0x0000000000000033, ERR=0x0000000000000004
  TRAPNO=0x000000000000000e

Top of Stack: (sp=0x00007ff458f128e0)
0x00007ff458f128e0:   00007ff458f12960 00007ff45406eb88
0x00007ff458f128f0:   00007ff45b9e2f2a 0000000000000000
0x00007ff458f12900:   00000000fe408000 0000000000001000
0x00007ff458f12910:   00000000d0c16080 0000000000000400
0x00007ff458f12920:   0000000000000000 00007ff45406eb80
0x00007ff458f12930:   00000000fe40b93c 00007ff45b9ce7f0
0x00007ff458f12940:   0000000000000000 00007ff45406ec00
0x00007ff458f12950:   00007ff458f129e0 00007ff45b4d8718
0x00007ff458f12960:   00007ff458f129c0 00007ff45406ebf0
0x00007ff458f12970:   0000000000000000 00000000d02c3c90
0x00007ff458f12980:   00007ff45406eb80 00000000c098a318
0x00007ff458f12990:   00000000d02c3c9c 00000000d02c3c90
0x00007ff458f129a0:   00007ff458f129e0 00007ff45b2d5e0c
0x00007ff458f129b0:   00007ff454013d60 00007ff45400f7d0
0x00007ff458f129c0:   00007ff45921661f 00007ff459216681
0x00007ff458f129d0:   00007ff45400f510 00000000d02c3e00
0x00007ff458f129e0:   00007ff458f12a90 00007ff45b14b396
0x00007ff458f129f0:   00007ff454013d40 0000000000000000
0x00007ff458f12a00:   0000000000000000 00007ff45400f7d0
0x00007ff458f12a10:   00000000d02c3e00 00000000d094a060
0x00007ff458f12a20:   00007ff459216600 00000000d02d0000
0x00007ff458f12a30:   00007ff459219a51 00007ff45406eb80
0x00007ff458f12a40:   00007ff459216600 00007ff45921661f
0x00007ff458f12a50:   00007ff459216681 00007ff45b9e2f2a
0x00007ff458f12a60:   00007ff454013d40 00007ff45406eb80
0x00007ff458f12a70:   00007ff45401dd50 00007ff45b9e2d4e
0x00007ff458f12a80:   0000000000000000 00007ff45b6175ad
0x00007ff458f12a90:   00007ff458f12ab0 00007ff45b4dad87
0x00007ff458f12aa0:   00007ff454016000 00007ff45401dd50
0x00007ff458f12ab0:   00007ff458f12b80 00007ff45b273247
0x00007ff458f12ac0:   00007ff454016a28 00007ff454016650
0x00007ff458f12ad0:   00007ff454016640 00007ff454016610 

Instructions: (pc=0x00007ff45b4d778b)
0x00007ff45b4d776b:   ff 49 89 c4 eb 72 0f 1f 80 00 00 00 00 48 8b 05
0x00007ff45b4d777b:   09 00 4e 00 8b 53 08 8b 48 08 48 d3 e2 48 03 10
0x00007ff45b4d778b:   8b 4a 18 83 f9 00 0f 8f 62 ff ff ff 0f 85 e3 00
0x00007ff45b4d779b:   00 00 48 8b 42 10 48 8d 7a 10 4c 89 4d a0 48 89 

Register to memory mapping:

RAX=0x00007ff45b9ce7f0: <offset 0xb927f0> in /usr/lib/jvm/java-6-openjdk-amd64/jre/lib/amd64/server/libjvm.so at 0x00007ff45ae3c000
RBX=0x00000000f2b55a98 is an unknown value
RCX=0x0000000000000000 is an unknown value
RDX=0x0000000000000000 is an unknown value
RSP=0x00007ff458f128e0 is an unknown value
RBP=0x00007ff458f12950 is an unknown value
RSI=0x0000000000000001 is an unknown value
RDI=0x00007ff45406eb80 is an unknown value
R8 =0x00000000f0000000 is an oop
[B 
 - klass: {type array byte}
 - length: 10000000
R9 =0x00007ff45b9e2f2a: <offset 0xba6f2a> in /usr/lib/jvm/java-6-openjdk-amd64/jre/lib/amd64/server/libjvm.so at 0x00007ff45ae3c000
R10=0x0000000000000000 is an unknown value
R11=0x00000000000005a0 is an unknown value
R12=0x00000000fe40b93c is an unknown value
R13=0x0000000000000000 is an unknown value
R14=0x00007ff45406eb80 is an unknown value
R15=0x00007ff45406ec00 is an unknown value


Stack: [0x00007ff458e13000,0x00007ff458f14000],  sp=0x00007ff458f128e0,  free space=1022k
Native frames: (J=compiled Java code, j=interpreted, Vv=VM code, C=native code)
V  [libjvm.so+0x69b78b]  PSPromotionManager::copy_to_survivor_space(oopDesc*)+0xeb
V  [libjvm.so+0x69c718]  PSPromotionManager::drain_stacks_depth(bool)+0x638
V  [libjvm.so+0x30f396]  CardTableExtension::scavenge_contents_parallel(ObjectStartArray*, MutableSpace*, HeapWord*, PSPromotionManager*, unsigned int)+0x946
V  [libjvm.so+0x69ed87]  OldToYoungRootsTask::do_it(GCTaskManager*, unsigned int)+0x47
V  [libjvm.so+0x437247]  GCTaskThread::run()+0x107
V  [libjvm.so+0x64bbf2]  java_start(Thread*)+0x112


---------------  P R O C E S S  ---------------

Java Threads: ( => current thread )
  0x00007ff454682000 JavaThread "pool-3-thread-5" [_thread_blocked, id=13007, stack(0x00007ff4498e1000,0x00007ff4499e2000)]
  0x00007ff454a25800 JavaThread "pool-3-thread-4" [_thread_blocked, id=13006, stack(0x00007ff4499e2000,0x00007ff449ae3000)]
  0x00007ff454a22000 JavaThread "pool-3-thread-3" [_thread_blocked, id=13005, stack(0x00007ff449ae3000,0x00007ff449be4000)]
  0x00007ff45496f800 JavaThread "pool-3-thread-2" [_thread_blocked, id=13004, stack(0x00007ff449be4000,0x00007ff449ce5000)]
  0x00007ff454cb8000 JavaThread "pool-3-thread-1" [_thread_blocked, id=13003, stack(0x00007ff449ce5000,0x00007ff449de6000)]
  0x00007ff454a15800 JavaThread "FileSystemWatcher: files=#14 cl=java.net.URLClassLoader@57fcca7b" daemon [_thread_blocked, id=13002, stack(0x00007ff449de6000,0x00007ff449ee7000)]
  0x00007ff404014000 JavaThread "Keep-Alive-Timer" daemon [_thread_blocked, id=13001, stack(0x00007ff449ee7000,0x00007ff449fe8000)]
  0x00007ff454bf5800 JavaThread "pool-2-thread-1" [_thread_blocked, id=13000, stack(0x00007ff44a60f000,0x00007ff44a710000)]
  0x00007ff454bdb000 JavaThread "Synchronizer (Spring UAA/1.0.1)" daemon [_thread_blocked, id=12999, stack(0x00007ff44a710000,0x00007ff44a811000)]
  0x00007ff4546c1800 JavaThread "Timer-0" daemon [_thread_blocked, id=12998, stack(0x00007ff450188000,0x00007ff450289000)]
  0x00007ff4540e3800 JavaThread "Low Memory Detector" daemon [_thread_blocked, id=12990, stack(0x00007ff450522000,0x00007ff450623000)]
  0x00007ff4540e9000 JavaThread "C2 CompilerThread1" daemon [_thread_blocked, id=12989, stack(0x00007ff450623000,0x00007ff450724000)]
  0x00007ff4540ea800 JavaThread "C2 CompilerThread0" daemon [_thread_blocked, id=12988, stack(0x00007ff450724000,0x00007ff450825000)]
  0x00007ff45408c000 JavaThread "Signal Dispatcher" daemon [_thread_blocked, id=12987, stack(0x00007ff45811b000,0x00007ff45821c000)]
  0x00007ff454079800 JavaThread "Finalizer" daemon [_thread_blocked, id=12986, stack(0x00007ff45821c000,0x00007ff45831d000)]
  0x00007ff454077800 JavaThread "Reference Handler" daemon [_thread_blocked, id=12985, stack(0x00007ff45831d000,0x00007ff45841e000)]
  0x00007ff454009800 JavaThread "main" [_thread_blocked, id=12979, stack(0x00007ff45c6f7000,0x00007ff45c7f8000)]

Other Threads:
  0x00007ff454071000 VMThread [stack: 0x00007ff45841e000,0x00007ff45851f000] [id=12984]
  0x00007ff4540ed800 WatcherThread [stack: 0x00007ff450421000,0x00007ff450522000] [id=12991]

=>0x00007ff454016000 (exited) GCTaskThread [stack: 0x00007ff458e13000,0x00007ff458f14000] [id=12981]

VM state:at safepoint (normal execution)

VM Mutex/Monitor currently owned by a thread:  ([mutex/lock_event])
[0x00007ff454006080] Threads_lock - owner thread: 0x00007ff454071000
[0x00007ff454006580] Heap_lock - owner thread: 0x00007ff454682000

Heap
 PSYoungGen      total 224960K, used 224926K [0x00000000f0000000, 0x0000000100000000, 0x0000000100000000)
  eden space 200064K, 100% used [0x00000000f0000000,0x00000000fc360000,0x00000000fc360000)
  from space 24896K, 99% used [0x00000000fc360000,0x00000000fdba7898,0x00000000fdbb0000)
  to   space 34304K, 50% used [0x00000000fde80000,0x00000000fef48400,0x0000000100000000)
 PSOldGen        total 524288K, used 16988K [0x00000000d0000000, 0x00000000f0000000, 0x00000000f0000000)
  object space 524288K, 3% used [0x00000000d0000000,0x00000000d10a4d30,0x00000000f0000000)
 PSPermGen       total 262144K, used 35177K [0x00000000c0000000, 0x00000000d0000000, 0x00000000d0000000)
  object space 262144K, 13% used [0x00000000c0000000,0x00000000c225a668,0x00000000d0000000)

Code Cache  [0x00007ff451000000, 0x00007ff451480000, 0x00007ff454000000)
 total_blobs=1253 nmethods=697 adapters=509 free_code_cache=46013184 largest_free_block=165696

Dynamic libraries:
00400000-00409000 r-xp 00000000 08:02 397963                             /usr/lib/jvm/java-6-openjdk-amd64/jre/bin/java
00608000-00609000 r--p 00008000 08:02 397963                             /usr/lib/jvm/java-6-openjdk-amd64/jre/bin/java
00609000-0060a000 rw-p 00009000 08:02 397963                             /usr/lib/jvm/java-6-openjdk-amd64/jre/bin/java
009d3000-009f4000 rw-p 00000000 00:00 0                                  [heap]
c0000000-100000000 rw-p 00000000 00:00 0 
7ff3ec000000-7ff3ec021000 rw-p 00000000 00:00 0 
7ff3ec021000-7ff3f0000000 ---p 00000000 00:00 0 
7ff3f0000000-7ff3f0021000 rw-p 00000000 00:00 0 
7ff3f0021000-7ff3f4000000 ---p 00000000 00:00 0 
7ff3f4000000-7ff3f4021000 rw-p 00000000 00:00 0 
7ff3f4021000-7ff3f8000000 ---p 00000000 00:00 0 
7ff3f8000000-7ff3f8021000 rw-p 00000000 00:00 0 
7ff3f8021000-7ff3fc000000 ---p 00000000 00:00 0 
7ff3fc000000-7ff3fc021000 rw-p 00000000 00:00 0 
7ff3fc021000-7ff400000000 ---p 00000000 00:00 0 
7ff400000000-7ff400021000 rw-p 00000000 00:00 0 
7ff400021000-7ff404000000 ---p 00000000 00:00 0 
7ff404000000-7ff404097000 rw-p 00000000 00:00 0 
7ff404097000-7ff408000000 ---p 00000000 00:00 0 
7ff408000000-7ff408021000 rw-p 00000000 00:00 0 
7ff408021000-7ff40c000000 ---p 00000000 00:00 0 
7ff40c000000-7ff40c021000 rw-p 00000000 00:00 0 
7ff40c021000-7ff410000000 ---p 00000000 00:00 0 
7ff410000000-7ff410021000 rw-p 00000000 00:00 0 
7ff410021000-7ff414000000 ---p 00000000 00:00 0 
7ff414000000-7ff414021000 rw-p 00000000 00:00 0 
7ff414021000-7ff418000000 ---p 00000000 00:00 0 
7ff418000000-7ff418021000 rw-p 00000000 00:00 0 
7ff418021000-7ff41c000000 ---p 00000000 00:00 0 
7ff41c000000-7ff41f65d000 rw-p 00000000 00:00 0 
7ff41f65d000-7ff420000000 ---p 00000000 00:00 0 
7ff420000000-7ff4239d8000 rw-p 00000000 00:00 0 
7ff4239d8000-7ff424000000 ---p 00000000 00:00 0 
7ff424000000-7ff424021000 rw-p 00000000 00:00 0 
7ff424021000-7ff428000000 ---p 00000000 00:00 0 
7ff428000000-7ff428021000 rw-p 00000000 00:00 0 
7ff428021000-7ff42c000000 ---p 00000000 00:00 0 
7ff42c000000-7ff42c339000 rw-p 00000000 00:00 0 
7ff42c339000-7ff430000000 ---p 00000000 00:00 0 
7ff430000000-7ff430021000 rw-p 00000000 00:00 0 
7ff430021000-7ff434000000 ---p 00000000 00:00 0 
7ff434000000-7ff434021000 rw-p 00000000 00:00 0 
7ff434021000-7ff438000000 ---p 00000000 00:00 0 
7ff43c000000-7ff43c021000 rw-p 00000000 00:00 0 
7ff43c021000-7ff440000000 ---p 00000000 00:00 0 
7ff444000000-7ff444231000 rw-p 00000000 00:00 0 
7ff444231000-7ff448000000 ---p 00000000 00:00 0 
7ff4498e1000-7ff4498e4000 ---p 00000000 00:00 0 
7ff4498e4000-7ff4499e2000 rw-p 00000000 00:00 0 
7ff4499e2000-7ff4499e5000 ---p 00000000 00:00 0 
7ff4499e5000-7ff449ae3000 rw-p 00000000 00:00 0 
7ff449ae3000-7ff449ae6000 ---p 00000000 00:00 0 
7ff449ae6000-7ff449be4000 rw-p 00000000 00:00 0 
7ff449be4000-7ff449be7000 ---p 00000000 00:00 0 
7ff449be7000-7ff449ce5000 rw-p 00000000 00:00 0 
7ff449ce5000-7ff449ce8000 ---p 00000000 00:00 0 
7ff449ce8000-7ff449de6000 rw-p 00000000 00:00 0 
7ff449de6000-7ff449de9000 ---p 00000000 00:00 0 
7ff449de9000-7ff449ee7000 rw-p 00000000 00:00 0 
7ff449ee7000-7ff449eea000 ---p 00000000 00:00 0 
7ff449eea000-7ff449fe8000 rw-p 00000000 00:00 0 
7ff449fe8000-7ff44a000000 r-xp 00000000 08:02 16256582                   /lib/x86_64-linux-gnu/libresolv-2.15.so
7ff44a000000-7ff44a200000 ---p 00018000 08:02 16256582                   /lib/x86_64-linux-gnu/libresolv-2.15.so
7ff44a200000-7ff44a201000 r--p 00018000 08:02 16256582                   /lib/x86_64-linux-gnu/libresolv-2.15.so
7ff44a201000-7ff44a202000 rw-p 00019000 08:02 16256582                   /lib/x86_64-linux-gnu/libresolv-2.15.so
7ff44a202000-7ff44a204000 rw-p 00000000 00:00 0 
7ff44a204000-7ff44a20b000 r-xp 00000000 08:02 16256547                   /lib/x86_64-linux-gnu/libnss_dns-2.15.so
7ff44a20b000-7ff44a40a000 ---p 00007000 08:02 16256547                   /lib/x86_64-linux-gnu/libnss_dns-2.15.so
7ff44a40a000-7ff44a40b000 r--p 00006000 08:02 16256547                   /lib/x86_64-linux-gnu/libnss_dns-2.15.so
7ff44a40b000-7ff44a40c000 rw-p 00007000 08:02 16256547                   /lib/x86_64-linux-gnu/libnss_dns-2.15.so
7ff44a40c000-7ff44a40e000 r-xp 00000000 08:02 16252982                   /lib/libnss_mdns4_minimal.so.2
7ff44a40e000-7ff44a60d000 ---p 00002000 08:02 16252982                   /lib/libnss_mdns4_minimal.so.2
7ff44a60d000-7ff44a60e000 r--p 00001000 08:02 16252982                   /lib/libnss_mdns4_minimal.so.2
7ff44a60e000-7ff44a60f000 rw-p 00002000 08:02 16252982                   /lib/libnss_mdns4_minimal.so.2
7ff44a60f000-7ff44a612000 ---p 00000000 00:00 0 
7ff44a612000-7ff44a710000 rw-p 00000000 00:00 0 
7ff44a710000-7ff44a713000 ---p 00000000 00:00 0 
7ff44a713000-7ff44a811000 rw-p 00000000 00:00 0 
7ff44a811000-7ff44a86e000 r-xp 00000000 08:02 16651114                   /usr/lib/x86_64-linux-gnu/nss/libfreebl3.so
7ff44a86e000-7ff44aa6d000 ---p 0005d000 08:02 16651114                   /usr/lib/x86_64-linux-gnu/nss/libfreebl3.so
7ff44aa6d000-7ff44aa6f000 r--p 0005c000 08:02 16651114                   /usr/lib/x86_64-linux-gnu/nss/libfreebl3.so
7ff44aa6f000-7ff44aa70000 rw-p 0005e000 08:02 16651114                   /usr/lib/x86_64-linux-gnu/nss/libfreebl3.so
7ff44aa70000-7ff44aa74000 rw-p 00000000 00:00 0 
7ff44aa74000-7ff44ab12000 r-xp 00000000 08:02 16131587                   /usr/lib/x86_64-linux-gnu/libsqlite3.so.0.8.6
7ff44ab12000-7ff44ad12000 ---p 0009e000 08:02 16131587                   /usr/lib/x86_64-linux-gnu/libsqlite3.so.0.8.6
7ff44ad12000-7ff44ad14000 r--p 0009e000 08:02 16131587                   /usr/lib/x86_64-linux-gnu/libsqlite3.so.0.8.6
7ff44ad14000-7ff44ad16000 rw-p 000a0000 08:02 16131587                   /usr/lib/x86_64-linux-gnu/libsqlite3.so.0.8.6
7ff44ad16000-7ff44ad17000 rw-p 00000000 00:00 0 
7ff44ad17000-7ff44ad50000 r-xp 00000000 08:02 16651117                   /usr/lib/x86_64-linux-gnu/nss/libsoftokn3.so
7ff44ad50000-7ff44af4f000 ---p 00039000 08:02 16651117                   /usr/lib/x86_64-linux-gnu/nss/libsoftokn3.so
7ff44af4f000-7ff44af51000 r--p 00038000 08:02 16651117                   /usr/lib/x86_64-linux-gnu/nss/libsoftokn3.so
7ff44af51000-7ff44af52000 rw-p 0003a000 08:02 16651117                   /usr/lib/x86_64-linux-gnu/nss/libsoftokn3.so
7ff44af52000-7ff44af8c000 r-xp 00000000 08:02 16127779                   /usr/lib/x86_64-linux-gnu/libnspr4.so
7ff44af8c000-7ff44b18b000 ---p 0003a000 08:02 16127779                   /usr/lib/x86_64-linux-gnu/libnspr4.so
7ff44b18b000-7ff44b18c000 r--p 00039000 08:02 16127779                   /usr/lib/x86_64-linux-gnu/libnspr4.so
7ff44b18c000-7ff44b18e000 rw-p 0003a000 08:02 16127779                   /usr/lib/x86_64-linux-gnu/libnspr4.so
7ff44b18e000-7ff44b190000 rw-p 00000000 00:00 0 
7ff44b190000-7ff44b193000 r-xp 00000000 08:02 16127775                   /usr/lib/x86_64-linux-gnu/libplds4.so
7ff44b193000-7ff44b392000 ---p 00003000 08:02 16127775                   /usr/lib/x86_64-linux-gnu/libplds4.so
7ff44b392000-7ff44b393000 r--p 00002000 08:02 16127775                   /usr/lib/x86_64-linux-gnu/libplds4.so
7ff44b393000-7ff44b394000 rw-p 00003000 08:02 16127775                   /usr/lib/x86_64-linux-gnu/libplds4.so
7ff44b394000-7ff44b398000 r-xp 00000000 08:02 16127777                   /usr/lib/x86_64-linux-gnu/libplc4.so
7ff44b398000-7ff44b597000 ---p 00004000 08:02 16127777                   /usr/lib/x86_64-linux-gnu/libplc4.so
7ff44b597000-7ff44b598000 r--p 00003000 08:02 16127777                   /usr/lib/x86_64-linux-gnu/libplc4.so
7ff44b598000-7ff44b599000 rw-p 00004000 08:02 16127777                   /usr/lib/x86_64-linux-gnu/libplc4.so
7ff44b599000-7ff44b5b5000 r-xp 00000000 08:02 16123808                   /usr/lib/x86_64-linux-gnu/libnssutil3.so
7ff44b5b5000-7ff44b7b5000 ---p 0001c000 08:02 16123808                   /usr/lib/x86_64-linux-gnu/libnssutil3.so
7ff44b7b5000-7ff44b7bb000 r--p 0001c000 08:02 16123808                   /usr/lib/x86_64-linux-gnu/libnssutil3.so
7ff44b7bb000-7ff44b7bc000 rw-p 00022000 08:02 16123808                   /usr/lib/x86_64-linux-gnu/libnssutil3.so
7ff44b7bc000-7ff44b8ba000 r-xp 00000000 08:02 16122488                   /usr/lib/x86_64-linux-gnu/libnss3.so
7ff44b8ba000-7ff44bab9000 ---p 000fe000 08:02 16122488                   /usr/lib/x86_64-linux-gnu/libnss3.so
7ff44bab9000-7ff44babe000 r--p 000fd000 08:02 16122488                   /usr/lib/x86_64-linux-gnu/libnss3.so
7ff44babe000-7ff44bac0000 rw-p 00102000 08:02 16122488                   /usr/lib/x86_64-linux-gnu/libnss3.so
7ff44bac0000-7ff44bac2000 rw-p 00000000 00:00 0 
7ff44bae3000-7ff44baf1000 r-xp 00000000 08:02 18747997                   /usr/lib/jvm/java-6-openjdk-amd64/jre/lib/amd64/libj2pkcs11.so
7ff44baf1000-7ff44bcf1000 ---p 0000e000 08:02 18747997                   /usr/lib/jvm/java-6-openjdk-amd64/jre/lib/amd64/libj2pkcs11.so
7ff44bcf1000-7ff44bcf2000 r--p 0000e000 08:02 18747997                   /usr/lib/jvm/java-6-openjdk-amd64/jre/lib/amd64/libj2pkcs11.so
7ff44bcf2000-7ff44bcf3000 rw-p 0000f000 08:02 18747997                   /usr/lib/jvm/java-6-openjdk-amd64/jre/lib/amd64/libj2pkcs11.so
7ff44bcf3000-7ff44bcf5000 r--s 00013000 08:02 18489868                   /usr/lib/jvm/java-6-openjdk-common/jre/lib/jce.jar
7ff44bd01000-7ff44bd05000 r--s 0002f000 08:02 4722137                    /home/jam/.grails/ivy-cache/org.grails/grails-test/jars/grails-test-2.1.1.jar
7ff44bd05000-7ff44bd0b000 r--s 0006c000 08:02 4722135                    /home/jam/.grails/ivy-cache/org.grails/grails-plugin-testing/jars/grails-plugin-testing-2.1.1.jar
7ff44bd0b000-7ff44bd0c000 r--s 00002000 08:02 5636284                    /home/jam/.grails/ivy-cache/org.hibernate/hibernate-ehcache/jars/hibernate-ehcache-3.6.10.Final.jar
7ff44bd0c000-7ff44bd11000 r--s 00048000 08:02 5636282                    /home/jam/.grails/ivy-cache/dom4j/dom4j/jars/dom4j-1.6.1.jar
7ff44bd11000-7ff44bd16000 r--s 00068000 08:02 5636280                    /home/jam/.grails/ivy-cache/antlr/antlr/jars/antlr-2.7.7.jar
7ff44bd16000-7ff44bd1f000 r--s 00098000 08:02 5636278                    /home/jam/.grails/ivy-cache/org.javassist/javassist/jars/javassist-3.16.1-GA.jar
7ff44bd1f000-7ff44bd22000 r--s 00009000 08:02 5636286                    /home/jam/.grails/ivy-cache/javax.validation/validation-api/jars/validation-api-1.0.0.GA.jar
7ff44bd22000-7ff44bd29000 r--s 00040000 08:02 5636276                    /home/jam/.grails/ivy-cache/org.hibernate/hibernate-validator/jars/hibernate-validator-4.1.0.Final.jar
7ff44bd29000-7ff44bd2c000 r--s 0000f000 08:02 5636274                    /home/jam/.grails/ivy-cache/org.hibernate/hibernate-commons-annotations/jars/hibernate-commons-annotations-3.2.0.Final.jar
7ff44bd2c000-7ff44bd5e000 r--s 002c9000 08:02 5636272                    /home/jam/.grails/ivy-cache/org.hibernate/hibernate-core/jars/hibernate-core-3.6.10.Final.jar
7ff44bd5e000-7ff44bd67000 r--s 00080000 08:02 5767285                    /home/jam/.grails/ivy-cache/org.quartz-scheduler/quartz/jars/quartz-2.1.5.jar
7ff44bd67000-7ff44bd68000 r--s 00004000 08:02 5637614                    /home/jam/.grails/ivy-cache/net.sf.opencsv/opencsv/jars/opencsv-2.3.jar
7ff44bd68000-7ff44bd6e000 r--s 0007e000 08:02 5636695                    /home/jam/.grails/ivy-cache/postgresql/postgresql/jars/postgresql-9.1-901.jdbc4.jar
7ff44bd6e000-7ff44bd70000 r--s 00000000 08:02 4722133                    /home/jam/.grails/ivy-cache/org.slf4j/jul-to-slf4j/jars/jul-to-slf4j-1.6.2.jar
7ff44bd70000-7ff44bd72000 r--s 00003000 08:02 4722131                    /home/jam/.grails/ivy-cache/org.slf4j/jcl-over-slf4j/jars/jcl-over-slf4j-1.6.2.jar
7ff44bd72000-7ff44bd7b000 r--s 0006d000 08:02 4722129                    /home/jam/.grails/ivy-cache/log4j/log4j/bundles/log4j-1.2.16.jar
7ff44bd7b000-7ff44bd90000 r--s 000e3000 08:02 4722127                    /home/jam/.grails/ivy-cache/net.sf.ehcache/ehcache-core/jars/ehcache-core-2.4.6.jar
7ff44bd90000-7ff44bd92000 r--s 00005000 08:02 4722125                    /home/jam/.grails/ivy-cache/xpp3/xpp3_min/jars/xpp3_min-1.1.4c.jar
7ff44bd92000-7ff44bd94000 r--s 00004000 08:02 4722123                    /home/jam/.grails/ivy-cache/javax.servlet/jstl/jars/jstl-1.1.2.jar
7ff44bd94000-7ff44bd9e000 r--s 0012c000 08:02 4722121                    /home/jam/.grails/ivy-cache/com.h2database/h2/jars/h2-1.3.164.jar
7ff44bd9e000-7ff44bda1000 r--s 00016000 08:02 4722119                    /home/jam/.grails/ivy-cache/commons-pool/commons-pool/jars/commons-pool-1.5.6.jar
7ff44bda1000-7ff44bda4000 r--s 00025000 08:02 4722117                    /home/jam/.grails/ivy-cache/commons-dbcp/commons-dbcp/jars/commons-dbcp-1.4.jar
7ff44bda4000-7ff44bda6000 r--s 0000e000 08:02 4722115                    /home/jam/.grails/ivy-cache/oro/oro/jars/oro-2.0.8.jar
7ff44bda6000-7ff44bda8000 r--s 0000d000 08:02 4722113                    /home/jam/.grails/ivy-cache/commons-fileupload/commons-fileupload/jars/commons-fileupload-1.2.2.jar
7ff44bda8000-7ff44bda9000 r--s 0000a000 08:02 4722111                    /home/jam/.grails/ivy-cache/asm/asm/jars/asm-3.1.jar
7ff44bda9000-7ff44bdb0000 r--s 0003e000 08:02 4722109                    /home/jam/.grails/ivy-cache/cglib/cglib/jars/cglib-2.2.jar
7ff44bdb0000-7ff44bdb4000 r--s 00019000 08:02 4722107                    /home/jam/.grails/ivy-cache/org.aspectj/aspectjrt/jars/aspectjrt-1.6.10.jar
7ff44bdb4000-7ff44bdca000 r--s 00184000 08:02 4722105                    /home/jam/.grails/ivy-cache/org.aspectj/aspectjweaver/jars/aspectjweaver-1.6.10.jar
7ff44bdca000-7ff44bdd1000 r--s 00056000 08:02 4722103                    /home/jam/.grails/ivy-cache/org.grails/grails-datastore-simple/jars/grails-datastore-simple-1.1.0.RELEASE.jar
7ff44bdd1000-7ff44bdda000 r--s 00044000 08:02 4722101                    /home/jam/.grails/ivy-cache/org.grails/grails-datastore-core/jars/grails-datastore-core-1.1.0.RELEASE.jar
7ff44bdda000-7ff44bddf000 r--s 0004c000 08:02 4722099                    /home/jam/.grails/ivy-cache/org.grails/grails-datastore-gorm/jars/grails-datastore-gorm-1.1.0.RELEASE.jar
7ff44bddf000-7ff44bdea000 r--s 00082000 08:02 4722097                    /home/jam/.grails/ivy-cache/org.springframework/spring-webmvc/jars/spring-webmvc-3.1.2.RELEASE.jar
7ff44bdea000-7ff44bdff000 r-xp 00000000 08:02 18747986                   /usr/lib/jvm/java-6-openjdk-amd64/jre/lib/amd64/libnet.so
7ff44bdff000-7ff44bffe000 ---p 00015000 08:02 18747986                   /usr/lib/jvm/java-6-openjdk-amd64/jre/lib/amd64/libnet.so
7ff44bffe000-7ff44bfff000 r--p 00014000 08:02 18747986                   /usr/lib/jvm/java-6-openjdk-amd64/jre/lib/amd64/libnet.so
7ff44bfff000-7ff44c000000 rw-p 00015000 08:02 18747986                   /usr/lib/jvm/java-6-openjdk-amd64/jre/lib/amd64/libnet.so
7ff44c000000-7ff44c021000 rw-p 00000000 00:00 0 
7ff44c021000-7ff450000000 ---p 00000000 00:00 0 
7ff450004000-7ff450010000 r--s 0007a000 08:02 4722095                    /home/jam/.grails/ivy-cache/org.springframework/spring-web/jars/spring-web-3.1.2.RELEASE.jar
7ff450010000-7ff450017000 r--s 00035000 08:02 4722093                    /home/jam/.grails/ivy-cache/org.springframework/spring-tx/jars/spring-tx-3.1.2.RELEASE.jar
7ff450017000-7ff450020000 r--s 00054000 08:02 4722091                    /home/jam/.grails/ivy-cache/org.springframework/spring-orm/jars/spring-orm-3.1.2.RELEASE.jar
7ff450020000-7ff450025000 r--s 0002c000 08:02 4722089                    /home/jam/.grails/ivy-cache/org.springframework/spring-jms/jars/spring-jms-3.1.2.RELEASE.jar
7ff450025000-7ff45002f000 r--s 00059000 08:02 4722087                    /home/jam/.grails/ivy-cache/org.springframework/spring-jdbc/jars/spring-jdbc-3.1.2.RELEASE.jar
7ff45002f000-7ff450033000 r--s 00027000 08:02 4722085                    /home/jam/.grails/ivy-cache/org.springframework/spring-expression/jars/spring-expression-3.1.2.RELEASE.jar
7ff450033000-7ff450036000 r--s 00018000 08:02 4722083                    /home/jam/.grails/ivy-cache/org.springframework/spring-context-support/jars/spring-context-support-3.1.2.RELEASE.jar
7ff450036000-7ff45004b000 r--s 000b7000 08:02 4722081                    /home/jam/.grails/ivy-cache/org.springframework/spring-context/jars/spring-context-3.1.2.RELEASE.jar
7ff45004b000-7ff450057000 r--s 00085000 08:02 4722079                    /home/jam/.grails/ivy-cache/org.springframework/spring-beans/jars/spring-beans-3.1.2.RELEASE.jar
7ff450057000-7ff450058000 r--s 0000c000 08:02 4722077                    /home/jam/.grails/ivy-cache/org.springframework/spring-asm/jars/spring-asm-3.1.2.RELEASE.jar
7ff450058000-7ff45005a000 r--s 0000b000 08:02 4722075                    /home/jam/.grails/ivy-cache/org.springframework/spring-aspects/jars/spring-aspects-3.1.2.RELEASE.jar
7ff45005a000-7ff450063000 r--s 00049000 08:02 4722073                    /home/jam/.grails/ivy-cache/org.springframework/spring-aop/jars/spring-aop-3.1.2.RELEASE.jar
7ff450063000-7ff45006d000 r--s 00064000 08:02 4722071                    /home/jam/.grails/ivy-cache/org.springframework/spring-core/jars/spring-core-3.1.2.RELEASE.jar
7ff45006d000-7ff45006f000 r--s 00008000 08:02 4722069                    /home/jam/.grails/ivy-cache/org.grails/grails-plugin-validation/jars/grails-plugin-validation-2.1.1.jar
7ff45006f000-7ff450072000 r--s 0001c000 08:02 4722067                    /home/jam/.grails/ivy-cache/org.grails/grails-plugin-url-mappings/jars/grails-plugin-url-mappings-2.1.1.jar
7ff450072000-7ff450074000 r--s 0000f000 08:02 4722065                    /home/jam/.grails/ivy-cache/org.grails/grails-plugin-mimetypes/jars/grails-plugin-mimetypes-2.1.1.jar
7ff450074000-7ff450076000 r--s 00005000 08:02 4722063                    /home/jam/.grails/ivy-cache/org.grails/grails-plugin-servlets/jars/grails-plugin-servlets-2.1.1.jar
7ff450076000-7ff450077000 r--s 00008000 08:02 4722061                    /home/jam/.grails/ivy-cache/org.grails/grails-plugin-services/jars/grails-plugin-services-2.1.1.jar
7ff450077000-7ff450079000 r--s 00006000 08:02 4722059                    /home/jam/.grails/ivy-cache/org.grails/grails-plugin-scaffolding/jars/grails-plugin-scaffolding-2.1.1.jar
7ff450079000-7ff45007b000 r--s 0000e000 08:02 4722057                    /home/jam/.grails/ivy-cache/org.grails/grails-plugin-log4j/jars/grails-plugin-log4j-2.1.1.jar
7ff45007b000-7ff45007d000 r--s 00005000 08:02 4722055                    /home/jam/.grails/ivy-cache/org.grails/grails-plugin-i18n/jars/grails-plugin-i18n-2.1.1.jar
7ff45007d000-7ff450084000 r--s 0006d000 08:02 4722053                    /home/jam/.grails/ivy-cache/org.grails/grails-plugin-gsp/jars/grails-plugin-gsp-2.1.1.jar
7ff450084000-7ff450086000 r--s 0000e000 08:02 4722051                    /home/jam/.grails/ivy-cache/org.grails/grails-plugin-filters/jars/grails-plugin-filters-2.1.1.jar
7ff450086000-7ff450088000 r--s 00009000 08:02 4722049                    /home/jam/.grails/ivy-cache/org.grails/grails-plugin-datasource/jars/grails-plugin-datasource-2.1.1.jar
7ff450088000-7ff45008c000 r--s 00024000 08:02 4722047                    /home/jam/.grails/ivy-cache/org.grails/grails-plugin-converters/jars/grails-plugin-converters-2.1.1.jar
7ff45008c000-7ff45008f000 r--s 00019000 08:02 4722045                    /home/jam/.grails/ivy-cache/org.grails/grails-plugin-domain-class/jars/grails-plugin-domain-class-2.1.1.jar
7ff45008f000-7ff450093000 r--s 00028000 08:02 4722043                    /home/jam/.grails/ivy-cache/org.grails/grails-plugin-controllers/jars/grails-plugin-controllers-2.1.1.jar
7ff450093000-7ff450095000 r--s 00015000 08:02 4722041                    /home/jam/.grails/ivy-cache/org.grails/grails-plugin-codecs/jars/grails-plugin-codecs-2.1.1.jar
7ff450095000-7ff450096000 r--s 00000000 08:02 4722039                    /home/jam/.grails/ivy-cache/org.grails/grails-logging/jars/grails-logging-2.1.1.jar
7ff450096000-7ff450098000 r--s 00009000 08:02 4722037                    /home/jam/.grails/ivy-cache/org.grails/grails-spring/jars/grails-spring-2.1.1.jar
7ff450098000-7ff4500a2000 r--s 0008a000 08:02 4722035                    /home/jam/.grails/ivy-cache/org.grails/grails-hibernate/jars/grails-hibernate-2.1.1.jar
7ff4500a2000-7ff4500a4000 r--s 00009000 08:02 4722033                    /home/jam/.grails/ivy-cache/org.grails/grails-crud/jars/grails-crud-2.1.1.jar
7ff4500a4000-7ff4500a9000 r--s 00041000 08:02 4722025                    /home/jam/.grails/ivy-cache/commons-lang/commons-lang/jars/commons-lang-2.6.jar
7ff4500a9000-7ff4500ac000 r--s 00025000 08:02 4722023                    /home/jam/.grails/ivy-cache/commons-io/commons-io/jars/commons-io-2.1.jar
7ff4500ac000-7ff4500ba000 r--s 0007f000 08:02 4722021                    /home/jam/.grails/ivy-cache/commons-collections/commons-collections/jars/commons-collections-3.2.1.jar
7ff4500ba000-7ff4500bc000 r--s 00010000 08:02 4722019                    /home/jam/.grails/ivy-cache/commons-codec/commons-codec/jars/commons-codec-1.5.jar
7ff4500bc000-7ff4500be000 r--s 00000000 08:02 4722017                    /home/jam/.grails/ivy-cache/aopalliance/aopalliance/jars/aopalliance-1.0.jar
7ff4500be000-7ff4500c1000 r--s 0001f000 08:02 4722015                    /home/jam/.grails/ivy-cache/commons-validator/commons-validator/jars/commons-validator-1.3.1.jar
7ff4500c1000-7ff4500c4000 r--s 00019000 08:02 4722013                    /home/jam/.grails/ivy-cache/commons-el/commons-el/jars/commons-el-1.0.jar
7ff4500c4000-7ff4500c9000 r--s 00034000 08:02 4722011                    /home/jam/.grails/ivy-cache/commons-beanutils/commons-beanutils/jars/commons-beanutils-1.8.3.jar
7ff4500c9000-7ff450127000 r--s 00592000 08:02 4722009                    /home/jam/.grails/ivy-cache/org.codehaus.groovy/groovy-all/jars/groovy-all-1.8.8.jar
7ff450127000-7ff450129000 r--s 0000d000 08:02 5508471                    /home/jam/.grails/ivy-cache/org.grails/grails-plugin-tomcat/jars/grails-plugin-tomcat-2.1.1.jar
7ff450129000-7ff450139000 r--s 0019c000 08:02 5508469                    /home/jam/.grails/ivy-cache/org.eclipse.jdt.core.compiler/ecj/jars/ecj-3.7.2.jar
7ff450139000-7ff45013b000 r--s 00008000 08:02 5508467                    /home/jam/.grails/ivy-cache/org.apache.tomcat.embed/tomcat-embed-logging-juli/jars/tomcat-embed-logging-juli-7.0.30.jar
7ff45013b000-7ff45013d000 r--s 00013000 08:02 4721761                    /home/jam/.grails/ivy-cache/org.apache.tomcat.embed/tomcat-embed-logging-log4j/jars/tomcat-embed-logging-log4j-7.0.30.jar
7ff45013d000-7ff450148000 r--s 000b6000 08:02 4721759                    /home/jam/.grails/ivy-cache/org.apache.tomcat.embed/tomcat-embed-jasper/jars/tomcat-embed-jasper-7.0.30.jar
7ff450148000-7ff45016a000 r--s 00254000 08:02 4721757                    /home/jam/.grails/ivy-cache/org.apache.tomcat.embed/tomcat-embed-core/jars/tomcat-embed-core-7.0.30.jar
7ff45016a000-7ff450188000 r--s 001bb000 08:02 4721461                    /home/jam/.grails/ivy-cache/org.apache.ant/ant/jars/ant-1.8.2.jar
7ff450188000-7ff45018b000 ---p 00000000 00:00 0 
7ff45018b000-7ff450289000 rw-p 00000000 00:00 0 
7ff45028a000-7ff450290000 r--s 00027000 08:02 4722031                    /home/jam/.grails/ivy-cache/opensymphony/sitemesh/jars/sitemesh-2.4.jar
7ff450290000-7ff450295000 r--s 00015000 08:02 4722029                    /home/jam/.grails/ivy-cache/org.hibernate.javax.persistence/hibernate-jpa-2.0-api/jars/hibernate-jpa-2.0-api-1.0.1.Final.jar
7ff450295000-7ff450297000 r--s 0000c000 08:02 5508465                    /home/jam/.grails/ivy-cache/org.apache.tomcat/tomcat-catalina-ant/jars/tomcat-catalina-ant-7.0.30.jar
7ff450297000-7ff450298000 r--s 00001000 08:02 4721467                    /home/jam/.grails/ivy-cache/org.apache.ant/ant-trax/jars/ant-trax-1.7.1.jar
7ff450298000-7ff45029a000 r--s 00017000 08:02 4721465                    /home/jam/.grails/ivy-cache/org.apache.ant/ant-junit/jars/ant-junit-1.8.2.jar
7ff45029a000-7ff45029c000 r--s 00002000 08:02 4721463                    /home/jam/.grails/ivy-cache/org.apache.ant/ant-launcher/jars/ant-launcher-1.8.2.jar
7ff45029c000-7ff4502a3000 r--s 00037000 08:02 4721459                    /home/jam/.grails/ivy-cache/junit/junit/jars/junit-4.10.jar
7ff4502a3000-7ff4502a6000 r--s 0000b000 08:02 4721456                    /home/jam/.grails/ivy-cache/com.googlecode.concurrentlinkedhashmap/concurrentlinkedhashmap-lru/jars/concurrentlinkedhashmap-lru-1.2_jdk5.jar
7ff4502a6000-7ff4502ac000 r--s 00033000 08:02 4721454                    /home/jam/.grails/ivy-cache/org.springframework/spring-test/jars/spring-test-3.1.2.RELEASE.jar
7ff4502ac000-7ff4502ae000 r--s 00005000 08:02 4721452                    /home/jam/.grails/ivy-cache/org.slf4j/slf4j-api/jars/slf4j-api-1.6.2.jar
7ff4502ae000-7ff4502bb000 r--s 000b7000 08:02 4721450                    /home/jam/.grails/ivy-cache/org.grails/grails-web/jars/grails-web-2.1.1.jar
7ff4502bb000-7ff4502be000 r--s 00026000 08:02 4721448                    /home/jam/.grails/ivy-cache/org.grails/grails-resources/jars/grails-resources-2.1.1.jar
7ff4502be000-7ff4502cc000 r--s 000b5000 08:02 4721446                    /home/jam/.grails/ivy-cache/org.grails/grails-core/jars/grails-core-2.1.1.jar
7ff4502cc000-7ff4502d7000 r--s 000fe000 08:02 4721444                    /home/jam/.grails/ivy-cache/org.grails/grails-scripts/jars/grails-scripts-2.1.1.jar
7ff4502d7000-7ff4502e0000 r--s 000a8000 08:02 4721442                    /home/jam/.grails/ivy-cache/org.grails/grails-bootstrap/jars/grails-bootstrap-2.1.1.jar
7ff4502e0000-7ff4502e3000 r--s 00044000 08:02 4721440                    /home/jam/.grails/ivy-cache/org.grails/grails-docs/jars/grails-docs-2.1.1.jar
7ff4502e3000-7ff4502e6000 r--s 00041000 08:02 4721438                    /home/jam/.grails/ivy-cache/xalan/serializer/jars/serializer-2.7.1.jar
7ff4502e6000-7ff45030b000 r--s 00172000 08:02 4721397                    /home/jam/.grails/ivy-cache/org.bouncycastle/bcprov-jdk15/jars/bcprov-jdk15-1.45.jar
7ff45030b000-7ff450320000 r-xp 00000000 08:02 8650802                    /tmp/jna7804047349474806881.tmp
7ff450320000-7ff45041f000 ---p 00015000 08:02 8650802                    /tmp/jna7804047349474806881.tmp
7ff45041f000-7ff450421000 rw-p 00014000 08:02 8650802                    /tmp/jna7804047349474806881.tmp
7ff450421000-7ff450422000 ---p 00000000 00:00 0 
7ff450422000-7ff450522000 rw-p 00000000 00:00 0 
7ff450522000-7ff450525000 ---p 00000000 00:00 0 
7ff450525000-7ff450623000 rw-p 00000000 00:00 0 
7ff450623000-7ff450626000 ---p 00000000 00:00 0 
7ff450626000-7ff450724000 rw-p 00000000 00:00 0 
7ff450724000-7ff450727000 ---p 00000000 00:00 0 
7ff450727000-7ff450825000 rw-p 00000000 00:00 0 
7ff450825000-7ff451000000 r--p 00000000 08:02 16128286                   /usr/lib/locale/locale-archive
7ff451000000-7ff451480000 rwxp 00000000 00:00 0 
7ff451480000-7ff454d4a000 rw-p 00000000 00:00 0 
7ff454d4a000-7ff458000000 ---p 00000000 00:00 0 
7ff458001000-7ff458004000 r--s 000cf000 08:02 4721436                    /home/jam/.grails/ivy-cache/net.java.dev.jna/jna/jars/jna-3.2.3.jar
7ff458004000-7ff458006000 r--s 00008000 08:02 4721434                    /home/jam/.grails/ivy-cache/org.fusesource.jansi/jansi/jars/jansi-1.2.1.jar
7ff458006000-7ff458015000 r--s 000d9000 08:02 4721424                    /home/jam/.grails/ivy-cache/org.apache.ivy/ivy/jars/ivy-2.2.0.jar
7ff458015000-7ff458017000 r--s 00015000 08:02 4721422                    /home/jam/.grails/ivy-cache/jline/jline/jars/jline-1.0.jar
7ff458017000-7ff45801c000 r--s 00024000 08:02 4721394                    /home/jam/.grails/ivy-cache/org.bouncycastle/bcpg-jdk15/jars/bcpg-jdk15-1.45.jar
7ff45801c000-7ff45801d000 r--s 00003000 08:02 4721392                    /home/jam/.grails/ivy-cache/com.googlecode.json-simple/json-simple/jars/json-simple-1.1.jar
7ff45801d000-7ff458023000 r--s 00068000 08:02 4721389                    /home/jam/.grails/ivy-cache/com.google.protobuf/protobuf-java/jars/protobuf-java-2.4.1.jar
7ff458023000-7ff458026000 r--s 0001a000 08:02 4721386                    /home/jam/.grails/ivy-cache/org.springframework.uaa/org.springframework.uaa.client/bundles/org.springframework.uaa.client-1.0.1.RELEASE.jar
7ff458026000-7ff458086000 r--s 00d92000 08:02 18877160                   /usr/lib/jvm/java-6-openjdk-amd64/lib/tools.jar
7ff458086000-7ff45808b000 r--s 00050000 08:02 4587551                    /home/jam/Applications/grails-2.1.1/lib/org.codehaus.gant/gant_groovy1.8/jars/gant_groovy1.8-1.9.6.jar
7ff45808b000-7ff4580a9000 r--s 001bb000 08:02 15997849                   /home/jam/Applications/grails-2.1.1/lib/org.apache.ant/ant/jars/ant-1.8.2.jar
7ff4580a9000-7ff4580b8000 r--s 000d9000 08:02 3933556                    /home/jam/Applications/grails-2.1.1/lib/org.apache.ivy/ivy/jars/ivy-2.2.0.jar
7ff4580b8000-7ff4580ba000 r--s 00009000 08:02 15730918                   /home/jam/Applications/grails-2.1.1/lib/commons-cli/commons-cli/jars/commons-cli-1.2.jar
7ff4580ba000-7ff4580bd000 r--s 000cf000 08:02 15997829                   /home/jam/Applications/grails-2.1.1/lib/net.java.dev.jna/jna/jars/jna-3.2.3.jar
7ff4580bd000-7ff45811b000 r--s 00592000 08:02 4587821                    /home/jam/Applications/grails-2.1.1/lib/org.codehaus.groovy/groovy-all/jars/groovy-all-1.8.8.jar
7ff45811b000-7ff45811e000 ---p 00000000 00:00 0 
7ff45811e000-7ff45821c000 rw-p 00000000 00:00 0 
7ff45821c000-7ff45821f000 ---p 00000000 00:00 0 
7ff45821f000-7ff45831d000 rw-p 00000000 00:00 0 
7ff45831d000-7ff458320000 ---p 00000000 00:00 0 
7ff458320000-7ff45841e000 rw-p 00000000 00:00 0 
7ff45841e000-7ff45841f000 ---p 00000000 00:00 0 
7ff45841f000-7ff458a57000 rw-p 00000000 00:00 0 
7ff458a57000-7ff458be9000 r--s 037bf000 08:02 18616443                   /usr/lib/jvm/java-6-openjdk-amd64/jre/lib/rt.jar
7ff458be9000-7ff458c11000 rw-p 00000000 00:00 0 
7ff458c11000-7ff458c12000 ---p 00000000 00:00 0 
7ff458c12000-7ff458d12000 rw-p 00000000 00:00 0 
7ff458d12000-7ff458d13000 ---p 00000000 00:00 0 
7ff458d13000-7ff458e13000 rw-p 00000000 00:00 0 
7ff458e13000-7ff458e14000 ---p 00000000 00:00 0 
7ff458e14000-7ff458f14000 rw-p 00000000 00:00 0 
7ff458f14000-7ff458f15000 ---p 00000000 00:00 0 
7ff458f15000-7ff459215000 rw-p 00000000 00:00 0 
7ff459215000-7ff459396000 rw-p 00000000 00:00 0 
7ff459396000-7ff45939d000 r-xp 00000000 08:02 18748006                   /usr/lib/jvm/java-6-openjdk-amd64/jre/lib/amd64/libzip.so
7ff45939d000-7ff45959c000 ---p 00007000 08:02 18748006                   /usr/lib/jvm/java-6-openjdk-amd64/jre/lib/amd64/libzip.so
7ff45959c000-7ff45959d000 r--p 00006000 08:02 18748006                   /usr/lib/jvm/java-6-openjdk-amd64/jre/lib/amd64/libzip.so
7ff45959d000-7ff45959e000 rw-p 00007000 08:02 18748006                   /usr/lib/jvm/java-6-openjdk-amd64/jre/lib/amd64/libzip.so
7ff45959e000-7ff4595aa000 r-xp 00000000 08:02 16256549                   /lib/x86_64-linux-gnu/libnss_files-2.15.so
7ff4595aa000-7ff4597a9000 ---p 0000c000 08:02 16256549                   /lib/x86_64-linux-gnu/libnss_files-2.15.so
7ff4597a9000-7ff4597aa000 r--p 0000b000 08:02 16256549                   /lib/x86_64-linux-gnu/libnss_files-2.15.so
7ff4597aa000-7ff4597ab000 rw-p 0000c000 08:02 16256549                   /lib/x86_64-linux-gnu/libnss_files-2.15.so
7ff4597ab000-7ff4597b5000 r-xp 00000000 08:02 16256553                   /lib/x86_64-linux-gnu/libnss_nis-2.15.so
7ff4597b5000-7ff4599b5000 ---p 0000a000 08:02 16256553                   /lib/x86_64-linux-gnu/libnss_nis-2.15.so
7ff4599b5000-7ff4599b6000 r--p 0000a000 08:02 16256553                   /lib/x86_64-linux-gnu/libnss_nis-2.15.so
7ff4599b6000-7ff4599b7000 rw-p 0000b000 08:02 16256553                   /lib/x86_64-linux-gnu/libnss_nis-2.15.so
7ff4599b7000-7ff4599ce000 r-xp 00000000 08:02 16256543                   /lib/x86_64-linux-gnu/libnsl-2.15.so
7ff4599ce000-7ff459bcd000 ---p 00017000 08:02 16256543                   /lib/x86_64-linux-gnu/libnsl-2.15.so
7ff459bcd000-7ff459bce000 r--p 00016000 08:02 16256543                   /lib/x86_64-linux-gnu/libnsl-2.15.so
7ff459bce000-7ff459bcf000 rw-p 00017000 08:02 16256543                   /lib/x86_64-linux-gnu/libnsl-2.15.so
7ff459bcf000-7ff459bd1000 rw-p 00000000 00:00 0 
7ff459bd1000-7ff459bd9000 r-xp 00000000 08:02 16256545                   /lib/x86_64-linux-gnu/libnss_compat-2.15.so
7ff459bd9000-7ff459dd8000 ---p 00008000 08:02 16256545                   /lib/x86_64-linux-gnu/libnss_compat-2.15.so
7ff459dd8000-7ff459dd9000 r--p 00007000 08:02 16256545                   /lib/x86_64-linux-gnu/libnss_compat-2.15.so
7ff459dd9000-7ff459dda000 rw-p 00008000 08:02 16256545                   /lib/x86_64-linux-gnu/libnss_compat-2.15.so
7ff459dda000-7ff459de3000 r-xp 00000000 08:02 18747976                   /usr/lib/jvm/java-6-openjdk-amd64/jre/lib/amd64/libinstrument.so
7ff459de3000-7ff459fe3000 ---p 00009000 08:02 18747976                   /usr/lib/jvm/java-6-openjdk-amd64/jre/lib/amd64/libinstrument.so
7ff459fe3000-7ff459fe4000 r--p 00009000 08:02 18747976                   /usr/lib/jvm/java-6-openjdk-amd64/jre/lib/amd64/libinstrument.so
7ff459fe4000-7ff459fe5000 rw-p 0000a000 08:02 18747976                   /usr/lib/jvm/java-6-openjdk-amd64/jre/lib/amd64/libinstrument.so
7ff459fe5000-7ff45a011000 r-xp 00000000 08:02 18747994                   /usr/lib/jvm/java-6-openjdk-amd64/jre/lib/amd64/libjava.so
7ff45a011000-7ff45a210000 ---p 0002c000 08:02 18747994                   /usr/lib/jvm/java-6-openjdk-amd64/jre/lib/amd64/libjava.so
7ff45a210000-7ff45a211000 r--p 0002b000 08:02 18747994                   /usr/lib/jvm/java-6-openjdk-amd64/jre/lib/amd64/libjava.so
7ff45a211000-7ff45a214000 rw-p 0002c000 08:02 18747994                   /usr/lib/jvm/java-6-openjdk-amd64/jre/lib/amd64/libjava.so
7ff45a214000-7ff45a222000 r-xp 00000000 08:02 18747993                   /usr/lib/jvm/java-6-openjdk-amd64/jre/lib/amd64/libverify.so
7ff45a222000-7ff45a421000 ---p 0000e000 08:02 18747993                   /usr/lib/jvm/java-6-openjdk-amd64/jre/lib/amd64/libverify.so
7ff45a421000-7ff45a423000 r--p 0000d000 08:02 18747993                   /usr/lib/jvm/java-6-openjdk-amd64/jre/lib/amd64/libverify.so
7ff45a423000-7ff45a424000 rw-p 0000f000 08:02 18747993                   /usr/lib/jvm/java-6-openjdk-amd64/jre/lib/amd64/libverify.so
7ff45a424000-7ff45a42b000 r-xp 00000000 08:02 16256584                   /lib/x86_64-linux-gnu/librt-2.15.so
7ff45a42b000-7ff45a62a000 ---p 00007000 08:02 16256584                   /lib/x86_64-linux-gnu/librt-2.15.so
7ff45a62a000-7ff45a62b000 r--p 00006000 08:02 16256584                   /lib/x86_64-linux-gnu/librt-2.15.so
7ff45a62b000-7ff45a62c000 rw-p 00007000 08:02 16256584                   /lib/x86_64-linux-gnu/librt-2.15.so
7ff45a62c000-7ff45a641000 r-xp 00000000 08:02 16256519                   /lib/x86_64-linux-gnu/libgcc_s.so.1
7ff45a641000-7ff45a840000 ---p 00015000 08:02 16256519                   /lib/x86_64-linux-gnu/libgcc_s.so.1
7ff45a840000-7ff45a841000 r--p 00014000 08:02 16256519                   /lib/x86_64-linux-gnu/libgcc_s.so.1
7ff45a841000-7ff45a842000 rw-p 00015000 08:02 16256519                   /lib/x86_64-linux-gnu/libgcc_s.so.1
7ff45a842000-7ff45a93b000 r-xp 00000000 08:02 16256530                   /lib/x86_64-linux-gnu/libm-2.15.so
7ff45a93b000-7ff45ab3a000 ---p 000f9000 08:02 16256530                   /lib/x86_64-linux-gnu/libm-2.15.so
7ff45ab3a000-7ff45ab3b000 r--p 000f8000 08:02 16256530                   /lib/x86_64-linux-gnu/libm-2.15.so
7ff45ab3b000-7ff45ab3c000 rw-p 000f9000 08:02 16256530                   /lib/x86_64-linux-gnu/libm-2.15.so
7ff45ab3c000-7ff45ac1e000 r-xp 00000000 08:02 16129397                   /usr/lib/x86_64-linux-gnu/libstdc++.so.6.0.16
7ff45ac1e000-7ff45ae1d000 ---p 000e2000 08:02 16129397                   /usr/lib/x86_64-linux-gnu/libstdc++.so.6.0.16
7ff45ae1d000-7ff45ae25000 r--p 000e1000 08:02 16129397                   /usr/lib/x86_64-linux-gnu/libstdc++.so.6.0.16
7ff45ae25000-7ff45ae27000 rw-p 000e9000 08:02 16129397                   /usr/lib/x86_64-linux-gnu/libstdc++.so.6.0.16
7ff45ae27000-7ff45ae3c000 rw-p 00000000 00:00 0 
7ff45ae3c000-7ff45b740000 r-xp 00000000 08:02 18877146                   /usr/lib/jvm/java-6-openjdk-amd64/jre/lib/amd64/server/libjvm.so
7ff45b740000-7ff45b940000 ---p 00904000 08:02 18877146                   /usr/lib/jvm/java-6-openjdk-amd64/jre/lib/amd64/server/libjvm.so
7ff45b940000-7ff45b9c0000 r--p 00904000 08:02 18877146                   /usr/lib/jvm/java-6-openjdk-amd64/jre/lib/amd64/server/libjvm.so
7ff45b9c0000-7ff45b9db000 rw-p 00984000 08:02 18877146                   /usr/lib/jvm/java-6-openjdk-amd64/jre/lib/amd64/server/libjvm.so
7ff45b9db000-7ff45ba04000 rw-p 00000000 00:00 0 
7ff45ba04000-7ff45ba1a000 r-xp 00000000 08:02 16256609                   /lib/x86_64-linux-gnu/libz.so.1.2.3.4
7ff45ba1a000-7ff45bc19000 ---p 00016000 08:02 16256609                   /lib/x86_64-linux-gnu/libz.so.1.2.3.4
7ff45bc19000-7ff45bc1a000 r--p 00015000 08:02 16256609                   /lib/x86_64-linux-gnu/libz.so.1.2.3.4
7ff45bc1a000-7ff45bc1b000 rw-p 00016000 08:02 16256609                   /lib/x86_64-linux-gnu/libz.so.1.2.3.4
7ff45bc1b000-7ff45bdce000 r-xp 00000000 08:02 16256498                   /lib/x86_64-linux-gnu/libc-2.15.so
7ff45bdce000-7ff45bfcd000 ---p 001b3000 08:02 16256498                   /lib/x86_64-linux-gnu/libc-2.15.so
7ff45bfcd000-7ff45bfd1000 r--p 001b2000 08:02 16256498                   /lib/x86_64-linux-gnu/libc-2.15.so
7ff45bfd1000-7ff45bfd3000 rw-p 001b6000 08:02 16256498                   /lib/x86_64-linux-gnu/libc-2.15.so
7ff45bfd3000-7ff45bfd8000 rw-p 00000000 00:00 0 
7ff45bfd8000-7ff45bfda000 r-xp 00000000 08:02 16256511                   /lib/x86_64-linux-gnu/libdl-2.15.so
7ff45bfda000-7ff45c1da000 ---p 00002000 08:02 16256511                   /lib/x86_64-linux-gnu/libdl-2.15.so
7ff45c1da000-7ff45c1db000 r--p 00002000 08:02 16256511                   /lib/x86_64-linux-gnu/libdl-2.15.so
7ff45c1db000-7ff45c1dc000 rw-p 00003000 08:02 16256511                   /lib/x86_64-linux-gnu/libdl-2.15.so
7ff45c1dc000-7ff45c1e0000 r-xp 00000000 08:02 18747978                   /usr/lib/jvm/java-6-openjdk-amd64/jre/lib/amd64/jli/libjli.so
7ff45c1e0000-7ff45c3df000 ---p 00004000 08:02 18747978                   /usr/lib/jvm/java-6-openjdk-amd64/jre/lib/amd64/jli/libjli.so
7ff45c3df000-7ff45c3e0000 r--p 00003000 08:02 18747978                   /usr/lib/jvm/java-6-openjdk-amd64/jre/lib/amd64/jli/libjli.so
7ff45c3e0000-7ff45c3e1000 rw-p 00004000 08:02 18747978                   /usr/lib/jvm/java-6-openjdk-amd64/jre/lib/amd64/jli/libjli.so
7ff45c3e1000-7ff45c3f9000 r-xp 00000000 08:02 16256578                   /lib/x86_64-linux-gnu/libpthread-2.15.so
7ff45c3f9000-7ff45c5f8000 ---p 00018000 08:02 16256578                   /lib/x86_64-linux-gnu/libpthread-2.15.so
7ff45c5f8000-7ff45c5f9000 r--p 00017000 08:02 16256578                   /lib/x86_64-linux-gnu/libpthread-2.15.so
7ff45c5f9000-7ff45c5fa000 rw-p 00018000 08:02 16256578                   /lib/x86_64-linux-gnu/libpthread-2.15.so
7ff45c5fa000-7ff45c5fe000 rw-p 00000000 00:00 0 
7ff45c5fe000-7ff45c620000 r-xp 00000000 08:02 16256478                   /lib/x86_64-linux-gnu/ld-2.15.so
7ff45c620000-7ff45c627000 r--s 000fb000 08:02 18489889                   /usr/lib/jvm/java-6-openjdk-common/jre/lib/resources.jar
7ff45c627000-7ff45c62e000 r--s 00067000 08:02 15730908                   /home/jam/Applications/grails-2.1.1/lib/com.springsource.springloaded/springloaded-core/jars/springloaded-core-1.0.6.jar
7ff45c62e000-7ff45c637000 r--s 000a8000 08:02 15731003                   /home/jam/Applications/grails-2.1.1/dist/grails-bootstrap-2.1.1.jar
7ff45c637000-7ff45c649000 rw-p 00000000 00:00 0 
7ff45c649000-7ff45c6f7000 rw-p 00000000 00:00 0 
7ff45c6f7000-7ff45c6fa000 ---p 00000000 00:00 0 
7ff45c6fa000-7ff45c7fd000 rw-p 00000000 00:00 0 
7ff45c7fd000-7ff45c7fe000 r--s 00003000 08:02 4722027                    /home/jam/.grails/ivy-cache/javax.transaction/jta/jars/jta-1.1.jar
7ff45c7fe000-7ff45c800000 r--s 00008000 08:02 4587896                    /home/jam/Applications/grails-2.1.1/lib/org.fusesource.jansi/jansi/jars/jansi-1.2.1.jar
7ff45c800000-7ff45c802000 r--s 00015000 08:02 15862296                   /home/jam/Applications/grails-2.1.1/lib/jline/jline/jars/jline-1.0.jar
7ff45c802000-7ff45c805000 r--s 0007d000 08:02 18489867                   /usr/lib/jvm/java-6-openjdk-common/jre/lib/jsse.jar
7ff45c805000-7ff45c809000 r--s 00038000 08:02 18489882                   /usr/lib/jvm/java-6-openjdk-common/jre/lib/ext/sunpkcs11.jar
7ff45c809000-7ff45c80c000 r--s 00031000 08:02 18489884                   /usr/lib/jvm/java-6-openjdk-common/jre/lib/ext/sunjce_provider.jar
7ff45c80c000-7ff45c80d000 r--s 00007000 08:02 16651090                   /usr/share/java/java-atk-wrapper.jar
7ff45c80d000-7ff45c810000 r--s 00077000 08:02 18489883                   /usr/lib/jvm/java-6-openjdk-common/jre/lib/ext/localedata.jar
7ff45c810000-7ff45c812000 r--s 00001000 08:02 18489885                   /usr/lib/jvm/java-6-openjdk-common/jre/lib/ext/dnsns.jar
7ff45c812000-7ff45c814000 r--s 0000f000 08:02 18489886                   /usr/lib/jvm/java-6-openjdk-common/jre/lib/ext/pulse-java.jar
7ff45c814000-7ff45c81c000 rw-s 00000000 08:02 8650801                    /tmp/hsperfdata_jam/12967
7ff45c81c000-7ff45c81d000 rw-p 00000000 00:00 0 
7ff45c81d000-7ff45c81e000 ---p 00000000 00:00 0 
7ff45c81e000-7ff45c820000 rw-p 00000000 00:00 0 
7ff45c820000-7ff45c821000 r--p 00022000 08:02 16256478                   /lib/x86_64-linux-gnu/ld-2.15.so
7ff45c821000-7ff45c823000 rw-p 00023000 08:02 16256478                   /lib/x86_64-linux-gnu/ld-2.15.so
7fff45947000-7fff45968000 rw-p 00000000 00:00 0                          [stack]
7fff459ff000-7fff45a00000 r-xp 00000000 00:00 0                          [vdso]
ffffffffff600000-ffffffffff601000 r-xp 00000000 00:00 0                  [vsyscall]

VM Arguments:
jvm_args: -Xmx768M -Xms768M -XX:PermSize=256m -XX:MaxPermSize=256m -Dfile.encoding=UTF-8 -Dserver.port=8080 -Djline.WindowsTerminal.directConsole=false -javaagent:/home/jam/Applications/grails-2.1.1/lib/com.springsource.springloaded/springloaded-core/jars/springloaded-core-1.0.6.jar -Xverify:none -Dspringloaded=profile=grails;cacheDir=/home/jam/.grails/2.1.1/ -Dgrails.home=/home/jam/Applications/grails-2.1.1 -Dtools.jar=/usr/lib/jvm/default-java/lib/tools.jar 
java_command: org.codehaus.groovy.grails.cli.support.GrailsStarter --main org.codehaus.groovy.grails.cli.GrailsScriptRunner --conf /home/jam/Applications/grails-2.1.1/conf/groovy-starter.conf --classpath   run-app
Launcher Type: SUN_STANDARD

Environment Variables:
JAVA_HOME=/usr/lib/jvm/default-java
PATH=/usr/lib/lightdm/lightdm:/usr/local/sbin:/usr/local/bin:/usr/sbin:/usr/bin:/sbin:/bin:/usr/games
LD_LIBRARY_PATH=/usr/lib/jvm/java-6-openjdk-amd64/jre/lib/amd64/server:/usr/lib/jvm/java-6-openjdk-amd64/jre/lib/amd64:/usr/lib/jvm/java-6-openjdk-amd64/jre/../lib/amd64
SHELL=/bin/bash
DISPLAY=:0

Signal Handlers:
SIGSEGV: [libjvm.so+0x784310], sa_mask[0]=0x7ffbfeff, sa_flags=0x10000004
SIGBUS: [libjvm.so+0x784310], sa_mask[0]=0x7ffbfeff, sa_flags=0x10000004
SIGFPE: [libjvm.so+0x648580], sa_mask[0]=0x7ffbfeff, sa_flags=0x10000004
SIGPIPE: SIG_IGN, sa_mask[0]=0x00000000, sa_flags=0x00000000
SIGXFSZ: [libjvm.so+0x648580], sa_mask[0]=0x7ffbfeff, sa_flags=0x10000004
SIGILL: [libjvm.so+0x648580], sa_mask[0]=0x7ffbfeff, sa_flags=0x10000004
SIGUSR1: SIG_DFL, sa_mask[0]=0x00000000, sa_flags=0x00000000
SIGUSR2: [libjvm.so+0x648730], sa_mask[0]=0x00000004, sa_flags=0x10000004
SIGHUP: [libjvm.so+0x64b250], sa_mask[0]=0x7ffbfeff, sa_flags=0x10000004
SIGINT: SIG_IGN, sa_mask[0]=0x00000000, sa_flags=0x00000000
SIGTERM: [libjvm.so+0x64b250], sa_mask[0]=0x7ffbfeff, sa_flags=0x10000004
SIGQUIT: [libjvm.so+0x64b250], sa_mask[0]=0x7ffbfeff, sa_flags=0x10000004


---------------  S Y S T E M  ---------------

OS:Ubuntu 12.04 (precise)
uname:Linux 3.2.0-31-generic #50-Ubuntu SMP Fri Sep 7 16:16:45 UTC 2012 x86_64
libc:glibc 2.15 NPTL 2.15 
rlimit: STACK 8192k, CORE 0k, NPROC 59519, NOFILE 4096, AS infinity
load average:1.08 0.91 1.11

/proc/meminfo:
MemTotal:        7636272 kB
MemFree:         3614432 kB
Buffers:          140616 kB
Cached:          1340756 kB
SwapCached:            0 kB
Active:          2850292 kB
Inactive:         668240 kB
Active(anon):    2038080 kB
Inactive(anon):     8716 kB
Active(file):     812212 kB
Inactive(file):   659524 kB
Unevictable:          60 kB
Mlocked:              60 kB
SwapTotal:       7837776 kB
SwapFree:        7837776 kB
Dirty:               412 kB
Writeback:             0 kB
AnonPages:       2037308 kB
Mapped:           309588 kB
Shmem:              9640 kB
Slab:             127356 kB
SReclaimable:      92604 kB
SUnreclaim:        34752 kB
KernelStack:        4352 kB
PageTables:        42296 kB
NFS_Unstable:          0 kB
Bounce:                0 kB
WritebackTmp:          0 kB
CommitLimit:    11655912 kB
Committed_AS:    5628668 kB
VmallocTotal:   34359738367 kB
VmallocUsed:      135720 kB
VmallocChunk:   34359600528 kB
HardwareCorrupted:     0 kB
AnonHugePages:         0 kB
HugePages_Total:       0
HugePages_Free:        0
HugePages_Rsvd:        0
HugePages_Surp:        0
Hugepagesize:       2048 kB
DirectMap4k:      227328 kB
DirectMap2M:     4472832 kB
DirectMap1G:     3145728 kB


CPU:total 4 (4 cores per cpu, 1 threads per core) family 18 model 1 stepping 0, cmov, cx8, fxsr, mmx, sse, sse2, sse3, popcnt, mmxext, 3dnowpref, lzcnt, sse4a

Memory: 4k page, physical 7636272k(3614432k free), swap 7837776k(7837776k free)

vm_info: OpenJDK 64-Bit Server VM (20.0-b12) for linux-amd64 JRE (1.6.0_24-b24), built on Sep  2 2012 19:50:47 by "buildd" with gcc 4.6.3

time: Mon Oct  1 22:41:17 2012
elapsed time: 13 seconds

