#
# A fatal error has been detected by the Java Runtime Environment:
#
#  Internal Error (classFileParser.cpp:3494), pid=7909, tid=140015067502336
#  Error: ShouldNotReachHere()
#
# JRE version: 6.0_24-b24
# Java VM: OpenJDK 64-Bit Server VM (20.0-b12 mixed mode linux-amd64 compressed oops)
# Derivative: IcedTea6 1.11.4
# Distribution: Ubuntu 12.04 LTS, package 6b24-1.11.4-1ubuntu0.12.04.1
# If you would like to submit a bug report, please include
# instructions how to reproduce the bug and visit:
#   https://bugs.launchpad.net/ubuntu/+source/openjdk-6/
#

---------------  T H R E A D  ---------------

Current thread (0x00007f5778001000):  JavaThread "localhost-startStop-1" daemon [_thread_in_vm, id=7960, stack(0x00007f57cc4c9000,0x00007f57cc5ca000)]

Stack: [0x00007f57cc4c9000,0x00007f57cc5ca000],  sp=0x00007f57cc5c53d0,  free space=1008k
Native frames: (J=compiled Java code, j=interpreted, Vv=VM code, C=native code)
V  [libjvm.so+0x7836d5]  VMError::report(outputStream*)+0x1255
V  [libjvm.so+0x783959]  VMError::report_and_die()+0x169
V  [libjvm.so+0x3bb18a]  report_vm_error(char const*, int, char const*, char const*)+0x4a
V  [libjvm.so+0x351555]  ClassFileParser::parseClassFile(symbolHandle, Handle, Handle, KlassHandle, GrowableArray<Handle>*, symbolHandle&, bool, Thread*)+0x1545
V  [libjvm.so+0x7194d7]  SystemDictionary::resolve_from_stream(symbolHandle, Handle, Handle, ClassFileStream*, bool, Thread*)+0xe7
V  [libjvm.so+0x4e5c40]  jvm_define_class_common(JNIEnv_*, char const*, _jobject*, signed char const*, int, _jobject*, char const*, unsigned char, Thread*)+0x220
V  [libjvm.so+0x4e6e89]  JVM_DefineClassWithSource+0xa9
C  [libjava.so+0x10f3a]  Java_java_lang_ClassLoader_defineClass1+0x29a
j  java.lang.ClassLoader.defineClass1(Ljava/lang/String;[BIILjava/security/ProtectionDomain;Ljava/lang/String;)Ljava/lang/Class;+0
j  java.lang.ClassLoader.defineClass(Ljava/lang/String;[BIILjava/security/ProtectionDomain;)Ljava/lang/Class;+30
j  java.security.SecureClassLoader.defineClass(Ljava/lang/String;[BIILjava/security/CodeSource;)Ljava/lang/Class;+27
j  java.net.URLClassLoader.defineClass(Ljava/lang/String;Lsun/misc/Resource;)Ljava/lang/Class;+253

Java frames: (J=compiled Java code, j=interpreted, Vv=VM code)
j  java.lang.ClassLoader.defineClass1(Ljava/lang/String;[BIILjava/security/ProtectionDomain;Ljava/lang/String;)Ljava/lang/Class;+0
j  java.lang.ClassLoader.defineClass(Ljava/lang/String;[BIILjava/security/ProtectionDomain;)Ljava/lang/Class;+30
j  java.security.SecureClassLoader.defineClass(Ljava/lang/String;[BIILjava/security/CodeSource;)Ljava/lang/Class;+27
j  java.net.URLClassLoader.defineClass(Ljava/lang/String;Lsun/misc/Resource;)Ljava/lang/Class;+253
J  java.net.URLClassLoader$1.run()Ljava/lang/Object;
v  ~StubRoutines::call_stub
J  java.security.AccessController.doPrivileged(Ljava/security/PrivilegedExceptionAction;Ljava/security/AccessControlContext;)Ljava/lang/Object;
J  java.net.URLClassLoader.findClass(Ljava/lang/String;)Ljava/lang/Class;
J  java.lang.ClassLoader.loadClass(Ljava/lang/String;Z)Ljava/lang/Class;
J  java.lang.ClassLoader.loadClass(Ljava/lang/String;)Ljava/lang/Class;
v  ~StubRoutines::call_stub
j  java.lang.Class.forName0(Ljava/lang/String;ZLjava/lang/ClassLoader;)Ljava/lang/Class;+0
j  java.lang.Class.forName(Ljava/lang/String;)Ljava/lang/Class;+5
j  BootStrap$_closure1.class$(Ljava/lang/String;)Ljava/lang/Class;+33
j  BootStrap$_closure1.$get$$class$org$greens$VoterContactManager$FloridaBootStrap()Ljava/lang/Class;+109
j  BootStrap$_closure1.doCall(Ljava/lang/Object;)Ljava/lang/Object;+182
v  ~StubRoutines::call_stub
j  sun.reflect.NativeMethodAccessorImpl.invoke0(Ljava/lang/reflect/Method;Ljava/lang/Object;[Ljava/lang/Object;)Ljava/lang/Object;+0
j  sun.reflect.NativeMethodAccessorImpl.invoke(Ljava/lang/Object;[Ljava/lang/Object;)Ljava/lang/Object;+87
J  java.lang.reflect.Method.invoke(Ljava/lang/Object;[Ljava/lang/Object;)Ljava/lang/Object;
J  com.springsource.loaded.ri.ReflectiveInterceptor.jlrMethodInvoke(Ljava/lang/reflect/Method;Ljava/lang/Object;[Ljava/lang/Object;)Ljava/lang/Object;
J  org.codehaus.groovy.reflection.CachedMethod.invoke(Ljava/lang/Object;[Ljava/lang/Object;)Ljava/lang/Object;
j  groovy.lang.MetaMethod.doMethodInvoke(Ljava/lang/Object;[Ljava/lang/Object;)Ljava/lang/Object;+9
j  groovy.lang.MetaClassImpl.invokeMethod(Ljava/lang/Class;Ljava/lang/Object;Ljava/lang/String;[Ljava/lang/Object;ZZ)Ljava/lang/Object;+1036
J  groovy.lang.ExpandoMetaClass.invokeMethod(Ljava/lang/Class;Ljava/lang/Object;Ljava/lang/String;[Ljava/lang/Object;ZZ)Ljava/lang/Object;
j  groovy.lang.MetaClassImpl.invokeMethod(Ljava/lang/Object;Ljava/lang/String;[Ljava/lang/Object;)Ljava/lang/Object;+10
j  groovy.lang.MetaClassImpl.invokeMethod(Ljava/lang/Class;Ljava/lang/Object;Ljava/lang/String;[Ljava/lang/Object;ZZ)Ljava/lang/Object;+278
J  groovy.lang.ExpandoMetaClass.invokeMethod(Ljava/lang/Class;Ljava/lang/Object;Ljava/lang/String;[Ljava/lang/Object;ZZ)Ljava/lang/Object;
j  groovy.lang.MetaClassImpl.invokeMethod(Ljava/lang/Object;Ljava/lang/String;[Ljava/lang/Object;)Ljava/lang/Object;+10
j  groovy.lang.Closure.call([Ljava/lang/Object;)Ljava/lang/Object;+8
j  groovy.lang.Closure.call()Ljava/lang/Object;+6
j  grails.util.Environment.evaluateEnvironmentSpecificBlock(Lgrails/util/Environment;Lgroovy/lang/Closure;)Lgrails/util/Environment$EnvironmentBlockEvaluator;+16
j  grails.util.Environment.executeForEnvironment(Lgrails/util/Environment;Lgroovy/lang/Closure;)Ljava/lang/Object;+8
j  grails.util.Environment.executeForCurrentEnvironment(Lgroovy/lang/Closure;)Ljava/lang/Object;+6
j  org.codehaus.groovy.grails.commons.DefaultGrailsBootstrapClass.callInit(Ljavax/servlet/ServletContext;)V+23
j  org.codehaus.groovy.grails.web.context.GrailsConfigUtils.executeGrailsBootstraps(Lorg/codehaus/groovy/grails/commons/GrailsApplication;Lorg/springframework/web/context/WebApplicationContext;Ljavax/servlet/ServletContext;)V+113
j  org.codehaus.groovy.grails.web.context.GrailsContextLoader.initWebApplicationContext(Ljavax/servlet/ServletContext;)Lorg/springframework/web/context/WebApplicationContext;+131
j  org.springframework.web.context.ContextLoaderListener.contextInitialized(Ljavax/servlet/ServletContextEvent;)V+28
j  org.apache.catalina.core.StandardContext.listenerStart()Z+530
j  org.apache.catalina.core.StandardContext.startInternal()V+1187
j  org.apache.catalina.util.LifecycleBase.start()V+210
j  org.apache.catalina.core.ContainerBase$StartChild.call()Ljava/lang/Void;+4
j  org.apache.catalina.core.ContainerBase$StartChild.call()Ljava/lang/Object;+1
j  java.util.concurrent.FutureTask$Sync.innerRun()V+29
j  java.util.concurrent.FutureTask.run()V+4
j  java.util.concurrent.ThreadPoolExecutor.runWorker(Ljava/util/concurrent/ThreadPoolExecutor$Worker;)V+46
j  java.util.concurrent.ThreadPoolExecutor$Worker.run()V+5
j  java.lang.Thread.run()V+11
v  ~StubRoutines::call_stub

---------------  P R O C E S S  ---------------

Java Threads: ( => current thread )
  0x00007f574c5db800 JavaThread "net.sf.ehcache.CacheManager@7536834e" daemon [_thread_blocked, id=7962, stack(0x00007f57cc2c7000,0x00007f57cc3c8000)]
  0x00007f574c4a3000 JavaThread "Timer-1" daemon [_thread_blocked, id=7961, stack(0x00007f57cc3c8000,0x00007f57cc4c9000)]
=>0x00007f5778001000 JavaThread "localhost-startStop-1" daemon [_thread_in_vm, id=7960, stack(0x00007f57cc4c9000,0x00007f57cc5ca000)]
  0x00007f57d8481800 JavaThread "Tomcat-startStop-1" daemon [_thread_blocked, id=7959, stack(0x00007f57cd3dd000,0x00007f57cd4de000)]
  0x00007f57d8232000 JavaThread "pool-4-thread-5" [_thread_blocked, id=7958, stack(0x00007f57cc7d1000,0x00007f57cc8d2000)]
  0x00007f57d852a000 JavaThread "pool-4-thread-4" [_thread_blocked, id=7957, stack(0x00007f57cc8d2000,0x00007f57cc9d3000)]
  0x00007f57d88c0000 JavaThread "pool-4-thread-3" [_thread_blocked, id=7956, stack(0x00007f57cc9d3000,0x00007f57ccad4000)]
  0x00007f57d8a84800 JavaThread "pool-4-thread-2" [_thread_blocked, id=7955, stack(0x00007f57ccad4000,0x00007f57ccbd5000)]
  0x00007f57d8a84000 JavaThread "pool-4-thread-1" [_thread_blocked, id=7954, stack(0x00007f57ccbd5000,0x00007f57cccd6000)]
  0x00007f57d8502800 JavaThread "pool-3-thread-5" [_thread_blocked, id=7952, stack(0x00007f57cccd6000,0x00007f57ccdd7000)]
  0x00007f57d8621000 JavaThread "pool-3-thread-4" [_thread_blocked, id=7951, stack(0x00007f57ccdd7000,0x00007f57cced8000)]
  0x00007f57d887f800 JavaThread "pool-3-thread-3" [_thread_blocked, id=7950, stack(0x00007f57cced8000,0x00007f57ccfd9000)]
  0x00007f57d8687800 JavaThread "pool-3-thread-2" [_thread_blocked, id=7949, stack(0x00007f57ccfd9000,0x00007f57cd0da000)]
  0x00007f57d84c4800 JavaThread "pool-3-thread-1" [_thread_blocked, id=7948, stack(0x00007f57cd0da000,0x00007f57cd1db000)]
  0x00007f57d8d03000 JavaThread "FileSystemWatcher: files=#254 cl=java.net.URLClassLoader@447bbfb8" daemon [_thread_blocked, id=7946, stack(0x00007f57cd1db000,0x00007f57cd2dc000)]
  0x00007f57d861c800 JavaThread "FileSystemWatcher: files=#8 cl=groovy.lang.GroovyClassLoader@6b38dba" daemon [_thread_blocked, id=7945, stack(0x00007f57cd2dc000,0x00007f57cd3dd000)]
  0x00007f57d8d20800 JavaThread "pool-2-thread-1" [_thread_blocked, id=7943, stack(0x00007f57cdb05000,0x00007f57cdc06000)]
  0x00007f57d8d20000 JavaThread "Synchronizer (Spring UAA/1.0.1)" daemon [_thread_blocked, id=7942, stack(0x00007f57cdc06000,0x00007f57cdd07000)]
  0x00007f57d82ef000 JavaThread "Timer-0" daemon [_thread_blocked, id=7941, stack(0x00007f57cf60e000,0x00007f57cf70f000)]
  0x00007f57d80e3800 JavaThread "Low Memory Detector" daemon [_thread_blocked, id=7933, stack(0x00007f57d4262000,0x00007f57d4363000)]
  0x00007f57d80e9000 JavaThread "C2 CompilerThread1" daemon [_thread_in_native, id=7932, stack(0x00007f57d4363000,0x00007f57d4464000)]
  0x00007f57d80ea800 JavaThread "C2 CompilerThread0" daemon [_thread_in_native, id=7931, stack(0x00007f57d4464000,0x00007f57d4565000)]
  0x00007f57d808c000 JavaThread "Signal Dispatcher" daemon [_thread_blocked, id=7930, stack(0x00007f57d4565000,0x00007f57d4666000)]
  0x00007f57d8079800 JavaThread "Finalizer" daemon [_thread_blocked, id=7929, stack(0x00007f57d4666000,0x00007f57d4767000)]
  0x00007f57d8077800 JavaThread "Reference Handler" daemon [_thread_blocked, id=7928, stack(0x00007f57d4767000,0x00007f57d4868000)]
  0x00007f57d8009800 JavaThread "main" [_thread_blocked, id=7922, stack(0x00007f57dfbf1000,0x00007f57dfcf2000)]

Other Threads:
  0x00007f57d8071000 VMThread [stack: 0x00007f57d4868000,0x00007f57d4969000] [id=7927]
  0x00007f57d80f5800 WatcherThread [stack: 0x00007f57d4161000,0x00007f57d4262000] [id=7934]

VM state:not at safepoint (normal execution)

VM Mutex/Monitor currently owned by a thread: None

Heap
 PSYoungGen      total 241472K, used 138680K [0x00000000f0000000, 0x0000000100000000, 0x0000000100000000)
  eden space 219968K, 61% used [0x00000000f0000000,0x00000000f849dd98,0x00000000fd6d0000)
  from space 21504K, 13% used [0x00000000feb00000,0x00000000fedd0298,0x0000000100000000)
  to   space 20672K, 0% used [0x00000000fd6d0000,0x00000000fd6d0000,0x00000000feb00000)
 PSOldGen        total 524288K, used 149372K [0x00000000d0000000, 0x00000000f0000000, 0x00000000f0000000)
  object space 524288K, 28% used [0x00000000d0000000,0x00000000d91df360,0x00000000f0000000)
 PSPermGen       total 262144K, used 91364K [0x00000000c0000000, 0x00000000d0000000, 0x00000000d0000000)
  object space 262144K, 34% used [0x00000000c0000000,0x00000000c5939338,0x00000000d0000000)

Code Cache  [0x00007f57d5000000, 0x00007f57d5720000, 0x00007f57d8000000)
 total_blobs=2030 nmethods=1345 adapters=637 free_code_cache=43688384 largest_free_block=171776

Dynamic libraries:
00400000-00409000 r-xp 00000000 08:02 397963                             /usr/lib/jvm/java-6-openjdk-amd64/jre/bin/java
00608000-00609000 r--p 00008000 08:02 397963                             /usr/lib/jvm/java-6-openjdk-amd64/jre/bin/java
00609000-0060a000 rw-p 00009000 08:02 397963                             /usr/lib/jvm/java-6-openjdk-amd64/jre/bin/java
00662000-00683000 rw-p 00000000 00:00 0                                  [heap]
c0000000-100000000 rw-p 00000000 00:00 0 
7f5740000000-7f5740026000 rw-p 00000000 00:00 0 
7f5740026000-7f5744000000 ---p 00000000 00:00 0 
7f5744000000-7f5747b83000 rw-p 00000000 00:00 0 
7f5747b83000-7f5748000000 ---p 00000000 00:00 0 
7f5748000000-7f5748021000 rw-p 00000000 00:00 0 
7f5748021000-7f574c000000 ---p 00000000 00:00 0 
7f574c000000-7f574d198000 rw-p 00000000 00:00 0 
7f574d198000-7f5750000000 ---p 00000000 00:00 0 
7f5750000000-7f5750021000 rw-p 00000000 00:00 0 
7f5750021000-7f5754000000 ---p 00000000 00:00 0 
7f5754000000-7f5754021000 rw-p 00000000 00:00 0 
7f5754021000-7f5758000000 ---p 00000000 00:00 0 
7f5758000000-7f5758021000 rw-p 00000000 00:00 0 
7f5758021000-7f575c000000 ---p 00000000 00:00 0 
7f575c000000-7f575c021000 rw-p 00000000 00:00 0 
7f575c021000-7f5760000000 ---p 00000000 00:00 0 
7f5760000000-7f5760021000 rw-p 00000000 00:00 0 
7f5760021000-7f5764000000 ---p 00000000 00:00 0 
7f5764000000-7f5764021000 rw-p 00000000 00:00 0 
7f5764021000-7f5768000000 ---p 00000000 00:00 0 
7f5768000000-7f5768021000 rw-p 00000000 00:00 0 
7f5768021000-7f576c000000 ---p 00000000 00:00 0 
7f576c000000-7f576c021000 rw-p 00000000 00:00 0 
7f576c021000-7f5770000000 ---p 00000000 00:00 0 
7f5770000000-7f5770021000 rw-p 00000000 00:00 0 
7f5770021000-7f5774000000 ---p 00000000 00:00 0 
7f5774000000-7f5774021000 rw-p 00000000 00:00 0 
7f5774021000-7f5778000000 ---p 00000000 00:00 0 
7f5778000000-7f5778021000 rw-p 00000000 00:00 0 
7f5778021000-7f577c000000 ---p 00000000 00:00 0 
7f577c000000-7f577c021000 rw-p 00000000 00:00 0 
7f577c021000-7f5780000000 ---p 00000000 00:00 0 
7f5780000000-7f57802de000 rw-p 00000000 00:00 0 
7f57802de000-7f5784000000 ---p 00000000 00:00 0 
7f5788000000-7f5788021000 rw-p 00000000 00:00 0 
7f5788021000-7f578c000000 ---p 00000000 00:00 0 
7f5790000000-7f5790021000 rw-p 00000000 00:00 0 
7f5790021000-7f5794000000 ---p 00000000 00:00 0 
7f5794000000-7f57955f5000 rw-p 00000000 00:00 0 
7f57955f5000-7f5798000000 ---p 00000000 00:00 0 
7f5798000000-7f5798021000 rw-p 00000000 00:00 0 
7f5798021000-7f579c000000 ---p 00000000 00:00 0 
7f579c000000-7f579c021000 rw-p 00000000 00:00 0 
7f579c021000-7f57a0000000 ---p 00000000 00:00 0 
7f57a0000000-7f57a3ffe000 rw-p 00000000 00:00 0 
7f57a3ffe000-7f57a4000000 ---p 00000000 00:00 0 
7f57a4000000-7f57a7fff000 rw-p 00000000 00:00 0 
7f57a7fff000-7f57a8000000 ---p 00000000 00:00 0 
7f57a8000000-7f57a8021000 rw-p 00000000 00:00 0 
7f57a8021000-7f57ac000000 ---p 00000000 00:00 0 
7f57ac000000-7f57ac021000 rw-p 00000000 00:00 0 
7f57ac021000-7f57b0000000 ---p 00000000 00:00 0 
7f57b0000000-7f57b01a9000 rw-p 00000000 00:00 0 
7f57b01a9000-7f57b4000000 ---p 00000000 00:00 0 
7f57b4000000-7f57b4021000 rw-p 00000000 00:00 0 
7f57b4021000-7f57b8000000 ---p 00000000 00:00 0 
7f57b8000000-7f57b802c000 rw-p 00000000 00:00 0 
7f57b802c000-7f57bc000000 ---p 00000000 00:00 0 
7f57c0000000-7f57c0031000 rw-p 00000000 00:00 0 
7f57c0031000-7f57c4000000 ---p 00000000 00:00 0 
7f57c8000000-7f57c8021000 rw-p 00000000 00:00 0 
7f57c8021000-7f57cc000000 ---p 00000000 00:00 0 
7f57cc1c6000-7f57cc1c9000 ---p 00000000 00:00 0 
7f57cc1c9000-7f57cc2c7000 rw-p 00000000 00:00 0 
7f57cc2c7000-7f57cc2ca000 ---p 00000000 00:00 0 
7f57cc2ca000-7f57cc3c8000 rw-p 00000000 00:00 0 
7f57cc3c8000-7f57cc3cb000 ---p 00000000 00:00 0 
7f57cc3cb000-7f57cc4c9000 rw-p 00000000 00:00 0 
7f57cc4c9000-7f57cc4cc000 ---p 00000000 00:00 0 
7f57cc4cc000-7f57cc5ca000 rw-p 00000000 00:00 0 
7f57cc5ca000-7f57cc5d0000 r-xp 00000000 08:02 18747991                   /usr/lib/jvm/java-6-openjdk-amd64/jre/lib/amd64/libmanagement.so
7f57cc5d0000-7f57cc7cf000 ---p 00006000 08:02 18747991                   /usr/lib/jvm/java-6-openjdk-amd64/jre/lib/amd64/libmanagement.so
7f57cc7cf000-7f57cc7d0000 r--p 00005000 08:02 18747991                   /usr/lib/jvm/java-6-openjdk-amd64/jre/lib/amd64/libmanagement.so
7f57cc7d0000-7f57cc7d1000 rw-p 00006000 08:02 18747991                   /usr/lib/jvm/java-6-openjdk-amd64/jre/lib/amd64/libmanagement.so
7f57cc7d1000-7f57cc7d4000 ---p 00000000 00:00 0 
7f57cc7d4000-7f57cc8d2000 rw-p 00000000 00:00 0 
7f57cc8d2000-7f57cc8d5000 ---p 00000000 00:00 0 
7f57cc8d5000-7f57cc9d3000 rw-p 00000000 00:00 0 
7f57cc9d3000-7f57cc9d6000 ---p 00000000 00:00 0 
7f57cc9d6000-7f57ccad4000 rw-p 00000000 00:00 0 
7f57ccad4000-7f57ccad7000 ---p 00000000 00:00 0 
7f57ccad7000-7f57ccbd5000 rw-p 00000000 00:00 0 
7f57ccbd5000-7f57ccbd8000 ---p 00000000 00:00 0 
7f57ccbd8000-7f57cccd6000 rw-p 00000000 00:00 0 
7f57cccd6000-7f57cccd9000 ---p 00000000 00:00 0 
7f57cccd9000-7f57ccdd7000 rw-p 00000000 00:00 0 
7f57ccdd7000-7f57ccdda000 ---p 00000000 00:00 0 
7f57ccdda000-7f57cced8000 rw-p 00000000 00:00 0 
7f57cced8000-7f57ccedb000 ---p 00000000 00:00 0 
7f57ccedb000-7f57ccfd9000 rw-p 00000000 00:00 0 
7f57ccfd9000-7f57ccfdc000 ---p 00000000 00:00 0 
7f57ccfdc000-7f57cd0da000 rw-p 00000000 00:00 0 
7f57cd0da000-7f57cd0dd000 ---p 00000000 00:00 0 
7f57cd0dd000-7f57cd1db000 rw-p 00000000 00:00 0 
7f57cd1db000-7f57cd1de000 ---p 00000000 00:00 0 
7f57cd1de000-7f57cd2dc000 rw-p 00000000 00:00 0 
7f57cd2dc000-7f57cd2df000 ---p 00000000 00:00 0 
7f57cd2df000-7f57cd3dd000 rw-p 00000000 00:00 0 
7f57cd3dd000-7f57cd3e0000 ---p 00000000 00:00 0 
7f57cd3e0000-7f57cd4de000 rw-p 00000000 00:00 0 
7f57cd4de000-7f57cd4f6000 r-xp 00000000 08:02 16256582                   /lib/x86_64-linux-gnu/libresolv-2.15.so
7f57cd4f6000-7f57cd6f6000 ---p 00018000 08:02 16256582                   /lib/x86_64-linux-gnu/libresolv-2.15.so
7f57cd6f6000-7f57cd6f7000 r--p 00018000 08:02 16256582                   /lib/x86_64-linux-gnu/libresolv-2.15.so
7f57cd6f7000-7f57cd6f8000 rw-p 00019000 08:02 16256582                   /lib/x86_64-linux-gnu/libresolv-2.15.so
7f57cd6f8000-7f57cd6fa000 rw-p 00000000 00:00 0 
7f57cd6fa000-7f57cd701000 r-xp 00000000 08:02 16256547                   /lib/x86_64-linux-gnu/libnss_dns-2.15.so
7f57cd701000-7f57cd900000 ---p 00007000 08:02 16256547                   /lib/x86_64-linux-gnu/libnss_dns-2.15.so
7f57cd900000-7f57cd901000 r--p 00006000 08:02 16256547                   /lib/x86_64-linux-gnu/libnss_dns-2.15.so
7f57cd901000-7f57cd902000 rw-p 00007000 08:02 16256547                   /lib/x86_64-linux-gnu/libnss_dns-2.15.so
7f57cd902000-7f57cd904000 r-xp 00000000 08:02 16252982                   /lib/libnss_mdns4_minimal.so.2
7f57cd904000-7f57cdb03000 ---p 00002000 08:02 16252982                   /lib/libnss_mdns4_minimal.so.2
7f57cdb03000-7f57cdb04000 r--p 00001000 08:02 16252982                   /lib/libnss_mdns4_minimal.so.2
7f57cdb04000-7f57cdb05000 rw-p 00002000 08:02 16252982                   /lib/libnss_mdns4_minimal.so.2
7f57cdb05000-7f57cdb08000 ---p 00000000 00:00 0 
7f57cdb08000-7f57cdc06000 rw-p 00000000 00:00 0 
7f57cdc06000-7f57cdc09000 ---p 00000000 00:00 0 
7f57cdc09000-7f57cdd07000 rw-p 00000000 00:00 0 
7f57cdd07000-7f57cdd64000 r-xp 00000000 08:02 16651114                   /usr/lib/x86_64-linux-gnu/nss/libfreebl3.so
7f57cdd64000-7f57cdf63000 ---p 0005d000 08:02 16651114                   /usr/lib/x86_64-linux-gnu/nss/libfreebl3.so
7f57cdf63000-7f57cdf65000 r--p 0005c000 08:02 16651114                   /usr/lib/x86_64-linux-gnu/nss/libfreebl3.so
7f57cdf65000-7f57cdf66000 rw-p 0005e000 08:02 16651114                   /usr/lib/x86_64-linux-gnu/nss/libfreebl3.so
7f57cdf66000-7f57cdf6a000 rw-p 00000000 00:00 0 
7f57cdf6a000-7f57ce008000 r-xp 00000000 08:02 16131587                   /usr/lib/x86_64-linux-gnu/libsqlite3.so.0.8.6
7f57ce008000-7f57ce208000 ---p 0009e000 08:02 16131587                   /usr/lib/x86_64-linux-gnu/libsqlite3.so.0.8.6
7f57ce208000-7f57ce20a000 r--p 0009e000 08:02 16131587                   /usr/lib/x86_64-linux-gnu/libsqlite3.so.0.8.6
7f57ce20a000-7f57ce20c000 rw-p 000a0000 08:02 16131587                   /usr/lib/x86_64-linux-gnu/libsqlite3.so.0.8.6
7f57ce20c000-7f57ce20d000 rw-p 00000000 00:00 0 
7f57ce20d000-7f57ce246000 r-xp 00000000 08:02 16651117                   /usr/lib/x86_64-linux-gnu/nss/libsoftokn3.so
7f57ce246000-7f57ce445000 ---p 00039000 08:02 16651117                   /usr/lib/x86_64-linux-gnu/nss/libsoftokn3.so
7f57ce445000-7f57ce447000 r--p 00038000 08:02 16651117                   /usr/lib/x86_64-linux-gnu/nss/libsoftokn3.so
7f57ce447000-7f57ce448000 rw-p 0003a000 08:02 16651117                   /usr/lib/x86_64-linux-gnu/nss/libsoftokn3.so
7f57ce448000-7f57ce482000 r-xp 00000000 08:02 16127779                   /usr/lib/x86_64-linux-gnu/libnspr4.so
7f57ce482000-7f57ce681000 ---p 0003a000 08:02 16127779                   /usr/lib/x86_64-linux-gnu/libnspr4.so
7f57ce681000-7f57ce682000 r--p 00039000 08:02 16127779                   /usr/lib/x86_64-linux-gnu/libnspr4.so
7f57ce682000-7f57ce684000 rw-p 0003a000 08:02 16127779                   /usr/lib/x86_64-linux-gnu/libnspr4.so
7f57ce684000-7f57ce686000 rw-p 00000000 00:00 0 
7f57ce686000-7f57ce689000 r-xp 00000000 08:02 16127775                   /usr/lib/x86_64-linux-gnu/libplds4.so
7f57ce689000-7f57ce888000 ---p 00003000 08:02 16127775                   /usr/lib/x86_64-linux-gnu/libplds4.so
7f57ce888000-7f57ce889000 r--p 00002000 08:02 16127775                   /usr/lib/x86_64-linux-gnu/libplds4.so
7f57ce889000-7f57ce88a000 rw-p 00003000 08:02 16127775                   /usr/lib/x86_64-linux-gnu/libplds4.so
7f57ce88a000-7f57ce88e000 r-xp 00000000 08:02 16127777                   /usr/lib/x86_64-linux-gnu/libplc4.so
7f57ce88e000-7f57cea8d000 ---p 00004000 08:02 16127777                   /usr/lib/x86_64-linux-gnu/libplc4.so
7f57cea8d000-7f57cea8e000 r--p 00003000 08:02 16127777                   /usr/lib/x86_64-linux-gnu/libplc4.so
7f57cea8e000-7f57cea8f000 rw-p 00004000 08:02 16127777                   /usr/lib/x86_64-linux-gnu/libplc4.so
7f57cea8f000-7f57ceaab000 r-xp 00000000 08:02 16123808                   /usr/lib/x86_64-linux-gnu/libnssutil3.so
7f57ceaab000-7f57cecab000 ---p 0001c000 08:02 16123808                   /usr/lib/x86_64-linux-gnu/libnssutil3.so
7f57cecab000-7f57cecb1000 r--p 0001c000 08:02 16123808                   /usr/lib/x86_64-linux-gnu/libnssutil3.so
7f57cecb1000-7f57cecb2000 rw-p 00022000 08:02 16123808                   /usr/lib/x86_64-linux-gnu/libnssutil3.so
7f57cecb2000-7f57cedb0000 r-xp 00000000 08:02 16122488                   /usr/lib/x86_64-linux-gnu/libnss3.so
7f57cedb0000-7f57cefaf000 ---p 000fe000 08:02 16122488                   /usr/lib/x86_64-linux-gnu/libnss3.so
7f57cefaf000-7f57cefb4000 r--p 000fd000 08:02 16122488                   /usr/lib/x86_64-linux-gnu/libnss3.so
7f57cefb4000-7f57cefb6000 rw-p 00102000 08:02 16122488                   /usr/lib/x86_64-linux-gnu/libnss3.so
7f57cefb6000-7f57cefb8000 rw-p 00000000 00:00 0 
7f57cefbc000-7f57cefca000 r--s 00351000 08:02 18489869                   /usr/lib/jvm/java-6-openjdk-common/jre/lib/charsets.jar
7f57cefca000-7f57cefd8000 r--s 00351000 08:02 18489869                   /usr/lib/jvm/java-6-openjdk-common/jre/lib/charsets.jar
7f57cefd8000-7f57cefe6000 r-xp 00000000 08:02 18747997                   /usr/lib/jvm/java-6-openjdk-amd64/jre/lib/amd64/libj2pkcs11.so
7f57cefe6000-7f57cf1e6000 ---p 0000e000 08:02 18747997                   /usr/lib/jvm/java-6-openjdk-amd64/jre/lib/amd64/libj2pkcs11.so
7f57cf1e6000-7f57cf1e7000 r--p 0000e000 08:02 18747997                   /usr/lib/jvm/java-6-openjdk-amd64/jre/lib/amd64/libj2pkcs11.so
7f57cf1e7000-7f57cf1e8000 rw-p 0000f000 08:02 18747997                   /usr/lib/jvm/java-6-openjdk-amd64/jre/lib/amd64/libj2pkcs11.so
7f57cf1e8000-7f57cf1ea000 r--s 00013000 08:02 18489868                   /usr/lib/jvm/java-6-openjdk-common/jre/lib/jce.jar
7f57cf1f5000-7f57cf1f9000 r--s 0002f000 08:02 4722137                    /home/jam/.grails/ivy-cache/org.grails/grails-test/jars/grails-test-2.1.1.jar
7f57cf1f9000-7f57cf1ff000 r--s 0006c000 08:02 4722135                    /home/jam/.grails/ivy-cache/org.grails/grails-plugin-testing/jars/grails-plugin-testing-2.1.1.jar
7f57cf1ff000-7f57cf200000 r--s 00002000 08:02 5636284                    /home/jam/.grails/ivy-cache/org.hibernate/hibernate-ehcache/jars/hibernate-ehcache-3.6.10.Final.jar
7f57cf200000-7f57cf205000 r--s 00048000 08:02 5636282                    /home/jam/.grails/ivy-cache/dom4j/dom4j/jars/dom4j-1.6.1.jar
7f57cf205000-7f57cf20a000 r--s 00068000 08:02 5636280                    /home/jam/.grails/ivy-cache/antlr/antlr/jars/antlr-2.7.7.jar
7f57cf20a000-7f57cf213000 r--s 00098000 08:02 5636278                    /home/jam/.grails/ivy-cache/org.javassist/javassist/jars/javassist-3.16.1-GA.jar
7f57cf213000-7f57cf216000 r--s 00009000 08:02 5636286                    /home/jam/.grails/ivy-cache/javax.validation/validation-api/jars/validation-api-1.0.0.GA.jar
7f57cf216000-7f57cf21d000 r--s 00040000 08:02 5636276                    /home/jam/.grails/ivy-cache/org.hibernate/hibernate-validator/jars/hibernate-validator-4.1.0.Final.jar
7f57cf21d000-7f57cf220000 r--s 0000f000 08:02 5636274                    /home/jam/.grails/ivy-cache/org.hibernate/hibernate-commons-annotations/jars/hibernate-commons-annotations-3.2.0.Final.jar
7f57cf220000-7f57cf252000 r--s 002c9000 08:02 5636272                    /home/jam/.grails/ivy-cache/org.hibernate/hibernate-core/jars/hibernate-core-3.6.10.Final.jar
7f57cf252000-7f57cf263000 r--s 000d2000 08:02 5636617                    /home/jam/.grails/ivy-cache/org.liquibase/liquibase-core/jars/liquibase-core-2.0.5.jar
7f57cf263000-7f57cf26a000 r--s 000bd000 08:02 4722926                    /home/jam/.grails/ivy-cache/mysql/mysql-connector-java/jars/mysql-connector-java-5.1.20.jar
7f57cf26a000-7f57cf26c000 r--s 00000000 08:02 4722133                    /home/jam/.grails/ivy-cache/org.slf4j/jul-to-slf4j/jars/jul-to-slf4j-1.6.2.jar
7f57cf26c000-7f57cf26e000 r--s 00003000 08:02 4722131                    /home/jam/.grails/ivy-cache/org.slf4j/jcl-over-slf4j/jars/jcl-over-slf4j-1.6.2.jar
7f57cf26e000-7f57cf277000 r--s 0006d000 08:02 4722129                    /home/jam/.grails/ivy-cache/log4j/log4j/bundles/log4j-1.2.16.jar
7f57cf277000-7f57cf28c000 r--s 000e3000 08:02 4722127                    /home/jam/.grails/ivy-cache/net.sf.ehcache/ehcache-core/jars/ehcache-core-2.4.6.jar
7f57cf28c000-7f57cf28e000 r--s 00005000 08:02 4722125                    /home/jam/.grails/ivy-cache/xpp3/xpp3_min/jars/xpp3_min-1.1.4c.jar
7f57cf28e000-7f57cf290000 r--s 00004000 08:02 4722123                    /home/jam/.grails/ivy-cache/javax.servlet/jstl/jars/jstl-1.1.2.jar
7f57cf290000-7f57cf29a000 r--s 0012c000 08:02 4722121                    /home/jam/.grails/ivy-cache/com.h2database/h2/jars/h2-1.3.164.jar
7f57cf29a000-7f57cf29d000 r--s 00016000 08:02 4722119                    /home/jam/.grails/ivy-cache/commons-pool/commons-pool/jars/commons-pool-1.5.6.jar
7f57cf29d000-7f57cf2a0000 r--s 00025000 08:02 4722117                    /home/jam/.grails/ivy-cache/commons-dbcp/commons-dbcp/jars/commons-dbcp-1.4.jar
7f57cf2a0000-7f57cf2a2000 r--s 0000e000 08:02 4722115                    /home/jam/.grails/ivy-cache/oro/oro/jars/oro-2.0.8.jar
7f57cf2a2000-7f57cf2a4000 r--s 0000d000 08:02 4722113                    /home/jam/.grails/ivy-cache/commons-fileupload/commons-fileupload/jars/commons-fileupload-1.2.2.jar
7f57cf2a4000-7f57cf2a5000 r--s 0000a000 08:02 4722111                    /home/jam/.grails/ivy-cache/asm/asm/jars/asm-3.1.jar
7f57cf2a5000-7f57cf2ac000 r--s 0003e000 08:02 4722109                    /home/jam/.grails/ivy-cache/cglib/cglib/jars/cglib-2.2.jar
7f57cf2ac000-7f57cf2b0000 r--s 00019000 08:02 4722107                    /home/jam/.grails/ivy-cache/org.aspectj/aspectjrt/jars/aspectjrt-1.6.10.jar
7f57cf2b0000-7f57cf2c6000 r--s 00184000 08:02 4722105                    /home/jam/.grails/ivy-cache/org.aspectj/aspectjweaver/jars/aspectjweaver-1.6.10.jar
7f57cf2c6000-7f57cf2cd000 r--s 00056000 08:02 4722103                    /home/jam/.grails/ivy-cache/org.grails/grails-datastore-simple/jars/grails-datastore-simple-1.1.0.RELEASE.jar
7f57cf2cd000-7f57cf2d6000 r--s 00044000 08:02 4722101                    /home/jam/.grails/ivy-cache/org.grails/grails-datastore-core/jars/grails-datastore-core-1.1.0.RELEASE.jar
7f57cf2d6000-7f57cf2db000 r--s 0004c000 08:02 4722099                    /home/jam/.grails/ivy-cache/org.grails/grails-datastore-gorm/jars/grails-datastore-gorm-1.1.0.RELEASE.jar
7f57cf2db000-7f57cf2e6000 r--s 00082000 08:02 4722097                    /home/jam/.grails/ivy-cache/org.springframework/spring-webmvc/jars/spring-webmvc-3.1.2.RELEASE.jar
7f57cf2e6000-7f57cf2f2000 r--s 0007a000 08:02 4722095                    /home/jam/.grails/ivy-cache/org.springframework/spring-web/jars/spring-web-3.1.2.RELEASE.jar
7f57cf2f2000-7f57cf2f9000 r--s 00035000 08:02 4722093                    /home/jam/.grails/ivy-cache/org.springframework/spring-tx/jars/spring-tx-3.1.2.RELEASE.jar
7f57cf2f9000-7f57cf302000 r--s 00054000 08:02 4722091                    /home/jam/.grails/ivy-cache/org.springframework/spring-orm/jars/spring-orm-3.1.2.RELEASE.jar
7f57cf302000-7f57cf307000 r--s 0002c000 08:02 4722089                    /home/jam/.grails/ivy-cache/org.springframework/spring-jms/jars/spring-jms-3.1.2.RELEASE.jar
7f57cf307000-7f57cf311000 r--s 00059000 08:02 4722087                    /home/jam/.grails/ivy-cache/org.springframework/spring-jdbc/jars/spring-jdbc-3.1.2.RELEASE.jar
7f57cf311000-7f57cf315000 r--s 00027000 08:02 4722085                    /home/jam/.grails/ivy-cache/org.springframework/spring-expression/jars/spring-expression-3.1.2.RELEASE.jar
7f57cf315000-7f57cf318000 r--s 00018000 08:02 4722083                    /home/jam/.grails/ivy-cache/org.springframework/spring-context-support/jars/spring-context-support-3.1.2.RELEASE.jar
7f57cf318000-7f57cf32d000 r--s 000b7000 08:02 4722081                    /home/jam/.grails/ivy-cache/org.springframework/spring-context/jars/spring-context-3.1.2.RELEASE.jar
7f57cf32d000-7f57cf339000 r--s 00085000 08:02 4722079                    /home/jam/.grails/ivy-cache/org.springframework/spring-beans/jars/spring-beans-3.1.2.RELEASE.jar
7f57cf339000-7f57cf33a000 r--s 0000c000 08:02 4722077                    /home/jam/.grails/ivy-cache/org.springframework/spring-asm/jars/spring-asm-3.1.2.RELEASE.jar
7f57cf33a000-7f57cf33c000 r--s 0000b000 08:02 4722075                    /home/jam/.grails/ivy-cache/org.springframework/spring-aspects/jars/spring-aspects-3.1.2.RELEASE.jar
7f57cf33c000-7f57cf345000 r--s 00049000 08:02 4722073                    /home/jam/.grails/ivy-cache/org.springframework/spring-aop/jars/spring-aop-3.1.2.RELEASE.jar
7f57cf345000-7f57cf34f000 r--s 00064000 08:02 4722071                    /home/jam/.grails/ivy-cache/org.springframework/spring-core/jars/spring-core-3.1.2.RELEASE.jar
7f57cf34f000-7f57cf351000 r--s 00008000 08:02 4722069                    /home/jam/.grails/ivy-cache/org.grails/grails-plugin-validation/jars/grails-plugin-validation-2.1.1.jar
7f57cf351000-7f57cf354000 r--s 0001c000 08:02 4722067                    /home/jam/.grails/ivy-cache/org.grails/grails-plugin-url-mappings/jars/grails-plugin-url-mappings-2.1.1.jar
7f57cf354000-7f57cf356000 r--s 0000f000 08:02 4722065                    /home/jam/.grails/ivy-cache/org.grails/grails-plugin-mimetypes/jars/grails-plugin-mimetypes-2.1.1.jar
7f57cf356000-7f57cf358000 r--s 00005000 08:02 4722063                    /home/jam/.grails/ivy-cache/org.grails/grails-plugin-servlets/jars/grails-plugin-servlets-2.1.1.jar
7f57cf358000-7f57cf359000 r--s 00008000 08:02 4722061                    /home/jam/.grails/ivy-cache/org.grails/grails-plugin-services/jars/grails-plugin-services-2.1.1.jar
7f57cf359000-7f57cf35b000 r--s 00006000 08:02 4722059                    /home/jam/.grails/ivy-cache/org.grails/grails-plugin-scaffolding/jars/grails-plugin-scaffolding-2.1.1.jar
7f57cf35b000-7f57cf35d000 r--s 0000e000 08:02 4722057                    /home/jam/.grails/ivy-cache/org.grails/grails-plugin-log4j/jars/grails-plugin-log4j-2.1.1.jar
7f57cf35d000-7f57cf35f000 r--s 00005000 08:02 4722055                    /home/jam/.grails/ivy-cache/org.grails/grails-plugin-i18n/jars/grails-plugin-i18n-2.1.1.jar
7f57cf35f000-7f57cf366000 r--s 0006d000 08:02 4722053                    /home/jam/.grails/ivy-cache/org.grails/grails-plugin-gsp/jars/grails-plugin-gsp-2.1.1.jar
7f57cf366000-7f57cf368000 r--s 0000e000 08:02 4722051                    /home/jam/.grails/ivy-cache/org.grails/grails-plugin-filters/jars/grails-plugin-filters-2.1.1.jar
7f57cf368000-7f57cf36a000 r--s 00009000 08:02 4722049                    /home/jam/.grails/ivy-cache/org.grails/grails-plugin-datasource/jars/grails-plugin-datasource-2.1.1.jar
7f57cf36a000-7f57cf36e000 r--s 00024000 08:02 4722047                    /home/jam/.grails/ivy-cache/org.grails/grails-plugin-converters/jars/grails-plugin-converters-2.1.1.jar
7f57cf36e000-7f57cf371000 r--s 00019000 08:02 4722045                    /home/jam/.grails/ivy-cache/org.grails/grails-plugin-domain-class/jars/grails-plugin-domain-class-2.1.1.jar
7f57cf371000-7f57cf375000 r--s 00028000 08:02 4722043                    /home/jam/.grails/ivy-cache/org.grails/grails-plugin-controllers/jars/grails-plugin-controllers-2.1.1.jar
7f57cf375000-7f57cf377000 r--s 00015000 08:02 4722041                    /home/jam/.grails/ivy-cache/org.grails/grails-plugin-codecs/jars/grails-plugin-codecs-2.1.1.jar
7f57cf377000-7f57cf378000 r--s 00000000 08:02 4722039                    /home/jam/.grails/ivy-cache/org.grails/grails-logging/jars/grails-logging-2.1.1.jar
7f57cf378000-7f57cf37a000 r--s 00009000 08:02 4722037                    /home/jam/.grails/ivy-cache/org.grails/grails-spring/jars/grails-spring-2.1.1.jar
7f57cf37a000-7f57cf384000 r--s 0008a000 08:02 4722035                    /home/jam/.grails/ivy-cache/org.grails/grails-hibernate/jars/grails-hibernate-2.1.1.jar
7f57cf384000-7f57cf386000 r--s 00009000 08:02 4722033                    /home/jam/.grails/ivy-cache/org.grails/grails-crud/jars/grails-crud-2.1.1.jar
7f57cf386000-7f57cf38c000 r--s 00027000 08:02 4722031                    /home/jam/.grails/ivy-cache/opensymphony/sitemesh/jars/sitemesh-2.4.jar
7f57cf38c000-7f57cf391000 r--s 00015000 08:02 4722029                    /home/jam/.grails/ivy-cache/org.hibernate.javax.persistence/hibernate-jpa-2.0-api/jars/hibernate-jpa-2.0-api-1.0.1.Final.jar
7f57cf391000-7f57cf392000 r--s 00003000 08:02 4722027                    /home/jam/.grails/ivy-cache/javax.transaction/jta/jars/jta-1.1.jar
7f57cf392000-7f57cf397000 r--s 00041000 08:02 4722025                    /home/jam/.grails/ivy-cache/commons-lang/commons-lang/jars/commons-lang-2.6.jar
7f57cf397000-7f57cf39a000 r--s 00025000 08:02 4722023                    /home/jam/.grails/ivy-cache/commons-io/commons-io/jars/commons-io-2.1.jar
7f57cf39a000-7f57cf3f8000 r--s 00592000 08:02 4722009                    /home/jam/.grails/ivy-cache/org.codehaus.groovy/groovy-all/jars/groovy-all-1.8.8.jar
7f57cf3f8000-7f57cf40d000 r-xp 00000000 08:02 18747986                   /usr/lib/jvm/java-6-openjdk-amd64/jre/lib/amd64/libnet.so
7f57cf40d000-7f57cf60c000 ---p 00015000 08:02 18747986                   /usr/lib/jvm/java-6-openjdk-amd64/jre/lib/amd64/libnet.so
7f57cf60c000-7f57cf60d000 r--p 00014000 08:02 18747986                   /usr/lib/jvm/java-6-openjdk-amd64/jre/lib/amd64/libnet.so
7f57cf60d000-7f57cf60e000 rw-p 00015000 08:02 18747986                   /usr/lib/jvm/java-6-openjdk-amd64/jre/lib/amd64/libnet.so
7f57cf60e000-7f57cf611000 ---p 00000000 00:00 0 
7f57cf611000-7f57cf70f000 rw-p 00000000 00:00 0 
7f57cf70f000-7f57cf724000 r-xp 00000000 08:02 8650864                    /tmp/jna2800421283346053662.tmp
7f57cf724000-7f57cf823000 ---p 00015000 08:02 8650864                    /tmp/jna2800421283346053662.tmp
7f57cf823000-7f57cf825000 rw-p 00014000 08:02 8650864                    /tmp/jna2800421283346053662.tmp
7f57cf825000-7f57d0000000 r--p 00000000 08:02 16128286                   /usr/lib/locale/locale-archive
7f57d0000000-7f57d0021000 rw-p 00000000 00:00 0 
7f57d0021000-7f57d4000000 ---p 00000000 00:00 0 
7f57d4002000-7f57d4010000 r--s 0007f000 08:02 4722021                    /home/jam/.grails/ivy-cache/commons-collections/commons-collections/jars/commons-collections-3.2.1.jar
7f57d4010000-7f57d4012000 r--s 00010000 08:02 4722019                    /home/jam/.grails/ivy-cache/commons-codec/commons-codec/jars/commons-codec-1.5.jar
7f57d4012000-7f57d4014000 r--s 00000000 08:02 4722017                    /home/jam/.grails/ivy-cache/aopalliance/aopalliance/jars/aopalliance-1.0.jar
7f57d4014000-7f57d4016000 r--s 0000d000 08:02 5508471                    /home/jam/.grails/ivy-cache/org.grails/grails-plugin-tomcat/jars/grails-plugin-tomcat-2.1.1.jar
7f57d4016000-7f57d4026000 r--s 0019c000 08:02 5508469                    /home/jam/.grails/ivy-cache/org.eclipse.jdt.core.compiler/ecj/jars/ecj-3.7.2.jar
7f57d4026000-7f57d4028000 r--s 00008000 08:02 5508467                    /home/jam/.grails/ivy-cache/org.apache.tomcat.embed/tomcat-embed-logging-juli/jars/tomcat-embed-logging-juli-7.0.30.jar
7f57d4028000-7f57d402a000 r--s 00013000 08:02 4721761                    /home/jam/.grails/ivy-cache/org.apache.tomcat.embed/tomcat-embed-logging-log4j/jars/tomcat-embed-logging-log4j-7.0.30.jar
7f57d402a000-7f57d4035000 r--s 000b6000 08:02 4721759                    /home/jam/.grails/ivy-cache/org.apache.tomcat.embed/tomcat-embed-jasper/jars/tomcat-embed-jasper-7.0.30.jar
7f57d4035000-7f57d4057000 r--s 00254000 08:02 4721757                    /home/jam/.grails/ivy-cache/org.apache.tomcat.embed/tomcat-embed-core/jars/tomcat-embed-core-7.0.30.jar
7f57d4057000-7f57d4059000 r--s 0000c000 08:02 5508465                    /home/jam/.grails/ivy-cache/org.apache.tomcat/tomcat-catalina-ant/jars/tomcat-catalina-ant-7.0.30.jar
7f57d4059000-7f57d405a000 r--s 00001000 08:02 4721467                    /home/jam/.grails/ivy-cache/org.apache.ant/ant-trax/jars/ant-trax-1.7.1.jar
7f57d405a000-7f57d405c000 r--s 00017000 08:02 4721465                    /home/jam/.grails/ivy-cache/org.apache.ant/ant-junit/jars/ant-junit-1.8.2.jar
7f57d405c000-7f57d405e000 r--s 00002000 08:02 4721463                    /home/jam/.grails/ivy-cache/org.apache.ant/ant-launcher/jars/ant-launcher-1.8.2.jar
7f57d405e000-7f57d407c000 r--s 001bb000 08:02 4721461                    /home/jam/.grails/ivy-cache/org.apache.ant/ant/jars/ant-1.8.2.jar
7f57d407c000-7f57d4083000 r--s 00037000 08:02 4721459                    /home/jam/.grails/ivy-cache/junit/junit/jars/junit-4.10.jar
7f57d4083000-7f57d4086000 r--s 0000b000 08:02 4721456                    /home/jam/.grails/ivy-cache/com.googlecode.concurrentlinkedhashmap/concurrentlinkedhashmap-lru/jars/concurrentlinkedhashmap-lru-1.2_jdk5.jar
7f57d4086000-7f57d408c000 r--s 00033000 08:02 4721454                    /home/jam/.grails/ivy-cache/org.springframework/spring-test/jars/spring-test-3.1.2.RELEASE.jar
7f57d408c000-7f57d408e000 r--s 00005000 08:02 4721452                    /home/jam/.grails/ivy-cache/org.slf4j/slf4j-api/jars/slf4j-api-1.6.2.jar
7f57d408e000-7f57d409b000 r--s 000b7000 08:02 4721450                    /home/jam/.grails/ivy-cache/org.grails/grails-web/jars/grails-web-2.1.1.jar
7f57d409b000-7f57d409e000 r--s 00026000 08:02 4721448                    /home/jam/.grails/ivy-cache/org.grails/grails-resources/jars/grails-resources-2.1.1.jar
7f57d409e000-7f57d40ac000 r--s 000b5000 08:02 4721446                    /home/jam/.grails/ivy-cache/org.grails/grails-core/jars/grails-core-2.1.1.jar
7f57d40ac000-7f57d40b7000 r--s 000fe000 08:02 4721444                    /home/jam/.grails/ivy-cache/org.grails/grails-scripts/jars/grails-scripts-2.1.1.jar
7f57d40b7000-7f57d40c0000 r--s 000a8000 08:02 4721442                    /home/jam/.grails/ivy-cache/org.grails/grails-bootstrap/jars/grails-bootstrap-2.1.1.jar
7f57d40c0000-7f57d40c3000 r--s 00044000 08:02 4721440                    /home/jam/.grails/ivy-cache/org.grails/grails-docs/jars/grails-docs-2.1.1.jar
7f57d40c3000-7f57d40c6000 r--s 00041000 08:02 4721438                    /home/jam/.grails/ivy-cache/xalan/serializer/jars/serializer-2.7.1.jar
7f57d40c6000-7f57d40c9000 r--s 000cf000 08:02 4721436                    /home/jam/.grails/ivy-cache/net.java.dev.jna/jna/jars/jna-3.2.3.jar
7f57d40c9000-7f57d40cb000 r--s 00008000 08:02 4721434                    /home/jam/.grails/ivy-cache/org.fusesource.jansi/jansi/jars/jansi-1.2.1.jar
7f57d40cb000-7f57d40da000 r--s 000d9000 08:02 4721424                    /home/jam/.grails/ivy-cache/org.apache.ivy/ivy/jars/ivy-2.2.0.jar
7f57d40da000-7f57d40dc000 r--s 00015000 08:02 4721422                    /home/jam/.grails/ivy-cache/jline/jline/jars/jline-1.0.jar
7f57d40dc000-7f57d4101000 r--s 00172000 08:02 4721397                    /home/jam/.grails/ivy-cache/org.bouncycastle/bcprov-jdk15/jars/bcprov-jdk15-1.45.jar
7f57d4101000-7f57d4161000 r--s 00d92000 08:02 18877160                   /usr/lib/jvm/java-6-openjdk-amd64/lib/tools.jar
7f57d4161000-7f57d4162000 ---p 00000000 00:00 0 
7f57d4162000-7f57d4262000 rw-p 00000000 00:00 0 
7f57d4262000-7f57d4265000 ---p 00000000 00:00 0 
7f57d4265000-7f57d4363000 rw-p 00000000 00:00 0 
7f57d4363000-7f57d4366000 ---p 00000000 00:00 0 
7f57d4366000-7f57d4464000 rw-p 00000000 00:00 0 
7f57d4464000-7f57d4467000 ---p 00000000 00:00 0 
7f57d4467000-7f57d4565000 rw-p 00000000 00:00 0 
7f57d4565000-7f57d4568000 ---p 00000000 00:00 0 
7f57d4568000-7f57d4666000 rw-p 00000000 00:00 0 
7f57d4666000-7f57d4669000 ---p 00000000 00:00 0 
7f57d4669000-7f57d4767000 rw-p 00000000 00:00 0 
7f57d4767000-7f57d476a000 ---p 00000000 00:00 0 
7f57d476a000-7f57d4868000 rw-p 00000000 00:00 0 
7f57d4868000-7f57d4869000 ---p 00000000 00:00 0 
7f57d4869000-7f57d4e6e000 rw-p 00000000 00:00 0 
7f57d4e6e000-7f57d5000000 r--s 037bf000 08:02 18616443                   /usr/lib/jvm/java-6-openjdk-amd64/jre/lib/rt.jar
7f57d5000000-7f57d5720000 rwxp 00000000 00:00 0 
7f57d5720000-7f57d8da9000 rw-p 00000000 00:00 0 
7f57d8da9000-7f57dc000000 ---p 00000000 00:00 0 
7f57dc001000-7f57dc004000 r--s 0001f000 08:02 4722015                    /home/jam/.grails/ivy-cache/commons-validator/commons-validator/jars/commons-validator-1.3.1.jar
7f57dc004000-7f57dc007000 r--s 00019000 08:02 4722013                    /home/jam/.grails/ivy-cache/commons-el/commons-el/jars/commons-el-1.0.jar
7f57dc007000-7f57dc00c000 r--s 00034000 08:02 4722011                    /home/jam/.grails/ivy-cache/commons-beanutils/commons-beanutils/jars/commons-beanutils-1.8.3.jar
7f57dc00c000-7f57dc011000 r--s 00024000 08:02 4721394                    /home/jam/.grails/ivy-cache/org.bouncycastle/bcpg-jdk15/jars/bcpg-jdk15-1.45.jar
7f57dc011000-7f57dc012000 r--s 00003000 08:02 4721392                    /home/jam/.grails/ivy-cache/com.googlecode.json-simple/json-simple/jars/json-simple-1.1.jar
7f57dc012000-7f57dc018000 r--s 00068000 08:02 4721389                    /home/jam/.grails/ivy-cache/com.google.protobuf/protobuf-java/jars/protobuf-java-2.4.1.jar
7f57dc018000-7f57dc01b000 r--s 0001a000 08:02 4721386                    /home/jam/.grails/ivy-cache/org.springframework.uaa/org.springframework.uaa.client/bundles/org.springframework.uaa.client-1.0.1.RELEASE.jar
7f57dc01b000-7f57dc020000 r--s 00050000 08:02 4587551                    /home/jam/Applications/grails-2.1.1/lib/org.codehaus.gant/gant_groovy1.8/jars/gant_groovy1.8-1.9.6.jar
7f57dc020000-7f57dc03e000 r--s 001bb000 08:02 15997849                   /home/jam/Applications/grails-2.1.1/lib/org.apache.ant/ant/jars/ant-1.8.2.jar
7f57dc03e000-7f57dc041000 r--s 0007d000 08:02 18489867                   /usr/lib/jvm/java-6-openjdk-common/jre/lib/jsse.jar
7f57dc041000-7f57dc048000 r--s 00067000 08:02 15730908                   /home/jam/Applications/grails-2.1.1/lib/com.springsource.springloaded/springloaded-core/jars/springloaded-core-1.0.6.jar
7f57dc048000-7f57dc051000 r--s 000a8000 08:02 15731003                   /home/jam/Applications/grails-2.1.1/dist/grails-bootstrap-2.1.1.jar
7f57dc051000-7f57dc0af000 r--s 00592000 08:02 4587821                    /home/jam/Applications/grails-2.1.1/lib/org.codehaus.groovy/groovy-all/jars/groovy-all-1.8.8.jar
7f57dc0af000-7f57dc10a000 rw-p 00000000 00:00 0 
7f57dc10a000-7f57dc10b000 ---p 00000000 00:00 0 
7f57dc10b000-7f57dc20b000 rw-p 00000000 00:00 0 
7f57dc20b000-7f57dc20c000 ---p 00000000 00:00 0 
7f57dc20c000-7f57dc30c000 rw-p 00000000 00:00 0 
7f57dc30c000-7f57dc30d000 ---p 00000000 00:00 0 
7f57dc30d000-7f57dc40d000 rw-p 00000000 00:00 0 
7f57dc40d000-7f57dc40e000 ---p 00000000 00:00 0 
7f57dc40e000-7f57dc70e000 rw-p 00000000 00:00 0 
7f57dc70e000-7f57dc88f000 rw-p 00000000 00:00 0 
7f57dc88f000-7f57dc896000 r-xp 00000000 08:02 18748006                   /usr/lib/jvm/java-6-openjdk-amd64/jre/lib/amd64/libzip.so
7f57dc896000-7f57dca95000 ---p 00007000 08:02 18748006                   /usr/lib/jvm/java-6-openjdk-amd64/jre/lib/amd64/libzip.so
7f57dca95000-7f57dca96000 r--p 00006000 08:02 18748006                   /usr/lib/jvm/java-6-openjdk-amd64/jre/lib/amd64/libzip.so
7f57dca96000-7f57dca97000 rw-p 00007000 08:02 18748006                   /usr/lib/jvm/java-6-openjdk-amd64/jre/lib/amd64/libzip.so
7f57dca97000-7f57dcaa3000 r-xp 00000000 08:02 16256549                   /lib/x86_64-linux-gnu/libnss_files-2.15.so
7f57dcaa3000-7f57dcca2000 ---p 0000c000 08:02 16256549                   /lib/x86_64-linux-gnu/libnss_files-2.15.so
7f57dcca2000-7f57dcca3000 r--p 0000b000 08:02 16256549                   /lib/x86_64-linux-gnu/libnss_files-2.15.so
7f57dcca3000-7f57dcca4000 rw-p 0000c000 08:02 16256549                   /lib/x86_64-linux-gnu/libnss_files-2.15.so
7f57dcca4000-7f57dccae000 r-xp 00000000 08:02 16256553                   /lib/x86_64-linux-gnu/libnss_nis-2.15.so
7f57dccae000-7f57dceae000 ---p 0000a000 08:02 16256553                   /lib/x86_64-linux-gnu/libnss_nis-2.15.so
7f57dceae000-7f57dceaf000 r--p 0000a000 08:02 16256553                   /lib/x86_64-linux-gnu/libnss_nis-2.15.so
7f57dceaf000-7f57dceb0000 rw-p 0000b000 08:02 16256553                   /lib/x86_64-linux-gnu/libnss_nis-2.15.so
7f57dceb0000-7f57dcec7000 r-xp 00000000 08:02 16256543                   /lib/x86_64-linux-gnu/libnsl-2.15.so
7f57dcec7000-7f57dd0c6000 ---p 00017000 08:02 16256543                   /lib/x86_64-linux-gnu/libnsl-2.15.so
7f57dd0c6000-7f57dd0c7000 r--p 00016000 08:02 16256543                   /lib/x86_64-linux-gnu/libnsl-2.15.so
7f57dd0c7000-7f57dd0c8000 rw-p 00017000 08:02 16256543                   /lib/x86_64-linux-gnu/libnsl-2.15.so
7f57dd0c8000-7f57dd0ca000 rw-p 00000000 00:00 0 
7f57dd0ca000-7f57dd0d2000 r-xp 00000000 08:02 16256545                   /lib/x86_64-linux-gnu/libnss_compat-2.15.so
7f57dd0d2000-7f57dd2d1000 ---p 00008000 08:02 16256545                   /lib/x86_64-linux-gnu/libnss_compat-2.15.so
7f57dd2d1000-7f57dd2d2000 r--p 00007000 08:02 16256545                   /lib/x86_64-linux-gnu/libnss_compat-2.15.so
7f57dd2d2000-7f57dd2d3000 rw-p 00008000 08:02 16256545                   /lib/x86_64-linux-gnu/libnss_compat-2.15.so
7f57dd2d3000-7f57dd2dc000 r-xp 00000000 08:02 18747976                   /usr/lib/jvm/java-6-openjdk-amd64/jre/lib/amd64/libinstrument.so
7f57dd2dc000-7f57dd4dc000 ---p 00009000 08:02 18747976                   /usr/lib/jvm/java-6-openjdk-amd64/jre/lib/amd64/libinstrument.so
7f57dd4dc000-7f57dd4dd000 r--p 00009000 08:02 18747976                   /usr/lib/jvm/java-6-openjdk-amd64/jre/lib/amd64/libinstrument.so
7f57dd4dd000-7f57dd4de000 rw-p 0000a000 08:02 18747976                   /usr/lib/jvm/java-6-openjdk-amd64/jre/lib/amd64/libinstrument.so
7f57dd4de000-7f57dd50a000 r-xp 00000000 08:02 18747994                   /usr/lib/jvm/java-6-openjdk-amd64/jre/lib/amd64/libjava.so
7f57dd50a000-7f57dd709000 ---p 0002c000 08:02 18747994                   /usr/lib/jvm/java-6-openjdk-amd64/jre/lib/amd64/libjava.so
7f57dd709000-7f57dd70a000 r--p 0002b000 08:02 18747994                   /usr/lib/jvm/java-6-openjdk-amd64/jre/lib/amd64/libjava.so
7f57dd70a000-7f57dd70d000 rw-p 0002c000 08:02 18747994                   /usr/lib/jvm/java-6-openjdk-amd64/jre/lib/amd64/libjava.so
7f57dd70d000-7f57dd71b000 r-xp 00000000 08:02 18747993                   /usr/lib/jvm/java-6-openjdk-amd64/jre/lib/amd64/libverify.so
7f57dd71b000-7f57dd91a000 ---p 0000e000 08:02 18747993                   /usr/lib/jvm/java-6-openjdk-amd64/jre/lib/amd64/libverify.so
7f57dd91a000-7f57dd91c000 r--p 0000d000 08:02 18747993                   /usr/lib/jvm/java-6-openjdk-amd64/jre/lib/amd64/libverify.so
7f57dd91c000-7f57dd91d000 rw-p 0000f000 08:02 18747993                   /usr/lib/jvm/java-6-openjdk-amd64/jre/lib/amd64/libverify.so
7f57dd91d000-7f57dd924000 r-xp 00000000 08:02 16256584                   /lib/x86_64-linux-gnu/librt-2.15.so
7f57dd924000-7f57ddb23000 ---p 00007000 08:02 16256584                   /lib/x86_64-linux-gnu/librt-2.15.so
7f57ddb23000-7f57ddb24000 r--p 00006000 08:02 16256584                   /lib/x86_64-linux-gnu/librt-2.15.so
7f57ddb24000-7f57ddb25000 rw-p 00007000 08:02 16256584                   /lib/x86_64-linux-gnu/librt-2.15.so
7f57ddb25000-7f57ddb3a000 r-xp 00000000 08:02 16256519                   /lib/x86_64-linux-gnu/libgcc_s.so.1
7f57ddb3a000-7f57ddd39000 ---p 00015000 08:02 16256519                   /lib/x86_64-linux-gnu/libgcc_s.so.1
7f57ddd39000-7f57ddd3a000 r--p 00014000 08:02 16256519                   /lib/x86_64-linux-gnu/libgcc_s.so.1
7f57ddd3a000-7f57ddd3b000 rw-p 00015000 08:02 16256519                   /lib/x86_64-linux-gnu/libgcc_s.so.1
7f57ddd3b000-7f57dde34000 r-xp 00000000 08:02 16256530                   /lib/x86_64-linux-gnu/libm-2.15.so
7f57dde34000-7f57de033000 ---p 000f9000 08:02 16256530                   /lib/x86_64-linux-gnu/libm-2.15.so
7f57de033000-7f57de034000 r--p 000f8000 08:02 16256530                   /lib/x86_64-linux-gnu/libm-2.15.so
7f57de034000-7f57de035000 rw-p 000f9000 08:02 16256530                   /lib/x86_64-linux-gnu/libm-2.15.so
7f57de035000-7f57de117000 r-xp 00000000 08:02 16129397                   /usr/lib/x86_64-linux-gnu/libstdc++.so.6.0.16
7f57de117000-7f57de316000 ---p 000e2000 08:02 16129397                   /usr/lib/x86_64-linux-gnu/libstdc++.so.6.0.16
7f57de316000-7f57de31e000 r--p 000e1000 08:02 16129397                   /usr/lib/x86_64-linux-gnu/libstdc++.so.6.0.16
7f57de31e000-7f57de320000 rw-p 000e9000 08:02 16129397                   /usr/lib/x86_64-linux-gnu/libstdc++.so.6.0.16
7f57de320000-7f57de335000 rw-p 00000000 00:00 0 
7f57de335000-7f57dec39000 r-xp 00000000 08:02 18877146                   /usr/lib/jvm/java-6-openjdk-amd64/jre/lib/amd64/server/libjvm.so
7f57dec39000-7f57dee39000 ---p 00904000 08:02 18877146                   /usr/lib/jvm/java-6-openjdk-amd64/jre/lib/amd64/server/libjvm.so
7f57dee39000-7f57deeb9000 r--p 00904000 08:02 18877146                   /usr/lib/jvm/java-6-openjdk-amd64/jre/lib/amd64/server/libjvm.so
7f57deeb9000-7f57deed4000 rw-p 00984000 08:02 18877146                   /usr/lib/jvm/java-6-openjdk-amd64/jre/lib/amd64/server/libjvm.so
7f57deed4000-7f57deefd000 rw-p 00000000 00:00 0 
7f57deefd000-7f57def13000 r-xp 00000000 08:02 16256609                   /lib/x86_64-linux-gnu/libz.so.1.2.3.4
7f57def13000-7f57df112000 ---p 00016000 08:02 16256609                   /lib/x86_64-linux-gnu/libz.so.1.2.3.4
7f57df112000-7f57df113000 r--p 00015000 08:02 16256609                   /lib/x86_64-linux-gnu/libz.so.1.2.3.4
7f57df113000-7f57df114000 rw-p 00016000 08:02 16256609                   /lib/x86_64-linux-gnu/libz.so.1.2.3.4
7f57df114000-7f57df2c7000 r-xp 00000000 08:02 16256498                   /lib/x86_64-linux-gnu/libc-2.15.so
7f57df2c7000-7f57df4c6000 ---p 001b3000 08:02 16256498                   /lib/x86_64-linux-gnu/libc-2.15.so
7f57df4c6000-7f57df4ca000 r--p 001b2000 08:02 16256498                   /lib/x86_64-linux-gnu/libc-2.15.so
7f57df4ca000-7f57df4cc000 rw-p 001b6000 08:02 16256498                   /lib/x86_64-linux-gnu/libc-2.15.so
7f57df4cc000-7f57df4d1000 rw-p 00000000 00:00 0 
7f57df4d1000-7f57df4d3000 r-xp 00000000 08:02 16256511                   /lib/x86_64-linux-gnu/libdl-2.15.so
7f57df4d3000-7f57df6d3000 ---p 00002000 08:02 16256511                   /lib/x86_64-linux-gnu/libdl-2.15.so
7f57df6d3000-7f57df6d4000 r--p 00002000 08:02 16256511                   /lib/x86_64-linux-gnu/libdl-2.15.so
7f57df6d4000-7f57df6d5000 rw-p 00003000 08:02 16256511                   /lib/x86_64-linux-gnu/libdl-2.15.so
7f57df6d5000-7f57df6d9000 r-xp 00000000 08:02 18747978                   /usr/lib/jvm/java-6-openjdk-amd64/jre/lib/amd64/jli/libjli.so
7f57df6d9000-7f57df8d8000 ---p 00004000 08:02 18747978                   /usr/lib/jvm/java-6-openjdk-amd64/jre/lib/amd64/jli/libjli.so
7f57df8d8000-7f57df8d9000 r--p 00003000 08:02 18747978                   /usr/lib/jvm/java-6-openjdk-amd64/jre/lib/amd64/jli/libjli.so
7f57df8d9000-7f57df8da000 rw-p 00004000 08:02 18747978                   /usr/lib/jvm/java-6-openjdk-amd64/jre/lib/amd64/jli/libjli.so
7f57df8da000-7f57df8f2000 r-xp 00000000 08:02 16256578                   /lib/x86_64-linux-gnu/libpthread-2.15.so
7f57df8f2000-7f57dfaf1000 ---p 00018000 08:02 16256578                   /lib/x86_64-linux-gnu/libpthread-2.15.so
7f57dfaf1000-7f57dfaf2000 r--p 00017000 08:02 16256578                   /lib/x86_64-linux-gnu/libpthread-2.15.so
7f57dfaf2000-7f57dfaf3000 rw-p 00018000 08:02 16256578                   /lib/x86_64-linux-gnu/libpthread-2.15.so
7f57dfaf3000-7f57dfaf7000 rw-p 00000000 00:00 0 
7f57dfaf7000-7f57dfb19000 r-xp 00000000 08:02 16256478                   /lib/x86_64-linux-gnu/ld-2.15.so
7f57dfb19000-7f57dfb28000 r--s 000d9000 08:02 3933556                    /home/jam/Applications/grails-2.1.1/lib/org.apache.ivy/ivy/jars/ivy-2.2.0.jar
7f57dfb28000-7f57dfb2a000 r--s 00009000 08:02 15730918                   /home/jam/Applications/grails-2.1.1/lib/commons-cli/commons-cli/jars/commons-cli-1.2.jar
7f57dfb2a000-7f57dfb2d000 r--s 000cf000 08:02 15997829                   /home/jam/Applications/grails-2.1.1/lib/net.java.dev.jna/jna/jars/jna-3.2.3.jar
7f57dfb2d000-7f57dfb2f000 r--s 00008000 08:02 4587896                    /home/jam/Applications/grails-2.1.1/lib/org.fusesource.jansi/jansi/jars/jansi-1.2.1.jar
7f57dfb2f000-7f57dfb31000 r--s 00015000 08:02 15862296                   /home/jam/Applications/grails-2.1.1/lib/jline/jline/jars/jline-1.0.jar
7f57dfb31000-7f57dfb4e000 rw-p 00000000 00:00 0 
7f57dfb4e000-7f57dfbf1000 rw-p 00000000 00:00 0 
7f57dfbf1000-7f57dfbf4000 ---p 00000000 00:00 0 
7f57dfbf4000-7f57dfcf7000 rw-p 00000000 00:00 0 
7f57dfcf7000-7f57dfcfe000 r--s 000fb000 08:02 18489889                   /usr/lib/jvm/java-6-openjdk-common/jre/lib/resources.jar
7f57dfcfe000-7f57dfd02000 r--s 00038000 08:02 18489882                   /usr/lib/jvm/java-6-openjdk-common/jre/lib/ext/sunpkcs11.jar
7f57dfd02000-7f57dfd05000 r--s 00031000 08:02 18489884                   /usr/lib/jvm/java-6-openjdk-common/jre/lib/ext/sunjce_provider.jar
7f57dfd05000-7f57dfd06000 r--s 00007000 08:02 16651090                   /usr/share/java/java-atk-wrapper.jar
7f57dfd06000-7f57dfd09000 r--s 00077000 08:02 18489883                   /usr/lib/jvm/java-6-openjdk-common/jre/lib/ext/localedata.jar
7f57dfd09000-7f57dfd0b000 r--s 00001000 08:02 18489885                   /usr/lib/jvm/java-6-openjdk-common/jre/lib/ext/dnsns.jar
7f57dfd0b000-7f57dfd0d000 r--s 0000f000 08:02 18489886                   /usr/lib/jvm/java-6-openjdk-common/jre/lib/ext/pulse-java.jar
7f57dfd0d000-7f57dfd15000 rw-s 00000000 08:02 8650860                    /tmp/hsperfdata_jam/7909
7f57dfd15000-7f57dfd16000 rw-p 00000000 00:00 0 
7f57dfd16000-7f57dfd17000 r--p 00000000 00:00 0 
7f57dfd17000-7f57dfd19000 rw-p 00000000 00:00 0 
7f57dfd19000-7f57dfd1a000 r--p 00022000 08:02 16256478                   /lib/x86_64-linux-gnu/ld-2.15.so
7f57dfd1a000-7f57dfd1c000 rw-p 00023000 08:02 16256478                   /lib/x86_64-linux-gnu/ld-2.15.so
7fff595bc000-7fff595dd000 rw-p 00000000 00:00 0                          [stack]
7fff595ff000-7fff59600000 r-xp 00000000 00:00 0                          [vdso]
ffffffffff600000-ffffffffff601000 r-xp 00000000 00:00 0                  [vsyscall]

VM Arguments:
jvm_args: -Xmx768M -Xms768M -XX:PermSize=256m -XX:MaxPermSize=256m -Dfile.encoding=UTF-8 -Dserver.port=8080 -Djline.WindowsTerminal.directConsole=false -javaagent:/home/jam/Applications/grails-2.1.1/lib/com.springsource.springloaded/springloaded-core/jars/springloaded-core-1.0.6.jar -Xverify:none -Dspringloaded=profile=grails;cacheDir=/home/jam/.grails/2.1.1/ -Dgrails.home=/home/jam/Applications/grails-2.1.1 -Dtools.jar=/usr/lib/jvm/default-java/lib/tools.jar 
java_command: org.codehaus.groovy.grails.cli.support.GrailsStarter --main org.codehaus.groovy.grails.cli.GrailsScriptRunner --conf /home/jam/Applications/grails-2.1.1/conf/groovy-starter.conf --classpath   run-app
Launcher Type: SUN_STANDARD

Environment Variables:
JAVA_HOME=/usr/lib/jvm/default-java
PATH=/usr/lib/lightdm/lightdm:/usr/local/sbin:/usr/local/bin:/usr/sbin:/usr/bin:/sbin:/bin:/usr/games
LD_LIBRARY_PATH=/usr/lib/jvm/java-6-openjdk-amd64/jre/lib/amd64/server:/usr/lib/jvm/java-6-openjdk-amd64/jre/lib/amd64:/usr/lib/jvm/java-6-openjdk-amd64/jre/../lib/amd64
SHELL=/bin/bash
DISPLAY=:0

Signal Handlers:
SIGSEGV: [libjvm.so+0x784310], sa_mask[0]=0x7ffbfeff, sa_flags=0x10000004
SIGBUS: [libjvm.so+0x784310], sa_mask[0]=0x7ffbfeff, sa_flags=0x10000004
SIGFPE: [libjvm.so+0x648580], sa_mask[0]=0x7ffbfeff, sa_flags=0x10000004
SIGPIPE: SIG_IGN, sa_mask[0]=0x00000000, sa_flags=0x00000000
SIGXFSZ: [libjvm.so+0x648580], sa_mask[0]=0x7ffbfeff, sa_flags=0x10000004
SIGILL: [libjvm.so+0x648580], sa_mask[0]=0x7ffbfeff, sa_flags=0x10000004
SIGUSR1: SIG_DFL, sa_mask[0]=0x00000000, sa_flags=0x00000000
SIGUSR2: [libjvm.so+0x648730], sa_mask[0]=0x00000004, sa_flags=0x10000004
SIGHUP: [libjvm.so+0x64b250], sa_mask[0]=0x7ffbfeff, sa_flags=0x10000004
SIGINT: SIG_IGN, sa_mask[0]=0x00000000, sa_flags=0x00000000
SIGTERM: [libjvm.so+0x64b250], sa_mask[0]=0x7ffbfeff, sa_flags=0x10000004
SIGQUIT: [libjvm.so+0x64b250], sa_mask[0]=0x7ffbfeff, sa_flags=0x10000004


---------------  S Y S T E M  ---------------

OS:Ubuntu 12.04 (precise)
uname:Linux 3.2.0-30-generic #48-Ubuntu SMP Fri Aug 24 16:52:48 UTC 2012 x86_64
libc:glibc 2.15 NPTL 2.15 
rlimit: STACK 8192k, CORE 0k, NPROC 59519, NOFILE 4096, AS infinity
load average:53.88 52.77 52.54

/proc/meminfo:
MemTotal:        7636272 kB
MemFree:         3638124 kB
Buffers:          144800 kB
Cached:          1192696 kB
SwapCached:            0 kB
Active:          2736480 kB
Inactive:         742016 kB
Active(anon):    2141820 kB
Inactive(anon):     8128 kB
Active(file):     594660 kB
Inactive(file):   733888 kB
Unevictable:         100 kB
Mlocked:             100 kB
SwapTotal:       7837776 kB
SwapFree:        7837776 kB
Dirty:              1008 kB
Writeback:             0 kB
AnonPages:       2134644 kB
Mapped:           271848 kB
Shmem:              8952 kB
Slab:             109812 kB
SReclaimable:      72268 kB
SUnreclaim:        37544 kB
KernelStack:        4992 kB
PageTables:        45632 kB
NFS_Unstable:          0 kB
Bounce:                0 kB
WritebackTmp:          0 kB
CommitLimit:    11655912 kB
Committed_AS:    4998784 kB
VmallocTotal:   34359738367 kB
VmallocUsed:      135768 kB
VmallocChunk:   34359600468 kB
HardwareCorrupted:     0 kB
AnonHugePages:         0 kB
HugePages_Total:       0
HugePages_Free:        0
HugePages_Rsvd:        0
HugePages_Surp:        0
Hugepagesize:       2048 kB
DirectMap4k:      294912 kB
DirectMap2M:     6502400 kB
DirectMap1G:     1048576 kB


CPU:total 4 (4 cores per cpu, 1 threads per core) family 18 model 1 stepping 0, cmov, cx8, fxsr, mmx, sse, sse2, sse3, popcnt, mmxext, 3dnowpref, lzcnt, sse4a

Memory: 4k page, physical 7636272k(3638124k free), swap 7837776k(7837776k free)

vm_info: OpenJDK 64-Bit Server VM (20.0-b12) for linux-amd64 JRE (1.6.0_24-b24), built on Sep  2 2012 19:50:47 by "buildd" with gcc 4.6.3

time: Fri Sep 14 22:38:49 2012
elapsed time: 41 seconds

