#
# A fatal error has been detected by the Java Runtime Environment:
#
#  Internal Error (classFileParser.cpp:3494), pid=7975, tid=139801161115392
#  Error: ShouldNotReachHere()
#
# JRE version: 6.0_24-b24
# Java VM: OpenJDK 64-Bit Server VM (20.0-b12 mixed mode linux-amd64 compressed oops)
# Derivative: IcedTea6 1.11.4
# Distribution: Ubuntu 12.04 LTS, package 6b24-1.11.4-1ubuntu0.12.04.1
# If you would like to submit a bug report, please include
# instructions how to reproduce the bug and visit:
#   https://bugs.launchpad.net/ubuntu/+source/openjdk-6/
#

---------------  T H R E A D  ---------------

Current thread (0x00007f259c001800):  JavaThread "localhost-startStop-1" daemon [_thread_in_vm, id=8028, stack(0x00007f25fe7c2000,0x00007f25fe8c3000)]

Stack: [0x00007f25fe7c2000,0x00007f25fe8c3000],  sp=0x00007f25fe8be250,  free space=1008k
Native frames: (J=compiled Java code, j=interpreted, Vv=VM code, C=native code)
V  [libjvm.so+0x7836d5]  VMError::report(outputStream*)+0x1255
V  [libjvm.so+0x783959]  VMError::report_and_die()+0x169
V  [libjvm.so+0x3bb18a]  report_vm_error(char const*, int, char const*, char const*)+0x4a
V  [libjvm.so+0x351555]  ClassFileParser::parseClassFile(symbolHandle, Handle, Handle, KlassHandle, GrowableArray<Handle>*, symbolHandle&, bool, Thread*)+0x1545
V  [libjvm.so+0x7194d7]  SystemDictionary::resolve_from_stream(symbolHandle, Handle, Handle, ClassFileStream*, bool, Thread*)+0xe7
V  [libjvm.so+0x4e5c40]  jvm_define_class_common(JNIEnv_*, char const*, _jobject*, signed char const*, int, _jobject*, char const*, unsigned char, Thread*)+0x220
V  [libjvm.so+0x4e6e89]  JVM_DefineClassWithSource+0xa9
C  [libjava.so+0x10f3a]  Java_java_lang_ClassLoader_defineClass1+0x29a
j  java.lang.ClassLoader.defineClass1(Ljava/lang/String;[BIILjava/security/ProtectionDomain;Ljava/lang/String;)Ljava/lang/Class;+0
j  java.lang.ClassLoader.defineClass(Ljava/lang/String;[BIILjava/security/ProtectionDomain;)Ljava/lang/Class;+30
j  java.security.SecureClassLoader.defineClass(Ljava/lang/String;[BIILjava/security/CodeSource;)Ljava/lang/Class;+27
j  java.net.URLClassLoader.defineClass(Ljava/lang/String;Lsun/misc/Resource;)Ljava/lang/Class;+253

Java frames: (J=compiled Java code, j=interpreted, Vv=VM code)
j  java.lang.ClassLoader.defineClass1(Ljava/lang/String;[BIILjava/security/ProtectionDomain;Ljava/lang/String;)Ljava/lang/Class;+0
j  java.lang.ClassLoader.defineClass(Ljava/lang/String;[BIILjava/security/ProtectionDomain;)Ljava/lang/Class;+30
j  java.security.SecureClassLoader.defineClass(Ljava/lang/String;[BIILjava/security/CodeSource;)Ljava/lang/Class;+27
j  java.net.URLClassLoader.defineClass(Ljava/lang/String;Lsun/misc/Resource;)Ljava/lang/Class;+253
J  java.net.URLClassLoader$1.run()Ljava/lang/Object;
v  ~StubRoutines::call_stub
J  java.security.AccessController.doPrivileged(Ljava/security/PrivilegedExceptionAction;Ljava/security/AccessControlContext;)Ljava/lang/Object;
J  java.net.URLClassLoader.findClass(Ljava/lang/String;)Ljava/lang/Class;
J  java.lang.ClassLoader.loadClass(Ljava/lang/String;Z)Ljava/lang/Class;
J  java.lang.ClassLoader.loadClass(Ljava/lang/String;)Ljava/lang/Class;
v  ~StubRoutines::call_stub
j  java.lang.Class.forName0(Ljava/lang/String;ZLjava/lang/ClassLoader;)Ljava/lang/Class;+0
j  java.lang.Class.forName(Ljava/lang/String;)Ljava/lang/Class;+5
j  BootStrap$_closure1.class$(Ljava/lang/String;)Ljava/lang/Class;+33
j  BootStrap$_closure1.$get$$class$org$greens$VoterContactManager$FloridaBootStrap()Ljava/lang/Class;+109
j  BootStrap$_closure1.doCall(Ljava/lang/Object;)Ljava/lang/Object;+182
v  ~StubRoutines::call_stub
j  sun.reflect.NativeMethodAccessorImpl.invoke0(Ljava/lang/reflect/Method;Ljava/lang/Object;[Ljava/lang/Object;)Ljava/lang/Object;+0
j  sun.reflect.NativeMethodAccessorImpl.invoke(Ljava/lang/Object;[Ljava/lang/Object;)Ljava/lang/Object;+87
J  java.lang.reflect.Method.invoke(Ljava/lang/Object;[Ljava/lang/Object;)Ljava/lang/Object;
J  com.springsource.loaded.ri.ReflectiveInterceptor.jlrMethodInvoke(Ljava/lang/reflect/Method;Ljava/lang/Object;[Ljava/lang/Object;)Ljava/lang/Object;
J  org.codehaus.groovy.reflection.CachedMethod.invoke(Ljava/lang/Object;[Ljava/lang/Object;)Ljava/lang/Object;
j  groovy.lang.MetaMethod.doMethodInvoke(Ljava/lang/Object;[Ljava/lang/Object;)Ljava/lang/Object;+9
j  groovy.lang.MetaClassImpl.invokeMethod(Ljava/lang/Class;Ljava/lang/Object;Ljava/lang/String;[Ljava/lang/Object;ZZ)Ljava/lang/Object;+1036
J  groovy.lang.ExpandoMetaClass.invokeMethod(Ljava/lang/Class;Ljava/lang/Object;Ljava/lang/String;[Ljava/lang/Object;ZZ)Ljava/lang/Object;
j  groovy.lang.MetaClassImpl.invokeMethod(Ljava/lang/Object;Ljava/lang/String;[Ljava/lang/Object;)Ljava/lang/Object;+10
j  groovy.lang.MetaClassImpl.invokeMethod(Ljava/lang/Class;Ljava/lang/Object;Ljava/lang/String;[Ljava/lang/Object;ZZ)Ljava/lang/Object;+278
J  groovy.lang.ExpandoMetaClass.invokeMethod(Ljava/lang/Class;Ljava/lang/Object;Ljava/lang/String;[Ljava/lang/Object;ZZ)Ljava/lang/Object;
j  groovy.lang.MetaClassImpl.invokeMethod(Ljava/lang/Object;Ljava/lang/String;[Ljava/lang/Object;)Ljava/lang/Object;+10
j  groovy.lang.Closure.call([Ljava/lang/Object;)Ljava/lang/Object;+8
j  groovy.lang.Closure.call()Ljava/lang/Object;+6
j  grails.util.Environment.evaluateEnvironmentSpecificBlock(Lgrails/util/Environment;Lgroovy/lang/Closure;)Lgrails/util/Environment$EnvironmentBlockEvaluator;+16
j  grails.util.Environment.executeForEnvironment(Lgrails/util/Environment;Lgroovy/lang/Closure;)Ljava/lang/Object;+8
j  grails.util.Environment.executeForCurrentEnvironment(Lgroovy/lang/Closure;)Ljava/lang/Object;+6
j  org.codehaus.groovy.grails.commons.DefaultGrailsBootstrapClass.callInit(Ljavax/servlet/ServletContext;)V+23
j  org.codehaus.groovy.grails.web.context.GrailsConfigUtils.executeGrailsBootstraps(Lorg/codehaus/groovy/grails/commons/GrailsApplication;Lorg/springframework/web/context/WebApplicationContext;Ljavax/servlet/ServletContext;)V+113
j  org.codehaus.groovy.grails.web.context.GrailsContextLoader.initWebApplicationContext(Ljavax/servlet/ServletContext;)Lorg/springframework/web/context/WebApplicationContext;+131
j  org.springframework.web.context.ContextLoaderListener.contextInitialized(Ljavax/servlet/ServletContextEvent;)V+28
j  org.apache.catalina.core.StandardContext.listenerStart()Z+530
j  org.apache.catalina.core.StandardContext.startInternal()V+1187
j  org.apache.catalina.util.LifecycleBase.start()V+210
j  org.apache.catalina.core.ContainerBase$StartChild.call()Ljava/lang/Void;+4
j  org.apache.catalina.core.ContainerBase$StartChild.call()Ljava/lang/Object;+1
j  java.util.concurrent.FutureTask$Sync.innerRun()V+29
j  java.util.concurrent.FutureTask.run()V+4
j  java.util.concurrent.ThreadPoolExecutor.runWorker(Ljava/util/concurrent/ThreadPoolExecutor$Worker;)V+46
j  java.util.concurrent.ThreadPoolExecutor$Worker.run()V+5
j  java.lang.Thread.run()V+11
v  ~StubRoutines::call_stub

---------------  P R O C E S S  ---------------

Java Threads: ( => current thread )
  0x00007f2584494000 JavaThread "net.sf.ehcache.CacheManager@e55bf9c" daemon [_thread_blocked, id=8030, stack(0x00007f25fe6c1000,0x00007f25fe7c2000)]
  0x00007f2584236000 JavaThread "Timer-1" daemon [_thread_blocked, id=8029, stack(0x00007f25ff6d6000,0x00007f25ff7d7000)]
=>0x00007f259c001800 JavaThread "localhost-startStop-1" daemon [_thread_in_vm, id=8028, stack(0x00007f25fe7c2000,0x00007f25fe8c3000)]
  0x00007f2608681800 JavaThread "Tomcat-startStop-1" daemon [_thread_blocked, id=8027, stack(0x00007f25fefcf000,0x00007f25ff0d0000)]
  0x00007f260896f000 JavaThread "pool-4-thread-5" [_thread_blocked, id=8026, stack(0x00007f25feaca000,0x00007f25febcb000)]
  0x00007f260896d000 JavaThread "pool-4-thread-4" [_thread_blocked, id=8025, stack(0x00007f25febcb000,0x00007f25feccc000)]
  0x00007f260896b000 JavaThread "pool-4-thread-3" [_thread_blocked, id=8024, stack(0x00007f25feccc000,0x00007f25fedcd000)]
  0x00007f2608969000 JavaThread "pool-4-thread-2" [_thread_blocked, id=8023, stack(0x00007f25fedcd000,0x00007f25feece000)]
  0x00007f2608967000 JavaThread "pool-4-thread-1" [_thread_blocked, id=8022, stack(0x00007f25feece000,0x00007f25fefcf000)]
  0x00007f260895e800 JavaThread "pool-3-thread-5" [_thread_blocked, id=8020, stack(0x00007f25ff0d0000,0x00007f25ff1d1000)]
  0x00007f260834d000 JavaThread "pool-3-thread-4" [_thread_blocked, id=8019, stack(0x00007f25ff1d1000,0x00007f25ff2d2000)]
  0x00007f2608b3d800 JavaThread "pool-3-thread-3" [_thread_blocked, id=8018, stack(0x00007f25ff2d2000,0x00007f25ff3d3000)]
  0x00007f2608a07800 JavaThread "pool-3-thread-2" [_thread_blocked, id=8017, stack(0x00007f25ff3d3000,0x00007f25ff4d4000)]
  0x00007f2608912800 JavaThread "pool-3-thread-1" [_thread_blocked, id=8016, stack(0x00007f25ff4d4000,0x00007f25ff5d5000)]
  0x00007f2608b89800 JavaThread "FileSystemWatcher: files=#254 cl=java.net.URLClassLoader@13ced821" daemon [_thread_blocked, id=8011, stack(0x00007f25ff5d5000,0x00007f25ff6d6000)]
  0x00007f2608b4c800 JavaThread "pool-2-thread-1" [_thread_blocked, id=8009, stack(0x00007f25ffdfe000,0x00007f25ffeff000)]
  0x00007f2608b35000 JavaThread "Synchronizer (Spring UAA/1.0.1)" daemon [_thread_blocked, id=8008, stack(0x00007f25ffeff000,0x00007f2600000000)]
  0x00007f2608a11800 JavaThread "Timer-0" daemon [_thread_blocked, id=8007, stack(0x00007f260ca45000,0x00007f260cb46000)]
  0x00007f26080e3800 JavaThread "Low Memory Detector" daemon [_thread_blocked, id=7998, stack(0x00007f260ce76000,0x00007f260cf77000)]
  0x00007f26080e9000 JavaThread "C2 CompilerThread1" daemon [_thread_in_native, id=7997, stack(0x00007f260cf77000,0x00007f260d078000)]
  0x00007f26080ea800 JavaThread "C2 CompilerThread0" daemon [_thread_in_native, id=7996, stack(0x00007f260d078000,0x00007f260d179000)]
  0x00007f260808c000 JavaThread "Signal Dispatcher" daemon [_thread_blocked, id=7995, stack(0x00007f260d1d7000,0x00007f260d2d8000)]
  0x00007f2608079800 JavaThread "Finalizer" daemon [_thread_blocked, id=7994, stack(0x00007f260dab3000,0x00007f260dbb4000)]
  0x00007f2608077800 JavaThread "Reference Handler" daemon [_thread_blocked, id=7993, stack(0x00007f260dbb4000,0x00007f260dcb5000)]
  0x00007f2608009800 JavaThread "main" [_thread_blocked, id=7987, stack(0x00007f2611f8f000,0x00007f2612090000)]

Other Threads:
  0x00007f2608071000 VMThread [stack: 0x00007f260dcb5000,0x00007f260ddb6000] [id=7992]
  0x00007f26080ed800 WatcherThread [stack: 0x00007f260cd75000,0x00007f260ce76000] [id=7999]

VM state:not at safepoint (normal execution)

VM Mutex/Monitor currently owned by a thread: None

Heap
 PSYoungGen      total 241088K, used 219908K [0x00000000f0000000, 0x0000000100000000, 0x0000000100000000)
  eden space 219264K, 99% used [0x00000000f0000000,0x00000000fd40f1f8,0x00000000fd620000)
  from space 21824K, 12% used [0x00000000feab0000,0x00000000fed620d0,0x0000000100000000)
  to   space 21056K, 0% used [0x00000000fd620000,0x00000000fd620000,0x00000000feab0000)
 PSOldGen        total 524288K, used 143438K [0x00000000d0000000, 0x00000000f0000000, 0x00000000f0000000)
  object space 524288K, 27% used [0x00000000d0000000,0x00000000d8c13b00,0x00000000f0000000)
 PSPermGen       total 262144K, used 89841K [0x00000000c0000000, 0x00000000d0000000, 0x00000000d0000000)
  object space 262144K, 34% used [0x00000000c0000000,0x00000000c57bc6c0,0x00000000d0000000)

Code Cache  [0x00007f2605000000, 0x00007f26056c0000, 0x00007f2608000000)
 total_blobs=2003 nmethods=1319 adapters=637 free_code_cache=43488192 largest_free_block=135424

Dynamic libraries:
00400000-00409000 r-xp 00000000 08:02 397963                             /usr/lib/jvm/java-6-openjdk-amd64/jre/bin/java
00608000-00609000 r--p 00008000 08:02 397963                             /usr/lib/jvm/java-6-openjdk-amd64/jre/bin/java
00609000-0060a000 rw-p 00009000 08:02 397963                             /usr/lib/jvm/java-6-openjdk-amd64/jre/bin/java
01386000-013a7000 rw-p 00000000 00:00 0                                  [heap]
c0000000-100000000 rw-p 00000000 00:00 0 
7f2578000000-7f2578021000 rw-p 00000000 00:00 0 
7f2578021000-7f257c000000 ---p 00000000 00:00 0 
7f2580000000-7f2580021000 rw-p 00000000 00:00 0 
7f2580021000-7f2584000000 ---p 00000000 00:00 0 
7f2584000000-7f25853dd000 rw-p 00000000 00:00 0 
7f25853dd000-7f2588000000 ---p 00000000 00:00 0 
7f2588000000-7f2588021000 rw-p 00000000 00:00 0 
7f2588021000-7f258c000000 ---p 00000000 00:00 0 
7f258c000000-7f258c021000 rw-p 00000000 00:00 0 
7f258c021000-7f2590000000 ---p 00000000 00:00 0 
7f2590000000-7f2590021000 rw-p 00000000 00:00 0 
7f2590021000-7f2594000000 ---p 00000000 00:00 0 
7f2594000000-7f2594021000 rw-p 00000000 00:00 0 
7f2594021000-7f2598000000 ---p 00000000 00:00 0 
7f2598000000-7f2598021000 rw-p 00000000 00:00 0 
7f2598021000-7f259c000000 ---p 00000000 00:00 0 
7f259c000000-7f259c021000 rw-p 00000000 00:00 0 
7f259c021000-7f25a0000000 ---p 00000000 00:00 0 
7f25a0000000-7f25a0021000 rw-p 00000000 00:00 0 
7f25a0021000-7f25a4000000 ---p 00000000 00:00 0 
7f25a4000000-7f25a4021000 rw-p 00000000 00:00 0 
7f25a4021000-7f25a8000000 ---p 00000000 00:00 0 
7f25a8000000-7f25a8021000 rw-p 00000000 00:00 0 
7f25a8021000-7f25ac000000 ---p 00000000 00:00 0 
7f25ac000000-7f25ac021000 rw-p 00000000 00:00 0 
7f25ac021000-7f25b0000000 ---p 00000000 00:00 0 
7f25b0000000-7f25b0021000 rw-p 00000000 00:00 0 
7f25b0021000-7f25b4000000 ---p 00000000 00:00 0 
7f25b4000000-7f25b4021000 rw-p 00000000 00:00 0 
7f25b4021000-7f25b8000000 ---p 00000000 00:00 0 
7f25b8000000-7f25b8021000 rw-p 00000000 00:00 0 
7f25b8021000-7f25bc000000 ---p 00000000 00:00 0 
7f25bc000000-7f25bc2af000 rw-p 00000000 00:00 0 
7f25bc2af000-7f25c0000000 ---p 00000000 00:00 0 
7f25c0000000-7f25c31b5000 rw-p 00000000 00:00 0 
7f25c31b5000-7f25c4000000 ---p 00000000 00:00 0 
7f25c4000000-7f25c5581000 rw-p 00000000 00:00 0 
7f25c5581000-7f25c8000000 ---p 00000000 00:00 0 
7f25c8000000-7f25c8021000 rw-p 00000000 00:00 0 
7f25c8021000-7f25cc000000 ---p 00000000 00:00 0 
7f25cc000000-7f25cc021000 rw-p 00000000 00:00 0 
7f25cc021000-7f25d0000000 ---p 00000000 00:00 0 
7f25d0000000-7f25d3ff9000 rw-p 00000000 00:00 0 
7f25d3ff9000-7f25d4000000 ---p 00000000 00:00 0 
7f25d4000000-7f25d4021000 rw-p 00000000 00:00 0 
7f25d4021000-7f25d8000000 ---p 00000000 00:00 0 
7f25d8000000-7f25d8021000 rw-p 00000000 00:00 0 
7f25d8021000-7f25dc000000 ---p 00000000 00:00 0 
7f25dc000000-7f25dfff3000 rw-p 00000000 00:00 0 
7f25dfff3000-7f25e0000000 ---p 00000000 00:00 0 
7f25e0000000-7f25e0021000 rw-p 00000000 00:00 0 
7f25e0021000-7f25e4000000 ---p 00000000 00:00 0 
7f25e4000000-7f25e4021000 rw-p 00000000 00:00 0 
7f25e4021000-7f25e8000000 ---p 00000000 00:00 0 
7f25e8000000-7f25e802a000 rw-p 00000000 00:00 0 
7f25e802a000-7f25ec000000 ---p 00000000 00:00 0 
7f25ec000000-7f25ec271000 rw-p 00000000 00:00 0 
7f25ec271000-7f25f0000000 ---p 00000000 00:00 0 
7f25f0000000-7f25f002e000 rw-p 00000000 00:00 0 
7f25f002e000-7f25f4000000 ---p 00000000 00:00 0 
7f25f8000000-7f25f8021000 rw-p 00000000 00:00 0 
7f25f8021000-7f25fc000000 ---p 00000000 00:00 0 
7f25fe5c0000-7f25fe5c3000 ---p 00000000 00:00 0 
7f25fe5c3000-7f25fe6c1000 rw-p 00000000 00:00 0 
7f25fe6c1000-7f25fe6c4000 ---p 00000000 00:00 0 
7f25fe6c4000-7f25fe7c2000 rw-p 00000000 00:00 0 
7f25fe7c2000-7f25fe7c5000 ---p 00000000 00:00 0 
7f25fe7c5000-7f25fe8c3000 rw-p 00000000 00:00 0 
7f25fe8c3000-7f25fe8c9000 r-xp 00000000 08:02 18747991                   /usr/lib/jvm/java-6-openjdk-amd64/jre/lib/amd64/libmanagement.so
7f25fe8c9000-7f25feac8000 ---p 00006000 08:02 18747991                   /usr/lib/jvm/java-6-openjdk-amd64/jre/lib/amd64/libmanagement.so
7f25feac8000-7f25feac9000 r--p 00005000 08:02 18747991                   /usr/lib/jvm/java-6-openjdk-amd64/jre/lib/amd64/libmanagement.so
7f25feac9000-7f25feaca000 rw-p 00006000 08:02 18747991                   /usr/lib/jvm/java-6-openjdk-amd64/jre/lib/amd64/libmanagement.so
7f25feaca000-7f25feacd000 ---p 00000000 00:00 0 
7f25feacd000-7f25febcb000 rw-p 00000000 00:00 0 
7f25febcb000-7f25febce000 ---p 00000000 00:00 0 
7f25febce000-7f25feccc000 rw-p 00000000 00:00 0 
7f25feccc000-7f25feccf000 ---p 00000000 00:00 0 
7f25feccf000-7f25fedcd000 rw-p 00000000 00:00 0 
7f25fedcd000-7f25fedd0000 ---p 00000000 00:00 0 
7f25fedd0000-7f25feece000 rw-p 00000000 00:00 0 
7f25feece000-7f25feed1000 ---p 00000000 00:00 0 
7f25feed1000-7f25fefcf000 rw-p 00000000 00:00 0 
7f25fefcf000-7f25fefd2000 ---p 00000000 00:00 0 
7f25fefd2000-7f25ff0d0000 rw-p 00000000 00:00 0 
7f25ff0d0000-7f25ff0d3000 ---p 00000000 00:00 0 
7f25ff0d3000-7f25ff1d1000 rw-p 00000000 00:00 0 
7f25ff1d1000-7f25ff1d4000 ---p 00000000 00:00 0 
7f25ff1d4000-7f25ff2d2000 rw-p 00000000 00:00 0 
7f25ff2d2000-7f25ff2d5000 ---p 00000000 00:00 0 
7f25ff2d5000-7f25ff3d3000 rw-p 00000000 00:00 0 
7f25ff3d3000-7f25ff3d6000 ---p 00000000 00:00 0 
7f25ff3d6000-7f25ff4d4000 rw-p 00000000 00:00 0 
7f25ff4d4000-7f25ff4d7000 ---p 00000000 00:00 0 
7f25ff4d7000-7f25ff5d5000 rw-p 00000000 00:00 0 
7f25ff5d5000-7f25ff5d8000 ---p 00000000 00:00 0 
7f25ff5d8000-7f25ff6d6000 rw-p 00000000 00:00 0 
7f25ff6d6000-7f25ff6d9000 ---p 00000000 00:00 0 
7f25ff6d9000-7f25ff7d7000 rw-p 00000000 00:00 0 
7f25ff7d7000-7f25ff7ef000 r-xp 00000000 08:02 16256582                   /lib/x86_64-linux-gnu/libresolv-2.15.so
7f25ff7ef000-7f25ff9ef000 ---p 00018000 08:02 16256582                   /lib/x86_64-linux-gnu/libresolv-2.15.so
7f25ff9ef000-7f25ff9f0000 r--p 00018000 08:02 16256582                   /lib/x86_64-linux-gnu/libresolv-2.15.so
7f25ff9f0000-7f25ff9f1000 rw-p 00019000 08:02 16256582                   /lib/x86_64-linux-gnu/libresolv-2.15.so
7f25ff9f1000-7f25ff9f3000 rw-p 00000000 00:00 0 
7f25ff9f3000-7f25ff9fa000 r-xp 00000000 08:02 16256547                   /lib/x86_64-linux-gnu/libnss_dns-2.15.so
7f25ff9fa000-7f25ffbf9000 ---p 00007000 08:02 16256547                   /lib/x86_64-linux-gnu/libnss_dns-2.15.so
7f25ffbf9000-7f25ffbfa000 r--p 00006000 08:02 16256547                   /lib/x86_64-linux-gnu/libnss_dns-2.15.so
7f25ffbfa000-7f25ffbfb000 rw-p 00007000 08:02 16256547                   /lib/x86_64-linux-gnu/libnss_dns-2.15.so
7f25ffbfb000-7f25ffbfd000 r-xp 00000000 08:02 16252982                   /lib/libnss_mdns4_minimal.so.2
7f25ffbfd000-7f25ffdfc000 ---p 00002000 08:02 16252982                   /lib/libnss_mdns4_minimal.so.2
7f25ffdfc000-7f25ffdfd000 r--p 00001000 08:02 16252982                   /lib/libnss_mdns4_minimal.so.2
7f25ffdfd000-7f25ffdfe000 rw-p 00002000 08:02 16252982                   /lib/libnss_mdns4_minimal.so.2
7f25ffdfe000-7f25ffe01000 ---p 00000000 00:00 0 
7f25ffe01000-7f25ffeff000 rw-p 00000000 00:00 0 
7f25ffeff000-7f25fff02000 ---p 00000000 00:00 0 
7f25fff02000-7f2600000000 rw-p 00000000 00:00 0 
7f2600000000-7f2600029000 rw-p 00000000 00:00 0 
7f2600029000-7f2604000000 ---p 00000000 00:00 0 
7f2604055000-7f26040b2000 r-xp 00000000 08:02 16651114                   /usr/lib/x86_64-linux-gnu/nss/libfreebl3.so
7f26040b2000-7f26042b1000 ---p 0005d000 08:02 16651114                   /usr/lib/x86_64-linux-gnu/nss/libfreebl3.so
7f26042b1000-7f26042b3000 r--p 0005c000 08:02 16651114                   /usr/lib/x86_64-linux-gnu/nss/libfreebl3.so
7f26042b3000-7f26042b4000 rw-p 0005e000 08:02 16651114                   /usr/lib/x86_64-linux-gnu/nss/libfreebl3.so
7f26042b4000-7f26042b8000 rw-p 00000000 00:00 0 
7f26042b8000-7f2604356000 r-xp 00000000 08:02 16131587                   /usr/lib/x86_64-linux-gnu/libsqlite3.so.0.8.6
7f2604356000-7f2604556000 ---p 0009e000 08:02 16131587                   /usr/lib/x86_64-linux-gnu/libsqlite3.so.0.8.6
7f2604556000-7f2604558000 r--p 0009e000 08:02 16131587                   /usr/lib/x86_64-linux-gnu/libsqlite3.so.0.8.6
7f2604558000-7f260455a000 rw-p 000a0000 08:02 16131587                   /usr/lib/x86_64-linux-gnu/libsqlite3.so.0.8.6
7f260455a000-7f260455b000 rw-p 00000000 00:00 0 
7f260455b000-7f2604594000 r-xp 00000000 08:02 16651117                   /usr/lib/x86_64-linux-gnu/nss/libsoftokn3.so
7f2604594000-7f2604793000 ---p 00039000 08:02 16651117                   /usr/lib/x86_64-linux-gnu/nss/libsoftokn3.so
7f2604793000-7f2604795000 r--p 00038000 08:02 16651117                   /usr/lib/x86_64-linux-gnu/nss/libsoftokn3.so
7f2604795000-7f2604796000 rw-p 0003a000 08:02 16651117                   /usr/lib/x86_64-linux-gnu/nss/libsoftokn3.so
7f2604796000-7f26047d0000 r-xp 00000000 08:02 16127779                   /usr/lib/x86_64-linux-gnu/libnspr4.so
7f26047d0000-7f26049cf000 ---p 0003a000 08:02 16127779                   /usr/lib/x86_64-linux-gnu/libnspr4.so
7f26049cf000-7f26049d0000 r--p 00039000 08:02 16127779                   /usr/lib/x86_64-linux-gnu/libnspr4.so
7f26049d0000-7f26049d2000 rw-p 0003a000 08:02 16127779                   /usr/lib/x86_64-linux-gnu/libnspr4.so
7f26049d2000-7f26049d4000 rw-p 00000000 00:00 0 
7f26049d4000-7f26049d7000 r-xp 00000000 08:02 16127775                   /usr/lib/x86_64-linux-gnu/libplds4.so
7f26049d7000-7f2604bd6000 ---p 00003000 08:02 16127775                   /usr/lib/x86_64-linux-gnu/libplds4.so
7f2604bd6000-7f2604bd7000 r--p 00002000 08:02 16127775                   /usr/lib/x86_64-linux-gnu/libplds4.so
7f2604bd7000-7f2604bd8000 rw-p 00003000 08:02 16127775                   /usr/lib/x86_64-linux-gnu/libplds4.so
7f2604bd8000-7f2604bdc000 r-xp 00000000 08:02 16127777                   /usr/lib/x86_64-linux-gnu/libplc4.so
7f2604bdc000-7f2604ddb000 ---p 00004000 08:02 16127777                   /usr/lib/x86_64-linux-gnu/libplc4.so
7f2604ddb000-7f2604ddc000 r--p 00003000 08:02 16127777                   /usr/lib/x86_64-linux-gnu/libplc4.so
7f2604ddc000-7f2604ddd000 rw-p 00004000 08:02 16127777                   /usr/lib/x86_64-linux-gnu/libplc4.so
7f2604ddd000-7f2604df9000 r-xp 00000000 08:02 16123808                   /usr/lib/x86_64-linux-gnu/libnssutil3.so
7f2604df9000-7f2604ff9000 ---p 0001c000 08:02 16123808                   /usr/lib/x86_64-linux-gnu/libnssutil3.so
7f2604ff9000-7f2604fff000 r--p 0001c000 08:02 16123808                   /usr/lib/x86_64-linux-gnu/libnssutil3.so
7f2604fff000-7f2605000000 rw-p 00022000 08:02 16123808                   /usr/lib/x86_64-linux-gnu/libnssutil3.so
7f2605000000-7f26056c0000 rwxp 00000000 00:00 0 
7f26056c0000-7f2608be5000 rw-p 00000000 00:00 0 
7f2608be5000-7f260c000000 ---p 00000000 00:00 0 
7f260c050000-7f260c14e000 r-xp 00000000 08:02 16122488                   /usr/lib/x86_64-linux-gnu/libnss3.so
7f260c14e000-7f260c34d000 ---p 000fe000 08:02 16122488                   /usr/lib/x86_64-linux-gnu/libnss3.so
7f260c34d000-7f260c352000 r--p 000fd000 08:02 16122488                   /usr/lib/x86_64-linux-gnu/libnss3.so
7f260c352000-7f260c354000 rw-p 00102000 08:02 16122488                   /usr/lib/x86_64-linux-gnu/libnss3.so
7f260c354000-7f260c356000 rw-p 00000000 00:00 0 
7f260c35a000-7f260c368000 r--s 00351000 08:02 18489869                   /usr/lib/jvm/java-6-openjdk-common/jre/lib/charsets.jar
7f260c368000-7f260c376000 r--s 00351000 08:02 18489869                   /usr/lib/jvm/java-6-openjdk-common/jre/lib/charsets.jar
7f260c376000-7f260c384000 r-xp 00000000 08:02 18747997                   /usr/lib/jvm/java-6-openjdk-amd64/jre/lib/amd64/libj2pkcs11.so
7f260c384000-7f260c584000 ---p 0000e000 08:02 18747997                   /usr/lib/jvm/java-6-openjdk-amd64/jre/lib/amd64/libj2pkcs11.so
7f260c584000-7f260c585000 r--p 0000e000 08:02 18747997                   /usr/lib/jvm/java-6-openjdk-amd64/jre/lib/amd64/libj2pkcs11.so
7f260c585000-7f260c586000 rw-p 0000f000 08:02 18747997                   /usr/lib/jvm/java-6-openjdk-amd64/jre/lib/amd64/libj2pkcs11.so
7f260c586000-7f260c588000 r--s 00013000 08:02 18489868                   /usr/lib/jvm/java-6-openjdk-common/jre/lib/jce.jar
7f260c595000-7f260c599000 r--s 0002f000 08:02 4722137                    /home/jam/.grails/ivy-cache/org.grails/grails-test/jars/grails-test-2.1.1.jar
7f260c599000-7f260c59f000 r--s 0006c000 08:02 4722135                    /home/jam/.grails/ivy-cache/org.grails/grails-plugin-testing/jars/grails-plugin-testing-2.1.1.jar
7f260c59f000-7f260c5a0000 r--s 00002000 08:02 5636284                    /home/jam/.grails/ivy-cache/org.hibernate/hibernate-ehcache/jars/hibernate-ehcache-3.6.10.Final.jar
7f260c5a0000-7f260c5a5000 r--s 00048000 08:02 5636282                    /home/jam/.grails/ivy-cache/dom4j/dom4j/jars/dom4j-1.6.1.jar
7f260c5a5000-7f260c5aa000 r--s 00068000 08:02 5636280                    /home/jam/.grails/ivy-cache/antlr/antlr/jars/antlr-2.7.7.jar
7f260c5aa000-7f260c5b3000 r--s 00098000 08:02 5636278                    /home/jam/.grails/ivy-cache/org.javassist/javassist/jars/javassist-3.16.1-GA.jar
7f260c5b3000-7f260c5b6000 r--s 00009000 08:02 5636286                    /home/jam/.grails/ivy-cache/javax.validation/validation-api/jars/validation-api-1.0.0.GA.jar
7f260c5b6000-7f260c5bd000 r--s 00040000 08:02 5636276                    /home/jam/.grails/ivy-cache/org.hibernate/hibernate-validator/jars/hibernate-validator-4.1.0.Final.jar
7f260c5bd000-7f260c5c0000 r--s 0000f000 08:02 5636274                    /home/jam/.grails/ivy-cache/org.hibernate/hibernate-commons-annotations/jars/hibernate-commons-annotations-3.2.0.Final.jar
7f260c5c0000-7f260c5f2000 r--s 002c9000 08:02 5636272                    /home/jam/.grails/ivy-cache/org.hibernate/hibernate-core/jars/hibernate-core-3.6.10.Final.jar
7f260c5f2000-7f260c603000 r--s 000d2000 08:02 5636617                    /home/jam/.grails/ivy-cache/org.liquibase/liquibase-core/jars/liquibase-core-2.0.5.jar
7f260c603000-7f260c60a000 r--s 000bd000 08:02 4722926                    /home/jam/.grails/ivy-cache/mysql/mysql-connector-java/jars/mysql-connector-java-5.1.20.jar
7f260c60a000-7f260c60c000 r--s 00000000 08:02 4722133                    /home/jam/.grails/ivy-cache/org.slf4j/jul-to-slf4j/jars/jul-to-slf4j-1.6.2.jar
7f260c60c000-7f260c60e000 r--s 00003000 08:02 4722131                    /home/jam/.grails/ivy-cache/org.slf4j/jcl-over-slf4j/jars/jcl-over-slf4j-1.6.2.jar
7f260c60e000-7f260c617000 r--s 0006d000 08:02 4722129                    /home/jam/.grails/ivy-cache/log4j/log4j/bundles/log4j-1.2.16.jar
7f260c617000-7f260c62c000 r--s 000e3000 08:02 4722127                    /home/jam/.grails/ivy-cache/net.sf.ehcache/ehcache-core/jars/ehcache-core-2.4.6.jar
7f260c62c000-7f260c62e000 r--s 00005000 08:02 4722125                    /home/jam/.grails/ivy-cache/xpp3/xpp3_min/jars/xpp3_min-1.1.4c.jar
7f260c62e000-7f260c630000 r--s 00004000 08:02 4722123                    /home/jam/.grails/ivy-cache/javax.servlet/jstl/jars/jstl-1.1.2.jar
7f260c630000-7f260c63a000 r--s 0012c000 08:02 4722121                    /home/jam/.grails/ivy-cache/com.h2database/h2/jars/h2-1.3.164.jar
7f260c63a000-7f260c63d000 r--s 00016000 08:02 4722119                    /home/jam/.grails/ivy-cache/commons-pool/commons-pool/jars/commons-pool-1.5.6.jar
7f260c63d000-7f260c640000 r--s 00025000 08:02 4722117                    /home/jam/.grails/ivy-cache/commons-dbcp/commons-dbcp/jars/commons-dbcp-1.4.jar
7f260c640000-7f260c642000 r--s 0000e000 08:02 4722115                    /home/jam/.grails/ivy-cache/oro/oro/jars/oro-2.0.8.jar
7f260c642000-7f260c644000 r--s 0000d000 08:02 4722113                    /home/jam/.grails/ivy-cache/commons-fileupload/commons-fileupload/jars/commons-fileupload-1.2.2.jar
7f260c644000-7f260c645000 r--s 0000a000 08:02 4722111                    /home/jam/.grails/ivy-cache/asm/asm/jars/asm-3.1.jar
7f260c645000-7f260c64c000 r--s 0003e000 08:02 4722109                    /home/jam/.grails/ivy-cache/cglib/cglib/jars/cglib-2.2.jar
7f260c64c000-7f260c650000 r--s 00019000 08:02 4722107                    /home/jam/.grails/ivy-cache/org.aspectj/aspectjrt/jars/aspectjrt-1.6.10.jar
7f260c650000-7f260c666000 r--s 00184000 08:02 4722105                    /home/jam/.grails/ivy-cache/org.aspectj/aspectjweaver/jars/aspectjweaver-1.6.10.jar
7f260c666000-7f260c66d000 r--s 00056000 08:02 4722103                    /home/jam/.grails/ivy-cache/org.grails/grails-datastore-simple/jars/grails-datastore-simple-1.1.0.RELEASE.jar
7f260c66d000-7f260c676000 r--s 00044000 08:02 4722101                    /home/jam/.grails/ivy-cache/org.grails/grails-datastore-core/jars/grails-datastore-core-1.1.0.RELEASE.jar
7f260c676000-7f260c67b000 r--s 0004c000 08:02 4722099                    /home/jam/.grails/ivy-cache/org.grails/grails-datastore-gorm/jars/grails-datastore-gorm-1.1.0.RELEASE.jar
7f260c67b000-7f260c686000 r--s 00082000 08:02 4722097                    /home/jam/.grails/ivy-cache/org.springframework/spring-webmvc/jars/spring-webmvc-3.1.2.RELEASE.jar
7f260c686000-7f260c692000 r--s 0007a000 08:02 4722095                    /home/jam/.grails/ivy-cache/org.springframework/spring-web/jars/spring-web-3.1.2.RELEASE.jar
7f260c692000-7f260c699000 r--s 00035000 08:02 4722093                    /home/jam/.grails/ivy-cache/org.springframework/spring-tx/jars/spring-tx-3.1.2.RELEASE.jar
7f260c699000-7f260c6a2000 r--s 00054000 08:02 4722091                    /home/jam/.grails/ivy-cache/org.springframework/spring-orm/jars/spring-orm-3.1.2.RELEASE.jar
7f260c6a2000-7f260c6a7000 r--s 0002c000 08:02 4722089                    /home/jam/.grails/ivy-cache/org.springframework/spring-jms/jars/spring-jms-3.1.2.RELEASE.jar
7f260c6a7000-7f260c6b1000 r--s 00059000 08:02 4722087                    /home/jam/.grails/ivy-cache/org.springframework/spring-jdbc/jars/spring-jdbc-3.1.2.RELEASE.jar
7f260c6b1000-7f260c6b5000 r--s 00027000 08:02 4722085                    /home/jam/.grails/ivy-cache/org.springframework/spring-expression/jars/spring-expression-3.1.2.RELEASE.jar
7f260c6b5000-7f260c6b8000 r--s 00018000 08:02 4722083                    /home/jam/.grails/ivy-cache/org.springframework/spring-context-support/jars/spring-context-support-3.1.2.RELEASE.jar
7f260c6b8000-7f260c6cd000 r--s 000b7000 08:02 4722081                    /home/jam/.grails/ivy-cache/org.springframework/spring-context/jars/spring-context-3.1.2.RELEASE.jar
7f260c6cd000-7f260c6d9000 r--s 00085000 08:02 4722079                    /home/jam/.grails/ivy-cache/org.springframework/spring-beans/jars/spring-beans-3.1.2.RELEASE.jar
7f260c6d9000-7f260c6da000 r--s 0000c000 08:02 4722077                    /home/jam/.grails/ivy-cache/org.springframework/spring-asm/jars/spring-asm-3.1.2.RELEASE.jar
7f260c6da000-7f260c6dc000 r--s 0000b000 08:02 4722075                    /home/jam/.grails/ivy-cache/org.springframework/spring-aspects/jars/spring-aspects-3.1.2.RELEASE.jar
7f260c6dc000-7f260c6e5000 r--s 00049000 08:02 4722073                    /home/jam/.grails/ivy-cache/org.springframework/spring-aop/jars/spring-aop-3.1.2.RELEASE.jar
7f260c6e5000-7f260c6ef000 r--s 00064000 08:02 4722071                    /home/jam/.grails/ivy-cache/org.springframework/spring-core/jars/spring-core-3.1.2.RELEASE.jar
7f260c6ef000-7f260c6f1000 r--s 00008000 08:02 4722069                    /home/jam/.grails/ivy-cache/org.grails/grails-plugin-validation/jars/grails-plugin-validation-2.1.1.jar
7f260c6f1000-7f260c6f4000 r--s 0001c000 08:02 4722067                    /home/jam/.grails/ivy-cache/org.grails/grails-plugin-url-mappings/jars/grails-plugin-url-mappings-2.1.1.jar
7f260c6f4000-7f260c6f6000 r--s 0000f000 08:02 4722065                    /home/jam/.grails/ivy-cache/org.grails/grails-plugin-mimetypes/jars/grails-plugin-mimetypes-2.1.1.jar
7f260c6f6000-7f260c6f8000 r--s 00005000 08:02 4722063                    /home/jam/.grails/ivy-cache/org.grails/grails-plugin-servlets/jars/grails-plugin-servlets-2.1.1.jar
7f260c6f8000-7f260c6f9000 r--s 00008000 08:02 4722061                    /home/jam/.grails/ivy-cache/org.grails/grails-plugin-services/jars/grails-plugin-services-2.1.1.jar
7f260c6f9000-7f260c6fb000 r--s 00006000 08:02 4722059                    /home/jam/.grails/ivy-cache/org.grails/grails-plugin-scaffolding/jars/grails-plugin-scaffolding-2.1.1.jar
7f260c6fb000-7f260c6fd000 r--s 0000e000 08:02 4722057                    /home/jam/.grails/ivy-cache/org.grails/grails-plugin-log4j/jars/grails-plugin-log4j-2.1.1.jar
7f260c6fd000-7f260c6ff000 r--s 00005000 08:02 4722055                    /home/jam/.grails/ivy-cache/org.grails/grails-plugin-i18n/jars/grails-plugin-i18n-2.1.1.jar
7f260c6ff000-7f260c706000 r--s 0006d000 08:02 4722053                    /home/jam/.grails/ivy-cache/org.grails/grails-plugin-gsp/jars/grails-plugin-gsp-2.1.1.jar
7f260c706000-7f260c708000 r--s 0000e000 08:02 4722051                    /home/jam/.grails/ivy-cache/org.grails/grails-plugin-filters/jars/grails-plugin-filters-2.1.1.jar
7f260c708000-7f260c70a000 r--s 00009000 08:02 4722049                    /home/jam/.grails/ivy-cache/org.grails/grails-plugin-datasource/jars/grails-plugin-datasource-2.1.1.jar
7f260c70a000-7f260c70e000 r--s 00024000 08:02 4722047                    /home/jam/.grails/ivy-cache/org.grails/grails-plugin-converters/jars/grails-plugin-converters-2.1.1.jar
7f260c70e000-7f260c711000 r--s 00019000 08:02 4722045                    /home/jam/.grails/ivy-cache/org.grails/grails-plugin-domain-class/jars/grails-plugin-domain-class-2.1.1.jar
7f260c711000-7f260c715000 r--s 00028000 08:02 4722043                    /home/jam/.grails/ivy-cache/org.grails/grails-plugin-controllers/jars/grails-plugin-controllers-2.1.1.jar
7f260c715000-7f260c717000 r--s 00015000 08:02 4722041                    /home/jam/.grails/ivy-cache/org.grails/grails-plugin-codecs/jars/grails-plugin-codecs-2.1.1.jar
7f260c717000-7f260c718000 r--s 00000000 08:02 4722039                    /home/jam/.grails/ivy-cache/org.grails/grails-logging/jars/grails-logging-2.1.1.jar
7f260c718000-7f260c71a000 r--s 00009000 08:02 4722037                    /home/jam/.grails/ivy-cache/org.grails/grails-spring/jars/grails-spring-2.1.1.jar
7f260c71a000-7f260c724000 r--s 0008a000 08:02 4722035                    /home/jam/.grails/ivy-cache/org.grails/grails-hibernate/jars/grails-hibernate-2.1.1.jar
7f260c724000-7f260c726000 r--s 00009000 08:02 4722033                    /home/jam/.grails/ivy-cache/org.grails/grails-crud/jars/grails-crud-2.1.1.jar
7f260c726000-7f260c72c000 r--s 00027000 08:02 4722031                    /home/jam/.grails/ivy-cache/opensymphony/sitemesh/jars/sitemesh-2.4.jar
7f260c72c000-7f260c731000 r--s 00015000 08:02 4722029                    /home/jam/.grails/ivy-cache/org.hibernate.javax.persistence/hibernate-jpa-2.0-api/jars/hibernate-jpa-2.0-api-1.0.1.Final.jar
7f260c731000-7f260c732000 r--s 00003000 08:02 4722027                    /home/jam/.grails/ivy-cache/javax.transaction/jta/jars/jta-1.1.jar
7f260c732000-7f260c737000 r--s 00041000 08:02 4722025                    /home/jam/.grails/ivy-cache/commons-lang/commons-lang/jars/commons-lang-2.6.jar
7f260c737000-7f260c73a000 r--s 00025000 08:02 4722023                    /home/jam/.grails/ivy-cache/commons-io/commons-io/jars/commons-io-2.1.jar
7f260c73a000-7f260c748000 r--s 0007f000 08:02 4722021                    /home/jam/.grails/ivy-cache/commons-collections/commons-collections/jars/commons-collections-3.2.1.jar
7f260c748000-7f260c74a000 r--s 00010000 08:02 4722019                    /home/jam/.grails/ivy-cache/commons-codec/commons-codec/jars/commons-codec-1.5.jar
7f260c74a000-7f260c74c000 r--s 00000000 08:02 4722017                    /home/jam/.grails/ivy-cache/aopalliance/aopalliance/jars/aopalliance-1.0.jar
7f260c74c000-7f260c74f000 r--s 0001f000 08:02 4722015                    /home/jam/.grails/ivy-cache/commons-validator/commons-validator/jars/commons-validator-1.3.1.jar
7f260c74f000-7f260c752000 r--s 00019000 08:02 4722013                    /home/jam/.grails/ivy-cache/commons-el/commons-el/jars/commons-el-1.0.jar
7f260c752000-7f260c757000 r--s 00034000 08:02 4722011                    /home/jam/.grails/ivy-cache/commons-beanutils/commons-beanutils/jars/commons-beanutils-1.8.3.jar
7f260c757000-7f260c7b5000 r--s 00592000 08:02 4722009                    /home/jam/.grails/ivy-cache/org.codehaus.groovy/groovy-all/jars/groovy-all-1.8.8.jar
7f260c7b5000-7f260c7b7000 r--s 0000d000 08:02 5508471                    /home/jam/.grails/ivy-cache/org.grails/grails-plugin-tomcat/jars/grails-plugin-tomcat-2.1.1.jar
7f260c7b7000-7f260c7c7000 r--s 0019c000 08:02 5508469                    /home/jam/.grails/ivy-cache/org.eclipse.jdt.core.compiler/ecj/jars/ecj-3.7.2.jar
7f260c7c7000-7f260c7c9000 r--s 00008000 08:02 5508467                    /home/jam/.grails/ivy-cache/org.apache.tomcat.embed/tomcat-embed-logging-juli/jars/tomcat-embed-logging-juli-7.0.30.jar
7f260c7c9000-7f260c7cb000 r--s 00013000 08:02 4721761                    /home/jam/.grails/ivy-cache/org.apache.tomcat.embed/tomcat-embed-logging-log4j/jars/tomcat-embed-logging-log4j-7.0.30.jar
7f260c7cb000-7f260c7d6000 r--s 000b6000 08:02 4721759                    /home/jam/.grails/ivy-cache/org.apache.tomcat.embed/tomcat-embed-jasper/jars/tomcat-embed-jasper-7.0.30.jar
7f260c7d6000-7f260c7f8000 r--s 00254000 08:02 4721757                    /home/jam/.grails/ivy-cache/org.apache.tomcat.embed/tomcat-embed-core/jars/tomcat-embed-core-7.0.30.jar
7f260c7f8000-7f260c7fa000 r--s 0000c000 08:02 5508465                    /home/jam/.grails/ivy-cache/org.apache.tomcat/tomcat-catalina-ant/jars/tomcat-catalina-ant-7.0.30.jar
7f260c7fa000-7f260c7fb000 r--s 00001000 08:02 4721467                    /home/jam/.grails/ivy-cache/org.apache.ant/ant-trax/jars/ant-trax-1.7.1.jar
7f260c7fb000-7f260c7fd000 r--s 00017000 08:02 4721465                    /home/jam/.grails/ivy-cache/org.apache.ant/ant-junit/jars/ant-junit-1.8.2.jar
7f260c7fd000-7f260c7ff000 r--s 00002000 08:02 4721463                    /home/jam/.grails/ivy-cache/org.apache.ant/ant-launcher/jars/ant-launcher-1.8.2.jar
7f260c7ff000-7f260c81d000 r--s 001bb000 08:02 4721461                    /home/jam/.grails/ivy-cache/org.apache.ant/ant/jars/ant-1.8.2.jar
7f260c81d000-7f260c824000 r--s 00037000 08:02 4721459                    /home/jam/.grails/ivy-cache/junit/junit/jars/junit-4.10.jar
7f260c824000-7f260c827000 r--s 0000b000 08:02 4721456                    /home/jam/.grails/ivy-cache/com.googlecode.concurrentlinkedhashmap/concurrentlinkedhashmap-lru/jars/concurrentlinkedhashmap-lru-1.2_jdk5.jar
7f260c827000-7f260c82d000 r--s 00033000 08:02 4721454                    /home/jam/.grails/ivy-cache/org.springframework/spring-test/jars/spring-test-3.1.2.RELEASE.jar
7f260c82d000-7f260c82f000 r--s 00005000 08:02 4721452                    /home/jam/.grails/ivy-cache/org.slf4j/slf4j-api/jars/slf4j-api-1.6.2.jar
7f260c82f000-7f260c844000 r-xp 00000000 08:02 18747986                   /usr/lib/jvm/java-6-openjdk-amd64/jre/lib/amd64/libnet.so
7f260c844000-7f260ca43000 ---p 00015000 08:02 18747986                   /usr/lib/jvm/java-6-openjdk-amd64/jre/lib/amd64/libnet.so
7f260ca43000-7f260ca44000 r--p 00014000 08:02 18747986                   /usr/lib/jvm/java-6-openjdk-amd64/jre/lib/amd64/libnet.so
7f260ca44000-7f260ca45000 rw-p 00015000 08:02 18747986                   /usr/lib/jvm/java-6-openjdk-amd64/jre/lib/amd64/libnet.so
7f260ca45000-7f260ca48000 ---p 00000000 00:00 0 
7f260ca48000-7f260cb46000 rw-p 00000000 00:00 0 
7f260cb46000-7f260cb53000 r--s 000b7000 08:02 4721450                    /home/jam/.grails/ivy-cache/org.grails/grails-web/jars/grails-web-2.1.1.jar
7f260cb53000-7f260cb56000 r--s 00026000 08:02 4721448                    /home/jam/.grails/ivy-cache/org.grails/grails-resources/jars/grails-resources-2.1.1.jar
7f260cb56000-7f260cb64000 r--s 000b5000 08:02 4721446                    /home/jam/.grails/ivy-cache/org.grails/grails-core/jars/grails-core-2.1.1.jar
7f260cb64000-7f260cb6f000 r--s 000fe000 08:02 4721444                    /home/jam/.grails/ivy-cache/org.grails/grails-scripts/jars/grails-scripts-2.1.1.jar
7f260cb6f000-7f260cb78000 r--s 000a8000 08:02 4721442                    /home/jam/.grails/ivy-cache/org.grails/grails-bootstrap/jars/grails-bootstrap-2.1.1.jar
7f260cb78000-7f260cb7b000 r--s 00044000 08:02 4721440                    /home/jam/.grails/ivy-cache/org.grails/grails-docs/jars/grails-docs-2.1.1.jar
7f260cb7b000-7f260cb7e000 r--s 00041000 08:02 4721438                    /home/jam/.grails/ivy-cache/xalan/serializer/jars/serializer-2.7.1.jar
7f260cb7e000-7f260cb81000 r--s 000cf000 08:02 4721436                    /home/jam/.grails/ivy-cache/net.java.dev.jna/jna/jars/jna-3.2.3.jar
7f260cb81000-7f260cb83000 r--s 00008000 08:02 4721434                    /home/jam/.grails/ivy-cache/org.fusesource.jansi/jansi/jars/jansi-1.2.1.jar
7f260cb83000-7f260cb92000 r--s 000d9000 08:02 4721424                    /home/jam/.grails/ivy-cache/org.apache.ivy/ivy/jars/ivy-2.2.0.jar
7f260cb92000-7f260cb94000 r--s 00015000 08:02 4721422                    /home/jam/.grails/ivy-cache/jline/jline/jars/jline-1.0.jar
7f260cb94000-7f260cbb9000 r--s 00172000 08:02 4721397                    /home/jam/.grails/ivy-cache/org.bouncycastle/bcprov-jdk15/jars/bcprov-jdk15-1.45.jar
7f260cbb9000-7f260cbbe000 r--s 00024000 08:02 4721394                    /home/jam/.grails/ivy-cache/org.bouncycastle/bcpg-jdk15/jars/bcpg-jdk15-1.45.jar
7f260cbbe000-7f260cbbf000 r--s 00003000 08:02 4721392                    /home/jam/.grails/ivy-cache/com.googlecode.json-simple/json-simple/jars/json-simple-1.1.jar
7f260cbbf000-7f260cbc5000 r--s 00068000 08:02 4721389                    /home/jam/.grails/ivy-cache/com.google.protobuf/protobuf-java/jars/protobuf-java-2.4.1.jar
7f260cbc5000-7f260cbc8000 r--s 0001a000 08:02 4721386                    /home/jam/.grails/ivy-cache/org.springframework.uaa/org.springframework.uaa.client/bundles/org.springframework.uaa.client-1.0.1.RELEASE.jar
7f260cbc8000-7f260cbdd000 r-xp 00000000 08:02 8650865                    /tmp/jna5786696441545446615.tmp
7f260cbdd000-7f260ccdc000 ---p 00015000 08:02 8650865                    /tmp/jna5786696441545446615.tmp
7f260ccdc000-7f260ccde000 rw-p 00014000 08:02 8650865                    /tmp/jna5786696441545446615.tmp
7f260ccde000-7f260cd3e000 r--s 00d92000 08:02 18877160                   /usr/lib/jvm/java-6-openjdk-amd64/lib/tools.jar
7f260cd3e000-7f260cd43000 r--s 00050000 08:02 4587551                    /home/jam/Applications/grails-2.1.1/lib/org.codehaus.gant/gant_groovy1.8/jars/gant_groovy1.8-1.9.6.jar
7f260cd43000-7f260cd61000 r--s 001bb000 08:02 15997849                   /home/jam/Applications/grails-2.1.1/lib/org.apache.ant/ant/jars/ant-1.8.2.jar
7f260cd61000-7f260cd70000 r--s 000d9000 08:02 3933556                    /home/jam/Applications/grails-2.1.1/lib/org.apache.ivy/ivy/jars/ivy-2.2.0.jar
7f260cd70000-7f260cd72000 r--s 00009000 08:02 15730918                   /home/jam/Applications/grails-2.1.1/lib/commons-cli/commons-cli/jars/commons-cli-1.2.jar
7f260cd72000-7f260cd75000 r--s 000cf000 08:02 15997829                   /home/jam/Applications/grails-2.1.1/lib/net.java.dev.jna/jna/jars/jna-3.2.3.jar
7f260cd75000-7f260cd76000 ---p 00000000 00:00 0 
7f260cd76000-7f260ce76000 rw-p 00000000 00:00 0 
7f260ce76000-7f260ce79000 ---p 00000000 00:00 0 
7f260ce79000-7f260cf77000 rw-p 00000000 00:00 0 
7f260cf77000-7f260cf7a000 ---p 00000000 00:00 0 
7f260cf7a000-7f260d078000 rw-p 00000000 00:00 0 
7f260d078000-7f260d07b000 ---p 00000000 00:00 0 
7f260d07b000-7f260d179000 rw-p 00000000 00:00 0 
7f260d179000-7f260d1d7000 r--s 00592000 08:02 4587821                    /home/jam/Applications/grails-2.1.1/lib/org.codehaus.groovy/groovy-all/jars/groovy-all-1.8.8.jar
7f260d1d7000-7f260d1da000 ---p 00000000 00:00 0 
7f260d1da000-7f260d2d8000 rw-p 00000000 00:00 0 
7f260d2d8000-7f260dab3000 r--p 00000000 08:02 16128286                   /usr/lib/locale/locale-archive
7f260dab3000-7f260dab6000 ---p 00000000 00:00 0 
7f260dab6000-7f260dbb4000 rw-p 00000000 00:00 0 
7f260dbb4000-7f260dbb7000 ---p 00000000 00:00 0 
7f260dbb7000-7f260dcb5000 rw-p 00000000 00:00 0 
7f260dcb5000-7f260dcb6000 ---p 00000000 00:00 0 
7f260dcb6000-7f260e2ee000 rw-p 00000000 00:00 0 
7f260e2ee000-7f260e480000 r--s 037bf000 08:02 18616443                   /usr/lib/jvm/java-6-openjdk-amd64/jre/lib/rt.jar
7f260e480000-7f260e4a8000 rw-p 00000000 00:00 0 
7f260e4a8000-7f260e4a9000 ---p 00000000 00:00 0 
7f260e4a9000-7f260e5a9000 rw-p 00000000 00:00 0 
7f260e5a9000-7f260e5aa000 ---p 00000000 00:00 0 
7f260e5aa000-7f260e6aa000 rw-p 00000000 00:00 0 
7f260e6aa000-7f260e6ab000 ---p 00000000 00:00 0 
7f260e6ab000-7f260e7ab000 rw-p 00000000 00:00 0 
7f260e7ab000-7f260e7ac000 ---p 00000000 00:00 0 
7f260e7ac000-7f260eaac000 rw-p 00000000 00:00 0 
7f260eaac000-7f260ec2d000 rw-p 00000000 00:00 0 
7f260ec2d000-7f260ec34000 r-xp 00000000 08:02 18748006                   /usr/lib/jvm/java-6-openjdk-amd64/jre/lib/amd64/libzip.so
7f260ec34000-7f260ee33000 ---p 00007000 08:02 18748006                   /usr/lib/jvm/java-6-openjdk-amd64/jre/lib/amd64/libzip.so
7f260ee33000-7f260ee34000 r--p 00006000 08:02 18748006                   /usr/lib/jvm/java-6-openjdk-amd64/jre/lib/amd64/libzip.so
7f260ee34000-7f260ee35000 rw-p 00007000 08:02 18748006                   /usr/lib/jvm/java-6-openjdk-amd64/jre/lib/amd64/libzip.so
7f260ee35000-7f260ee41000 r-xp 00000000 08:02 16256549                   /lib/x86_64-linux-gnu/libnss_files-2.15.so
7f260ee41000-7f260f040000 ---p 0000c000 08:02 16256549                   /lib/x86_64-linux-gnu/libnss_files-2.15.so
7f260f040000-7f260f041000 r--p 0000b000 08:02 16256549                   /lib/x86_64-linux-gnu/libnss_files-2.15.so
7f260f041000-7f260f042000 rw-p 0000c000 08:02 16256549                   /lib/x86_64-linux-gnu/libnss_files-2.15.so
7f260f042000-7f260f04c000 r-xp 00000000 08:02 16256553                   /lib/x86_64-linux-gnu/libnss_nis-2.15.so
7f260f04c000-7f260f24c000 ---p 0000a000 08:02 16256553                   /lib/x86_64-linux-gnu/libnss_nis-2.15.so
7f260f24c000-7f260f24d000 r--p 0000a000 08:02 16256553                   /lib/x86_64-linux-gnu/libnss_nis-2.15.so
7f260f24d000-7f260f24e000 rw-p 0000b000 08:02 16256553                   /lib/x86_64-linux-gnu/libnss_nis-2.15.so
7f260f24e000-7f260f265000 r-xp 00000000 08:02 16256543                   /lib/x86_64-linux-gnu/libnsl-2.15.so
7f260f265000-7f260f464000 ---p 00017000 08:02 16256543                   /lib/x86_64-linux-gnu/libnsl-2.15.so
7f260f464000-7f260f465000 r--p 00016000 08:02 16256543                   /lib/x86_64-linux-gnu/libnsl-2.15.so
7f260f465000-7f260f466000 rw-p 00017000 08:02 16256543                   /lib/x86_64-linux-gnu/libnsl-2.15.so
7f260f466000-7f260f468000 rw-p 00000000 00:00 0 
7f260f468000-7f260f470000 r-xp 00000000 08:02 16256545                   /lib/x86_64-linux-gnu/libnss_compat-2.15.so
7f260f470000-7f260f66f000 ---p 00008000 08:02 16256545                   /lib/x86_64-linux-gnu/libnss_compat-2.15.so
7f260f66f000-7f260f670000 r--p 00007000 08:02 16256545                   /lib/x86_64-linux-gnu/libnss_compat-2.15.so
7f260f670000-7f260f671000 rw-p 00008000 08:02 16256545                   /lib/x86_64-linux-gnu/libnss_compat-2.15.so
7f260f671000-7f260f67a000 r-xp 00000000 08:02 18747976                   /usr/lib/jvm/java-6-openjdk-amd64/jre/lib/amd64/libinstrument.so
7f260f67a000-7f260f87a000 ---p 00009000 08:02 18747976                   /usr/lib/jvm/java-6-openjdk-amd64/jre/lib/amd64/libinstrument.so
7f260f87a000-7f260f87b000 r--p 00009000 08:02 18747976                   /usr/lib/jvm/java-6-openjdk-amd64/jre/lib/amd64/libinstrument.so
7f260f87b000-7f260f87c000 rw-p 0000a000 08:02 18747976                   /usr/lib/jvm/java-6-openjdk-amd64/jre/lib/amd64/libinstrument.so
7f260f87c000-7f260f8a8000 r-xp 00000000 08:02 18747994                   /usr/lib/jvm/java-6-openjdk-amd64/jre/lib/amd64/libjava.so
7f260f8a8000-7f260faa7000 ---p 0002c000 08:02 18747994                   /usr/lib/jvm/java-6-openjdk-amd64/jre/lib/amd64/libjava.so
7f260faa7000-7f260faa8000 r--p 0002b000 08:02 18747994                   /usr/lib/jvm/java-6-openjdk-amd64/jre/lib/amd64/libjava.so
7f260faa8000-7f260faab000 rw-p 0002c000 08:02 18747994                   /usr/lib/jvm/java-6-openjdk-amd64/jre/lib/amd64/libjava.so
7f260faab000-7f260fab9000 r-xp 00000000 08:02 18747993                   /usr/lib/jvm/java-6-openjdk-amd64/jre/lib/amd64/libverify.so
7f260fab9000-7f260fcb8000 ---p 0000e000 08:02 18747993                   /usr/lib/jvm/java-6-openjdk-amd64/jre/lib/amd64/libverify.so
7f260fcb8000-7f260fcba000 r--p 0000d000 08:02 18747993                   /usr/lib/jvm/java-6-openjdk-amd64/jre/lib/amd64/libverify.so
7f260fcba000-7f260fcbb000 rw-p 0000f000 08:02 18747993                   /usr/lib/jvm/java-6-openjdk-amd64/jre/lib/amd64/libverify.so
7f260fcbb000-7f260fcc2000 r-xp 00000000 08:02 16256584                   /lib/x86_64-linux-gnu/librt-2.15.so
7f260fcc2000-7f260fec1000 ---p 00007000 08:02 16256584                   /lib/x86_64-linux-gnu/librt-2.15.so
7f260fec1000-7f260fec2000 r--p 00006000 08:02 16256584                   /lib/x86_64-linux-gnu/librt-2.15.so
7f260fec2000-7f260fec3000 rw-p 00007000 08:02 16256584                   /lib/x86_64-linux-gnu/librt-2.15.so
7f260fec3000-7f260fed8000 r-xp 00000000 08:02 16256519                   /lib/x86_64-linux-gnu/libgcc_s.so.1
7f260fed8000-7f26100d7000 ---p 00015000 08:02 16256519                   /lib/x86_64-linux-gnu/libgcc_s.so.1
7f26100d7000-7f26100d8000 r--p 00014000 08:02 16256519                   /lib/x86_64-linux-gnu/libgcc_s.so.1
7f26100d8000-7f26100d9000 rw-p 00015000 08:02 16256519                   /lib/x86_64-linux-gnu/libgcc_s.so.1
7f26100d9000-7f26101d2000 r-xp 00000000 08:02 16256530                   /lib/x86_64-linux-gnu/libm-2.15.so
7f26101d2000-7f26103d1000 ---p 000f9000 08:02 16256530                   /lib/x86_64-linux-gnu/libm-2.15.so
7f26103d1000-7f26103d2000 r--p 000f8000 08:02 16256530                   /lib/x86_64-linux-gnu/libm-2.15.so
7f26103d2000-7f26103d3000 rw-p 000f9000 08:02 16256530                   /lib/x86_64-linux-gnu/libm-2.15.so
7f26103d3000-7f26104b5000 r-xp 00000000 08:02 16129397                   /usr/lib/x86_64-linux-gnu/libstdc++.so.6.0.16
7f26104b5000-7f26106b4000 ---p 000e2000 08:02 16129397                   /usr/lib/x86_64-linux-gnu/libstdc++.so.6.0.16
7f26106b4000-7f26106bc000 r--p 000e1000 08:02 16129397                   /usr/lib/x86_64-linux-gnu/libstdc++.so.6.0.16
7f26106bc000-7f26106be000 rw-p 000e9000 08:02 16129397                   /usr/lib/x86_64-linux-gnu/libstdc++.so.6.0.16
7f26106be000-7f26106d3000 rw-p 00000000 00:00 0 
7f26106d3000-7f2610fd7000 r-xp 00000000 08:02 18877146                   /usr/lib/jvm/java-6-openjdk-amd64/jre/lib/amd64/server/libjvm.so
7f2610fd7000-7f26111d7000 ---p 00904000 08:02 18877146                   /usr/lib/jvm/java-6-openjdk-amd64/jre/lib/amd64/server/libjvm.so
7f26111d7000-7f2611257000 r--p 00904000 08:02 18877146                   /usr/lib/jvm/java-6-openjdk-amd64/jre/lib/amd64/server/libjvm.so
7f2611257000-7f2611272000 rw-p 00984000 08:02 18877146                   /usr/lib/jvm/java-6-openjdk-amd64/jre/lib/amd64/server/libjvm.so
7f2611272000-7f261129b000 rw-p 00000000 00:00 0 
7f261129b000-7f26112b1000 r-xp 00000000 08:02 16256609                   /lib/x86_64-linux-gnu/libz.so.1.2.3.4
7f26112b1000-7f26114b0000 ---p 00016000 08:02 16256609                   /lib/x86_64-linux-gnu/libz.so.1.2.3.4
7f26114b0000-7f26114b1000 r--p 00015000 08:02 16256609                   /lib/x86_64-linux-gnu/libz.so.1.2.3.4
7f26114b1000-7f26114b2000 rw-p 00016000 08:02 16256609                   /lib/x86_64-linux-gnu/libz.so.1.2.3.4
7f26114b2000-7f2611665000 r-xp 00000000 08:02 16256498                   /lib/x86_64-linux-gnu/libc-2.15.so
7f2611665000-7f2611864000 ---p 001b3000 08:02 16256498                   /lib/x86_64-linux-gnu/libc-2.15.so
7f2611864000-7f2611868000 r--p 001b2000 08:02 16256498                   /lib/x86_64-linux-gnu/libc-2.15.so
7f2611868000-7f261186a000 rw-p 001b6000 08:02 16256498                   /lib/x86_64-linux-gnu/libc-2.15.so
7f261186a000-7f261186f000 rw-p 00000000 00:00 0 
7f261186f000-7f2611871000 r-xp 00000000 08:02 16256511                   /lib/x86_64-linux-gnu/libdl-2.15.so
7f2611871000-7f2611a71000 ---p 00002000 08:02 16256511                   /lib/x86_64-linux-gnu/libdl-2.15.so
7f2611a71000-7f2611a72000 r--p 00002000 08:02 16256511                   /lib/x86_64-linux-gnu/libdl-2.15.so
7f2611a72000-7f2611a73000 rw-p 00003000 08:02 16256511                   /lib/x86_64-linux-gnu/libdl-2.15.so
7f2611a73000-7f2611a77000 r-xp 00000000 08:02 18747978                   /usr/lib/jvm/java-6-openjdk-amd64/jre/lib/amd64/jli/libjli.so
7f2611a77000-7f2611c76000 ---p 00004000 08:02 18747978                   /usr/lib/jvm/java-6-openjdk-amd64/jre/lib/amd64/jli/libjli.so
7f2611c76000-7f2611c77000 r--p 00003000 08:02 18747978                   /usr/lib/jvm/java-6-openjdk-amd64/jre/lib/amd64/jli/libjli.so
7f2611c77000-7f2611c78000 rw-p 00004000 08:02 18747978                   /usr/lib/jvm/java-6-openjdk-amd64/jre/lib/amd64/jli/libjli.so
7f2611c78000-7f2611c90000 r-xp 00000000 08:02 16256578                   /lib/x86_64-linux-gnu/libpthread-2.15.so
7f2611c90000-7f2611e8f000 ---p 00018000 08:02 16256578                   /lib/x86_64-linux-gnu/libpthread-2.15.so
7f2611e8f000-7f2611e90000 r--p 00017000 08:02 16256578                   /lib/x86_64-linux-gnu/libpthread-2.15.so
7f2611e90000-7f2611e91000 rw-p 00018000 08:02 16256578                   /lib/x86_64-linux-gnu/libpthread-2.15.so
7f2611e91000-7f2611e95000 rw-p 00000000 00:00 0 
7f2611e95000-7f2611eb7000 r-xp 00000000 08:02 16256478                   /lib/x86_64-linux-gnu/ld-2.15.so
7f2611eb8000-7f2611ebf000 r--s 000fb000 08:02 18489889                   /usr/lib/jvm/java-6-openjdk-common/jre/lib/resources.jar
7f2611ebf000-7f2611ec6000 r--s 00067000 08:02 15730908                   /home/jam/Applications/grails-2.1.1/lib/com.springsource.springloaded/springloaded-core/jars/springloaded-core-1.0.6.jar
7f2611ec6000-7f2611ecf000 r--s 000a8000 08:02 15731003                   /home/jam/Applications/grails-2.1.1/dist/grails-bootstrap-2.1.1.jar
7f2611ecf000-7f2611eea000 rw-p 00000000 00:00 0 
7f2611eea000-7f2611f8f000 rw-p 00000000 00:00 0 
7f2611f8f000-7f2611f92000 ---p 00000000 00:00 0 
7f2611f92000-7f2612095000 rw-p 00000000 00:00 0 
7f2612095000-7f2612097000 r--s 00008000 08:02 4587896                    /home/jam/Applications/grails-2.1.1/lib/org.fusesource.jansi/jansi/jars/jansi-1.2.1.jar
7f2612097000-7f2612099000 r--s 00015000 08:02 15862296                   /home/jam/Applications/grails-2.1.1/lib/jline/jline/jars/jline-1.0.jar
7f2612099000-7f261209c000 r--s 0007d000 08:02 18489867                   /usr/lib/jvm/java-6-openjdk-common/jre/lib/jsse.jar
7f261209c000-7f26120a0000 r--s 00038000 08:02 18489882                   /usr/lib/jvm/java-6-openjdk-common/jre/lib/ext/sunpkcs11.jar
7f26120a0000-7f26120a3000 r--s 00031000 08:02 18489884                   /usr/lib/jvm/java-6-openjdk-common/jre/lib/ext/sunjce_provider.jar
7f26120a3000-7f26120a4000 r--s 00007000 08:02 16651090                   /usr/share/java/java-atk-wrapper.jar
7f26120a4000-7f26120a7000 r--s 00077000 08:02 18489883                   /usr/lib/jvm/java-6-openjdk-common/jre/lib/ext/localedata.jar
7f26120a7000-7f26120a9000 r--s 00001000 08:02 18489885                   /usr/lib/jvm/java-6-openjdk-common/jre/lib/ext/dnsns.jar
7f26120a9000-7f26120ab000 r--s 0000f000 08:02 18489886                   /usr/lib/jvm/java-6-openjdk-common/jre/lib/ext/pulse-java.jar
7f26120ab000-7f26120b3000 rw-s 00000000 08:02 8650860                    /tmp/hsperfdata_jam/7975
7f26120b3000-7f26120b4000 rw-p 00000000 00:00 0 
7f26120b4000-7f26120b5000 r--p 00000000 00:00 0 
7f26120b5000-7f26120b7000 rw-p 00000000 00:00 0 
7f26120b7000-7f26120b8000 r--p 00022000 08:02 16256478                   /lib/x86_64-linux-gnu/ld-2.15.so
7f26120b8000-7f26120ba000 rw-p 00023000 08:02 16256478                   /lib/x86_64-linux-gnu/ld-2.15.so
7fff70a84000-7fff70aa5000 rw-p 00000000 00:00 0                          [stack]
7fff70bff000-7fff70c00000 r-xp 00000000 00:00 0                          [vdso]
ffffffffff600000-ffffffffff601000 r-xp 00000000 00:00 0                  [vsyscall]

VM Arguments:
jvm_args: -Xmx768M -Xms768M -XX:PermSize=256m -XX:MaxPermSize=256m -Dfile.encoding=UTF-8 -Dserver.port=8080 -Djline.WindowsTerminal.directConsole=false -javaagent:/home/jam/Applications/grails-2.1.1/lib/com.springsource.springloaded/springloaded-core/jars/springloaded-core-1.0.6.jar -Xverify:none -Dspringloaded=profile=grails;cacheDir=/home/jam/.grails/2.1.1/ -Dgrails.home=/home/jam/Applications/grails-2.1.1 -Dtools.jar=/usr/lib/jvm/default-java/lib/tools.jar 
java_command: org.codehaus.groovy.grails.cli.support.GrailsStarter --main org.codehaus.groovy.grails.cli.GrailsScriptRunner --conf /home/jam/Applications/grails-2.1.1/conf/groovy-starter.conf --classpath   run-app
Launcher Type: SUN_STANDARD

Environment Variables:
JAVA_HOME=/usr/lib/jvm/default-java
PATH=/usr/lib/lightdm/lightdm:/usr/local/sbin:/usr/local/bin:/usr/sbin:/usr/bin:/sbin:/bin:/usr/games
LD_LIBRARY_PATH=/usr/lib/jvm/java-6-openjdk-amd64/jre/lib/amd64/server:/usr/lib/jvm/java-6-openjdk-amd64/jre/lib/amd64:/usr/lib/jvm/java-6-openjdk-amd64/jre/../lib/amd64
SHELL=/bin/bash
DISPLAY=:0

Signal Handlers:
SIGSEGV: [libjvm.so+0x784310], sa_mask[0]=0x7ffbfeff, sa_flags=0x10000004
SIGBUS: [libjvm.so+0x784310], sa_mask[0]=0x7ffbfeff, sa_flags=0x10000004
SIGFPE: [libjvm.so+0x648580], sa_mask[0]=0x7ffbfeff, sa_flags=0x10000004
SIGPIPE: SIG_IGN, sa_mask[0]=0x00000000, sa_flags=0x00000000
SIGXFSZ: [libjvm.so+0x648580], sa_mask[0]=0x7ffbfeff, sa_flags=0x10000004
SIGILL: [libjvm.so+0x648580], sa_mask[0]=0x7ffbfeff, sa_flags=0x10000004
SIGUSR1: SIG_DFL, sa_mask[0]=0x00000000, sa_flags=0x00000000
SIGUSR2: [libjvm.so+0x648730], sa_mask[0]=0x00000004, sa_flags=0x10000004
SIGHUP: [libjvm.so+0x64b250], sa_mask[0]=0x7ffbfeff, sa_flags=0x10000004
SIGINT: SIG_IGN, sa_mask[0]=0x00000000, sa_flags=0x00000000
SIGTERM: [libjvm.so+0x64b250], sa_mask[0]=0x7ffbfeff, sa_flags=0x10000004
SIGQUIT: [libjvm.so+0x64b250], sa_mask[0]=0x7ffbfeff, sa_flags=0x10000004


---------------  S Y S T E M  ---------------

OS:Ubuntu 12.04 (precise)
uname:Linux 3.2.0-30-generic #48-Ubuntu SMP Fri Aug 24 16:52:48 UTC 2012 x86_64
libc:glibc 2.15 NPTL 2.15 
rlimit: STACK 8192k, CORE 0k, NPROC 59519, NOFILE 4096, AS infinity
load average:53.86 52.94 52.61

/proc/meminfo:
MemTotal:        7636272 kB
MemFree:         3649632 kB
Buffers:          144992 kB
Cached:          1194428 kB
SwapCached:            0 kB
Active:          2723748 kB
Inactive:         743160 kB
Active(anon):    2128312 kB
Inactive(anon):     8992 kB
Active(file):     595436 kB
Inactive(file):   734168 kB
Unevictable:         100 kB
Mlocked:             100 kB
SwapTotal:       7837776 kB
SwapFree:        7837776 kB
Dirty:               588 kB
Writeback:             0 kB
AnonPages:       2121200 kB
Mapped:           272712 kB
Shmem:              9816 kB
Slab:             109892 kB
SReclaimable:      72292 kB
SUnreclaim:        37600 kB
KernelStack:        4952 kB
PageTables:        45668 kB
NFS_Unstable:          0 kB
Bounce:                0 kB
WritebackTmp:          0 kB
CommitLimit:    11655912 kB
Committed_AS:    4998332 kB
VmallocTotal:   34359738367 kB
VmallocUsed:      135768 kB
VmallocChunk:   34359600468 kB
HardwareCorrupted:     0 kB
AnonHugePages:         0 kB
HugePages_Total:       0
HugePages_Free:        0
HugePages_Rsvd:        0
HugePages_Surp:        0
Hugepagesize:       2048 kB
DirectMap4k:      294912 kB
DirectMap2M:     6502400 kB
DirectMap1G:     1048576 kB


CPU:total 4 (4 cores per cpu, 1 threads per core) family 18 model 1 stepping 0, cmov, cx8, fxsr, mmx, sse, sse2, sse3, popcnt, mmxext, 3dnowpref, lzcnt, sse4a

Memory: 4k page, physical 7636272k(3649632k free), swap 7837776k(7837776k free)

vm_info: OpenJDK 64-Bit Server VM (20.0-b12) for linux-amd64 JRE (1.6.0_24-b24), built on Sep  2 2012 19:50:47 by "buildd" with gcc 4.6.3

time: Fri Sep 14 22:39:55 2012
elapsed time: 40 seconds

